[1.014s] DEBUG:colcon:Command line arguments: ['/usr/bin/colcon', 'build', '--packages-select', 'buffalo_robot']
[1.015s] DEBUG:colcon:Parsed command line arguments: Namespace(allow_overriding=[], ament_cmake_args=None, base_paths=['.'], build_base='build', catkin_cmake_args=None, catkin_skip_building_tests=False, cmake_args=None, cmake_clean_cache=False, cmake_clean_first=False, cmake_force_configure=False, cmake_target=None, cmake_target_skip_unavailable=False, continue_on_error=False, event_handlers=None, executor='parallel', ignore_user_meta=False, install_base='install', log_base=None, log_level=None, main=<bound method BuildVerb.main of <colcon_core.verb.build.BuildVerb object at 0xffffa8705880>>, merge_install=False, metas=['./colcon.meta'], mixin=None, mixin_files=None, mixin_verb=('build',), packages_above=None, packages_above_and_dependencies=None, packages_above_depth=None, packages_end=None, packages_ignore=None, packages_ignore_regex=None, packages_select=['buffalo_robot'], packages_select_build_failed=False, packages_select_by_dep=None, packages_select_regex=None, packages_select_test_failures=False, packages_skip=None, packages_skip_build_finished=False, packages_skip_by_dep=None, packages_skip_regex=None, packages_skip_test_passed=False, packages_skip_up_to=None, packages_start=None, packages_up_to=None, packages_up_to_regex=None, parallel_workers=8, paths=None, symlink_install=False, test_result_base=None, verb_extension=<colcon_core.verb.build.BuildVerb object at 0xffffa8705880>, verb_name='build', verb_parser=<colcon_mixin.mixin.mixin_argument.MixinArgumentDecorator object at 0xffffa8705e80>)
[1.191s] Level 1:colcon.colcon_core.package_discovery:discover_packages(colcon_meta) check parameters
[1.191s] Level 1:colcon.colcon_core.package_discovery:discover_packages(recursive) check parameters
[1.191s] Level 1:colcon.colcon_core.package_discovery:discover_packages(ignore) check parameters
[1.191s] Level 1:colcon.colcon_core.package_discovery:discover_packages(path) check parameters
[1.191s] Level 1:colcon.colcon_core.package_discovery:discover_packages(colcon_meta) discover
[1.192s] Level 1:colcon.colcon_core.package_discovery:discover_packages(recursive) discover
[1.192s] INFO:colcon.colcon_core.package_discovery:Crawling recursively for packages in '/home/jsagx-6/itc01_ws'
[1.193s] Level 1:colcon.colcon_core.package_identification:_identify(.) by extensions ['ignore', 'ignore_ament_install']
[1.193s] Level 1:colcon.colcon_core.package_identification:_identify(.) by extension 'ignore'
[1.193s] Level 1:colcon.colcon_core.package_identification:_identify(.) by extension 'ignore_ament_install'
[1.193s] Level 1:colcon.colcon_core.package_identification:_identify(.) by extensions ['colcon_pkg']
[1.194s] Level 1:colcon.colcon_core.package_identification:_identify(.) by extension 'colcon_pkg'
[1.194s] Level 1:colcon.colcon_core.package_identification:_identify(.) by extensions ['colcon_meta']
[1.194s] Level 1:colcon.colcon_core.package_identification:_identify(.) by extension 'colcon_meta'
[1.194s] Level 1:colcon.colcon_core.package_identification:_identify(.) by extensions ['ros']
[1.194s] Level 1:colcon.colcon_core.package_identification:_identify(.) by extension 'ros'
[1.253s] Level 1:colcon.colcon_core.package_identification:_identify(.) by extensions ['cmake', 'python']
[1.254s] Level 1:colcon.colcon_core.package_identification:_identify(.) by extension 'cmake'
[1.254s] Level 1:colcon.colcon_core.package_identification:_identify(.) by extension 'python'
[1.254s] Level 1:colcon.colcon_core.package_identification:_identify(.) by extensions ['python_setup_py']
[1.254s] Level 1:colcon.colcon_core.package_identification:_identify(.) by extension 'python_setup_py'
[1.255s] Level 1:colcon.colcon_core.package_identification:_identify(build) by extensions ['ignore', 'ignore_ament_install']
[1.255s] Level 1:colcon.colcon_core.package_identification:_identify(build) by extension 'ignore'
[1.255s] Level 1:colcon.colcon_core.package_identification:_identify(build) ignored
[1.256s] Level 1:colcon.colcon_core.package_identification:_identify(install) by extensions ['ignore', 'ignore_ament_install']
[1.256s] Level 1:colcon.colcon_core.package_identification:_identify(install) by extension 'ignore'
[1.256s] Level 1:colcon.colcon_core.package_identification:_identify(install) ignored
[1.257s] Level 1:colcon.colcon_core.package_identification:_identify(log) by extensions ['ignore', 'ignore_ament_install']
[1.258s] Level 1:colcon.colcon_core.package_identification:_identify(log) by extension 'ignore'
[1.258s] Level 1:colcon.colcon_core.package_identification:_identify(log) ignored
[1.258s] Level 1:colcon.colcon_core.package_identification:_identify(src) by extensions ['ignore', 'ignore_ament_install']
[1.258s] Level 1:colcon.colcon_core.package_identification:_identify(src) by extension 'ignore'
[1.259s] Level 1:colcon.colcon_core.package_identification:_identify(src) by extension 'ignore_ament_install'
[1.259s] Level 1:colcon.colcon_core.package_identification:_identify(src) by extensions ['colcon_pkg']
[1.259s] Level 1:colcon.colcon_core.package_identification:_identify(src) by extension 'colcon_pkg'
[1.259s] Level 1:colcon.colcon_core.package_identification:_identify(src) by extensions ['colcon_meta']
[1.259s] Level 1:colcon.colcon_core.package_identification:_identify(src) by extension 'colcon_meta'
[1.259s] Level 1:colcon.colcon_core.package_identification:_identify(src) by extensions ['ros']
[1.259s] Level 1:colcon.colcon_core.package_identification:_identify(src) by extension 'ros'
[1.260s] Level 1:colcon.colcon_core.package_identification:_identify(src) by extensions ['cmake', 'python']
[1.260s] Level 1:colcon.colcon_core.package_identification:_identify(src) by extension 'cmake'
[1.260s] Level 1:colcon.colcon_core.package_identification:_identify(src) by extension 'python'
[1.260s] Level 1:colcon.colcon_core.package_identification:_identify(src) by extensions ['python_setup_py']
[1.260s] Level 1:colcon.colcon_core.package_identification:_identify(src) by extension 'python_setup_py'
[1.261s] Level 1:colcon.colcon_core.package_identification:_identify(src/itc01_mr2) by extensions ['ignore', 'ignore_ament_install']
[1.261s] Level 1:colcon.colcon_core.package_identification:_identify(src/itc01_mr2) by extension 'ignore'
[1.261s] Level 1:colcon.colcon_core.package_identification:_identify(src/itc01_mr2) by extension 'ignore_ament_install'
[1.261s] Level 1:colcon.colcon_core.package_identification:_identify(src/itc01_mr2) by extensions ['colcon_pkg']
[1.261s] Level 1:colcon.colcon_core.package_identification:_identify(src/itc01_mr2) by extension 'colcon_pkg'
[1.261s] Level 1:colcon.colcon_core.package_identification:_identify(src/itc01_mr2) by extensions ['colcon_meta']
[1.262s] Level 1:colcon.colcon_core.package_identification:_identify(src/itc01_mr2) by extension 'colcon_meta'
[1.262s] Level 1:colcon.colcon_core.package_identification:_identify(src/itc01_mr2) by extensions ['ros']
[1.262s] Level 1:colcon.colcon_core.package_identification:_identify(src/itc01_mr2) by extension 'ros'
[1.262s] Level 1:colcon.colcon_core.package_identification:_identify(src/itc01_mr2) by extensions ['cmake', 'python']
[1.263s] Level 1:colcon.colcon_core.package_identification:_identify(src/itc01_mr2) by extension 'cmake'
[1.263s] Level 1:colcon.colcon_core.package_identification:_identify(src/itc01_mr2) by extension 'python'
[1.264s] Level 1:colcon.colcon_core.package_identification:_identify(src/itc01_mr2) by extensions ['python_setup_py']
[1.264s] Level 1:colcon.colcon_core.package_identification:_identify(src/itc01_mr2) by extension 'python_setup_py'
[1.264s] Level 1:colcon.colcon_core.package_identification:_identify(src/itc01_mr2/buffalo_robot) by extensions ['ignore', 'ignore_ament_install']
[1.265s] Level 1:colcon.colcon_core.package_identification:_identify(src/itc01_mr2/buffalo_robot) by extension 'ignore'
[1.265s] Level 1:colcon.colcon_core.package_identification:_identify(src/itc01_mr2/buffalo_robot) by extension 'ignore_ament_install'
[1.265s] Level 1:colcon.colcon_core.package_identification:_identify(src/itc01_mr2/buffalo_robot) by extensions ['colcon_pkg']
[1.265s] Level 1:colcon.colcon_core.package_identification:_identify(src/itc01_mr2/buffalo_robot) by extension 'colcon_pkg'
[1.265s] Level 1:colcon.colcon_core.package_identification:_identify(src/itc01_mr2/buffalo_robot) by extensions ['colcon_meta']
[1.265s] Level 1:colcon.colcon_core.package_identification:_identify(src/itc01_mr2/buffalo_robot) by extension 'colcon_meta'
[1.266s] Level 1:colcon.colcon_core.package_identification:_identify(src/itc01_mr2/buffalo_robot) by extensions ['ros']
[1.266s] Level 1:colcon.colcon_core.package_identification:_identify(src/itc01_mr2/buffalo_robot) by extension 'ros'
[1.274s] DEBUG:colcon.colcon_core.package_identification:Package 'src/itc01_mr2/buffalo_robot' with type 'ros.ament_python' and name 'buffalo_robot'
[1.275s] Level 1:colcon.colcon_core.package_identification:_identify(src/itc01_mr2/mr2_realsense) by extensions ['ignore', 'ignore_ament_install']
[1.276s] Level 1:colcon.colcon_core.package_identification:_identify(src/itc01_mr2/mr2_realsense) by extension 'ignore'
[1.276s] Level 1:colcon.colcon_core.package_identification:_identify(src/itc01_mr2/mr2_realsense) by extension 'ignore_ament_install'
[1.277s] Level 1:colcon.colcon_core.package_identification:_identify(src/itc01_mr2/mr2_realsense) by extensions ['colcon_pkg']
[1.277s] Level 1:colcon.colcon_core.package_identification:_identify(src/itc01_mr2/mr2_realsense) by extension 'colcon_pkg'
[1.277s] Level 1:colcon.colcon_core.package_identification:_identify(src/itc01_mr2/mr2_realsense) by extensions ['colcon_meta']
[1.277s] Level 1:colcon.colcon_core.package_identification:_identify(src/itc01_mr2/mr2_realsense) by extension 'colcon_meta'
[1.277s] Level 1:colcon.colcon_core.package_identification:_identify(src/itc01_mr2/mr2_realsense) by extensions ['ros']
[1.277s] Level 1:colcon.colcon_core.package_identification:_identify(src/itc01_mr2/mr2_realsense) by extension 'ros'
[1.281s] DEBUG:colcon.colcon_core.package_identification:Package 'src/itc01_mr2/mr2_realsense' with type 'ros.ament_python' and name 'mr2_realsense'
[1.282s] Level 1:colcon.colcon_core.package_identification:_identify(src/itc01_mr2/yolobot_recognition) by extensions ['ignore', 'ignore_ament_install']
[1.283s] Level 1:colcon.colcon_core.package_identification:_identify(src/itc01_mr2/yolobot_recognition) by extension 'ignore'
[1.283s] Level 1:colcon.colcon_core.package_identification:_identify(src/itc01_mr2/yolobot_recognition) by extension 'ignore_ament_install'
[1.283s] Level 1:colcon.colcon_core.package_identification:_identify(src/itc01_mr2/yolobot_recognition) by extensions ['colcon_pkg']
[1.284s] Level 1:colcon.colcon_core.package_identification:_identify(src/itc01_mr2/yolobot_recognition) by extension 'colcon_pkg'
[1.284s] Level 1:colcon.colcon_core.package_identification:_identify(src/itc01_mr2/yolobot_recognition) by extensions ['colcon_meta']
[1.284s] Level 1:colcon.colcon_core.package_identification:_identify(src/itc01_mr2/yolobot_recognition) by extension 'colcon_meta'
[1.284s] Level 1:colcon.colcon_core.package_identification:_identify(src/itc01_mr2/yolobot_recognition) by extensions ['ros']
[1.284s] Level 1:colcon.colcon_core.package_identification:_identify(src/itc01_mr2/yolobot_recognition) by extension 'ros'
[1.287s] DEBUG:colcon.colcon_core.package_identification:Package 'src/itc01_mr2/yolobot_recognition' with type 'ros.ament_cmake' and name 'yolobot_recognition'
[1.288s] Level 1:colcon.colcon_core.package_identification:_identify(src/itc01_mr2/yolov8_msgs) by extensions ['ignore', 'ignore_ament_install']
[1.288s] Level 1:colcon.colcon_core.package_identification:_identify(src/itc01_mr2/yolov8_msgs) by extension 'ignore'
[1.288s] Level 1:colcon.colcon_core.package_identification:_identify(src/itc01_mr2/yolov8_msgs) by extension 'ignore_ament_install'
[1.289s] Level 1:colcon.colcon_core.package_identification:_identify(src/itc01_mr2/yolov8_msgs) by extensions ['colcon_pkg']
[1.289s] Level 1:colcon.colcon_core.package_identification:_identify(src/itc01_mr2/yolov8_msgs) by extension 'colcon_pkg'
[1.289s] Level 1:colcon.colcon_core.package_identification:_identify(src/itc01_mr2/yolov8_msgs) by extensions ['colcon_meta']
[1.289s] Level 1:colcon.colcon_core.package_identification:_identify(src/itc01_mr2/yolov8_msgs) by extension 'colcon_meta'
[1.289s] Level 1:colcon.colcon_core.package_identification:_identify(src/itc01_mr2/yolov8_msgs) by extensions ['ros']
[1.290s] Level 1:colcon.colcon_core.package_identification:_identify(src/itc01_mr2/yolov8_msgs) by extension 'ros'
[1.292s] DEBUG:colcon.colcon_core.package_identification:Package 'src/itc01_mr2/yolov8_msgs' with type 'ros.ament_cmake' and name 'yolov8_msgs'
[1.292s] Level 1:colcon.colcon_core.package_discovery:discover_packages(recursive) using defaults
[1.292s] Level 1:colcon.colcon_core.package_discovery:discover_packages(ignore) discover
[1.292s] Level 1:colcon.colcon_core.package_discovery:discover_packages(ignore) using defaults
[1.293s] Level 1:colcon.colcon_core.package_discovery:discover_packages(path) discover
[1.293s] Level 1:colcon.colcon_core.package_discovery:discover_packages(path) using defaults
[1.370s] INFO:colcon.colcon_core.package_selection:Skipping not selected package 'mr2_realsense' in 'src/itc01_mr2/mr2_realsense'
[1.370s] INFO:colcon.colcon_core.package_selection:Skipping not selected package 'yolobot_recognition' in 'src/itc01_mr2/yolobot_recognition'
[1.371s] INFO:colcon.colcon_core.package_selection:Skipping not selected package 'yolov8_msgs' in 'src/itc01_mr2/yolov8_msgs'
[1.372s] Level 1:colcon.colcon_core.package_discovery:discover_packages(prefix_path) check parameters
[1.373s] Level 1:colcon.colcon_core.package_discovery:discover_packages(prefix_path) discover
[1.381s] DEBUG:colcon.colcon_installed_package_information.package_discovery:Found 4 installed packages in /home/jsagx-6/itc01_ws/install
[1.394s] DEBUG:colcon.colcon_installed_package_information.package_discovery:Found 228 installed packages in /opt/ros/foxy
[1.399s] Level 1:colcon.colcon_core.package_discovery:discover_packages(prefix_path) using defaults
[1.570s] Level 5:colcon.colcon_core.verb:set package 'buffalo_robot' build argument 'cmake_args' from command line to 'None'
[1.571s] Level 5:colcon.colcon_core.verb:set package 'buffalo_robot' build argument 'cmake_target' from command line to 'None'
[1.571s] Level 5:colcon.colcon_core.verb:set package 'buffalo_robot' build argument 'cmake_target_skip_unavailable' from command line to 'False'
[1.571s] Level 5:colcon.colcon_core.verb:set package 'buffalo_robot' build argument 'cmake_clean_cache' from command line to 'False'
[1.571s] Level 5:colcon.colcon_core.verb:set package 'buffalo_robot' build argument 'cmake_clean_first' from command line to 'False'
[1.571s] Level 5:colcon.colcon_core.verb:set package 'buffalo_robot' build argument 'cmake_force_configure' from command line to 'False'
[1.571s] Level 5:colcon.colcon_core.verb:set package 'buffalo_robot' build argument 'ament_cmake_args' from command line to 'None'
[1.571s] Level 5:colcon.colcon_core.verb:set package 'buffalo_robot' build argument 'catkin_cmake_args' from command line to 'None'
[1.571s] Level 5:colcon.colcon_core.verb:set package 'buffalo_robot' build argument 'catkin_skip_building_tests' from command line to 'False'
[1.571s] DEBUG:colcon.colcon_core.verb:Building package 'buffalo_robot' with the following arguments: {'ament_cmake_args': None, 'build_base': '/home/jsagx-6/itc01_ws/build/buffalo_robot', 'catkin_cmake_args': None, 'catkin_skip_building_tests': False, 'cmake_args': None, 'cmake_clean_cache': False, 'cmake_clean_first': False, 'cmake_force_configure': False, 'cmake_target': None, 'cmake_target_skip_unavailable': False, 'install_base': '/home/jsagx-6/itc01_ws/install/buffalo_robot', 'merge_install': False, 'path': '/home/jsagx-6/itc01_ws/src/itc01_mr2/buffalo_robot', 'symlink_install': False, 'test_result_base': None}
[1.572s] INFO:colcon.colcon_core.executor:Executing jobs using 'parallel' executor
[1.575s] DEBUG:colcon.colcon_parallel_executor.executor.parallel:run_until_complete
[1.575s] INFO:colcon.colcon_ros.task.ament_python.build:Building ROS package in '/home/jsagx-6/itc01_ws/src/itc01_mr2/buffalo_robot' with build type 'ament_python'
[1.576s] Level 1:colcon.colcon_core.shell:create_environment_hook('buffalo_robot', 'ament_prefix_path')
[1.583s] INFO:colcon.colcon_core.plugin_system:Skipping extension 'colcon_core.shell.bat': Not used on non-Windows systems
[1.584s] INFO:colcon.colcon_core.shell:Creating environment hook '/home/jsagx-6/itc01_ws/install/buffalo_robot/share/buffalo_robot/hook/ament_prefix_path.ps1'
[1.586s] INFO:colcon.colcon_core.shell:Creating environment descriptor '/home/jsagx-6/itc01_ws/install/buffalo_robot/share/buffalo_robot/hook/ament_prefix_path.dsv'
[1.587s] INFO:colcon.colcon_core.shell:Creating environment hook '/home/jsagx-6/itc01_ws/install/buffalo_robot/share/buffalo_robot/hook/ament_prefix_path.sh'
[1.590s] INFO:colcon.colcon_core.shell:Skip shell extension 'powershell' for command environment: Not usable outside of PowerShell
[1.590s] DEBUG:colcon.colcon_core.shell:Skip shell extension 'dsv' for command environment
[2.509s] INFO:colcon.colcon_core.task.python.build:Building Python package in '/home/jsagx-6/itc01_ws/src/itc01_mr2/buffalo_robot'
[2.512s] INFO:colcon.colcon_core.shell:Skip shell extension 'powershell' for command environment: Not usable outside of PowerShell
[2.512s] DEBUG:colcon.colcon_core.shell:Skip shell extension 'dsv' for command environment
[4.940s] DEBUG:colcon.colcon_core.event_handler.log_command:Invoking command in '/home/jsagx-6/itc01_ws/src/itc01_mr2/buffalo_robot': PYTHONPATH=/home/jsagx-6/itc01_ws/build/buffalo_robot/prefix_override:/home/jsagx-6/itc01_ws/install/buffalo_robot/lib/python3.8/site-packages:${PYTHONPATH} /usr/bin/python3 -W ignore:setup.py install is deprecated setup.py egg_info --egg-base ../../../build/buffalo_robot build --build-base /home/jsagx-6/itc01_ws/build/buffalo_robot/build install --record /home/jsagx-6/itc01_ws/build/buffalo_robot/install.log --install-scripts $base/lib/buffalo_robot --single-version-externally-managed install_data
[7.133s] DEBUG:colcon.colcon_core.event_handler.log_command:Invoked command in '/home/jsagx-6/itc01_ws/src/itc01_mr2/buffalo_robot' returned '0': PYTHONPATH=/home/jsagx-6/itc01_ws/build/buffalo_robot/prefix_override:/home/jsagx-6/itc01_ws/install/buffalo_robot/lib/python3.8/site-packages:${PYTHONPATH} /usr/bin/python3 -W ignore:setup.py install is deprecated setup.py egg_info --egg-base ../../../build/buffalo_robot build --build-base /home/jsagx-6/itc01_ws/build/buffalo_robot/build install --record /home/jsagx-6/itc01_ws/build/buffalo_robot/install.log --install-scripts $base/lib/buffalo_robot --single-version-externally-managed install_data
[7.143s] Level 1:colcon.colcon_core.environment:checking '/home/jsagx-6/itc01_ws/install/buffalo_robot' for CMake module files
[7.146s] Level 1:colcon.colcon_core.environment:checking '/home/jsagx-6/itc01_ws/install/buffalo_robot' for CMake config files
[7.151s] Level 1:colcon.colcon_core.environment:checking '/home/jsagx-6/itc01_ws/install/buffalo_robot/lib'
[7.152s] Level 1:colcon.colcon_core.environment:checking '/home/jsagx-6/itc01_ws/install/buffalo_robot/bin'
[7.152s] Level 1:colcon.colcon_core.environment:checking '/home/jsagx-6/itc01_ws/install/buffalo_robot/lib/pkgconfig/buffalo_robot.pc'
[7.153s] Level 1:colcon.colcon_core.environment:checking '/home/jsagx-6/itc01_ws/install/buffalo_robot/lib/python3.8/site-packages'
[7.153s] Level 1:colcon.colcon_core.shell:create_environment_hook('buffalo_robot', 'pythonpath')
[7.154s] INFO:colcon.colcon_core.shell:Creating environment hook '/home/jsagx-6/itc01_ws/install/buffalo_robot/share/buffalo_robot/hook/pythonpath.ps1'
[7.157s] INFO:colcon.colcon_core.shell:Creating environment descriptor '/home/jsagx-6/itc01_ws/install/buffalo_robot/share/buffalo_robot/hook/pythonpath.dsv'
[7.159s] INFO:colcon.colcon_core.shell:Creating environment hook '/home/jsagx-6/itc01_ws/install/buffalo_robot/share/buffalo_robot/hook/pythonpath.sh'
[7.160s] Level 1:colcon.colcon_core.environment:checking '/home/jsagx-6/itc01_ws/install/buffalo_robot/bin'
[7.161s] Level 1:colcon.colcon_core.environment:create_environment_scripts_only(buffalo_robot)
[7.162s] INFO:colcon.colcon_core.shell:Creating package script '/home/jsagx-6/itc01_ws/install/buffalo_robot/share/buffalo_robot/package.ps1'
[7.166s] INFO:colcon.colcon_core.shell:Creating package descriptor '/home/jsagx-6/itc01_ws/install/buffalo_robot/share/buffalo_robot/package.dsv'
[7.168s] INFO:colcon.colcon_core.shell:Creating package script '/home/jsagx-6/itc01_ws/install/buffalo_robot/share/buffalo_robot/package.sh'
[7.171s] INFO:colcon.colcon_core.shell:Creating package script '/home/jsagx-6/itc01_ws/install/buffalo_robot/share/buffalo_robot/package.bash'
[7.174s] INFO:colcon.colcon_core.shell:Creating package script '/home/jsagx-6/itc01_ws/install/buffalo_robot/share/buffalo_robot/package.zsh'
[7.177s] Level 1:colcon.colcon_core.environment:create_file_with_runtime_dependencies(/home/jsagx-6/itc01_ws/install/buffalo_robot/share/colcon-core/packages/buffalo_robot)
[7.181s] DEBUG:colcon.colcon_parallel_executor.executor.parallel:closing loop
[7.181s] DEBUG:colcon.colcon_parallel_executor.executor.parallel:loop closed
[7.181s] DEBUG:colcon.colcon_parallel_executor.executor.parallel:run_until_complete finished with '0'
[7.182s] DEBUG:colcon.colcon_core.event_reactor:joining thread
[7.206s] INFO:colcon.colcon_core.plugin_system:Skipping extension 'colcon_notification.desktop_notification.terminal_notifier': Not used on non-Darwin systems
[7.206s] INFO:colcon.colcon_core.plugin_system:Skipping extension 'colcon_notification.desktop_notification.win32': Not used on non-Windows systems
[7.206s] INFO:colcon.colcon_notification.desktop_notification:Sending desktop notification using 'notify2'
[7.274s] DEBUG:colcon.colcon_core.event_reactor:joined thread
[7.276s] INFO:colcon.colcon_core.shell:Creating prefix script '/home/jsagx-6/itc01_ws/install/local_setup.ps1'
[7.279s] INFO:colcon.colcon_core.shell:Creating prefix util module '/home/jsagx-6/itc01_ws/install/_local_setup_util_ps1.py'
[7.284s] INFO:colcon.colcon_core.shell:Creating prefix chain script '/home/jsagx-6/itc01_ws/install/setup.ps1'
[7.289s] INFO:colcon.colcon_core.shell:Creating prefix script '/home/jsagx-6/itc01_ws/install/local_setup.sh'
[7.290s] INFO:colcon.colcon_core.shell:Creating prefix util module '/home/jsagx-6/itc01_ws/install/_local_setup_util_sh.py'
[7.295s] INFO:colcon.colcon_core.shell:Creating prefix chain script '/home/jsagx-6/itc01_ws/install/setup.sh'
[7.299s] INFO:colcon.colcon_core.shell:Creating prefix script '/home/jsagx-6/itc01_ws/install/local_setup.bash'
[7.300s] INFO:colcon.colcon_core.shell:Creating prefix chain script '/home/jsagx-6/itc01_ws/install/setup.bash'
[7.305s] INFO:colcon.colcon_core.shell:Creating prefix script '/home/jsagx-6/itc01_ws/install/local_setup.zsh'
[7.307s] INFO:colcon.colcon_core.shell:Creating prefix chain script '/home/jsagx-6/itc01_ws/install/setup.zsh'
