/home/jsagx-6/itc01_ws/install/buffalo_robot/lib/python3.8/site-packages/buffalo_robot/ekf.py
/home/jsagx-6/itc01_ws/install/buffalo_robot/lib/python3.8/site-packages/buffalo_robot/omni_mpcV3.py
/home/jsagx-6/itc01_ws/install/buffalo_robot/lib/python3.8/site-packages/buffalo_robot/imu_HFI_a9.py
/home/jsagx-6/itc01_ws/install/buffalo_robot/lib/python3.8/site-packages/buffalo_robot/omni_mpcV1.py
/home/jsagx-6/itc01_ws/install/buffalo_robot/lib/python3.8/site-packages/buffalo_robot/imu.py
/home/jsagx-6/itc01_ws/install/buffalo_robot/lib/python3.8/site-packages/buffalo_robot/EKF.py
/home/jsagx-6/itc01_ws/install/buffalo_robot/lib/python3.8/site-packages/buffalo_robot/mecanum_pidV2.py
/home/jsagx-6/itc01_ws/install/buffalo_robot/lib/python3.8/site-packages/buffalo_robot/cubic_spline_planner.py
/home/jsagx-6/itc01_ws/install/buffalo_robot/lib/python3.8/site-packages/buffalo_robot/pid_controller.py
/home/jsagx-6/itc01_ws/install/buffalo_robot/lib/python3.8/site-packages/buffalo_robot/omni_buffalo.py
/home/jsagx-6/itc01_ws/install/buffalo_robot/lib/python3.8/site-packages/buffalo_robot/Omni_kinematic.py
/home/jsagx-6/itc01_ws/install/buffalo_robot/lib/python3.8/site-packages/buffalo_robot/imu_calibrate.py
/home/jsagx-6/itc01_ws/install/buffalo_robot/lib/python3.8/site-packages/buffalo_robot/omni_pidV5_RED.py
/home/jsagx-6/itc01_ws/install/buffalo_robot/lib/python3.8/site-packages/buffalo_robot/mecanum_pidV1.py
/home/jsagx-6/itc01_ws/install/buffalo_robot/lib/python3.8/site-packages/buffalo_robot/can_buffalo_Red.py
/home/jsagx-6/itc01_ws/install/buffalo_robot/lib/python3.8/site-packages/buffalo_robot/can_buffalo_Blue.py
/home/jsagx-6/itc01_ws/install/buffalo_robot/lib/python3.8/site-packages/buffalo_robot/omni_pidV3.py
/home/jsagx-6/itc01_ws/install/buffalo_robot/lib/python3.8/site-packages/buffalo_robot/teleopkeybord_omni.py
/home/jsagx-6/itc01_ws/install/buffalo_robot/lib/python3.8/site-packages/buffalo_robot/Omni_pid_RedV0.py
/home/jsagx-6/itc01_ws/install/buffalo_robot/lib/python3.8/site-packages/buffalo_robot/Calculate_position_Red.py
/home/jsagx-6/itc01_ws/install/buffalo_robot/lib/python3.8/site-packages/buffalo_robot/omni_mpcV2.py
/home/jsagx-6/itc01_ws/install/buffalo_robot/lib/python3.8/site-packages/buffalo_robot/can_control_Motor.py
/home/jsagx-6/itc01_ws/install/buffalo_robot/lib/python3.8/site-packages/buffalo_robot/Omni_model.py
/home/jsagx-6/itc01_ws/install/buffalo_robot/lib/python3.8/site-packages/buffalo_robot/mecanum_kinematic.py
/home/jsagx-6/itc01_ws/install/buffalo_robot/lib/python3.8/site-packages/buffalo_robot/omni_pidV2.py
/home/jsagx-6/itc01_ws/install/buffalo_robot/lib/python3.8/site-packages/buffalo_robot/omni_pidV5_BLUE.py
/home/jsagx-6/itc01_ws/install/buffalo_robot/lib/python3.8/site-packages/buffalo_robot/can_rotary_buffalo.py
/home/jsagx-6/itc01_ws/install/buffalo_robot/lib/python3.8/site-packages/buffalo_robot/rabbit_omni.py
/home/jsagx-6/itc01_ws/install/buffalo_robot/lib/python3.8/site-packages/buffalo_robot/omni_pidV6_Blue.py
/home/jsagx-6/itc01_ws/install/buffalo_robot/lib/python3.8/site-packages/buffalo_robot/can_buffaloV2.py
/home/jsagx-6/itc01_ws/install/buffalo_robot/lib/python3.8/site-packages/buffalo_robot/Omni_PidSim.py
/home/jsagx-6/itc01_ws/install/buffalo_robot/lib/python3.8/site-packages/buffalo_robot/bezier_path.py
/home/jsagx-6/itc01_ws/install/buffalo_robot/lib/python3.8/site-packages/buffalo_robot/omni_pidV4.py
/home/jsagx-6/itc01_ws/install/buffalo_robot/lib/python3.8/site-packages/buffalo_robot/pid_simulation.py
/home/jsagx-6/itc01_ws/install/buffalo_robot/lib/python3.8/site-packages/buffalo_robot/mpc_omni.py
/home/jsagx-6/itc01_ws/install/buffalo_robot/lib/python3.8/site-packages/buffalo_robot/ps4_controlV2.py
/home/jsagx-6/itc01_ws/install/buffalo_robot/lib/python3.8/site-packages/buffalo_robot/imu_bno055_api.py
/home/jsagx-6/itc01_ws/install/buffalo_robot/lib/python3.8/site-packages/buffalo_robot/ps4_control.py
/home/jsagx-6/itc01_ws/install/buffalo_robot/lib/python3.8/site-packages/buffalo_robot/can_buffaloV1.py
/home/jsagx-6/itc01_ws/install/buffalo_robot/lib/python3.8/site-packages/buffalo_robot/omni_mpcSimV1.py
/home/jsagx-6/itc01_ws/install/buffalo_robot/lib/python3.8/site-packages/buffalo_robot/__init__.py
/home/jsagx-6/itc01_ws/install/buffalo_robot/lib/python3.8/site-packages/buffalo_robot/omni_pidV1.py
/home/jsagx-6/itc01_ws/install/buffalo_robot/lib/python3.8/site-packages/buffalo_robot/can_buffaloV3.py
/home/jsagx-6/itc01_ws/install/buffalo_robot/lib/python3.8/site-packages/buffalo_robot/Can_buffaloV4.py
/home/jsagx-6/itc01_ws/install/buffalo_robot/lib/python3.8/site-packages/buffalo_robot/omni_pidV6_RED.py
/home/jsagx-6/itc01_ws/install/buffalo_robot/lib/python3.8/site-packages/buffalo_robot/__pycache__/ekf.cpython-38.pyc
/home/jsagx-6/itc01_ws/install/buffalo_robot/lib/python3.8/site-packages/buffalo_robot/__pycache__/omni_mpcV3.cpython-38.pyc
/home/jsagx-6/itc01_ws/install/buffalo_robot/lib/python3.8/site-packages/buffalo_robot/__pycache__/imu_HFI_a9.cpython-38.pyc
/home/jsagx-6/itc01_ws/install/buffalo_robot/lib/python3.8/site-packages/buffalo_robot/__pycache__/omni_mpcV1.cpython-38.pyc
/home/jsagx-6/itc01_ws/install/buffalo_robot/lib/python3.8/site-packages/buffalo_robot/__pycache__/imu.cpython-38.pyc
/home/jsagx-6/itc01_ws/install/buffalo_robot/lib/python3.8/site-packages/buffalo_robot/__pycache__/EKF.cpython-38.pyc
/home/jsagx-6/itc01_ws/install/buffalo_robot/lib/python3.8/site-packages/buffalo_robot/__pycache__/mecanum_pidV2.cpython-38.pyc
/home/jsagx-6/itc01_ws/install/buffalo_robot/lib/python3.8/site-packages/buffalo_robot/__pycache__/cubic_spline_planner.cpython-38.pyc
/home/jsagx-6/itc01_ws/install/buffalo_robot/lib/python3.8/site-packages/buffalo_robot/__pycache__/pid_controller.cpython-38.pyc
/home/jsagx-6/itc01_ws/install/buffalo_robot/lib/python3.8/site-packages/buffalo_robot/__pycache__/omni_buffalo.cpython-38.pyc
/home/jsagx-6/itc01_ws/install/buffalo_robot/lib/python3.8/site-packages/buffalo_robot/__pycache__/Omni_kinematic.cpython-38.pyc
/home/jsagx-6/itc01_ws/install/buffalo_robot/lib/python3.8/site-packages/buffalo_robot/__pycache__/imu_calibrate.cpython-38.pyc
/home/jsagx-6/itc01_ws/install/buffalo_robot/lib/python3.8/site-packages/buffalo_robot/__pycache__/omni_pidV5_RED.cpython-38.pyc
/home/jsagx-6/itc01_ws/install/buffalo_robot/lib/python3.8/site-packages/buffalo_robot/__pycache__/mecanum_pidV1.cpython-38.pyc
/home/jsagx-6/itc01_ws/install/buffalo_robot/lib/python3.8/site-packages/buffalo_robot/__pycache__/can_buffalo_Red.cpython-38.pyc
/home/jsagx-6/itc01_ws/install/buffalo_robot/lib/python3.8/site-packages/buffalo_robot/__pycache__/can_buffalo_Blue.cpython-38.pyc
/home/jsagx-6/itc01_ws/install/buffalo_robot/lib/python3.8/site-packages/buffalo_robot/__pycache__/omni_pidV3.cpython-38.pyc
/home/jsagx-6/itc01_ws/install/buffalo_robot/lib/python3.8/site-packages/buffalo_robot/__pycache__/teleopkeybord_omni.cpython-38.pyc
/home/jsagx-6/itc01_ws/install/buffalo_robot/lib/python3.8/site-packages/buffalo_robot/__pycache__/Omni_pid_RedV0.cpython-38.pyc
/home/jsagx-6/itc01_ws/install/buffalo_robot/lib/python3.8/site-packages/buffalo_robot/__pycache__/Calculate_position_Red.cpython-38.pyc
/home/jsagx-6/itc01_ws/install/buffalo_robot/lib/python3.8/site-packages/buffalo_robot/__pycache__/omni_mpcV2.cpython-38.pyc
/home/jsagx-6/itc01_ws/install/buffalo_robot/lib/python3.8/site-packages/buffalo_robot/__pycache__/can_control_Motor.cpython-38.pyc
/home/jsagx-6/itc01_ws/install/buffalo_robot/lib/python3.8/site-packages/buffalo_robot/__pycache__/Omni_model.cpython-38.pyc
/home/jsagx-6/itc01_ws/install/buffalo_robot/lib/python3.8/site-packages/buffalo_robot/__pycache__/mecanum_kinematic.cpython-38.pyc
/home/jsagx-6/itc01_ws/install/buffalo_robot/lib/python3.8/site-packages/buffalo_robot/__pycache__/omni_pidV2.cpython-38.pyc
/home/jsagx-6/itc01_ws/install/buffalo_robot/lib/python3.8/site-packages/buffalo_robot/__pycache__/omni_pidV5_BLUE.cpython-38.pyc
/home/jsagx-6/itc01_ws/install/buffalo_robot/lib/python3.8/site-packages/buffalo_robot/__pycache__/can_rotary_buffalo.cpython-38.pyc
/home/jsagx-6/itc01_ws/install/buffalo_robot/lib/python3.8/site-packages/buffalo_robot/__pycache__/rabbit_omni.cpython-38.pyc
/home/jsagx-6/itc01_ws/install/buffalo_robot/lib/python3.8/site-packages/buffalo_robot/__pycache__/omni_pidV6_Blue.cpython-38.pyc
/home/jsagx-6/itc01_ws/install/buffalo_robot/lib/python3.8/site-packages/buffalo_robot/__pycache__/can_buffaloV2.cpython-38.pyc
/home/jsagx-6/itc01_ws/install/buffalo_robot/lib/python3.8/site-packages/buffalo_robot/__pycache__/Omni_PidSim.cpython-38.pyc
/home/jsagx-6/itc01_ws/install/buffalo_robot/lib/python3.8/site-packages/buffalo_robot/__pycache__/bezier_path.cpython-38.pyc
/home/jsagx-6/itc01_ws/install/buffalo_robot/lib/python3.8/site-packages/buffalo_robot/__pycache__/omni_pidV4.cpython-38.pyc
/home/jsagx-6/itc01_ws/install/buffalo_robot/lib/python3.8/site-packages/buffalo_robot/__pycache__/pid_simulation.cpython-38.pyc
/home/jsagx-6/itc01_ws/install/buffalo_robot/lib/python3.8/site-packages/buffalo_robot/__pycache__/mpc_omni.cpython-38.pyc
/home/jsagx-6/itc01_ws/install/buffalo_robot/lib/python3.8/site-packages/buffalo_robot/__pycache__/ps4_controlV2.cpython-38.pyc
/home/jsagx-6/itc01_ws/install/buffalo_robot/lib/python3.8/site-packages/buffalo_robot/__pycache__/imu_bno055_api.cpython-38.pyc
/home/jsagx-6/itc01_ws/install/buffalo_robot/lib/python3.8/site-packages/buffalo_robot/__pycache__/ps4_control.cpython-38.pyc
/home/jsagx-6/itc01_ws/install/buffalo_robot/lib/python3.8/site-packages/buffalo_robot/__pycache__/can_buffaloV1.cpython-38.pyc
/home/jsagx-6/itc01_ws/install/buffalo_robot/lib/python3.8/site-packages/buffalo_robot/__pycache__/omni_mpcSimV1.cpython-38.pyc
/home/jsagx-6/itc01_ws/install/buffalo_robot/lib/python3.8/site-packages/buffalo_robot/__pycache__/__init__.cpython-38.pyc
/home/jsagx-6/itc01_ws/install/buffalo_robot/lib/python3.8/site-packages/buffalo_robot/__pycache__/omni_pidV1.cpython-38.pyc
/home/jsagx-6/itc01_ws/install/buffalo_robot/lib/python3.8/site-packages/buffalo_robot/__pycache__/can_buffaloV3.cpython-38.pyc
/home/jsagx-6/itc01_ws/install/buffalo_robot/lib/python3.8/site-packages/buffalo_robot/__pycache__/Can_buffaloV4.cpython-38.pyc
/home/jsagx-6/itc01_ws/install/buffalo_robot/lib/python3.8/site-packages/buffalo_robot/__pycache__/omni_pidV6_RED.cpython-38.pyc
/home/jsagx-6/itc01_ws/install/buffalo_robot/share/ament_index/resource_index/packages/buffalo_robot
/home/jsagx-6/itc01_ws/install/buffalo_robot/share/buffalo_robot/package.xml
/home/jsagx-6/itc01_ws/install/buffalo_robot/share/buffalo_robot/launch/omni_mpc.launch.py
/home/jsagx-6/itc01_ws/install/buffalo_robot/share/buffalo_robot/launch/omni_pid.launch.py
/home/jsagx-6/itc01_ws/install/buffalo_robot/lib/python3.8/site-packages/buffalo_robot-0.0.0-py3.8.egg-info/PKG-INFO
/home/jsagx-6/itc01_ws/install/buffalo_robot/lib/python3.8/site-packages/buffalo_robot-0.0.0-py3.8.egg-info/entry_points.txt
/home/jsagx-6/itc01_ws/install/buffalo_robot/lib/python3.8/site-packages/buffalo_robot-0.0.0-py3.8.egg-info/top_level.txt
/home/jsagx-6/itc01_ws/install/buffalo_robot/lib/python3.8/site-packages/buffalo_robot-0.0.0-py3.8.egg-info/dependency_links.txt
/home/jsagx-6/itc01_ws/install/buffalo_robot/lib/python3.8/site-packages/buffalo_robot-0.0.0-py3.8.egg-info/SOURCES.txt
/home/jsagx-6/itc01_ws/install/buffalo_robot/lib/python3.8/site-packages/buffalo_robot-0.0.0-py3.8.egg-info/zip-safe
/home/jsagx-6/itc01_ws/install/buffalo_robot/lib/python3.8/site-packages/buffalo_robot-0.0.0-py3.8.egg-info/requires.txt
/home/jsagx-6/itc01_ws/install/buffalo_robot/lib/buffalo_robot/Omni_PidSim
/home/jsagx-6/itc01_ws/install/buffalo_robot/lib/buffalo_robot/Omni_model
/home/jsagx-6/itc01_ws/install/buffalo_robot/lib/buffalo_robot/buffalo_sim
/home/jsagx-6/itc01_ws/install/buffalo_robot/lib/buffalo_robot/buffalov1
/home/jsagx-6/itc01_ws/install/buffalo_robot/lib/buffalo_robot/buffalov2
/home/jsagx-6/itc01_ws/install/buffalo_robot/lib/buffalo_robot/cal_goal
/home/jsagx-6/itc01_ws/install/buffalo_robot/lib/buffalo_robot/can_blue
/home/jsagx-6/itc01_ws/install/buffalo_robot/lib/buffalo_robot/can_buffalo
/home/jsagx-6/itc01_ws/install/buffalo_robot/lib/buffalo_robot/can_buffaloV2
/home/jsagx-6/itc01_ws/install/buffalo_robot/lib/buffalo_robot/can_buffaloV3
/home/jsagx-6/itc01_ws/install/buffalo_robot/lib/buffalo_robot/can_buffaloV4
/home/jsagx-6/itc01_ws/install/buffalo_robot/lib/buffalo_robot/can_motor
/home/jsagx-6/itc01_ws/install/buffalo_robot/lib/buffalo_robot/can_red
/home/jsagx-6/itc01_ws/install/buffalo_robot/lib/buffalo_robot/can_rotary
/home/jsagx-6/itc01_ws/install/buffalo_robot/lib/buffalo_robot/imu
/home/jsagx-6/itc01_ws/install/buffalo_robot/lib/buffalo_robot/imu_cal
/home/jsagx-6/itc01_ws/install/buffalo_robot/lib/buffalo_robot/imu_ha9
/home/jsagx-6/itc01_ws/install/buffalo_robot/lib/buffalo_robot/omni_mpcsim
/home/jsagx-6/itc01_ws/install/buffalo_robot/lib/buffalo_robot/omni_mpcv1
/home/jsagx-6/itc01_ws/install/buffalo_robot/lib/buffalo_robot/omni_mpcv2
/home/jsagx-6/itc01_ws/install/buffalo_robot/lib/buffalo_robot/omni_pidBlue
/home/jsagx-6/itc01_ws/install/buffalo_robot/lib/buffalo_robot/omni_pidRed
/home/jsagx-6/itc01_ws/install/buffalo_robot/lib/buffalo_robot/omni_pidRedV0
/home/jsagx-6/itc01_ws/install/buffalo_robot/lib/buffalo_robot/omni_pidv1
/home/jsagx-6/itc01_ws/install/buffalo_robot/lib/buffalo_robot/omni_pidv2
/home/jsagx-6/itc01_ws/install/buffalo_robot/lib/buffalo_robot/omni_pidv3
/home/jsagx-6/itc01_ws/install/buffalo_robot/lib/buffalo_robot/omni_pidv4
/home/jsagx-6/itc01_ws/install/buffalo_robot/lib/buffalo_robot/omni_teleop
/home/jsagx-6/itc01_ws/install/buffalo_robot/lib/buffalo_robot/ps4
/home/jsagx-6/itc01_ws/install/buffalo_robot/lib/buffalo_robot/ps4v2
