[0.731s] [34mcolcon[0m [1;30mDEBUG[0m [32mCommand line arguments: ['/usr/bin/colcon', 'build', '--packages-select', 'buffalo_robot'][0m
[0.732s] [34mcolcon[0m [1;30mDEBUG[0m [32mParsed command line arguments: Namespace(allow_overriding=[], ament_cmake_args=None, base_paths=['.'], build_base='build', catkin_cmake_args=None, catkin_skip_building_tests=False, cmake_args=None, cmake_clean_cache=False, cmake_clean_first=False, cmake_force_configure=False, cmake_target=None, cmake_target_skip_unavailable=False, continue_on_error=False, event_handlers=None, executor='parallel', ignore_user_meta=False, install_base='install', log_base=None, log_level=None, main=<bound method BuildVerb.main of <colcon_core.verb.build.BuildVerb object at 0xffffb136f6a0>>, merge_install=False, metas=['./colcon.meta'], mixin=None, mixin_files=None, mixin_verb=('build',), packages_above=None, packages_above_and_dependencies=None, packages_above_depth=None, packages_end=None, packages_ignore=None, packages_ignore_regex=None, packages_select=['buffalo_robot'], packages_select_build_failed=False, packages_select_by_dep=None, packages_select_regex=None, packages_select_test_failures=False, packages_skip=None, packages_skip_build_finished=False, packages_skip_by_dep=None, packages_skip_regex=None, packages_skip_test_passed=False, packages_skip_up_to=None, packages_start=None, packages_up_to=None, packages_up_to_regex=None, parallel_workers=8, paths=None, symlink_install=False, test_result_base=None, verb_extension=<colcon_core.verb.build.BuildVerb object at 0xffffb136f6a0>, verb_name='build', verb_parser=<colcon_mixin.mixin.mixin_argument.MixinArgumentDecorator object at 0xffffb136fcd0>)[0m
[0.883s] [34mcolcon.colcon_core.package_discovery[0m [1;30mLevel 1[0m discover_packages(colcon_meta) check parameters
[0.883s] [34mcolcon.colcon_core.package_discovery[0m [1;30mLevel 1[0m discover_packages(recursive) check parameters
[0.883s] [34mcolcon.colcon_core.package_discovery[0m [1;30mLevel 1[0m discover_packages(ignore) check parameters
[0.883s] [34mcolcon.colcon_core.package_discovery[0m [1;30mLevel 1[0m discover_packages(path) check parameters
[0.883s] [34mcolcon.colcon_core.package_discovery[0m [1;30mLevel 1[0m discover_packages(colcon_meta) discover
[0.884s] [34mcolcon.colcon_core.package_discovery[0m [1;30mLevel 1[0m discover_packages(recursive) discover
[0.884s] [34mcolcon.colcon_core.package_discovery[0m [1;30mINFO[0m Crawling recursively for packages in '/home/jsagx-6/itc01_ws'
[0.884s] [34mcolcon.colcon_core.package_identification[0m [1;30mLevel 1[0m _identify(.) by extensions ['ignore', 'ignore_ament_install']
[0.885s] [34mcolcon.colcon_core.package_identification[0m [1;30mLevel 1[0m _identify(.) by extension 'ignore'
[0.885s] [34mcolcon.colcon_core.package_identification[0m [1;30mLevel 1[0m _identify(.) by extension 'ignore_ament_install'
[0.885s] [34mcolcon.colcon_core.package_identification[0m [1;30mLevel 1[0m _identify(.) by extensions ['colcon_pkg']
[0.885s] [34mcolcon.colcon_core.package_identification[0m [1;30mLevel 1[0m _identify(.) by extension 'colcon_pkg'
[0.885s] [34mcolcon.colcon_core.package_identification[0m [1;30mLevel 1[0m _identify(.) by extensions ['colcon_meta']
[0.885s] [34mcolcon.colcon_core.package_identification[0m [1;30mLevel 1[0m _identify(.) by extension 'colcon_meta'
[0.885s] [34mcolcon.colcon_core.package_identification[0m [1;30mLevel 1[0m _identify(.) by extensions ['ros']
[0.886s] [34mcolcon.colcon_core.package_identification[0m [1;30mLevel 1[0m _identify(.) by extension 'ros'
[0.934s] [34mcolcon.colcon_core.package_identification[0m [1;30mLevel 1[0m _identify(.) by extensions ['cmake', 'python']
[0.934s] [34mcolcon.colcon_core.package_identification[0m [1;30mLevel 1[0m _identify(.) by extension 'cmake'
[0.934s] [34mcolcon.colcon_core.package_identification[0m [1;30mLevel 1[0m _identify(.) by extension 'python'
[0.934s] [34mcolcon.colcon_core.package_identification[0m [1;30mLevel 1[0m _identify(.) by extensions ['python_setup_py']
[0.934s] [34mcolcon.colcon_core.package_identification[0m [1;30mLevel 1[0m _identify(.) by extension 'python_setup_py'
[0.935s] [34mcolcon.colcon_core.package_identification[0m [1;30mLevel 1[0m _identify(build) by extensions ['ignore', 'ignore_ament_install']
[0.935s] [34mcolcon.colcon_core.package_identification[0m [1;30mLevel 1[0m _identify(build) by extension 'ignore'
[0.935s] [34mcolcon.colcon_core.package_identification[0m [1;30mLevel 1[0m _identify(build) ignored
[0.936s] [34mcolcon.colcon_core.package_identification[0m [1;30mLevel 1[0m _identify(install) by extensions ['ignore', 'ignore_ament_install']
[0.936s] [34mcolcon.colcon_core.package_identification[0m [1;30mLevel 1[0m _identify(install) by extension 'ignore'
[0.936s] [34mcolcon.colcon_core.package_identification[0m [1;30mLevel 1[0m _identify(install) ignored
[0.938s] [34mcolcon.colcon_core.package_identification[0m [1;30mLevel 1[0m _identify(log) by extensions ['ignore', 'ignore_ament_install']
[0.939s] [34mcolcon.colcon_core.package_identification[0m [1;30mLevel 1[0m _identify(log) by extension 'ignore'
[0.939s] [34mcolcon.colcon_core.package_identification[0m [1;30mLevel 1[0m _identify(log) ignored
[0.939s] [34mcolcon.colcon_core.package_identification[0m [1;30mLevel 1[0m _identify(src) by extensions ['ignore', 'ignore_ament_install']
[0.939s] [34mcolcon.colcon_core.package_identification[0m [1;30mLevel 1[0m _identify(src) by extension 'ignore'
[0.939s] [34mcolcon.colcon_core.package_identification[0m [1;30mLevel 1[0m _identify(src) by extension 'ignore_ament_install'
[0.940s] [34mcolcon.colcon_core.package_identification[0m [1;30mLevel 1[0m _identify(src) by extensions ['colcon_pkg']
[0.940s] [34mcolcon.colcon_core.package_identification[0m [1;30mLevel 1[0m _identify(src) by extension 'colcon_pkg'
[0.940s] [34mcolcon.colcon_core.package_identification[0m [1;30mLevel 1[0m _identify(src) by extensions ['colcon_meta']
[0.940s] [34mcolcon.colcon_core.package_identification[0m [1;30mLevel 1[0m _identify(src) by extension 'colcon_meta'
[0.940s] [34mcolcon.colcon_core.package_identification[0m [1;30mLevel 1[0m _identify(src) by extensions ['ros']
[0.940s] [34mcolcon.colcon_core.package_identification[0m [1;30mLevel 1[0m _identify(src) by extension 'ros'
[0.940s] [34mcolcon.colcon_core.package_identification[0m [1;30mLevel 1[0m _identify(src) by extensions ['cmake', 'python']
[0.941s] [34mcolcon.colcon_core.package_identification[0m [1;30mLevel 1[0m _identify(src) by extension 'cmake'
[0.941s] [34mcolcon.colcon_core.package_identification[0m [1;30mLevel 1[0m _identify(src) by extension 'python'
[0.941s] [34mcolcon.colcon_core.package_identification[0m [1;30mLevel 1[0m _identify(src) by extensions ['python_setup_py']
[0.941s] [34mcolcon.colcon_core.package_identification[0m [1;30mLevel 1[0m _identify(src) by extension 'python_setup_py'
[0.941s] [34mcolcon.colcon_core.package_identification[0m [1;30mLevel 1[0m _identify(src/itc01_mr2) by extensions ['ignore', 'ignore_ament_install']
[0.942s] [34mcolcon.colcon_core.package_identification[0m [1;30mLevel 1[0m _identify(src/itc01_mr2) by extension 'ignore'
[0.942s] [34mcolcon.colcon_core.package_identification[0m [1;30mLevel 1[0m _identify(src/itc01_mr2) by extension 'ignore_ament_install'
[0.942s] [34mcolcon.colcon_core.package_identification[0m [1;30mLevel 1[0m _identify(src/itc01_mr2) by extensions ['colcon_pkg']
[0.942s] [34mcolcon.colcon_core.package_identification[0m [1;30mLevel 1[0m _identify(src/itc01_mr2) by extension 'colcon_pkg'
[0.942s] [34mcolcon.colcon_core.package_identification[0m [1;30mLevel 1[0m _identify(src/itc01_mr2) by extensions ['colcon_meta']
[0.942s] [34mcolcon.colcon_core.package_identification[0m [1;30mLevel 1[0m _identify(src/itc01_mr2) by extension 'colcon_meta'
[0.942s] [34mcolcon.colcon_core.package_identification[0m [1;30mLevel 1[0m _identify(src/itc01_mr2) by extensions ['ros']
[0.943s] [34mcolcon.colcon_core.package_identification[0m [1;30mLevel 1[0m _identify(src/itc01_mr2) by extension 'ros'
[0.943s] [34mcolcon.colcon_core.package_identification[0m [1;30mLevel 1[0m _identify(src/itc01_mr2) by extensions ['cmake', 'python']
[0.943s] [34mcolcon.colcon_core.package_identification[0m [1;30mLevel 1[0m _identify(src/itc01_mr2) by extension 'cmake'
[0.943s] [34mcolcon.colcon_core.package_identification[0m [1;30mLevel 1[0m _identify(src/itc01_mr2) by extension 'python'
[0.943s] [34mcolcon.colcon_core.package_identification[0m [1;30mLevel 1[0m _identify(src/itc01_mr2) by extensions ['python_setup_py']
[0.943s] [34mcolcon.colcon_core.package_identification[0m [1;30mLevel 1[0m _identify(src/itc01_mr2) by extension 'python_setup_py'
[0.944s] [34mcolcon.colcon_core.package_identification[0m [1;30mLevel 1[0m _identify(src/itc01_mr2/buffalo_robot) by extensions ['ignore', 'ignore_ament_install']
[0.944s] [34mcolcon.colcon_core.package_identification[0m [1;30mLevel 1[0m _identify(src/itc01_mr2/buffalo_robot) by extension 'ignore'
[0.944s] [34mcolcon.colcon_core.package_identification[0m [1;30mLevel 1[0m _identify(src/itc01_mr2/buffalo_robot) by extension 'ignore_ament_install'
[0.944s] [34mcolcon.colcon_core.package_identification[0m [1;30mLevel 1[0m _identify(src/itc01_mr2/buffalo_robot) by extensions ['colcon_pkg']
[0.944s] [34mcolcon.colcon_core.package_identification[0m [1;30mLevel 1[0m _identify(src/itc01_mr2/buffalo_robot) by extension 'colcon_pkg'
[0.945s] [34mcolcon.colcon_core.package_identification[0m [1;30mLevel 1[0m _identify(src/itc01_mr2/buffalo_robot) by extensions ['colcon_meta']
[0.945s] [34mcolcon.colcon_core.package_identification[0m [1;30mLevel 1[0m _identify(src/itc01_mr2/buffalo_robot) by extension 'colcon_meta'
[0.945s] [34mcolcon.colcon_core.package_identification[0m [1;30mLevel 1[0m _identify(src/itc01_mr2/buffalo_robot) by extensions ['ros']
[0.945s] [34mcolcon.colcon_core.package_identification[0m [1;30mLevel 1[0m _identify(src/itc01_mr2/buffalo_robot) by extension 'ros'
[0.952s] [34mcolcon.colcon_core.package_identification[0m [1;30mDEBUG[0m [32mPackage 'src/itc01_mr2/buffalo_robot' with type 'ros.ament_python' and name 'buffalo_robot'[0m
[0.953s] [34mcolcon.colcon_core.package_identification[0m [1;30mLevel 1[0m _identify(src/itc01_mr2/mr2_realsense) by extensions ['ignore', 'ignore_ament_install']
[0.953s] [34mcolcon.colcon_core.package_identification[0m [1;30mLevel 1[0m _identify(src/itc01_mr2/mr2_realsense) by extension 'ignore'
[0.953s] [34mcolcon.colcon_core.package_identification[0m [1;30mLevel 1[0m _identify(src/itc01_mr2/mr2_realsense) by extension 'ignore_ament_install'
[0.954s] [34mcolcon.colcon_core.package_identification[0m [1;30mLevel 1[0m _identify(src/itc01_mr2/mr2_realsense) by extensions ['colcon_pkg']
[0.954s] [34mcolcon.colcon_core.package_identification[0m [1;30mLevel 1[0m _identify(src/itc01_mr2/mr2_realsense) by extension 'colcon_pkg'
[0.954s] [34mcolcon.colcon_core.package_identification[0m [1;30mLevel 1[0m _identify(src/itc01_mr2/mr2_realsense) by extensions ['colcon_meta']
[0.954s] [34mcolcon.colcon_core.package_identification[0m [1;30mLevel 1[0m _identify(src/itc01_mr2/mr2_realsense) by extension 'colcon_meta'
[0.954s] [34mcolcon.colcon_core.package_identification[0m [1;30mLevel 1[0m _identify(src/itc01_mr2/mr2_realsense) by extensions ['ros']
[0.954s] [34mcolcon.colcon_core.package_identification[0m [1;30mLevel 1[0m _identify(src/itc01_mr2/mr2_realsense) by extension 'ros'
[0.957s] [34mcolcon.colcon_core.package_identification[0m [1;30mDEBUG[0m [32mPackage 'src/itc01_mr2/mr2_realsense' with type 'ros.ament_python' and name 'mr2_realsense'[0m
[0.958s] [34mcolcon.colcon_core.package_identification[0m [1;30mLevel 1[0m _identify(src/itc01_mr2/yolobot_recognition) by extensions ['ignore', 'ignore_ament_install']
[0.958s] [34mcolcon.colcon_core.package_identification[0m [1;30mLevel 1[0m _identify(src/itc01_mr2/yolobot_recognition) by extension 'ignore'
[0.958s] [34mcolcon.colcon_core.package_identification[0m [1;30mLevel 1[0m _identify(src/itc01_mr2/yolobot_recognition) by extension 'ignore_ament_install'
[0.958s] [34mcolcon.colcon_core.package_identification[0m [1;30mLevel 1[0m _identify(src/itc01_mr2/yolobot_recognition) by extensions ['colcon_pkg']
[0.959s] [34mcolcon.colcon_core.package_identification[0m [1;30mLevel 1[0m _identify(src/itc01_mr2/yolobot_recognition) by extension 'colcon_pkg'
[0.959s] [34mcolcon.colcon_core.package_identification[0m [1;30mLevel 1[0m _identify(src/itc01_mr2/yolobot_recognition) by extensions ['colcon_meta']
[0.959s] [34mcolcon.colcon_core.package_identification[0m [1;30mLevel 1[0m _identify(src/itc01_mr2/yolobot_recognition) by extension 'colcon_meta'
[0.959s] [34mcolcon.colcon_core.package_identification[0m [1;30mLevel 1[0m _identify(src/itc01_mr2/yolobot_recognition) by extensions ['ros']
[0.959s] [34mcolcon.colcon_core.package_identification[0m [1;30mLevel 1[0m _identify(src/itc01_mr2/yolobot_recognition) by extension 'ros'
[0.961s] [34mcolcon.colcon_core.package_identification[0m [1;30mDEBUG[0m [32mPackage 'src/itc01_mr2/yolobot_recognition' with type 'ros.ament_cmake' and name 'yolobot_recognition'[0m
[0.961s] [34mcolcon.colcon_core.package_identification[0m [1;30mLevel 1[0m _identify(src/itc01_mr2/yolov8_msgs) by extensions ['ignore', 'ignore_ament_install']
[0.961s] [34mcolcon.colcon_core.package_identification[0m [1;30mLevel 1[0m _identify(src/itc01_mr2/yolov8_msgs) by extension 'ignore'
[0.961s] [34mcolcon.colcon_core.package_identification[0m [1;30mLevel 1[0m _identify(src/itc01_mr2/yolov8_msgs) by extension 'ignore_ament_install'
[0.962s] [34mcolcon.colcon_core.package_identification[0m [1;30mLevel 1[0m _identify(src/itc01_mr2/yolov8_msgs) by extensions ['colcon_pkg']
[0.962s] [34mcolcon.colcon_core.package_identification[0m [1;30mLevel 1[0m _identify(src/itc01_mr2/yolov8_msgs) by extension 'colcon_pkg'
[0.962s] [34mcolcon.colcon_core.package_identification[0m [1;30mLevel 1[0m _identify(src/itc01_mr2/yolov8_msgs) by extensions ['colcon_meta']
[0.962s] [34mcolcon.colcon_core.package_identification[0m [1;30mLevel 1[0m _identify(src/itc01_mr2/yolov8_msgs) by extension 'colcon_meta'
[0.962s] [34mcolcon.colcon_core.package_identification[0m [1;30mLevel 1[0m _identify(src/itc01_mr2/yolov8_msgs) by extensions ['ros']
[0.962s] [34mcolcon.colcon_core.package_identification[0m [1;30mLevel 1[0m _identify(src/itc01_mr2/yolov8_msgs) by extension 'ros'
[0.964s] [34mcolcon.colcon_core.package_identification[0m [1;30mDEBUG[0m [32mPackage 'src/itc01_mr2/yolov8_msgs' with type 'ros.ament_cmake' and name 'yolov8_msgs'[0m
[0.964s] [34mcolcon.colcon_core.package_discovery[0m [1;30mLevel 1[0m discover_packages(recursive) using defaults
[0.965s] [34mcolcon.colcon_core.package_discovery[0m [1;30mLevel 1[0m discover_packages(ignore) discover
[0.965s] [34mcolcon.colcon_core.package_discovery[0m [1;30mLevel 1[0m discover_packages(ignore) using defaults
[0.965s] [34mcolcon.colcon_core.package_discovery[0m [1;30mLevel 1[0m discover_packages(path) discover
[0.965s] [34mcolcon.colcon_core.package_discovery[0m [1;30mLevel 1[0m discover_packages(path) using defaults
[1.009s] [34mcolcon.colcon_core.package_selection[0m [1;30mINFO[0m Skipping not selected package 'mr2_realsense' in 'src/itc01_mr2/mr2_realsense'
[1.009s] [34mcolcon.colcon_core.package_selection[0m [1;30mINFO[0m Skipping not selected package 'yolobot_recognition' in 'src/itc01_mr2/yolobot_recognition'
[1.009s] [34mcolcon.colcon_core.package_selection[0m [1;30mINFO[0m Skipping not selected package 'yolov8_msgs' in 'src/itc01_mr2/yolov8_msgs'
[1.010s] [34mcolcon.colcon_core.package_discovery[0m [1;30mLevel 1[0m discover_packages(prefix_path) check parameters
[1.010s] [34mcolcon.colcon_core.package_discovery[0m [1;30mLevel 1[0m discover_packages(prefix_path) discover
[1.016s] [34mcolcon.colcon_installed_package_information.package_discovery[0m [1;30mDEBUG[0m [32mFound 4 installed packages in /home/jsagx-6/itc01_ws/install[0m
[1.028s] [34mcolcon.colcon_installed_package_information.package_discovery[0m [1;30mDEBUG[0m [32mFound 228 installed packages in /opt/ros/foxy[0m
[1.035s] [34mcolcon.colcon_core.package_discovery[0m [1;30mLevel 1[0m discover_packages(prefix_path) using defaults
[1.172s] [34mcolcon.colcon_core.verb[0m [1;30mLevel 5[0m set package 'buffalo_robot' build argument 'cmake_args' from command line to 'None'
[1.172s] [34mcolcon.colcon_core.verb[0m [1;30mLevel 5[0m set package 'buffalo_robot' build argument 'cmake_target' from command line to 'None'
[1.172s] [34mcolcon.colcon_core.verb[0m [1;30mLevel 5[0m set package 'buffalo_robot' build argument 'cmake_target_skip_unavailable' from command line to 'False'
[1.172s] [34mcolcon.colcon_core.verb[0m [1;30mLevel 5[0m set package 'buffalo_robot' build argument 'cmake_clean_cache' from command line to 'False'
[1.172s] [34mcolcon.colcon_core.verb[0m [1;30mLevel 5[0m set package 'buffalo_robot' build argument 'cmake_clean_first' from command line to 'False'
[1.172s] [34mcolcon.colcon_core.verb[0m [1;30mLevel 5[0m set package 'buffalo_robot' build argument 'cmake_force_configure' from command line to 'False'
[1.172s] [34mcolcon.colcon_core.verb[0m [1;30mLevel 5[0m set package 'buffalo_robot' build argument 'ament_cmake_args' from command line to 'None'
[1.173s] [34mcolcon.colcon_core.verb[0m [1;30mLevel 5[0m set package 'buffalo_robot' build argument 'catkin_cmake_args' from command line to 'None'
[1.173s] [34mcolcon.colcon_core.verb[0m [1;30mLevel 5[0m set package 'buffalo_robot' build argument 'catkin_skip_building_tests' from command line to 'False'
[1.173s] [34mcolcon.colcon_core.verb[0m [1;30mDEBUG[0m [32mBuilding package 'buffalo_robot' with the following arguments: {'ament_cmake_args': None, 'build_base': '/home/jsagx-6/itc01_ws/build/buffalo_robot', 'catkin_cmake_args': None, 'catkin_skip_building_tests': False, 'cmake_args': None, 'cmake_clean_cache': False, 'cmake_clean_first': False, 'cmake_force_configure': False, 'cmake_target': None, 'cmake_target_skip_unavailable': False, 'install_base': '/home/jsagx-6/itc01_ws/install/buffalo_robot', 'merge_install': False, 'path': '/home/jsagx-6/itc01_ws/src/itc01_mr2/buffalo_robot', 'symlink_install': False, 'test_result_base': None}[0m
[1.173s] [34mcolcon.colcon_core.executor[0m [1;30mINFO[0m Executing jobs using 'parallel' executor
[1.177s] [34mcolcon.colcon_parallel_executor.executor.parallel[0m [1;30mDEBUG[0m [32mrun_until_complete[0m
[1.178s] [34mcolcon.colcon_ros.task.ament_python.build[0m [1;30mINFO[0m Building ROS package in '/home/jsagx-6/itc01_ws/src/itc01_mr2/buffalo_robot' with build type 'ament_python'
[1.179s] [34mcolcon.colcon_core.shell[0m [1;30mLevel 1[0m create_environment_hook('buffalo_robot', 'ament_prefix_path')
[1.186s] [34mcolcon.colcon_core.plugin_system[0m [1;30mINFO[0m Skipping extension 'colcon_core.shell.bat': Not used on non-Windows systems
[1.187s] [34mcolcon.colcon_core.shell[0m [1;30mINFO[0m Creating environment hook '/home/jsagx-6/itc01_ws/install/buffalo_robot/share/buffalo_robot/hook/ament_prefix_path.ps1'
[1.188s] [34mcolcon.colcon_core.shell[0m [1;30mINFO[0m Creating environment descriptor '/home/jsagx-6/itc01_ws/install/buffalo_robot/share/buffalo_robot/hook/ament_prefix_path.dsv'
[1.190s] [34mcolcon.colcon_core.shell[0m [1;30mINFO[0m Creating environment hook '/home/jsagx-6/itc01_ws/install/buffalo_robot/share/buffalo_robot/hook/ament_prefix_path.sh'
[1.192s] [34mcolcon.colcon_core.shell[0m [1;30mINFO[0m Skip shell extension 'powershell' for command environment: Not usable outside of PowerShell
[1.192s] [34mcolcon.colcon_core.shell[0m [1;30mDEBUG[0m [32mSkip shell extension 'dsv' for command environment[0m
[1.914s] [34mcolcon.colcon_core.task.python.build[0m [1;30mINFO[0m Building Python package in '/home/jsagx-6/itc01_ws/src/itc01_mr2/buffalo_robot'
[1.917s] [34mcolcon.colcon_core.shell[0m [1;30mINFO[0m Skip shell extension 'powershell' for command environment: Not usable outside of PowerShell
[1.917s] [34mcolcon.colcon_core.shell[0m [1;30mDEBUG[0m [32mSkip shell extension 'dsv' for command environment[0m
[3.808s] [34mcolcon.colcon_core.event_handler.log_command[0m [1;30mDEBUG[0m [32mInvoking command in '/home/jsagx-6/itc01_ws/src/itc01_mr2/buffalo_robot': PYTHONPATH=/home/jsagx-6/itc01_ws/build/buffalo_robot/prefix_override:/home/jsagx-6/itc01_ws/install/buffalo_robot/lib/python3.8/site-packages:${PYTHONPATH} /usr/bin/python3 -W ignore:setup.py install is deprecated setup.py egg_info --egg-base ../../../build/buffalo_robot build --build-base /home/jsagx-6/itc01_ws/build/buffalo_robot/build install --record /home/jsagx-6/itc01_ws/build/buffalo_robot/install.log --install-scripts $base/lib/buffalo_robot --single-version-externally-managed install_data[0m
[5.548s] [34mcolcon.colcon_core.event_handler.log_command[0m [1;30mDEBUG[0m [32mInvoked command in '/home/jsagx-6/itc01_ws/src/itc01_mr2/buffalo_robot' returned '0': PYTHONPATH=/home/jsagx-6/itc01_ws/build/buffalo_robot/prefix_override:/home/jsagx-6/itc01_ws/install/buffalo_robot/lib/python3.8/site-packages:${PYTHONPATH} /usr/bin/python3 -W ignore:setup.py install is deprecated setup.py egg_info --egg-base ../../../build/buffalo_robot build --build-base /home/jsagx-6/itc01_ws/build/buffalo_robot/build install --record /home/jsagx-6/itc01_ws/build/buffalo_robot/install.log --install-scripts $base/lib/buffalo_robot --single-version-externally-managed install_data[0m
[5.567s] [34mcolcon.colcon_core.environment[0m [1;30mLevel 1[0m checking '/home/jsagx-6/itc01_ws/install/buffalo_robot' for CMake module files
[5.572s] [34mcolcon.colcon_core.environment[0m [1;30mLevel 1[0m checking '/home/jsagx-6/itc01_ws/install/buffalo_robot' for CMake config files
[5.578s] [34mcolcon.colcon_core.environment[0m [1;30mLevel 1[0m checking '/home/jsagx-6/itc01_ws/install/buffalo_robot/lib'
[5.579s] [34mcolcon.colcon_core.environment[0m [1;30mLevel 1[0m checking '/home/jsagx-6/itc01_ws/install/buffalo_robot/bin'
[5.580s] [34mcolcon.colcon_core.environment[0m [1;30mLevel 1[0m checking '/home/jsagx-6/itc01_ws/install/buffalo_robot/lib/pkgconfig/buffalo_robot.pc'
[5.581s] [34mcolcon.colcon_core.environment[0m [1;30mLevel 1[0m checking '/home/jsagx-6/itc01_ws/install/buffalo_robot/lib/python3.8/site-packages'
[5.581s] [34mcolcon.colcon_core.shell[0m [1;30mLevel 1[0m create_environment_hook('buffalo_robot', 'pythonpath')
[5.583s] [34mcolcon.colcon_core.shell[0m [1;30mINFO[0m Creating environment hook '/home/jsagx-6/itc01_ws/install/buffalo_robot/share/buffalo_robot/hook/pythonpath.ps1'
[5.586s] [34mcolcon.colcon_core.shell[0m [1;30mINFO[0m Creating environment descriptor '/home/jsagx-6/itc01_ws/install/buffalo_robot/share/buffalo_robot/hook/pythonpath.dsv'
[5.588s] [34mcolcon.colcon_core.shell[0m [1;30mINFO[0m Creating environment hook '/home/jsagx-6/itc01_ws/install/buffalo_robot/share/buffalo_robot/hook/pythonpath.sh'
[5.590s] [34mcolcon.colcon_core.environment[0m [1;30mLevel 1[0m checking '/home/jsagx-6/itc01_ws/install/buffalo_robot/bin'
[5.590s] [34mcolcon.colcon_core.environment[0m [1;30mLevel 1[0m create_environment_scripts_only(buffalo_robot)
[5.592s] [34mcolcon.colcon_core.shell[0m [1;30mINFO[0m Creating package script '/home/jsagx-6/itc01_ws/install/buffalo_robot/share/buffalo_robot/package.ps1'
[5.595s] [34mcolcon.colcon_core.shell[0m [1;30mINFO[0m Creating package descriptor '/home/jsagx-6/itc01_ws/install/buffalo_robot/share/buffalo_robot/package.dsv'
[5.597s] [34mcolcon.colcon_core.shell[0m [1;30mINFO[0m Creating package script '/home/jsagx-6/itc01_ws/install/buffalo_robot/share/buffalo_robot/package.sh'
[5.600s] [34mcolcon.colcon_core.shell[0m [1;30mINFO[0m Creating package script '/home/jsagx-6/itc01_ws/install/buffalo_robot/share/buffalo_robot/package.bash'
[5.602s] [34mcolcon.colcon_core.shell[0m [1;30mINFO[0m Creating package script '/home/jsagx-6/itc01_ws/install/buffalo_robot/share/buffalo_robot/package.zsh'
[5.604s] [34mcolcon.colcon_core.environment[0m [1;30mLevel 1[0m create_file_with_runtime_dependencies(/home/jsagx-6/itc01_ws/install/buffalo_robot/share/colcon-core/packages/buffalo_robot)
[5.605s] [34mcolcon.colcon_parallel_executor.executor.parallel[0m [1;30mDEBUG[0m [32mclosing loop[0m
[5.606s] [34mcolcon.colcon_parallel_executor.executor.parallel[0m [1;30mDEBUG[0m [32mloop closed[0m
[5.607s] [34mcolcon.colcon_parallel_executor.executor.parallel[0m [1;30mDEBUG[0m [32mrun_until_complete finished with '0'[0m
[5.607s] [34mcolcon.colcon_core.event_reactor[0m [1;30mDEBUG[0m [32mjoining thread[0m
[5.633s] [34mcolcon.colcon_core.plugin_system[0m [1;30mINFO[0m Skipping extension 'colcon_notification.desktop_notification.terminal_notifier': Not used on non-Darwin systems
[5.634s] [34mcolcon.colcon_core.plugin_system[0m [1;30mINFO[0m Skipping extension 'colcon_notification.desktop_notification.win32': Not used on non-Windows systems
[5.634s] [34mcolcon.colcon_notification.desktop_notification[0m [1;30mINFO[0m Sending desktop notification using 'notify2'
[5.710s] [34mcolcon.colcon_core.event_reactor[0m [1;30mDEBUG[0m [32mjoined thread[0m
[5.711s] [34mcolcon.colcon_core.shell[0m [1;30mINFO[0m Creating prefix script '/home/jsagx-6/itc01_ws/install/local_setup.ps1'
[5.714s] [34mcolcon.colcon_core.shell[0m [1;30mINFO[0m Creating prefix util module '/home/jsagx-6/itc01_ws/install/_local_setup_util_ps1.py'
[5.718s] [34mcolcon.colcon_core.shell[0m [1;30mINFO[0m Creating prefix chain script '/home/jsagx-6/itc01_ws/install/setup.ps1'
[5.721s] [34mcolcon.colcon_core.shell[0m [1;30mINFO[0m Creating prefix script '/home/jsagx-6/itc01_ws/install/local_setup.sh'
[5.723s] [34mcolcon.colcon_core.shell[0m [1;30mINFO[0m Creating prefix util module '/home/jsagx-6/itc01_ws/install/_local_setup_util_sh.py'
[5.724s] [34mcolcon.colcon_core.shell[0m [1;30mINFO[0m Creating prefix chain script '/home/jsagx-6/itc01_ws/install/setup.sh'
[5.728s] [34mcolcon.colcon_core.shell[0m [1;30mINFO[0m Creating prefix script '/home/jsagx-6/itc01_ws/install/local_setup.bash'
[5.730s] [34mcolcon.colcon_core.shell[0m [1;30mINFO[0m Creating prefix chain script '/home/jsagx-6/itc01_ws/install/setup.bash'
[5.733s] [34mcolcon.colcon_core.shell[0m [1;30mINFO[0m Creating prefix script '/home/jsagx-6/itc01_ws/install/local_setup.zsh'
[5.734s] [34mcolcon.colcon_core.shell[0m [1;30mINFO[0m Creating prefix chain script '/home/jsagx-6/itc01_ws/install/setup.zsh'
