[0.000000] (-) TimerEvent: {}
[0.001846] (buffalo_robot) JobQueued: {'identifier': 'buffalo_robot', 'dependencies': OrderedDict()}
[0.002200] (mr2_realsense) JobQueued: {'identifier': 'mr2_realsense', 'dependencies': OrderedDict()}
[0.002570] (yolobot_recognition) JobQueued: {'identifier': 'yolobot_recognition', 'dependencies': OrderedDict()}
[0.003186] (yolov8_msgs) JobQueued: {'identifier': 'yolov8_msgs', 'dependencies': OrderedDict()}
[0.003297] (buffalo_robot) JobStarted: {'identifier': 'buffalo_robot'}
[0.037544] (mr2_realsense) JobStarted: {'identifier': 'mr2_realsense'}
[0.071972] (yolobot_recognition) JobStarted: {'identifier': 'yolobot_recognition'}
[0.099366] (-) TimerEvent: {}
[0.102466] (yolov8_msgs) JobStarted: {'identifier': 'yolov8_msgs'}
[0.199943] (-) TimerEvent: {}
[0.301712] (-) TimerEvent: {}
[0.402389] (-) TimerEvent: {}
[0.503099] (-) TimerEvent: {}
[0.603702] (-) TimerEvent: {}
[0.704413] (-) TimerEvent: {}
[0.805813] (-) TimerEvent: {}
[0.907277] (-) TimerEvent: {}
[1.009061] (-) TimerEvent: {}
[1.109820] (-) TimerEvent: {}
[1.210576] (-) TimerEvent: {}
[1.311318] (-) TimerEvent: {}
[1.412128] (-) TimerEvent: {}
[1.509886] (yolobot_recognition) JobProgress: {'identifier': 'yolobot_recognition', 'progress': 'cmake'}
[1.512296] (-) TimerEvent: {}
[1.513577] (yolobot_recognition) JobProgress: {'identifier': 'yolobot_recognition', 'progress': 'build'}
[1.516851] (yolobot_recognition) Command: {'cmd': ['/usr/bin/cmake', '--build', '/home/jsagx-6/itc01_ws/build/yolobot_recognition', '--', '-j8', '-l8'], 'cwd': '/home/jsagx-6/itc01_ws/build/yolobot_recognition', 'env': OrderedDict([('USER', 'jsagx-6'), ('SSH_CLIENT', '192.168.77.215 41232 22'), ('LC_TIME', 'km_KH'), ('XDG_SESSION_TYPE', 'tty'), ('SHLVL', '1'), ('LD_LIBRARY_PATH', '/opt/ros/foxy/opt/yaml_cpp_vendor/lib:/opt/ros/foxy/lib/aarch64-linux-gnu:/opt/ros/foxy/lib:/home/jsagx-6/itc01_ws/install/yolov8_msgs/lib'), ('MOTD_SHOWN', 'pam'), ('HOME', '/home/jsagx-6'), ('OLDPWD', '/home/jsagx-6'), ('SSH_TTY', '/dev/pts/1'), ('JETSON_L4T', '35.5.0'), ('ROS_PYTHON_VERSION', '3'), ('JETSON_MODEL', 'Jetson-AGX'), ('LC_MONETARY', 'km_KH'), ('DBUS_SESSION_BUS_ADDRESS', 'unix:path=/run/user/1000/bus'), ('COLCON_PREFIX_PATH', '/home/jsagx-6/itc01_ws/install'), ('ROS_DISTRO', 'foxy'), ('LOGNAME', 'jsagx-6'), ('JETSON_MODULE', 'NVIDIA Jetson AGX Xavier (32 GB ram)'), ('JETSON_SERIAL_NUMBER', '1561221004404'), ('_', '/usr/bin/colcon'), ('ROS_VERSION', '2'), ('JETSON_CODENAME', 'Galen'), ('XDG_SESSION_CLASS', 'user'), ('TERM', 'xterm-256color'), ('XDG_SESSION_ID', '8'), ('ROS_LOCALHOST_ONLY', '0'), ('PATH', '/opt/ros/foxy/bin:/usr/local/sbin:/usr/local/bin:/usr/sbin:/usr/bin:/sbin:/bin:/usr/games:/usr/local/games:/snap/bin'), ('LC_ADDRESS', 'km_KH'), ('XDG_RUNTIME_DIR', '/run/user/1000'), ('LANG', 'en_US.UTF-8'), ('LC_TELEPHONE', 'km_KH'), ('JETSON_SOC', 'tegra194'), ('AMENT_PREFIX_PATH', '/opt/ros/foxy:/home/jsagx-6/itc01_ws/install/yolov8_msgs:/home/jsagx-6/itc01_ws/install/yolobot_recognition:/home/jsagx-6/itc01_ws/install/mr2_realsense:/home/jsagx-6/itc01_ws/install/buffalo_robot'), ('SHELL', '/bin/bash'), ('LC_NAME', 'km_KH'), ('LC_MEASUREMENT', 'km_KH'), ('LC_IDENTIFICATION', 'km_KH'), ('JETSON_CUDA_ARCH_BIN', '7.2'), ('PWD', '/home/jsagx-6/itc01_ws/build/yolobot_recognition'), ('LC_ALL', 'en_US.UTF-8'), ('SSH_CONNECTION', '192.168.77.215 41232 192.168.77.206 22'), ('XDG_DATA_DIRS', '/usr/local/share:/usr/share:/var/lib/snapd/desktop'), ('PYTHONPATH', '/opt/ros/foxy/lib/python3.8/site-packages:/home/jsagx-6/itc01_ws/install/yolov8_msgs/lib/python3.8/site-packages:/home/jsagx-6/itc01_ws/install/mr2_realsense/lib/python3.8/site-packages:/home/jsagx-6/itc01_ws/install/buffalo_robot/lib/python3.8/site-packages'), ('LC_NUMERIC', 'km_KH'), ('LC_PAPER', 'km_KH'), ('COLCON', '1'), ('JETSON_JETPACK', '5.1.3'), ('CMAKE_PREFIX_PATH', '/opt/ros/foxy:/home/jsagx-6/itc01_ws/install/yolov8_msgs:/home/jsagx-6/itc01_ws/install/yolobot_recognition:/home/jsagx-6/itc01_ws/install/mr2_realsense:/home/jsagx-6/itc01_ws/install/buffalo_robot'), ('JETSON_P_NUMBER', 'p2888-0004')]), 'shell': False}
[1.536998] (yolov8_msgs) JobProgress: {'identifier': 'yolov8_msgs', 'progress': 'cmake'}
[1.539835] (yolov8_msgs) JobProgress: {'identifier': 'yolov8_msgs', 'progress': 'build'}
[1.541958] (yolov8_msgs) Command: {'cmd': ['/usr/bin/cmake', '--build', '/home/jsagx-6/itc01_ws/build/yolov8_msgs', '--', '-j8', '-l8'], 'cwd': '/home/jsagx-6/itc01_ws/build/yolov8_msgs', 'env': OrderedDict([('USER', 'jsagx-6'), ('SSH_CLIENT', '192.168.77.215 41232 22'), ('LC_TIME', 'km_KH'), ('XDG_SESSION_TYPE', 'tty'), ('SHLVL', '1'), ('LD_LIBRARY_PATH', '/opt/ros/foxy/opt/yaml_cpp_vendor/lib:/opt/ros/foxy/lib/aarch64-linux-gnu:/opt/ros/foxy/lib:/home/jsagx-6/itc01_ws/install/yolov8_msgs/lib'), ('MOTD_SHOWN', 'pam'), ('HOME', '/home/jsagx-6'), ('OLDPWD', '/home/jsagx-6'), ('SSH_TTY', '/dev/pts/1'), ('JETSON_L4T', '35.5.0'), ('ROS_PYTHON_VERSION', '3'), ('JETSON_MODEL', 'Jetson-AGX'), ('LC_MONETARY', 'km_KH'), ('DBUS_SESSION_BUS_ADDRESS', 'unix:path=/run/user/1000/bus'), ('COLCON_PREFIX_PATH', '/home/jsagx-6/itc01_ws/install'), ('ROS_DISTRO', 'foxy'), ('LOGNAME', 'jsagx-6'), ('JETSON_MODULE', 'NVIDIA Jetson AGX Xavier (32 GB ram)'), ('JETSON_SERIAL_NUMBER', '1561221004404'), ('_', '/usr/bin/colcon'), ('ROS_VERSION', '2'), ('JETSON_CODENAME', 'Galen'), ('XDG_SESSION_CLASS', 'user'), ('TERM', 'xterm-256color'), ('XDG_SESSION_ID', '8'), ('ROS_LOCALHOST_ONLY', '0'), ('PATH', '/opt/ros/foxy/bin:/usr/local/sbin:/usr/local/bin:/usr/sbin:/usr/bin:/sbin:/bin:/usr/games:/usr/local/games:/snap/bin'), ('LC_ADDRESS', 'km_KH'), ('XDG_RUNTIME_DIR', '/run/user/1000'), ('LANG', 'en_US.UTF-8'), ('LC_TELEPHONE', 'km_KH'), ('JETSON_SOC', 'tegra194'), ('AMENT_PREFIX_PATH', '/opt/ros/foxy:/home/jsagx-6/itc01_ws/install/yolov8_msgs:/home/jsagx-6/itc01_ws/install/yolobot_recognition:/home/jsagx-6/itc01_ws/install/mr2_realsense:/home/jsagx-6/itc01_ws/install/buffalo_robot'), ('SHELL', '/bin/bash'), ('LC_NAME', 'km_KH'), ('LC_MEASUREMENT', 'km_KH'), ('LC_IDENTIFICATION', 'km_KH'), ('JETSON_CUDA_ARCH_BIN', '7.2'), ('PWD', '/home/jsagx-6/itc01_ws/build/yolov8_msgs'), ('LC_ALL', 'en_US.UTF-8'), ('SSH_CONNECTION', '192.168.77.215 41232 192.168.77.206 22'), ('XDG_DATA_DIRS', '/usr/local/share:/usr/share:/var/lib/snapd/desktop'), ('PYTHONPATH', '/opt/ros/foxy/lib/python3.8/site-packages:/home/jsagx-6/itc01_ws/install/yolov8_msgs/lib/python3.8/site-packages:/home/jsagx-6/itc01_ws/install/mr2_realsense/lib/python3.8/site-packages:/home/jsagx-6/itc01_ws/install/buffalo_robot/lib/python3.8/site-packages'), ('LC_NUMERIC', 'km_KH'), ('LC_PAPER', 'km_KH'), ('COLCON', '1'), ('JETSON_JETPACK', '5.1.3'), ('CMAKE_PREFIX_PATH', '/opt/ros/foxy:/home/jsagx-6/itc01_ws/install/yolov8_msgs:/home/jsagx-6/itc01_ws/install/yolobot_recognition:/home/jsagx-6/itc01_ws/install/mr2_realsense:/home/jsagx-6/itc01_ws/install/buffalo_robot'), ('JETSON_P_NUMBER', 'p2888-0004')]), 'shell': False}
[1.612975] (-) TimerEvent: {}
[1.699966] (yolobot_recognition) CommandEnded: {'returncode': 0}
[1.713542] (-) TimerEvent: {}
[1.763931] (yolov8_msgs) StdoutLine: {'line': b'[  2%] Built target yolov8_msgs__cpp\n'}
[1.769299] (yolov8_msgs) StdoutLine: {'line': b'[ 12%] Built target yolov8_msgs__rosidl_generator_c\n'}
[1.790019] (yolobot_recognition) JobProgress: {'identifier': 'yolobot_recognition', 'progress': 'install'}
[1.813875] (-) TimerEvent: {}
[1.849532] (yolobot_recognition) Command: {'cmd': ['/usr/bin/cmake', '--install', '/home/jsagx-6/itc01_ws/build/yolobot_recognition'], 'cwd': '/home/jsagx-6/itc01_ws/build/yolobot_recognition', 'env': OrderedDict([('USER', 'jsagx-6'), ('SSH_CLIENT', '192.168.77.215 41232 22'), ('LC_TIME', 'km_KH'), ('XDG_SESSION_TYPE', 'tty'), ('SHLVL', '1'), ('LD_LIBRARY_PATH', '/opt/ros/foxy/opt/yaml_cpp_vendor/lib:/opt/ros/foxy/lib/aarch64-linux-gnu:/opt/ros/foxy/lib:/home/jsagx-6/itc01_ws/install/yolov8_msgs/lib'), ('MOTD_SHOWN', 'pam'), ('HOME', '/home/jsagx-6'), ('OLDPWD', '/home/jsagx-6'), ('SSH_TTY', '/dev/pts/1'), ('JETSON_L4T', '35.5.0'), ('ROS_PYTHON_VERSION', '3'), ('JETSON_MODEL', 'Jetson-AGX'), ('LC_MONETARY', 'km_KH'), ('DBUS_SESSION_BUS_ADDRESS', 'unix:path=/run/user/1000/bus'), ('COLCON_PREFIX_PATH', '/home/jsagx-6/itc01_ws/install'), ('ROS_DISTRO', 'foxy'), ('LOGNAME', 'jsagx-6'), ('JETSON_MODULE', 'NVIDIA Jetson AGX Xavier (32 GB ram)'), ('JETSON_SERIAL_NUMBER', '1561221004404'), ('_', '/usr/bin/colcon'), ('ROS_VERSION', '2'), ('JETSON_CODENAME', 'Galen'), ('XDG_SESSION_CLASS', 'user'), ('TERM', 'xterm-256color'), ('XDG_SESSION_ID', '8'), ('ROS_LOCALHOST_ONLY', '0'), ('PATH', '/opt/ros/foxy/bin:/usr/local/sbin:/usr/local/bin:/usr/sbin:/usr/bin:/sbin:/bin:/usr/games:/usr/local/games:/snap/bin'), ('LC_ADDRESS', 'km_KH'), ('XDG_RUNTIME_DIR', '/run/user/1000'), ('LANG', 'en_US.UTF-8'), ('LC_TELEPHONE', 'km_KH'), ('JETSON_SOC', 'tegra194'), ('AMENT_PREFIX_PATH', '/opt/ros/foxy:/home/jsagx-6/itc01_ws/install/yolov8_msgs:/home/jsagx-6/itc01_ws/install/yolobot_recognition:/home/jsagx-6/itc01_ws/install/mr2_realsense:/home/jsagx-6/itc01_ws/install/buffalo_robot'), ('SHELL', '/bin/bash'), ('LC_NAME', 'km_KH'), ('LC_MEASUREMENT', 'km_KH'), ('LC_IDENTIFICATION', 'km_KH'), ('JETSON_CUDA_ARCH_BIN', '7.2'), ('PWD', '/home/jsagx-6/itc01_ws/build/yolobot_recognition'), ('LC_ALL', 'en_US.UTF-8'), ('SSH_CONNECTION', '192.168.77.215 41232 192.168.77.206 22'), ('XDG_DATA_DIRS', '/usr/local/share:/usr/share:/var/lib/snapd/desktop'), ('PYTHONPATH', '/opt/ros/foxy/lib/python3.8/site-packages:/home/jsagx-6/itc01_ws/install/yolov8_msgs/lib/python3.8/site-packages:/home/jsagx-6/itc01_ws/install/mr2_realsense/lib/python3.8/site-packages:/home/jsagx-6/itc01_ws/install/buffalo_robot/lib/python3.8/site-packages'), ('LC_NUMERIC', 'km_KH'), ('LC_PAPER', 'km_KH'), ('COLCON', '1'), ('JETSON_JETPACK', '5.1.3'), ('CMAKE_PREFIX_PATH', '/opt/ros/foxy:/home/jsagx-6/itc01_ws/install/yolov8_msgs:/home/jsagx-6/itc01_ws/install/yolobot_recognition:/home/jsagx-6/itc01_ws/install/mr2_realsense:/home/jsagx-6/itc01_ws/install/buffalo_robot'), ('JETSON_P_NUMBER', 'p2888-0004')]), 'shell': False}
[1.859540] (yolov8_msgs) StdoutLine: {'line': b'[ 23%] Built target yolov8_msgs__rosidl_typesupport_cpp\n'}
[1.863010] (yolov8_msgs) StdoutLine: {'line': b'[ 33%] Built target yolov8_msgs__rosidl_typesupport_introspection_c\n'}
[1.875943] (yolov8_msgs) StdoutLine: {'line': b'[ 43%] Built target yolov8_msgs__rosidl_typesupport_fastrtps_cpp\n'}
[1.876899] (yolov8_msgs) StdoutLine: {'line': b'[ 53%] Built target yolov8_msgs__rosidl_typesupport_introspection_cpp\n'}
[1.878972] (yolov8_msgs) StdoutLine: {'line': b'[ 64%] Built target yolov8_msgs__rosidl_typesupport_c\n'}
[1.900968] (yolobot_recognition) StdoutLine: {'line': b'-- Install configuration: ""\n'}
[1.902426] (yolobot_recognition) StdoutLine: {'line': b'-- Up-to-date: /home/jsagx-6/itc01_ws/install/yolobot_recognition/share/yolobot_recognition//scripts\n'}
[1.903029] (yolobot_recognition) StdoutLine: {'line': b'-- Up-to-date: /home/jsagx-6/itc01_ws/install/yolobot_recognition/share/yolobot_recognition//scripts/train.py\n'}
[1.903394] (yolobot_recognition) StdoutLine: {'line': b'-- Up-to-date: /home/jsagx-6/itc01_ws/install/yolobot_recognition/share/yolobot_recognition//scripts/export.py\n'}
[1.903710] (yolobot_recognition) StdoutLine: {'line': b'-- Up-to-date: /home/jsagx-6/itc01_ws/install/yolobot_recognition/share/yolobot_recognition//scripts/yolov5s.pt\n'}
[1.904013] (yolobot_recognition) StdoutLine: {'line': b'-- Up-to-date: /home/jsagx-6/itc01_ws/install/yolobot_recognition/share/yolobot_recognition//scripts/data\n'}
[1.904302] (yolobot_recognition) StdoutLine: {'line': b'-- Up-to-date: /home/jsagx-6/itc01_ws/install/yolobot_recognition/share/yolobot_recognition//scripts/data/GlobalWheat2020.yaml\n'}
[1.905767] (yolobot_recognition) StdoutLine: {'line': b'-- Up-to-date: /home/jsagx-6/itc01_ws/install/yolobot_recognition/share/yolobot_recognition//scripts/data/images\n'}
[1.906145] (yolobot_recognition) StdoutLine: {'line': b'-- Up-to-date: /home/jsagx-6/itc01_ws/install/yolobot_recognition/share/yolobot_recognition//scripts/data/images/zidane.jpg\n'}
[1.906463] (yolobot_recognition) StdoutLine: {'line': b'-- Up-to-date: /home/jsagx-6/itc01_ws/install/yolobot_recognition/share/yolobot_recognition//scripts/data/images/bus.jpg\n'}
[1.907281] (yolobot_recognition) StdoutLine: {'line': b'-- Up-to-date: /home/jsagx-6/itc01_ws/install/yolobot_recognition/share/yolobot_recognition//scripts/data/coco128.yaml\n'}
[1.907603] (yolobot_recognition) StdoutLine: {'line': b'-- Up-to-date: /home/jsagx-6/itc01_ws/install/yolobot_recognition/share/yolobot_recognition//scripts/data/xView.yaml\n'}
[1.908511] (yolobot_recognition) StdoutLine: {'line': b'-- Up-to-date: /home/jsagx-6/itc01_ws/install/yolobot_recognition/share/yolobot_recognition//scripts/data/ImageNet.yaml\n'}
[1.909166] (yolobot_recognition) StdoutLine: {'line': b'-- Up-to-date: /home/jsagx-6/itc01_ws/install/yolobot_recognition/share/yolobot_recognition//scripts/data/scripts\n'}
[1.909660] (yolobot_recognition) StdoutLine: {'line': b'-- Up-to-date: /home/jsagx-6/itc01_ws/install/yolobot_recognition/share/yolobot_recognition//scripts/data/scripts/get_coco.sh\n'}
[1.909993] (yolobot_recognition) StdoutLine: {'line': b'-- Up-to-date: /home/jsagx-6/itc01_ws/install/yolobot_recognition/share/yolobot_recognition//scripts/data/scripts/get_coco128.sh\n'}
[1.910763] (yolobot_recognition) StdoutLine: {'line': b'-- Up-to-date: /home/jsagx-6/itc01_ws/install/yolobot_recognition/share/yolobot_recognition//scripts/data/scripts/get_imagenet.sh\n'}
[1.911383] (yolobot_recognition) StdoutLine: {'line': b'-- Up-to-date: /home/jsagx-6/itc01_ws/install/yolobot_recognition/share/yolobot_recognition//scripts/data/scripts/download_weights.sh\n'}
[1.911988] (yolobot_recognition) StdoutLine: {'line': b'-- Up-to-date: /home/jsagx-6/itc01_ws/install/yolobot_recognition/share/yolobot_recognition//scripts/data/Argoverse.yaml\n'}
[1.912388] (yolobot_recognition) StdoutLine: {'line': b'-- Up-to-date: /home/jsagx-6/itc01_ws/install/yolobot_recognition/share/yolobot_recognition//scripts/data/VisDrone.yaml\n'}
[1.913455] (yolobot_recognition) StdoutLine: {'line': b'-- Up-to-date: /home/jsagx-6/itc01_ws/install/yolobot_recognition/share/yolobot_recognition//scripts/data/VOC.yaml\n'}
[1.913819] (yolobot_recognition) StdoutLine: {'line': b'-- Up-to-date: /home/jsagx-6/itc01_ws/install/yolobot_recognition/share/yolobot_recognition//scripts/data/hyps\n'}
[1.914131] (-) TimerEvent: {}
[1.914999] (yolobot_recognition) StdoutLine: {'line': b'-- Up-to-date: /home/jsagx-6/itc01_ws/install/yolobot_recognition/share/yolobot_recognition//scripts/data/hyps/hyp.scratch-med.yaml\n'}
[1.915535] (yolobot_recognition) StdoutLine: {'line': b'-- Up-to-date: /home/jsagx-6/itc01_ws/install/yolobot_recognition/share/yolobot_recognition//scripts/data/hyps/hyp.VOC.yaml\n'}
[1.916279] (yolobot_recognition) StdoutLine: {'line': b'-- Up-to-date: /home/jsagx-6/itc01_ws/install/yolobot_recognition/share/yolobot_recognition//scripts/data/hyps/hyp.scratch-high.yaml\n'}
[1.916766] (yolobot_recognition) StdoutLine: {'line': b'-- Up-to-date: /home/jsagx-6/itc01_ws/install/yolobot_recognition/share/yolobot_recognition//scripts/data/hyps/hyp.scratch-low.yaml\n'}
[1.917687] (yolobot_recognition) StdoutLine: {'line': b'-- Up-to-date: /home/jsagx-6/itc01_ws/install/yolobot_recognition/share/yolobot_recognition//scripts/data/hyps/hyp.Objects365.yaml\n'}
[1.918422] (yolobot_recognition) StdoutLine: {'line': b'-- Up-to-date: /home/jsagx-6/itc01_ws/install/yolobot_recognition/share/yolobot_recognition//scripts/data/hyps/hyp.no-augmentation.yaml\n'}
[1.918905] (yolobot_recognition) StdoutLine: {'line': b'-- Up-to-date: /home/jsagx-6/itc01_ws/install/yolobot_recognition/share/yolobot_recognition//scripts/data/SKU-110K.yaml\n'}
[1.919674] (yolobot_recognition) StdoutLine: {'line': b'-- Up-to-date: /home/jsagx-6/itc01_ws/install/yolobot_recognition/share/yolobot_recognition//scripts/data/coco128-seg.yaml\n'}
[1.920063] (yolobot_recognition) StdoutLine: {'line': b'-- Up-to-date: /home/jsagx-6/itc01_ws/install/yolobot_recognition/share/yolobot_recognition//scripts/data/Objects365.yaml\n'}
[1.920421] (yolobot_recognition) StdoutLine: {'line': b'-- Up-to-date: /home/jsagx-6/itc01_ws/install/yolobot_recognition/share/yolobot_recognition//scripts/data/coco.yaml\n'}
[1.921347] (yolobot_recognition) StdoutLine: {'line': b'-- Up-to-date: /home/jsagx-6/itc01_ws/install/yolobot_recognition/share/yolobot_recognition//scripts/.gitignore\n'}
[1.921986] (yolobot_recognition) StdoutLine: {'line': b'-- Up-to-date: /home/jsagx-6/itc01_ws/install/yolobot_recognition/share/yolobot_recognition//scripts/runs\n'}
[1.922618] (yolobot_recognition) StdoutLine: {'line': b'-- Up-to-date: /home/jsagx-6/itc01_ws/install/yolobot_recognition/share/yolobot_recognition//scripts/runs/detect\n'}
[1.923529] (yolobot_recognition) StdoutLine: {'line': b'-- Up-to-date: /home/jsagx-6/itc01_ws/install/yolobot_recognition/share/yolobot_recognition//scripts/runs/detect/exp\n'}
[1.924010] (yolobot_recognition) StdoutLine: {'line': b'-- Up-to-date: /home/jsagx-6/itc01_ws/install/yolobot_recognition/share/yolobot_recognition//scripts/runs/detect/exp/zidane.jpg\n'}
[1.924659] (yolobot_recognition) StdoutLine: {'line': b'-- Up-to-date: /home/jsagx-6/itc01_ws/install/yolobot_recognition/share/yolobot_recognition//scripts/runs/detect/exp/bus.jpg\n'}
[1.925157] (yolobot_recognition) StdoutLine: {'line': b'-- Up-to-date: /home/jsagx-6/itc01_ws/install/yolobot_recognition/share/yolobot_recognition//scripts/detect.py\n'}
[1.925483] (yolobot_recognition) StdoutLine: {'line': b'-- Up-to-date: /home/jsagx-6/itc01_ws/install/yolobot_recognition/share/yolobot_recognition//scripts/models\n'}
[1.926110] (yolobot_recognition) StdoutLine: {'line': b'-- Up-to-date: /home/jsagx-6/itc01_ws/install/yolobot_recognition/share/yolobot_recognition//scripts/models/segment\n'}
[1.926559] (yolobot_recognition) StdoutLine: {'line': b'-- Up-to-date: /home/jsagx-6/itc01_ws/install/yolobot_recognition/share/yolobot_recognition//scripts/models/segment/yolov5s-seg.yaml\n'}
[1.926903] (yolobot_recognition) StdoutLine: {'line': b'-- Up-to-date: /home/jsagx-6/itc01_ws/install/yolobot_recognition/share/yolobot_recognition//scripts/models/segment/yolov5x-seg.yaml\n'}
[1.927226] (yolobot_recognition) StdoutLine: {'line': b'-- Up-to-date: /home/jsagx-6/itc01_ws/install/yolobot_recognition/share/yolobot_recognition//scripts/models/segment/yolov5m-seg.yaml\n'}
[1.927509] (yolobot_recognition) StdoutLine: {'line': b'-- Up-to-date: /home/jsagx-6/itc01_ws/install/yolobot_recognition/share/yolobot_recognition//scripts/models/segment/yolov5l-seg.yaml\n'}
[1.927806] (yolobot_recognition) StdoutLine: {'line': b'-- Up-to-date: /home/jsagx-6/itc01_ws/install/yolobot_recognition/share/yolobot_recognition//scripts/models/segment/yolov5n-seg.yaml\n'}
[1.928343] (yolobot_recognition) StdoutLine: {'line': b'-- Up-to-date: /home/jsagx-6/itc01_ws/install/yolobot_recognition/share/yolobot_recognition//scripts/models/yolov5m.yaml\n'}
[1.928640] (yolobot_recognition) StdoutLine: {'line': b'-- Up-to-date: /home/jsagx-6/itc01_ws/install/yolobot_recognition/share/yolobot_recognition//scripts/models/yolov5x.yaml\n'}
[1.928996] (yolobot_recognition) StdoutLine: {'line': b'-- Up-to-date: /home/jsagx-6/itc01_ws/install/yolobot_recognition/share/yolobot_recognition//scripts/models/hub\n'}
[1.929307] (yolobot_recognition) StdoutLine: {'line': b'-- Up-to-date: /home/jsagx-6/itc01_ws/install/yolobot_recognition/share/yolobot_recognition//scripts/models/hub/yolov3-tiny.yaml\n'}
[1.929586] (yolobot_recognition) StdoutLine: {'line': b'-- Up-to-date: /home/jsagx-6/itc01_ws/install/yolobot_recognition/share/yolobot_recognition//scripts/models/hub/yolov5-p34.yaml\n'}
[1.929866] (yolobot_recognition) StdoutLine: {'line': b'-- Up-to-date: /home/jsagx-6/itc01_ws/install/yolobot_recognition/share/yolobot_recognition//scripts/models/hub/yolov5m6.yaml\n'}
[1.930173] (yolobot_recognition) StdoutLine: {'line': b'-- Up-to-date: /home/jsagx-6/itc01_ws/install/yolobot_recognition/share/yolobot_recognition//scripts/models/hub/yolov3.yaml\n'}
[1.930491] (yolobot_recognition) StdoutLine: {'line': b'-- Up-to-date: /home/jsagx-6/itc01_ws/install/yolobot_recognition/share/yolobot_recognition//scripts/models/hub/yolov5-bifpn.yaml\n'}
[1.930772] (yolobot_recognition) StdoutLine: {'line': b'-- Up-to-date: /home/jsagx-6/itc01_ws/install/yolobot_recognition/share/yolobot_recognition//scripts/models/hub/yolov5n6.yaml\n'}
[1.931483] (yolobot_recognition) StdoutLine: {'line': b'-- Up-to-date: /home/jsagx-6/itc01_ws/install/yolobot_recognition/share/yolobot_recognition//scripts/models/hub/yolov5s-LeakyReLU.yaml\n'}
[1.931746] (yolobot_recognition) StdoutLine: {'line': b'-- Up-to-date: /home/jsagx-6/itc01_ws/install/yolobot_recognition/share/yolobot_recognition//scripts/models/hub/yolov5-fpn.yaml\n'}
[1.932014] (yolobot_recognition) StdoutLine: {'line': b'-- Up-to-date: /home/jsagx-6/itc01_ws/install/yolobot_recognition/share/yolobot_recognition//scripts/models/hub/yolov3-spp.yaml\n'}
[1.932245] (yolobot_recognition) StdoutLine: {'line': b'-- Up-to-date: /home/jsagx-6/itc01_ws/install/yolobot_recognition/share/yolobot_recognition//scripts/models/hub/yolov5l6.yaml\n'}
[1.932489] (yolobot_recognition) StdoutLine: {'line': b'-- Up-to-date: /home/jsagx-6/itc01_ws/install/yolobot_recognition/share/yolobot_recognition//scripts/models/hub/yolov5-p2.yaml\n'}
[1.932847] (yolobot_recognition) StdoutLine: {'line': b'-- Up-to-date: /home/jsagx-6/itc01_ws/install/yolobot_recognition/share/yolobot_recognition//scripts/models/hub/anchors.yaml\n'}
[1.933135] (yolobot_recognition) StdoutLine: {'line': b'-- Up-to-date: /home/jsagx-6/itc01_ws/install/yolobot_recognition/share/yolobot_recognition//scripts/models/hub/yolov5s6.yaml\n'}
[1.933387] (yolobot_recognition) StdoutLine: {'line': b'-- Up-to-date: /home/jsagx-6/itc01_ws/install/yolobot_recognition/share/yolobot_recognition//scripts/models/hub/yolov5s-transformer.yaml\n'}
[1.933639] (yolobot_recognition) StdoutLine: {'line': b'-- Up-to-date: /home/jsagx-6/itc01_ws/install/yolobot_recognition/share/yolobot_recognition//scripts/models/hub/yolov5x6.yaml\n'}
[1.934223] (yolobot_recognition) StdoutLine: {'line': b'-- Up-to-date: /home/jsagx-6/itc01_ws/install/yolobot_recognition/share/yolobot_recognition//scripts/models/hub/yolov5s-ghost.yaml\n'}
[1.934832] (yolobot_recognition) StdoutLine: {'line': b'-- Up-to-date: /home/jsagx-6/itc01_ws/install/yolobot_recognition/share/yolobot_recognition//scripts/models/hub/yolov5-p7.yaml\n'}
[1.935751] (yolobot_recognition) StdoutLine: {'line': b'-- Up-to-date: /home/jsagx-6/itc01_ws/install/yolobot_recognition/share/yolobot_recognition//scripts/models/hub/yolov5-panet.yaml\n'}
[1.936025] (yolobot_recognition) StdoutLine: {'line': b'-- Up-to-date: /home/jsagx-6/itc01_ws/install/yolobot_recognition/share/yolobot_recognition//scripts/models/hub/yolov5-p6.yaml\n'}
[1.936588] (yolobot_recognition) StdoutLine: {'line': b'-- Up-to-date: /home/jsagx-6/itc01_ws/install/yolobot_recognition/share/yolobot_recognition//scripts/models/yolov5s.yaml\n'}
[1.937581] (yolobot_recognition) StdoutLine: {'line': b'-- Up-to-date: /home/jsagx-6/itc01_ws/install/yolobot_recognition/share/yolobot_recognition//scripts/models/yolov5l.yaml\n'}
[1.937899] (yolobot_recognition) StdoutLine: {'line': b'-- Up-to-date: /home/jsagx-6/itc01_ws/install/yolobot_recognition/share/yolobot_recognition//scripts/models/experimental.py\n'}
[1.938172] (yolobot_recognition) StdoutLine: {'line': b'-- Up-to-date: /home/jsagx-6/itc01_ws/install/yolobot_recognition/share/yolobot_recognition//scripts/models/yolov5n.yaml\n'}
[1.938458] (yolobot_recognition) StdoutLine: {'line': b'-- Up-to-date: /home/jsagx-6/itc01_ws/install/yolobot_recognition/share/yolobot_recognition//scripts/models/tf.py\n'}
[1.938746] (yolobot_recognition) StdoutLine: {'line': b'-- Up-to-date: /home/jsagx-6/itc01_ws/install/yolobot_recognition/share/yolobot_recognition//scripts/models/__init__.py\n'}
[1.939042] (yolobot_recognition) StdoutLine: {'line': b'-- Up-to-date: /home/jsagx-6/itc01_ws/install/yolobot_recognition/share/yolobot_recognition//scripts/models/common.py\n'}
[1.939306] (yolobot_recognition) StdoutLine: {'line': b'-- Up-to-date: /home/jsagx-6/itc01_ws/install/yolobot_recognition/share/yolobot_recognition//scripts/models/__pycache__\n'}
[1.943751] (yolobot_recognition) StdoutLine: {'line': b'-- Up-to-date: /home/jsagx-6/itc01_ws/install/yolobot_recognition/share/yolobot_recognition//scripts/models/__pycache__/__init__.cpython-38.pyc\n'}
[1.945229] (yolobot_recognition) StdoutLine: {'line': b'-- Up-to-date: /home/jsagx-6/itc01_ws/install/yolobot_recognition/share/yolobot_recognition//scripts/models/__pycache__/common.cpython-310.pyc\n'}
[1.946301] (yolobot_recognition) StdoutLine: {'line': b'-- Up-to-date: /home/jsagx-6/itc01_ws/install/yolobot_recognition/share/yolobot_recognition//scripts/models/__pycache__/experimental.cpython-310.pyc\n'}
[1.947064] (yolobot_recognition) StdoutLine: {'line': b'-- Up-to-date: /home/jsagx-6/itc01_ws/install/yolobot_recognition/share/yolobot_recognition//scripts/models/__pycache__/yolo.cpython-310.pyc\n'}
[1.947570] (yolobot_recognition) StdoutLine: {'line': b'-- Up-to-date: /home/jsagx-6/itc01_ws/install/yolobot_recognition/share/yolobot_recognition//scripts/models/__pycache__/yolo.cpython-38.pyc\n'}
[1.949044] (yolobot_recognition) StdoutLine: {'line': b'-- Up-to-date: /home/jsagx-6/itc01_ws/install/yolobot_recognition/share/yolobot_recognition//scripts/models/__pycache__/experimental.cpython-38.pyc\n'}
[1.950893] (yolobot_recognition) StdoutLine: {'line': b'-- Up-to-date: /home/jsagx-6/itc01_ws/install/yolobot_recognition/share/yolobot_recognition//scripts/models/__pycache__/__init__.cpython-310.pyc\n'}
[1.951353] (yolobot_recognition) StdoutLine: {'line': b'-- Up-to-date: /home/jsagx-6/itc01_ws/install/yolobot_recognition/share/yolobot_recognition//scripts/models/__pycache__/common.cpython-38.pyc\n'}
[1.951813] (yolobot_recognition) StdoutLine: {'line': b'-- Up-to-date: /home/jsagx-6/itc01_ws/install/yolobot_recognition/share/yolobot_recognition//scripts/models/yolo.py\n'}
[1.952536] (yolobot_recognition) StdoutLine: {'line': b'-- Up-to-date: /home/jsagx-6/itc01_ws/install/yolobot_recognition/share/yolobot_recognition//scripts/yolov5_detection.py\n'}
[1.953398] (yolobot_recognition) StdoutLine: {'line': b'-- Up-to-date: /home/jsagx-6/itc01_ws/install/yolobot_recognition/share/yolobot_recognition//scripts/.dockerignore\n'}
[1.954095] (yolobot_recognition) StdoutLine: {'line': b'-- Up-to-date: /home/jsagx-6/itc01_ws/install/yolobot_recognition/share/yolobot_recognition//scripts/__pycache__\n'}
[1.954504] (yolobot_recognition) StdoutLine: {'line': b'-- Up-to-date: /home/jsagx-6/itc01_ws/install/yolobot_recognition/share/yolobot_recognition//scripts/__pycache__/val.cpython-310.pyc\n'}
[1.955147] (yolobot_recognition) StdoutLine: {'line': b'-- Up-to-date: /home/jsagx-6/itc01_ws/install/yolobot_recognition/share/yolobot_recognition//scripts/__pycache__/export.cpython-38.pyc\n'}
[1.956638] (yolobot_recognition) StdoutLine: {'line': b'-- Up-to-date: /home/jsagx-6/itc01_ws/install/yolobot_recognition/share/yolobot_recognition//scripts/__pycache__/export.cpython-310.pyc\n'}
[1.957409] (yolobot_recognition) StdoutLine: {'line': b'-- Up-to-date: /home/jsagx-6/itc01_ws/install/yolobot_recognition/share/yolobot_recognition//scripts/hubconf.py\n'}
[1.958173] (yolobot_recognition) StdoutLine: {'line': b'-- Up-to-date: /home/jsagx-6/itc01_ws/install/yolobot_recognition/share/yolobot_recognition//scripts/ros_recognition_yolo.py\n'}
[1.958887] (yolobot_recognition) StdoutLine: {'line': b'-- Up-to-date: /home/jsagx-6/itc01_ws/install/yolobot_recognition/share/yolobot_recognition//scripts/val.py\n'}
[1.959586] (yolobot_recognition) StdoutLine: {'line': b'-- Up-to-date: /home/jsagx-6/itc01_ws/install/yolobot_recognition/share/yolobot_recognition//scripts/setup.cfg\n'}
[1.959996] (yolobot_recognition) StdoutLine: {'line': b'-- Up-to-date: /home/jsagx-6/itc01_ws/install/yolobot_recognition/share/yolobot_recognition//scripts/best.pt\n'}
[1.960602] (yolobot_recognition) StdoutLine: {'line': b'-- Up-to-date: /home/jsagx-6/itc01_ws/install/yolobot_recognition/share/yolobot_recognition//scripts/utils\n'}
[1.961166] (yolobot_recognition) StdoutLine: {'line': b'-- Up-to-date: /home/jsagx-6/itc01_ws/install/yolobot_recognition/share/yolobot_recognition//scripts/utils/segment\n'}
[1.962272] (yolobot_recognition) StdoutLine: {'line': b'-- Up-to-date: /home/jsagx-6/itc01_ws/install/yolobot_recognition/share/yolobot_recognition//scripts/utils/segment/dataloaders.py\n'}
[1.963008] (yolobot_recognition) StdoutLine: {'line': b'-- Up-to-date: /home/jsagx-6/itc01_ws/install/yolobot_recognition/share/yolobot_recognition//scripts/utils/segment/plots.py\n'}
[1.964157] (yolobot_recognition) StdoutLine: {'line': b'-- Up-to-date: /home/jsagx-6/itc01_ws/install/yolobot_recognition/share/yolobot_recognition//scripts/utils/segment/augmentations.py\n'}
[1.964624] (yolobot_recognition) StdoutLine: {'line': b'-- Up-to-date: /home/jsagx-6/itc01_ws/install/yolobot_recognition/share/yolobot_recognition//scripts/utils/segment/general.py\n'}
[1.968239] (yolobot_recognition) StdoutLine: {'line': b'-- Up-to-date: /home/jsagx-6/itc01_ws/install/yolobot_recognition/share/yolobot_recognition//scripts/utils/segment/__init__.py\n'}
[1.968816] (yolobot_recognition) StdoutLine: {'line': b'-- Up-to-date: /home/jsagx-6/itc01_ws/install/yolobot_recognition/share/yolobot_recognition//scripts/utils/segment/metrics.py\n'}
[1.969548] (yolobot_recognition) StdoutLine: {'line': b'-- Up-to-date: /home/jsagx-6/itc01_ws/install/yolobot_recognition/share/yolobot_recognition//scripts/utils/segment/__pycache__\n'}
[1.969925] (yolobot_recognition) StdoutLine: {'line': b'-- Up-to-date: /home/jsagx-6/itc01_ws/install/yolobot_recognition/share/yolobot_recognition//scripts/utils/segment/__pycache__/__init__.cpython-38.pyc\n'}
[1.971174] (yolobot_recognition) StdoutLine: {'line': b'-- Up-to-date: /home/jsagx-6/itc01_ws/install/yolobot_recognition/share/yolobot_recognition//scripts/utils/segment/__pycache__/general.cpython-38.pyc\n'}
[1.971785] (yolobot_recognition) StdoutLine: {'line': b'-- Up-to-date: /home/jsagx-6/itc01_ws/install/yolobot_recognition/share/yolobot_recognition//scripts/utils/segment/__pycache__/__init__.cpython-310.pyc\n'}
[1.972467] (yolobot_recognition) StdoutLine: {'line': b'-- Up-to-date: /home/jsagx-6/itc01_ws/install/yolobot_recognition/share/yolobot_recognition//scripts/utils/segment/__pycache__/general.cpython-310.pyc\n'}
[1.973309] (yolobot_recognition) StdoutLine: {'line': b'-- Up-to-date: /home/jsagx-6/itc01_ws/install/yolobot_recognition/share/yolobot_recognition//scripts/utils/segment/loss.py\n'}
[1.974219] (yolobot_recognition) StdoutLine: {'line': b'-- Up-to-date: /home/jsagx-6/itc01_ws/install/yolobot_recognition/share/yolobot_recognition//scripts/utils/dataloaders.py\n'}
[1.974727] (yolobot_recognition) StdoutLine: {'line': b'-- Up-to-date: /home/jsagx-6/itc01_ws/install/yolobot_recognition/share/yolobot_recognition//scripts/utils/plots.py\n'}
[1.975246] (yolobot_recognition) StdoutLine: {'line': b'-- Up-to-date: /home/jsagx-6/itc01_ws/install/yolobot_recognition/share/yolobot_recognition//scripts/utils/augmentations.py\n'}
[1.975691] (yolobot_recognition) StdoutLine: {'line': b'-- Up-to-date: /home/jsagx-6/itc01_ws/install/yolobot_recognition/share/yolobot_recognition//scripts/utils/general.py\n'}
[1.976182] (yolobot_recognition) StdoutLine: {'line': b'-- Up-to-date: /home/jsagx-6/itc01_ws/install/yolobot_recognition/share/yolobot_recognition//scripts/utils/__init__.py\n'}
[1.976719] (yolobot_recognition) StdoutLine: {'line': b'-- Up-to-date: /home/jsagx-6/itc01_ws/install/yolobot_recognition/share/yolobot_recognition//scripts/utils/metrics.py\n'}
[1.977210] (yolobot_recognition) StdoutLine: {'line': b'-- Up-to-date: /home/jsagx-6/itc01_ws/install/yolobot_recognition/share/yolobot_recognition//scripts/utils/flask_rest_api\n'}
[1.977701] (yolobot_recognition) StdoutLine: {'line': b'-- Up-to-date: /home/jsagx-6/itc01_ws/install/yolobot_recognition/share/yolobot_recognition//scripts/utils/flask_rest_api/example_request.py\n'}
[1.978131] (yolobot_recognition) StdoutLine: {'line': b'-- Up-to-date: /home/jsagx-6/itc01_ws/install/yolobot_recognition/share/yolobot_recognition//scripts/utils/flask_rest_api/README.md\n'}
[1.978604] (yolobot_recognition) StdoutLine: {'line': b'-- Up-to-date: /home/jsagx-6/itc01_ws/install/yolobot_recognition/share/yolobot_recognition//scripts/utils/flask_rest_api/restapi.py\n'}
[1.978981] (yolobot_recognition) StdoutLine: {'line': b'-- Up-to-date: /home/jsagx-6/itc01_ws/install/yolobot_recognition/share/yolobot_recognition//scripts/utils/__pycache__\n'}
[1.979302] (yolobot_recognition) StdoutLine: {'line': b'-- Up-to-date: /home/jsagx-6/itc01_ws/install/yolobot_recognition/share/yolobot_recognition//scripts/utils/__pycache__/autoanchor.cpython-38.pyc\n'}
[1.979636] (yolobot_recognition) StdoutLine: {'line': b'-- Up-to-date: /home/jsagx-6/itc01_ws/install/yolobot_recognition/share/yolobot_recognition//scripts/utils/__pycache__/__init__.cpython-38.pyc\n'}
[1.980041] (yolobot_recognition) StdoutLine: {'line': b'-- Up-to-date: /home/jsagx-6/itc01_ws/install/yolobot_recognition/share/yolobot_recognition//scripts/utils/__pycache__/autobatch.cpython-310.pyc\n'}
[1.980471] (yolobot_recognition) StdoutLine: {'line': b'-- Up-to-date: /home/jsagx-6/itc01_ws/install/yolobot_recognition/share/yolobot_recognition//scripts/utils/__pycache__/dataloaders.cpython-310.pyc\n'}
[1.980985] (yolobot_recognition) StdoutLine: {'line': b'-- Up-to-date: /home/jsagx-6/itc01_ws/install/yolobot_recognition/share/yolobot_recognition//scripts/utils/__pycache__/torch_utils.cpython-38.pyc\n'}
[1.981411] (yolobot_recognition) StdoutLine: {'line': b'-- Up-to-date: /home/jsagx-6/itc01_ws/install/yolobot_recognition/share/yolobot_recognition//scripts/utils/__pycache__/downloads.cpython-38.pyc\n'}
[1.983755] (yolobot_recognition) StdoutLine: {'line': b'-- Up-to-date: /home/jsagx-6/itc01_ws/install/yolobot_recognition/share/yolobot_recognition//scripts/utils/__pycache__/plots.cpython-310.pyc\n'}
[1.984251] (yolobot_recognition) StdoutLine: {'line': b'-- Up-to-date: /home/jsagx-6/itc01_ws/install/yolobot_recognition/share/yolobot_recognition//scripts/utils/__pycache__/downloads.cpython-310.pyc\n'}
[1.985573] (yolobot_recognition) StdoutLine: {'line': b'-- Up-to-date: /home/jsagx-6/itc01_ws/install/yolobot_recognition/share/yolobot_recognition//scripts/utils/__pycache__/torch_utils.cpython-310.pyc\n'}
[1.986095] (yolobot_recognition) StdoutLine: {'line': b'-- Up-to-date: /home/jsagx-6/itc01_ws/install/yolobot_recognition/share/yolobot_recognition//scripts/utils/__pycache__/general.cpython-38.pyc\n'}
[1.986666] (yolobot_recognition) StdoutLine: {'line': b'-- Up-to-date: /home/jsagx-6/itc01_ws/install/yolobot_recognition/share/yolobot_recognition//scripts/utils/__pycache__/plots.cpython-38.pyc\n'}
[1.987639] (yolobot_recognition) StdoutLine: {'line': b'-- Up-to-date: /home/jsagx-6/itc01_ws/install/yolobot_recognition/share/yolobot_recognition//scripts/utils/__pycache__/metrics.cpython-38.pyc\n'}
[1.988409] (yolobot_recognition) StdoutLine: {'line': b'-- Up-to-date: /home/jsagx-6/itc01_ws/install/yolobot_recognition/share/yolobot_recognition//scripts/utils/__pycache__/augmentations.cpython-38.pyc\n'}
[1.989020] (yolobot_recognition) StdoutLine: {'line': b'-- Up-to-date: /home/jsagx-6/itc01_ws/install/yolobot_recognition/share/yolobot_recognition//scripts/utils/__pycache__/__init__.cpython-310.pyc\n'}
[1.989534] (yolobot_recognition) StdoutLine: {'line': b'-- Up-to-date: /home/jsagx-6/itc01_ws/install/yolobot_recognition/share/yolobot_recognition//scripts/utils/__pycache__/callbacks.cpython-310.pyc\n'}
[1.990364] (yolobot_recognition) StdoutLine: {'line': b'-- Up-to-date: /home/jsagx-6/itc01_ws/install/yolobot_recognition/share/yolobot_recognition//scripts/utils/__pycache__/general.cpython-310.pyc\n'}
[1.990844] (yolobot_recognition) StdoutLine: {'line': b'-- Up-to-date: /home/jsagx-6/itc01_ws/install/yolobot_recognition/share/yolobot_recognition//scripts/utils/__pycache__/metrics.cpython-310.pyc\n'}
[1.991283] (yolobot_recognition) StdoutLine: {'line': b'-- Up-to-date: /home/jsagx-6/itc01_ws/install/yolobot_recognition/share/yolobot_recognition//scripts/utils/__pycache__/dataloaders.cpython-38.pyc\n'}
[1.992247] (yolobot_recognition) StdoutLine: {'line': b'-- Up-to-date: /home/jsagx-6/itc01_ws/install/yolobot_recognition/share/yolobot_recognition//scripts/utils/__pycache__/augmentations.cpython-310.pyc\n'}
[1.992611] (yolobot_recognition) StdoutLine: {'line': b'-- Up-to-date: /home/jsagx-6/itc01_ws/install/yolobot_recognition/share/yolobot_recognition//scripts/utils/__pycache__/autoanchor.cpython-310.pyc\n'}
[1.993192] (yolobot_recognition) StdoutLine: {'line': b'-- Up-to-date: /home/jsagx-6/itc01_ws/install/yolobot_recognition/share/yolobot_recognition//scripts/utils/autoanchor.py\n'}
[1.995372] (yolobot_recognition) StdoutLine: {'line': b'-- Up-to-date: /home/jsagx-6/itc01_ws/install/yolobot_recognition/share/yolobot_recognition//scripts/utils/activations.py\n'}
[1.995961] (yolobot_recognition) StdoutLine: {'line': b'-- Up-to-date: /home/jsagx-6/itc01_ws/install/yolobot_recognition/share/yolobot_recognition//scripts/utils/aws\n'}
[1.996330] (yolobot_recognition) StdoutLine: {'line': b'-- Up-to-date: /home/jsagx-6/itc01_ws/install/yolobot_recognition/share/yolobot_recognition//scripts/utils/aws/resume.py\n'}
[1.997078] (yolobot_recognition) StdoutLine: {'line': b'-- Up-to-date: /home/jsagx-6/itc01_ws/install/yolobot_recognition/share/yolobot_recognition//scripts/utils/aws/__init__.py\n'}
[1.997955] (yolobot_recognition) StdoutLine: {'line': b'-- Up-to-date: /home/jsagx-6/itc01_ws/install/yolobot_recognition/share/yolobot_recognition//scripts/utils/aws/mime.sh\n'}
[1.998298] (yolobot_recognition) StdoutLine: {'line': b'-- Up-to-date: /home/jsagx-6/itc01_ws/install/yolobot_recognition/share/yolobot_recognition//scripts/utils/aws/userdata.sh\n'}
[1.999141] (yolobot_recognition) StdoutLine: {'line': b'-- Up-to-date: /home/jsagx-6/itc01_ws/install/yolobot_recognition/share/yolobot_recognition//scripts/utils/autobatch.py\n'}
[2.001283] (yolobot_recognition) StdoutLine: {'line': b'-- Up-to-date: /home/jsagx-6/itc01_ws/install/yolobot_recognition/share/yolobot_recognition//scripts/utils/callbacks.py\n'}
[2.003073] (yolobot_recognition) StdoutLine: {'line': b'-- Up-to-date: /home/jsagx-6/itc01_ws/install/yolobot_recognition/share/yolobot_recognition//scripts/utils/downloads.py\n'}
[2.003629] (yolobot_recognition) StdoutLine: {'line': b'-- Up-to-date: /home/jsagx-6/itc01_ws/install/yolobot_recognition/share/yolobot_recognition//scripts/utils/docker\n'}
[2.006824] (yolobot_recognition) StdoutLine: {'line': b'-- Up-to-date: /home/jsagx-6/itc01_ws/install/yolobot_recognition/share/yolobot_recognition//scripts/utils/docker/Dockerfile-arm64\n'}
[2.007764] (yolobot_recognition) StdoutLine: {'line': b'-- Up-to-date: /home/jsagx-6/itc01_ws/install/yolobot_recognition/share/yolobot_recognition//scripts/utils/docker/Dockerfile\n'}
[2.008493] (yolobot_recognition) StdoutLine: {'line': b'-- Up-to-date: /home/jsagx-6/itc01_ws/install/yolobot_recognition/share/yolobot_recognition//scripts/utils/docker/Dockerfile-cpu\n'}
[2.008931] (yolobot_recognition) StdoutLine: {'line': b'-- Up-to-date: /home/jsagx-6/itc01_ws/install/yolobot_recognition/share/yolobot_recognition//scripts/utils/loss.py\n'}
[2.010156] (yolobot_recognition) StdoutLine: {'line': b'-- Up-to-date: /home/jsagx-6/itc01_ws/install/yolobot_recognition/share/yolobot_recognition//scripts/utils/loggers\n'}
[2.010630] (yolobot_recognition) StdoutLine: {'line': b'-- Up-to-date: /home/jsagx-6/itc01_ws/install/yolobot_recognition/share/yolobot_recognition//scripts/utils/loggers/__init__.py\n'}
[2.011142] (yolobot_recognition) StdoutLine: {'line': b'-- Up-to-date: /home/jsagx-6/itc01_ws/install/yolobot_recognition/share/yolobot_recognition//scripts/utils/loggers/__pycache__\n'}
[2.013873] (yolobot_recognition) StdoutLine: {'line': b'-- Up-to-date: /home/jsagx-6/itc01_ws/install/yolobot_recognition/share/yolobot_recognition//scripts/utils/loggers/__pycache__/__init__.cpython-310.pyc\n'}
[2.014386] (-) TimerEvent: {}
[2.014857] (yolobot_recognition) StdoutLine: {'line': b'-- Up-to-date: /home/jsagx-6/itc01_ws/install/yolobot_recognition/share/yolobot_recognition//scripts/utils/loggers/comet\n'}
[2.015312] (yolobot_recognition) StdoutLine: {'line': b'-- Up-to-date: /home/jsagx-6/itc01_ws/install/yolobot_recognition/share/yolobot_recognition//scripts/utils/loggers/comet/comet_utils.py\n'}
[2.016283] (yolobot_recognition) StdoutLine: {'line': b'-- Up-to-date: /home/jsagx-6/itc01_ws/install/yolobot_recognition/share/yolobot_recognition//scripts/utils/loggers/comet/README.md\n'}
[2.018265] (yolobot_recognition) StdoutLine: {'line': b'-- Up-to-date: /home/jsagx-6/itc01_ws/install/yolobot_recognition/share/yolobot_recognition//scripts/utils/loggers/comet/__init__.py\n'}
[2.018663] (yolobot_recognition) StdoutLine: {'line': b'-- Up-to-date: /home/jsagx-6/itc01_ws/install/yolobot_recognition/share/yolobot_recognition//scripts/utils/loggers/comet/hpo.py\n'}
[2.019199] (yolobot_recognition) StdoutLine: {'line': b'-- Up-to-date: /home/jsagx-6/itc01_ws/install/yolobot_recognition/share/yolobot_recognition//scripts/utils/loggers/comet/optimizer_config.json\n'}
[2.020154] (yolobot_recognition) StdoutLine: {'line': b'-- Up-to-date: /home/jsagx-6/itc01_ws/install/yolobot_recognition/share/yolobot_recognition//scripts/utils/loggers/clearml\n'}
[2.021882] (yolobot_recognition) StdoutLine: {'line': b'-- Up-to-date: /home/jsagx-6/itc01_ws/install/yolobot_recognition/share/yolobot_recognition//scripts/utils/loggers/clearml/README.md\n'}
[2.022395] (yolobot_recognition) StdoutLine: {'line': b'-- Up-to-date: /home/jsagx-6/itc01_ws/install/yolobot_recognition/share/yolobot_recognition//scripts/utils/loggers/clearml/__init__.py\n'}
[2.022746] (yolobot_recognition) StdoutLine: {'line': b'-- Up-to-date: /home/jsagx-6/itc01_ws/install/yolobot_recognition/share/yolobot_recognition//scripts/utils/loggers/clearml/hpo.py\n'}
[2.023256] (yolobot_recognition) StdoutLine: {'line': b'-- Up-to-date: /home/jsagx-6/itc01_ws/install/yolobot_recognition/share/yolobot_recognition//scripts/utils/loggers/clearml/clearml_utils.py\n'}
[2.024863] (yolobot_recognition) StdoutLine: {'line': b'-- Up-to-date: /home/jsagx-6/itc01_ws/install/yolobot_recognition/share/yolobot_recognition//scripts/utils/loggers/wandb\n'}
[2.025517] (yolobot_recognition) StdoutLine: {'line': b'-- Up-to-date: /home/jsagx-6/itc01_ws/install/yolobot_recognition/share/yolobot_recognition//scripts/utils/loggers/wandb/wandb_utils.py\n'}
[2.025999] (yolobot_recognition) StdoutLine: {'line': b'-- Up-to-date: /home/jsagx-6/itc01_ws/install/yolobot_recognition/share/yolobot_recognition//scripts/utils/loggers/wandb/__init__.py\n'}
[2.027162] (yolobot_recognition) StdoutLine: {'line': b'-- Up-to-date: /home/jsagx-6/itc01_ws/install/yolobot_recognition/share/yolobot_recognition//scripts/utils/torch_utils.py\n'}
[2.032895] (yolobot_recognition) StdoutLine: {'line': b'-- Up-to-date: /home/jsagx-6/itc01_ws/install/yolobot_recognition/share/yolobot_recognition//scripts/utils/google_app_engine\n'}
[2.033918] (yolobot_recognition) StdoutLine: {'line': b'-- Up-to-date: /home/jsagx-6/itc01_ws/install/yolobot_recognition/share/yolobot_recognition//scripts/utils/google_app_engine/additional_requirements.txt\n'}
[2.034350] (yolobot_recognition) StdoutLine: {'line': b'-- Up-to-date: /home/jsagx-6/itc01_ws/install/yolobot_recognition/share/yolobot_recognition//scripts/utils/google_app_engine/Dockerfile\n'}
[2.034689] (yolobot_recognition) StdoutLine: {'line': b'-- Up-to-date: /home/jsagx-6/itc01_ws/install/yolobot_recognition/share/yolobot_recognition//scripts/utils/google_app_engine/app.yaml\n'}
[2.034950] (yolobot_recognition) StdoutLine: {'line': b'-- Up-to-date: /home/jsagx-6/itc01_ws/install/yolobot_recognition/share/yolobot_recognition//scripts/utils/triton.py\n'}
[2.035243] (yolobot_recognition) StdoutLine: {'line': b'-- Up-to-date: /home/jsagx-6/itc01_ws/install/yolobot_recognition/share/yolobot_recognition//scripts/webcam_pub.py\n'}
[2.035522] (yolobot_recognition) StdoutLine: {'line': b'-- Up-to-date: /home/jsagx-6/itc01_ws/install/yolobot_recognition/share/yolobot_recognition//scripts/benchmarks.py\n'}
[2.035823] (yolobot_recognition) StdoutLine: {'line': b'-- Up-to-date: /home/jsagx-6/itc01_ws/install/yolobot_recognition/share/yolobot_recognition//scripts/.gitattributes\n'}
[2.036090] (yolobot_recognition) StdoutLine: {'line': b'-- Up-to-date: /home/jsagx-6/itc01_ws/install/yolobot_recognition/share/yolobot_recognition//scripts/ros_yolo_sub.py\n'}
[2.036383] (yolobot_recognition) StdoutLine: {'line': b'-- Up-to-date: /home/jsagx-6/itc01_ws/install/yolobot_recognition/lib/yolobot_recognition/ros_recognition_yolo.py\n'}
[2.036659] (yolobot_recognition) StdoutLine: {'line': b'-- Up-to-date: /home/jsagx-6/itc01_ws/install/yolobot_recognition/lib/yolobot_recognition/yolov5_detection.py\n'}
[2.037038] (yolobot_recognition) StdoutLine: {'line': b'-- Up-to-date: /home/jsagx-6/itc01_ws/install/yolobot_recognition/lib/yolobot_recognition/webcam_pub.py\n'}
[2.037330] (yolobot_recognition) StdoutLine: {'line': b'-- Up-to-date: /home/jsagx-6/itc01_ws/install/yolobot_recognition/lib/yolobot_recognition/ros_yolo_sub.py\n'}
[2.037600] (yolobot_recognition) StdoutLine: {'line': b'-- Up-to-date: /home/jsagx-6/itc01_ws/install/yolobot_recognition/share/ament_index/resource_index/package_run_dependencies/yolobot_recognition\n'}
[2.037867] (yolobot_recognition) StdoutLine: {'line': b'-- Up-to-date: /home/jsagx-6/itc01_ws/install/yolobot_recognition/share/ament_index/resource_index/parent_prefix_path/yolobot_recognition\n'}
[2.038111] (yolobot_recognition) StdoutLine: {'line': b'-- Up-to-date: /home/jsagx-6/itc01_ws/install/yolobot_recognition/share/yolobot_recognition/environment/ament_prefix_path.sh\n'}
[2.038378] (yolobot_recognition) StdoutLine: {'line': b'-- Up-to-date: /home/jsagx-6/itc01_ws/install/yolobot_recognition/share/yolobot_recognition/environment/ament_prefix_path.dsv\n'}
[2.038673] (yolobot_recognition) StdoutLine: {'line': b'-- Up-to-date: /home/jsagx-6/itc01_ws/install/yolobot_recognition/share/yolobot_recognition/environment/path.sh\n'}
[2.039003] (yolobot_recognition) StdoutLine: {'line': b'-- Up-to-date: /home/jsagx-6/itc01_ws/install/yolobot_recognition/share/yolobot_recognition/environment/path.dsv\n'}
[2.041571] (yolobot_recognition) StdoutLine: {'line': b'-- Up-to-date: /home/jsagx-6/itc01_ws/install/yolobot_recognition/share/yolobot_recognition/local_setup.bash\n'}
[2.041972] (yolobot_recognition) StdoutLine: {'line': b'-- Up-to-date: /home/jsagx-6/itc01_ws/install/yolobot_recognition/share/yolobot_recognition/local_setup.sh\n'}
[2.042304] (yolobot_recognition) StdoutLine: {'line': b'-- Up-to-date: /home/jsagx-6/itc01_ws/install/yolobot_recognition/share/yolobot_recognition/local_setup.zsh\n'}
[2.042602] (yolobot_recognition) StdoutLine: {'line': b'-- Up-to-date: /home/jsagx-6/itc01_ws/install/yolobot_recognition/share/yolobot_recognition/local_setup.dsv\n'}
[2.042897] (yolobot_recognition) StdoutLine: {'line': b'-- Installing: /home/jsagx-6/itc01_ws/install/yolobot_recognition/share/yolobot_recognition/package.dsv\n'}
[2.043167] (yolobot_recognition) StdoutLine: {'line': b'-- Up-to-date: /home/jsagx-6/itc01_ws/install/yolobot_recognition/share/ament_index/resource_index/packages/yolobot_recognition\n'}
[2.043436] (yolobot_recognition) StdoutLine: {'line': b'-- Up-to-date: /home/jsagx-6/itc01_ws/install/yolobot_recognition/share/yolobot_recognition/cmake/yolobot_recognitionConfig.cmake\n'}
[2.043719] (yolobot_recognition) StdoutLine: {'line': b'-- Up-to-date: /home/jsagx-6/itc01_ws/install/yolobot_recognition/share/yolobot_recognition/cmake/yolobot_recognitionConfig-version.cmake\n'}
[2.044027] (yolobot_recognition) StdoutLine: {'line': b'-- Up-to-date: /home/jsagx-6/itc01_ws/install/yolobot_recognition/share/yolobot_recognition/package.xml\n'}
[2.044327] (yolobot_recognition) CommandEnded: {'returncode': 0}
[2.048177] (yolov8_msgs) StdoutLine: {'line': b'[ 74%] Built target yolov8_msgs__rosidl_typesupport_fastrtps_c\n'}
[2.050546] (yolov8_msgs) StdoutLine: {'line': b'[ 74%] Built target yolov8_msgs\n'}
[2.112112] (yolov8_msgs) StdoutLine: {'line': b'[ 76%] Built target yolov8_msgs__py\n'}
[2.114546] (-) TimerEvent: {}
[2.134015] (yolobot_recognition) JobEnded: {'identifier': 'yolobot_recognition', 'rc': 0}
[2.199051] (yolov8_msgs) StdoutLine: {'line': b'[ 84%] Built target yolov8_msgs__python\n'}
[2.214744] (-) TimerEvent: {}
[2.288151] (yolov8_msgs) StdoutLine: {'line': b'[ 94%] Built target yolov8_msgs__rosidl_typesupport_c__pyext\n'}
[2.289051] (yolov8_msgs) StdoutLine: {'line': b'[ 94%] Built target yolov8_msgs__rosidl_typesupport_introspection_c__pyext\n'}
[2.289834] (yolov8_msgs) StdoutLine: {'line': b'[100%] Built target yolov8_msgs__rosidl_typesupport_fastrtps_c__pyext\n'}
[2.314950] (-) TimerEvent: {}
[2.336910] (yolov8_msgs) CommandEnded: {'returncode': 0}
[2.415172] (-) TimerEvent: {}
[2.517383] (-) TimerEvent: {}
[2.575043] (yolov8_msgs) JobProgress: {'identifier': 'yolov8_msgs', 'progress': 'install'}
[2.577312] (yolov8_msgs) Command: {'cmd': ['/usr/bin/cmake', '--install', '/home/jsagx-6/itc01_ws/build/yolov8_msgs'], 'cwd': '/home/jsagx-6/itc01_ws/build/yolov8_msgs', 'env': OrderedDict([('USER', 'jsagx-6'), ('SSH_CLIENT', '192.168.77.215 41232 22'), ('LC_TIME', 'km_KH'), ('XDG_SESSION_TYPE', 'tty'), ('SHLVL', '1'), ('LD_LIBRARY_PATH', '/opt/ros/foxy/opt/yaml_cpp_vendor/lib:/opt/ros/foxy/lib/aarch64-linux-gnu:/opt/ros/foxy/lib:/home/jsagx-6/itc01_ws/install/yolov8_msgs/lib'), ('MOTD_SHOWN', 'pam'), ('HOME', '/home/jsagx-6'), ('OLDPWD', '/home/jsagx-6'), ('SSH_TTY', '/dev/pts/1'), ('JETSON_L4T', '35.5.0'), ('ROS_PYTHON_VERSION', '3'), ('JETSON_MODEL', 'Jetson-AGX'), ('LC_MONETARY', 'km_KH'), ('DBUS_SESSION_BUS_ADDRESS', 'unix:path=/run/user/1000/bus'), ('COLCON_PREFIX_PATH', '/home/jsagx-6/itc01_ws/install'), ('ROS_DISTRO', 'foxy'), ('LOGNAME', 'jsagx-6'), ('JETSON_MODULE', 'NVIDIA Jetson AGX Xavier (32 GB ram)'), ('JETSON_SERIAL_NUMBER', '1561221004404'), ('_', '/usr/bin/colcon'), ('ROS_VERSION', '2'), ('JETSON_CODENAME', 'Galen'), ('XDG_SESSION_CLASS', 'user'), ('TERM', 'xterm-256color'), ('XDG_SESSION_ID', '8'), ('ROS_LOCALHOST_ONLY', '0'), ('PATH', '/opt/ros/foxy/bin:/usr/local/sbin:/usr/local/bin:/usr/sbin:/usr/bin:/sbin:/bin:/usr/games:/usr/local/games:/snap/bin'), ('LC_ADDRESS', 'km_KH'), ('XDG_RUNTIME_DIR', '/run/user/1000'), ('LANG', 'en_US.UTF-8'), ('LC_TELEPHONE', 'km_KH'), ('JETSON_SOC', 'tegra194'), ('AMENT_PREFIX_PATH', '/opt/ros/foxy:/home/jsagx-6/itc01_ws/install/yolov8_msgs:/home/jsagx-6/itc01_ws/install/yolobot_recognition:/home/jsagx-6/itc01_ws/install/mr2_realsense:/home/jsagx-6/itc01_ws/install/buffalo_robot'), ('SHELL', '/bin/bash'), ('LC_NAME', 'km_KH'), ('LC_MEASUREMENT', 'km_KH'), ('LC_IDENTIFICATION', 'km_KH'), ('JETSON_CUDA_ARCH_BIN', '7.2'), ('PWD', '/home/jsagx-6/itc01_ws/build/yolov8_msgs'), ('LC_ALL', 'en_US.UTF-8'), ('SSH_CONNECTION', '192.168.77.215 41232 192.168.77.206 22'), ('XDG_DATA_DIRS', '/usr/local/share:/usr/share:/var/lib/snapd/desktop'), ('PYTHONPATH', '/opt/ros/foxy/lib/python3.8/site-packages:/home/jsagx-6/itc01_ws/install/yolov8_msgs/lib/python3.8/site-packages:/home/jsagx-6/itc01_ws/install/mr2_realsense/lib/python3.8/site-packages:/home/jsagx-6/itc01_ws/install/buffalo_robot/lib/python3.8/site-packages'), ('LC_NUMERIC', 'km_KH'), ('LC_PAPER', 'km_KH'), ('COLCON', '1'), ('JETSON_JETPACK', '5.1.3'), ('CMAKE_PREFIX_PATH', '/opt/ros/foxy:/home/jsagx-6/itc01_ws/install/yolov8_msgs:/home/jsagx-6/itc01_ws/install/yolobot_recognition:/home/jsagx-6/itc01_ws/install/mr2_realsense:/home/jsagx-6/itc01_ws/install/buffalo_robot'), ('JETSON_P_NUMBER', 'p2888-0004')]), 'shell': False}
[2.612259] (yolov8_msgs) StdoutLine: {'line': b'-- Install configuration: ""\n'}
[2.614433] (yolov8_msgs) StdoutLine: {'line': b'-- Up-to-date: /home/jsagx-6/itc01_ws/install/yolov8_msgs/share/ament_index/resource_index/rosidl_interfaces/yolov8_msgs\n'}
[2.615236] (yolov8_msgs) StdoutLine: {'line': b'-- Up-to-date: /home/jsagx-6/itc01_ws/install/yolov8_msgs/include/yolov8_msgs\n'}
[2.615563] (yolov8_msgs) StdoutLine: {'line': b'-- Up-to-date: /home/jsagx-6/itc01_ws/install/yolov8_msgs/include/yolov8_msgs/msg\n'}
[2.615839] (yolov8_msgs) StdoutLine: {'line': b'-- Up-to-date: /home/jsagx-6/itc01_ws/install/yolov8_msgs/include/yolov8_msgs/msg/yolov8_inference.h\n'}
[2.616297] (yolov8_msgs) StdoutLine: {'line': b'-- Up-to-date: /home/jsagx-6/itc01_ws/install/yolov8_msgs/include/yolov8_msgs/msg/detail\n'}
[2.616572] (yolov8_msgs) StdoutLine: {'line': b'-- Up-to-date: /home/jsagx-6/itc01_ws/install/yolov8_msgs/include/yolov8_msgs/msg/detail/inference_result__functions.c\n'}
[2.616964] (yolov8_msgs) StdoutLine: {'line': b'-- Up-to-date: /home/jsagx-6/itc01_ws/install/yolov8_msgs/include/yolov8_msgs/msg/detail/inference_result__type_support.h\n'}
[2.617492] (-) TimerEvent: {}
[2.619351] (yolov8_msgs) StdoutLine: {'line': b'-- Up-to-date: /home/jsagx-6/itc01_ws/install/yolov8_msgs/include/yolov8_msgs/msg/detail/yolov8_inference__functions.h\n'}
[2.619691] (yolov8_msgs) StdoutLine: {'line': b'-- Up-to-date: /home/jsagx-6/itc01_ws/install/yolov8_msgs/include/yolov8_msgs/msg/detail/yolov8_inference__type_support.h\n'}
[2.619975] (yolov8_msgs) StdoutLine: {'line': b'-- Up-to-date: /home/jsagx-6/itc01_ws/install/yolov8_msgs/include/yolov8_msgs/msg/detail/yolov8_inference__struct.h\n'}
[2.620273] (yolov8_msgs) StdoutLine: {'line': b'-- Up-to-date: /home/jsagx-6/itc01_ws/install/yolov8_msgs/include/yolov8_msgs/msg/detail/yolov8_inference__functions.c\n'}
[2.621540] (yolov8_msgs) StdoutLine: {'line': b'-- Up-to-date: /home/jsagx-6/itc01_ws/install/yolov8_msgs/include/yolov8_msgs/msg/detail/inference_result__functions.h\n'}
[2.621849] (yolov8_msgs) StdoutLine: {'line': b'-- Up-to-date: /home/jsagx-6/itc01_ws/install/yolov8_msgs/include/yolov8_msgs/msg/detail/inference_result__struct.h\n'}
[2.622124] (yolov8_msgs) StdoutLine: {'line': b'-- Up-to-date: /home/jsagx-6/itc01_ws/install/yolov8_msgs/include/yolov8_msgs/msg/rosidl_generator_c__visibility_control.h\n'}
[2.622562] (yolov8_msgs) StdoutLine: {'line': b'-- Up-to-date: /home/jsagx-6/itc01_ws/install/yolov8_msgs/include/yolov8_msgs/msg/inference_result.h\n'}
[2.622814] (yolov8_msgs) StdoutLine: {'line': b'-- Up-to-date: /home/jsagx-6/itc01_ws/install/yolov8_msgs/share/yolov8_msgs/environment/library_path.sh\n'}
[2.623104] (yolov8_msgs) StdoutLine: {'line': b'-- Up-to-date: /home/jsagx-6/itc01_ws/install/yolov8_msgs/share/yolov8_msgs/environment/library_path.dsv\n'}
[2.623451] (yolov8_msgs) StdoutLine: {'line': b'-- Up-to-date: /home/jsagx-6/itc01_ws/install/yolov8_msgs/lib/libyolov8_msgs__rosidl_generator_c.so\n'}
[2.624536] (yolov8_msgs) StdoutLine: {'line': b'-- Up-to-date: /home/jsagx-6/itc01_ws/install/yolov8_msgs/include/yolov8_msgs\n'}
[2.624880] (yolov8_msgs) StdoutLine: {'line': b'-- Up-to-date: /home/jsagx-6/itc01_ws/install/yolov8_msgs/include/yolov8_msgs/msg\n'}
[2.625158] (yolov8_msgs) StdoutLine: {'line': b'-- Up-to-date: /home/jsagx-6/itc01_ws/install/yolov8_msgs/include/yolov8_msgs/msg/detail\n'}
[2.625467] (yolov8_msgs) StdoutLine: {'line': b'-- Up-to-date: /home/jsagx-6/itc01_ws/install/yolov8_msgs/include/yolov8_msgs/msg/detail/yolov8_inference__rosidl_typesupport_fastrtps_c.h\n'}
[2.625860] (yolov8_msgs) StdoutLine: {'line': b'-- Up-to-date: /home/jsagx-6/itc01_ws/install/yolov8_msgs/include/yolov8_msgs/msg/detail/inference_result__rosidl_typesupport_fastrtps_c.h\n'}
[2.626124] (yolov8_msgs) StdoutLine: {'line': b'-- Up-to-date: /home/jsagx-6/itc01_ws/install/yolov8_msgs/include/yolov8_msgs/msg/rosidl_typesupport_fastrtps_c__visibility_control.h\n'}
[2.626394] (yolov8_msgs) StdoutLine: {'line': b'-- Up-to-date: /home/jsagx-6/itc01_ws/install/yolov8_msgs/lib/libyolov8_msgs__rosidl_typesupport_fastrtps_c.so\n'}
[2.626648] (yolov8_msgs) StdoutLine: {'line': b'-- Up-to-date: /home/jsagx-6/itc01_ws/install/yolov8_msgs/include/yolov8_msgs\n'}
[2.626892] (yolov8_msgs) StdoutLine: {'line': b'-- Up-to-date: /home/jsagx-6/itc01_ws/install/yolov8_msgs/include/yolov8_msgs/msg\n'}
[2.627145] (yolov8_msgs) StdoutLine: {'line': b'-- Up-to-date: /home/jsagx-6/itc01_ws/install/yolov8_msgs/include/yolov8_msgs/msg/rosidl_typesupport_fastrtps_cpp__visibility_control.h\n'}
[2.627537] (yolov8_msgs) StdoutLine: {'line': b'-- Up-to-date: /home/jsagx-6/itc01_ws/install/yolov8_msgs/include/yolov8_msgs/msg/detail\n'}
[2.627815] (yolov8_msgs) StdoutLine: {'line': b'-- Up-to-date: /home/jsagx-6/itc01_ws/install/yolov8_msgs/include/yolov8_msgs/msg/detail/yolov8_inference__rosidl_typesupport_fastrtps_cpp.hpp\n'}
[2.628097] (yolov8_msgs) StdoutLine: {'line': b'-- Up-to-date: /home/jsagx-6/itc01_ws/install/yolov8_msgs/include/yolov8_msgs/msg/detail/inference_result__rosidl_typesupport_fastrtps_cpp.hpp\n'}
[2.628814] (yolov8_msgs) StdoutLine: {'line': b'-- Up-to-date: /home/jsagx-6/itc01_ws/install/yolov8_msgs/include/yolov8_msgs/msg/detail/dds_fastrtps\n'}
[2.630188] (yolov8_msgs) StdoutLine: {'line': b'-- Up-to-date: /home/jsagx-6/itc01_ws/install/yolov8_msgs/lib/libyolov8_msgs__rosidl_typesupport_fastrtps_cpp.so\n'}
[2.631184] (yolov8_msgs) StdoutLine: {'line': b'-- Up-to-date: /home/jsagx-6/itc01_ws/install/yolov8_msgs/include/yolov8_msgs\n'}
[2.631603] (yolov8_msgs) StdoutLine: {'line': b'-- Up-to-date: /home/jsagx-6/itc01_ws/install/yolov8_msgs/include/yolov8_msgs/msg\n'}
[2.631896] (yolov8_msgs) StdoutLine: {'line': b'-- Up-to-date: /home/jsagx-6/itc01_ws/install/yolov8_msgs/include/yolov8_msgs/msg/detail\n'}
[2.632260] (yolov8_msgs) StdoutLine: {'line': b'-- Up-to-date: /home/jsagx-6/itc01_ws/install/yolov8_msgs/include/yolov8_msgs/msg/detail/inference_result__rosidl_typesupport_introspection_c.h\n'}
[2.632657] (yolov8_msgs) StdoutLine: {'line': b'-- Up-to-date: /home/jsagx-6/itc01_ws/install/yolov8_msgs/include/yolov8_msgs/msg/detail/yolov8_inference__type_support.c\n'}
[2.633112] (yolov8_msgs) StdoutLine: {'line': b'-- Up-to-date: /home/jsagx-6/itc01_ws/install/yolov8_msgs/include/yolov8_msgs/msg/detail/inference_result__type_support.c\n'}
[2.633377] (yolov8_msgs) StdoutLine: {'line': b'-- Up-to-date: /home/jsagx-6/itc01_ws/install/yolov8_msgs/include/yolov8_msgs/msg/detail/yolov8_inference__rosidl_typesupport_introspection_c.h\n'}
[2.633649] (yolov8_msgs) StdoutLine: {'line': b'-- Up-to-date: /home/jsagx-6/itc01_ws/install/yolov8_msgs/include/yolov8_msgs/msg/rosidl_typesupport_introspection_c__visibility_control.h\n'}
[2.633897] (yolov8_msgs) StdoutLine: {'line': b'-- Up-to-date: /home/jsagx-6/itc01_ws/install/yolov8_msgs/lib/libyolov8_msgs__rosidl_typesupport_introspection_c.so\n'}
[2.634197] (yolov8_msgs) StdoutLine: {'line': b'-- Up-to-date: /home/jsagx-6/itc01_ws/install/yolov8_msgs/lib/libyolov8_msgs__rosidl_typesupport_c.so\n'}
[2.634643] (yolov8_msgs) StdoutLine: {'line': b'-- Up-to-date: /home/jsagx-6/itc01_ws/install/yolov8_msgs/include/yolov8_msgs\n'}
[2.634936] (yolov8_msgs) StdoutLine: {'line': b'-- Up-to-date: /home/jsagx-6/itc01_ws/install/yolov8_msgs/include/yolov8_msgs/msg\n'}
[2.635310] (yolov8_msgs) StdoutLine: {'line': b'-- Up-to-date: /home/jsagx-6/itc01_ws/install/yolov8_msgs/include/yolov8_msgs/msg/detail\n'}
[2.635791] (yolov8_msgs) StdoutLine: {'line': b'-- Up-to-date: /home/jsagx-6/itc01_ws/install/yolov8_msgs/include/yolov8_msgs/msg/detail/inference_result__type_support.hpp\n'}
[2.636052] (yolov8_msgs) StdoutLine: {'line': b'-- Up-to-date: /home/jsagx-6/itc01_ws/install/yolov8_msgs/include/yolov8_msgs/msg/detail/inference_result__struct.hpp\n'}
[2.636303] (yolov8_msgs) StdoutLine: {'line': b'-- Up-to-date: /home/jsagx-6/itc01_ws/install/yolov8_msgs/include/yolov8_msgs/msg/detail/yolov8_inference__traits.hpp\n'}
[2.636550] (yolov8_msgs) StdoutLine: {'line': b'-- Up-to-date: /home/jsagx-6/itc01_ws/install/yolov8_msgs/include/yolov8_msgs/msg/detail/yolov8_inference__builder.hpp\n'}
[2.636950] (yolov8_msgs) StdoutLine: {'line': b'-- Up-to-date: /home/jsagx-6/itc01_ws/install/yolov8_msgs/include/yolov8_msgs/msg/detail/yolov8_inference__struct.hpp\n'}
[2.637261] (yolov8_msgs) StdoutLine: {'line': b'-- Up-to-date: /home/jsagx-6/itc01_ws/install/yolov8_msgs/include/yolov8_msgs/msg/detail/yolov8_inference__type_support.hpp\n'}
[2.637531] (yolov8_msgs) StdoutLine: {'line': b'-- Up-to-date: /home/jsagx-6/itc01_ws/install/yolov8_msgs/include/yolov8_msgs/msg/detail/inference_result__builder.hpp\n'}
[2.637776] (yolov8_msgs) StdoutLine: {'line': b'-- Up-to-date: /home/jsagx-6/itc01_ws/install/yolov8_msgs/include/yolov8_msgs/msg/detail/inference_result__traits.hpp\n'}
[2.638062] (yolov8_msgs) StdoutLine: {'line': b'-- Up-to-date: /home/jsagx-6/itc01_ws/install/yolov8_msgs/include/yolov8_msgs/msg/yolov8_inference.hpp\n'}
[2.638431] (yolov8_msgs) StdoutLine: {'line': b'-- Up-to-date: /home/jsagx-6/itc01_ws/install/yolov8_msgs/include/yolov8_msgs/msg/rosidl_generator_cpp__visibility_control.hpp\n'}
[2.638719] (yolov8_msgs) StdoutLine: {'line': b'-- Up-to-date: /home/jsagx-6/itc01_ws/install/yolov8_msgs/include/yolov8_msgs/msg/inference_result.hpp\n'}
[2.638980] (yolov8_msgs) StdoutLine: {'line': b'-- Up-to-date: /home/jsagx-6/itc01_ws/install/yolov8_msgs/include/yolov8_msgs\n'}
[2.639243] (yolov8_msgs) StdoutLine: {'line': b'-- Up-to-date: /home/jsagx-6/itc01_ws/install/yolov8_msgs/include/yolov8_msgs/msg\n'}
[2.639487] (yolov8_msgs) StdoutLine: {'line': b'-- Up-to-date: /home/jsagx-6/itc01_ws/install/yolov8_msgs/include/yolov8_msgs/msg/detail\n'}
[2.639750] (yolov8_msgs) StdoutLine: {'line': b'-- Up-to-date: /home/jsagx-6/itc01_ws/install/yolov8_msgs/include/yolov8_msgs/msg/detail/inference_result__rosidl_typesupport_introspection_cpp.hpp\n'}
[2.640039] (yolov8_msgs) StdoutLine: {'line': b'-- Up-to-date: /home/jsagx-6/itc01_ws/install/yolov8_msgs/include/yolov8_msgs/msg/detail/yolov8_inference__rosidl_typesupport_introspection_cpp.hpp\n'}
[2.640291] (yolov8_msgs) StdoutLine: {'line': b'-- Up-to-date: /home/jsagx-6/itc01_ws/install/yolov8_msgs/include/yolov8_msgs/msg/detail/yolov8_inference__type_support.cpp\n'}
[2.640563] (yolov8_msgs) StdoutLine: {'line': b'-- Up-to-date: /home/jsagx-6/itc01_ws/install/yolov8_msgs/include/yolov8_msgs/msg/detail/inference_result__type_support.cpp\n'}
[2.640923] (yolov8_msgs) StdoutLine: {'line': b'-- Up-to-date: /home/jsagx-6/itc01_ws/install/yolov8_msgs/lib/libyolov8_msgs__rosidl_typesupport_introspection_cpp.so\n'}
[2.641191] (yolov8_msgs) StdoutLine: {'line': b'-- Up-to-date: /home/jsagx-6/itc01_ws/install/yolov8_msgs/lib/libyolov8_msgs__rosidl_typesupport_cpp.so\n'}
[2.641443] (yolov8_msgs) StdoutLine: {'line': b'-- Up-to-date: /home/jsagx-6/itc01_ws/install/yolov8_msgs/share/yolov8_msgs/environment/pythonpath.sh\n'}
[2.641765] (yolov8_msgs) StdoutLine: {'line': b'-- Up-to-date: /home/jsagx-6/itc01_ws/install/yolov8_msgs/share/yolov8_msgs/environment/pythonpath.dsv\n'}
[2.642042] (yolov8_msgs) StdoutLine: {'line': b'-- Up-to-date: /home/jsagx-6/itc01_ws/install/yolov8_msgs/lib/python3.8/site-packages/yolov8_msgs/__init__.py\n'}
[2.717712] (-) TimerEvent: {}
[2.748949] (yolov8_msgs) StdoutLine: {'line': b'-- Up-to-date: /home/jsagx-6/itc01_ws/install/yolov8_msgs/lib/python3.8/site-packages/yolov8_msgs/msg\n'}
[2.749923] (yolov8_msgs) StdoutLine: {'line': b'-- Up-to-date: /home/jsagx-6/itc01_ws/install/yolov8_msgs/lib/python3.8/site-packages/yolov8_msgs/msg/_inference_result.py\n'}
[2.750319] (yolov8_msgs) StdoutLine: {'line': b'-- Up-to-date: /home/jsagx-6/itc01_ws/install/yolov8_msgs/lib/python3.8/site-packages/yolov8_msgs/msg/__init__.py\n'}
[2.750649] (yolov8_msgs) StdoutLine: {'line': b'-- Up-to-date: /home/jsagx-6/itc01_ws/install/yolov8_msgs/lib/python3.8/site-packages/yolov8_msgs/msg/_yolov8_inference_s.c\n'}
[2.751165] (yolov8_msgs) StdoutLine: {'line': b'-- Up-to-date: /home/jsagx-6/itc01_ws/install/yolov8_msgs/lib/python3.8/site-packages/yolov8_msgs/msg/_yolov8_inference.py\n'}
[2.751455] (yolov8_msgs) StdoutLine: {'line': b'-- Up-to-date: /home/jsagx-6/itc01_ws/install/yolov8_msgs/lib/python3.8/site-packages/yolov8_msgs/msg/_inference_result_s.c\n'}
[2.751740] (yolov8_msgs) StdoutLine: {'line': b'-- Up-to-date: /home/jsagx-6/itc01_ws/install/yolov8_msgs/lib/python3.8/site-packages/yolov8_msgs/yolov8_msgs_s__rosidl_typesupport_fastrtps_c.cpython-38-aarch64-linux-gnu.so\n'}
[2.753233] (yolov8_msgs) StdoutLine: {'line': b'-- Up-to-date: /home/jsagx-6/itc01_ws/install/yolov8_msgs/lib/python3.8/site-packages/yolov8_msgs/yolov8_msgs_s__rosidl_typesupport_introspection_c.cpython-38-aarch64-linux-gnu.so\n'}
[2.755477] (yolov8_msgs) StdoutLine: {'line': b'-- Up-to-date: /home/jsagx-6/itc01_ws/install/yolov8_msgs/lib/python3.8/site-packages/yolov8_msgs/yolov8_msgs_s__rosidl_typesupport_c.cpython-38-aarch64-linux-gnu.so\n'}
[2.757600] (yolov8_msgs) StdoutLine: {'line': b'-- Up-to-date: /home/jsagx-6/itc01_ws/install/yolov8_msgs/lib/libyolov8_msgs__python.so\n'}
[2.758813] (yolov8_msgs) StdoutLine: {'line': b'-- Up-to-date: /home/jsagx-6/itc01_ws/install/yolov8_msgs/share/yolov8_msgs/msg/InferenceResult.idl\n'}
[2.759349] (yolov8_msgs) StdoutLine: {'line': b'-- Up-to-date: /home/jsagx-6/itc01_ws/install/yolov8_msgs/share/yolov8_msgs/msg/Yolov8Inference.idl\n'}
[2.759892] (yolov8_msgs) StdoutLine: {'line': b'-- Up-to-date: /home/jsagx-6/itc01_ws/install/yolov8_msgs/share/yolov8_msgs/msg/InferenceResult.msg\n'}
[2.760463] (yolov8_msgs) StdoutLine: {'line': b'-- Up-to-date: /home/jsagx-6/itc01_ws/install/yolov8_msgs/share/yolov8_msgs/msg/Yolov8Inference.msg\n'}
[2.761063] (yolov8_msgs) StdoutLine: {'line': b'-- Up-to-date: /home/jsagx-6/itc01_ws/install/yolov8_msgs/share/ament_index/resource_index/package_run_dependencies/yolov8_msgs\n'}
[2.761554] (yolov8_msgs) StdoutLine: {'line': b'-- Up-to-date: /home/jsagx-6/itc01_ws/install/yolov8_msgs/share/ament_index/resource_index/parent_prefix_path/yolov8_msgs\n'}
[2.762117] (yolov8_msgs) StdoutLine: {'line': b'-- Up-to-date: /home/jsagx-6/itc01_ws/install/yolov8_msgs/share/yolov8_msgs/environment/ament_prefix_path.sh\n'}
[2.762674] (yolov8_msgs) StdoutLine: {'line': b'-- Up-to-date: /home/jsagx-6/itc01_ws/install/yolov8_msgs/share/yolov8_msgs/environment/ament_prefix_path.dsv\n'}
[2.763090] (yolov8_msgs) StdoutLine: {'line': b'-- Up-to-date: /home/jsagx-6/itc01_ws/install/yolov8_msgs/share/yolov8_msgs/environment/path.sh\n'}
[2.763387] (yolov8_msgs) StdoutLine: {'line': b'-- Up-to-date: /home/jsagx-6/itc01_ws/install/yolov8_msgs/share/yolov8_msgs/environment/path.dsv\n'}
[2.763714] (yolov8_msgs) StdoutLine: {'line': b'-- Up-to-date: /home/jsagx-6/itc01_ws/install/yolov8_msgs/share/yolov8_msgs/local_setup.bash\n'}
[2.764095] (yolov8_msgs) StdoutLine: {'line': b'-- Up-to-date: /home/jsagx-6/itc01_ws/install/yolov8_msgs/share/yolov8_msgs/local_setup.sh\n'}
[2.764508] (yolov8_msgs) StdoutLine: {'line': b'-- Up-to-date: /home/jsagx-6/itc01_ws/install/yolov8_msgs/share/yolov8_msgs/local_setup.zsh\n'}
[2.764993] (yolov8_msgs) StdoutLine: {'line': b'-- Up-to-date: /home/jsagx-6/itc01_ws/install/yolov8_msgs/share/yolov8_msgs/local_setup.dsv\n'}
[2.765335] (yolov8_msgs) StdoutLine: {'line': b'-- Installing: /home/jsagx-6/itc01_ws/install/yolov8_msgs/share/yolov8_msgs/package.dsv\n'}
[2.765847] (yolov8_msgs) StdoutLine: {'line': b'-- Up-to-date: /home/jsagx-6/itc01_ws/install/yolov8_msgs/share/ament_index/resource_index/packages/yolov8_msgs\n'}
[2.766182] (yolov8_msgs) StdoutLine: {'line': b'-- Up-to-date: /home/jsagx-6/itc01_ws/install/yolov8_msgs/share/yolov8_msgs/cmake/yolov8_msgs__rosidl_generator_cExport.cmake\n'}
[2.766618] (yolov8_msgs) StdoutLine: {'line': b'-- Up-to-date: /home/jsagx-6/itc01_ws/install/yolov8_msgs/share/yolov8_msgs/cmake/yolov8_msgs__rosidl_generator_cExport-noconfig.cmake\n'}
[2.766969] (yolov8_msgs) StdoutLine: {'line': b'-- Up-to-date: /home/jsagx-6/itc01_ws/install/yolov8_msgs/share/yolov8_msgs/cmake/yolov8_msgs__rosidl_typesupport_introspection_cExport.cmake\n'}
[2.767374] (yolov8_msgs) StdoutLine: {'line': b'-- Up-to-date: /home/jsagx-6/itc01_ws/install/yolov8_msgs/share/yolov8_msgs/cmake/yolov8_msgs__rosidl_typesupport_introspection_cExport-noconfig.cmake\n'}
[2.767702] (yolov8_msgs) StdoutLine: {'line': b'-- Up-to-date: /home/jsagx-6/itc01_ws/install/yolov8_msgs/share/yolov8_msgs/cmake/yolov8_msgs__rosidl_typesupport_cExport.cmake\n'}
[2.768212] (yolov8_msgs) StdoutLine: {'line': b'-- Up-to-date: /home/jsagx-6/itc01_ws/install/yolov8_msgs/share/yolov8_msgs/cmake/yolov8_msgs__rosidl_typesupport_cExport-noconfig.cmake\n'}
[2.768472] (yolov8_msgs) StdoutLine: {'line': b'-- Up-to-date: /home/jsagx-6/itc01_ws/install/yolov8_msgs/share/yolov8_msgs/cmake/yolov8_msgs__rosidl_generator_cppExport.cmake\n'}
[2.769130] (yolov8_msgs) StdoutLine: {'line': b'-- Up-to-date: /home/jsagx-6/itc01_ws/install/yolov8_msgs/share/yolov8_msgs/cmake/yolov8_msgs__rosidl_typesupport_introspection_cppExport.cmake\n'}
[2.769680] (yolov8_msgs) StdoutLine: {'line': b'-- Up-to-date: /home/jsagx-6/itc01_ws/install/yolov8_msgs/share/yolov8_msgs/cmake/yolov8_msgs__rosidl_typesupport_introspection_cppExport-noconfig.cmake\n'}
[2.770174] (yolov8_msgs) StdoutLine: {'line': b'-- Up-to-date: /home/jsagx-6/itc01_ws/install/yolov8_msgs/share/yolov8_msgs/cmake/yolov8_msgs__rosidl_typesupport_cppExport.cmake\n'}
[2.770691] (yolov8_msgs) StdoutLine: {'line': b'-- Up-to-date: /home/jsagx-6/itc01_ws/install/yolov8_msgs/share/yolov8_msgs/cmake/yolov8_msgs__rosidl_typesupport_cppExport-noconfig.cmake\n'}
[2.771219] (yolov8_msgs) StdoutLine: {'line': b'-- Up-to-date: /home/jsagx-6/itc01_ws/install/yolov8_msgs/share/yolov8_msgs/cmake/rosidl_cmake-extras.cmake\n'}
[2.771564] (yolov8_msgs) StdoutLine: {'line': b'-- Up-to-date: /home/jsagx-6/itc01_ws/install/yolov8_msgs/share/yolov8_msgs/cmake/ament_cmake_export_dependencies-extras.cmake\n'}
[2.772009] (yolov8_msgs) StdoutLine: {'line': b'-- Up-to-date: /home/jsagx-6/itc01_ws/install/yolov8_msgs/share/yolov8_msgs/cmake/ament_cmake_export_libraries-extras.cmake\n'}
[2.772274] (yolov8_msgs) StdoutLine: {'line': b'-- Up-to-date: /home/jsagx-6/itc01_ws/install/yolov8_msgs/share/yolov8_msgs/cmake/ament_cmake_export_targets-extras.cmake\n'}
[2.772552] (yolov8_msgs) StdoutLine: {'line': b'-- Up-to-date: /home/jsagx-6/itc01_ws/install/yolov8_msgs/share/yolov8_msgs/cmake/ament_cmake_export_include_directories-extras.cmake\n'}
[2.772976] (yolov8_msgs) StdoutLine: {'line': b'-- Up-to-date: /home/jsagx-6/itc01_ws/install/yolov8_msgs/share/yolov8_msgs/cmake/rosidl_cmake_export_typesupport_libraries-extras.cmake\n'}
[2.773378] (yolov8_msgs) StdoutLine: {'line': b'-- Up-to-date: /home/jsagx-6/itc01_ws/install/yolov8_msgs/share/yolov8_msgs/cmake/rosidl_cmake_export_typesupport_targets-extras.cmake\n'}
[2.773685] (yolov8_msgs) StdoutLine: {'line': b'-- Up-to-date: /home/jsagx-6/itc01_ws/install/yolov8_msgs/share/yolov8_msgs/cmake/yolov8_msgsConfig.cmake\n'}
[2.773960] (yolov8_msgs) StdoutLine: {'line': b'-- Up-to-date: /home/jsagx-6/itc01_ws/install/yolov8_msgs/share/yolov8_msgs/cmake/yolov8_msgsConfig-version.cmake\n'}
[2.774252] (yolov8_msgs) StdoutLine: {'line': b'-- Up-to-date: /home/jsagx-6/itc01_ws/install/yolov8_msgs/share/yolov8_msgs/package.xml\n'}
[2.779701] (yolov8_msgs) CommandEnded: {'returncode': 0}
[2.818049] (-) TimerEvent: {}
[2.920122] (-) TimerEvent: {}
[3.022280] (-) TimerEvent: {}
[3.076779] (yolov8_msgs) JobEnded: {'identifier': 'yolov8_msgs', 'rc': 0}
[3.122436] (-) TimerEvent: {}
[3.223160] (-) TimerEvent: {}
[3.324161] (-) TimerEvent: {}
[3.424990] (-) TimerEvent: {}
[3.525818] (-) TimerEvent: {}
[3.539623] (mr2_realsense) Command: {'cmd': ['/usr/bin/python3', '-W', 'ignore:setup.py install is deprecated', 'setup.py', 'egg_info', '--egg-base', '../../../build/mr2_realsense', 'build', '--build-base', '/home/jsagx-6/itc01_ws/build/mr2_realsense/build', 'install', '--record', '/home/jsagx-6/itc01_ws/build/mr2_realsense/install.log', '--install-scripts', '$base/lib/mr2_realsense', '--single-version-externally-managed', 'install_data'], 'cwd': '/home/jsagx-6/itc01_ws/src/itc01_mr2/mr2_realsense', 'env': {'USER': 'jsagx-6', 'SSH_CLIENT': '192.168.77.215 41232 22', 'LC_TIME': 'km_KH', 'XDG_SESSION_TYPE': 'tty', 'SHLVL': '1', 'LD_LIBRARY_PATH': '/opt/ros/foxy/opt/yaml_cpp_vendor/lib:/opt/ros/foxy/lib/aarch64-linux-gnu:/opt/ros/foxy/lib:/home/jsagx-6/itc01_ws/install/yolov8_msgs/lib', 'MOTD_SHOWN': 'pam', 'HOME': '/home/jsagx-6', 'OLDPWD': '/home/jsagx-6', 'SSH_TTY': '/dev/pts/1', 'JETSON_L4T': '35.5.0', 'ROS_PYTHON_VERSION': '3', 'JETSON_MODEL': 'Jetson-AGX', 'LC_MONETARY': 'km_KH', 'DBUS_SESSION_BUS_ADDRESS': 'unix:path=/run/user/1000/bus', 'COLCON_PREFIX_PATH': '/home/jsagx-6/itc01_ws/install', 'ROS_DISTRO': 'foxy', 'LOGNAME': 'jsagx-6', 'JETSON_MODULE': 'NVIDIA Jetson AGX Xavier (32 GB ram)', 'JETSON_SERIAL_NUMBER': '1561221004404', '_': '/usr/bin/colcon', 'ROS_VERSION': '2', 'JETSON_CODENAME': 'Galen', 'XDG_SESSION_CLASS': 'user', 'TERM': 'xterm-256color', 'XDG_SESSION_ID': '8', 'ROS_LOCALHOST_ONLY': '0', 'PATH': '/opt/ros/foxy/bin:/usr/local/sbin:/usr/local/bin:/usr/sbin:/usr/bin:/sbin:/bin:/usr/games:/usr/local/games:/snap/bin', 'LC_ADDRESS': 'km_KH', 'XDG_RUNTIME_DIR': '/run/user/1000', 'LANG': 'en_US.UTF-8', 'LC_TELEPHONE': 'km_KH', 'JETSON_SOC': 'tegra194', 'AMENT_PREFIX_PATH': '/opt/ros/foxy:/home/jsagx-6/itc01_ws/install/yolov8_msgs:/home/jsagx-6/itc01_ws/install/yolobot_recognition:/home/jsagx-6/itc01_ws/install/mr2_realsense:/home/jsagx-6/itc01_ws/install/buffalo_robot', 'SHELL': '/bin/bash', 'LC_NAME': 'km_KH', 'LC_MEASUREMENT': 'km_KH', 'LC_IDENTIFICATION': 'km_KH', 'JETSON_CUDA_ARCH_BIN': '7.2', 'PWD': '/home/jsagx-6/itc01_ws/build/mr2_realsense', 'LC_ALL': 'en_US.UTF-8', 'SSH_CONNECTION': '192.168.77.215 41232 192.168.77.206 22', 'XDG_DATA_DIRS': '/usr/local/share:/usr/share:/var/lib/snapd/desktop', 'PYTHONPATH': '/home/jsagx-6/itc01_ws/build/mr2_realsense/prefix_override:/home/jsagx-6/itc01_ws/install/mr2_realsense/lib/python3.8/site-packages:/opt/ros/foxy/lib/python3.8/site-packages:/home/jsagx-6/itc01_ws/install/yolov8_msgs/lib/python3.8/site-packages:/home/jsagx-6/itc01_ws/install/mr2_realsense/lib/python3.8/site-packages:/home/jsagx-6/itc01_ws/install/buffalo_robot/lib/python3.8/site-packages', 'LC_NUMERIC': 'km_KH', 'LC_PAPER': 'km_KH', 'COLCON': '1', 'JETSON_JETPACK': '5.1.3', 'CMAKE_PREFIX_PATH': '/opt/ros/foxy:/home/jsagx-6/itc01_ws/install/yolov8_msgs:/home/jsagx-6/itc01_ws/install/yolobot_recognition', 'JETSON_P_NUMBER': 'p2888-0004'}, 'shell': False}
[3.583695] (buffalo_robot) Command: {'cmd': ['/usr/bin/python3', '-W', 'ignore:setup.py install is deprecated', 'setup.py', 'egg_info', '--egg-base', '../../../build/buffalo_robot', 'build', '--build-base', '/home/jsagx-6/itc01_ws/build/buffalo_robot/build', 'install', '--record', '/home/jsagx-6/itc01_ws/build/buffalo_robot/install.log', '--install-scripts', '$base/lib/buffalo_robot', '--single-version-externally-managed', 'install_data'], 'cwd': '/home/jsagx-6/itc01_ws/src/itc01_mr2/buffalo_robot', 'env': {'USER': 'jsagx-6', 'SSH_CLIENT': '192.168.77.215 41232 22', 'LC_TIME': 'km_KH', 'XDG_SESSION_TYPE': 'tty', 'SHLVL': '1', 'LD_LIBRARY_PATH': '/opt/ros/foxy/opt/yaml_cpp_vendor/lib:/opt/ros/foxy/lib/aarch64-linux-gnu:/opt/ros/foxy/lib:/home/jsagx-6/itc01_ws/install/yolov8_msgs/lib', 'MOTD_SHOWN': 'pam', 'HOME': '/home/jsagx-6', 'OLDPWD': '/home/jsagx-6', 'SSH_TTY': '/dev/pts/1', 'JETSON_L4T': '35.5.0', 'ROS_PYTHON_VERSION': '3', 'JETSON_MODEL': 'Jetson-AGX', 'LC_MONETARY': 'km_KH', 'DBUS_SESSION_BUS_ADDRESS': 'unix:path=/run/user/1000/bus', 'COLCON_PREFIX_PATH': '/home/jsagx-6/itc01_ws/install', 'ROS_DISTRO': 'foxy', 'LOGNAME': 'jsagx-6', 'JETSON_MODULE': 'NVIDIA Jetson AGX Xavier (32 GB ram)', 'JETSON_SERIAL_NUMBER': '1561221004404', '_': '/usr/bin/colcon', 'ROS_VERSION': '2', 'JETSON_CODENAME': 'Galen', 'XDG_SESSION_CLASS': 'user', 'TERM': 'xterm-256color', 'XDG_SESSION_ID': '8', 'ROS_LOCALHOST_ONLY': '0', 'PATH': '/opt/ros/foxy/bin:/usr/local/sbin:/usr/local/bin:/usr/sbin:/usr/bin:/sbin:/bin:/usr/games:/usr/local/games:/snap/bin', 'LC_ADDRESS': 'km_KH', 'XDG_RUNTIME_DIR': '/run/user/1000', 'LANG': 'en_US.UTF-8', 'LC_TELEPHONE': 'km_KH', 'JETSON_SOC': 'tegra194', 'AMENT_PREFIX_PATH': '/opt/ros/foxy:/home/jsagx-6/itc01_ws/install/yolov8_msgs:/home/jsagx-6/itc01_ws/install/yolobot_recognition:/home/jsagx-6/itc01_ws/install/mr2_realsense:/home/jsagx-6/itc01_ws/install/buffalo_robot', 'SHELL': '/bin/bash', 'LC_NAME': 'km_KH', 'LC_MEASUREMENT': 'km_KH', 'LC_IDENTIFICATION': 'km_KH', 'JETSON_CUDA_ARCH_BIN': '7.2', 'PWD': '/home/jsagx-6/itc01_ws/build/buffalo_robot', 'LC_ALL': 'en_US.UTF-8', 'SSH_CONNECTION': '192.168.77.215 41232 192.168.77.206 22', 'XDG_DATA_DIRS': '/usr/local/share:/usr/share:/var/lib/snapd/desktop', 'PYTHONPATH': '/home/jsagx-6/itc01_ws/build/buffalo_robot/prefix_override:/home/jsagx-6/itc01_ws/install/buffalo_robot/lib/python3.8/site-packages:/opt/ros/foxy/lib/python3.8/site-packages:/home/jsagx-6/itc01_ws/install/yolov8_msgs/lib/python3.8/site-packages:/home/jsagx-6/itc01_ws/install/mr2_realsense/lib/python3.8/site-packages:/home/jsagx-6/itc01_ws/install/buffalo_robot/lib/python3.8/site-packages', 'LC_NUMERIC': 'km_KH', 'LC_PAPER': 'km_KH', 'COLCON': '1', 'JETSON_JETPACK': '5.1.3', 'CMAKE_PREFIX_PATH': '/opt/ros/foxy:/home/jsagx-6/itc01_ws/install/yolov8_msgs:/home/jsagx-6/itc01_ws/install/yolobot_recognition', 'JETSON_P_NUMBER': 'p2888-0004'}, 'shell': False}
[3.626046] (-) TimerEvent: {}
[3.727292] (-) TimerEvent: {}
[3.828115] (-) TimerEvent: {}
[3.929020] (-) TimerEvent: {}
[3.988291] (mr2_realsense) StderrLine: {'line': b'/home/jsagx-6/.local/lib/python3.8/site-packages/setuptools/dist.py:476: SetuptoolsDeprecationWarning: Invalid dash-separated options\n'}
[3.989147] (mr2_realsense) StderrLine: {'line': b'!!\n'}
[3.989469] (mr2_realsense) StderrLine: {'line': b'\n'}
[3.989720] (mr2_realsense) StderrLine: {'line': b'        ********************************************************************************\n'}
[3.989967] (mr2_realsense) StderrLine: {'line': b"        Usage of dash-separated 'script-dir' will not be supported in future\n"}
[3.990226] (mr2_realsense) StderrLine: {'line': b"        versions. Please use the underscore name 'script_dir' instead.\n"}
[3.990463] (mr2_realsense) StderrLine: {'line': b'\n'}
[3.990691] (mr2_realsense) StderrLine: {'line': b'        By 2024-Sep-26, you need to update your project and remove deprecated calls\n'}
[3.990926] (mr2_realsense) StderrLine: {'line': b'        or your builds will no longer be supported.\n'}
[3.991189] (mr2_realsense) StderrLine: {'line': b'\n'}
[3.991435] (mr2_realsense) StderrLine: {'line': b'        See https://setuptools.pypa.io/en/latest/userguide/declarative_config.html for details.\n'}
[3.991690] (mr2_realsense) StderrLine: {'line': b'        ********************************************************************************\n'}
[3.991938] (mr2_realsense) StderrLine: {'line': b'\n'}
[3.992173] (mr2_realsense) StderrLine: {'line': b'!!\n'}
[3.992425] (mr2_realsense) StderrLine: {'line': b'  opt = self.warn_dash_deprecation(opt, section)\n'}
[4.029318] (buffalo_robot) StderrLine: {'line': b'/home/jsagx-6/.local/lib/python3.8/site-packages/setuptools/dist.py:476: SetuptoolsDeprecationWarning: Invalid dash-separated options\n'}
[4.029926] (-) TimerEvent: {}
[4.030309] (buffalo_robot) StderrLine: {'line': b'!!\n'}
[4.030610] (buffalo_robot) StderrLine: {'line': b'\n'}
[4.030855] (buffalo_robot) StderrLine: {'line': b'        ********************************************************************************\n'}
[4.031103] (buffalo_robot) StderrLine: {'line': b"        Usage of dash-separated 'script-dir' will not be supported in future\n"}
[4.031344] (buffalo_robot) StderrLine: {'line': b"        versions. Please use the underscore name 'script_dir' instead.\n"}
[4.031616] (buffalo_robot) StderrLine: {'line': b'\n'}
[4.031870] (buffalo_robot) StderrLine: {'line': b'        By 2024-Sep-26, you need to update your project and remove deprecated calls\n'}
[4.032120] (buffalo_robot) StderrLine: {'line': b'        or your builds will no longer be supported.\n'}
[4.032351] (buffalo_robot) StderrLine: {'line': b'\n'}
[4.032598] (buffalo_robot) StderrLine: {'line': b'        See https://setuptools.pypa.io/en/latest/userguide/declarative_config.html for details.\n'}
[4.032948] (buffalo_robot) StderrLine: {'line': b'        ********************************************************************************\n'}
[4.033194] (buffalo_robot) StderrLine: {'line': b'\n'}
[4.033421] (buffalo_robot) StderrLine: {'line': b'!!\n'}
[4.033668] (buffalo_robot) StderrLine: {'line': b'  opt = self.warn_dash_deprecation(opt, section)\n'}
[4.130139] (-) TimerEvent: {}
[4.230851] (-) TimerEvent: {}
[4.331631] (-) TimerEvent: {}
[4.355977] (mr2_realsense) StdoutLine: {'line': b'running egg_info\n'}
[4.391288] (buffalo_robot) StdoutLine: {'line': b'running egg_info\n'}
[4.406386] (mr2_realsense) StdoutLine: {'line': b'writing ../../../build/mr2_realsense/mr2_realsense.egg-info/PKG-INFO\n'}
[4.408326] (mr2_realsense) StdoutLine: {'line': b'writing dependency_links to ../../../build/mr2_realsense/mr2_realsense.egg-info/dependency_links.txt\n'}
[4.409436] (mr2_realsense) StdoutLine: {'line': b'writing entry points to ../../../build/mr2_realsense/mr2_realsense.egg-info/entry_points.txt\n'}
[4.410204] (mr2_realsense) StdoutLine: {'line': b'writing requirements to ../../../build/mr2_realsense/mr2_realsense.egg-info/requires.txt\n'}
[4.410742] (mr2_realsense) StdoutLine: {'line': b'writing top-level names to ../../../build/mr2_realsense/mr2_realsense.egg-info/top_level.txt\n'}
[4.431782] (-) TimerEvent: {}
[4.439503] (buffalo_robot) StdoutLine: {'line': b'writing ../../../build/buffalo_robot/buffalo_robot.egg-info/PKG-INFO\n'}
[4.441267] (buffalo_robot) StdoutLine: {'line': b'writing dependency_links to ../../../build/buffalo_robot/buffalo_robot.egg-info/dependency_links.txt\n'}
[4.442534] (buffalo_robot) StdoutLine: {'line': b'writing entry points to ../../../build/buffalo_robot/buffalo_robot.egg-info/entry_points.txt\n'}
[4.443171] (buffalo_robot) StdoutLine: {'line': b'writing requirements to ../../../build/buffalo_robot/buffalo_robot.egg-info/requires.txt\n'}
[4.443742] (buffalo_robot) StdoutLine: {'line': b'writing top-level names to ../../../build/buffalo_robot/buffalo_robot.egg-info/top_level.txt\n'}
[4.531964] (-) TimerEvent: {}
[4.633428] (-) TimerEvent: {}
[4.734842] (-) TimerEvent: {}
[4.828302] (mr2_realsense) StdoutLine: {'line': b"reading manifest file '../../../build/mr2_realsense/mr2_realsense.egg-info/SOURCES.txt'\n"}
[4.832233] (mr2_realsense) StdoutLine: {'line': b"writing manifest file '../../../build/mr2_realsense/mr2_realsense.egg-info/SOURCES.txt'\n"}
[4.833026] (mr2_realsense) StdoutLine: {'line': b'running build\n'}
[4.833374] (mr2_realsense) StdoutLine: {'line': b'running build_py\n'}
[4.834103] (mr2_realsense) StdoutLine: {'line': b'copying mr2_realsense/test_opencv_8_pub.py -> /home/jsagx-6/itc01_ws/build/mr2_realsense/build/lib/mr2_realsense\n'}
[4.834963] (-) TimerEvent: {}
[4.836179] (mr2_realsense) StdoutLine: {'line': b'copying mr2_realsense/yolov8_webcam.py -> /home/jsagx-6/itc01_ws/build/mr2_realsense/build/lib/mr2_realsense\n'}
[4.836526] (mr2_realsense) StdoutLine: {'line': b'copying mr2_realsense/realsense_pub_image.py -> /home/jsagx-6/itc01_ws/build/mr2_realsense/build/lib/mr2_realsense\n'}
[4.837097] (mr2_realsense) StdoutLine: {'line': b'copying mr2_realsense/__init__.py -> /home/jsagx-6/itc01_ws/build/mr2_realsense/build/lib/mr2_realsense\n'}
[4.837580] (mr2_realsense) StdoutLine: {'line': b'copying mr2_realsense/yolov8_rs03.py -> /home/jsagx-6/itc01_ws/build/mr2_realsense/build/lib/mr2_realsense\n'}
[4.838273] (mr2_realsense) StdoutLine: {'line': b'copying mr2_realsense/yolo_ball_pub02.py -> /home/jsagx-6/itc01_ws/build/mr2_realsense/build/lib/mr2_realsense\n'}
[4.838967] (mr2_realsense) StdoutLine: {'line': b'copying mr2_realsense/yolo_ball_pub.py -> /home/jsagx-6/itc01_ws/build/mr2_realsense/build/lib/mr2_realsense\n'}
[4.840107] (mr2_realsense) StdoutLine: {'line': b'copying mr2_realsense/yolov8_rs.py -> /home/jsagx-6/itc01_ws/build/mr2_realsense/build/lib/mr2_realsense\n'}
[4.842396] (mr2_realsense) StdoutLine: {'line': b'running install\n'}
[4.855575] (buffalo_robot) StdoutLine: {'line': b"reading manifest file '../../../build/buffalo_robot/buffalo_robot.egg-info/SOURCES.txt'\n"}
[4.858536] (mr2_realsense) StdoutLine: {'line': b'running install_lib\n'}
[4.860058] (buffalo_robot) StdoutLine: {'line': b"writing manifest file '../../../build/buffalo_robot/buffalo_robot.egg-info/SOURCES.txt'\n"}
[4.860960] (buffalo_robot) StdoutLine: {'line': b'running build\n'}
[4.861416] (buffalo_robot) StdoutLine: {'line': b'running build_py\n'}
[4.862596] (buffalo_robot) StdoutLine: {'line': b'copying buffalo_robot/mecanum_pidV1.py -> /home/jsagx-6/itc01_ws/build/buffalo_robot/build/lib/buffalo_robot\n'}
[4.863363] (buffalo_robot) StdoutLine: {'line': b'copying buffalo_robot/pid_simulation.py -> /home/jsagx-6/itc01_ws/build/buffalo_robot/build/lib/buffalo_robot\n'}
[4.864006] (buffalo_robot) StdoutLine: {'line': b'copying buffalo_robot/imu.py -> /home/jsagx-6/itc01_ws/build/buffalo_robot/build/lib/buffalo_robot\n'}
[4.864660] (buffalo_robot) StdoutLine: {'line': b'copying buffalo_robot/can_buffaloV1.py -> /home/jsagx-6/itc01_ws/build/buffalo_robot/build/lib/buffalo_robot\n'}
[4.865542] (buffalo_robot) StdoutLine: {'line': b'copying buffalo_robot/mpc_omni.py -> /home/jsagx-6/itc01_ws/build/buffalo_robot/build/lib/buffalo_robot\n'}
[4.866596] (buffalo_robot) StdoutLine: {'line': b'copying buffalo_robot/omni_pidV1.py -> /home/jsagx-6/itc01_ws/build/buffalo_robot/build/lib/buffalo_robot\n'}
[4.867260] (buffalo_robot) StdoutLine: {'line': b'copying buffalo_robot/__init__.py -> /home/jsagx-6/itc01_ws/build/buffalo_robot/build/lib/buffalo_robot\n'}
[4.867759] (buffalo_robot) StdoutLine: {'line': b'copying buffalo_robot/EKF.py -> /home/jsagx-6/itc01_ws/build/buffalo_robot/build/lib/buffalo_robot\n'}
[4.868500] (buffalo_robot) StdoutLine: {'line': b'copying buffalo_robot/ps4_control.py -> /home/jsagx-6/itc01_ws/build/buffalo_robot/build/lib/buffalo_robot\n'}
[4.869326] (buffalo_robot) StdoutLine: {'line': b'copying buffalo_robot/can_control_Motor.py -> /home/jsagx-6/itc01_ws/build/buffalo_robot/build/lib/buffalo_robot\n'}
[4.869961] (buffalo_robot) StdoutLine: {'line': b'copying buffalo_robot/omni_mpcV2.py -> /home/jsagx-6/itc01_ws/build/buffalo_robot/build/lib/buffalo_robot\n'}
[4.870651] (buffalo_robot) StdoutLine: {'line': b'copying buffalo_robot/omni_mpcSimV1.py -> /home/jsagx-6/itc01_ws/build/buffalo_robot/build/lib/buffalo_robot\n'}
[4.871266] (buffalo_robot) StdoutLine: {'line': b'copying buffalo_robot/Omni_PidSim.py -> /home/jsagx-6/itc01_ws/build/buffalo_robot/build/lib/buffalo_robot\n'}
[4.872035] (buffalo_robot) StdoutLine: {'line': b'copying buffalo_robot/can_buffaloV2.py -> /home/jsagx-6/itc01_ws/build/buffalo_robot/build/lib/buffalo_robot\n'}
[4.872642] (buffalo_robot) StdoutLine: {'line': b'copying buffalo_robot/omni_mpcV1.py -> /home/jsagx-6/itc01_ws/build/buffalo_robot/build/lib/buffalo_robot\n'}
[4.873425] (buffalo_robot) StdoutLine: {'line': b'copying buffalo_robot/bezier_path.py -> /home/jsagx-6/itc01_ws/build/buffalo_robot/build/lib/buffalo_robot\n'}
[4.874459] (buffalo_robot) StdoutLine: {'line': b'copying buffalo_robot/omni_pidV2.py -> /home/jsagx-6/itc01_ws/build/buffalo_robot/build/lib/buffalo_robot\n'}
[4.875115] (buffalo_robot) StdoutLine: {'line': b'copying buffalo_robot/mecanum_pidV2.py -> /home/jsagx-6/itc01_ws/build/buffalo_robot/build/lib/buffalo_robot\n'}
[4.875714] (buffalo_robot) StdoutLine: {'line': b'copying buffalo_robot/imu_HFI_a9.py -> /home/jsagx-6/itc01_ws/build/buffalo_robot/build/lib/buffalo_robot\n'}
[4.878120] (buffalo_robot) StdoutLine: {'line': b'running install\n'}
[4.894405] (buffalo_robot) StdoutLine: {'line': b'running install_lib\n'}
[4.915562] (mr2_realsense) StdoutLine: {'line': b'running install_data\n'}
[4.916077] (mr2_realsense) StdoutLine: {'line': b'copying resource/mr2_realsense -> /home/jsagx-6/itc01_ws/install/mr2_realsense/share/ament_index/resource_index/packages\n'}
[4.916537] (mr2_realsense) StdoutLine: {'line': b'copying package.xml -> /home/jsagx-6/itc01_ws/install/mr2_realsense/share/mr2_realsense\n'}
[4.917190] (mr2_realsense) StdoutLine: {'line': b'running install_egg_info\n'}
[4.935087] (-) TimerEvent: {}
[4.948723] (buffalo_robot) StdoutLine: {'line': b'copying /home/jsagx-6/itc01_ws/build/buffalo_robot/build/lib/buffalo_robot/omni_pidV2.py -> /home/jsagx-6/itc01_ws/install/buffalo_robot/lib/python3.8/site-packages/buffalo_robot\n'}
[4.953018] (buffalo_robot) StdoutLine: {'line': b'byte-compiling /home/jsagx-6/itc01_ws/install/buffalo_robot/lib/python3.8/site-packages/buffalo_robot/omni_pidV2.py to omni_pidV2.cpython-38.pyc\n'}
[4.960080] (buffalo_robot) StdoutLine: {'line': b'running install_data\n'}
[4.960489] (buffalo_robot) StdoutLine: {'line': b'copying resource/buffalo_robot -> /home/jsagx-6/itc01_ws/install/buffalo_robot/share/ament_index/resource_index/packages\n'}
[4.961194] (buffalo_robot) StdoutLine: {'line': b'copying package.xml -> /home/jsagx-6/itc01_ws/install/buffalo_robot/share/buffalo_robot\n'}
[4.961733] (buffalo_robot) StdoutLine: {'line': b'running install_egg_info\n'}
[4.970558] (mr2_realsense) StdoutLine: {'line': b"removing '/home/jsagx-6/itc01_ws/install/mr2_realsense/lib/python3.8/site-packages/mr2_realsense-0.0.0-py3.8.egg-info' (and everything under it)\n"}
[4.971851] (mr2_realsense) StdoutLine: {'line': b'Copying ../../../build/mr2_realsense/mr2_realsense.egg-info to /home/jsagx-6/itc01_ws/install/mr2_realsense/lib/python3.8/site-packages/mr2_realsense-0.0.0-py3.8.egg-info\n'}
[4.975555] (mr2_realsense) StdoutLine: {'line': b'running install_scripts\n'}
[5.013589] (buffalo_robot) StdoutLine: {'line': b"removing '/home/jsagx-6/itc01_ws/install/buffalo_robot/lib/python3.8/site-packages/buffalo_robot-0.0.0-py3.8.egg-info' (and everything under it)\n"}
[5.014713] (buffalo_robot) StdoutLine: {'line': b'Copying ../../../build/buffalo_robot/buffalo_robot.egg-info to /home/jsagx-6/itc01_ws/install/buffalo_robot/lib/python3.8/site-packages/buffalo_robot-0.0.0-py3.8.egg-info\n'}
[5.018323] (buffalo_robot) StdoutLine: {'line': b'running install_scripts\n'}
[5.035195] (-) TimerEvent: {}
[5.099381] (mr2_realsense) StdoutLine: {'line': b'Installing realsense_depth script to /home/jsagx-6/itc01_ws/install/mr2_realsense/lib/mr2_realsense\n'}
[5.100109] (mr2_realsense) StdoutLine: {'line': b'Installing realsense_pub script to /home/jsagx-6/itc01_ws/install/mr2_realsense/lib/mr2_realsense\n'}
[5.100802] (mr2_realsense) StdoutLine: {'line': b'Installing realsense_pub02 script to /home/jsagx-6/itc01_ws/install/mr2_realsense/lib/mr2_realsense\n'}
[5.101443] (mr2_realsense) StdoutLine: {'line': b'Installing webcam_pub script to /home/jsagx-6/itc01_ws/install/mr2_realsense/lib/mr2_realsense\n'}
[5.102104] (mr2_realsense) StdoutLine: {'line': b'Installing yolo_ball_pub script to /home/jsagx-6/itc01_ws/install/mr2_realsense/lib/mr2_realsense\n'}
[5.102682] (mr2_realsense) StdoutLine: {'line': b'Installing yolo_ball_pub02 script to /home/jsagx-6/itc01_ws/install/mr2_realsense/lib/mr2_realsense\n'}
[5.103237] (mr2_realsense) StdoutLine: {'line': b'Installing yolo_pub_8 script to /home/jsagx-6/itc01_ws/install/mr2_realsense/lib/mr2_realsense\n'}
[5.103856] (mr2_realsense) StdoutLine: {'line': b'Installing yolov8_rs script to /home/jsagx-6/itc01_ws/install/mr2_realsense/lib/mr2_realsense\n'}
[5.104476] (mr2_realsense) StdoutLine: {'line': b'Installing yolov8_rs03 script to /home/jsagx-6/itc01_ws/install/mr2_realsense/lib/mr2_realsense\n'}
[5.105083] (mr2_realsense) StdoutLine: {'line': b'Installing yolov8_webcam script to /home/jsagx-6/itc01_ws/install/mr2_realsense/lib/mr2_realsense\n'}
[5.107158] (mr2_realsense) StdoutLine: {'line': b"writing list of installed files to '/home/jsagx-6/itc01_ws/build/mr2_realsense/install.log'\n"}
[5.135326] (-) TimerEvent: {}
[5.139812] (buffalo_robot) StdoutLine: {'line': b'Installing Omni_PidSim script to /home/jsagx-6/itc01_ws/install/buffalo_robot/lib/buffalo_robot\n'}
[5.140571] (buffalo_robot) StdoutLine: {'line': b'Installing Omni_model script to /home/jsagx-6/itc01_ws/install/buffalo_robot/lib/buffalo_robot\n'}
[5.141224] (buffalo_robot) StdoutLine: {'line': b'Installing buffalo_sim script to /home/jsagx-6/itc01_ws/install/buffalo_robot/lib/buffalo_robot\n'}
[5.141761] (buffalo_robot) StdoutLine: {'line': b'Installing buffalov1 script to /home/jsagx-6/itc01_ws/install/buffalo_robot/lib/buffalo_robot\n'}
[5.142267] (buffalo_robot) StdoutLine: {'line': b'Installing buffalov2 script to /home/jsagx-6/itc01_ws/install/buffalo_robot/lib/buffalo_robot\n'}
[5.142772] (buffalo_robot) StdoutLine: {'line': b'Installing can_buffalo script to /home/jsagx-6/itc01_ws/install/buffalo_robot/lib/buffalo_robot\n'}
[5.143259] (buffalo_robot) StdoutLine: {'line': b'Installing can_buffaloV2 script to /home/jsagx-6/itc01_ws/install/buffalo_robot/lib/buffalo_robot\n'}
[5.143744] (buffalo_robot) StdoutLine: {'line': b'Installing can_motor script to /home/jsagx-6/itc01_ws/install/buffalo_robot/lib/buffalo_robot\n'}
[5.144267] (buffalo_robot) StdoutLine: {'line': b'Installing can_rotary script to /home/jsagx-6/itc01_ws/install/buffalo_robot/lib/buffalo_robot\n'}
[5.144829] (buffalo_robot) StdoutLine: {'line': b'Installing imu script to /home/jsagx-6/itc01_ws/install/buffalo_robot/lib/buffalo_robot\n'}
[5.145384] (buffalo_robot) StdoutLine: {'line': b'Installing imu_ha9 script to /home/jsagx-6/itc01_ws/install/buffalo_robot/lib/buffalo_robot\n'}
[5.145896] (buffalo_robot) StdoutLine: {'line': b'Installing mec_teleop script to /home/jsagx-6/itc01_ws/install/buffalo_robot/lib/buffalo_robot\n'}
[5.146428] (buffalo_robot) StdoutLine: {'line': b'Installing omni_mpcsim script to /home/jsagx-6/itc01_ws/install/buffalo_robot/lib/buffalo_robot\n'}
[5.146973] (buffalo_robot) StdoutLine: {'line': b'Installing omni_mpcv1 script to /home/jsagx-6/itc01_ws/install/buffalo_robot/lib/buffalo_robot\n'}
[5.147512] (buffalo_robot) StdoutLine: {'line': b'Installing omni_mpcv2 script to /home/jsagx-6/itc01_ws/install/buffalo_robot/lib/buffalo_robot\n'}
[5.147959] (buffalo_robot) StdoutLine: {'line': b'Installing omni_pidv1 script to /home/jsagx-6/itc01_ws/install/buffalo_robot/lib/buffalo_robot\n'}
[5.148455] (buffalo_robot) StdoutLine: {'line': b'Installing omni_pidv2 script to /home/jsagx-6/itc01_ws/install/buffalo_robot/lib/buffalo_robot\n'}
[5.149104] (buffalo_robot) StdoutLine: {'line': b'Installing ps4 script to /home/jsagx-6/itc01_ws/install/buffalo_robot/lib/buffalo_robot\n'}
[5.149662] (buffalo_robot) StdoutLine: {'line': b'Installing ps4v2 script to /home/jsagx-6/itc01_ws/install/buffalo_robot/lib/buffalo_robot\n'}
[5.152559] (buffalo_robot) StdoutLine: {'line': b"writing list of installed files to '/home/jsagx-6/itc01_ws/build/buffalo_robot/install.log'\n"}
[5.189244] (mr2_realsense) CommandEnded: {'returncode': 0}
[5.215356] (mr2_realsense) JobEnded: {'identifier': 'mr2_realsense', 'rc': 0}
[5.231642] (buffalo_robot) CommandEnded: {'returncode': 0}
[5.235542] (-) TimerEvent: {}
[5.252483] (buffalo_robot) JobEnded: {'identifier': 'buffalo_robot', 'rc': 0}
[5.255390] (-) EventReactorShutdown: {}
