-- Found ament_cmake: 0.9.12 (/opt/ros/foxy/share/ament_cmake/cmake)
-- Found PythonInterp: /usr/bin/python3 (found suitable version "3.8.10", minimum required is "3") 
-- Using PYTHON_EXECUTABLE: /usr/bin/python3
-- Found std_msgs: 2.0.5 (/opt/ros/foxy/share/std_msgs/cmake)
-- Using all available rosidl_typesupport_c: rosidl_typesupport_fastrtps_c;rosidl_typesupport_introspection_c
-- Found rosidl_adapter: 1.3.1 (/opt/ros/foxy/share/rosidl_adapter/cmake)
-- Using all available rosidl_typesupport_cpp: rosidl_typesupport_fastrtps_cpp;rosidl_typesupport_introspection_cpp
-- Found rosidl_default_generators: 1.0.1 (/opt/ros/foxy/share/rosidl_default_generators/cmake)
-- Found PythonInterp: /usr/bin/python3 (found version "3.8.10") 
-- Found ament_cmake_ros: 0.9.2 (/opt/ros/foxy/share/ament_cmake_ros/cmake)
-- Using all available rosidl_typesupport_c: rosidl_typesupport_fastrtps_c;rosidl_typesupport_introspection_c
-- Using all available rosidl_typesupport_cpp: rosidl_typesupport_fastrtps_cpp;rosidl_typesupport_introspection_cpp
-- Found PythonInterp: /usr/bin/python3 (found suitable version "3.8.10", minimum required is "3.5") 
-- Found python_cmake_module: 0.8.1 (/opt/ros/foxy/share/python_cmake_module/cmake)
-- Using PYTHON_EXECUTABLE: /usr/bin/python3
-- Using PYTHON_INCLUDE_DIRS: /usr/include/python3.8
-- Using PYTHON_LIBRARIES: /usr/lib/aarch64-linux-gnu/libpython3.8.so
-- Found ament_lint_auto: 0.9.8 (/opt/ros/foxy/share/ament_lint_auto/cmake)
-- Added test 'copyright' to check source files copyright and LICENSE
-- Added test 'lint_cmake' to check CMake code style
-- Added test 'xmllint' to check XML markup files
-- Configuring done
-- Generating done
-- Build files have been written to: /home/jsagx-6/itc01_ws/build/yolov8_msgs
[  2%] Built target yolov8_msgs__cpp
[ 12%] Built target yolov8_msgs__rosidl_generator_c
[ 33%] Built target yolov8_msgs__rosidl_typesupport_introspection_cpp
[ 33%] Built target yolov8_msgs__rosidl_typesupport_cpp
[ 43%] Built target yolov8_msgs__rosidl_typesupport_introspection_c
[ 56%] Built target yolov8_msgs__rosidl_typesupport_fastrtps_cpp
[ 64%] Built target yolov8_msgs__rosidl_typesupport_c
[ 74%] Built target yolov8_msgs__rosidl_typesupport_fastrtps_c
[ 74%] Built target yolov8_msgs
[ 76%] Built target yolov8_msgs__py
[ 84%] Built target yolov8_msgs__python
[ 97%] Built target yolov8_msgs__rosidl_typesupport_c__pyext
[100%] Built target yolov8_msgs__rosidl_typesupport_fastrtps_c__pyext
[100%] Built target yolov8_msgs__rosidl_typesupport_introspection_c__pyext
-- Install configuration: ""
-- Up-to-date: /home/jsagx-6/itc01_ws/install/yolov8_msgs/share/ament_index/resource_index/rosidl_interfaces/yolov8_msgs
-- Up-to-date: /home/jsagx-6/itc01_ws/install/yolov8_msgs/include/yolov8_msgs
-- Up-to-date: /home/jsagx-6/itc01_ws/install/yolov8_msgs/include/yolov8_msgs/msg
-- Up-to-date: /home/jsagx-6/itc01_ws/install/yolov8_msgs/include/yolov8_msgs/msg/inference_result.h
-- Up-to-date: /home/jsagx-6/itc01_ws/install/yolov8_msgs/include/yolov8_msgs/msg/detail
-- Up-to-date: /home/jsagx-6/itc01_ws/install/yolov8_msgs/include/yolov8_msgs/msg/detail/inference_result__struct.h
-- Up-to-date: /home/jsagx-6/itc01_ws/install/yolov8_msgs/include/yolov8_msgs/msg/detail/yolov8_inference__functions.h
-- Up-to-date: /home/jsagx-6/itc01_ws/install/yolov8_msgs/include/yolov8_msgs/msg/detail/inference_result__functions.h
-- Up-to-date: /home/jsagx-6/itc01_ws/install/yolov8_msgs/include/yolov8_msgs/msg/detail/inference_result__type_support.h
-- Up-to-date: /home/jsagx-6/itc01_ws/install/yolov8_msgs/include/yolov8_msgs/msg/detail/yolov8_inference__functions.c
-- Up-to-date: /home/jsagx-6/itc01_ws/install/yolov8_msgs/include/yolov8_msgs/msg/detail/inference_result__functions.c
-- Up-to-date: /home/jsagx-6/itc01_ws/install/yolov8_msgs/include/yolov8_msgs/msg/detail/yolov8_inference__struct.h
-- Up-to-date: /home/jsagx-6/itc01_ws/install/yolov8_msgs/include/yolov8_msgs/msg/detail/yolov8_inference__type_support.h
-- Up-to-date: /home/jsagx-6/itc01_ws/install/yolov8_msgs/include/yolov8_msgs/msg/yolov8_inference.h
-- Up-to-date: /home/jsagx-6/itc01_ws/install/yolov8_msgs/include/yolov8_msgs/msg/rosidl_generator_c__visibility_control.h
-- Up-to-date: /home/jsagx-6/itc01_ws/install/yolov8_msgs/share/yolov8_msgs/environment/library_path.sh
-- Installing: /home/jsagx-6/itc01_ws/install/yolov8_msgs/share/yolov8_msgs/environment/library_path.dsv
-- Up-to-date: /home/jsagx-6/itc01_ws/install/yolov8_msgs/lib/libyolov8_msgs__rosidl_generator_c.so
-- Up-to-date: /home/jsagx-6/itc01_ws/install/yolov8_msgs/include/yolov8_msgs
-- Up-to-date: /home/jsagx-6/itc01_ws/install/yolov8_msgs/include/yolov8_msgs/msg
-- Up-to-date: /home/jsagx-6/itc01_ws/install/yolov8_msgs/include/yolov8_msgs/msg/detail
-- Up-to-date: /home/jsagx-6/itc01_ws/install/yolov8_msgs/include/yolov8_msgs/msg/detail/inference_result__rosidl_typesupport_fastrtps_c.h
-- Up-to-date: /home/jsagx-6/itc01_ws/install/yolov8_msgs/include/yolov8_msgs/msg/detail/yolov8_inference__rosidl_typesupport_fastrtps_c.h
-- Up-to-date: /home/jsagx-6/itc01_ws/install/yolov8_msgs/include/yolov8_msgs/msg/rosidl_typesupport_fastrtps_c__visibility_control.h
-- Up-to-date: /home/jsagx-6/itc01_ws/install/yolov8_msgs/lib/libyolov8_msgs__rosidl_typesupport_fastrtps_c.so
-- Up-to-date: /home/jsagx-6/itc01_ws/install/yolov8_msgs/include/yolov8_msgs
-- Up-to-date: /home/jsagx-6/itc01_ws/install/yolov8_msgs/include/yolov8_msgs/msg
-- Up-to-date: /home/jsagx-6/itc01_ws/install/yolov8_msgs/include/yolov8_msgs/msg/detail
-- Up-to-date: /home/jsagx-6/itc01_ws/install/yolov8_msgs/include/yolov8_msgs/msg/detail/inference_result__rosidl_typesupport_fastrtps_cpp.hpp
-- Up-to-date: /home/jsagx-6/itc01_ws/install/yolov8_msgs/include/yolov8_msgs/msg/detail/yolov8_inference__rosidl_typesupport_fastrtps_cpp.hpp
-- Up-to-date: /home/jsagx-6/itc01_ws/install/yolov8_msgs/include/yolov8_msgs/msg/detail/dds_fastrtps
-- Up-to-date: /home/jsagx-6/itc01_ws/install/yolov8_msgs/include/yolov8_msgs/msg/rosidl_typesupport_fastrtps_cpp__visibility_control.h
-- Up-to-date: /home/jsagx-6/itc01_ws/install/yolov8_msgs/lib/libyolov8_msgs__rosidl_typesupport_fastrtps_cpp.so
-- Up-to-date: /home/jsagx-6/itc01_ws/install/yolov8_msgs/include/yolov8_msgs
-- Up-to-date: /home/jsagx-6/itc01_ws/install/yolov8_msgs/include/yolov8_msgs/msg
-- Up-to-date: /home/jsagx-6/itc01_ws/install/yolov8_msgs/include/yolov8_msgs/msg/rosidl_typesupport_introspection_c__visibility_control.h
-- Up-to-date: /home/jsagx-6/itc01_ws/install/yolov8_msgs/include/yolov8_msgs/msg/detail
-- Up-to-date: /home/jsagx-6/itc01_ws/install/yolov8_msgs/include/yolov8_msgs/msg/detail/yolov8_inference__rosidl_typesupport_introspection_c.h
-- Up-to-date: /home/jsagx-6/itc01_ws/install/yolov8_msgs/include/yolov8_msgs/msg/detail/inference_result__rosidl_typesupport_introspection_c.h
-- Up-to-date: /home/jsagx-6/itc01_ws/install/yolov8_msgs/include/yolov8_msgs/msg/detail/yolov8_inference__type_support.c
-- Up-to-date: /home/jsagx-6/itc01_ws/install/yolov8_msgs/include/yolov8_msgs/msg/detail/inference_result__type_support.c
-- Up-to-date: /home/jsagx-6/itc01_ws/install/yolov8_msgs/lib/libyolov8_msgs__rosidl_typesupport_introspection_c.so
-- Up-to-date: /home/jsagx-6/itc01_ws/install/yolov8_msgs/lib/libyolov8_msgs__rosidl_typesupport_c.so
-- Up-to-date: /home/jsagx-6/itc01_ws/install/yolov8_msgs/include/yolov8_msgs
-- Up-to-date: /home/jsagx-6/itc01_ws/install/yolov8_msgs/include/yolov8_msgs/msg
-- Up-to-date: /home/jsagx-6/itc01_ws/install/yolov8_msgs/include/yolov8_msgs/msg/rosidl_generator_cpp__visibility_control.hpp
-- Up-to-date: /home/jsagx-6/itc01_ws/install/yolov8_msgs/include/yolov8_msgs/msg/detail
-- Up-to-date: /home/jsagx-6/itc01_ws/install/yolov8_msgs/include/yolov8_msgs/msg/detail/yolov8_inference__type_support.hpp
-- Up-to-date: /home/jsagx-6/itc01_ws/install/yolov8_msgs/include/yolov8_msgs/msg/detail/inference_result__builder.hpp
-- Up-to-date: /home/jsagx-6/itc01_ws/install/yolov8_msgs/include/yolov8_msgs/msg/detail/inference_result__traits.hpp
-- Up-to-date: /home/jsagx-6/itc01_ws/install/yolov8_msgs/include/yolov8_msgs/msg/detail/inference_result__struct.hpp
-- Up-to-date: /home/jsagx-6/itc01_ws/install/yolov8_msgs/include/yolov8_msgs/msg/detail/inference_result__type_support.hpp
-- Up-to-date: /home/jsagx-6/itc01_ws/install/yolov8_msgs/include/yolov8_msgs/msg/detail/yolov8_inference__struct.hpp
-- Up-to-date: /home/jsagx-6/itc01_ws/install/yolov8_msgs/include/yolov8_msgs/msg/detail/yolov8_inference__builder.hpp
-- Up-to-date: /home/jsagx-6/itc01_ws/install/yolov8_msgs/include/yolov8_msgs/msg/detail/yolov8_inference__traits.hpp
-- Up-to-date: /home/jsagx-6/itc01_ws/install/yolov8_msgs/include/yolov8_msgs/msg/inference_result.hpp
-- Up-to-date: /home/jsagx-6/itc01_ws/install/yolov8_msgs/include/yolov8_msgs/msg/yolov8_inference.hpp
-- Up-to-date: /home/jsagx-6/itc01_ws/install/yolov8_msgs/include/yolov8_msgs
-- Up-to-date: /home/jsagx-6/itc01_ws/install/yolov8_msgs/include/yolov8_msgs/msg
-- Up-to-date: /home/jsagx-6/itc01_ws/install/yolov8_msgs/include/yolov8_msgs/msg/detail
-- Up-to-date: /home/jsagx-6/itc01_ws/install/yolov8_msgs/include/yolov8_msgs/msg/detail/inference_result__rosidl_typesupport_introspection_cpp.hpp
-- Up-to-date: /home/jsagx-6/itc01_ws/install/yolov8_msgs/include/yolov8_msgs/msg/detail/yolov8_inference__rosidl_typesupport_introspection_cpp.hpp
-- Up-to-date: /home/jsagx-6/itc01_ws/install/yolov8_msgs/include/yolov8_msgs/msg/detail/yolov8_inference__type_support.cpp
-- Up-to-date: /home/jsagx-6/itc01_ws/install/yolov8_msgs/include/yolov8_msgs/msg/detail/inference_result__type_support.cpp
-- Up-to-date: /home/jsagx-6/itc01_ws/install/yolov8_msgs/lib/libyolov8_msgs__rosidl_typesupport_introspection_cpp.so
-- Up-to-date: /home/jsagx-6/itc01_ws/install/yolov8_msgs/lib/libyolov8_msgs__rosidl_typesupport_cpp.so
-- Up-to-date: /home/jsagx-6/itc01_ws/install/yolov8_msgs/share/yolov8_msgs/environment/pythonpath.sh
-- Installing: /home/jsagx-6/itc01_ws/install/yolov8_msgs/share/yolov8_msgs/environment/pythonpath.dsv
-- Installing: /home/jsagx-6/itc01_ws/install/yolov8_msgs/lib/python3.8/site-packages/yolov8_msgs/__init__.py
Compiling '/home/jsagx-6/itc01_ws/install/yolov8_msgs/lib/python3.8/site-packages/yolov8_msgs/__init__.py'...
-- Up-to-date: /home/jsagx-6/itc01_ws/install/yolov8_msgs/lib/python3.8/site-packages/yolov8_msgs/msg
-- Up-to-date: /home/jsagx-6/itc01_ws/install/yolov8_msgs/lib/python3.8/site-packages/yolov8_msgs/msg/_inference_result_s.c
-- Up-to-date: /home/jsagx-6/itc01_ws/install/yolov8_msgs/lib/python3.8/site-packages/yolov8_msgs/msg/_yolov8_inference_s.c
-- Up-to-date: /home/jsagx-6/itc01_ws/install/yolov8_msgs/lib/python3.8/site-packages/yolov8_msgs/msg/_inference_result.py
-- Up-to-date: /home/jsagx-6/itc01_ws/install/yolov8_msgs/lib/python3.8/site-packages/yolov8_msgs/msg/_yolov8_inference.py
-- Up-to-date: /home/jsagx-6/itc01_ws/install/yolov8_msgs/lib/python3.8/site-packages/yolov8_msgs/msg/__init__.py
-- Up-to-date: /home/jsagx-6/itc01_ws/install/yolov8_msgs/lib/python3.8/site-packages/yolov8_msgs/yolov8_msgs_s__rosidl_typesupport_fastrtps_c.cpython-38-aarch64-linux-gnu.so
-- Up-to-date: /home/jsagx-6/itc01_ws/install/yolov8_msgs/lib/python3.8/site-packages/yolov8_msgs/yolov8_msgs_s__rosidl_typesupport_introspection_c.cpython-38-aarch64-linux-gnu.so
-- Up-to-date: /home/jsagx-6/itc01_ws/install/yolov8_msgs/lib/python3.8/site-packages/yolov8_msgs/yolov8_msgs_s__rosidl_typesupport_c.cpython-38-aarch64-linux-gnu.so
-- Up-to-date: /home/jsagx-6/itc01_ws/install/yolov8_msgs/lib/libyolov8_msgs__python.so
-- Up-to-date: /home/jsagx-6/itc01_ws/install/yolov8_msgs/share/yolov8_msgs/msg/InferenceResult.idl
-- Up-to-date: /home/jsagx-6/itc01_ws/install/yolov8_msgs/share/yolov8_msgs/msg/Yolov8Inference.idl
-- Up-to-date: /home/jsagx-6/itc01_ws/install/yolov8_msgs/share/yolov8_msgs/msg/InferenceResult.msg
-- Up-to-date: /home/jsagx-6/itc01_ws/install/yolov8_msgs/share/yolov8_msgs/msg/Yolov8Inference.msg
-- Up-to-date: /home/jsagx-6/itc01_ws/install/yolov8_msgs/share/ament_index/resource_index/package_run_dependencies/yolov8_msgs
-- Installing: /home/jsagx-6/itc01_ws/install/yolov8_msgs/share/ament_index/resource_index/parent_prefix_path/yolov8_msgs
-- Up-to-date: /home/jsagx-6/itc01_ws/install/yolov8_msgs/share/yolov8_msgs/environment/ament_prefix_path.sh
-- Installing: /home/jsagx-6/itc01_ws/install/yolov8_msgs/share/yolov8_msgs/environment/ament_prefix_path.dsv
-- Up-to-date: /home/jsagx-6/itc01_ws/install/yolov8_msgs/share/yolov8_msgs/environment/path.sh
-- Installing: /home/jsagx-6/itc01_ws/install/yolov8_msgs/share/yolov8_msgs/environment/path.dsv
-- Up-to-date: /home/jsagx-6/itc01_ws/install/yolov8_msgs/share/yolov8_msgs/local_setup.bash
-- Up-to-date: /home/jsagx-6/itc01_ws/install/yolov8_msgs/share/yolov8_msgs/local_setup.sh
-- Up-to-date: /home/jsagx-6/itc01_ws/install/yolov8_msgs/share/yolov8_msgs/local_setup.zsh
-- Installing: /home/jsagx-6/itc01_ws/install/yolov8_msgs/share/yolov8_msgs/local_setup.dsv
-- Installing: /home/jsagx-6/itc01_ws/install/yolov8_msgs/share/yolov8_msgs/package.dsv
-- Up-to-date: /home/jsagx-6/itc01_ws/install/yolov8_msgs/share/ament_index/resource_index/packages/yolov8_msgs
-- Up-to-date: /home/jsagx-6/itc01_ws/install/yolov8_msgs/share/yolov8_msgs/cmake/yolov8_msgs__rosidl_generator_cExport.cmake
-- Installing: /home/jsagx-6/itc01_ws/install/yolov8_msgs/share/yolov8_msgs/cmake/yolov8_msgs__rosidl_generator_cExport-noconfig.cmake
-- Up-to-date: /home/jsagx-6/itc01_ws/install/yolov8_msgs/share/yolov8_msgs/cmake/yolov8_msgs__rosidl_typesupport_introspection_cExport.cmake
-- Installing: /home/jsagx-6/itc01_ws/install/yolov8_msgs/share/yolov8_msgs/cmake/yolov8_msgs__rosidl_typesupport_introspection_cExport-noconfig.cmake
-- Up-to-date: /home/jsagx-6/itc01_ws/install/yolov8_msgs/share/yolov8_msgs/cmake/yolov8_msgs__rosidl_typesupport_cExport.cmake
-- Installing: /home/jsagx-6/itc01_ws/install/yolov8_msgs/share/yolov8_msgs/cmake/yolov8_msgs__rosidl_typesupport_cExport-noconfig.cmake
-- Up-to-date: /home/jsagx-6/itc01_ws/install/yolov8_msgs/share/yolov8_msgs/cmake/yolov8_msgs__rosidl_generator_cppExport.cmake
-- Up-to-date: /home/jsagx-6/itc01_ws/install/yolov8_msgs/share/yolov8_msgs/cmake/yolov8_msgs__rosidl_typesupport_introspection_cppExport.cmake
-- Installing: /home/jsagx-6/itc01_ws/install/yolov8_msgs/share/yolov8_msgs/cmake/yolov8_msgs__rosidl_typesupport_introspection_cppExport-noconfig.cmake
-- Up-to-date: /home/jsagx-6/itc01_ws/install/yolov8_msgs/share/yolov8_msgs/cmake/yolov8_msgs__rosidl_typesupport_cppExport.cmake
-- Installing: /home/jsagx-6/itc01_ws/install/yolov8_msgs/share/yolov8_msgs/cmake/yolov8_msgs__rosidl_typesupport_cppExport-noconfig.cmake
-- Up-to-date: /home/jsagx-6/itc01_ws/install/yolov8_msgs/share/yolov8_msgs/cmake/rosidl_cmake-extras.cmake
-- Up-to-date: /home/jsagx-6/itc01_ws/install/yolov8_msgs/share/yolov8_msgs/cmake/ament_cmake_export_dependencies-extras.cmake
-- Up-to-date: /home/jsagx-6/itc01_ws/install/yolov8_msgs/share/yolov8_msgs/cmake/ament_cmake_export_libraries-extras.cmake
-- Up-to-date: /home/jsagx-6/itc01_ws/install/yolov8_msgs/share/yolov8_msgs/cmake/ament_cmake_export_targets-extras.cmake
-- Up-to-date: /home/jsagx-6/itc01_ws/install/yolov8_msgs/share/yolov8_msgs/cmake/ament_cmake_export_include_directories-extras.cmake
-- Up-to-date: /home/jsagx-6/itc01_ws/install/yolov8_msgs/share/yolov8_msgs/cmake/rosidl_cmake_export_typesupport_libraries-extras.cmake
-- Up-to-date: /home/jsagx-6/itc01_ws/install/yolov8_msgs/share/yolov8_msgs/cmake/rosidl_cmake_export_typesupport_targets-extras.cmake
-- Up-to-date: /home/jsagx-6/itc01_ws/install/yolov8_msgs/share/yolov8_msgs/cmake/yolov8_msgsConfig.cmake
-- Up-to-date: /home/jsagx-6/itc01_ws/install/yolov8_msgs/share/yolov8_msgs/cmake/yolov8_msgsConfig-version.cmake
-- Up-to-date: /home/jsagx-6/itc01_ws/install/yolov8_msgs/share/yolov8_msgs/package.xml
