[0.871s] [34mcolcon[0m [1;30mDEBUG[0m [32mCommand line arguments: ['/usr/bin/colcon', 'build'][0m
[0.872s] [34mcolcon[0m [1;30mDEBUG[0m [32mParsed command line arguments: Namespace(allow_overriding=[], ament_cmake_args=None, base_paths=['.'], build_base='build', catkin_cmake_args=None, catkin_skip_building_tests=False, cmake_args=None, cmake_clean_cache=False, cmake_clean_first=False, cmake_force_configure=False, cmake_target=None, cmake_target_skip_unavailable=False, continue_on_error=False, event_handlers=None, executor='parallel', ignore_user_meta=False, install_base='install', log_base=None, log_level=None, main=<bound method BuildVerb.main of <colcon_core.verb.build.BuildVerb object at 0xffff8634c820>>, merge_install=False, metas=['./colcon.meta'], mixin=None, mixin_files=None, mixin_verb=('build',), packages_above=None, packages_above_and_dependencies=None, packages_above_depth=None, packages_end=None, packages_ignore=None, packages_ignore_regex=None, packages_select=None, packages_select_build_failed=False, packages_select_by_dep=None, packages_select_regex=None, packages_select_test_failures=False, packages_skip=None, packages_skip_build_finished=False, packages_skip_by_dep=None, packages_skip_regex=None, packages_skip_test_passed=False, packages_skip_up_to=None, packages_start=None, packages_up_to=None, packages_up_to_regex=None, parallel_workers=8, paths=None, symlink_install=False, test_result_base=None, verb_extension=<colcon_core.verb.build.BuildVerb object at 0xffff8634c820>, verb_name='build', verb_parser=<colcon_mixin.mixin.mixin_argument.MixinArgumentDecorator object at 0xffff8634ce20>)[0m
[1.448s] [34mcolcon.colcon_core.package_discovery[0m [1;30mLevel 1[0m discover_packages(colcon_meta) check parameters
[1.448s] [34mcolcon.colcon_core.package_discovery[0m [1;30mLevel 1[0m discover_packages(recursive) check parameters
[1.448s] [34mcolcon.colcon_core.package_discovery[0m [1;30mLevel 1[0m discover_packages(ignore) check parameters
[1.448s] [34mcolcon.colcon_core.package_discovery[0m [1;30mLevel 1[0m discover_packages(path) check parameters
[1.449s] [34mcolcon.colcon_core.package_discovery[0m [1;30mLevel 1[0m discover_packages(colcon_meta) discover
[1.449s] [34mcolcon.colcon_core.package_discovery[0m [1;30mLevel 1[0m discover_packages(recursive) discover
[1.449s] [34mcolcon.colcon_core.package_discovery[0m [1;30mINFO[0m Crawling recursively for packages in '/home/jsagx-6/itc01_ws'
[1.449s] [34mcolcon.colcon_core.package_identification[0m [1;30mLevel 1[0m _identify(.) by extensions ['ignore', 'ignore_ament_install']
[1.450s] [34mcolcon.colcon_core.package_identification[0m [1;30mLevel 1[0m _identify(.) by extension 'ignore'
[1.450s] [34mcolcon.colcon_core.package_identification[0m [1;30mLevel 1[0m _identify(.) by extension 'ignore_ament_install'
[1.450s] [34mcolcon.colcon_core.package_identification[0m [1;30mLevel 1[0m _identify(.) by extensions ['colcon_pkg']
[1.450s] [34mcolcon.colcon_core.package_identification[0m [1;30mLevel 1[0m _identify(.) by extension 'colcon_pkg'
[1.451s] [34mcolcon.colcon_core.package_identification[0m [1;30mLevel 1[0m _identify(.) by extensions ['colcon_meta']
[1.451s] [34mcolcon.colcon_core.package_identification[0m [1;30mLevel 1[0m _identify(.) by extension 'colcon_meta'
[1.451s] [34mcolcon.colcon_core.package_identification[0m [1;30mLevel 1[0m _identify(.) by extensions ['ros']
[1.451s] [34mcolcon.colcon_core.package_identification[0m [1;30mLevel 1[0m _identify(.) by extension 'ros'
[1.488s] [34mcolcon.colcon_core.package_identification[0m [1;30mLevel 1[0m _identify(.) by extensions ['cmake', 'python']
[1.488s] [34mcolcon.colcon_core.package_identification[0m [1;30mLevel 1[0m _identify(.) by extension 'cmake'
[1.488s] [34mcolcon.colcon_core.package_identification[0m [1;30mLevel 1[0m _identify(.) by extension 'python'
[1.488s] [34mcolcon.colcon_core.package_identification[0m [1;30mLevel 1[0m _identify(.) by extensions ['python_setup_py']
[1.489s] [34mcolcon.colcon_core.package_identification[0m [1;30mLevel 1[0m _identify(.) by extension 'python_setup_py'
[1.489s] [34mcolcon.colcon_core.package_identification[0m [1;30mLevel 1[0m _identify(build) by extensions ['ignore', 'ignore_ament_install']
[1.489s] [34mcolcon.colcon_core.package_identification[0m [1;30mLevel 1[0m _identify(build) by extension 'ignore'
[1.490s] [34mcolcon.colcon_core.package_identification[0m [1;30mLevel 1[0m _identify(build) ignored
[1.490s] [34mcolcon.colcon_core.package_identification[0m [1;30mLevel 1[0m _identify(install) by extensions ['ignore', 'ignore_ament_install']
[1.490s] [34mcolcon.colcon_core.package_identification[0m [1;30mLevel 1[0m _identify(install) by extension 'ignore'
[1.490s] [34mcolcon.colcon_core.package_identification[0m [1;30mLevel 1[0m _identify(install) ignored
[1.496s] [34mcolcon.colcon_core.package_identification[0m [1;30mLevel 1[0m _identify(log) by extensions ['ignore', 'ignore_ament_install']
[1.497s] [34mcolcon.colcon_core.package_identification[0m [1;30mLevel 1[0m _identify(log) by extension 'ignore'
[1.497s] [34mcolcon.colcon_core.package_identification[0m [1;30mLevel 1[0m _identify(log) ignored
[1.497s] [34mcolcon.colcon_core.package_identification[0m [1;30mLevel 1[0m _identify(src) by extensions ['ignore', 'ignore_ament_install']
[1.498s] [34mcolcon.colcon_core.package_identification[0m [1;30mLevel 1[0m _identify(src) by extension 'ignore'
[1.498s] [34mcolcon.colcon_core.package_identification[0m [1;30mLevel 1[0m _identify(src) by extension 'ignore_ament_install'
[1.498s] [34mcolcon.colcon_core.package_identification[0m [1;30mLevel 1[0m _identify(src) by extensions ['colcon_pkg']
[1.498s] [34mcolcon.colcon_core.package_identification[0m [1;30mLevel 1[0m _identify(src) by extension 'colcon_pkg'
[1.498s] [34mcolcon.colcon_core.package_identification[0m [1;30mLevel 1[0m _identify(src) by extensions ['colcon_meta']
[1.498s] [34mcolcon.colcon_core.package_identification[0m [1;30mLevel 1[0m _identify(src) by extension 'colcon_meta'
[1.499s] [34mcolcon.colcon_core.package_identification[0m [1;30mLevel 1[0m _identify(src) by extensions ['ros']
[1.499s] [34mcolcon.colcon_core.package_identification[0m [1;30mLevel 1[0m _identify(src) by extension 'ros'
[1.499s] [34mcolcon.colcon_core.package_identification[0m [1;30mLevel 1[0m _identify(src) by extensions ['cmake', 'python']
[1.499s] [34mcolcon.colcon_core.package_identification[0m [1;30mLevel 1[0m _identify(src) by extension 'cmake'
[1.499s] [34mcolcon.colcon_core.package_identification[0m [1;30mLevel 1[0m _identify(src) by extension 'python'
[1.500s] [34mcolcon.colcon_core.package_identification[0m [1;30mLevel 1[0m _identify(src) by extensions ['python_setup_py']
[1.500s] [34mcolcon.colcon_core.package_identification[0m [1;30mLevel 1[0m _identify(src) by extension 'python_setup_py'
[1.500s] [34mcolcon.colcon_core.package_identification[0m [1;30mLevel 1[0m _identify(src/itc01_mr2) by extensions ['ignore', 'ignore_ament_install']
[1.500s] [34mcolcon.colcon_core.package_identification[0m [1;30mLevel 1[0m _identify(src/itc01_mr2) by extension 'ignore'
[1.500s] [34mcolcon.colcon_core.package_identification[0m [1;30mLevel 1[0m _identify(src/itc01_mr2) by extension 'ignore_ament_install'
[1.501s] [34mcolcon.colcon_core.package_identification[0m [1;30mLevel 1[0m _identify(src/itc01_mr2) by extensions ['colcon_pkg']
[1.501s] [34mcolcon.colcon_core.package_identification[0m [1;30mLevel 1[0m _identify(src/itc01_mr2) by extension 'colcon_pkg'
[1.501s] [34mcolcon.colcon_core.package_identification[0m [1;30mLevel 1[0m _identify(src/itc01_mr2) by extensions ['colcon_meta']
[1.501s] [34mcolcon.colcon_core.package_identification[0m [1;30mLevel 1[0m _identify(src/itc01_mr2) by extension 'colcon_meta'
[1.501s] [34mcolcon.colcon_core.package_identification[0m [1;30mLevel 1[0m _identify(src/itc01_mr2) by extensions ['ros']
[1.501s] [34mcolcon.colcon_core.package_identification[0m [1;30mLevel 1[0m _identify(src/itc01_mr2) by extension 'ros'
[1.502s] [34mcolcon.colcon_core.package_identification[0m [1;30mLevel 1[0m _identify(src/itc01_mr2) by extensions ['cmake', 'python']
[1.502s] [34mcolcon.colcon_core.package_identification[0m [1;30mLevel 1[0m _identify(src/itc01_mr2) by extension 'cmake'
[1.502s] [34mcolcon.colcon_core.package_identification[0m [1;30mLevel 1[0m _identify(src/itc01_mr2) by extension 'python'
[1.502s] [34mcolcon.colcon_core.package_identification[0m [1;30mLevel 1[0m _identify(src/itc01_mr2) by extensions ['python_setup_py']
[1.502s] [34mcolcon.colcon_core.package_identification[0m [1;30mLevel 1[0m _identify(src/itc01_mr2) by extension 'python_setup_py'
[1.503s] [34mcolcon.colcon_core.package_identification[0m [1;30mLevel 1[0m _identify(src/itc01_mr2/buffalo_robot) by extensions ['ignore', 'ignore_ament_install']
[1.503s] [34mcolcon.colcon_core.package_identification[0m [1;30mLevel 1[0m _identify(src/itc01_mr2/buffalo_robot) by extension 'ignore'
[1.503s] [34mcolcon.colcon_core.package_identification[0m [1;30mLevel 1[0m _identify(src/itc01_mr2/buffalo_robot) by extension 'ignore_ament_install'
[1.503s] [34mcolcon.colcon_core.package_identification[0m [1;30mLevel 1[0m _identify(src/itc01_mr2/buffalo_robot) by extensions ['colcon_pkg']
[1.503s] [34mcolcon.colcon_core.package_identification[0m [1;30mLevel 1[0m _identify(src/itc01_mr2/buffalo_robot) by extension 'colcon_pkg'
[1.504s] [34mcolcon.colcon_core.package_identification[0m [1;30mLevel 1[0m _identify(src/itc01_mr2/buffalo_robot) by extensions ['colcon_meta']
[1.504s] [34mcolcon.colcon_core.package_identification[0m [1;30mLevel 1[0m _identify(src/itc01_mr2/buffalo_robot) by extension 'colcon_meta'
[1.504s] [34mcolcon.colcon_core.package_identification[0m [1;30mLevel 1[0m _identify(src/itc01_mr2/buffalo_robot) by extensions ['ros']
[1.504s] [34mcolcon.colcon_core.package_identification[0m [1;30mLevel 1[0m _identify(src/itc01_mr2/buffalo_robot) by extension 'ros'
[1.514s] [34mcolcon.colcon_core.package_identification[0m [1;30mDEBUG[0m [32mPackage 'src/itc01_mr2/buffalo_robot' with type 'ros.ament_python' and name 'buffalo_robot'[0m
[1.514s] [34mcolcon.colcon_core.package_identification[0m [1;30mLevel 1[0m _identify(src/itc01_mr2/mr2_launch) by extensions ['ignore', 'ignore_ament_install']
[1.515s] [34mcolcon.colcon_core.package_identification[0m [1;30mLevel 1[0m _identify(src/itc01_mr2/mr2_launch) by extension 'ignore'
[1.515s] [34mcolcon.colcon_core.package_identification[0m [1;30mLevel 1[0m _identify(src/itc01_mr2/mr2_launch) by extension 'ignore_ament_install'
[1.515s] [34mcolcon.colcon_core.package_identification[0m [1;30mLevel 1[0m _identify(src/itc01_mr2/mr2_launch) by extensions ['colcon_pkg']
[1.515s] [34mcolcon.colcon_core.package_identification[0m [1;30mLevel 1[0m _identify(src/itc01_mr2/mr2_launch) by extension 'colcon_pkg'
[1.515s] [34mcolcon.colcon_core.package_identification[0m [1;30mLevel 1[0m _identify(src/itc01_mr2/mr2_launch) by extensions ['colcon_meta']
[1.515s] [34mcolcon.colcon_core.package_identification[0m [1;30mLevel 1[0m _identify(src/itc01_mr2/mr2_launch) by extension 'colcon_meta'
[1.516s] [34mcolcon.colcon_core.package_identification[0m [1;30mLevel 1[0m _identify(src/itc01_mr2/mr2_launch) by extensions ['ros']
[1.516s] [34mcolcon.colcon_core.package_identification[0m [1;30mLevel 1[0m _identify(src/itc01_mr2/mr2_launch) by extension 'ros'
[1.517s] [34mcolcon.colcon_core.package_identification[0m [1;30mDEBUG[0m [32mPackage 'src/itc01_mr2/mr2_launch' with type 'ros.ament_cmake' and name 'mr2_launch'[0m
[1.518s] [34mcolcon.colcon_core.package_identification[0m [1;30mLevel 1[0m _identify(src/itc01_mr2/mr2_realsense) by extensions ['ignore', 'ignore_ament_install']
[1.518s] [34mcolcon.colcon_core.package_identification[0m [1;30mLevel 1[0m _identify(src/itc01_mr2/mr2_realsense) by extension 'ignore'
[1.518s] [34mcolcon.colcon_core.package_identification[0m [1;30mLevel 1[0m _identify(src/itc01_mr2/mr2_realsense) by extension 'ignore_ament_install'
[1.518s] [34mcolcon.colcon_core.package_identification[0m [1;30mLevel 1[0m _identify(src/itc01_mr2/mr2_realsense) by extensions ['colcon_pkg']
[1.519s] [34mcolcon.colcon_core.package_identification[0m [1;30mLevel 1[0m _identify(src/itc01_mr2/mr2_realsense) by extension 'colcon_pkg'
[1.519s] [34mcolcon.colcon_core.package_identification[0m [1;30mLevel 1[0m _identify(src/itc01_mr2/mr2_realsense) by extensions ['colcon_meta']
[1.519s] [34mcolcon.colcon_core.package_identification[0m [1;30mLevel 1[0m _identify(src/itc01_mr2/mr2_realsense) by extension 'colcon_meta'
[1.519s] [34mcolcon.colcon_core.package_identification[0m [1;30mLevel 1[0m _identify(src/itc01_mr2/mr2_realsense) by extensions ['ros']
[1.519s] [34mcolcon.colcon_core.package_identification[0m [1;30mLevel 1[0m _identify(src/itc01_mr2/mr2_realsense) by extension 'ros'
[1.523s] [34mcolcon.colcon_core.package_identification[0m [1;30mDEBUG[0m [32mPackage 'src/itc01_mr2/mr2_realsense' with type 'ros.ament_python' and name 'mr2_realsense'[0m
[1.523s] [34mcolcon.colcon_core.package_identification[0m [1;30mLevel 1[0m _identify(src/itc01_mr2/yolobot_recognition) by extensions ['ignore', 'ignore_ament_install']
[1.523s] [34mcolcon.colcon_core.package_identification[0m [1;30mLevel 1[0m _identify(src/itc01_mr2/yolobot_recognition) by extension 'ignore'
[1.524s] [34mcolcon.colcon_core.package_identification[0m [1;30mLevel 1[0m _identify(src/itc01_mr2/yolobot_recognition) by extension 'ignore_ament_install'
[1.524s] [34mcolcon.colcon_core.package_identification[0m [1;30mLevel 1[0m _identify(src/itc01_mr2/yolobot_recognition) by extensions ['colcon_pkg']
[1.524s] [34mcolcon.colcon_core.package_identification[0m [1;30mLevel 1[0m _identify(src/itc01_mr2/yolobot_recognition) by extension 'colcon_pkg'
[1.524s] [34mcolcon.colcon_core.package_identification[0m [1;30mLevel 1[0m _identify(src/itc01_mr2/yolobot_recognition) by extensions ['colcon_meta']
[1.524s] [34mcolcon.colcon_core.package_identification[0m [1;30mLevel 1[0m _identify(src/itc01_mr2/yolobot_recognition) by extension 'colcon_meta'
[1.524s] [34mcolcon.colcon_core.package_identification[0m [1;30mLevel 1[0m _identify(src/itc01_mr2/yolobot_recognition) by extensions ['ros']
[1.525s] [34mcolcon.colcon_core.package_identification[0m [1;30mLevel 1[0m _identify(src/itc01_mr2/yolobot_recognition) by extension 'ros'
[1.526s] [34mcolcon.colcon_core.package_identification[0m [1;30mDEBUG[0m [32mPackage 'src/itc01_mr2/yolobot_recognition' with type 'ros.ament_cmake' and name 'yolobot_recognition'[0m
[1.527s] [34mcolcon.colcon_core.package_identification[0m [1;30mLevel 1[0m _identify(src/itc01_mr2/yolov8_msgs) by extensions ['ignore', 'ignore_ament_install']
[1.527s] [34mcolcon.colcon_core.package_identification[0m [1;30mLevel 1[0m _identify(src/itc01_mr2/yolov8_msgs) by extension 'ignore'
[1.527s] [34mcolcon.colcon_core.package_identification[0m [1;30mLevel 1[0m _identify(src/itc01_mr2/yolov8_msgs) by extension 'ignore_ament_install'
[1.527s] [34mcolcon.colcon_core.package_identification[0m [1;30mLevel 1[0m _identify(src/itc01_mr2/yolov8_msgs) by extensions ['colcon_pkg']
[1.527s] [34mcolcon.colcon_core.package_identification[0m [1;30mLevel 1[0m _identify(src/itc01_mr2/yolov8_msgs) by extension 'colcon_pkg'
[1.528s] [34mcolcon.colcon_core.package_identification[0m [1;30mLevel 1[0m _identify(src/itc01_mr2/yolov8_msgs) by extensions ['colcon_meta']
[1.528s] [34mcolcon.colcon_core.package_identification[0m [1;30mLevel 1[0m _identify(src/itc01_mr2/yolov8_msgs) by extension 'colcon_meta'
[1.528s] [34mcolcon.colcon_core.package_identification[0m [1;30mLevel 1[0m _identify(src/itc01_mr2/yolov8_msgs) by extensions ['ros']
[1.528s] [34mcolcon.colcon_core.package_identification[0m [1;30mLevel 1[0m _identify(src/itc01_mr2/yolov8_msgs) by extension 'ros'
[1.530s] [34mcolcon.colcon_core.package_identification[0m [1;30mDEBUG[0m [32mPackage 'src/itc01_mr2/yolov8_msgs' with type 'ros.ament_cmake' and name 'yolov8_msgs'[0m
[1.530s] [34mcolcon.colcon_core.package_discovery[0m [1;30mLevel 1[0m discover_packages(recursive) using defaults
[1.530s] [34mcolcon.colcon_core.package_discovery[0m [1;30mLevel 1[0m discover_packages(ignore) discover
[1.530s] [34mcolcon.colcon_core.package_discovery[0m [1;30mLevel 1[0m discover_packages(ignore) using defaults
[1.531s] [34mcolcon.colcon_core.package_discovery[0m [1;30mLevel 1[0m discover_packages(path) discover
[1.531s] [34mcolcon.colcon_core.package_discovery[0m [1;30mLevel 1[0m discover_packages(path) using defaults
[1.618s] [34mcolcon.colcon_core.package_discovery[0m [1;30mLevel 1[0m discover_packages(prefix_path) check parameters
[1.618s] [34mcolcon.colcon_core.package_discovery[0m [1;30mLevel 1[0m discover_packages(prefix_path) discover
[1.627s] [34mcolcon.colcon_installed_package_information.package_discovery[0m [1;30mDEBUG[0m [32mFound 6 installed packages in /home/jsagx-6/itc01_ws/install[0m
[1.633s] [34mcolcon.colcon_installed_package_information.package_discovery[0m [1;30mDEBUG[0m [32mFound 256 installed packages in /opt/ros/foxy[0m
[1.639s] [34mcolcon.colcon_core.package_discovery[0m [1;30mLevel 1[0m discover_packages(prefix_path) using defaults
[1.856s] [34mcolcon.colcon_core.verb[0m [1;30mLevel 5[0m set package 'buffalo_robot' build argument 'cmake_args' from command line to 'None'
[1.856s] [34mcolcon.colcon_core.verb[0m [1;30mLevel 5[0m set package 'buffalo_robot' build argument 'cmake_target' from command line to 'None'
[1.856s] [34mcolcon.colcon_core.verb[0m [1;30mLevel 5[0m set package 'buffalo_robot' build argument 'cmake_target_skip_unavailable' from command line to 'False'
[1.856s] [34mcolcon.colcon_core.verb[0m [1;30mLevel 5[0m set package 'buffalo_robot' build argument 'cmake_clean_cache' from command line to 'False'
[1.856s] [34mcolcon.colcon_core.verb[0m [1;30mLevel 5[0m set package 'buffalo_robot' build argument 'cmake_clean_first' from command line to 'False'
[1.856s] [34mcolcon.colcon_core.verb[0m [1;30mLevel 5[0m set package 'buffalo_robot' build argument 'cmake_force_configure' from command line to 'False'
[1.857s] [34mcolcon.colcon_core.verb[0m [1;30mLevel 5[0m set package 'buffalo_robot' build argument 'ament_cmake_args' from command line to 'None'
[1.857s] [34mcolcon.colcon_core.verb[0m [1;30mLevel 5[0m set package 'buffalo_robot' build argument 'catkin_cmake_args' from command line to 'None'
[1.857s] [34mcolcon.colcon_core.verb[0m [1;30mLevel 5[0m set package 'buffalo_robot' build argument 'catkin_skip_building_tests' from command line to 'False'
[1.857s] [34mcolcon.colcon_core.verb[0m [1;30mDEBUG[0m [32mBuilding package 'buffalo_robot' with the following arguments: {'ament_cmake_args': None, 'build_base': '/home/jsagx-6/itc01_ws/build/buffalo_robot', 'catkin_cmake_args': None, 'catkin_skip_building_tests': False, 'cmake_args': None, 'cmake_clean_cache': False, 'cmake_clean_first': False, 'cmake_force_configure': False, 'cmake_target': None, 'cmake_target_skip_unavailable': False, 'install_base': '/home/jsagx-6/itc01_ws/install/buffalo_robot', 'merge_install': False, 'path': '/home/jsagx-6/itc01_ws/src/itc01_mr2/buffalo_robot', 'symlink_install': False, 'test_result_base': None}[0m
[1.858s] [34mcolcon.colcon_core.verb[0m [1;30mLevel 5[0m set package 'mr2_launch' build argument 'cmake_args' from command line to 'None'
[1.858s] [34mcolcon.colcon_core.verb[0m [1;30mLevel 5[0m set package 'mr2_launch' build argument 'cmake_target' from command line to 'None'
[1.859s] [34mcolcon.colcon_core.verb[0m [1;30mLevel 5[0m set package 'mr2_launch' build argument 'cmake_target_skip_unavailable' from command line to 'False'
[1.859s] [34mcolcon.colcon_core.verb[0m [1;30mLevel 5[0m set package 'mr2_launch' build argument 'cmake_clean_cache' from command line to 'False'
[1.859s] [34mcolcon.colcon_core.verb[0m [1;30mLevel 5[0m set package 'mr2_launch' build argument 'cmake_clean_first' from command line to 'False'
[1.859s] [34mcolcon.colcon_core.verb[0m [1;30mLevel 5[0m set package 'mr2_launch' build argument 'cmake_force_configure' from command line to 'False'
[1.859s] [34mcolcon.colcon_core.verb[0m [1;30mLevel 5[0m set package 'mr2_launch' build argument 'ament_cmake_args' from command line to 'None'
[1.859s] [34mcolcon.colcon_core.verb[0m [1;30mLevel 5[0m set package 'mr2_launch' build argument 'catkin_cmake_args' from command line to 'None'
[1.859s] [34mcolcon.colcon_core.verb[0m [1;30mLevel 5[0m set package 'mr2_launch' build argument 'catkin_skip_building_tests' from command line to 'False'
[1.859s] [34mcolcon.colcon_core.verb[0m [1;30mDEBUG[0m [32mBuilding package 'mr2_launch' with the following arguments: {'ament_cmake_args': None, 'build_base': '/home/jsagx-6/itc01_ws/build/mr2_launch', 'catkin_cmake_args': None, 'catkin_skip_building_tests': False, 'cmake_args': None, 'cmake_clean_cache': False, 'cmake_clean_first': False, 'cmake_force_configure': False, 'cmake_target': None, 'cmake_target_skip_unavailable': False, 'install_base': '/home/jsagx-6/itc01_ws/install/mr2_launch', 'merge_install': False, 'path': '/home/jsagx-6/itc01_ws/src/itc01_mr2/mr2_launch', 'symlink_install': False, 'test_result_base': None}[0m
[1.861s] [34mcolcon.colcon_core.verb[0m [1;30mLevel 5[0m set package 'mr2_realsense' build argument 'cmake_args' from command line to 'None'
[1.861s] [34mcolcon.colcon_core.verb[0m [1;30mLevel 5[0m set package 'mr2_realsense' build argument 'cmake_target' from command line to 'None'
[1.861s] [34mcolcon.colcon_core.verb[0m [1;30mLevel 5[0m set package 'mr2_realsense' build argument 'cmake_target_skip_unavailable' from command line to 'False'
[1.861s] [34mcolcon.colcon_core.verb[0m [1;30mLevel 5[0m set package 'mr2_realsense' build argument 'cmake_clean_cache' from command line to 'False'
[1.861s] [34mcolcon.colcon_core.verb[0m [1;30mLevel 5[0m set package 'mr2_realsense' build argument 'cmake_clean_first' from command line to 'False'
[1.861s] [34mcolcon.colcon_core.verb[0m [1;30mLevel 5[0m set package 'mr2_realsense' build argument 'cmake_force_configure' from command line to 'False'
[1.861s] [34mcolcon.colcon_core.verb[0m [1;30mLevel 5[0m set package 'mr2_realsense' build argument 'ament_cmake_args' from command line to 'None'
[1.861s] [34mcolcon.colcon_core.verb[0m [1;30mLevel 5[0m set package 'mr2_realsense' build argument 'catkin_cmake_args' from command line to 'None'
[1.861s] [34mcolcon.colcon_core.verb[0m [1;30mLevel 5[0m set package 'mr2_realsense' build argument 'catkin_skip_building_tests' from command line to 'False'
[1.862s] [34mcolcon.colcon_core.verb[0m [1;30mDEBUG[0m [32mBuilding package 'mr2_realsense' with the following arguments: {'ament_cmake_args': None, 'build_base': '/home/jsagx-6/itc01_ws/build/mr2_realsense', 'catkin_cmake_args': None, 'catkin_skip_building_tests': False, 'cmake_args': None, 'cmake_clean_cache': False, 'cmake_clean_first': False, 'cmake_force_configure': False, 'cmake_target': None, 'cmake_target_skip_unavailable': False, 'install_base': '/home/jsagx-6/itc01_ws/install/mr2_realsense', 'merge_install': False, 'path': '/home/jsagx-6/itc01_ws/src/itc01_mr2/mr2_realsense', 'symlink_install': False, 'test_result_base': None}[0m
[1.863s] [34mcolcon.colcon_core.verb[0m [1;30mLevel 5[0m set package 'yolobot_recognition' build argument 'cmake_args' from command line to 'None'
[1.863s] [34mcolcon.colcon_core.verb[0m [1;30mLevel 5[0m set package 'yolobot_recognition' build argument 'cmake_target' from command line to 'None'
[1.863s] [34mcolcon.colcon_core.verb[0m [1;30mLevel 5[0m set package 'yolobot_recognition' build argument 'cmake_target_skip_unavailable' from command line to 'False'
[1.863s] [34mcolcon.colcon_core.verb[0m [1;30mLevel 5[0m set package 'yolobot_recognition' build argument 'cmake_clean_cache' from command line to 'False'
[1.863s] [34mcolcon.colcon_core.verb[0m [1;30mLevel 5[0m set package 'yolobot_recognition' build argument 'cmake_clean_first' from command line to 'False'
[1.863s] [34mcolcon.colcon_core.verb[0m [1;30mLevel 5[0m set package 'yolobot_recognition' build argument 'cmake_force_configure' from command line to 'False'
[1.863s] [34mcolcon.colcon_core.verb[0m [1;30mLevel 5[0m set package 'yolobot_recognition' build argument 'ament_cmake_args' from command line to 'None'
[1.864s] [34mcolcon.colcon_core.verb[0m [1;30mLevel 5[0m set package 'yolobot_recognition' build argument 'catkin_cmake_args' from command line to 'None'
[1.864s] [34mcolcon.colcon_core.verb[0m [1;30mLevel 5[0m set package 'yolobot_recognition' build argument 'catkin_skip_building_tests' from command line to 'False'
[1.864s] [34mcolcon.colcon_core.verb[0m [1;30mDEBUG[0m [32mBuilding package 'yolobot_recognition' with the following arguments: {'ament_cmake_args': None, 'build_base': '/home/jsagx-6/itc01_ws/build/yolobot_recognition', 'catkin_cmake_args': None, 'catkin_skip_building_tests': False, 'cmake_args': None, 'cmake_clean_cache': False, 'cmake_clean_first': False, 'cmake_force_configure': False, 'cmake_target': None, 'cmake_target_skip_unavailable': False, 'install_base': '/home/jsagx-6/itc01_ws/install/yolobot_recognition', 'merge_install': False, 'path': '/home/jsagx-6/itc01_ws/src/itc01_mr2/yolobot_recognition', 'symlink_install': False, 'test_result_base': None}[0m
[1.865s] [34mcolcon.colcon_core.verb[0m [1;30mLevel 5[0m set package 'yolov8_msgs' build argument 'cmake_args' from command line to 'None'
[1.865s] [34mcolcon.colcon_core.verb[0m [1;30mLevel 5[0m set package 'yolov8_msgs' build argument 'cmake_target' from command line to 'None'
[1.865s] [34mcolcon.colcon_core.verb[0m [1;30mLevel 5[0m set package 'yolov8_msgs' build argument 'cmake_target_skip_unavailable' from command line to 'False'
[1.865s] [34mcolcon.colcon_core.verb[0m [1;30mLevel 5[0m set package 'yolov8_msgs' build argument 'cmake_clean_cache' from command line to 'False'
[1.865s] [34mcolcon.colcon_core.verb[0m [1;30mLevel 5[0m set package 'yolov8_msgs' build argument 'cmake_clean_first' from command line to 'False'
[1.866s] [34mcolcon.colcon_core.verb[0m [1;30mLevel 5[0m set package 'yolov8_msgs' build argument 'cmake_force_configure' from command line to 'False'
[1.866s] [34mcolcon.colcon_core.verb[0m [1;30mLevel 5[0m set package 'yolov8_msgs' build argument 'ament_cmake_args' from command line to 'None'
[1.866s] [34mcolcon.colcon_core.verb[0m [1;30mLevel 5[0m set package 'yolov8_msgs' build argument 'catkin_cmake_args' from command line to 'None'
[1.866s] [34mcolcon.colcon_core.verb[0m [1;30mLevel 5[0m set package 'yolov8_msgs' build argument 'catkin_skip_building_tests' from command line to 'False'
[1.866s] [34mcolcon.colcon_core.verb[0m [1;30mDEBUG[0m [32mBuilding package 'yolov8_msgs' with the following arguments: {'ament_cmake_args': None, 'build_base': '/home/jsagx-6/itc01_ws/build/yolov8_msgs', 'catkin_cmake_args': None, 'catkin_skip_building_tests': False, 'cmake_args': None, 'cmake_clean_cache': False, 'cmake_clean_first': False, 'cmake_force_configure': False, 'cmake_target': None, 'cmake_target_skip_unavailable': False, 'install_base': '/home/jsagx-6/itc01_ws/install/yolov8_msgs', 'merge_install': False, 'path': '/home/jsagx-6/itc01_ws/src/itc01_mr2/yolov8_msgs', 'symlink_install': False, 'test_result_base': None}[0m
[1.866s] [34mcolcon.colcon_core.executor[0m [1;30mINFO[0m Executing jobs using 'parallel' executor
[1.870s] [34mcolcon.colcon_parallel_executor.executor.parallel[0m [1;30mDEBUG[0m [32mrun_until_complete[0m
[1.871s] [34mcolcon.colcon_ros.task.ament_python.build[0m [1;30mINFO[0m Building ROS package in '/home/jsagx-6/itc01_ws/src/itc01_mr2/buffalo_robot' with build type 'ament_python'
[1.872s] [34mcolcon.colcon_core.shell[0m [1;30mLevel 1[0m create_environment_hook('buffalo_robot', 'ament_prefix_path')
[1.883s] [34mcolcon.colcon_core.plugin_system[0m [1;30mINFO[0m Skipping extension 'colcon_core.shell.bat': Not used on non-Windows systems
[1.884s] [34mcolcon.colcon_core.shell[0m [1;30mINFO[0m Creating environment hook '/home/jsagx-6/itc01_ws/install/buffalo_robot/share/buffalo_robot/hook/ament_prefix_path.ps1'
[1.888s] [34mcolcon.colcon_core.shell[0m [1;30mINFO[0m Creating environment descriptor '/home/jsagx-6/itc01_ws/install/buffalo_robot/share/buffalo_robot/hook/ament_prefix_path.dsv'
[1.890s] [34mcolcon.colcon_core.shell[0m [1;30mINFO[0m Creating environment hook '/home/jsagx-6/itc01_ws/install/buffalo_robot/share/buffalo_robot/hook/ament_prefix_path.sh'
[1.892s] [34mcolcon.colcon_core.shell[0m [1;30mINFO[0m Skip shell extension 'powershell' for command environment: Not usable outside of PowerShell
[1.893s] [34mcolcon.colcon_core.shell[0m [1;30mDEBUG[0m [32mSkip shell extension 'dsv' for command environment[0m
[1.916s] [34mcolcon.colcon_ros.task.ament_cmake.build[0m [1;30mINFO[0m Building ROS package in '/home/jsagx-6/itc01_ws/src/itc01_mr2/mr2_launch' with build type 'ament_cmake'
[1.918s] [34mcolcon.colcon_cmake.task.cmake.build[0m [1;30mINFO[0m Building CMake package in '/home/jsagx-6/itc01_ws/src/itc01_mr2/mr2_launch'
[1.921s] [34mcolcon.colcon_core.shell[0m [1;30mINFO[0m Skip shell extension 'powershell' for command environment: Not usable outside of PowerShell
[1.922s] [34mcolcon.colcon_core.shell[0m [1;30mDEBUG[0m [32mSkip shell extension 'dsv' for command environment[0m
[1.944s] [34mcolcon.colcon_ros.task.ament_python.build[0m [1;30mINFO[0m Building ROS package in '/home/jsagx-6/itc01_ws/src/itc01_mr2/mr2_realsense' with build type 'ament_python'
[1.947s] [34mcolcon.colcon_core.shell[0m [1;30mLevel 1[0m create_environment_hook('mr2_realsense', 'ament_prefix_path')
[1.950s] [34mcolcon.colcon_core.shell[0m [1;30mINFO[0m Creating environment hook '/home/jsagx-6/itc01_ws/install/mr2_realsense/share/mr2_realsense/hook/ament_prefix_path.ps1'
[1.953s] [34mcolcon.colcon_core.shell[0m [1;30mINFO[0m Creating environment descriptor '/home/jsagx-6/itc01_ws/install/mr2_realsense/share/mr2_realsense/hook/ament_prefix_path.dsv'
[1.955s] [34mcolcon.colcon_core.shell[0m [1;30mINFO[0m Creating environment hook '/home/jsagx-6/itc01_ws/install/mr2_realsense/share/mr2_realsense/hook/ament_prefix_path.sh'
[1.957s] [34mcolcon.colcon_core.shell[0m [1;30mINFO[0m Skip shell extension 'powershell' for command environment: Not usable outside of PowerShell
[1.957s] [34mcolcon.colcon_core.shell[0m [1;30mDEBUG[0m [32mSkip shell extension 'dsv' for command environment[0m
[1.979s] [34mcolcon.colcon_ros.task.ament_cmake.build[0m [1;30mINFO[0m Building ROS package in '/home/jsagx-6/itc01_ws/src/itc01_mr2/yolobot_recognition' with build type 'ament_cmake'
[1.981s] [34mcolcon.colcon_cmake.task.cmake.build[0m [1;30mINFO[0m Building CMake package in '/home/jsagx-6/itc01_ws/src/itc01_mr2/yolobot_recognition'
[1.984s] [34mcolcon.colcon_core.shell[0m [1;30mINFO[0m Skip shell extension 'powershell' for command environment: Not usable outside of PowerShell
[1.984s] [34mcolcon.colcon_core.shell[0m [1;30mDEBUG[0m [32mSkip shell extension 'dsv' for command environment[0m
[2.007s] [34mcolcon.colcon_ros.task.ament_cmake.build[0m [1;30mINFO[0m Building ROS package in '/home/jsagx-6/itc01_ws/src/itc01_mr2/yolov8_msgs' with build type 'ament_cmake'
[2.009s] [34mcolcon.colcon_cmake.task.cmake.build[0m [1;30mINFO[0m Building CMake package in '/home/jsagx-6/itc01_ws/src/itc01_mr2/yolov8_msgs'
[2.012s] [34mcolcon.colcon_core.shell[0m [1;30mINFO[0m Skip shell extension 'powershell' for command environment: Not usable outside of PowerShell
[2.013s] [34mcolcon.colcon_core.shell[0m [1;30mDEBUG[0m [32mSkip shell extension 'dsv' for command environment[0m
[2.908s] [34mcolcon.colcon_core.task.python.build[0m [1;30mINFO[0m Building Python package in '/home/jsagx-6/itc01_ws/src/itc01_mr2/buffalo_robot'
[2.911s] [34mcolcon.colcon_core.shell[0m [1;30mINFO[0m Skip shell extension 'powershell' for command environment: Not usable outside of PowerShell
[2.911s] [34mcolcon.colcon_core.shell[0m [1;30mDEBUG[0m [32mSkip shell extension 'dsv' for command environment[0m
[2.948s] [34mcolcon.colcon_core.event_handler.log_command[0m [1;30mDEBUG[0m [32mInvoking command in '/home/jsagx-6/itc01_ws/build/mr2_launch': CMAKE_PREFIX_PATH=${CMAKE_PREFIX_PATH}:/home/jsagx-6/itc01_ws/install/mr2_realsense:/home/jsagx-6/itc01_ws/install/buffalo_robot:/opt/ros/foxy /home/jsagx-6/.local/bin/cmake --build /home/jsagx-6/itc01_ws/build/mr2_launch -- -j8 -l8[0m
[3.836s] [34mcolcon.colcon_core.task.python.build[0m [1;30mINFO[0m Building Python package in '/home/jsagx-6/itc01_ws/src/itc01_mr2/mr2_realsense'
[3.839s] [34mcolcon.colcon_core.shell[0m [1;30mINFO[0m Skip shell extension 'powershell' for command environment: Not usable outside of PowerShell
[3.839s] [34mcolcon.colcon_core.shell[0m [1;30mDEBUG[0m [32mSkip shell extension 'dsv' for command environment[0m
[3.884s] [34mcolcon.colcon_core.event_handler.log_command[0m [1;30mDEBUG[0m [32mInvoking command in '/home/jsagx-6/itc01_ws/build/yolobot_recognition': CMAKE_PREFIX_PATH=${CMAKE_PREFIX_PATH}:/home/jsagx-6/itc01_ws/install/mr2_realsense:/home/jsagx-6/itc01_ws/install/buffalo_robot:/opt/ros/foxy /home/jsagx-6/.local/bin/cmake --build /home/jsagx-6/itc01_ws/build/yolobot_recognition -- -j8 -l8[0m
[3.905s] [34mcolcon.colcon_core.event_handler.log_command[0m [1;30mDEBUG[0m [32mInvoking command in '/home/jsagx-6/itc01_ws/build/yolov8_msgs': CMAKE_PREFIX_PATH=${CMAKE_PREFIX_PATH}:/home/jsagx-6/itc01_ws/install/mr2_realsense:/home/jsagx-6/itc01_ws/install/buffalo_robot:/opt/ros/foxy /home/jsagx-6/.local/bin/cmake --build /home/jsagx-6/itc01_ws/build/yolov8_msgs -- -j8 -l8[0m
[3.917s] [34mcolcon.colcon_core.event_handler.log_command[0m [1;30mDEBUG[0m [32mInvoked command in '/home/jsagx-6/itc01_ws/build/mr2_launch' returned '0': CMAKE_PREFIX_PATH=${CMAKE_PREFIX_PATH}:/home/jsagx-6/itc01_ws/install/mr2_realsense:/home/jsagx-6/itc01_ws/install/buffalo_robot:/opt/ros/foxy /home/jsagx-6/.local/bin/cmake --build /home/jsagx-6/itc01_ws/build/mr2_launch -- -j8 -l8[0m
[4.503s] [34mcolcon.colcon_core.event_handler.log_command[0m [1;30mDEBUG[0m [32mInvoking command in '/home/jsagx-6/itc01_ws/build/mr2_launch': CMAKE_PREFIX_PATH=${CMAKE_PREFIX_PATH}:/home/jsagx-6/itc01_ws/install/mr2_realsense:/home/jsagx-6/itc01_ws/install/buffalo_robot:/opt/ros/foxy /home/jsagx-6/.local/bin/cmake --install /home/jsagx-6/itc01_ws/build/mr2_launch[0m
[4.512s] [34mcolcon.colcon_core.event_handler.log_command[0m [1;30mDEBUG[0m [32mInvoked command in '/home/jsagx-6/itc01_ws/build/yolobot_recognition' returned '0': CMAKE_PREFIX_PATH=${CMAKE_PREFIX_PATH}:/home/jsagx-6/itc01_ws/install/mr2_realsense:/home/jsagx-6/itc01_ws/install/buffalo_robot:/opt/ros/foxy /home/jsagx-6/.local/bin/cmake --build /home/jsagx-6/itc01_ws/build/yolobot_recognition -- -j8 -l8[0m
[4.768s] [34mcolcon.colcon_core.environment[0m [1;30mLevel 1[0m create_environment_scripts_only(mr2_launch)
[4.773s] [34mcolcon.colcon_core.event_handler.log_command[0m [1;30mDEBUG[0m [32mInvoked command in '/home/jsagx-6/itc01_ws/build/mr2_launch' returned '0': CMAKE_PREFIX_PATH=${CMAKE_PREFIX_PATH}:/home/jsagx-6/itc01_ws/install/mr2_realsense:/home/jsagx-6/itc01_ws/install/buffalo_robot:/opt/ros/foxy /home/jsagx-6/.local/bin/cmake --install /home/jsagx-6/itc01_ws/build/mr2_launch[0m
[4.793s] [34mcolcon.colcon_core.environment[0m [1;30mLevel 1[0m checking '/home/jsagx-6/itc01_ws/install/mr2_launch' for CMake module files
[4.797s] [34mcolcon.colcon_core.environment[0m [1;30mLevel 1[0m checking '/home/jsagx-6/itc01_ws/install/mr2_launch' for CMake config files
[4.799s] [34mcolcon.colcon_core.shell[0m [1;30mLevel 1[0m create_environment_hook('mr2_launch', 'cmake_prefix_path')
[4.801s] [34mcolcon.colcon_core.shell[0m [1;30mINFO[0m Creating environment hook '/home/jsagx-6/itc01_ws/install/mr2_launch/share/mr2_launch/hook/cmake_prefix_path.ps1'
[4.804s] [34mcolcon.colcon_core.shell[0m [1;30mINFO[0m Creating environment descriptor '/home/jsagx-6/itc01_ws/install/mr2_launch/share/mr2_launch/hook/cmake_prefix_path.dsv'
[4.805s] [34mcolcon.colcon_core.shell[0m [1;30mINFO[0m Creating environment hook '/home/jsagx-6/itc01_ws/install/mr2_launch/share/mr2_launch/hook/cmake_prefix_path.sh'
[4.810s] [34mcolcon.colcon_core.environment[0m [1;30mLevel 1[0m checking '/home/jsagx-6/itc01_ws/install/mr2_launch/bin'
[4.811s] [34mcolcon.colcon_core.environment[0m [1;30mLevel 1[0m checking '/home/jsagx-6/itc01_ws/install/mr2_launch/lib/pkgconfig/mr2_launch.pc'
[4.812s] [34mcolcon.colcon_core.environment[0m [1;30mLevel 1[0m checking '/home/jsagx-6/itc01_ws/install/mr2_launch/lib/python3.8/site-packages'
[4.812s] [34mcolcon.colcon_core.environment[0m [1;30mLevel 1[0m checking '/home/jsagx-6/itc01_ws/install/mr2_launch/bin'
[4.814s] [34mcolcon.colcon_core.shell[0m [1;30mINFO[0m Creating package script '/home/jsagx-6/itc01_ws/install/mr2_launch/share/mr2_launch/package.ps1'
[4.818s] [34mcolcon.colcon_core.shell[0m [1;30mINFO[0m Creating package descriptor '/home/jsagx-6/itc01_ws/install/mr2_launch/share/mr2_launch/package.dsv'
[4.820s] [34mcolcon.colcon_core.shell[0m [1;30mINFO[0m Creating package script '/home/jsagx-6/itc01_ws/install/mr2_launch/share/mr2_launch/package.sh'
[4.824s] [34mcolcon.colcon_core.shell[0m [1;30mINFO[0m Creating package script '/home/jsagx-6/itc01_ws/install/mr2_launch/share/mr2_launch/package.bash'
[4.828s] [34mcolcon.colcon_core.shell[0m [1;30mINFO[0m Creating package script '/home/jsagx-6/itc01_ws/install/mr2_launch/share/mr2_launch/package.zsh'
[4.831s] [34mcolcon.colcon_core.environment[0m [1;30mLevel 1[0m create_file_with_runtime_dependencies(/home/jsagx-6/itc01_ws/install/mr2_launch/share/colcon-core/packages/mr2_launch)
[4.861s] [34mcolcon.colcon_core.event_handler.log_command[0m [1;30mDEBUG[0m [32mInvoking command in '/home/jsagx-6/itc01_ws/build/yolobot_recognition': CMAKE_PREFIX_PATH=${CMAKE_PREFIX_PATH}:/home/jsagx-6/itc01_ws/install/mr2_realsense:/home/jsagx-6/itc01_ws/install/buffalo_robot:/opt/ros/foxy /home/jsagx-6/.local/bin/cmake --install /home/jsagx-6/itc01_ws/build/yolobot_recognition[0m
[5.053s] [34mcolcon.colcon_core.event_handler.log_command[0m [1;30mDEBUG[0m [32mInvoked command in '/home/jsagx-6/itc01_ws/build/yolov8_msgs' returned '0': CMAKE_PREFIX_PATH=${CMAKE_PREFIX_PATH}:/home/jsagx-6/itc01_ws/install/mr2_realsense:/home/jsagx-6/itc01_ws/install/buffalo_robot:/opt/ros/foxy /home/jsagx-6/.local/bin/cmake --build /home/jsagx-6/itc01_ws/build/yolov8_msgs -- -j8 -l8[0m
[5.154s] [34mcolcon.colcon_core.environment[0m [1;30mLevel 1[0m create_environment_scripts_only(mr2_launch)
[5.156s] [34mcolcon.colcon_core.environment[0m [1;30mLevel 1[0m checking '/home/jsagx-6/itc01_ws/install/mr2_launch' for CMake module files
[5.160s] [34mcolcon.colcon_core.environment[0m [1;30mLevel 1[0m checking '/home/jsagx-6/itc01_ws/install/mr2_launch' for CMake config files
[5.168s] [34mcolcon.colcon_core.shell[0m [1;30mLevel 1[0m create_environment_hook('mr2_launch', 'cmake_prefix_path')
[5.169s] [34mcolcon.colcon_core.shell[0m [1;30mINFO[0m Creating environment hook '/home/jsagx-6/itc01_ws/install/mr2_launch/share/mr2_launch/hook/cmake_prefix_path.ps1'
[5.173s] [34mcolcon.colcon_core.shell[0m [1;30mINFO[0m Creating environment descriptor '/home/jsagx-6/itc01_ws/install/mr2_launch/share/mr2_launch/hook/cmake_prefix_path.dsv'
[5.176s] [34mcolcon.colcon_core.shell[0m [1;30mINFO[0m Creating environment hook '/home/jsagx-6/itc01_ws/install/mr2_launch/share/mr2_launch/hook/cmake_prefix_path.sh'
[5.180s] [34mcolcon.colcon_core.environment[0m [1;30mLevel 1[0m checking '/home/jsagx-6/itc01_ws/install/mr2_launch/bin'
[5.181s] [34mcolcon.colcon_core.environment[0m [1;30mLevel 1[0m checking '/home/jsagx-6/itc01_ws/install/mr2_launch/lib/pkgconfig/mr2_launch.pc'
[5.182s] [34mcolcon.colcon_core.environment[0m [1;30mLevel 1[0m checking '/home/jsagx-6/itc01_ws/install/mr2_launch/lib/python3.8/site-packages'
[5.183s] [34mcolcon.colcon_core.environment[0m [1;30mLevel 1[0m checking '/home/jsagx-6/itc01_ws/install/mr2_launch/bin'
[5.184s] [34mcolcon.colcon_core.shell[0m [1;30mINFO[0m Creating package script '/home/jsagx-6/itc01_ws/install/mr2_launch/share/mr2_launch/package.ps1'
[5.188s] [34mcolcon.colcon_core.shell[0m [1;30mINFO[0m Creating package descriptor '/home/jsagx-6/itc01_ws/install/mr2_launch/share/mr2_launch/package.dsv'
[5.192s] [34mcolcon.colcon_core.shell[0m [1;30mINFO[0m Creating package script '/home/jsagx-6/itc01_ws/install/mr2_launch/share/mr2_launch/package.sh'
[5.195s] [34mcolcon.colcon_core.shell[0m [1;30mINFO[0m Creating package script '/home/jsagx-6/itc01_ws/install/mr2_launch/share/mr2_launch/package.bash'
[5.199s] [34mcolcon.colcon_core.shell[0m [1;30mINFO[0m Creating package script '/home/jsagx-6/itc01_ws/install/mr2_launch/share/mr2_launch/package.zsh'
[5.202s] [34mcolcon.colcon_core.environment[0m [1;30mLevel 1[0m create_file_with_runtime_dependencies(/home/jsagx-6/itc01_ws/install/mr2_launch/share/colcon-core/packages/mr2_launch)
[5.207s] [34mcolcon.colcon_core.environment[0m [1;30mLevel 1[0m create_environment_scripts_only(yolobot_recognition)
[5.209s] [34mcolcon.colcon_core.environment[0m [1;30mLevel 1[0m checking '/home/jsagx-6/itc01_ws/install/yolobot_recognition' for CMake module files
[5.215s] [34mcolcon.colcon_core.environment[0m [1;30mLevel 1[0m checking '/home/jsagx-6/itc01_ws/install/yolobot_recognition' for CMake config files
[5.236s] [34mcolcon.colcon_core.event_handler.log_command[0m [1;30mDEBUG[0m [32mInvoked command in '/home/jsagx-6/itc01_ws/build/yolobot_recognition' returned '0': CMAKE_PREFIX_PATH=${CMAKE_PREFIX_PATH}:/home/jsagx-6/itc01_ws/install/mr2_realsense:/home/jsagx-6/itc01_ws/install/buffalo_robot:/opt/ros/foxy /home/jsagx-6/.local/bin/cmake --install /home/jsagx-6/itc01_ws/build/yolobot_recognition[0m
[5.237s] [34mcolcon.colcon_core.shell[0m [1;30mLevel 1[0m create_environment_hook('yolobot_recognition', 'cmake_prefix_path')
[5.238s] [34mcolcon.colcon_core.shell[0m [1;30mINFO[0m Creating environment hook '/home/jsagx-6/itc01_ws/install/yolobot_recognition/share/yolobot_recognition/hook/cmake_prefix_path.ps1'
[5.240s] [34mcolcon.colcon_core.shell[0m [1;30mINFO[0m Creating environment descriptor '/home/jsagx-6/itc01_ws/install/yolobot_recognition/share/yolobot_recognition/hook/cmake_prefix_path.dsv'
[5.241s] [34mcolcon.colcon_core.shell[0m [1;30mINFO[0m Creating environment hook '/home/jsagx-6/itc01_ws/install/yolobot_recognition/share/yolobot_recognition/hook/cmake_prefix_path.sh'
[5.243s] [34mcolcon.colcon_core.environment[0m [1;30mLevel 1[0m checking '/home/jsagx-6/itc01_ws/install/yolobot_recognition/lib'
[5.244s] [34mcolcon.colcon_core.environment[0m [1;30mLevel 1[0m checking '/home/jsagx-6/itc01_ws/install/yolobot_recognition/bin'
[5.245s] [34mcolcon.colcon_core.environment[0m [1;30mLevel 1[0m checking '/home/jsagx-6/itc01_ws/install/yolobot_recognition/lib/pkgconfig/yolobot_recognition.pc'
[5.245s] [34mcolcon.colcon_core.environment[0m [1;30mLevel 1[0m checking '/home/jsagx-6/itc01_ws/install/yolobot_recognition/lib/python3.8/site-packages'
[5.246s] [34mcolcon.colcon_core.environment[0m [1;30mLevel 1[0m checking '/home/jsagx-6/itc01_ws/install/yolobot_recognition/bin'
[5.247s] [34mcolcon.colcon_core.shell[0m [1;30mINFO[0m Creating package script '/home/jsagx-6/itc01_ws/install/yolobot_recognition/share/yolobot_recognition/package.ps1'
[5.249s] [34mcolcon.colcon_core.shell[0m [1;30mINFO[0m Creating package descriptor '/home/jsagx-6/itc01_ws/install/yolobot_recognition/share/yolobot_recognition/package.dsv'
[5.250s] [34mcolcon.colcon_core.shell[0m [1;30mINFO[0m Creating package script '/home/jsagx-6/itc01_ws/install/yolobot_recognition/share/yolobot_recognition/package.sh'
[5.252s] [34mcolcon.colcon_core.shell[0m [1;30mINFO[0m Creating package script '/home/jsagx-6/itc01_ws/install/yolobot_recognition/share/yolobot_recognition/package.bash'
[5.253s] [34mcolcon.colcon_core.shell[0m [1;30mINFO[0m Creating package script '/home/jsagx-6/itc01_ws/install/yolobot_recognition/share/yolobot_recognition/package.zsh'
[5.254s] [34mcolcon.colcon_core.environment[0m [1;30mLevel 1[0m create_file_with_runtime_dependencies(/home/jsagx-6/itc01_ws/install/yolobot_recognition/share/colcon-core/packages/yolobot_recognition)
[5.556s] [34mcolcon.colcon_core.environment[0m [1;30mLevel 1[0m create_environment_scripts_only(yolobot_recognition)
[5.558s] [34mcolcon.colcon_core.environment[0m [1;30mLevel 1[0m checking '/home/jsagx-6/itc01_ws/install/yolobot_recognition' for CMake module files
[5.561s] [34mcolcon.colcon_core.environment[0m [1;30mLevel 1[0m checking '/home/jsagx-6/itc01_ws/install/yolobot_recognition' for CMake config files
[5.566s] [34mcolcon.colcon_core.shell[0m [1;30mLevel 1[0m create_environment_hook('yolobot_recognition', 'cmake_prefix_path')
[5.567s] [34mcolcon.colcon_core.shell[0m [1;30mINFO[0m Creating environment hook '/home/jsagx-6/itc01_ws/install/yolobot_recognition/share/yolobot_recognition/hook/cmake_prefix_path.ps1'
[5.570s] [34mcolcon.colcon_core.shell[0m [1;30mINFO[0m Creating environment descriptor '/home/jsagx-6/itc01_ws/install/yolobot_recognition/share/yolobot_recognition/hook/cmake_prefix_path.dsv'
[5.571s] [34mcolcon.colcon_core.shell[0m [1;30mINFO[0m Creating environment hook '/home/jsagx-6/itc01_ws/install/yolobot_recognition/share/yolobot_recognition/hook/cmake_prefix_path.sh'
[5.574s] [34mcolcon.colcon_core.environment[0m [1;30mLevel 1[0m checking '/home/jsagx-6/itc01_ws/install/yolobot_recognition/lib'
[5.575s] [34mcolcon.colcon_core.environment[0m [1;30mLevel 1[0m checking '/home/jsagx-6/itc01_ws/install/yolobot_recognition/bin'
[5.575s] [34mcolcon.colcon_core.environment[0m [1;30mLevel 1[0m checking '/home/jsagx-6/itc01_ws/install/yolobot_recognition/lib/pkgconfig/yolobot_recognition.pc'
[5.576s] [34mcolcon.colcon_core.environment[0m [1;30mLevel 1[0m checking '/home/jsagx-6/itc01_ws/install/yolobot_recognition/lib/python3.8/site-packages'
[5.577s] [34mcolcon.colcon_core.environment[0m [1;30mLevel 1[0m checking '/home/jsagx-6/itc01_ws/install/yolobot_recognition/bin'
[5.578s] [34mcolcon.colcon_core.shell[0m [1;30mINFO[0m Creating package script '/home/jsagx-6/itc01_ws/install/yolobot_recognition/share/yolobot_recognition/package.ps1'
[5.580s] [34mcolcon.colcon_core.shell[0m [1;30mINFO[0m Creating package descriptor '/home/jsagx-6/itc01_ws/install/yolobot_recognition/share/yolobot_recognition/package.dsv'
[5.582s] [34mcolcon.colcon_core.shell[0m [1;30mINFO[0m Creating package script '/home/jsagx-6/itc01_ws/install/yolobot_recognition/share/yolobot_recognition/package.sh'
[5.584s] [34mcolcon.colcon_core.shell[0m [1;30mINFO[0m Creating package script '/home/jsagx-6/itc01_ws/install/yolobot_recognition/share/yolobot_recognition/package.bash'
[5.585s] [34mcolcon.colcon_core.shell[0m [1;30mINFO[0m Creating package script '/home/jsagx-6/itc01_ws/install/yolobot_recognition/share/yolobot_recognition/package.zsh'
[5.587s] [34mcolcon.colcon_core.environment[0m [1;30mLevel 1[0m create_file_with_runtime_dependencies(/home/jsagx-6/itc01_ws/install/yolobot_recognition/share/colcon-core/packages/yolobot_recognition)
[5.601s] [34mcolcon.colcon_core.event_handler.log_command[0m [1;30mDEBUG[0m [32mInvoking command in '/home/jsagx-6/itc01_ws/build/yolov8_msgs': CMAKE_PREFIX_PATH=${CMAKE_PREFIX_PATH}:/home/jsagx-6/itc01_ws/install/mr2_realsense:/home/jsagx-6/itc01_ws/install/buffalo_robot:/opt/ros/foxy /home/jsagx-6/.local/bin/cmake --install /home/jsagx-6/itc01_ws/build/yolov8_msgs[0m
[5.625s] [34mcolcon.colcon_core.event_handler.log_command[0m [1;30mDEBUG[0m [32mInvoking command in '/home/jsagx-6/itc01_ws/src/itc01_mr2/mr2_realsense': PYTHONPATH=/home/jsagx-6/itc01_ws/build/mr2_realsense/prefix_override:/home/jsagx-6/itc01_ws/install/mr2_realsense/lib/python3.8/site-packages:${PYTHONPATH} /usr/bin/python3 -W ignore:setup.py install is deprecated setup.py egg_info --egg-base ../../../build/mr2_realsense build --build-base /home/jsagx-6/itc01_ws/build/mr2_realsense/build install --record /home/jsagx-6/itc01_ws/build/mr2_realsense/install.log --install-scripts $base/lib/mr2_realsense --single-version-externally-managed install_data[0m
[5.642s] [34mcolcon.colcon_core.event_handler.log_command[0m [1;30mDEBUG[0m [32mInvoking command in '/home/jsagx-6/itc01_ws/src/itc01_mr2/buffalo_robot': PYTHONPATH=/home/jsagx-6/itc01_ws/build/buffalo_robot/prefix_override:/home/jsagx-6/itc01_ws/install/buffalo_robot/lib/python3.8/site-packages:${PYTHONPATH} /usr/bin/python3 -W ignore:setup.py install is deprecated setup.py egg_info --egg-base ../../../build/buffalo_robot build --build-base /home/jsagx-6/itc01_ws/build/buffalo_robot/build install --record /home/jsagx-6/itc01_ws/build/buffalo_robot/install.log --install-scripts $base/lib/buffalo_robot --single-version-externally-managed install_data[0m
[6.027s] [34mcolcon.colcon_core.environment[0m [1;30mLevel 1[0m create_environment_scripts_only(yolov8_msgs)
[6.029s] [34mcolcon.colcon_core.environment[0m [1;30mLevel 1[0m checking '/home/jsagx-6/itc01_ws/install/yolov8_msgs' for CMake module files
[6.031s] [34mcolcon.colcon_core.event_handler.log_command[0m [1;30mDEBUG[0m [32mInvoked command in '/home/jsagx-6/itc01_ws/build/yolov8_msgs' returned '0': CMAKE_PREFIX_PATH=${CMAKE_PREFIX_PATH}:/home/jsagx-6/itc01_ws/install/mr2_realsense:/home/jsagx-6/itc01_ws/install/buffalo_robot:/opt/ros/foxy /home/jsagx-6/.local/bin/cmake --install /home/jsagx-6/itc01_ws/build/yolov8_msgs[0m
[6.034s] [34mcolcon.colcon_core.environment[0m [1;30mLevel 1[0m checking '/home/jsagx-6/itc01_ws/install/yolov8_msgs' for CMake config files
[6.037s] [34mcolcon.colcon_core.shell[0m [1;30mLevel 1[0m create_environment_hook('yolov8_msgs', 'cmake_prefix_path')
[6.038s] [34mcolcon.colcon_core.shell[0m [1;30mINFO[0m Creating environment hook '/home/jsagx-6/itc01_ws/install/yolov8_msgs/share/yolov8_msgs/hook/cmake_prefix_path.ps1'
[6.040s] [34mcolcon.colcon_core.shell[0m [1;30mINFO[0m Creating environment descriptor '/home/jsagx-6/itc01_ws/install/yolov8_msgs/share/yolov8_msgs/hook/cmake_prefix_path.dsv'
[6.042s] [34mcolcon.colcon_core.shell[0m [1;30mINFO[0m Creating environment hook '/home/jsagx-6/itc01_ws/install/yolov8_msgs/share/yolov8_msgs/hook/cmake_prefix_path.sh'
[6.044s] [34mcolcon.colcon_core.environment[0m [1;30mLevel 1[0m checking '/home/jsagx-6/itc01_ws/install/yolov8_msgs/lib'
[6.044s] [34mcolcon.colcon_core.shell[0m [1;30mLevel 1[0m create_environment_hook('yolov8_msgs', 'ld_library_path_lib')
[6.045s] [34mcolcon.colcon_core.shell[0m [1;30mINFO[0m Creating environment hook '/home/jsagx-6/itc01_ws/install/yolov8_msgs/share/yolov8_msgs/hook/ld_library_path_lib.ps1'
[6.046s] [34mcolcon.colcon_core.shell[0m [1;30mINFO[0m Creating environment descriptor '/home/jsagx-6/itc01_ws/install/yolov8_msgs/share/yolov8_msgs/hook/ld_library_path_lib.dsv'
[6.047s] [34mcolcon.colcon_core.shell[0m [1;30mINFO[0m Creating environment hook '/home/jsagx-6/itc01_ws/install/yolov8_msgs/share/yolov8_msgs/hook/ld_library_path_lib.sh'
[6.048s] [34mcolcon.colcon_core.environment[0m [1;30mLevel 1[0m checking '/home/jsagx-6/itc01_ws/install/yolov8_msgs/bin'
[6.049s] [34mcolcon.colcon_core.environment[0m [1;30mLevel 1[0m checking '/home/jsagx-6/itc01_ws/install/yolov8_msgs/lib/pkgconfig/yolov8_msgs.pc'
[6.050s] [34mcolcon.colcon_core.environment[0m [1;30mLevel 1[0m checking '/home/jsagx-6/itc01_ws/install/yolov8_msgs/lib/python3.8/site-packages'
[6.050s] [34mcolcon.colcon_core.shell[0m [1;30mLevel 1[0m create_environment_hook('yolov8_msgs', 'pythonpath')
[6.051s] [34mcolcon.colcon_core.shell[0m [1;30mINFO[0m Creating environment hook '/home/jsagx-6/itc01_ws/install/yolov8_msgs/share/yolov8_msgs/hook/pythonpath.ps1'
[6.052s] [34mcolcon.colcon_core.shell[0m [1;30mINFO[0m Creating environment descriptor '/home/jsagx-6/itc01_ws/install/yolov8_msgs/share/yolov8_msgs/hook/pythonpath.dsv'
[6.053s] [34mcolcon.colcon_core.shell[0m [1;30mINFO[0m Creating environment hook '/home/jsagx-6/itc01_ws/install/yolov8_msgs/share/yolov8_msgs/hook/pythonpath.sh'
[6.054s] [34mcolcon.colcon_core.environment[0m [1;30mLevel 1[0m checking '/home/jsagx-6/itc01_ws/install/yolov8_msgs/bin'
[6.056s] [34mcolcon.colcon_core.shell[0m [1;30mINFO[0m Creating package script '/home/jsagx-6/itc01_ws/install/yolov8_msgs/share/yolov8_msgs/package.ps1'
[6.058s] [34mcolcon.colcon_core.shell[0m [1;30mINFO[0m Creating package descriptor '/home/jsagx-6/itc01_ws/install/yolov8_msgs/share/yolov8_msgs/package.dsv'
[6.059s] [34mcolcon.colcon_core.shell[0m [1;30mINFO[0m Creating package script '/home/jsagx-6/itc01_ws/install/yolov8_msgs/share/yolov8_msgs/package.sh'
[6.061s] [34mcolcon.colcon_core.shell[0m [1;30mINFO[0m Creating package script '/home/jsagx-6/itc01_ws/install/yolov8_msgs/share/yolov8_msgs/package.bash'
[6.062s] [34mcolcon.colcon_core.shell[0m [1;30mINFO[0m Creating package script '/home/jsagx-6/itc01_ws/install/yolov8_msgs/share/yolov8_msgs/package.zsh'
[6.063s] [34mcolcon.colcon_core.environment[0m [1;30mLevel 1[0m create_file_with_runtime_dependencies(/home/jsagx-6/itc01_ws/install/yolov8_msgs/share/colcon-core/packages/yolov8_msgs)
[6.533s] [34mcolcon.colcon_core.environment[0m [1;30mLevel 1[0m create_environment_scripts_only(yolov8_msgs)
[6.535s] [34mcolcon.colcon_core.environment[0m [1;30mLevel 1[0m checking '/home/jsagx-6/itc01_ws/install/yolov8_msgs' for CMake module files
[6.538s] [34mcolcon.colcon_core.environment[0m [1;30mLevel 1[0m checking '/home/jsagx-6/itc01_ws/install/yolov8_msgs' for CMake config files
[6.541s] [34mcolcon.colcon_core.shell[0m [1;30mLevel 1[0m create_environment_hook('yolov8_msgs', 'cmake_prefix_path')
[6.542s] [34mcolcon.colcon_core.shell[0m [1;30mINFO[0m Creating environment hook '/home/jsagx-6/itc01_ws/install/yolov8_msgs/share/yolov8_msgs/hook/cmake_prefix_path.ps1'
[6.544s] [34mcolcon.colcon_core.shell[0m [1;30mINFO[0m Creating environment descriptor '/home/jsagx-6/itc01_ws/install/yolov8_msgs/share/yolov8_msgs/hook/cmake_prefix_path.dsv'
[6.546s] [34mcolcon.colcon_core.shell[0m [1;30mINFO[0m Creating environment hook '/home/jsagx-6/itc01_ws/install/yolov8_msgs/share/yolov8_msgs/hook/cmake_prefix_path.sh'
[6.548s] [34mcolcon.colcon_core.environment[0m [1;30mLevel 1[0m checking '/home/jsagx-6/itc01_ws/install/yolov8_msgs/lib'
[6.548s] [34mcolcon.colcon_core.shell[0m [1;30mLevel 1[0m create_environment_hook('yolov8_msgs', 'ld_library_path_lib')
[6.549s] [34mcolcon.colcon_core.shell[0m [1;30mINFO[0m Creating environment hook '/home/jsagx-6/itc01_ws/install/yolov8_msgs/share/yolov8_msgs/hook/ld_library_path_lib.ps1'
[6.551s] [34mcolcon.colcon_core.shell[0m [1;30mINFO[0m Creating environment descriptor '/home/jsagx-6/itc01_ws/install/yolov8_msgs/share/yolov8_msgs/hook/ld_library_path_lib.dsv'
[6.552s] [34mcolcon.colcon_core.shell[0m [1;30mINFO[0m Creating environment hook '/home/jsagx-6/itc01_ws/install/yolov8_msgs/share/yolov8_msgs/hook/ld_library_path_lib.sh'
[6.553s] [34mcolcon.colcon_core.environment[0m [1;30mLevel 1[0m checking '/home/jsagx-6/itc01_ws/install/yolov8_msgs/bin'
[6.553s] [34mcolcon.colcon_core.environment[0m [1;30mLevel 1[0m checking '/home/jsagx-6/itc01_ws/install/yolov8_msgs/lib/pkgconfig/yolov8_msgs.pc'
[6.554s] [34mcolcon.colcon_core.environment[0m [1;30mLevel 1[0m checking '/home/jsagx-6/itc01_ws/install/yolov8_msgs/lib/python3.8/site-packages'
[6.554s] [34mcolcon.colcon_core.shell[0m [1;30mLevel 1[0m create_environment_hook('yolov8_msgs', 'pythonpath')
[6.555s] [34mcolcon.colcon_core.shell[0m [1;30mINFO[0m Creating environment hook '/home/jsagx-6/itc01_ws/install/yolov8_msgs/share/yolov8_msgs/hook/pythonpath.ps1'
[6.556s] [34mcolcon.colcon_core.shell[0m [1;30mINFO[0m Creating environment descriptor '/home/jsagx-6/itc01_ws/install/yolov8_msgs/share/yolov8_msgs/hook/pythonpath.dsv'
[6.557s] [34mcolcon.colcon_core.shell[0m [1;30mINFO[0m Creating environment hook '/home/jsagx-6/itc01_ws/install/yolov8_msgs/share/yolov8_msgs/hook/pythonpath.sh'
[6.559s] [34mcolcon.colcon_core.environment[0m [1;30mLevel 1[0m checking '/home/jsagx-6/itc01_ws/install/yolov8_msgs/bin'
[6.560s] [34mcolcon.colcon_core.shell[0m [1;30mINFO[0m Creating package script '/home/jsagx-6/itc01_ws/install/yolov8_msgs/share/yolov8_msgs/package.ps1'
[6.562s] [34mcolcon.colcon_core.shell[0m [1;30mINFO[0m Creating package descriptor '/home/jsagx-6/itc01_ws/install/yolov8_msgs/share/yolov8_msgs/package.dsv'
[6.564s] [34mcolcon.colcon_core.shell[0m [1;30mINFO[0m Creating package script '/home/jsagx-6/itc01_ws/install/yolov8_msgs/share/yolov8_msgs/package.sh'
[6.566s] [34mcolcon.colcon_core.shell[0m [1;30mINFO[0m Creating package script '/home/jsagx-6/itc01_ws/install/yolov8_msgs/share/yolov8_msgs/package.bash'
[6.568s] [34mcolcon.colcon_core.shell[0m [1;30mINFO[0m Creating package script '/home/jsagx-6/itc01_ws/install/yolov8_msgs/share/yolov8_msgs/package.zsh'
[6.569s] [34mcolcon.colcon_core.environment[0m [1;30mLevel 1[0m create_file_with_runtime_dependencies(/home/jsagx-6/itc01_ws/install/yolov8_msgs/share/colcon-core/packages/yolov8_msgs)
[6.774s] [34mcolcon.colcon_core.environment[0m [1;30mLevel 1[0m checking '/home/jsagx-6/itc01_ws/install/mr2_realsense' for CMake module files
[6.776s] [34mcolcon.colcon_core.event_handler.log_command[0m [1;30mDEBUG[0m [32mInvoked command in '/home/jsagx-6/itc01_ws/src/itc01_mr2/mr2_realsense' returned '0': PYTHONPATH=/home/jsagx-6/itc01_ws/build/mr2_realsense/prefix_override:/home/jsagx-6/itc01_ws/install/mr2_realsense/lib/python3.8/site-packages:${PYTHONPATH} /usr/bin/python3 -W ignore:setup.py install is deprecated setup.py egg_info --egg-base ../../../build/mr2_realsense build --build-base /home/jsagx-6/itc01_ws/build/mr2_realsense/build install --record /home/jsagx-6/itc01_ws/build/mr2_realsense/install.log --install-scripts $base/lib/mr2_realsense --single-version-externally-managed install_data[0m
[6.779s] [34mcolcon.colcon_core.environment[0m [1;30mLevel 1[0m checking '/home/jsagx-6/itc01_ws/install/mr2_realsense' for CMake config files
[6.782s] [34mcolcon.colcon_core.environment[0m [1;30mLevel 1[0m checking '/home/jsagx-6/itc01_ws/install/mr2_realsense/lib'
[6.782s] [34mcolcon.colcon_core.environment[0m [1;30mLevel 1[0m checking '/home/jsagx-6/itc01_ws/install/mr2_realsense/bin'
[6.782s] [34mcolcon.colcon_core.environment[0m [1;30mLevel 1[0m checking '/home/jsagx-6/itc01_ws/install/mr2_realsense/lib/pkgconfig/mr2_realsense.pc'
[6.783s] [34mcolcon.colcon_core.environment[0m [1;30mLevel 1[0m checking '/home/jsagx-6/itc01_ws/install/mr2_realsense/lib/python3.8/site-packages'
[6.783s] [34mcolcon.colcon_core.shell[0m [1;30mLevel 1[0m create_environment_hook('mr2_realsense', 'pythonpath')
[6.784s] [34mcolcon.colcon_core.shell[0m [1;30mINFO[0m Creating environment hook '/home/jsagx-6/itc01_ws/install/mr2_realsense/share/mr2_realsense/hook/pythonpath.ps1'
[6.786s] [34mcolcon.colcon_core.shell[0m [1;30mINFO[0m Creating environment descriptor '/home/jsagx-6/itc01_ws/install/mr2_realsense/share/mr2_realsense/hook/pythonpath.dsv'
[6.787s] [34mcolcon.colcon_core.shell[0m [1;30mINFO[0m Creating environment hook '/home/jsagx-6/itc01_ws/install/mr2_realsense/share/mr2_realsense/hook/pythonpath.sh'
[6.789s] [34mcolcon.colcon_core.environment[0m [1;30mLevel 1[0m checking '/home/jsagx-6/itc01_ws/install/mr2_realsense/bin'
[6.789s] [34mcolcon.colcon_core.environment[0m [1;30mLevel 1[0m create_environment_scripts_only(mr2_realsense)
[6.790s] [34mcolcon.colcon_core.shell[0m [1;30mINFO[0m Creating package script '/home/jsagx-6/itc01_ws/install/mr2_realsense/share/mr2_realsense/package.ps1'
[6.792s] [34mcolcon.colcon_core.shell[0m [1;30mINFO[0m Creating package descriptor '/home/jsagx-6/itc01_ws/install/mr2_realsense/share/mr2_realsense/package.dsv'
[6.794s] [34mcolcon.colcon_core.shell[0m [1;30mINFO[0m Creating package script '/home/jsagx-6/itc01_ws/install/mr2_realsense/share/mr2_realsense/package.sh'
[6.795s] [34mcolcon.colcon_core.shell[0m [1;30mINFO[0m Creating package script '/home/jsagx-6/itc01_ws/install/mr2_realsense/share/mr2_realsense/package.bash'
[6.796s] [34mcolcon.colcon_core.shell[0m [1;30mINFO[0m Creating package script '/home/jsagx-6/itc01_ws/install/mr2_realsense/share/mr2_realsense/package.zsh'
[6.797s] [34mcolcon.colcon_core.environment[0m [1;30mLevel 1[0m create_file_with_runtime_dependencies(/home/jsagx-6/itc01_ws/install/mr2_realsense/share/colcon-core/packages/mr2_realsense)
[6.803s] [34mcolcon.colcon_core.environment[0m [1;30mLevel 1[0m checking '/home/jsagx-6/itc01_ws/install/buffalo_robot' for CMake module files
[6.805s] [34mcolcon.colcon_core.event_handler.log_command[0m [1;30mDEBUG[0m [32mInvoked command in '/home/jsagx-6/itc01_ws/src/itc01_mr2/buffalo_robot' returned '0': PYTHONPATH=/home/jsagx-6/itc01_ws/build/buffalo_robot/prefix_override:/home/jsagx-6/itc01_ws/install/buffalo_robot/lib/python3.8/site-packages:${PYTHONPATH} /usr/bin/python3 -W ignore:setup.py install is deprecated setup.py egg_info --egg-base ../../../build/buffalo_robot build --build-base /home/jsagx-6/itc01_ws/build/buffalo_robot/build install --record /home/jsagx-6/itc01_ws/build/buffalo_robot/install.log --install-scripts $base/lib/buffalo_robot --single-version-externally-managed install_data[0m
[6.808s] [34mcolcon.colcon_core.environment[0m [1;30mLevel 1[0m checking '/home/jsagx-6/itc01_ws/install/buffalo_robot' for CMake config files
[6.814s] [34mcolcon.colcon_core.environment[0m [1;30mLevel 1[0m checking '/home/jsagx-6/itc01_ws/install/buffalo_robot/lib'
[6.814s] [34mcolcon.colcon_core.environment[0m [1;30mLevel 1[0m checking '/home/jsagx-6/itc01_ws/install/buffalo_robot/bin'
[6.815s] [34mcolcon.colcon_core.environment[0m [1;30mLevel 1[0m checking '/home/jsagx-6/itc01_ws/install/buffalo_robot/lib/pkgconfig/buffalo_robot.pc'
[6.815s] [34mcolcon.colcon_core.environment[0m [1;30mLevel 1[0m checking '/home/jsagx-6/itc01_ws/install/buffalo_robot/lib/python3.8/site-packages'
[6.816s] [34mcolcon.colcon_core.shell[0m [1;30mLevel 1[0m create_environment_hook('buffalo_robot', 'pythonpath')
[6.816s] [34mcolcon.colcon_core.shell[0m [1;30mINFO[0m Creating environment hook '/home/jsagx-6/itc01_ws/install/buffalo_robot/share/buffalo_robot/hook/pythonpath.ps1'
[6.818s] [34mcolcon.colcon_core.shell[0m [1;30mINFO[0m Creating environment descriptor '/home/jsagx-6/itc01_ws/install/buffalo_robot/share/buffalo_robot/hook/pythonpath.dsv'
[6.819s] [34mcolcon.colcon_core.shell[0m [1;30mINFO[0m Creating environment hook '/home/jsagx-6/itc01_ws/install/buffalo_robot/share/buffalo_robot/hook/pythonpath.sh'
[6.821s] [34mcolcon.colcon_core.environment[0m [1;30mLevel 1[0m checking '/home/jsagx-6/itc01_ws/install/buffalo_robot/bin'
[6.821s] [34mcolcon.colcon_core.environment[0m [1;30mLevel 1[0m create_environment_scripts_only(buffalo_robot)
[6.822s] [34mcolcon.colcon_core.shell[0m [1;30mINFO[0m Creating package script '/home/jsagx-6/itc01_ws/install/buffalo_robot/share/buffalo_robot/package.ps1'
[6.824s] [34mcolcon.colcon_core.shell[0m [1;30mINFO[0m Creating package descriptor '/home/jsagx-6/itc01_ws/install/buffalo_robot/share/buffalo_robot/package.dsv'
[6.826s] [34mcolcon.colcon_core.shell[0m [1;30mINFO[0m Creating package script '/home/jsagx-6/itc01_ws/install/buffalo_robot/share/buffalo_robot/package.sh'
[6.827s] [34mcolcon.colcon_core.shell[0m [1;30mINFO[0m Creating package script '/home/jsagx-6/itc01_ws/install/buffalo_robot/share/buffalo_robot/package.bash'
[6.828s] [34mcolcon.colcon_core.shell[0m [1;30mINFO[0m Creating package script '/home/jsagx-6/itc01_ws/install/buffalo_robot/share/buffalo_robot/package.zsh'
[6.829s] [34mcolcon.colcon_core.environment[0m [1;30mLevel 1[0m create_file_with_runtime_dependencies(/home/jsagx-6/itc01_ws/install/buffalo_robot/share/colcon-core/packages/buffalo_robot)
[6.831s] [34mcolcon.colcon_parallel_executor.executor.parallel[0m [1;30mDEBUG[0m [32mclosing loop[0m
[6.833s] [34mcolcon.colcon_parallel_executor.executor.parallel[0m [1;30mDEBUG[0m [32mloop closed[0m
[6.833s] [34mcolcon.colcon_parallel_executor.executor.parallel[0m [1;30mDEBUG[0m [32mrun_until_complete finished with '0'[0m
[6.834s] [34mcolcon.colcon_core.event_reactor[0m [1;30mDEBUG[0m [32mjoining thread[0m
[6.856s] [34mcolcon.colcon_core.plugin_system[0m [1;30mINFO[0m Skipping extension 'colcon_notification.desktop_notification.terminal_notifier': Not used on non-Darwin systems
[6.856s] [34mcolcon.colcon_core.plugin_system[0m [1;30mINFO[0m Skipping extension 'colcon_notification.desktop_notification.win32': Not used on non-Windows systems
[6.856s] [34mcolcon.colcon_notification.desktop_notification[0m [1;30mINFO[0m Sending desktop notification using 'notify2'
[6.930s] [34mcolcon.colcon_core.event_reactor[0m [1;30mDEBUG[0m [32mjoined thread[0m
[6.931s] [34mcolcon.colcon_core.shell[0m [1;30mINFO[0m Creating prefix script '/home/jsagx-6/itc01_ws/install/local_setup.ps1'
[6.935s] [34mcolcon.colcon_core.shell[0m [1;30mINFO[0m Creating prefix util module '/home/jsagx-6/itc01_ws/install/_local_setup_util_ps1.py'
[6.939s] [34mcolcon.colcon_core.shell[0m [1;30mINFO[0m Creating prefix chain script '/home/jsagx-6/itc01_ws/install/setup.ps1'
[6.943s] [34mcolcon.colcon_core.shell[0m [1;30mINFO[0m Creating prefix script '/home/jsagx-6/itc01_ws/install/local_setup.sh'
[6.945s] [34mcolcon.colcon_core.shell[0m [1;30mINFO[0m Creating prefix util module '/home/jsagx-6/itc01_ws/install/_local_setup_util_sh.py'
[6.947s] [34mcolcon.colcon_core.shell[0m [1;30mINFO[0m Creating prefix chain script '/home/jsagx-6/itc01_ws/install/setup.sh'
[6.951s] [34mcolcon.colcon_core.shell[0m [1;30mINFO[0m Creating prefix script '/home/jsagx-6/itc01_ws/install/local_setup.bash'
[6.953s] [34mcolcon.colcon_core.shell[0m [1;30mINFO[0m Creating prefix chain script '/home/jsagx-6/itc01_ws/install/setup.bash'
[6.957s] [34mcolcon.colcon_core.shell[0m [1;30mINFO[0m Creating prefix script '/home/jsagx-6/itc01_ws/install/local_setup.zsh'
[6.959s] [34mcolcon.colcon_core.shell[0m [1;30mINFO[0m Creating prefix chain script '/home/jsagx-6/itc01_ws/install/setup.zsh'
