[1.002s] Invoking command in '/home/jsagx-6/itc01_ws/build/mr2_launch': CMAKE_PREFIX_PATH=${CMAKE_PREFIX_PATH}:/home/jsagx-6/itc01_ws/install/mr2_realsense:/home/jsagx-6/itc01_ws/install/buffalo_robot:/opt/ros/foxy /home/jsagx-6/.local/bin/cmake /home/jsagx-6/itc01_ws/src/itc01_mr2/mr2_launch -DCMAKE_INSTALL_PREFIX=/home/jsagx-6/itc01_ws/install/mr2_launch
[1.971s] -- The C compiler identification is GNU 9.4.0
[1.971s] -- The CXX compiler identification is GNU 9.4.0
[1.971s] -- Detecting C compiler ABI info
[2.158s] -- Detecting C compiler ABI info - done
[2.236s] -- Check for working C compiler: /usr/bin/cc - skipped
[2.238s] -- Detecting C compile features
[2.241s] -- Detecting C compile features - done
[2.261s] -- Detecting CXX compiler ABI info
[2.601s] -- Detecting CXX compiler ABI info - done
[2.680s] -- Check for working CXX compiler: /usr/bin/c++ - skipped
[2.684s] -- Detecting CXX compile features
[2.684s] -- Detecting CXX compile features - done
[2.699s] -- Found ament_cmake: 0.9.12 (/opt/ros/foxy/share/ament_cmake/cmake)
[2.724s] [33mCMake Warning (dev) at /opt/ros/foxy/share/ament_cmake_core/cmake/core/python.cmake:22 (find_package):
[2.725s]   Policy CMP0148 is not set: The FindPythonInterp and FindPythonLibs modules
[2.725s]   are removed.  Run "cmake --help-policy CMP0148" for policy details.  Use
[2.725s]   the cmake_policy command to set the policy and suppress this warning.
[2.726s] 
[2.726s] Call Stack (most recent call first):
[2.726s]   /opt/ros/foxy/share/ament_cmake_core/cmake/core/all.cmake:53 (include)
[2.727s]   /opt/ros/foxy/share/ament_cmake_core/cmake/ament_cmake_core-extras.cmake:17 (include)
[2.727s]   /opt/ros/foxy/share/ament_cmake_core/cmake/ament_cmake_coreConfig.cmake:41 (include)
[2.727s]   /opt/ros/foxy/share/ament_cmake/cmake/ament_cmake_export_dependencies-extras.cmake:15 (find_package)
[2.728s]   /opt/ros/foxy/share/ament_cmake/cmake/ament_cmakeConfig.cmake:41 (include)
[2.728s]   CMakeLists.txt:19 (find_package)
[2.728s] This warning is for project developers.  Use -Wno-dev to suppress it.
[2.728s] [0m
[2.820s] -- Found PythonInterp: /usr/bin/python3 (found suitable version "3.8.10", minimum required is "3")
[2.821s] -- Using PYTHON_EXECUTABLE: /usr/bin/python3
[3.727s] -- Found ament_lint_auto: 0.9.8 (/opt/ros/foxy/share/ament_lint_auto/cmake)
[4.041s] -- Added test 'copyright' to check source files copyright and LICENSE
[4.053s] -- Added test 'flake8' to check Python code syntax and style conventions
[4.058s] -- Added test 'lint_cmake' to check CMake code style
[4.061s] -- Added test 'pep257' to check Python code against some of the style conventions in PEP 257
[4.069s] -- Added test 'xmllint' to check XML markup files
[4.077s] -- Configuring done (2.9s)
[4.096s] -- Generating done (0.0s)
[4.101s] -- Build files have been written to: /home/jsagx-6/itc01_ws/build/mr2_launch
[4.149s] Invoked command in '/home/jsagx-6/itc01_ws/build/mr2_launch' returned '0': CMAKE_PREFIX_PATH=${CMAKE_PREFIX_PATH}:/home/jsagx-6/itc01_ws/install/mr2_realsense:/home/jsagx-6/itc01_ws/install/buffalo_robot:/opt/ros/foxy /home/jsagx-6/.local/bin/cmake /home/jsagx-6/itc01_ws/src/itc01_mr2/mr2_launch -DCMAKE_INSTALL_PREFIX=/home/jsagx-6/itc01_ws/install/mr2_launch
[4.161s] Invoking command in '/home/jsagx-6/itc01_ws/build/mr2_launch': CMAKE_PREFIX_PATH=${CMAKE_PREFIX_PATH}:/home/jsagx-6/itc01_ws/install/mr2_realsense:/home/jsagx-6/itc01_ws/install/buffalo_robot:/opt/ros/foxy /home/jsagx-6/.local/bin/cmake --build /home/jsagx-6/itc01_ws/build/mr2_launch -- -j8 -l8
[4.472s] Invoked command in '/home/jsagx-6/itc01_ws/build/mr2_launch' returned '0': CMAKE_PREFIX_PATH=${CMAKE_PREFIX_PATH}:/home/jsagx-6/itc01_ws/install/mr2_realsense:/home/jsagx-6/itc01_ws/install/buffalo_robot:/opt/ros/foxy /home/jsagx-6/.local/bin/cmake --build /home/jsagx-6/itc01_ws/build/mr2_launch -- -j8 -l8
[4.786s] Invoking command in '/home/jsagx-6/itc01_ws/build/mr2_launch': CMAKE_PREFIX_PATH=${CMAKE_PREFIX_PATH}:/home/jsagx-6/itc01_ws/install/mr2_realsense:/home/jsagx-6/itc01_ws/install/buffalo_robot:/opt/ros/foxy /home/jsagx-6/.local/bin/cmake --install /home/jsagx-6/itc01_ws/build/mr2_launch
[4.990s] -- Install configuration: ""
[4.991s] -- Installing: /home/jsagx-6/itc01_ws/install/mr2_launch/share/mr2_launch/launch
[4.991s] -- Installing: /home/jsagx-6/itc01_ws/install/mr2_launch/share/mr2_launch/launch/mr2_auto.launch.py
[4.992s] -- Installing: /home/jsagx-6/itc01_ws/install/mr2_launch/share/mr2_launch/launch/mr2_manual.launch.py
[4.992s] -- Installing: /home/jsagx-6/itc01_ws/install/mr2_launch/share/mr2_launch/launch/mr2_blue_auto.launch.py
[4.993s] -- Installing: /home/jsagx-6/itc01_ws/install/mr2_launch/share/mr2_launch/launch/mr2_red_auto.launch.py
[4.993s] -- Installing: /home/jsagx-6/itc01_ws/install/mr2_launch/share/mr2_launch/src
[4.994s] -- Installing: /home/jsagx-6/itc01_ws/install/mr2_launch/share/ament_index/resource_index/package_run_dependencies/mr2_launch
[4.995s] -- Installing: /home/jsagx-6/itc01_ws/install/mr2_launch/share/ament_index/resource_index/parent_prefix_path/mr2_launch
[4.995s] -- Installing: /home/jsagx-6/itc01_ws/install/mr2_launch/share/mr2_launch/environment/ament_prefix_path.sh
[4.996s] -- Installing: /home/jsagx-6/itc01_ws/install/mr2_launch/share/mr2_launch/environment/ament_prefix_path.dsv
[4.997s] -- Installing: /home/jsagx-6/itc01_ws/install/mr2_launch/share/mr2_launch/environment/path.sh
[4.997s] -- Installing: /home/jsagx-6/itc01_ws/install/mr2_launch/share/mr2_launch/environment/path.dsv
[4.998s] -- Installing: /home/jsagx-6/itc01_ws/install/mr2_launch/share/mr2_launch/local_setup.bash
[4.998s] -- Installing: /home/jsagx-6/itc01_ws/install/mr2_launch/share/mr2_launch/local_setup.sh
[4.999s] -- Installing: /home/jsagx-6/itc01_ws/install/mr2_launch/share/mr2_launch/local_setup.zsh
[5.000s] -- Installing: /home/jsagx-6/itc01_ws/install/mr2_launch/share/mr2_launch/local_setup.dsv
[5.000s] -- Installing: /home/jsagx-6/itc01_ws/install/mr2_launch/share/mr2_launch/package.dsv
[5.001s] -- Installing: /home/jsagx-6/itc01_ws/install/mr2_launch/share/ament_index/resource_index/packages/mr2_launch
[5.002s] -- Installing: /home/jsagx-6/itc01_ws/install/mr2_launch/share/mr2_launch/cmake/mr2_launchConfig.cmake
[5.002s] -- Installing: /home/jsagx-6/itc01_ws/install/mr2_launch/share/mr2_launch/cmake/mr2_launchConfig-version.cmake
[5.003s] -- Installing: /home/jsagx-6/itc01_ws/install/mr2_launch/share/mr2_launch/package.xml
[5.035s] Invoked command in '/home/jsagx-6/itc01_ws/build/mr2_launch' returned '0': CMAKE_PREFIX_PATH=${CMAKE_PREFIX_PATH}:/home/jsagx-6/itc01_ws/install/mr2_realsense:/home/jsagx-6/itc01_ws/install/buffalo_robot:/opt/ros/foxy /home/jsagx-6/.local/bin/cmake --install /home/jsagx-6/itc01_ws/build/mr2_launch
