[2.590s] Invoking command in '/home/jsagx-6/itc01_ws/src/itc01_mr2/mr2_realsense': PYTHONPATH=/home/jsagx-6/itc01_ws/build/mr2_realsense/prefix_override:/home/jsagx-6/itc01_ws/install/mr2_realsense/lib/python3.8/site-packages:${PYTHONPATH} /usr/bin/python3 -W ignore:setup.py install is deprecated setup.py egg_info --egg-base ../../../build/mr2_realsense build --build-base /home/jsagx-6/itc01_ws/build/mr2_realsense/build install --record /home/jsagx-6/itc01_ws/build/mr2_realsense/install.log --install-scripts $base/lib/mr2_realsense --single-version-externally-managed install_data
[3.047s] /home/jsagx-6/.local/lib/python3.8/site-packages/setuptools/dist.py:476: SetuptoolsDeprecationWarning: Invalid dash-separated options
[3.047s] !!
[3.048s] 
[3.048s]         ********************************************************************************
[3.048s]         Usage of dash-separated 'script-dir' will not be supported in future
[3.048s]         versions. Please use the underscore name 'script_dir' instead.
[3.049s] 
[3.049s]         By 2024-Sep-26, you need to update your project and remove deprecated calls
[3.049s]         or your builds will no longer be supported.
[3.049s] 
[3.050s]         See https://setuptools.pypa.io/en/latest/userguide/declarative_config.html for details.
[3.050s]         ********************************************************************************
[3.050s] 
[3.050s] !!
[3.051s]   opt = self.warn_dash_deprecation(opt, section)
[3.432s] running egg_info
[3.484s] writing ../../../build/mr2_realsense/mr2_realsense.egg-info/PKG-INFO
[3.485s] writing dependency_links to ../../../build/mr2_realsense/mr2_realsense.egg-info/dependency_links.txt
[3.486s] writing entry points to ../../../build/mr2_realsense/mr2_realsense.egg-info/entry_points.txt
[3.487s] writing requirements to ../../../build/mr2_realsense/mr2_realsense.egg-info/requires.txt
[3.488s] writing top-level names to ../../../build/mr2_realsense/mr2_realsense.egg-info/top_level.txt
[3.926s] reading manifest file '../../../build/mr2_realsense/mr2_realsense.egg-info/SOURCES.txt'
[3.931s] writing manifest file '../../../build/mr2_realsense/mr2_realsense.egg-info/SOURCES.txt'
[3.932s] running build
[3.932s] running build_py
[3.933s] copying mr2_realsense/test_opencv_8_pub.py -> /home/jsagx-6/itc01_ws/build/mr2_realsense/build/lib/mr2_realsense
[3.933s] copying mr2_realsense/yolov8_rs05.py -> /home/jsagx-6/itc01_ws/build/mr2_realsense/build/lib/mr2_realsense
[3.934s] copying mr2_realsense/yolov8_webcam.py -> /home/jsagx-6/itc01_ws/build/mr2_realsense/build/lib/mr2_realsense
[3.935s] copying mr2_realsense/realsense_pub_image.py -> /home/jsagx-6/itc01_ws/build/mr2_realsense/build/lib/mr2_realsense
[3.936s] copying mr2_realsense/__init__.py -> /home/jsagx-6/itc01_ws/build/mr2_realsense/build/lib/mr2_realsense
[3.936s] copying mr2_realsense/yolov8_rs03.py -> /home/jsagx-6/itc01_ws/build/mr2_realsense/build/lib/mr2_realsense
[3.937s] copying mr2_realsense/yolo_ball_pub02.py -> /home/jsagx-6/itc01_ws/build/mr2_realsense/build/lib/mr2_realsense
[3.938s] copying mr2_realsense/yolo_ball_pub.py -> /home/jsagx-6/itc01_ws/build/mr2_realsense/build/lib/mr2_realsense
[3.939s] copying mr2_realsense/yolov8_rs.py -> /home/jsagx-6/itc01_ws/build/mr2_realsense/build/lib/mr2_realsense
[3.940s] copying mr2_realsense/yolov8_rs04.py -> /home/jsagx-6/itc01_ws/build/mr2_realsense/build/lib/mr2_realsense
[3.942s] running install
[3.959s] running install_lib
[4.013s] copying /home/jsagx-6/itc01_ws/build/mr2_realsense/build/lib/mr2_realsense/yolov8_rs05.py -> /home/jsagx-6/itc01_ws/install/mr2_realsense/lib/python3.8/site-packages/mr2_realsense
[4.016s] byte-compiling /home/jsagx-6/itc01_ws/install/mr2_realsense/lib/python3.8/site-packages/mr2_realsense/yolov8_rs05.py to yolov8_rs05.cpython-38.pyc
[4.020s] running install_data
[4.021s] copying resource/mr2_realsense -> /home/jsagx-6/itc01_ws/install/mr2_realsense/share/ament_index/resource_index/packages
[4.021s] copying package.xml -> /home/jsagx-6/itc01_ws/install/mr2_realsense/share/mr2_realsense
[4.022s] running install_egg_info
[4.076s] removing '/home/jsagx-6/itc01_ws/install/mr2_realsense/lib/python3.8/site-packages/mr2_realsense-0.0.0-py3.8.egg-info' (and everything under it)
[4.077s] Copying ../../../build/mr2_realsense/mr2_realsense.egg-info to /home/jsagx-6/itc01_ws/install/mr2_realsense/lib/python3.8/site-packages/mr2_realsense-0.0.0-py3.8.egg-info
[4.081s] running install_scripts
[4.210s] Installing realsense_depth script to /home/jsagx-6/itc01_ws/install/mr2_realsense/lib/mr2_realsense
[4.210s] Installing realsense_pub script to /home/jsagx-6/itc01_ws/install/mr2_realsense/lib/mr2_realsense
[4.211s] Installing realsense_pub02 script to /home/jsagx-6/itc01_ws/install/mr2_realsense/lib/mr2_realsense
[4.211s] Installing webcam_pub script to /home/jsagx-6/itc01_ws/install/mr2_realsense/lib/mr2_realsense
[4.212s] Installing yolo_ball_pub script to /home/jsagx-6/itc01_ws/install/mr2_realsense/lib/mr2_realsense
[4.213s] Installing yolo_ball_pub02 script to /home/jsagx-6/itc01_ws/install/mr2_realsense/lib/mr2_realsense
[4.213s] Installing yolo_pub_8 script to /home/jsagx-6/itc01_ws/install/mr2_realsense/lib/mr2_realsense
[4.214s] Installing yolov8_rs script to /home/jsagx-6/itc01_ws/install/mr2_realsense/lib/mr2_realsense
[4.214s] Installing yolov8_rs03 script to /home/jsagx-6/itc01_ws/install/mr2_realsense/lib/mr2_realsense
[4.215s] Installing yolov8_rs04 script to /home/jsagx-6/itc01_ws/install/mr2_realsense/lib/mr2_realsense
[4.215s] Installing yolov8_rs05 script to /home/jsagx-6/itc01_ws/install/mr2_realsense/lib/mr2_realsense
[4.216s] Installing yolov8_webcam script to /home/jsagx-6/itc01_ws/install/mr2_realsense/lib/mr2_realsense
[4.218s] writing list of installed files to '/home/jsagx-6/itc01_ws/build/mr2_realsense/install.log'
[4.298s] Invoked command in '/home/jsagx-6/itc01_ws/src/itc01_mr2/mr2_realsense' returned '0': PYTHONPATH=/home/jsagx-6/itc01_ws/build/mr2_realsense/prefix_override:/home/jsagx-6/itc01_ws/install/mr2_realsense/lib/python3.8/site-packages:${PYTHONPATH} /usr/bin/python3 -W ignore:setup.py install is deprecated setup.py egg_info --egg-base ../../../build/mr2_realsense build --build-base /home/jsagx-6/itc01_ws/build/mr2_realsense/build install --record /home/jsagx-6/itc01_ws/build/mr2_realsense/install.log --install-scripts $base/lib/mr2_realsense --single-version-externally-managed install_data
