[2.627s] Invoking command in '/home/jsagx-6/itc01_ws/src/itc01_mr2/mr2_realsense': PYTHONPATH=/home/jsagx-6/itc01_ws/build/mr2_realsense/prefix_override:/home/jsagx-6/itc01_ws/install/mr2_realsense/lib/python3.8/site-packages:${PYTHONPATH} /usr/bin/python3 -W ignore:setup.py install is deprecated setup.py egg_info --egg-base ../../../build/mr2_realsense build --build-base /home/jsagx-6/itc01_ws/build/mr2_realsense/build install --record /home/jsagx-6/itc01_ws/build/mr2_realsense/install.log --install-scripts $base/lib/mr2_realsense --single-version-externally-managed install_data
[3.456s] running egg_info
[3.458s] writing ../../../build/mr2_realsense/mr2_realsense.egg-info/PKG-INFO
[3.459s] writing dependency_links to ../../../build/mr2_realsense/mr2_realsense.egg-info/dependency_links.txt
[3.460s] writing entry points to ../../../build/mr2_realsense/mr2_realsense.egg-info/entry_points.txt
[3.460s] writing requirements to ../../../build/mr2_realsense/mr2_realsense.egg-info/requires.txt
[3.461s] writing top-level names to ../../../build/mr2_realsense/mr2_realsense.egg-info/top_level.txt
[3.578s] reading manifest file '../../../build/mr2_realsense/mr2_realsense.egg-info/SOURCES.txt'
[3.582s] writing manifest file '../../../build/mr2_realsense/mr2_realsense.egg-info/SOURCES.txt'
[3.583s] running build
[3.583s] running build_py
[3.584s] copying mr2_realsense/yolov8_webcam.py -> /home/jsagx-6/itc01_ws/build/mr2_realsense/build/lib/mr2_realsense
[3.589s] running install
[3.591s] running install_lib
[3.595s] copying /home/jsagx-6/itc01_ws/build/mr2_realsense/build/lib/mr2_realsense/yolov8_webcam.py -> /home/jsagx-6/itc01_ws/install/mr2_realsense/lib/python3.8/site-packages/mr2_realsense
[3.599s] byte-compiling /home/jsagx-6/itc01_ws/install/mr2_realsense/lib/python3.8/site-packages/mr2_realsense/yolov8_webcam.py to yolov8_webcam.cpython-38.pyc
[3.607s] running install_data
[3.608s] running install_egg_info
[3.613s] removing '/home/jsagx-6/itc01_ws/install/mr2_realsense/lib/python3.8/site-packages/mr2_realsense-0.0.0-py3.8.egg-info' (and everything under it)
[3.614s] Copying ../../../build/mr2_realsense/mr2_realsense.egg-info to /home/jsagx-6/itc01_ws/install/mr2_realsense/lib/python3.8/site-packages/mr2_realsense-0.0.0-py3.8.egg-info
[3.618s] running install_scripts
[3.672s] Installing realsense_depth script to /home/jsagx-6/itc01_ws/install/mr2_realsense/lib/mr2_realsense
[3.673s] Installing realsense_pub script to /home/jsagx-6/itc01_ws/install/mr2_realsense/lib/mr2_realsense
[3.673s] Installing realsense_pub02 script to /home/jsagx-6/itc01_ws/install/mr2_realsense/lib/mr2_realsense
[3.674s] Installing webcam_pub script to /home/jsagx-6/itc01_ws/install/mr2_realsense/lib/mr2_realsense
[3.675s] Installing yolo_ball_pub script to /home/jsagx-6/itc01_ws/install/mr2_realsense/lib/mr2_realsense
[3.675s] Installing yolo_ball_pub02 script to /home/jsagx-6/itc01_ws/install/mr2_realsense/lib/mr2_realsense
[3.676s] Installing yolo_pub_8 script to /home/jsagx-6/itc01_ws/install/mr2_realsense/lib/mr2_realsense
[3.676s] Installing yolov8_rs script to /home/jsagx-6/itc01_ws/install/mr2_realsense/lib/mr2_realsense
[3.677s] Installing yolov8_rs03 script to /home/jsagx-6/itc01_ws/install/mr2_realsense/lib/mr2_realsense
[3.677s] Installing yolov8_rs04 script to /home/jsagx-6/itc01_ws/install/mr2_realsense/lib/mr2_realsense
[3.678s] Installing yolov8_rs05 script to /home/jsagx-6/itc01_ws/install/mr2_realsense/lib/mr2_realsense
[3.678s] Installing yolov8_rs06 script to /home/jsagx-6/itc01_ws/install/mr2_realsense/lib/mr2_realsense
[3.679s] Installing yolov8_rs07 script to /home/jsagx-6/itc01_ws/install/mr2_realsense/lib/mr2_realsense
[3.679s] Installing yolov8_rsweb1 script to /home/jsagx-6/itc01_ws/install/mr2_realsense/lib/mr2_realsense
[3.680s] Installing yolov8_webcam script to /home/jsagx-6/itc01_ws/install/mr2_realsense/lib/mr2_realsense
[3.682s] writing list of installed files to '/home/jsagx-6/itc01_ws/build/mr2_realsense/install.log'
[3.757s] Invoked command in '/home/jsagx-6/itc01_ws/src/itc01_mr2/mr2_realsense' returned '0': PYTHONPATH=/home/jsagx-6/itc01_ws/build/mr2_realsense/prefix_override:/home/jsagx-6/itc01_ws/install/mr2_realsense/lib/python3.8/site-packages:${PYTHONPATH} /usr/bin/python3 -W ignore:setup.py install is deprecated setup.py egg_info --egg-base ../../../build/mr2_realsense build --build-base /home/jsagx-6/itc01_ws/build/mr2_realsense/build install --record /home/jsagx-6/itc01_ws/build/mr2_realsense/install.log --install-scripts $base/lib/mr2_realsense --single-version-externally-managed install_data
