[0.852s] DEBUG:colcon:Command line arguments: ['/usr/bin/colcon', 'build']
[0.853s] DEBUG:colcon:Parsed command line arguments: Namespace(allow_overriding=[], ament_cmake_args=None, base_paths=['.'], build_base='build', catkin_cmake_args=None, catkin_skip_building_tests=False, cmake_args=None, cmake_clean_cache=False, cmake_clean_first=False, cmake_force_configure=False, cmake_target=None, cmake_target_skip_unavailable=False, continue_on_error=False, event_handlers=None, executor='parallel', ignore_user_meta=False, install_base='install', log_base=None, log_level=None, main=<bound method BuildVerb.main of <colcon_core.verb.build.BuildVerb object at 0xffff8e3b91c0>>, merge_install=False, metas=['./colcon.meta'], mixin=None, mixin_files=None, mixin_verb=('build',), packages_above=None, packages_above_and_dependencies=None, packages_above_depth=None, packages_end=None, packages_ignore=None, packages_ignore_regex=None, packages_select=None, packages_select_build_failed=False, packages_select_by_dep=None, packages_select_regex=None, packages_select_test_failures=False, packages_skip=None, packages_skip_build_finished=False, packages_skip_by_dep=None, packages_skip_regex=None, packages_skip_test_passed=False, packages_skip_up_to=None, packages_start=None, packages_up_to=None, packages_up_to_regex=None, parallel_workers=8, paths=None, symlink_install=False, test_result_base=None, verb_extension=<colcon_core.verb.build.BuildVerb object at 0xffff8e3b91c0>, verb_name='build', verb_parser=<colcon_mixin.mixin.mixin_argument.MixinArgumentDecorator object at 0xffff8e3b97f0>)
[1.041s] Level 1:colcon.colcon_core.package_discovery:discover_packages(colcon_meta) check parameters
[1.042s] Level 1:colcon.colcon_core.package_discovery:discover_packages(recursive) check parameters
[1.042s] Level 1:colcon.colcon_core.package_discovery:discover_packages(ignore) check parameters
[1.043s] Level 1:colcon.colcon_core.package_discovery:discover_packages(path) check parameters
[1.043s] Level 1:colcon.colcon_core.package_discovery:discover_packages(colcon_meta) discover
[1.043s] Level 1:colcon.colcon_core.package_discovery:discover_packages(recursive) discover
[1.043s] INFO:colcon.colcon_core.package_discovery:Crawling recursively for packages in '/home/jsagx-6/itc01_ws'
[1.043s] Level 1:colcon.colcon_core.package_identification:_identify(.) by extensions ['ignore', 'ignore_ament_install']
[1.044s] Level 1:colcon.colcon_core.package_identification:_identify(.) by extension 'ignore'
[1.044s] Level 1:colcon.colcon_core.package_identification:_identify(.) by extension 'ignore_ament_install'
[1.044s] Level 1:colcon.colcon_core.package_identification:_identify(.) by extensions ['colcon_pkg']
[1.044s] Level 1:colcon.colcon_core.package_identification:_identify(.) by extension 'colcon_pkg'
[1.045s] Level 1:colcon.colcon_core.package_identification:_identify(.) by extensions ['colcon_meta']
[1.045s] Level 1:colcon.colcon_core.package_identification:_identify(.) by extension 'colcon_meta'
[1.045s] Level 1:colcon.colcon_core.package_identification:_identify(.) by extensions ['ros']
[1.045s] Level 1:colcon.colcon_core.package_identification:_identify(.) by extension 'ros'
[1.103s] Level 1:colcon.colcon_core.package_identification:_identify(.) by extensions ['cmake', 'python']
[1.103s] Level 1:colcon.colcon_core.package_identification:_identify(.) by extension 'cmake'
[1.103s] Level 1:colcon.colcon_core.package_identification:_identify(.) by extension 'python'
[1.103s] Level 1:colcon.colcon_core.package_identification:_identify(.) by extensions ['python_setup_py']
[1.103s] Level 1:colcon.colcon_core.package_identification:_identify(.) by extension 'python_setup_py'
[1.104s] Level 1:colcon.colcon_core.package_identification:_identify(build) by extensions ['ignore', 'ignore_ament_install']
[1.104s] Level 1:colcon.colcon_core.package_identification:_identify(build) by extension 'ignore'
[1.104s] Level 1:colcon.colcon_core.package_identification:_identify(build) ignored
[1.105s] Level 1:colcon.colcon_core.package_identification:_identify(install) by extensions ['ignore', 'ignore_ament_install']
[1.105s] Level 1:colcon.colcon_core.package_identification:_identify(install) by extension 'ignore'
[1.106s] Level 1:colcon.colcon_core.package_identification:_identify(install) ignored
[1.106s] Level 1:colcon.colcon_core.package_identification:_identify(log) by extensions ['ignore', 'ignore_ament_install']
[1.106s] Level 1:colcon.colcon_core.package_identification:_identify(log) by extension 'ignore'
[1.106s] Level 1:colcon.colcon_core.package_identification:_identify(log) ignored
[1.107s] Level 1:colcon.colcon_core.package_identification:_identify(src) by extensions ['ignore', 'ignore_ament_install']
[1.107s] Level 1:colcon.colcon_core.package_identification:_identify(src) by extension 'ignore'
[1.107s] Level 1:colcon.colcon_core.package_identification:_identify(src) by extension 'ignore_ament_install'
[1.107s] Level 1:colcon.colcon_core.package_identification:_identify(src) by extensions ['colcon_pkg']
[1.107s] Level 1:colcon.colcon_core.package_identification:_identify(src) by extension 'colcon_pkg'
[1.107s] Level 1:colcon.colcon_core.package_identification:_identify(src) by extensions ['colcon_meta']
[1.108s] Level 1:colcon.colcon_core.package_identification:_identify(src) by extension 'colcon_meta'
[1.108s] Level 1:colcon.colcon_core.package_identification:_identify(src) by extensions ['ros']
[1.108s] Level 1:colcon.colcon_core.package_identification:_identify(src) by extension 'ros'
[1.108s] Level 1:colcon.colcon_core.package_identification:_identify(src) by extensions ['cmake', 'python']
[1.108s] Level 1:colcon.colcon_core.package_identification:_identify(src) by extension 'cmake'
[1.108s] Level 1:colcon.colcon_core.package_identification:_identify(src) by extension 'python'
[1.109s] Level 1:colcon.colcon_core.package_identification:_identify(src) by extensions ['python_setup_py']
[1.109s] Level 1:colcon.colcon_core.package_identification:_identify(src) by extension 'python_setup_py'
[1.109s] Level 1:colcon.colcon_core.package_identification:_identify(src/itc01_mr2) by extensions ['ignore', 'ignore_ament_install']
[1.109s] Level 1:colcon.colcon_core.package_identification:_identify(src/itc01_mr2) by extension 'ignore'
[1.110s] Level 1:colcon.colcon_core.package_identification:_identify(src/itc01_mr2) by extension 'ignore_ament_install'
[1.110s] Level 1:colcon.colcon_core.package_identification:_identify(src/itc01_mr2) by extensions ['colcon_pkg']
[1.110s] Level 1:colcon.colcon_core.package_identification:_identify(src/itc01_mr2) by extension 'colcon_pkg'
[1.110s] Level 1:colcon.colcon_core.package_identification:_identify(src/itc01_mr2) by extensions ['colcon_meta']
[1.110s] Level 1:colcon.colcon_core.package_identification:_identify(src/itc01_mr2) by extension 'colcon_meta'
[1.110s] Level 1:colcon.colcon_core.package_identification:_identify(src/itc01_mr2) by extensions ['ros']
[1.110s] Level 1:colcon.colcon_core.package_identification:_identify(src/itc01_mr2) by extension 'ros'
[1.111s] Level 1:colcon.colcon_core.package_identification:_identify(src/itc01_mr2) by extensions ['cmake', 'python']
[1.111s] Level 1:colcon.colcon_core.package_identification:_identify(src/itc01_mr2) by extension 'cmake'
[1.111s] Level 1:colcon.colcon_core.package_identification:_identify(src/itc01_mr2) by extension 'python'
[1.111s] Level 1:colcon.colcon_core.package_identification:_identify(src/itc01_mr2) by extensions ['python_setup_py']
[1.111s] Level 1:colcon.colcon_core.package_identification:_identify(src/itc01_mr2) by extension 'python_setup_py'
[1.112s] Level 1:colcon.colcon_core.package_identification:_identify(src/itc01_mr2/buffalo_robot) by extensions ['ignore', 'ignore_ament_install']
[1.112s] Level 1:colcon.colcon_core.package_identification:_identify(src/itc01_mr2/buffalo_robot) by extension 'ignore'
[1.112s] Level 1:colcon.colcon_core.package_identification:_identify(src/itc01_mr2/buffalo_robot) by extension 'ignore_ament_install'
[1.112s] Level 1:colcon.colcon_core.package_identification:_identify(src/itc01_mr2/buffalo_robot) by extensions ['colcon_pkg']
[1.112s] Level 1:colcon.colcon_core.package_identification:_identify(src/itc01_mr2/buffalo_robot) by extension 'colcon_pkg'
[1.113s] Level 1:colcon.colcon_core.package_identification:_identify(src/itc01_mr2/buffalo_robot) by extensions ['colcon_meta']
[1.113s] Level 1:colcon.colcon_core.package_identification:_identify(src/itc01_mr2/buffalo_robot) by extension 'colcon_meta'
[1.113s] Level 1:colcon.colcon_core.package_identification:_identify(src/itc01_mr2/buffalo_robot) by extensions ['ros']
[1.113s] Level 1:colcon.colcon_core.package_identification:_identify(src/itc01_mr2/buffalo_robot) by extension 'ros'
[1.121s] DEBUG:colcon.colcon_core.package_identification:Package 'src/itc01_mr2/buffalo_robot' with type 'ros.ament_python' and name 'buffalo_robot'
[1.122s] Level 1:colcon.colcon_core.package_identification:_identify(src/itc01_mr2/mr2_realsense) by extensions ['ignore', 'ignore_ament_install']
[1.122s] Level 1:colcon.colcon_core.package_identification:_identify(src/itc01_mr2/mr2_realsense) by extension 'ignore'
[1.122s] Level 1:colcon.colcon_core.package_identification:_identify(src/itc01_mr2/mr2_realsense) by extension 'ignore_ament_install'
[1.123s] Level 1:colcon.colcon_core.package_identification:_identify(src/itc01_mr2/mr2_realsense) by extensions ['colcon_pkg']
[1.123s] Level 1:colcon.colcon_core.package_identification:_identify(src/itc01_mr2/mr2_realsense) by extension 'colcon_pkg'
[1.123s] Level 1:colcon.colcon_core.package_identification:_identify(src/itc01_mr2/mr2_realsense) by extensions ['colcon_meta']
[1.123s] Level 1:colcon.colcon_core.package_identification:_identify(src/itc01_mr2/mr2_realsense) by extension 'colcon_meta'
[1.123s] Level 1:colcon.colcon_core.package_identification:_identify(src/itc01_mr2/mr2_realsense) by extensions ['ros']
[1.123s] Level 1:colcon.colcon_core.package_identification:_identify(src/itc01_mr2/mr2_realsense) by extension 'ros'
[1.127s] DEBUG:colcon.colcon_core.package_identification:Package 'src/itc01_mr2/mr2_realsense' with type 'ros.ament_python' and name 'mr2_realsense'
[1.127s] Level 1:colcon.colcon_core.package_identification:_identify(src/itc01_mr2/yolobot_recognition) by extensions ['ignore', 'ignore_ament_install']
[1.128s] Level 1:colcon.colcon_core.package_identification:_identify(src/itc01_mr2/yolobot_recognition) by extension 'ignore'
[1.128s] Level 1:colcon.colcon_core.package_identification:_identify(src/itc01_mr2/yolobot_recognition) by extension 'ignore_ament_install'
[1.129s] Level 1:colcon.colcon_core.package_identification:_identify(src/itc01_mr2/yolobot_recognition) by extensions ['colcon_pkg']
[1.129s] Level 1:colcon.colcon_core.package_identification:_identify(src/itc01_mr2/yolobot_recognition) by extension 'colcon_pkg'
[1.129s] Level 1:colcon.colcon_core.package_identification:_identify(src/itc01_mr2/yolobot_recognition) by extensions ['colcon_meta']
[1.129s] Level 1:colcon.colcon_core.package_identification:_identify(src/itc01_mr2/yolobot_recognition) by extension 'colcon_meta'
[1.129s] Level 1:colcon.colcon_core.package_identification:_identify(src/itc01_mr2/yolobot_recognition) by extensions ['ros']
[1.129s] Level 1:colcon.colcon_core.package_identification:_identify(src/itc01_mr2/yolobot_recognition) by extension 'ros'
[1.131s] DEBUG:colcon.colcon_core.package_identification:Package 'src/itc01_mr2/yolobot_recognition' with type 'ros.ament_cmake' and name 'yolobot_recognition'
[1.131s] Level 1:colcon.colcon_core.package_identification:_identify(src/itc01_mr2/yolov8_msgs) by extensions ['ignore', 'ignore_ament_install']
[1.132s] Level 1:colcon.colcon_core.package_identification:_identify(src/itc01_mr2/yolov8_msgs) by extension 'ignore'
[1.132s] Level 1:colcon.colcon_core.package_identification:_identify(src/itc01_mr2/yolov8_msgs) by extension 'ignore_ament_install'
[1.132s] Level 1:colcon.colcon_core.package_identification:_identify(src/itc01_mr2/yolov8_msgs) by extensions ['colcon_pkg']
[1.132s] Level 1:colcon.colcon_core.package_identification:_identify(src/itc01_mr2/yolov8_msgs) by extension 'colcon_pkg'
[1.132s] Level 1:colcon.colcon_core.package_identification:_identify(src/itc01_mr2/yolov8_msgs) by extensions ['colcon_meta']
[1.133s] Level 1:colcon.colcon_core.package_identification:_identify(src/itc01_mr2/yolov8_msgs) by extension 'colcon_meta'
[1.133s] Level 1:colcon.colcon_core.package_identification:_identify(src/itc01_mr2/yolov8_msgs) by extensions ['ros']
[1.133s] Level 1:colcon.colcon_core.package_identification:_identify(src/itc01_mr2/yolov8_msgs) by extension 'ros'
[1.135s] DEBUG:colcon.colcon_core.package_identification:Package 'src/itc01_mr2/yolov8_msgs' with type 'ros.ament_cmake' and name 'yolov8_msgs'
[1.135s] Level 1:colcon.colcon_core.package_discovery:discover_packages(recursive) using defaults
[1.135s] Level 1:colcon.colcon_core.package_discovery:discover_packages(ignore) discover
[1.135s] Level 1:colcon.colcon_core.package_discovery:discover_packages(ignore) using defaults
[1.135s] Level 1:colcon.colcon_core.package_discovery:discover_packages(path) discover
[1.136s] Level 1:colcon.colcon_core.package_discovery:discover_packages(path) using defaults
[1.201s] Level 1:colcon.colcon_core.package_discovery:discover_packages(prefix_path) check parameters
[1.202s] Level 1:colcon.colcon_core.package_discovery:discover_packages(prefix_path) discover
[1.220s] DEBUG:colcon.colcon_installed_package_information.package_discovery:Found 274 installed packages in /opt/ros/foxy
[1.228s] Level 1:colcon.colcon_core.package_discovery:discover_packages(prefix_path) using defaults
[1.388s] Level 5:colcon.colcon_core.verb:set package 'buffalo_robot' build argument 'cmake_args' from command line to 'None'
[1.389s] Level 5:colcon.colcon_core.verb:set package 'buffalo_robot' build argument 'cmake_target' from command line to 'None'
[1.389s] Level 5:colcon.colcon_core.verb:set package 'buffalo_robot' build argument 'cmake_target_skip_unavailable' from command line to 'False'
[1.389s] Level 5:colcon.colcon_core.verb:set package 'buffalo_robot' build argument 'cmake_clean_cache' from command line to 'False'
[1.389s] Level 5:colcon.colcon_core.verb:set package 'buffalo_robot' build argument 'cmake_clean_first' from command line to 'False'
[1.389s] Level 5:colcon.colcon_core.verb:set package 'buffalo_robot' build argument 'cmake_force_configure' from command line to 'False'
[1.389s] Level 5:colcon.colcon_core.verb:set package 'buffalo_robot' build argument 'ament_cmake_args' from command line to 'None'
[1.389s] Level 5:colcon.colcon_core.verb:set package 'buffalo_robot' build argument 'catkin_cmake_args' from command line to 'None'
[1.390s] Level 5:colcon.colcon_core.verb:set package 'buffalo_robot' build argument 'catkin_skip_building_tests' from command line to 'False'
[1.390s] DEBUG:colcon.colcon_core.verb:Building package 'buffalo_robot' with the following arguments: {'ament_cmake_args': None, 'build_base': '/home/jsagx-6/itc01_ws/build/buffalo_robot', 'catkin_cmake_args': None, 'catkin_skip_building_tests': False, 'cmake_args': None, 'cmake_clean_cache': False, 'cmake_clean_first': False, 'cmake_force_configure': False, 'cmake_target': None, 'cmake_target_skip_unavailable': False, 'install_base': '/home/jsagx-6/itc01_ws/install/buffalo_robot', 'merge_install': False, 'path': '/home/jsagx-6/itc01_ws/src/itc01_mr2/buffalo_robot', 'symlink_install': False, 'test_result_base': None}
[1.391s] Level 5:colcon.colcon_core.verb:set package 'mr2_realsense' build argument 'cmake_args' from command line to 'None'
[1.391s] Level 5:colcon.colcon_core.verb:set package 'mr2_realsense' build argument 'cmake_target' from command line to 'None'
[1.391s] Level 5:colcon.colcon_core.verb:set package 'mr2_realsense' build argument 'cmake_target_skip_unavailable' from command line to 'False'
[1.391s] Level 5:colcon.colcon_core.verb:set package 'mr2_realsense' build argument 'cmake_clean_cache' from command line to 'False'
[1.391s] Level 5:colcon.colcon_core.verb:set package 'mr2_realsense' build argument 'cmake_clean_first' from command line to 'False'
[1.392s] Level 5:colcon.colcon_core.verb:set package 'mr2_realsense' build argument 'cmake_force_configure' from command line to 'False'
[1.392s] Level 5:colcon.colcon_core.verb:set package 'mr2_realsense' build argument 'ament_cmake_args' from command line to 'None'
[1.392s] Level 5:colcon.colcon_core.verb:set package 'mr2_realsense' build argument 'catkin_cmake_args' from command line to 'None'
[1.392s] Level 5:colcon.colcon_core.verb:set package 'mr2_realsense' build argument 'catkin_skip_building_tests' from command line to 'False'
[1.392s] DEBUG:colcon.colcon_core.verb:Building package 'mr2_realsense' with the following arguments: {'ament_cmake_args': None, 'build_base': '/home/jsagx-6/itc01_ws/build/mr2_realsense', 'catkin_cmake_args': None, 'catkin_skip_building_tests': False, 'cmake_args': None, 'cmake_clean_cache': False, 'cmake_clean_first': False, 'cmake_force_configure': False, 'cmake_target': None, 'cmake_target_skip_unavailable': False, 'install_base': '/home/jsagx-6/itc01_ws/install/mr2_realsense', 'merge_install': False, 'path': '/home/jsagx-6/itc01_ws/src/itc01_mr2/mr2_realsense', 'symlink_install': False, 'test_result_base': None}
[1.393s] Level 5:colcon.colcon_core.verb:set package 'yolobot_recognition' build argument 'cmake_args' from command line to 'None'
[1.394s] Level 5:colcon.colcon_core.verb:set package 'yolobot_recognition' build argument 'cmake_target' from command line to 'None'
[1.394s] Level 5:colcon.colcon_core.verb:set package 'yolobot_recognition' build argument 'cmake_target_skip_unavailable' from command line to 'False'
[1.394s] Level 5:colcon.colcon_core.verb:set package 'yolobot_recognition' build argument 'cmake_clean_cache' from command line to 'False'
[1.394s] Level 5:colcon.colcon_core.verb:set package 'yolobot_recognition' build argument 'cmake_clean_first' from command line to 'False'
[1.394s] Level 5:colcon.colcon_core.verb:set package 'yolobot_recognition' build argument 'cmake_force_configure' from command line to 'False'
[1.394s] Level 5:colcon.colcon_core.verb:set package 'yolobot_recognition' build argument 'ament_cmake_args' from command line to 'None'
[1.394s] Level 5:colcon.colcon_core.verb:set package 'yolobot_recognition' build argument 'catkin_cmake_args' from command line to 'None'
[1.394s] Level 5:colcon.colcon_core.verb:set package 'yolobot_recognition' build argument 'catkin_skip_building_tests' from command line to 'False'
[1.394s] DEBUG:colcon.colcon_core.verb:Building package 'yolobot_recognition' with the following arguments: {'ament_cmake_args': None, 'build_base': '/home/jsagx-6/itc01_ws/build/yolobot_recognition', 'catkin_cmake_args': None, 'catkin_skip_building_tests': False, 'cmake_args': None, 'cmake_clean_cache': False, 'cmake_clean_first': False, 'cmake_force_configure': False, 'cmake_target': None, 'cmake_target_skip_unavailable': False, 'install_base': '/home/jsagx-6/itc01_ws/install/yolobot_recognition', 'merge_install': False, 'path': '/home/jsagx-6/itc01_ws/src/itc01_mr2/yolobot_recognition', 'symlink_install': False, 'test_result_base': None}
[1.395s] Level 5:colcon.colcon_core.verb:set package 'yolov8_msgs' build argument 'cmake_args' from command line to 'None'
[1.396s] Level 5:colcon.colcon_core.verb:set package 'yolov8_msgs' build argument 'cmake_target' from command line to 'None'
[1.396s] Level 5:colcon.colcon_core.verb:set package 'yolov8_msgs' build argument 'cmake_target_skip_unavailable' from command line to 'False'
[1.396s] Level 5:colcon.colcon_core.verb:set package 'yolov8_msgs' build argument 'cmake_clean_cache' from command line to 'False'
[1.396s] Level 5:colcon.colcon_core.verb:set package 'yolov8_msgs' build argument 'cmake_clean_first' from command line to 'False'
[1.396s] Level 5:colcon.colcon_core.verb:set package 'yolov8_msgs' build argument 'cmake_force_configure' from command line to 'False'
[1.396s] Level 5:colcon.colcon_core.verb:set package 'yolov8_msgs' build argument 'ament_cmake_args' from command line to 'None'
[1.396s] Level 5:colcon.colcon_core.verb:set package 'yolov8_msgs' build argument 'catkin_cmake_args' from command line to 'None'
[1.396s] Level 5:colcon.colcon_core.verb:set package 'yolov8_msgs' build argument 'catkin_skip_building_tests' from command line to 'False'
[1.396s] DEBUG:colcon.colcon_core.verb:Building package 'yolov8_msgs' with the following arguments: {'ament_cmake_args': None, 'build_base': '/home/jsagx-6/itc01_ws/build/yolov8_msgs', 'catkin_cmake_args': None, 'catkin_skip_building_tests': False, 'cmake_args': None, 'cmake_clean_cache': False, 'cmake_clean_first': False, 'cmake_force_configure': False, 'cmake_target': None, 'cmake_target_skip_unavailable': False, 'install_base': '/home/jsagx-6/itc01_ws/install/yolov8_msgs', 'merge_install': False, 'path': '/home/jsagx-6/itc01_ws/src/itc01_mr2/yolov8_msgs', 'symlink_install': False, 'test_result_base': None}
[1.397s] INFO:colcon.colcon_core.executor:Executing jobs using 'parallel' executor
[1.401s] DEBUG:colcon.colcon_parallel_executor.executor.parallel:run_until_complete
[1.402s] INFO:colcon.colcon_ros.task.ament_python.build:Building ROS package in '/home/jsagx-6/itc01_ws/src/itc01_mr2/buffalo_robot' with build type 'ament_python'
[1.402s] Level 1:colcon.colcon_core.shell:create_environment_hook('buffalo_robot', 'ament_prefix_path')
[1.409s] INFO:colcon.colcon_core.plugin_system:Skipping extension 'colcon_core.shell.bat': Not used on non-Windows systems
[1.410s] INFO:colcon.colcon_core.shell:Creating environment hook '/home/jsagx-6/itc01_ws/install/buffalo_robot/share/buffalo_robot/hook/ament_prefix_path.ps1'
[1.412s] INFO:colcon.colcon_core.shell:Creating environment descriptor '/home/jsagx-6/itc01_ws/install/buffalo_robot/share/buffalo_robot/hook/ament_prefix_path.dsv'
[1.414s] INFO:colcon.colcon_core.shell:Creating environment hook '/home/jsagx-6/itc01_ws/install/buffalo_robot/share/buffalo_robot/hook/ament_prefix_path.sh'
[1.416s] INFO:colcon.colcon_core.shell:Skip shell extension 'powershell' for command environment: Not usable outside of PowerShell
[1.417s] DEBUG:colcon.colcon_core.shell:Skip shell extension 'dsv' for command environment
[1.439s] INFO:colcon.colcon_ros.task.ament_python.build:Building ROS package in '/home/jsagx-6/itc01_ws/src/itc01_mr2/mr2_realsense' with build type 'ament_python'
[1.442s] Level 1:colcon.colcon_core.shell:create_environment_hook('mr2_realsense', 'ament_prefix_path')
[1.445s] INFO:colcon.colcon_core.shell:Creating environment hook '/home/jsagx-6/itc01_ws/install/mr2_realsense/share/mr2_realsense/hook/ament_prefix_path.ps1'
[1.450s] INFO:colcon.colcon_core.shell:Creating environment descriptor '/home/jsagx-6/itc01_ws/install/mr2_realsense/share/mr2_realsense/hook/ament_prefix_path.dsv'
[1.451s] INFO:colcon.colcon_core.shell:Creating environment hook '/home/jsagx-6/itc01_ws/install/mr2_realsense/share/mr2_realsense/hook/ament_prefix_path.sh'
[1.453s] INFO:colcon.colcon_core.shell:Skip shell extension 'powershell' for command environment: Not usable outside of PowerShell
[1.454s] DEBUG:colcon.colcon_core.shell:Skip shell extension 'dsv' for command environment
[1.477s] INFO:colcon.colcon_ros.task.ament_cmake.build:Building ROS package in '/home/jsagx-6/itc01_ws/src/itc01_mr2/yolobot_recognition' with build type 'ament_cmake'
[1.479s] INFO:colcon.colcon_cmake.task.cmake.build:Building CMake package in '/home/jsagx-6/itc01_ws/src/itc01_mr2/yolobot_recognition'
[1.482s] INFO:colcon.colcon_core.shell:Skip shell extension 'powershell' for command environment: Not usable outside of PowerShell
[1.483s] DEBUG:colcon.colcon_core.shell:Skip shell extension 'dsv' for command environment
[1.509s] INFO:colcon.colcon_ros.task.ament_cmake.build:Building ROS package in '/home/jsagx-6/itc01_ws/src/itc01_mr2/yolov8_msgs' with build type 'ament_cmake'
[1.511s] INFO:colcon.colcon_cmake.task.cmake.build:Building CMake package in '/home/jsagx-6/itc01_ws/src/itc01_mr2/yolov8_msgs'
[1.514s] INFO:colcon.colcon_core.shell:Skip shell extension 'powershell' for command environment: Not usable outside of PowerShell
[1.515s] DEBUG:colcon.colcon_core.shell:Skip shell extension 'dsv' for command environment
[2.294s] INFO:colcon.colcon_core.task.python.build:Building Python package in '/home/jsagx-6/itc01_ws/src/itc01_mr2/buffalo_robot'
[2.298s] INFO:colcon.colcon_core.shell:Skip shell extension 'powershell' for command environment: Not usable outside of PowerShell
[2.298s] DEBUG:colcon.colcon_core.shell:Skip shell extension 'dsv' for command environment
[3.051s] INFO:colcon.colcon_core.task.python.build:Building Python package in '/home/jsagx-6/itc01_ws/src/itc01_mr2/mr2_realsense'
[3.055s] INFO:colcon.colcon_core.shell:Skip shell extension 'powershell' for command environment: Not usable outside of PowerShell
[3.055s] DEBUG:colcon.colcon_core.shell:Skip shell extension 'dsv' for command environment
[3.096s] DEBUG:colcon.colcon_core.event_handler.log_command:Invoking command in '/home/jsagx-6/itc01_ws/build/yolobot_recognition': /usr/bin/cmake --build /home/jsagx-6/itc01_ws/build/yolobot_recognition -- -j8 -l8
[3.141s] DEBUG:colcon.colcon_core.event_handler.log_command:Invoking command in '/home/jsagx-6/itc01_ws/build/yolov8_msgs': /usr/bin/cmake --build /home/jsagx-6/itc01_ws/build/yolov8_msgs -- -j8 -l8
[3.264s] DEBUG:colcon.colcon_core.event_handler.log_command:Invoked command in '/home/jsagx-6/itc01_ws/build/yolobot_recognition' returned '0': /usr/bin/cmake --build /home/jsagx-6/itc01_ws/build/yolobot_recognition -- -j8 -l8
[3.437s] DEBUG:colcon.colcon_core.event_handler.log_command:Invoking command in '/home/jsagx-6/itc01_ws/build/yolobot_recognition': /usr/bin/cmake --install /home/jsagx-6/itc01_ws/build/yolobot_recognition
[3.522s] Level 1:colcon.colcon_core.environment:create_environment_scripts_only(yolobot_recognition)
[3.559s] Level 1:colcon.colcon_core.environment:checking '/home/jsagx-6/itc01_ws/install/yolobot_recognition' for CMake module files
[3.564s] Level 1:colcon.colcon_core.environment:checking '/home/jsagx-6/itc01_ws/install/yolobot_recognition' for CMake config files
[3.571s] Level 1:colcon.colcon_core.shell:create_environment_hook('yolobot_recognition', 'cmake_prefix_path')
[3.572s] INFO:colcon.colcon_core.shell:Creating environment hook '/home/jsagx-6/itc01_ws/install/yolobot_recognition/share/yolobot_recognition/hook/cmake_prefix_path.ps1'
[3.578s] INFO:colcon.colcon_core.shell:Creating environment descriptor '/home/jsagx-6/itc01_ws/install/yolobot_recognition/share/yolobot_recognition/hook/cmake_prefix_path.dsv'
[3.582s] INFO:colcon.colcon_core.shell:Creating environment hook '/home/jsagx-6/itc01_ws/install/yolobot_recognition/share/yolobot_recognition/hook/cmake_prefix_path.sh'
[3.588s] Level 1:colcon.colcon_core.environment:checking '/home/jsagx-6/itc01_ws/install/yolobot_recognition/lib'
[3.591s] Level 1:colcon.colcon_core.environment:checking '/home/jsagx-6/itc01_ws/install/yolobot_recognition/bin'
[3.593s] Level 1:colcon.colcon_core.environment:checking '/home/jsagx-6/itc01_ws/install/yolobot_recognition/lib/pkgconfig/yolobot_recognition.pc'
[3.595s] Level 1:colcon.colcon_core.environment:checking '/home/jsagx-6/itc01_ws/install/yolobot_recognition/lib/python3.8/site-packages'
[3.596s] Level 1:colcon.colcon_core.environment:checking '/home/jsagx-6/itc01_ws/install/yolobot_recognition/bin'
[3.598s] INFO:colcon.colcon_core.shell:Creating package script '/home/jsagx-6/itc01_ws/install/yolobot_recognition/share/yolobot_recognition/package.ps1'
[3.604s] INFO:colcon.colcon_core.shell:Creating package descriptor '/home/jsagx-6/itc01_ws/install/yolobot_recognition/share/yolobot_recognition/package.dsv'
[3.609s] INFO:colcon.colcon_core.shell:Creating package script '/home/jsagx-6/itc01_ws/install/yolobot_recognition/share/yolobot_recognition/package.sh'
[3.614s] INFO:colcon.colcon_core.shell:Creating package script '/home/jsagx-6/itc01_ws/install/yolobot_recognition/share/yolobot_recognition/package.bash'
[3.619s] INFO:colcon.colcon_core.shell:Creating package script '/home/jsagx-6/itc01_ws/install/yolobot_recognition/share/yolobot_recognition/package.zsh'
[3.624s] Level 1:colcon.colcon_core.environment:create_file_with_runtime_dependencies(/home/jsagx-6/itc01_ws/install/yolobot_recognition/share/colcon-core/packages/yolobot_recognition)
[3.657s] DEBUG:colcon.colcon_core.event_handler.log_command:Invoked command in '/home/jsagx-6/itc01_ws/build/yolobot_recognition' returned '0': /usr/bin/cmake --install /home/jsagx-6/itc01_ws/build/yolobot_recognition
[3.721s] Level 1:colcon.colcon_core.environment:create_environment_scripts_only(yolobot_recognition)
[3.722s] Level 1:colcon.colcon_core.environment:checking '/home/jsagx-6/itc01_ws/install/yolobot_recognition' for CMake module files
[3.726s] Level 1:colcon.colcon_core.environment:checking '/home/jsagx-6/itc01_ws/install/yolobot_recognition' for CMake config files
[3.727s] Level 1:colcon.colcon_core.shell:create_environment_hook('yolobot_recognition', 'cmake_prefix_path')
[3.729s] INFO:colcon.colcon_core.shell:Creating environment hook '/home/jsagx-6/itc01_ws/install/yolobot_recognition/share/yolobot_recognition/hook/cmake_prefix_path.ps1'
[3.731s] INFO:colcon.colcon_core.shell:Creating environment descriptor '/home/jsagx-6/itc01_ws/install/yolobot_recognition/share/yolobot_recognition/hook/cmake_prefix_path.dsv'
[3.733s] INFO:colcon.colcon_core.shell:Creating environment hook '/home/jsagx-6/itc01_ws/install/yolobot_recognition/share/yolobot_recognition/hook/cmake_prefix_path.sh'
[3.736s] Level 1:colcon.colcon_core.environment:checking '/home/jsagx-6/itc01_ws/install/yolobot_recognition/lib'
[3.737s] Level 1:colcon.colcon_core.environment:checking '/home/jsagx-6/itc01_ws/install/yolobot_recognition/bin'
[3.737s] Level 1:colcon.colcon_core.environment:checking '/home/jsagx-6/itc01_ws/install/yolobot_recognition/lib/pkgconfig/yolobot_recognition.pc'
[3.738s] Level 1:colcon.colcon_core.environment:checking '/home/jsagx-6/itc01_ws/install/yolobot_recognition/lib/python3.8/site-packages'
[3.739s] Level 1:colcon.colcon_core.environment:checking '/home/jsagx-6/itc01_ws/install/yolobot_recognition/bin'
[3.740s] INFO:colcon.colcon_core.shell:Creating package script '/home/jsagx-6/itc01_ws/install/yolobot_recognition/share/yolobot_recognition/package.ps1'
[3.742s] INFO:colcon.colcon_core.shell:Creating package descriptor '/home/jsagx-6/itc01_ws/install/yolobot_recognition/share/yolobot_recognition/package.dsv'
[3.744s] INFO:colcon.colcon_core.shell:Creating package script '/home/jsagx-6/itc01_ws/install/yolobot_recognition/share/yolobot_recognition/package.sh'
[3.746s] INFO:colcon.colcon_core.shell:Creating package script '/home/jsagx-6/itc01_ws/install/yolobot_recognition/share/yolobot_recognition/package.bash'
[3.748s] INFO:colcon.colcon_core.shell:Creating package script '/home/jsagx-6/itc01_ws/install/yolobot_recognition/share/yolobot_recognition/package.zsh'
[3.750s] Level 1:colcon.colcon_core.environment:create_file_with_runtime_dependencies(/home/jsagx-6/itc01_ws/install/yolobot_recognition/share/colcon-core/packages/yolobot_recognition)
[4.033s] DEBUG:colcon.colcon_core.event_handler.log_command:Invoked command in '/home/jsagx-6/itc01_ws/build/yolov8_msgs' returned '0': /usr/bin/cmake --build /home/jsagx-6/itc01_ws/build/yolov8_msgs -- -j8 -l8
[4.329s] DEBUG:colcon.colcon_core.event_handler.log_command:Invoking command in '/home/jsagx-6/itc01_ws/build/yolov8_msgs': /usr/bin/cmake --install /home/jsagx-6/itc01_ws/build/yolov8_msgs
[4.559s] Level 1:colcon.colcon_core.environment:create_environment_scripts_only(yolov8_msgs)
[4.563s] Level 1:colcon.colcon_core.environment:checking '/home/jsagx-6/itc01_ws/install/yolov8_msgs' for CMake module files
[4.564s] DEBUG:colcon.colcon_core.event_handler.log_command:Invoked command in '/home/jsagx-6/itc01_ws/build/yolov8_msgs' returned '0': /usr/bin/cmake --install /home/jsagx-6/itc01_ws/build/yolov8_msgs
[4.566s] Level 1:colcon.colcon_core.environment:checking '/home/jsagx-6/itc01_ws/install/yolov8_msgs' for CMake config files
[4.568s] Level 1:colcon.colcon_core.shell:create_environment_hook('yolov8_msgs', 'cmake_prefix_path')
[4.569s] INFO:colcon.colcon_core.shell:Creating environment hook '/home/jsagx-6/itc01_ws/install/yolov8_msgs/share/yolov8_msgs/hook/cmake_prefix_path.ps1'
[4.572s] INFO:colcon.colcon_core.shell:Creating environment descriptor '/home/jsagx-6/itc01_ws/install/yolov8_msgs/share/yolov8_msgs/hook/cmake_prefix_path.dsv'
[4.573s] INFO:colcon.colcon_core.shell:Creating environment hook '/home/jsagx-6/itc01_ws/install/yolov8_msgs/share/yolov8_msgs/hook/cmake_prefix_path.sh'
[4.576s] Level 1:colcon.colcon_core.environment:checking '/home/jsagx-6/itc01_ws/install/yolov8_msgs/lib'
[4.576s] Level 1:colcon.colcon_core.shell:create_environment_hook('yolov8_msgs', 'ld_library_path_lib')
[4.577s] INFO:colcon.colcon_core.shell:Creating environment hook '/home/jsagx-6/itc01_ws/install/yolov8_msgs/share/yolov8_msgs/hook/ld_library_path_lib.ps1'
[4.579s] INFO:colcon.colcon_core.shell:Creating environment descriptor '/home/jsagx-6/itc01_ws/install/yolov8_msgs/share/yolov8_msgs/hook/ld_library_path_lib.dsv'
[4.580s] INFO:colcon.colcon_core.shell:Creating environment hook '/home/jsagx-6/itc01_ws/install/yolov8_msgs/share/yolov8_msgs/hook/ld_library_path_lib.sh'
[4.581s] Level 1:colcon.colcon_core.environment:checking '/home/jsagx-6/itc01_ws/install/yolov8_msgs/bin'
[4.582s] Level 1:colcon.colcon_core.environment:checking '/home/jsagx-6/itc01_ws/install/yolov8_msgs/lib/pkgconfig/yolov8_msgs.pc'
[4.583s] Level 1:colcon.colcon_core.environment:checking '/home/jsagx-6/itc01_ws/install/yolov8_msgs/lib/python3.8/site-packages'
[4.583s] Level 1:colcon.colcon_core.shell:create_environment_hook('yolov8_msgs', 'pythonpath')
[4.584s] INFO:colcon.colcon_core.shell:Creating environment hook '/home/jsagx-6/itc01_ws/install/yolov8_msgs/share/yolov8_msgs/hook/pythonpath.ps1'
[4.586s] INFO:colcon.colcon_core.shell:Creating environment descriptor '/home/jsagx-6/itc01_ws/install/yolov8_msgs/share/yolov8_msgs/hook/pythonpath.dsv'
[4.587s] INFO:colcon.colcon_core.shell:Creating environment hook '/home/jsagx-6/itc01_ws/install/yolov8_msgs/share/yolov8_msgs/hook/pythonpath.sh'
[4.589s] Level 1:colcon.colcon_core.environment:checking '/home/jsagx-6/itc01_ws/install/yolov8_msgs/bin'
[4.590s] INFO:colcon.colcon_core.shell:Creating package script '/home/jsagx-6/itc01_ws/install/yolov8_msgs/share/yolov8_msgs/package.ps1'
[4.592s] INFO:colcon.colcon_core.shell:Creating package descriptor '/home/jsagx-6/itc01_ws/install/yolov8_msgs/share/yolov8_msgs/package.dsv'
[4.594s] INFO:colcon.colcon_core.shell:Creating package script '/home/jsagx-6/itc01_ws/install/yolov8_msgs/share/yolov8_msgs/package.sh'
[4.595s] INFO:colcon.colcon_core.shell:Creating package script '/home/jsagx-6/itc01_ws/install/yolov8_msgs/share/yolov8_msgs/package.bash'
[4.597s] INFO:colcon.colcon_core.shell:Creating package script '/home/jsagx-6/itc01_ws/install/yolov8_msgs/share/yolov8_msgs/package.zsh'
[4.598s] Level 1:colcon.colcon_core.environment:create_file_with_runtime_dependencies(/home/jsagx-6/itc01_ws/install/yolov8_msgs/share/colcon-core/packages/yolov8_msgs)
[4.867s] Level 1:colcon.colcon_core.environment:create_environment_scripts_only(yolov8_msgs)
[4.869s] Level 1:colcon.colcon_core.environment:checking '/home/jsagx-6/itc01_ws/install/yolov8_msgs' for CMake module files
[4.871s] Level 1:colcon.colcon_core.environment:checking '/home/jsagx-6/itc01_ws/install/yolov8_msgs' for CMake config files
[4.873s] Level 1:colcon.colcon_core.shell:create_environment_hook('yolov8_msgs', 'cmake_prefix_path')
[4.874s] INFO:colcon.colcon_core.shell:Creating environment hook '/home/jsagx-6/itc01_ws/install/yolov8_msgs/share/yolov8_msgs/hook/cmake_prefix_path.ps1'
[4.877s] INFO:colcon.colcon_core.shell:Creating environment descriptor '/home/jsagx-6/itc01_ws/install/yolov8_msgs/share/yolov8_msgs/hook/cmake_prefix_path.dsv'
[4.878s] INFO:colcon.colcon_core.shell:Creating environment hook '/home/jsagx-6/itc01_ws/install/yolov8_msgs/share/yolov8_msgs/hook/cmake_prefix_path.sh'
[4.881s] Level 1:colcon.colcon_core.environment:checking '/home/jsagx-6/itc01_ws/install/yolov8_msgs/lib'
[4.881s] Level 1:colcon.colcon_core.shell:create_environment_hook('yolov8_msgs', 'ld_library_path_lib')
[4.882s] INFO:colcon.colcon_core.shell:Creating environment hook '/home/jsagx-6/itc01_ws/install/yolov8_msgs/share/yolov8_msgs/hook/ld_library_path_lib.ps1'
[4.884s] INFO:colcon.colcon_core.shell:Creating environment descriptor '/home/jsagx-6/itc01_ws/install/yolov8_msgs/share/yolov8_msgs/hook/ld_library_path_lib.dsv'
[4.885s] INFO:colcon.colcon_core.shell:Creating environment hook '/home/jsagx-6/itc01_ws/install/yolov8_msgs/share/yolov8_msgs/hook/ld_library_path_lib.sh'
[4.887s] Level 1:colcon.colcon_core.environment:checking '/home/jsagx-6/itc01_ws/install/yolov8_msgs/bin'
[4.887s] Level 1:colcon.colcon_core.environment:checking '/home/jsagx-6/itc01_ws/install/yolov8_msgs/lib/pkgconfig/yolov8_msgs.pc'
[4.889s] Level 1:colcon.colcon_core.environment:checking '/home/jsagx-6/itc01_ws/install/yolov8_msgs/lib/python3.8/site-packages'
[4.889s] Level 1:colcon.colcon_core.shell:create_environment_hook('yolov8_msgs', 'pythonpath')
[4.890s] INFO:colcon.colcon_core.shell:Creating environment hook '/home/jsagx-6/itc01_ws/install/yolov8_msgs/share/yolov8_msgs/hook/pythonpath.ps1'
[4.891s] INFO:colcon.colcon_core.shell:Creating environment descriptor '/home/jsagx-6/itc01_ws/install/yolov8_msgs/share/yolov8_msgs/hook/pythonpath.dsv'
[4.892s] INFO:colcon.colcon_core.shell:Creating environment hook '/home/jsagx-6/itc01_ws/install/yolov8_msgs/share/yolov8_msgs/hook/pythonpath.sh'
[4.894s] Level 1:colcon.colcon_core.environment:checking '/home/jsagx-6/itc01_ws/install/yolov8_msgs/bin'
[4.895s] INFO:colcon.colcon_core.shell:Creating package script '/home/jsagx-6/itc01_ws/install/yolov8_msgs/share/yolov8_msgs/package.ps1'
[4.898s] INFO:colcon.colcon_core.shell:Creating package descriptor '/home/jsagx-6/itc01_ws/install/yolov8_msgs/share/yolov8_msgs/package.dsv'
[4.900s] INFO:colcon.colcon_core.shell:Creating package script '/home/jsagx-6/itc01_ws/install/yolov8_msgs/share/yolov8_msgs/package.sh'
[4.905s] INFO:colcon.colcon_core.shell:Creating package script '/home/jsagx-6/itc01_ws/install/yolov8_msgs/share/yolov8_msgs/package.bash'
[4.906s] INFO:colcon.colcon_core.shell:Creating package script '/home/jsagx-6/itc01_ws/install/yolov8_msgs/share/yolov8_msgs/package.zsh'
[4.908s] Level 1:colcon.colcon_core.environment:create_file_with_runtime_dependencies(/home/jsagx-6/itc01_ws/install/yolov8_msgs/share/colcon-core/packages/yolov8_msgs)
[5.581s] DEBUG:colcon.colcon_core.event_handler.log_command:Invoking command in '/home/jsagx-6/itc01_ws/src/itc01_mr2/mr2_realsense': PYTHONPATH=/home/jsagx-6/itc01_ws/build/mr2_realsense/prefix_override:/home/jsagx-6/itc01_ws/install/mr2_realsense/lib/python3.8/site-packages:${PYTHONPATH} /usr/bin/python3 -W ignore:setup.py install is deprecated setup.py egg_info --egg-base ../../../build/mr2_realsense build --build-base /home/jsagx-6/itc01_ws/build/mr2_realsense/build install --record /home/jsagx-6/itc01_ws/build/mr2_realsense/install.log --install-scripts $base/lib/mr2_realsense --single-version-externally-managed install_data
[5.606s] DEBUG:colcon.colcon_core.event_handler.log_command:Invoking command in '/home/jsagx-6/itc01_ws/src/itc01_mr2/buffalo_robot': PYTHONPATH=/home/jsagx-6/itc01_ws/build/buffalo_robot/prefix_override:/home/jsagx-6/itc01_ws/install/buffalo_robot/lib/python3.8/site-packages:${PYTHONPATH} /usr/bin/python3 -W ignore:setup.py install is deprecated setup.py egg_info --egg-base ../../../build/buffalo_robot build --build-base /home/jsagx-6/itc01_ws/build/buffalo_robot/build install --record /home/jsagx-6/itc01_ws/build/buffalo_robot/install.log --install-scripts $base/lib/buffalo_robot --single-version-externally-managed install_data
[7.539s] Level 1:colcon.colcon_core.environment:checking '/home/jsagx-6/itc01_ws/install/buffalo_robot' for CMake module files
[7.542s] DEBUG:colcon.colcon_core.event_handler.log_command:Invoked command in '/home/jsagx-6/itc01_ws/src/itc01_mr2/buffalo_robot' returned '0': PYTHONPATH=/home/jsagx-6/itc01_ws/build/buffalo_robot/prefix_override:/home/jsagx-6/itc01_ws/install/buffalo_robot/lib/python3.8/site-packages:${PYTHONPATH} /usr/bin/python3 -W ignore:setup.py install is deprecated setup.py egg_info --egg-base ../../../build/buffalo_robot build --build-base /home/jsagx-6/itc01_ws/build/buffalo_robot/build install --record /home/jsagx-6/itc01_ws/build/buffalo_robot/install.log --install-scripts $base/lib/buffalo_robot --single-version-externally-managed install_data
[7.544s] Level 1:colcon.colcon_core.environment:checking '/home/jsagx-6/itc01_ws/install/buffalo_robot' for CMake config files
[7.547s] Level 1:colcon.colcon_core.environment:checking '/home/jsagx-6/itc01_ws/install/buffalo_robot/lib'
[7.547s] Level 1:colcon.colcon_core.environment:checking '/home/jsagx-6/itc01_ws/install/buffalo_robot/bin'
[7.548s] Level 1:colcon.colcon_core.environment:checking '/home/jsagx-6/itc01_ws/install/buffalo_robot/lib/pkgconfig/buffalo_robot.pc'
[7.549s] Level 1:colcon.colcon_core.environment:checking '/home/jsagx-6/itc01_ws/install/buffalo_robot/lib/python3.8/site-packages'
[7.549s] Level 1:colcon.colcon_core.shell:create_environment_hook('buffalo_robot', 'pythonpath')
[7.550s] INFO:colcon.colcon_core.shell:Creating environment hook '/home/jsagx-6/itc01_ws/install/buffalo_robot/share/buffalo_robot/hook/pythonpath.ps1'
[7.553s] INFO:colcon.colcon_core.shell:Creating environment descriptor '/home/jsagx-6/itc01_ws/install/buffalo_robot/share/buffalo_robot/hook/pythonpath.dsv'
[7.555s] INFO:colcon.colcon_core.shell:Creating environment hook '/home/jsagx-6/itc01_ws/install/buffalo_robot/share/buffalo_robot/hook/pythonpath.sh'
[7.557s] Level 1:colcon.colcon_core.environment:checking '/home/jsagx-6/itc01_ws/install/buffalo_robot/bin'
[7.557s] Level 1:colcon.colcon_core.environment:create_environment_scripts_only(buffalo_robot)
[7.559s] INFO:colcon.colcon_core.shell:Creating package script '/home/jsagx-6/itc01_ws/install/buffalo_robot/share/buffalo_robot/package.ps1'
[7.561s] INFO:colcon.colcon_core.shell:Creating package descriptor '/home/jsagx-6/itc01_ws/install/buffalo_robot/share/buffalo_robot/package.dsv'
[7.563s] INFO:colcon.colcon_core.shell:Creating package script '/home/jsagx-6/itc01_ws/install/buffalo_robot/share/buffalo_robot/package.sh'
[7.564s] INFO:colcon.colcon_core.shell:Creating package script '/home/jsagx-6/itc01_ws/install/buffalo_robot/share/buffalo_robot/package.bash'
[7.565s] INFO:colcon.colcon_core.shell:Creating package script '/home/jsagx-6/itc01_ws/install/buffalo_robot/share/buffalo_robot/package.zsh'
[7.567s] Level 1:colcon.colcon_core.environment:create_file_with_runtime_dependencies(/home/jsagx-6/itc01_ws/install/buffalo_robot/share/colcon-core/packages/buffalo_robot)
[7.572s] Level 1:colcon.colcon_core.environment:checking '/home/jsagx-6/itc01_ws/install/mr2_realsense' for CMake module files
[7.575s] DEBUG:colcon.colcon_core.event_handler.log_command:Invoked command in '/home/jsagx-6/itc01_ws/src/itc01_mr2/mr2_realsense' returned '0': PYTHONPATH=/home/jsagx-6/itc01_ws/build/mr2_realsense/prefix_override:/home/jsagx-6/itc01_ws/install/mr2_realsense/lib/python3.8/site-packages:${PYTHONPATH} /usr/bin/python3 -W ignore:setup.py install is deprecated setup.py egg_info --egg-base ../../../build/mr2_realsense build --build-base /home/jsagx-6/itc01_ws/build/mr2_realsense/build install --record /home/jsagx-6/itc01_ws/build/mr2_realsense/install.log --install-scripts $base/lib/mr2_realsense --single-version-externally-managed install_data
[7.576s] Level 1:colcon.colcon_core.environment:checking '/home/jsagx-6/itc01_ws/install/mr2_realsense' for CMake config files
[7.578s] Level 1:colcon.colcon_core.environment:checking '/home/jsagx-6/itc01_ws/install/mr2_realsense/lib'
[7.578s] Level 1:colcon.colcon_core.environment:checking '/home/jsagx-6/itc01_ws/install/mr2_realsense/bin'
[7.579s] Level 1:colcon.colcon_core.environment:checking '/home/jsagx-6/itc01_ws/install/mr2_realsense/lib/pkgconfig/mr2_realsense.pc'
[7.579s] Level 1:colcon.colcon_core.environment:checking '/home/jsagx-6/itc01_ws/install/mr2_realsense/lib/python3.8/site-packages'
[7.579s] Level 1:colcon.colcon_core.shell:create_environment_hook('mr2_realsense', 'pythonpath')
[7.580s] INFO:colcon.colcon_core.shell:Creating environment hook '/home/jsagx-6/itc01_ws/install/mr2_realsense/share/mr2_realsense/hook/pythonpath.ps1'
[7.582s] INFO:colcon.colcon_core.shell:Creating environment descriptor '/home/jsagx-6/itc01_ws/install/mr2_realsense/share/mr2_realsense/hook/pythonpath.dsv'
[7.583s] INFO:colcon.colcon_core.shell:Creating environment hook '/home/jsagx-6/itc01_ws/install/mr2_realsense/share/mr2_realsense/hook/pythonpath.sh'
[7.585s] Level 1:colcon.colcon_core.environment:checking '/home/jsagx-6/itc01_ws/install/mr2_realsense/bin'
[7.585s] Level 1:colcon.colcon_core.environment:create_environment_scripts_only(mr2_realsense)
[7.586s] INFO:colcon.colcon_core.shell:Creating package script '/home/jsagx-6/itc01_ws/install/mr2_realsense/share/mr2_realsense/package.ps1'
[7.588s] INFO:colcon.colcon_core.shell:Creating package descriptor '/home/jsagx-6/itc01_ws/install/mr2_realsense/share/mr2_realsense/package.dsv'
[7.589s] INFO:colcon.colcon_core.shell:Creating package script '/home/jsagx-6/itc01_ws/install/mr2_realsense/share/mr2_realsense/package.sh'
[7.590s] INFO:colcon.colcon_core.shell:Creating package script '/home/jsagx-6/itc01_ws/install/mr2_realsense/share/mr2_realsense/package.bash'
[7.592s] INFO:colcon.colcon_core.shell:Creating package script '/home/jsagx-6/itc01_ws/install/mr2_realsense/share/mr2_realsense/package.zsh'
[7.593s] Level 1:colcon.colcon_core.environment:create_file_with_runtime_dependencies(/home/jsagx-6/itc01_ws/install/mr2_realsense/share/colcon-core/packages/mr2_realsense)
[7.594s] DEBUG:colcon.colcon_parallel_executor.executor.parallel:closing loop
[7.595s] DEBUG:colcon.colcon_parallel_executor.executor.parallel:loop closed
[7.596s] DEBUG:colcon.colcon_parallel_executor.executor.parallel:run_until_complete finished with '0'
[7.596s] DEBUG:colcon.colcon_core.event_reactor:joining thread
[7.658s] INFO:colcon.colcon_core.plugin_system:Skipping extension 'colcon_notification.desktop_notification.terminal_notifier': Not used on non-Darwin systems
[7.659s] INFO:colcon.colcon_core.plugin_system:Skipping extension 'colcon_notification.desktop_notification.win32': Not used on non-Windows systems
[7.659s] INFO:colcon.colcon_notification.desktop_notification:Sending desktop notification using 'notify2'
[7.724s] DEBUG:colcon.colcon_core.event_reactor:joined thread
[7.725s] INFO:colcon.colcon_core.shell:Creating prefix script '/home/jsagx-6/itc01_ws/install/local_setup.ps1'
[7.728s] INFO:colcon.colcon_core.shell:Creating prefix util module '/home/jsagx-6/itc01_ws/install/_local_setup_util_ps1.py'
[7.733s] INFO:colcon.colcon_core.shell:Creating prefix chain script '/home/jsagx-6/itc01_ws/install/setup.ps1'
[7.737s] INFO:colcon.colcon_core.shell:Creating prefix script '/home/jsagx-6/itc01_ws/install/local_setup.sh'
[7.739s] INFO:colcon.colcon_core.shell:Creating prefix util module '/home/jsagx-6/itc01_ws/install/_local_setup_util_sh.py'
[7.741s] INFO:colcon.colcon_core.shell:Creating prefix chain script '/home/jsagx-6/itc01_ws/install/setup.sh'
[7.746s] INFO:colcon.colcon_core.shell:Creating prefix script '/home/jsagx-6/itc01_ws/install/local_setup.bash'
[7.748s] INFO:colcon.colcon_core.shell:Creating prefix chain script '/home/jsagx-6/itc01_ws/install/setup.bash'
[7.751s] INFO:colcon.colcon_core.shell:Creating prefix script '/home/jsagx-6/itc01_ws/install/local_setup.zsh'
[7.753s] INFO:colcon.colcon_core.shell:Creating prefix chain script '/home/jsagx-6/itc01_ws/install/setup.zsh'
