[0.000000] (-) TimerEvent: {}
[0.000863] (buffalo_robot) JobQueued: {'identifier': 'buffalo_robot', 'dependencies': OrderedDict()}
[0.001753] (mr2_realsense) JobQueued: {'identifier': 'mr2_realsense', 'dependencies': OrderedDict()}
[0.001871] (yolobot_recognition) JobQueued: {'identifier': 'yolobot_recognition', 'dependencies': OrderedDict()}
[0.002330] (yolov8_msgs) JobQueued: {'identifier': 'yolov8_msgs', 'dependencies': OrderedDict()}
[0.002759] (buffalo_robot) JobStarted: {'identifier': 'buffalo_robot'}
[0.043153] (mr2_realsense) JobStarted: {'identifier': 'mr2_realsense'}
[0.078511] (yolobot_recognition) JobStarted: {'identifier': 'yolobot_recognition'}
[0.099526] (-) TimerEvent: {}
[0.108998] (yolov8_msgs) JobStarted: {'identifier': 'yolov8_msgs'}
[0.200261] (-) TimerEvent: {}
[0.301839] (-) TimerEvent: {}
[0.402676] (-) TimerEvent: {}
[0.503362] (-) TimerEvent: {}
[0.604138] (-) TimerEvent: {}
[0.704900] (-) TimerEvent: {}
[0.805892] (-) TimerEvent: {}
[0.906684] (-) TimerEvent: {}
[1.008482] (-) TimerEvent: {}
[1.110060] (-) TimerEvent: {}
[1.210820] (-) TimerEvent: {}
[1.311526] (-) TimerEvent: {}
[1.412233] (-) TimerEvent: {}
[1.513016] (-) TimerEvent: {}
[1.613762] (-) TimerEvent: {}
[1.640125] (yolobot_recognition) JobProgress: {'identifier': 'yolobot_recognition', 'progress': 'cmake'}
[1.643422] (yolobot_recognition) JobProgress: {'identifier': 'yolobot_recognition', 'progress': 'build'}
[1.646760] (yolobot_recognition) Command: {'cmd': ['/usr/bin/cmake', '--build', '/home/jsagx-6/itc01_ws/build/yolobot_recognition', '--', '-j8', '-l8'], 'cwd': '/home/jsagx-6/itc01_ws/build/yolobot_recognition', 'env': OrderedDict([('USER', 'jsagx-6'), ('SSH_CLIENT', '192.168.77.208 36460 22'), ('LC_TIME', 'km_KH'), ('XDG_SESSION_TYPE', 'tty'), ('SHLVL', '1'), ('LD_LIBRARY_PATH', '/opt/ros/foxy/opt/yaml_cpp_vendor/lib:/opt/ros/foxy/lib/aarch64-linux-gnu:/opt/ros/foxy/lib:/home/jsagx-6/itc01_ws/install/yolov8_msgs/lib'), ('MOTD_SHOWN', 'pam'), ('HOME', '/home/jsagx-6'), ('OLDPWD', '/home/jsagx-6'), ('SSH_TTY', '/dev/pts/0'), ('JETSON_L4T', '35.5.0'), ('ROS_PYTHON_VERSION', '3'), ('JETSON_MODEL', 'Jetson-AGX'), ('LC_MONETARY', 'km_KH'), ('DBUS_SESSION_BUS_ADDRESS', 'unix:path=/run/user/1000/bus'), ('COLCON_PREFIX_PATH', '/home/jsagx-6/itc01_ws/install'), ('ROS_DISTRO', 'foxy'), ('LOGNAME', 'jsagx-6'), ('JETSON_MODULE', 'NVIDIA Jetson AGX Xavier (32 GB ram)'), ('JETSON_SERIAL_NUMBER', '1561221004404'), ('_', '/usr/bin/colcon'), ('ROS_VERSION', '2'), ('JETSON_CODENAME', 'Galen'), ('XDG_SESSION_CLASS', 'user'), ('TERM', 'xterm-256color'), ('XDG_SESSION_ID', '6'), ('ROS_LOCALHOST_ONLY', '0'), ('PATH', '/opt/ros/foxy/bin:/usr/local/sbin:/usr/local/bin:/usr/sbin:/usr/bin:/sbin:/bin:/usr/games:/usr/local/games:/snap/bin'), ('LC_ADDRESS', 'km_KH'), ('XDG_RUNTIME_DIR', '/run/user/1000'), ('LANG', 'en_US.UTF-8'), ('LC_TELEPHONE', 'km_KH'), ('JETSON_SOC', 'tegra194'), ('AMENT_PREFIX_PATH', '/opt/ros/foxy:/home/jsagx-6/itc01_ws/install/yolov8_msgs:/home/jsagx-6/itc01_ws/install/yolobot_recognition:/home/jsagx-6/itc01_ws/install/mr2_realsense:/home/jsagx-6/itc01_ws/install/buffalo_robot'), ('SHELL', '/bin/bash'), ('LC_NAME', 'km_KH'), ('LC_MEASUREMENT', 'km_KH'), ('LC_IDENTIFICATION', 'km_KH'), ('JETSON_CUDA_ARCH_BIN', '7.2'), ('PWD', '/home/jsagx-6/itc01_ws/build/yolobot_recognition'), ('LC_ALL', 'en_US.UTF-8'), ('SSH_CONNECTION', '192.168.77.208 36460 192.168.77.206 22'), ('XDG_DATA_DIRS', '/usr/local/share:/usr/share:/var/lib/snapd/desktop'), ('PYTHONPATH', '/opt/ros/foxy/lib/python3.8/site-packages:/home/jsagx-6/itc01_ws/install/yolov8_msgs/lib/python3.8/site-packages:/home/jsagx-6/itc01_ws/install/mr2_realsense/lib/python3.8/site-packages:/home/jsagx-6/itc01_ws/install/buffalo_robot/lib/python3.8/site-packages'), ('LC_NUMERIC', 'km_KH'), ('LC_PAPER', 'km_KH'), ('COLCON', '1'), ('JETSON_JETPACK', '5.1.3'), ('CMAKE_PREFIX_PATH', '/opt/ros/foxy:/home/jsagx-6/itc01_ws/install/yolov8_msgs:/home/jsagx-6/itc01_ws/install/yolobot_recognition:/home/jsagx-6/itc01_ws/install/mr2_realsense:/home/jsagx-6/itc01_ws/install/buffalo_robot'), ('JETSON_P_NUMBER', 'p2888-0004')]), 'shell': False}
[1.670082] (yolov8_msgs) JobProgress: {'identifier': 'yolov8_msgs', 'progress': 'cmake'}
[1.673873] (yolov8_msgs) JobProgress: {'identifier': 'yolov8_msgs', 'progress': 'build'}
[1.675862] (yolov8_msgs) Command: {'cmd': ['/usr/bin/cmake', '--build', '/home/jsagx-6/itc01_ws/build/yolov8_msgs', '--', '-j8', '-l8'], 'cwd': '/home/jsagx-6/itc01_ws/build/yolov8_msgs', 'env': OrderedDict([('USER', 'jsagx-6'), ('SSH_CLIENT', '192.168.77.208 36460 22'), ('LC_TIME', 'km_KH'), ('XDG_SESSION_TYPE', 'tty'), ('SHLVL', '1'), ('LD_LIBRARY_PATH', '/opt/ros/foxy/opt/yaml_cpp_vendor/lib:/opt/ros/foxy/lib/aarch64-linux-gnu:/opt/ros/foxy/lib:/home/jsagx-6/itc01_ws/install/yolov8_msgs/lib'), ('MOTD_SHOWN', 'pam'), ('HOME', '/home/jsagx-6'), ('OLDPWD', '/home/jsagx-6'), ('SSH_TTY', '/dev/pts/0'), ('JETSON_L4T', '35.5.0'), ('ROS_PYTHON_VERSION', '3'), ('JETSON_MODEL', 'Jetson-AGX'), ('LC_MONETARY', 'km_KH'), ('DBUS_SESSION_BUS_ADDRESS', 'unix:path=/run/user/1000/bus'), ('COLCON_PREFIX_PATH', '/home/jsagx-6/itc01_ws/install'), ('ROS_DISTRO', 'foxy'), ('LOGNAME', 'jsagx-6'), ('JETSON_MODULE', 'NVIDIA Jetson AGX Xavier (32 GB ram)'), ('JETSON_SERIAL_NUMBER', '1561221004404'), ('_', '/usr/bin/colcon'), ('ROS_VERSION', '2'), ('JETSON_CODENAME', 'Galen'), ('XDG_SESSION_CLASS', 'user'), ('TERM', 'xterm-256color'), ('XDG_SESSION_ID', '6'), ('ROS_LOCALHOST_ONLY', '0'), ('PATH', '/opt/ros/foxy/bin:/usr/local/sbin:/usr/local/bin:/usr/sbin:/usr/bin:/sbin:/bin:/usr/games:/usr/local/games:/snap/bin'), ('LC_ADDRESS', 'km_KH'), ('XDG_RUNTIME_DIR', '/run/user/1000'), ('LANG', 'en_US.UTF-8'), ('LC_TELEPHONE', 'km_KH'), ('JETSON_SOC', 'tegra194'), ('AMENT_PREFIX_PATH', '/opt/ros/foxy:/home/jsagx-6/itc01_ws/install/yolov8_msgs:/home/jsagx-6/itc01_ws/install/yolobot_recognition:/home/jsagx-6/itc01_ws/install/mr2_realsense:/home/jsagx-6/itc01_ws/install/buffalo_robot'), ('SHELL', '/bin/bash'), ('LC_NAME', 'km_KH'), ('LC_MEASUREMENT', 'km_KH'), ('LC_IDENTIFICATION', 'km_KH'), ('JETSON_CUDA_ARCH_BIN', '7.2'), ('PWD', '/home/jsagx-6/itc01_ws/build/yolov8_msgs'), ('LC_ALL', 'en_US.UTF-8'), ('SSH_CONNECTION', '192.168.77.208 36460 192.168.77.206 22'), ('XDG_DATA_DIRS', '/usr/local/share:/usr/share:/var/lib/snapd/desktop'), ('PYTHONPATH', '/opt/ros/foxy/lib/python3.8/site-packages:/home/jsagx-6/itc01_ws/install/yolov8_msgs/lib/python3.8/site-packages:/home/jsagx-6/itc01_ws/install/mr2_realsense/lib/python3.8/site-packages:/home/jsagx-6/itc01_ws/install/buffalo_robot/lib/python3.8/site-packages'), ('LC_NUMERIC', 'km_KH'), ('LC_PAPER', 'km_KH'), ('COLCON', '1'), ('JETSON_JETPACK', '5.1.3'), ('CMAKE_PREFIX_PATH', '/opt/ros/foxy:/home/jsagx-6/itc01_ws/install/yolov8_msgs:/home/jsagx-6/itc01_ws/install/yolobot_recognition:/home/jsagx-6/itc01_ws/install/mr2_realsense:/home/jsagx-6/itc01_ws/install/buffalo_robot'), ('JETSON_P_NUMBER', 'p2888-0004')]), 'shell': False}
[1.715878] (-) TimerEvent: {}
[1.818310] (-) TimerEvent: {}
[1.868710] (yolobot_recognition) CommandEnded: {'returncode': 0}
[1.918502] (-) TimerEvent: {}
[1.928325] (yolov8_msgs) StdoutLine: {'line': b'[  2%] Built target yolov8_msgs__cpp\n'}
[1.939185] (yolov8_msgs) StdoutLine: {'line': b'[ 12%] Built target yolov8_msgs__rosidl_generator_c\n'}
[1.955910] (yolobot_recognition) JobProgress: {'identifier': 'yolobot_recognition', 'progress': 'install'}
[2.004002] (yolobot_recognition) Command: {'cmd': ['/usr/bin/cmake', '--install', '/home/jsagx-6/itc01_ws/build/yolobot_recognition'], 'cwd': '/home/jsagx-6/itc01_ws/build/yolobot_recognition', 'env': OrderedDict([('USER', 'jsagx-6'), ('SSH_CLIENT', '192.168.77.208 36460 22'), ('LC_TIME', 'km_KH'), ('XDG_SESSION_TYPE', 'tty'), ('SHLVL', '1'), ('LD_LIBRARY_PATH', '/opt/ros/foxy/opt/yaml_cpp_vendor/lib:/opt/ros/foxy/lib/aarch64-linux-gnu:/opt/ros/foxy/lib:/home/jsagx-6/itc01_ws/install/yolov8_msgs/lib'), ('MOTD_SHOWN', 'pam'), ('HOME', '/home/jsagx-6'), ('OLDPWD', '/home/jsagx-6'), ('SSH_TTY', '/dev/pts/0'), ('JETSON_L4T', '35.5.0'), ('ROS_PYTHON_VERSION', '3'), ('JETSON_MODEL', 'Jetson-AGX'), ('LC_MONETARY', 'km_KH'), ('DBUS_SESSION_BUS_ADDRESS', 'unix:path=/run/user/1000/bus'), ('COLCON_PREFIX_PATH', '/home/jsagx-6/itc01_ws/install'), ('ROS_DISTRO', 'foxy'), ('LOGNAME', 'jsagx-6'), ('JETSON_MODULE', 'NVIDIA Jetson AGX Xavier (32 GB ram)'), ('JETSON_SERIAL_NUMBER', '1561221004404'), ('_', '/usr/bin/colcon'), ('ROS_VERSION', '2'), ('JETSON_CODENAME', 'Galen'), ('XDG_SESSION_CLASS', 'user'), ('TERM', 'xterm-256color'), ('XDG_SESSION_ID', '6'), ('ROS_LOCALHOST_ONLY', '0'), ('PATH', '/opt/ros/foxy/bin:/usr/local/sbin:/usr/local/bin:/usr/sbin:/usr/bin:/sbin:/bin:/usr/games:/usr/local/games:/snap/bin'), ('LC_ADDRESS', 'km_KH'), ('XDG_RUNTIME_DIR', '/run/user/1000'), ('LANG', 'en_US.UTF-8'), ('LC_TELEPHONE', 'km_KH'), ('JETSON_SOC', 'tegra194'), ('AMENT_PREFIX_PATH', '/opt/ros/foxy:/home/jsagx-6/itc01_ws/install/yolov8_msgs:/home/jsagx-6/itc01_ws/install/yolobot_recognition:/home/jsagx-6/itc01_ws/install/mr2_realsense:/home/jsagx-6/itc01_ws/install/buffalo_robot'), ('SHELL', '/bin/bash'), ('LC_NAME', 'km_KH'), ('LC_MEASUREMENT', 'km_KH'), ('LC_IDENTIFICATION', 'km_KH'), ('JETSON_CUDA_ARCH_BIN', '7.2'), ('PWD', '/home/jsagx-6/itc01_ws/build/yolobot_recognition'), ('LC_ALL', 'en_US.UTF-8'), ('SSH_CONNECTION', '192.168.77.208 36460 192.168.77.206 22'), ('XDG_DATA_DIRS', '/usr/local/share:/usr/share:/var/lib/snapd/desktop'), ('PYTHONPATH', '/opt/ros/foxy/lib/python3.8/site-packages:/home/jsagx-6/itc01_ws/install/yolov8_msgs/lib/python3.8/site-packages:/home/jsagx-6/itc01_ws/install/mr2_realsense/lib/python3.8/site-packages:/home/jsagx-6/itc01_ws/install/buffalo_robot/lib/python3.8/site-packages'), ('LC_NUMERIC', 'km_KH'), ('LC_PAPER', 'km_KH'), ('COLCON', '1'), ('JETSON_JETPACK', '5.1.3'), ('CMAKE_PREFIX_PATH', '/opt/ros/foxy:/home/jsagx-6/itc01_ws/install/yolov8_msgs:/home/jsagx-6/itc01_ws/install/yolobot_recognition:/home/jsagx-6/itc01_ws/install/mr2_realsense:/home/jsagx-6/itc01_ws/install/buffalo_robot'), ('JETSON_P_NUMBER', 'p2888-0004')]), 'shell': False}
[2.019042] (-) TimerEvent: {}
[2.032102] (yolov8_msgs) StdoutLine: {'line': b'[ 23%] Built target yolov8_msgs__rosidl_typesupport_introspection_cpp\n'}
[2.034793] (yolov8_msgs) StdoutLine: {'line': b'[ 33%] Built target yolov8_msgs__rosidl_typesupport_cpp\n'}
[2.037102] (yolov8_msgs) StdoutLine: {'line': b'[ 43%] Built target yolov8_msgs__rosidl_typesupport_c\n'}
[2.045406] (yolov8_msgs) StdoutLine: {'line': b'[ 61%] Built target yolov8_msgs__rosidl_typesupport_introspection_c\n'}
[2.045996] (yolov8_msgs) StdoutLine: {'line': b'[ 64%] Built target yolov8_msgs__rosidl_typesupport_fastrtps_cpp\n'}
[2.057547] (yolobot_recognition) StdoutLine: {'line': b'-- Install configuration: ""\n'}
[2.058466] (yolobot_recognition) StdoutLine: {'line': b'-- Up-to-date: /home/jsagx-6/itc01_ws/install/yolobot_recognition/share/yolobot_recognition//scripts\n'}
[2.059111] (yolobot_recognition) StdoutLine: {'line': b'-- Up-to-date: /home/jsagx-6/itc01_ws/install/yolobot_recognition/share/yolobot_recognition//scripts/train.py\n'}
[2.059609] (yolobot_recognition) StdoutLine: {'line': b'-- Up-to-date: /home/jsagx-6/itc01_ws/install/yolobot_recognition/share/yolobot_recognition//scripts/export.py\n'}
[2.059984] (yolobot_recognition) StdoutLine: {'line': b'-- Up-to-date: /home/jsagx-6/itc01_ws/install/yolobot_recognition/share/yolobot_recognition//scripts/yolov5s.pt\n'}
[2.060514] (yolobot_recognition) StdoutLine: {'line': b'-- Up-to-date: /home/jsagx-6/itc01_ws/install/yolobot_recognition/share/yolobot_recognition//scripts/data\n'}
[2.060961] (yolobot_recognition) StdoutLine: {'line': b'-- Up-to-date: /home/jsagx-6/itc01_ws/install/yolobot_recognition/share/yolobot_recognition//scripts/data/GlobalWheat2020.yaml\n'}
[2.061351] (yolobot_recognition) StdoutLine: {'line': b'-- Up-to-date: /home/jsagx-6/itc01_ws/install/yolobot_recognition/share/yolobot_recognition//scripts/data/images\n'}
[2.061835] (yolobot_recognition) StdoutLine: {'line': b'-- Up-to-date: /home/jsagx-6/itc01_ws/install/yolobot_recognition/share/yolobot_recognition//scripts/data/images/zidane.jpg\n'}
[2.062225] (yolobot_recognition) StdoutLine: {'line': b'-- Up-to-date: /home/jsagx-6/itc01_ws/install/yolobot_recognition/share/yolobot_recognition//scripts/data/images/bus.jpg\n'}
[2.062705] (yolobot_recognition) StdoutLine: {'line': b'-- Up-to-date: /home/jsagx-6/itc01_ws/install/yolobot_recognition/share/yolobot_recognition//scripts/data/coco128.yaml\n'}
[2.063123] (yolobot_recognition) StdoutLine: {'line': b'-- Up-to-date: /home/jsagx-6/itc01_ws/install/yolobot_recognition/share/yolobot_recognition//scripts/data/xView.yaml\n'}
[2.063678] (yolobot_recognition) StdoutLine: {'line': b'-- Up-to-date: /home/jsagx-6/itc01_ws/install/yolobot_recognition/share/yolobot_recognition//scripts/data/ImageNet.yaml\n'}
[2.063975] (yolobot_recognition) StdoutLine: {'line': b'-- Up-to-date: /home/jsagx-6/itc01_ws/install/yolobot_recognition/share/yolobot_recognition//scripts/data/scripts\n'}
[2.064782] (yolobot_recognition) StdoutLine: {'line': b'-- Up-to-date: /home/jsagx-6/itc01_ws/install/yolobot_recognition/share/yolobot_recognition//scripts/data/scripts/get_coco.sh\n'}
[2.065275] (yolobot_recognition) StdoutLine: {'line': b'-- Up-to-date: /home/jsagx-6/itc01_ws/install/yolobot_recognition/share/yolobot_recognition//scripts/data/scripts/get_coco128.sh\n'}
[2.065765] (yolobot_recognition) StdoutLine: {'line': b'-- Up-to-date: /home/jsagx-6/itc01_ws/install/yolobot_recognition/share/yolobot_recognition//scripts/data/scripts/get_imagenet.sh\n'}
[2.066277] (yolobot_recognition) StdoutLine: {'line': b'-- Up-to-date: /home/jsagx-6/itc01_ws/install/yolobot_recognition/share/yolobot_recognition//scripts/data/scripts/download_weights.sh\n'}
[2.066582] (yolobot_recognition) StdoutLine: {'line': b'-- Up-to-date: /home/jsagx-6/itc01_ws/install/yolobot_recognition/share/yolobot_recognition//scripts/data/Argoverse.yaml\n'}
[2.066913] (yolobot_recognition) StdoutLine: {'line': b'-- Up-to-date: /home/jsagx-6/itc01_ws/install/yolobot_recognition/share/yolobot_recognition//scripts/data/VisDrone.yaml\n'}
[2.067275] (yolobot_recognition) StdoutLine: {'line': b'-- Up-to-date: /home/jsagx-6/itc01_ws/install/yolobot_recognition/share/yolobot_recognition//scripts/data/VOC.yaml\n'}
[2.067703] (yolobot_recognition) StdoutLine: {'line': b'-- Up-to-date: /home/jsagx-6/itc01_ws/install/yolobot_recognition/share/yolobot_recognition//scripts/data/hyps\n'}
[2.068119] (yolobot_recognition) StdoutLine: {'line': b'-- Up-to-date: /home/jsagx-6/itc01_ws/install/yolobot_recognition/share/yolobot_recognition//scripts/data/hyps/hyp.scratch-med.yaml\n'}
[2.068619] (yolobot_recognition) StdoutLine: {'line': b'-- Up-to-date: /home/jsagx-6/itc01_ws/install/yolobot_recognition/share/yolobot_recognition//scripts/data/hyps/hyp.VOC.yaml\n'}
[2.068948] (yolobot_recognition) StdoutLine: {'line': b'-- Up-to-date: /home/jsagx-6/itc01_ws/install/yolobot_recognition/share/yolobot_recognition//scripts/data/hyps/hyp.scratch-high.yaml\n'}
[2.069378] (yolobot_recognition) StdoutLine: {'line': b'-- Up-to-date: /home/jsagx-6/itc01_ws/install/yolobot_recognition/share/yolobot_recognition//scripts/data/hyps/hyp.scratch-low.yaml\n'}
[2.069875] (yolobot_recognition) StdoutLine: {'line': b'-- Up-to-date: /home/jsagx-6/itc01_ws/install/yolobot_recognition/share/yolobot_recognition//scripts/data/hyps/hyp.Objects365.yaml\n'}
[2.070224] (yolobot_recognition) StdoutLine: {'line': b'-- Up-to-date: /home/jsagx-6/itc01_ws/install/yolobot_recognition/share/yolobot_recognition//scripts/data/hyps/hyp.no-augmentation.yaml\n'}
[2.070538] (yolobot_recognition) StdoutLine: {'line': b'-- Up-to-date: /home/jsagx-6/itc01_ws/install/yolobot_recognition/share/yolobot_recognition//scripts/data/SKU-110K.yaml\n'}
[2.071113] (yolobot_recognition) StdoutLine: {'line': b'-- Up-to-date: /home/jsagx-6/itc01_ws/install/yolobot_recognition/share/yolobot_recognition//scripts/data/coco128-seg.yaml\n'}
[2.071651] (yolobot_recognition) StdoutLine: {'line': b'-- Up-to-date: /home/jsagx-6/itc01_ws/install/yolobot_recognition/share/yolobot_recognition//scripts/data/Objects365.yaml\n'}
[2.072299] (yolobot_recognition) StdoutLine: {'line': b'-- Up-to-date: /home/jsagx-6/itc01_ws/install/yolobot_recognition/share/yolobot_recognition//scripts/data/coco.yaml\n'}
[2.072742] (yolobot_recognition) StdoutLine: {'line': b'-- Up-to-date: /home/jsagx-6/itc01_ws/install/yolobot_recognition/share/yolobot_recognition//scripts/.gitignore\n'}
[2.073334] (yolobot_recognition) StdoutLine: {'line': b'-- Up-to-date: /home/jsagx-6/itc01_ws/install/yolobot_recognition/share/yolobot_recognition//scripts/runs\n'}
[2.074454] (yolobot_recognition) StdoutLine: {'line': b'-- Up-to-date: /home/jsagx-6/itc01_ws/install/yolobot_recognition/share/yolobot_recognition//scripts/runs/detect\n'}
[2.074839] (yolobot_recognition) StdoutLine: {'line': b'-- Up-to-date: /home/jsagx-6/itc01_ws/install/yolobot_recognition/share/yolobot_recognition//scripts/runs/detect/exp\n'}
[2.075357] (yolobot_recognition) StdoutLine: {'line': b'-- Up-to-date: /home/jsagx-6/itc01_ws/install/yolobot_recognition/share/yolobot_recognition//scripts/runs/detect/exp/zidane.jpg\n'}
[2.076013] (yolobot_recognition) StdoutLine: {'line': b'-- Up-to-date: /home/jsagx-6/itc01_ws/install/yolobot_recognition/share/yolobot_recognition//scripts/runs/detect/exp/bus.jpg\n'}
[2.076690] (yolobot_recognition) StdoutLine: {'line': b'-- Up-to-date: /home/jsagx-6/itc01_ws/install/yolobot_recognition/share/yolobot_recognition//scripts/detect.py\n'}
[2.077064] (yolobot_recognition) StdoutLine: {'line': b'-- Up-to-date: /home/jsagx-6/itc01_ws/install/yolobot_recognition/share/yolobot_recognition//scripts/models\n'}
[2.077526] (yolobot_recognition) StdoutLine: {'line': b'-- Up-to-date: /home/jsagx-6/itc01_ws/install/yolobot_recognition/share/yolobot_recognition//scripts/models/segment\n'}
[2.077978] (yolobot_recognition) StdoutLine: {'line': b'-- Up-to-date: /home/jsagx-6/itc01_ws/install/yolobot_recognition/share/yolobot_recognition//scripts/models/segment/yolov5s-seg.yaml\n'}
[2.078537] (yolobot_recognition) StdoutLine: {'line': b'-- Up-to-date: /home/jsagx-6/itc01_ws/install/yolobot_recognition/share/yolobot_recognition//scripts/models/segment/yolov5x-seg.yaml\n'}
[2.078902] (yolobot_recognition) StdoutLine: {'line': b'-- Up-to-date: /home/jsagx-6/itc01_ws/install/yolobot_recognition/share/yolobot_recognition//scripts/models/segment/yolov5m-seg.yaml\n'}
[2.079188] (yolobot_recognition) StdoutLine: {'line': b'-- Up-to-date: /home/jsagx-6/itc01_ws/install/yolobot_recognition/share/yolobot_recognition//scripts/models/segment/yolov5l-seg.yaml\n'}
[2.079730] (yolobot_recognition) StdoutLine: {'line': b'-- Up-to-date: /home/jsagx-6/itc01_ws/install/yolobot_recognition/share/yolobot_recognition//scripts/models/segment/yolov5n-seg.yaml\n'}
[2.080266] (yolobot_recognition) StdoutLine: {'line': b'-- Up-to-date: /home/jsagx-6/itc01_ws/install/yolobot_recognition/share/yolobot_recognition//scripts/models/yolov5m.yaml\n'}
[2.080606] (yolobot_recognition) StdoutLine: {'line': b'-- Up-to-date: /home/jsagx-6/itc01_ws/install/yolobot_recognition/share/yolobot_recognition//scripts/models/yolov5x.yaml\n'}
[2.081166] (yolobot_recognition) StdoutLine: {'line': b'-- Up-to-date: /home/jsagx-6/itc01_ws/install/yolobot_recognition/share/yolobot_recognition//scripts/models/hub\n'}
[2.081893] (yolobot_recognition) StdoutLine: {'line': b'-- Up-to-date: /home/jsagx-6/itc01_ws/install/yolobot_recognition/share/yolobot_recognition//scripts/models/hub/yolov3-tiny.yaml\n'}
[2.082362] (yolobot_recognition) StdoutLine: {'line': b'-- Up-to-date: /home/jsagx-6/itc01_ws/install/yolobot_recognition/share/yolobot_recognition//scripts/models/hub/yolov5-p34.yaml\n'}
[2.082918] (yolobot_recognition) StdoutLine: {'line': b'-- Up-to-date: /home/jsagx-6/itc01_ws/install/yolobot_recognition/share/yolobot_recognition//scripts/models/hub/yolov5m6.yaml\n'}
[2.083225] (yolobot_recognition) StdoutLine: {'line': b'-- Up-to-date: /home/jsagx-6/itc01_ws/install/yolobot_recognition/share/yolobot_recognition//scripts/models/hub/yolov3.yaml\n'}
[2.083825] (yolobot_recognition) StdoutLine: {'line': b'-- Up-to-date: /home/jsagx-6/itc01_ws/install/yolobot_recognition/share/yolobot_recognition//scripts/models/hub/yolov5-bifpn.yaml\n'}
[2.084395] (yolobot_recognition) StdoutLine: {'line': b'-- Up-to-date: /home/jsagx-6/itc01_ws/install/yolobot_recognition/share/yolobot_recognition//scripts/models/hub/yolov5n6.yaml\n'}
[2.085034] (yolobot_recognition) StdoutLine: {'line': b'-- Up-to-date: /home/jsagx-6/itc01_ws/install/yolobot_recognition/share/yolobot_recognition//scripts/models/hub/yolov5s-LeakyReLU.yaml\n'}
[2.085569] (yolobot_recognition) StdoutLine: {'line': b'-- Up-to-date: /home/jsagx-6/itc01_ws/install/yolobot_recognition/share/yolobot_recognition//scripts/models/hub/yolov5-fpn.yaml\n'}
[2.086135] (yolobot_recognition) StdoutLine: {'line': b'-- Up-to-date: /home/jsagx-6/itc01_ws/install/yolobot_recognition/share/yolobot_recognition//scripts/models/hub/yolov3-spp.yaml\n'}
[2.086466] (yolobot_recognition) StdoutLine: {'line': b'-- Up-to-date: /home/jsagx-6/itc01_ws/install/yolobot_recognition/share/yolobot_recognition//scripts/models/hub/yolov5l6.yaml\n'}
[2.086891] (yolobot_recognition) StdoutLine: {'line': b'-- Up-to-date: /home/jsagx-6/itc01_ws/install/yolobot_recognition/share/yolobot_recognition//scripts/models/hub/yolov5-p2.yaml\n'}
[2.087436] (yolobot_recognition) StdoutLine: {'line': b'-- Up-to-date: /home/jsagx-6/itc01_ws/install/yolobot_recognition/share/yolobot_recognition//scripts/models/hub/anchors.yaml\n'}
[2.087857] (yolobot_recognition) StdoutLine: {'line': b'-- Up-to-date: /home/jsagx-6/itc01_ws/install/yolobot_recognition/share/yolobot_recognition//scripts/models/hub/yolov5s6.yaml\n'}
[2.088382] (yolobot_recognition) StdoutLine: {'line': b'-- Up-to-date: /home/jsagx-6/itc01_ws/install/yolobot_recognition/share/yolobot_recognition//scripts/models/hub/yolov5s-transformer.yaml\n'}
[2.088807] (yolobot_recognition) StdoutLine: {'line': b'-- Up-to-date: /home/jsagx-6/itc01_ws/install/yolobot_recognition/share/yolobot_recognition//scripts/models/hub/yolov5x6.yaml\n'}
[2.089182] (yolobot_recognition) StdoutLine: {'line': b'-- Up-to-date: /home/jsagx-6/itc01_ws/install/yolobot_recognition/share/yolobot_recognition//scripts/models/hub/yolov5s-ghost.yaml\n'}
[2.089539] (yolobot_recognition) StdoutLine: {'line': b'-- Up-to-date: /home/jsagx-6/itc01_ws/install/yolobot_recognition/share/yolobot_recognition//scripts/models/hub/yolov5-p7.yaml\n'}
[2.089874] (yolobot_recognition) StdoutLine: {'line': b'-- Up-to-date: /home/jsagx-6/itc01_ws/install/yolobot_recognition/share/yolobot_recognition//scripts/models/hub/yolov5-panet.yaml\n'}
[2.090357] (yolobot_recognition) StdoutLine: {'line': b'-- Up-to-date: /home/jsagx-6/itc01_ws/install/yolobot_recognition/share/yolobot_recognition//scripts/models/hub/yolov5-p6.yaml\n'}
[2.090926] (yolobot_recognition) StdoutLine: {'line': b'-- Up-to-date: /home/jsagx-6/itc01_ws/install/yolobot_recognition/share/yolobot_recognition//scripts/models/yolov5s.yaml\n'}
[2.091421] (yolobot_recognition) StdoutLine: {'line': b'-- Up-to-date: /home/jsagx-6/itc01_ws/install/yolobot_recognition/share/yolobot_recognition//scripts/models/yolov5l.yaml\n'}
[2.091849] (yolobot_recognition) StdoutLine: {'line': b'-- Up-to-date: /home/jsagx-6/itc01_ws/install/yolobot_recognition/share/yolobot_recognition//scripts/models/experimental.py\n'}
[2.092447] (yolobot_recognition) StdoutLine: {'line': b'-- Up-to-date: /home/jsagx-6/itc01_ws/install/yolobot_recognition/share/yolobot_recognition//scripts/models/yolov5n.yaml\n'}
[2.092859] (yolobot_recognition) StdoutLine: {'line': b'-- Up-to-date: /home/jsagx-6/itc01_ws/install/yolobot_recognition/share/yolobot_recognition//scripts/models/tf.py\n'}
[2.094006] (yolobot_recognition) StdoutLine: {'line': b'-- Up-to-date: /home/jsagx-6/itc01_ws/install/yolobot_recognition/share/yolobot_recognition//scripts/models/__init__.py\n'}
[2.094330] (yolobot_recognition) StdoutLine: {'line': b'-- Up-to-date: /home/jsagx-6/itc01_ws/install/yolobot_recognition/share/yolobot_recognition//scripts/models/common.py\n'}
[2.094609] (yolobot_recognition) StdoutLine: {'line': b'-- Up-to-date: /home/jsagx-6/itc01_ws/install/yolobot_recognition/share/yolobot_recognition//scripts/models/__pycache__\n'}
[2.095111] (yolobot_recognition) StdoutLine: {'line': b'-- Up-to-date: /home/jsagx-6/itc01_ws/install/yolobot_recognition/share/yolobot_recognition//scripts/models/__pycache__/__init__.cpython-38.pyc\n'}
[2.095551] (yolobot_recognition) StdoutLine: {'line': b'-- Up-to-date: /home/jsagx-6/itc01_ws/install/yolobot_recognition/share/yolobot_recognition//scripts/models/__pycache__/common.cpython-310.pyc\n'}
[2.095884] (yolobot_recognition) StdoutLine: {'line': b'-- Up-to-date: /home/jsagx-6/itc01_ws/install/yolobot_recognition/share/yolobot_recognition//scripts/models/__pycache__/experimental.cpython-310.pyc\n'}
[2.096262] (yolobot_recognition) StdoutLine: {'line': b'-- Up-to-date: /home/jsagx-6/itc01_ws/install/yolobot_recognition/share/yolobot_recognition//scripts/models/__pycache__/yolo.cpython-310.pyc\n'}
[2.096682] (yolobot_recognition) StdoutLine: {'line': b'-- Up-to-date: /home/jsagx-6/itc01_ws/install/yolobot_recognition/share/yolobot_recognition//scripts/models/__pycache__/yolo.cpython-38.pyc\n'}
[2.097049] (yolobot_recognition) StdoutLine: {'line': b'-- Up-to-date: /home/jsagx-6/itc01_ws/install/yolobot_recognition/share/yolobot_recognition//scripts/models/__pycache__/experimental.cpython-38.pyc\n'}
[2.097523] (yolobot_recognition) StdoutLine: {'line': b'-- Up-to-date: /home/jsagx-6/itc01_ws/install/yolobot_recognition/share/yolobot_recognition//scripts/models/__pycache__/__init__.cpython-310.pyc\n'}
[2.097881] (yolobot_recognition) StdoutLine: {'line': b'-- Up-to-date: /home/jsagx-6/itc01_ws/install/yolobot_recognition/share/yolobot_recognition//scripts/models/__pycache__/common.cpython-38.pyc\n'}
[2.098248] (yolobot_recognition) StdoutLine: {'line': b'-- Up-to-date: /home/jsagx-6/itc01_ws/install/yolobot_recognition/share/yolobot_recognition//scripts/models/yolo.py\n'}
[2.098624] (yolobot_recognition) StdoutLine: {'line': b'-- Up-to-date: /home/jsagx-6/itc01_ws/install/yolobot_recognition/share/yolobot_recognition//scripts/yolov5_detection.py\n'}
[2.099015] (yolobot_recognition) StdoutLine: {'line': b'-- Up-to-date: /home/jsagx-6/itc01_ws/install/yolobot_recognition/share/yolobot_recognition//scripts/.dockerignore\n'}
[2.099454] (yolobot_recognition) StdoutLine: {'line': b'-- Up-to-date: /home/jsagx-6/itc01_ws/install/yolobot_recognition/share/yolobot_recognition//scripts/__pycache__\n'}
[2.099755] (yolobot_recognition) StdoutLine: {'line': b'-- Up-to-date: /home/jsagx-6/itc01_ws/install/yolobot_recognition/share/yolobot_recognition//scripts/__pycache__/val.cpython-310.pyc\n'}
[2.100017] (yolobot_recognition) StdoutLine: {'line': b'-- Up-to-date: /home/jsagx-6/itc01_ws/install/yolobot_recognition/share/yolobot_recognition//scripts/__pycache__/export.cpython-38.pyc\n'}
[2.100356] (yolobot_recognition) StdoutLine: {'line': b'-- Up-to-date: /home/jsagx-6/itc01_ws/install/yolobot_recognition/share/yolobot_recognition//scripts/__pycache__/export.cpython-310.pyc\n'}
[2.100788] (yolobot_recognition) StdoutLine: {'line': b'-- Up-to-date: /home/jsagx-6/itc01_ws/install/yolobot_recognition/share/yolobot_recognition//scripts/hubconf.py\n'}
[2.101059] (yolobot_recognition) StdoutLine: {'line': b'-- Up-to-date: /home/jsagx-6/itc01_ws/install/yolobot_recognition/share/yolobot_recognition//scripts/ros_recognition_yolo.py\n'}
[2.101611] (yolobot_recognition) StdoutLine: {'line': b'-- Up-to-date: /home/jsagx-6/itc01_ws/install/yolobot_recognition/share/yolobot_recognition//scripts/val.py\n'}
[2.101943] (yolobot_recognition) StdoutLine: {'line': b'-- Up-to-date: /home/jsagx-6/itc01_ws/install/yolobot_recognition/share/yolobot_recognition//scripts/setup.cfg\n'}
[2.102228] (yolobot_recognition) StdoutLine: {'line': b'-- Up-to-date: /home/jsagx-6/itc01_ws/install/yolobot_recognition/share/yolobot_recognition//scripts/best.pt\n'}
[2.102526] (yolobot_recognition) StdoutLine: {'line': b'-- Up-to-date: /home/jsagx-6/itc01_ws/install/yolobot_recognition/share/yolobot_recognition//scripts/utils\n'}
[2.102806] (yolobot_recognition) StdoutLine: {'line': b'-- Up-to-date: /home/jsagx-6/itc01_ws/install/yolobot_recognition/share/yolobot_recognition//scripts/utils/segment\n'}
[2.103113] (yolobot_recognition) StdoutLine: {'line': b'-- Up-to-date: /home/jsagx-6/itc01_ws/install/yolobot_recognition/share/yolobot_recognition//scripts/utils/segment/dataloaders.py\n'}
[2.103367] (yolobot_recognition) StdoutLine: {'line': b'-- Up-to-date: /home/jsagx-6/itc01_ws/install/yolobot_recognition/share/yolobot_recognition//scripts/utils/segment/plots.py\n'}
[2.103702] (yolobot_recognition) StdoutLine: {'line': b'-- Up-to-date: /home/jsagx-6/itc01_ws/install/yolobot_recognition/share/yolobot_recognition//scripts/utils/segment/augmentations.py\n'}
[2.103977] (yolobot_recognition) StdoutLine: {'line': b'-- Up-to-date: /home/jsagx-6/itc01_ws/install/yolobot_recognition/share/yolobot_recognition//scripts/utils/segment/general.py\n'}
[2.104322] (yolobot_recognition) StdoutLine: {'line': b'-- Up-to-date: /home/jsagx-6/itc01_ws/install/yolobot_recognition/share/yolobot_recognition//scripts/utils/segment/__init__.py\n'}
[2.104623] (yolobot_recognition) StdoutLine: {'line': b'-- Up-to-date: /home/jsagx-6/itc01_ws/install/yolobot_recognition/share/yolobot_recognition//scripts/utils/segment/metrics.py\n'}
[2.104893] (yolobot_recognition) StdoutLine: {'line': b'-- Up-to-date: /home/jsagx-6/itc01_ws/install/yolobot_recognition/share/yolobot_recognition//scripts/utils/segment/__pycache__\n'}
[2.105176] (yolobot_recognition) StdoutLine: {'line': b'-- Up-to-date: /home/jsagx-6/itc01_ws/install/yolobot_recognition/share/yolobot_recognition//scripts/utils/segment/__pycache__/__init__.cpython-38.pyc\n'}
[2.105435] (yolobot_recognition) StdoutLine: {'line': b'-- Up-to-date: /home/jsagx-6/itc01_ws/install/yolobot_recognition/share/yolobot_recognition//scripts/utils/segment/__pycache__/general.cpython-38.pyc\n'}
[2.105694] (yolobot_recognition) StdoutLine: {'line': b'-- Up-to-date: /home/jsagx-6/itc01_ws/install/yolobot_recognition/share/yolobot_recognition//scripts/utils/segment/__pycache__/__init__.cpython-310.pyc\n'}
[2.106715] (yolobot_recognition) StdoutLine: {'line': b'-- Up-to-date: /home/jsagx-6/itc01_ws/install/yolobot_recognition/share/yolobot_recognition//scripts/utils/segment/__pycache__/general.cpython-310.pyc\n'}
[2.108043] (yolobot_recognition) StdoutLine: {'line': b'-- Up-to-date: /home/jsagx-6/itc01_ws/install/yolobot_recognition/share/yolobot_recognition//scripts/utils/segment/loss.py\n'}
[2.110686] (yolobot_recognition) StdoutLine: {'line': b'-- Up-to-date: /home/jsagx-6/itc01_ws/install/yolobot_recognition/share/yolobot_recognition//scripts/utils/dataloaders.py\n'}
[2.113363] (yolobot_recognition) StdoutLine: {'line': b'-- Up-to-date: /home/jsagx-6/itc01_ws/install/yolobot_recognition/share/yolobot_recognition//scripts/utils/plots.py\n'}
[2.114219] (yolobot_recognition) StdoutLine: {'line': b'-- Up-to-date: /home/jsagx-6/itc01_ws/install/yolobot_recognition/share/yolobot_recognition//scripts/utils/augmentations.py\n'}
[2.114558] (yolobot_recognition) StdoutLine: {'line': b'-- Up-to-date: /home/jsagx-6/itc01_ws/install/yolobot_recognition/share/yolobot_recognition//scripts/utils/general.py\n'}
[2.115532] (yolobot_recognition) StdoutLine: {'line': b'-- Up-to-date: /home/jsagx-6/itc01_ws/install/yolobot_recognition/share/yolobot_recognition//scripts/utils/__init__.py\n'}
[2.116941] (yolobot_recognition) StdoutLine: {'line': b'-- Up-to-date: /home/jsagx-6/itc01_ws/install/yolobot_recognition/share/yolobot_recognition//scripts/utils/metrics.py\n'}
[2.118257] (yolobot_recognition) StdoutLine: {'line': b'-- Up-to-date: /home/jsagx-6/itc01_ws/install/yolobot_recognition/share/yolobot_recognition//scripts/utils/flask_rest_api\n'}
[2.118946] (-) TimerEvent: {}
[2.119452] (yolobot_recognition) StdoutLine: {'line': b'-- Up-to-date: /home/jsagx-6/itc01_ws/install/yolobot_recognition/share/yolobot_recognition//scripts/utils/flask_rest_api/example_request.py\n'}
[2.120776] (yolobot_recognition) StdoutLine: {'line': b'-- Up-to-date: /home/jsagx-6/itc01_ws/install/yolobot_recognition/share/yolobot_recognition//scripts/utils/flask_rest_api/README.md\n'}
[2.121520] (yolobot_recognition) StdoutLine: {'line': b'-- Up-to-date: /home/jsagx-6/itc01_ws/install/yolobot_recognition/share/yolobot_recognition//scripts/utils/flask_rest_api/restapi.py\n'}
[2.122072] (yolobot_recognition) StdoutLine: {'line': b'-- Up-to-date: /home/jsagx-6/itc01_ws/install/yolobot_recognition/share/yolobot_recognition//scripts/utils/__pycache__\n'}
[2.122694] (yolobot_recognition) StdoutLine: {'line': b'-- Up-to-date: /home/jsagx-6/itc01_ws/install/yolobot_recognition/share/yolobot_recognition//scripts/utils/__pycache__/autoanchor.cpython-38.pyc\n'}
[2.123247] (yolobot_recognition) StdoutLine: {'line': b'-- Up-to-date: /home/jsagx-6/itc01_ws/install/yolobot_recognition/share/yolobot_recognition//scripts/utils/__pycache__/__init__.cpython-38.pyc\n'}
[2.123812] (yolobot_recognition) StdoutLine: {'line': b'-- Up-to-date: /home/jsagx-6/itc01_ws/install/yolobot_recognition/share/yolobot_recognition//scripts/utils/__pycache__/autobatch.cpython-310.pyc\n'}
[2.124366] (yolobot_recognition) StdoutLine: {'line': b'-- Up-to-date: /home/jsagx-6/itc01_ws/install/yolobot_recognition/share/yolobot_recognition//scripts/utils/__pycache__/dataloaders.cpython-310.pyc\n'}
[2.125037] (yolobot_recognition) StdoutLine: {'line': b'-- Up-to-date: /home/jsagx-6/itc01_ws/install/yolobot_recognition/share/yolobot_recognition//scripts/utils/__pycache__/torch_utils.cpython-38.pyc\n'}
[2.125525] (yolobot_recognition) StdoutLine: {'line': b'-- Up-to-date: /home/jsagx-6/itc01_ws/install/yolobot_recognition/share/yolobot_recognition//scripts/utils/__pycache__/downloads.cpython-38.pyc\n'}
[2.126270] (yolobot_recognition) StdoutLine: {'line': b'-- Up-to-date: /home/jsagx-6/itc01_ws/install/yolobot_recognition/share/yolobot_recognition//scripts/utils/__pycache__/plots.cpython-310.pyc\n'}
[2.126846] (yolobot_recognition) StdoutLine: {'line': b'-- Up-to-date: /home/jsagx-6/itc01_ws/install/yolobot_recognition/share/yolobot_recognition//scripts/utils/__pycache__/downloads.cpython-310.pyc\n'}
[2.127341] (yolobot_recognition) StdoutLine: {'line': b'-- Up-to-date: /home/jsagx-6/itc01_ws/install/yolobot_recognition/share/yolobot_recognition//scripts/utils/__pycache__/torch_utils.cpython-310.pyc\n'}
[2.127662] (yolobot_recognition) StdoutLine: {'line': b'-- Up-to-date: /home/jsagx-6/itc01_ws/install/yolobot_recognition/share/yolobot_recognition//scripts/utils/__pycache__/general.cpython-38.pyc\n'}
[2.128928] (yolobot_recognition) StdoutLine: {'line': b'-- Up-to-date: /home/jsagx-6/itc01_ws/install/yolobot_recognition/share/yolobot_recognition//scripts/utils/__pycache__/plots.cpython-38.pyc\n'}
[2.129475] (yolobot_recognition) StdoutLine: {'line': b'-- Up-to-date: /home/jsagx-6/itc01_ws/install/yolobot_recognition/share/yolobot_recognition//scripts/utils/__pycache__/metrics.cpython-38.pyc\n'}
[2.130077] (yolobot_recognition) StdoutLine: {'line': b'-- Up-to-date: /home/jsagx-6/itc01_ws/install/yolobot_recognition/share/yolobot_recognition//scripts/utils/__pycache__/augmentations.cpython-38.pyc\n'}
[2.130752] (yolobot_recognition) StdoutLine: {'line': b'-- Up-to-date: /home/jsagx-6/itc01_ws/install/yolobot_recognition/share/yolobot_recognition//scripts/utils/__pycache__/__init__.cpython-310.pyc\n'}
[2.131159] (yolobot_recognition) StdoutLine: {'line': b'-- Up-to-date: /home/jsagx-6/itc01_ws/install/yolobot_recognition/share/yolobot_recognition//scripts/utils/__pycache__/callbacks.cpython-310.pyc\n'}
[2.131667] (yolobot_recognition) StdoutLine: {'line': b'-- Up-to-date: /home/jsagx-6/itc01_ws/install/yolobot_recognition/share/yolobot_recognition//scripts/utils/__pycache__/general.cpython-310.pyc\n'}
[2.132166] (yolobot_recognition) StdoutLine: {'line': b'-- Up-to-date: /home/jsagx-6/itc01_ws/install/yolobot_recognition/share/yolobot_recognition//scripts/utils/__pycache__/metrics.cpython-310.pyc\n'}
[2.132949] (yolobot_recognition) StdoutLine: {'line': b'-- Up-to-date: /home/jsagx-6/itc01_ws/install/yolobot_recognition/share/yolobot_recognition//scripts/utils/__pycache__/dataloaders.cpython-38.pyc\n'}
[2.133552] (yolobot_recognition) StdoutLine: {'line': b'-- Up-to-date: /home/jsagx-6/itc01_ws/install/yolobot_recognition/share/yolobot_recognition//scripts/utils/__pycache__/augmentations.cpython-310.pyc\n'}
[2.133930] (yolobot_recognition) StdoutLine: {'line': b'-- Up-to-date: /home/jsagx-6/itc01_ws/install/yolobot_recognition/share/yolobot_recognition//scripts/utils/__pycache__/autoanchor.cpython-310.pyc\n'}
[2.134528] (yolobot_recognition) StdoutLine: {'line': b'-- Up-to-date: /home/jsagx-6/itc01_ws/install/yolobot_recognition/share/yolobot_recognition//scripts/utils/autoanchor.py\n'}
[2.135042] (yolobot_recognition) StdoutLine: {'line': b'-- Up-to-date: /home/jsagx-6/itc01_ws/install/yolobot_recognition/share/yolobot_recognition//scripts/utils/activations.py\n'}
[2.135694] (yolobot_recognition) StdoutLine: {'line': b'-- Up-to-date: /home/jsagx-6/itc01_ws/install/yolobot_recognition/share/yolobot_recognition//scripts/utils/aws\n'}
[2.136257] (yolobot_recognition) StdoutLine: {'line': b'-- Up-to-date: /home/jsagx-6/itc01_ws/install/yolobot_recognition/share/yolobot_recognition//scripts/utils/aws/resume.py\n'}
[2.137280] (yolobot_recognition) StdoutLine: {'line': b'-- Up-to-date: /home/jsagx-6/itc01_ws/install/yolobot_recognition/share/yolobot_recognition//scripts/utils/aws/__init__.py\n'}
[2.137770] (yolobot_recognition) StdoutLine: {'line': b'-- Up-to-date: /home/jsagx-6/itc01_ws/install/yolobot_recognition/share/yolobot_recognition//scripts/utils/aws/mime.sh\n'}
[2.138456] (yolobot_recognition) StdoutLine: {'line': b'-- Up-to-date: /home/jsagx-6/itc01_ws/install/yolobot_recognition/share/yolobot_recognition//scripts/utils/aws/userdata.sh\n'}
[2.138828] (yolobot_recognition) StdoutLine: {'line': b'-- Up-to-date: /home/jsagx-6/itc01_ws/install/yolobot_recognition/share/yolobot_recognition//scripts/utils/autobatch.py\n'}
[2.139153] (yolobot_recognition) StdoutLine: {'line': b'-- Up-to-date: /home/jsagx-6/itc01_ws/install/yolobot_recognition/share/yolobot_recognition//scripts/utils/callbacks.py\n'}
[2.140450] (yolobot_recognition) StdoutLine: {'line': b'-- Up-to-date: /home/jsagx-6/itc01_ws/install/yolobot_recognition/share/yolobot_recognition//scripts/utils/downloads.py\n'}
[2.140919] (yolobot_recognition) StdoutLine: {'line': b'-- Up-to-date: /home/jsagx-6/itc01_ws/install/yolobot_recognition/share/yolobot_recognition//scripts/utils/docker\n'}
[2.143760] (yolobot_recognition) StdoutLine: {'line': b'-- Up-to-date: /home/jsagx-6/itc01_ws/install/yolobot_recognition/share/yolobot_recognition//scripts/utils/docker/Dockerfile-arm64\n'}
[2.144448] (yolobot_recognition) StdoutLine: {'line': b'-- Up-to-date: /home/jsagx-6/itc01_ws/install/yolobot_recognition/share/yolobot_recognition//scripts/utils/docker/Dockerfile\n'}
[2.145255] (yolobot_recognition) StdoutLine: {'line': b'-- Up-to-date: /home/jsagx-6/itc01_ws/install/yolobot_recognition/share/yolobot_recognition//scripts/utils/docker/Dockerfile-cpu\n'}
[2.145779] (yolobot_recognition) StdoutLine: {'line': b'-- Up-to-date: /home/jsagx-6/itc01_ws/install/yolobot_recognition/share/yolobot_recognition//scripts/utils/loss.py\n'}
[2.146288] (yolobot_recognition) StdoutLine: {'line': b'-- Up-to-date: /home/jsagx-6/itc01_ws/install/yolobot_recognition/share/yolobot_recognition//scripts/utils/loggers\n'}
[2.146681] (yolobot_recognition) StdoutLine: {'line': b'-- Up-to-date: /home/jsagx-6/itc01_ws/install/yolobot_recognition/share/yolobot_recognition//scripts/utils/loggers/__init__.py\n'}
[2.147180] (yolobot_recognition) StdoutLine: {'line': b'-- Up-to-date: /home/jsagx-6/itc01_ws/install/yolobot_recognition/share/yolobot_recognition//scripts/utils/loggers/__pycache__\n'}
[2.147528] (yolobot_recognition) StdoutLine: {'line': b'-- Up-to-date: /home/jsagx-6/itc01_ws/install/yolobot_recognition/share/yolobot_recognition//scripts/utils/loggers/__pycache__/__init__.cpython-310.pyc\n'}
[2.148127] (yolobot_recognition) StdoutLine: {'line': b'-- Up-to-date: /home/jsagx-6/itc01_ws/install/yolobot_recognition/share/yolobot_recognition//scripts/utils/loggers/comet\n'}
[2.148864] (yolobot_recognition) StdoutLine: {'line': b'-- Up-to-date: /home/jsagx-6/itc01_ws/install/yolobot_recognition/share/yolobot_recognition//scripts/utils/loggers/comet/comet_utils.py\n'}
[2.149710] (yolobot_recognition) StdoutLine: {'line': b'-- Up-to-date: /home/jsagx-6/itc01_ws/install/yolobot_recognition/share/yolobot_recognition//scripts/utils/loggers/comet/README.md\n'}
[2.150171] (yolobot_recognition) StdoutLine: {'line': b'-- Up-to-date: /home/jsagx-6/itc01_ws/install/yolobot_recognition/share/yolobot_recognition//scripts/utils/loggers/comet/__init__.py\n'}
[2.150643] (yolobot_recognition) StdoutLine: {'line': b'-- Up-to-date: /home/jsagx-6/itc01_ws/install/yolobot_recognition/share/yolobot_recognition//scripts/utils/loggers/comet/hpo.py\n'}
[2.151454] (yolobot_recognition) StdoutLine: {'line': b'-- Up-to-date: /home/jsagx-6/itc01_ws/install/yolobot_recognition/share/yolobot_recognition//scripts/utils/loggers/comet/optimizer_config.json\n'}
[2.151911] (yolobot_recognition) StdoutLine: {'line': b'-- Up-to-date: /home/jsagx-6/itc01_ws/install/yolobot_recognition/share/yolobot_recognition//scripts/utils/loggers/clearml\n'}
[2.152364] (yolobot_recognition) StdoutLine: {'line': b'-- Up-to-date: /home/jsagx-6/itc01_ws/install/yolobot_recognition/share/yolobot_recognition//scripts/utils/loggers/clearml/README.md\n'}
[2.152785] (yolobot_recognition) StdoutLine: {'line': b'-- Up-to-date: /home/jsagx-6/itc01_ws/install/yolobot_recognition/share/yolobot_recognition//scripts/utils/loggers/clearml/__init__.py\n'}
[2.153211] (yolobot_recognition) StdoutLine: {'line': b'-- Up-to-date: /home/jsagx-6/itc01_ws/install/yolobot_recognition/share/yolobot_recognition//scripts/utils/loggers/clearml/hpo.py\n'}
[2.153613] (yolobot_recognition) StdoutLine: {'line': b'-- Up-to-date: /home/jsagx-6/itc01_ws/install/yolobot_recognition/share/yolobot_recognition//scripts/utils/loggers/clearml/clearml_utils.py\n'}
[2.154002] (yolobot_recognition) StdoutLine: {'line': b'-- Up-to-date: /home/jsagx-6/itc01_ws/install/yolobot_recognition/share/yolobot_recognition//scripts/utils/loggers/wandb\n'}
[2.154400] (yolobot_recognition) StdoutLine: {'line': b'-- Up-to-date: /home/jsagx-6/itc01_ws/install/yolobot_recognition/share/yolobot_recognition//scripts/utils/loggers/wandb/wandb_utils.py\n'}
[2.154848] (yolobot_recognition) StdoutLine: {'line': b'-- Up-to-date: /home/jsagx-6/itc01_ws/install/yolobot_recognition/share/yolobot_recognition//scripts/utils/loggers/wandb/__init__.py\n'}
[2.155259] (yolobot_recognition) StdoutLine: {'line': b'-- Up-to-date: /home/jsagx-6/itc01_ws/install/yolobot_recognition/share/yolobot_recognition//scripts/utils/torch_utils.py\n'}
[2.155796] (yolobot_recognition) StdoutLine: {'line': b'-- Up-to-date: /home/jsagx-6/itc01_ws/install/yolobot_recognition/share/yolobot_recognition//scripts/utils/google_app_engine\n'}
[2.156303] (yolobot_recognition) StdoutLine: {'line': b'-- Up-to-date: /home/jsagx-6/itc01_ws/install/yolobot_recognition/share/yolobot_recognition//scripts/utils/google_app_engine/additional_requirements.txt\n'}
[2.156785] (yolobot_recognition) StdoutLine: {'line': b'-- Up-to-date: /home/jsagx-6/itc01_ws/install/yolobot_recognition/share/yolobot_recognition//scripts/utils/google_app_engine/Dockerfile\n'}
[2.157451] (yolobot_recognition) StdoutLine: {'line': b'-- Up-to-date: /home/jsagx-6/itc01_ws/install/yolobot_recognition/share/yolobot_recognition//scripts/utils/google_app_engine/app.yaml\n'}
[2.159442] (yolobot_recognition) StdoutLine: {'line': b'-- Up-to-date: /home/jsagx-6/itc01_ws/install/yolobot_recognition/share/yolobot_recognition//scripts/utils/triton.py\n'}
[2.159959] (yolobot_recognition) StdoutLine: {'line': b'-- Up-to-date: /home/jsagx-6/itc01_ws/install/yolobot_recognition/share/yolobot_recognition//scripts/webcam_pub.py\n'}
[2.161300] (yolobot_recognition) StdoutLine: {'line': b'-- Up-to-date: /home/jsagx-6/itc01_ws/install/yolobot_recognition/share/yolobot_recognition//scripts/benchmarks.py\n'}
[2.161786] (yolobot_recognition) StdoutLine: {'line': b'-- Up-to-date: /home/jsagx-6/itc01_ws/install/yolobot_recognition/share/yolobot_recognition//scripts/.gitattributes\n'}
[2.162297] (yolobot_recognition) StdoutLine: {'line': b'-- Up-to-date: /home/jsagx-6/itc01_ws/install/yolobot_recognition/share/yolobot_recognition//scripts/ros_yolo_sub.py\n'}
[2.163298] (yolobot_recognition) StdoutLine: {'line': b'-- Up-to-date: /home/jsagx-6/itc01_ws/install/yolobot_recognition/lib/yolobot_recognition/ros_recognition_yolo.py\n'}
[2.163792] (yolobot_recognition) StdoutLine: {'line': b'-- Up-to-date: /home/jsagx-6/itc01_ws/install/yolobot_recognition/lib/yolobot_recognition/yolov5_detection.py\n'}
[2.164635] (yolobot_recognition) StdoutLine: {'line': b'-- Up-to-date: /home/jsagx-6/itc01_ws/install/yolobot_recognition/lib/yolobot_recognition/webcam_pub.py\n'}
[2.165037] (yolobot_recognition) StdoutLine: {'line': b'-- Up-to-date: /home/jsagx-6/itc01_ws/install/yolobot_recognition/lib/yolobot_recognition/ros_yolo_sub.py\n'}
[2.165544] (yolobot_recognition) StdoutLine: {'line': b'-- Up-to-date: /home/jsagx-6/itc01_ws/install/yolobot_recognition/share/ament_index/resource_index/package_run_dependencies/yolobot_recognition\n'}
[2.166448] (yolobot_recognition) StdoutLine: {'line': b'-- Up-to-date: /home/jsagx-6/itc01_ws/install/yolobot_recognition/share/ament_index/resource_index/parent_prefix_path/yolobot_recognition\n'}
[2.166935] (yolobot_recognition) StdoutLine: {'line': b'-- Up-to-date: /home/jsagx-6/itc01_ws/install/yolobot_recognition/share/yolobot_recognition/environment/ament_prefix_path.sh\n'}
[2.167940] (yolobot_recognition) StdoutLine: {'line': b'-- Up-to-date: /home/jsagx-6/itc01_ws/install/yolobot_recognition/share/yolobot_recognition/environment/ament_prefix_path.dsv\n'}
[2.168498] (yolobot_recognition) StdoutLine: {'line': b'-- Up-to-date: /home/jsagx-6/itc01_ws/install/yolobot_recognition/share/yolobot_recognition/environment/path.sh\n'}
[2.170660] (yolobot_recognition) StdoutLine: {'line': b'-- Up-to-date: /home/jsagx-6/itc01_ws/install/yolobot_recognition/share/yolobot_recognition/environment/path.dsv\n'}
[2.171832] (yolobot_recognition) StdoutLine: {'line': b'-- Up-to-date: /home/jsagx-6/itc01_ws/install/yolobot_recognition/share/yolobot_recognition/local_setup.bash\n'}
[2.172776] (yolobot_recognition) StdoutLine: {'line': b'-- Up-to-date: /home/jsagx-6/itc01_ws/install/yolobot_recognition/share/yolobot_recognition/local_setup.sh\n'}
[2.174938] (yolobot_recognition) StdoutLine: {'line': b'-- Up-to-date: /home/jsagx-6/itc01_ws/install/yolobot_recognition/share/yolobot_recognition/local_setup.zsh\n'}
[2.176882] (yolobot_recognition) StdoutLine: {'line': b'-- Up-to-date: /home/jsagx-6/itc01_ws/install/yolobot_recognition/share/yolobot_recognition/local_setup.dsv\n'}
[2.177325] (yolobot_recognition) StdoutLine: {'line': b'-- Installing: /home/jsagx-6/itc01_ws/install/yolobot_recognition/share/yolobot_recognition/package.dsv\n'}
[2.179394] (yolobot_recognition) StdoutLine: {'line': b'-- Up-to-date: /home/jsagx-6/itc01_ws/install/yolobot_recognition/share/ament_index/resource_index/packages/yolobot_recognition\n'}
[2.179985] (yolobot_recognition) StdoutLine: {'line': b'-- Up-to-date: /home/jsagx-6/itc01_ws/install/yolobot_recognition/share/yolobot_recognition/cmake/yolobot_recognitionConfig.cmake\n'}
[2.180618] (yolobot_recognition) StdoutLine: {'line': b'-- Up-to-date: /home/jsagx-6/itc01_ws/install/yolobot_recognition/share/yolobot_recognition/cmake/yolobot_recognitionConfig-version.cmake\n'}
[2.181541] (yolobot_recognition) StdoutLine: {'line': b'-- Up-to-date: /home/jsagx-6/itc01_ws/install/yolobot_recognition/share/yolobot_recognition/package.xml\n'}
[2.181963] (yolobot_recognition) CommandEnded: {'returncode': 0}
[2.184155] (yolov8_msgs) StdoutLine: {'line': b'[ 74%] Built target yolov8_msgs__rosidl_typesupport_fastrtps_c\n'}
[2.219562] (-) TimerEvent: {}
[2.221569] (yolov8_msgs) StdoutLine: {'line': b'[ 74%] Built target yolov8_msgs\n'}
[2.297601] (yolov8_msgs) StdoutLine: {'line': b'[ 76%] Built target yolov8_msgs__py\n'}
[2.299966] (yolobot_recognition) JobEnded: {'identifier': 'yolobot_recognition', 'rc': 0}
[2.319547] (-) TimerEvent: {}
[2.390430] (yolov8_msgs) StdoutLine: {'line': b'[ 84%] Built target yolov8_msgs__python\n'}
[2.419790] (-) TimerEvent: {}
[2.483691] (yolov8_msgs) StdoutLine: {'line': b'[ 94%] Built target yolov8_msgs__rosidl_typesupport_fastrtps_c__pyext\n'}
[2.484371] (yolov8_msgs) StdoutLine: {'line': b'[ 94%] Built target yolov8_msgs__rosidl_typesupport_introspection_c__pyext\n'}
[2.486452] (yolov8_msgs) StdoutLine: {'line': b'[100%] Built target yolov8_msgs__rosidl_typesupport_c__pyext\n'}
[2.520014] (-) TimerEvent: {}
[2.527439] (yolov8_msgs) CommandEnded: {'returncode': 0}
[2.620571] (-) TimerEvent: {}
[2.722196] (-) TimerEvent: {}
[2.749254] (yolov8_msgs) JobProgress: {'identifier': 'yolov8_msgs', 'progress': 'install'}
[2.754971] (yolov8_msgs) Command: {'cmd': ['/usr/bin/cmake', '--install', '/home/jsagx-6/itc01_ws/build/yolov8_msgs'], 'cwd': '/home/jsagx-6/itc01_ws/build/yolov8_msgs', 'env': OrderedDict([('USER', 'jsagx-6'), ('SSH_CLIENT', '192.168.77.208 36460 22'), ('LC_TIME', 'km_KH'), ('XDG_SESSION_TYPE', 'tty'), ('SHLVL', '1'), ('LD_LIBRARY_PATH', '/opt/ros/foxy/opt/yaml_cpp_vendor/lib:/opt/ros/foxy/lib/aarch64-linux-gnu:/opt/ros/foxy/lib:/home/jsagx-6/itc01_ws/install/yolov8_msgs/lib'), ('MOTD_SHOWN', 'pam'), ('HOME', '/home/jsagx-6'), ('OLDPWD', '/home/jsagx-6'), ('SSH_TTY', '/dev/pts/0'), ('JETSON_L4T', '35.5.0'), ('ROS_PYTHON_VERSION', '3'), ('JETSON_MODEL', 'Jetson-AGX'), ('LC_MONETARY', 'km_KH'), ('DBUS_SESSION_BUS_ADDRESS', 'unix:path=/run/user/1000/bus'), ('COLCON_PREFIX_PATH', '/home/jsagx-6/itc01_ws/install'), ('ROS_DISTRO', 'foxy'), ('LOGNAME', 'jsagx-6'), ('JETSON_MODULE', 'NVIDIA Jetson AGX Xavier (32 GB ram)'), ('JETSON_SERIAL_NUMBER', '1561221004404'), ('_', '/usr/bin/colcon'), ('ROS_VERSION', '2'), ('JETSON_CODENAME', 'Galen'), ('XDG_SESSION_CLASS', 'user'), ('TERM', 'xterm-256color'), ('XDG_SESSION_ID', '6'), ('ROS_LOCALHOST_ONLY', '0'), ('PATH', '/opt/ros/foxy/bin:/usr/local/sbin:/usr/local/bin:/usr/sbin:/usr/bin:/sbin:/bin:/usr/games:/usr/local/games:/snap/bin'), ('LC_ADDRESS', 'km_KH'), ('XDG_RUNTIME_DIR', '/run/user/1000'), ('LANG', 'en_US.UTF-8'), ('LC_TELEPHONE', 'km_KH'), ('JETSON_SOC', 'tegra194'), ('AMENT_PREFIX_PATH', '/opt/ros/foxy:/home/jsagx-6/itc01_ws/install/yolov8_msgs:/home/jsagx-6/itc01_ws/install/yolobot_recognition:/home/jsagx-6/itc01_ws/install/mr2_realsense:/home/jsagx-6/itc01_ws/install/buffalo_robot'), ('SHELL', '/bin/bash'), ('LC_NAME', 'km_KH'), ('LC_MEASUREMENT', 'km_KH'), ('LC_IDENTIFICATION', 'km_KH'), ('JETSON_CUDA_ARCH_BIN', '7.2'), ('PWD', '/home/jsagx-6/itc01_ws/build/yolov8_msgs'), ('LC_ALL', 'en_US.UTF-8'), ('SSH_CONNECTION', '192.168.77.208 36460 192.168.77.206 22'), ('XDG_DATA_DIRS', '/usr/local/share:/usr/share:/var/lib/snapd/desktop'), ('PYTHONPATH', '/opt/ros/foxy/lib/python3.8/site-packages:/home/jsagx-6/itc01_ws/install/yolov8_msgs/lib/python3.8/site-packages:/home/jsagx-6/itc01_ws/install/mr2_realsense/lib/python3.8/site-packages:/home/jsagx-6/itc01_ws/install/buffalo_robot/lib/python3.8/site-packages'), ('LC_NUMERIC', 'km_KH'), ('LC_PAPER', 'km_KH'), ('COLCON', '1'), ('JETSON_JETPACK', '5.1.3'), ('CMAKE_PREFIX_PATH', '/opt/ros/foxy:/home/jsagx-6/itc01_ws/install/yolov8_msgs:/home/jsagx-6/itc01_ws/install/yolobot_recognition:/home/jsagx-6/itc01_ws/install/mr2_realsense:/home/jsagx-6/itc01_ws/install/buffalo_robot'), ('JETSON_P_NUMBER', 'p2888-0004')]), 'shell': False}
[2.786765] (yolov8_msgs) StdoutLine: {'line': b'-- Install configuration: ""\n'}
[2.787746] (yolov8_msgs) StdoutLine: {'line': b'-- Up-to-date: /home/jsagx-6/itc01_ws/install/yolov8_msgs/share/ament_index/resource_index/rosidl_interfaces/yolov8_msgs\n'}
[2.788648] (yolov8_msgs) StdoutLine: {'line': b'-- Up-to-date: /home/jsagx-6/itc01_ws/install/yolov8_msgs/include/yolov8_msgs\n'}
[2.789738] (yolov8_msgs) StdoutLine: {'line': b'-- Up-to-date: /home/jsagx-6/itc01_ws/install/yolov8_msgs/include/yolov8_msgs/msg\n'}
[2.790428] (yolov8_msgs) StdoutLine: {'line': b'-- Up-to-date: /home/jsagx-6/itc01_ws/install/yolov8_msgs/include/yolov8_msgs/msg/yolov8_inference.h\n'}
[2.790992] (yolov8_msgs) StdoutLine: {'line': b'-- Up-to-date: /home/jsagx-6/itc01_ws/install/yolov8_msgs/include/yolov8_msgs/msg/detail\n'}
[2.791408] (yolov8_msgs) StdoutLine: {'line': b'-- Up-to-date: /home/jsagx-6/itc01_ws/install/yolov8_msgs/include/yolov8_msgs/msg/detail/inference_result__functions.c\n'}
[2.791769] (yolov8_msgs) StdoutLine: {'line': b'-- Up-to-date: /home/jsagx-6/itc01_ws/install/yolov8_msgs/include/yolov8_msgs/msg/detail/inference_result__type_support.h\n'}
[2.792063] (yolov8_msgs) StdoutLine: {'line': b'-- Up-to-date: /home/jsagx-6/itc01_ws/install/yolov8_msgs/include/yolov8_msgs/msg/detail/yolov8_inference__functions.h\n'}
[2.792448] (yolov8_msgs) StdoutLine: {'line': b'-- Up-to-date: /home/jsagx-6/itc01_ws/install/yolov8_msgs/include/yolov8_msgs/msg/detail/yolov8_inference__type_support.h\n'}
[2.792760] (yolov8_msgs) StdoutLine: {'line': b'-- Up-to-date: /home/jsagx-6/itc01_ws/install/yolov8_msgs/include/yolov8_msgs/msg/detail/yolov8_inference__struct.h\n'}
[2.793046] (yolov8_msgs) StdoutLine: {'line': b'-- Up-to-date: /home/jsagx-6/itc01_ws/install/yolov8_msgs/include/yolov8_msgs/msg/detail/yolov8_inference__functions.c\n'}
[2.793481] (yolov8_msgs) StdoutLine: {'line': b'-- Up-to-date: /home/jsagx-6/itc01_ws/install/yolov8_msgs/include/yolov8_msgs/msg/detail/inference_result__functions.h\n'}
[2.793754] (yolov8_msgs) StdoutLine: {'line': b'-- Up-to-date: /home/jsagx-6/itc01_ws/install/yolov8_msgs/include/yolov8_msgs/msg/detail/inference_result__struct.h\n'}
[2.794038] (yolov8_msgs) StdoutLine: {'line': b'-- Up-to-date: /home/jsagx-6/itc01_ws/install/yolov8_msgs/include/yolov8_msgs/msg/rosidl_generator_c__visibility_control.h\n'}
[2.794314] (yolov8_msgs) StdoutLine: {'line': b'-- Up-to-date: /home/jsagx-6/itc01_ws/install/yolov8_msgs/include/yolov8_msgs/msg/inference_result.h\n'}
[2.794927] (yolov8_msgs) StdoutLine: {'line': b'-- Up-to-date: /home/jsagx-6/itc01_ws/install/yolov8_msgs/share/yolov8_msgs/environment/library_path.sh\n'}
[2.795509] (yolov8_msgs) StdoutLine: {'line': b'-- Up-to-date: /home/jsagx-6/itc01_ws/install/yolov8_msgs/share/yolov8_msgs/environment/library_path.dsv\n'}
[2.795830] (yolov8_msgs) StdoutLine: {'line': b'-- Up-to-date: /home/jsagx-6/itc01_ws/install/yolov8_msgs/lib/libyolov8_msgs__rosidl_generator_c.so\n'}
[2.796123] (yolov8_msgs) StdoutLine: {'line': b'-- Up-to-date: /home/jsagx-6/itc01_ws/install/yolov8_msgs/include/yolov8_msgs\n'}
[2.796469] (yolov8_msgs) StdoutLine: {'line': b'-- Up-to-date: /home/jsagx-6/itc01_ws/install/yolov8_msgs/include/yolov8_msgs/msg\n'}
[2.796735] (yolov8_msgs) StdoutLine: {'line': b'-- Up-to-date: /home/jsagx-6/itc01_ws/install/yolov8_msgs/include/yolov8_msgs/msg/detail\n'}
[2.797080] (yolov8_msgs) StdoutLine: {'line': b'-- Up-to-date: /home/jsagx-6/itc01_ws/install/yolov8_msgs/include/yolov8_msgs/msg/detail/yolov8_inference__rosidl_typesupport_fastrtps_c.h\n'}
[2.797559] (yolov8_msgs) StdoutLine: {'line': b'-- Up-to-date: /home/jsagx-6/itc01_ws/install/yolov8_msgs/include/yolov8_msgs/msg/detail/inference_result__rosidl_typesupport_fastrtps_c.h\n'}
[2.797832] (yolov8_msgs) StdoutLine: {'line': b'-- Up-to-date: /home/jsagx-6/itc01_ws/install/yolov8_msgs/include/yolov8_msgs/msg/rosidl_typesupport_fastrtps_c__visibility_control.h\n'}
[2.798094] (yolov8_msgs) StdoutLine: {'line': b'-- Up-to-date: /home/jsagx-6/itc01_ws/install/yolov8_msgs/lib/libyolov8_msgs__rosidl_typesupport_fastrtps_c.so\n'}
[2.798616] (yolov8_msgs) StdoutLine: {'line': b'-- Up-to-date: /home/jsagx-6/itc01_ws/install/yolov8_msgs/include/yolov8_msgs\n'}
[2.799235] (yolov8_msgs) StdoutLine: {'line': b'-- Up-to-date: /home/jsagx-6/itc01_ws/install/yolov8_msgs/include/yolov8_msgs/msg\n'}
[2.799794] (yolov8_msgs) StdoutLine: {'line': b'-- Up-to-date: /home/jsagx-6/itc01_ws/install/yolov8_msgs/include/yolov8_msgs/msg/rosidl_typesupport_fastrtps_cpp__visibility_control.h\n'}
[2.800099] (yolov8_msgs) StdoutLine: {'line': b'-- Up-to-date: /home/jsagx-6/itc01_ws/install/yolov8_msgs/include/yolov8_msgs/msg/detail\n'}
[2.800455] (yolov8_msgs) StdoutLine: {'line': b'-- Up-to-date: /home/jsagx-6/itc01_ws/install/yolov8_msgs/include/yolov8_msgs/msg/detail/yolov8_inference__rosidl_typesupport_fastrtps_cpp.hpp\n'}
[2.800754] (yolov8_msgs) StdoutLine: {'line': b'-- Up-to-date: /home/jsagx-6/itc01_ws/install/yolov8_msgs/include/yolov8_msgs/msg/detail/inference_result__rosidl_typesupport_fastrtps_cpp.hpp\n'}
[2.801110] (yolov8_msgs) StdoutLine: {'line': b'-- Up-to-date: /home/jsagx-6/itc01_ws/install/yolov8_msgs/include/yolov8_msgs/msg/detail/dds_fastrtps\n'}
[2.801544] (yolov8_msgs) StdoutLine: {'line': b'-- Up-to-date: /home/jsagx-6/itc01_ws/install/yolov8_msgs/lib/libyolov8_msgs__rosidl_typesupport_fastrtps_cpp.so\n'}
[2.802736] (yolov8_msgs) StdoutLine: {'line': b'-- Up-to-date: /home/jsagx-6/itc01_ws/install/yolov8_msgs/include/yolov8_msgs\n'}
[2.803355] (yolov8_msgs) StdoutLine: {'line': b'-- Up-to-date: /home/jsagx-6/itc01_ws/install/yolov8_msgs/include/yolov8_msgs/msg\n'}
[2.803953] (yolov8_msgs) StdoutLine: {'line': b'-- Up-to-date: /home/jsagx-6/itc01_ws/install/yolov8_msgs/include/yolov8_msgs/msg/detail\n'}
[2.804291] (yolov8_msgs) StdoutLine: {'line': b'-- Up-to-date: /home/jsagx-6/itc01_ws/install/yolov8_msgs/include/yolov8_msgs/msg/detail/inference_result__rosidl_typesupport_introspection_c.h\n'}
[2.804589] (yolov8_msgs) StdoutLine: {'line': b'-- Up-to-date: /home/jsagx-6/itc01_ws/install/yolov8_msgs/include/yolov8_msgs/msg/detail/yolov8_inference__type_support.c\n'}
[2.804884] (yolov8_msgs) StdoutLine: {'line': b'-- Up-to-date: /home/jsagx-6/itc01_ws/install/yolov8_msgs/include/yolov8_msgs/msg/detail/inference_result__type_support.c\n'}
[2.805155] (yolov8_msgs) StdoutLine: {'line': b'-- Up-to-date: /home/jsagx-6/itc01_ws/install/yolov8_msgs/include/yolov8_msgs/msg/detail/yolov8_inference__rosidl_typesupport_introspection_c.h\n'}
[2.805436] (yolov8_msgs) StdoutLine: {'line': b'-- Up-to-date: /home/jsagx-6/itc01_ws/install/yolov8_msgs/include/yolov8_msgs/msg/rosidl_typesupport_introspection_c__visibility_control.h\n'}
[2.805857] (yolov8_msgs) StdoutLine: {'line': b'-- Up-to-date: /home/jsagx-6/itc01_ws/install/yolov8_msgs/lib/libyolov8_msgs__rosidl_typesupport_introspection_c.so\n'}
[2.807705] (yolov8_msgs) StdoutLine: {'line': b'-- Up-to-date: /home/jsagx-6/itc01_ws/install/yolov8_msgs/lib/libyolov8_msgs__rosidl_typesupport_c.so\n'}
[2.808793] (yolov8_msgs) StdoutLine: {'line': b'-- Up-to-date: /home/jsagx-6/itc01_ws/install/yolov8_msgs/include/yolov8_msgs\n'}
[2.809394] (yolov8_msgs) StdoutLine: {'line': b'-- Up-to-date: /home/jsagx-6/itc01_ws/install/yolov8_msgs/include/yolov8_msgs/msg\n'}
[2.810062] (yolov8_msgs) StdoutLine: {'line': b'-- Up-to-date: /home/jsagx-6/itc01_ws/install/yolov8_msgs/include/yolov8_msgs/msg/detail\n'}
[2.810741] (yolov8_msgs) StdoutLine: {'line': b'-- Up-to-date: /home/jsagx-6/itc01_ws/install/yolov8_msgs/include/yolov8_msgs/msg/detail/inference_result__type_support.hpp\n'}
[2.811310] (yolov8_msgs) StdoutLine: {'line': b'-- Up-to-date: /home/jsagx-6/itc01_ws/install/yolov8_msgs/include/yolov8_msgs/msg/detail/inference_result__struct.hpp\n'}
[2.811826] (yolov8_msgs) StdoutLine: {'line': b'-- Up-to-date: /home/jsagx-6/itc01_ws/install/yolov8_msgs/include/yolov8_msgs/msg/detail/yolov8_inference__traits.hpp\n'}
[2.812284] (yolov8_msgs) StdoutLine: {'line': b'-- Up-to-date: /home/jsagx-6/itc01_ws/install/yolov8_msgs/include/yolov8_msgs/msg/detail/yolov8_inference__builder.hpp\n'}
[2.812609] (yolov8_msgs) StdoutLine: {'line': b'-- Up-to-date: /home/jsagx-6/itc01_ws/install/yolov8_msgs/include/yolov8_msgs/msg/detail/yolov8_inference__struct.hpp\n'}
[2.812935] (yolov8_msgs) StdoutLine: {'line': b'-- Up-to-date: /home/jsagx-6/itc01_ws/install/yolov8_msgs/include/yolov8_msgs/msg/detail/yolov8_inference__type_support.hpp\n'}
[2.813211] (yolov8_msgs) StdoutLine: {'line': b'-- Up-to-date: /home/jsagx-6/itc01_ws/install/yolov8_msgs/include/yolov8_msgs/msg/detail/inference_result__builder.hpp\n'}
[2.813478] (yolov8_msgs) StdoutLine: {'line': b'-- Up-to-date: /home/jsagx-6/itc01_ws/install/yolov8_msgs/include/yolov8_msgs/msg/detail/inference_result__traits.hpp\n'}
[2.813933] (yolov8_msgs) StdoutLine: {'line': b'-- Up-to-date: /home/jsagx-6/itc01_ws/install/yolov8_msgs/include/yolov8_msgs/msg/yolov8_inference.hpp\n'}
[2.814231] (yolov8_msgs) StdoutLine: {'line': b'-- Up-to-date: /home/jsagx-6/itc01_ws/install/yolov8_msgs/include/yolov8_msgs/msg/rosidl_generator_cpp__visibility_control.hpp\n'}
[2.814543] (yolov8_msgs) StdoutLine: {'line': b'-- Up-to-date: /home/jsagx-6/itc01_ws/install/yolov8_msgs/include/yolov8_msgs/msg/inference_result.hpp\n'}
[2.814813] (yolov8_msgs) StdoutLine: {'line': b'-- Up-to-date: /home/jsagx-6/itc01_ws/install/yolov8_msgs/include/yolov8_msgs\n'}
[2.815120] (yolov8_msgs) StdoutLine: {'line': b'-- Up-to-date: /home/jsagx-6/itc01_ws/install/yolov8_msgs/include/yolov8_msgs/msg\n'}
[2.815408] (yolov8_msgs) StdoutLine: {'line': b'-- Up-to-date: /home/jsagx-6/itc01_ws/install/yolov8_msgs/include/yolov8_msgs/msg/detail\n'}
[2.815666] (yolov8_msgs) StdoutLine: {'line': b'-- Up-to-date: /home/jsagx-6/itc01_ws/install/yolov8_msgs/include/yolov8_msgs/msg/detail/inference_result__rosidl_typesupport_introspection_cpp.hpp\n'}
[2.816083] (yolov8_msgs) StdoutLine: {'line': b'-- Up-to-date: /home/jsagx-6/itc01_ws/install/yolov8_msgs/include/yolov8_msgs/msg/detail/yolov8_inference__rosidl_typesupport_introspection_cpp.hpp\n'}
[2.816465] (yolov8_msgs) StdoutLine: {'line': b'-- Up-to-date: /home/jsagx-6/itc01_ws/install/yolov8_msgs/include/yolov8_msgs/msg/detail/yolov8_inference__type_support.cpp\n'}
[2.816776] (yolov8_msgs) StdoutLine: {'line': b'-- Up-to-date: /home/jsagx-6/itc01_ws/install/yolov8_msgs/include/yolov8_msgs/msg/detail/inference_result__type_support.cpp\n'}
[2.817175] (yolov8_msgs) StdoutLine: {'line': b'-- Up-to-date: /home/jsagx-6/itc01_ws/install/yolov8_msgs/lib/libyolov8_msgs__rosidl_typesupport_introspection_cpp.so\n'}
[2.817630] (yolov8_msgs) StdoutLine: {'line': b'-- Up-to-date: /home/jsagx-6/itc01_ws/install/yolov8_msgs/lib/libyolov8_msgs__rosidl_typesupport_cpp.so\n'}
[2.818007] (yolov8_msgs) StdoutLine: {'line': b'-- Up-to-date: /home/jsagx-6/itc01_ws/install/yolov8_msgs/share/yolov8_msgs/environment/pythonpath.sh\n'}
[2.818349] (yolov8_msgs) StdoutLine: {'line': b'-- Up-to-date: /home/jsagx-6/itc01_ws/install/yolov8_msgs/share/yolov8_msgs/environment/pythonpath.dsv\n'}
[2.818638] (yolov8_msgs) StdoutLine: {'line': b'-- Up-to-date: /home/jsagx-6/itc01_ws/install/yolov8_msgs/lib/python3.8/site-packages/yolov8_msgs/__init__.py\n'}
[2.822373] (-) TimerEvent: {}
[2.923419] (-) TimerEvent: {}
[2.935357] (yolov8_msgs) StdoutLine: {'line': b'-- Up-to-date: /home/jsagx-6/itc01_ws/install/yolov8_msgs/lib/python3.8/site-packages/yolov8_msgs/msg\n'}
[2.936336] (yolov8_msgs) StdoutLine: {'line': b'-- Up-to-date: /home/jsagx-6/itc01_ws/install/yolov8_msgs/lib/python3.8/site-packages/yolov8_msgs/msg/_inference_result.py\n'}
[2.936860] (yolov8_msgs) StdoutLine: {'line': b'-- Up-to-date: /home/jsagx-6/itc01_ws/install/yolov8_msgs/lib/python3.8/site-packages/yolov8_msgs/msg/__init__.py\n'}
[2.937189] (yolov8_msgs) StdoutLine: {'line': b'-- Up-to-date: /home/jsagx-6/itc01_ws/install/yolov8_msgs/lib/python3.8/site-packages/yolov8_msgs/msg/_yolov8_inference_s.c\n'}
[2.937481] (yolov8_msgs) StdoutLine: {'line': b'-- Up-to-date: /home/jsagx-6/itc01_ws/install/yolov8_msgs/lib/python3.8/site-packages/yolov8_msgs/msg/_yolov8_inference.py\n'}
[2.937746] (yolov8_msgs) StdoutLine: {'line': b'-- Up-to-date: /home/jsagx-6/itc01_ws/install/yolov8_msgs/lib/python3.8/site-packages/yolov8_msgs/msg/_inference_result_s.c\n'}
[2.938149] (yolov8_msgs) StdoutLine: {'line': b'-- Up-to-date: /home/jsagx-6/itc01_ws/install/yolov8_msgs/lib/python3.8/site-packages/yolov8_msgs/yolov8_msgs_s__rosidl_typesupport_fastrtps_c.cpython-38-aarch64-linux-gnu.so\n'}
[2.940858] (yolov8_msgs) StdoutLine: {'line': b'-- Up-to-date: /home/jsagx-6/itc01_ws/install/yolov8_msgs/lib/python3.8/site-packages/yolov8_msgs/yolov8_msgs_s__rosidl_typesupport_introspection_c.cpython-38-aarch64-linux-gnu.so\n'}
[2.943485] (yolov8_msgs) StdoutLine: {'line': b'-- Up-to-date: /home/jsagx-6/itc01_ws/install/yolov8_msgs/lib/python3.8/site-packages/yolov8_msgs/yolov8_msgs_s__rosidl_typesupport_c.cpython-38-aarch64-linux-gnu.so\n'}
[2.946148] (yolov8_msgs) StdoutLine: {'line': b'-- Up-to-date: /home/jsagx-6/itc01_ws/install/yolov8_msgs/lib/libyolov8_msgs__python.so\n'}
[2.947491] (yolov8_msgs) StdoutLine: {'line': b'-- Up-to-date: /home/jsagx-6/itc01_ws/install/yolov8_msgs/share/yolov8_msgs/msg/InferenceResult.idl\n'}
[2.947992] (yolov8_msgs) StdoutLine: {'line': b'-- Up-to-date: /home/jsagx-6/itc01_ws/install/yolov8_msgs/share/yolov8_msgs/msg/Yolov8Inference.idl\n'}
[2.948568] (yolov8_msgs) StdoutLine: {'line': b'-- Up-to-date: /home/jsagx-6/itc01_ws/install/yolov8_msgs/share/yolov8_msgs/msg/InferenceResult.msg\n'}
[2.948994] (yolov8_msgs) StdoutLine: {'line': b'-- Up-to-date: /home/jsagx-6/itc01_ws/install/yolov8_msgs/share/yolov8_msgs/msg/Yolov8Inference.msg\n'}
[2.949408] (yolov8_msgs) StdoutLine: {'line': b'-- Up-to-date: /home/jsagx-6/itc01_ws/install/yolov8_msgs/share/ament_index/resource_index/package_run_dependencies/yolov8_msgs\n'}
[2.949902] (yolov8_msgs) StdoutLine: {'line': b'-- Up-to-date: /home/jsagx-6/itc01_ws/install/yolov8_msgs/share/ament_index/resource_index/parent_prefix_path/yolov8_msgs\n'}
[2.950318] (yolov8_msgs) StdoutLine: {'line': b'-- Up-to-date: /home/jsagx-6/itc01_ws/install/yolov8_msgs/share/yolov8_msgs/environment/ament_prefix_path.sh\n'}
[2.950623] (yolov8_msgs) StdoutLine: {'line': b'-- Up-to-date: /home/jsagx-6/itc01_ws/install/yolov8_msgs/share/yolov8_msgs/environment/ament_prefix_path.dsv\n'}
[2.951113] (yolov8_msgs) StdoutLine: {'line': b'-- Up-to-date: /home/jsagx-6/itc01_ws/install/yolov8_msgs/share/yolov8_msgs/environment/path.sh\n'}
[2.951571] (yolov8_msgs) StdoutLine: {'line': b'-- Up-to-date: /home/jsagx-6/itc01_ws/install/yolov8_msgs/share/yolov8_msgs/environment/path.dsv\n'}
[2.952031] (yolov8_msgs) StdoutLine: {'line': b'-- Up-to-date: /home/jsagx-6/itc01_ws/install/yolov8_msgs/share/yolov8_msgs/local_setup.bash\n'}
[2.952405] (yolov8_msgs) StdoutLine: {'line': b'-- Up-to-date: /home/jsagx-6/itc01_ws/install/yolov8_msgs/share/yolov8_msgs/local_setup.sh\n'}
[2.952691] (yolov8_msgs) StdoutLine: {'line': b'-- Up-to-date: /home/jsagx-6/itc01_ws/install/yolov8_msgs/share/yolov8_msgs/local_setup.zsh\n'}
[2.952947] (yolov8_msgs) StdoutLine: {'line': b'-- Up-to-date: /home/jsagx-6/itc01_ws/install/yolov8_msgs/share/yolov8_msgs/local_setup.dsv\n'}
[2.953367] (yolov8_msgs) StdoutLine: {'line': b'-- Installing: /home/jsagx-6/itc01_ws/install/yolov8_msgs/share/yolov8_msgs/package.dsv\n'}
[2.953635] (yolov8_msgs) StdoutLine: {'line': b'-- Up-to-date: /home/jsagx-6/itc01_ws/install/yolov8_msgs/share/ament_index/resource_index/packages/yolov8_msgs\n'}
[2.955027] (yolov8_msgs) StdoutLine: {'line': b'-- Up-to-date: /home/jsagx-6/itc01_ws/install/yolov8_msgs/share/yolov8_msgs/cmake/yolov8_msgs__rosidl_generator_cExport.cmake\n'}
[2.955523] (yolov8_msgs) StdoutLine: {'line': b'-- Up-to-date: /home/jsagx-6/itc01_ws/install/yolov8_msgs/share/yolov8_msgs/cmake/yolov8_msgs__rosidl_generator_cExport-noconfig.cmake\n'}
[2.956545] (yolov8_msgs) StdoutLine: {'line': b'-- Up-to-date: /home/jsagx-6/itc01_ws/install/yolov8_msgs/share/yolov8_msgs/cmake/yolov8_msgs__rosidl_typesupport_introspection_cExport.cmake\n'}
[2.957010] (yolov8_msgs) StdoutLine: {'line': b'-- Up-to-date: /home/jsagx-6/itc01_ws/install/yolov8_msgs/share/yolov8_msgs/cmake/yolov8_msgs__rosidl_typesupport_introspection_cExport-noconfig.cmake\n'}
[2.957964] (yolov8_msgs) StdoutLine: {'line': b'-- Up-to-date: /home/jsagx-6/itc01_ws/install/yolov8_msgs/share/yolov8_msgs/cmake/yolov8_msgs__rosidl_typesupport_cExport.cmake\n'}
[2.958393] (yolov8_msgs) StdoutLine: {'line': b'-- Up-to-date: /home/jsagx-6/itc01_ws/install/yolov8_msgs/share/yolov8_msgs/cmake/yolov8_msgs__rosidl_typesupport_cExport-noconfig.cmake\n'}
[2.959343] (yolov8_msgs) StdoutLine: {'line': b'-- Up-to-date: /home/jsagx-6/itc01_ws/install/yolov8_msgs/share/yolov8_msgs/cmake/yolov8_msgs__rosidl_generator_cppExport.cmake\n'}
[2.960442] (yolov8_msgs) StdoutLine: {'line': b'-- Up-to-date: /home/jsagx-6/itc01_ws/install/yolov8_msgs/share/yolov8_msgs/cmake/yolov8_msgs__rosidl_typesupport_introspection_cppExport.cmake\n'}
[2.960913] (yolov8_msgs) StdoutLine: {'line': b'-- Up-to-date: /home/jsagx-6/itc01_ws/install/yolov8_msgs/share/yolov8_msgs/cmake/yolov8_msgs__rosidl_typesupport_introspection_cppExport-noconfig.cmake\n'}
[2.961920] (yolov8_msgs) StdoutLine: {'line': b'-- Up-to-date: /home/jsagx-6/itc01_ws/install/yolov8_msgs/share/yolov8_msgs/cmake/yolov8_msgs__rosidl_typesupport_cppExport.cmake\n'}
[2.962321] (yolov8_msgs) StdoutLine: {'line': b'-- Up-to-date: /home/jsagx-6/itc01_ws/install/yolov8_msgs/share/yolov8_msgs/cmake/yolov8_msgs__rosidl_typesupport_cppExport-noconfig.cmake\n'}
[2.962696] (yolov8_msgs) StdoutLine: {'line': b'-- Up-to-date: /home/jsagx-6/itc01_ws/install/yolov8_msgs/share/yolov8_msgs/cmake/rosidl_cmake-extras.cmake\n'}
[2.963185] (yolov8_msgs) StdoutLine: {'line': b'-- Up-to-date: /home/jsagx-6/itc01_ws/install/yolov8_msgs/share/yolov8_msgs/cmake/ament_cmake_export_dependencies-extras.cmake\n'}
[2.963536] (yolov8_msgs) StdoutLine: {'line': b'-- Up-to-date: /home/jsagx-6/itc01_ws/install/yolov8_msgs/share/yolov8_msgs/cmake/ament_cmake_export_libraries-extras.cmake\n'}
[2.964032] (yolov8_msgs) StdoutLine: {'line': b'-- Up-to-date: /home/jsagx-6/itc01_ws/install/yolov8_msgs/share/yolov8_msgs/cmake/ament_cmake_export_targets-extras.cmake\n'}
[2.964546] (yolov8_msgs) StdoutLine: {'line': b'-- Up-to-date: /home/jsagx-6/itc01_ws/install/yolov8_msgs/share/yolov8_msgs/cmake/ament_cmake_export_include_directories-extras.cmake\n'}
[2.965081] (yolov8_msgs) StdoutLine: {'line': b'-- Up-to-date: /home/jsagx-6/itc01_ws/install/yolov8_msgs/share/yolov8_msgs/cmake/rosidl_cmake_export_typesupport_libraries-extras.cmake\n'}
[2.965359] (yolov8_msgs) StdoutLine: {'line': b'-- Up-to-date: /home/jsagx-6/itc01_ws/install/yolov8_msgs/share/yolov8_msgs/cmake/rosidl_cmake_export_typesupport_targets-extras.cmake\n'}
[2.965706] (yolov8_msgs) StdoutLine: {'line': b'-- Up-to-date: /home/jsagx-6/itc01_ws/install/yolov8_msgs/share/yolov8_msgs/cmake/yolov8_msgsConfig.cmake\n'}
[2.965993] (yolov8_msgs) StdoutLine: {'line': b'-- Up-to-date: /home/jsagx-6/itc01_ws/install/yolov8_msgs/share/yolov8_msgs/cmake/yolov8_msgsConfig-version.cmake\n'}
[2.966248] (yolov8_msgs) StdoutLine: {'line': b'-- Up-to-date: /home/jsagx-6/itc01_ws/install/yolov8_msgs/share/yolov8_msgs/package.xml\n'}
[2.973575] (yolov8_msgs) CommandEnded: {'returncode': 0}
[3.023918] (-) TimerEvent: {}
[3.126258] (-) TimerEvent: {}
[3.227670] (-) TimerEvent: {}
[3.271195] (yolov8_msgs) JobEnded: {'identifier': 'yolov8_msgs', 'rc': 0}
[3.327870] (-) TimerEvent: {}
[3.428994] (-) TimerEvent: {}
[3.530377] (-) TimerEvent: {}
[3.631726] (-) TimerEvent: {}
[3.695022] (buffalo_robot) Command: {'cmd': ['/usr/bin/python3', '-W', 'ignore:setup.py install is deprecated', 'setup.py', 'egg_info', '--egg-base', '../../../build/buffalo_robot', 'build', '--build-base', '/home/jsagx-6/itc01_ws/build/buffalo_robot/build', 'install', '--record', '/home/jsagx-6/itc01_ws/build/buffalo_robot/install.log', '--install-scripts', '$base/lib/buffalo_robot', '--single-version-externally-managed', 'install_data'], 'cwd': '/home/jsagx-6/itc01_ws/src/itc01_mr2/buffalo_robot', 'env': {'USER': 'jsagx-6', 'SSH_CLIENT': '192.168.77.208 36460 22', 'LC_TIME': 'km_KH', 'XDG_SESSION_TYPE': 'tty', 'SHLVL': '1', 'LD_LIBRARY_PATH': '/opt/ros/foxy/opt/yaml_cpp_vendor/lib:/opt/ros/foxy/lib/aarch64-linux-gnu:/opt/ros/foxy/lib:/home/jsagx-6/itc01_ws/install/yolov8_msgs/lib', 'MOTD_SHOWN': 'pam', 'HOME': '/home/jsagx-6', 'OLDPWD': '/home/jsagx-6', 'SSH_TTY': '/dev/pts/0', 'JETSON_L4T': '35.5.0', 'ROS_PYTHON_VERSION': '3', 'JETSON_MODEL': 'Jetson-AGX', 'LC_MONETARY': 'km_KH', 'DBUS_SESSION_BUS_ADDRESS': 'unix:path=/run/user/1000/bus', 'COLCON_PREFIX_PATH': '/home/jsagx-6/itc01_ws/install', 'ROS_DISTRO': 'foxy', 'LOGNAME': 'jsagx-6', 'JETSON_MODULE': 'NVIDIA Jetson AGX Xavier (32 GB ram)', 'JETSON_SERIAL_NUMBER': '1561221004404', '_': '/usr/bin/colcon', 'ROS_VERSION': '2', 'JETSON_CODENAME': 'Galen', 'XDG_SESSION_CLASS': 'user', 'TERM': 'xterm-256color', 'XDG_SESSION_ID': '6', 'ROS_LOCALHOST_ONLY': '0', 'PATH': '/opt/ros/foxy/bin:/usr/local/sbin:/usr/local/bin:/usr/sbin:/usr/bin:/sbin:/bin:/usr/games:/usr/local/games:/snap/bin', 'LC_ADDRESS': 'km_KH', 'XDG_RUNTIME_DIR': '/run/user/1000', 'LANG': 'en_US.UTF-8', 'LC_TELEPHONE': 'km_KH', 'JETSON_SOC': 'tegra194', 'AMENT_PREFIX_PATH': '/opt/ros/foxy:/home/jsagx-6/itc01_ws/install/yolov8_msgs:/home/jsagx-6/itc01_ws/install/yolobot_recognition:/home/jsagx-6/itc01_ws/install/mr2_realsense:/home/jsagx-6/itc01_ws/install/buffalo_robot', 'SHELL': '/bin/bash', 'LC_NAME': 'km_KH', 'LC_MEASUREMENT': 'km_KH', 'LC_IDENTIFICATION': 'km_KH', 'JETSON_CUDA_ARCH_BIN': '7.2', 'PWD': '/home/jsagx-6/itc01_ws/build/buffalo_robot', 'LC_ALL': 'en_US.UTF-8', 'SSH_CONNECTION': '192.168.77.208 36460 192.168.77.206 22', 'XDG_DATA_DIRS': '/usr/local/share:/usr/share:/var/lib/snapd/desktop', 'PYTHONPATH': '/home/jsagx-6/itc01_ws/build/buffalo_robot/prefix_override:/home/jsagx-6/itc01_ws/install/buffalo_robot/lib/python3.8/site-packages:/opt/ros/foxy/lib/python3.8/site-packages:/home/jsagx-6/itc01_ws/install/yolov8_msgs/lib/python3.8/site-packages:/home/jsagx-6/itc01_ws/install/mr2_realsense/lib/python3.8/site-packages:/home/jsagx-6/itc01_ws/install/buffalo_robot/lib/python3.8/site-packages', 'LC_NUMERIC': 'km_KH', 'LC_PAPER': 'km_KH', 'COLCON': '1', 'JETSON_JETPACK': '5.1.3', 'CMAKE_PREFIX_PATH': '/opt/ros/foxy:/home/jsagx-6/itc01_ws/install/yolov8_msgs:/home/jsagx-6/itc01_ws/install/yolobot_recognition', 'JETSON_P_NUMBER': 'p2888-0004'}, 'shell': False}
[3.732001] (-) TimerEvent: {}
[3.833611] (-) TimerEvent: {}
[3.886642] (mr2_realsense) Command: {'cmd': ['/usr/bin/python3', '-W', 'ignore:setup.py install is deprecated', 'setup.py', 'egg_info', '--egg-base', '../../../build/mr2_realsense', 'build', '--build-base', '/home/jsagx-6/itc01_ws/build/mr2_realsense/build', 'install', '--record', '/home/jsagx-6/itc01_ws/build/mr2_realsense/install.log', '--install-scripts', '$base/lib/mr2_realsense', '--single-version-externally-managed', 'install_data'], 'cwd': '/home/jsagx-6/itc01_ws/src/itc01_mr2/mr2_realsense', 'env': {'USER': 'jsagx-6', 'SSH_CLIENT': '192.168.77.208 36460 22', 'LC_TIME': 'km_KH', 'XDG_SESSION_TYPE': 'tty', 'SHLVL': '1', 'LD_LIBRARY_PATH': '/opt/ros/foxy/opt/yaml_cpp_vendor/lib:/opt/ros/foxy/lib/aarch64-linux-gnu:/opt/ros/foxy/lib:/home/jsagx-6/itc01_ws/install/yolov8_msgs/lib', 'MOTD_SHOWN': 'pam', 'HOME': '/home/jsagx-6', 'OLDPWD': '/home/jsagx-6', 'SSH_TTY': '/dev/pts/0', 'JETSON_L4T': '35.5.0', 'ROS_PYTHON_VERSION': '3', 'JETSON_MODEL': 'Jetson-AGX', 'LC_MONETARY': 'km_KH', 'DBUS_SESSION_BUS_ADDRESS': 'unix:path=/run/user/1000/bus', 'COLCON_PREFIX_PATH': '/home/jsagx-6/itc01_ws/install', 'ROS_DISTRO': 'foxy', 'LOGNAME': 'jsagx-6', 'JETSON_MODULE': 'NVIDIA Jetson AGX Xavier (32 GB ram)', 'JETSON_SERIAL_NUMBER': '1561221004404', '_': '/usr/bin/colcon', 'ROS_VERSION': '2', 'JETSON_CODENAME': 'Galen', 'XDG_SESSION_CLASS': 'user', 'TERM': 'xterm-256color', 'XDG_SESSION_ID': '6', 'ROS_LOCALHOST_ONLY': '0', 'PATH': '/opt/ros/foxy/bin:/usr/local/sbin:/usr/local/bin:/usr/sbin:/usr/bin:/sbin:/bin:/usr/games:/usr/local/games:/snap/bin', 'LC_ADDRESS': 'km_KH', 'XDG_RUNTIME_DIR': '/run/user/1000', 'LANG': 'en_US.UTF-8', 'LC_TELEPHONE': 'km_KH', 'JETSON_SOC': 'tegra194', 'AMENT_PREFIX_PATH': '/opt/ros/foxy:/home/jsagx-6/itc01_ws/install/yolov8_msgs:/home/jsagx-6/itc01_ws/install/yolobot_recognition:/home/jsagx-6/itc01_ws/install/mr2_realsense:/home/jsagx-6/itc01_ws/install/buffalo_robot', 'SHELL': '/bin/bash', 'LC_NAME': 'km_KH', 'LC_MEASUREMENT': 'km_KH', 'LC_IDENTIFICATION': 'km_KH', 'JETSON_CUDA_ARCH_BIN': '7.2', 'PWD': '/home/jsagx-6/itc01_ws/build/mr2_realsense', 'LC_ALL': 'en_US.UTF-8', 'SSH_CONNECTION': '192.168.77.208 36460 192.168.77.206 22', 'XDG_DATA_DIRS': '/usr/local/share:/usr/share:/var/lib/snapd/desktop', 'PYTHONPATH': '/home/jsagx-6/itc01_ws/build/mr2_realsense/prefix_override:/home/jsagx-6/itc01_ws/install/mr2_realsense/lib/python3.8/site-packages:/opt/ros/foxy/lib/python3.8/site-packages:/home/jsagx-6/itc01_ws/install/yolov8_msgs/lib/python3.8/site-packages:/home/jsagx-6/itc01_ws/install/mr2_realsense/lib/python3.8/site-packages:/home/jsagx-6/itc01_ws/install/buffalo_robot/lib/python3.8/site-packages', 'LC_NUMERIC': 'km_KH', 'LC_PAPER': 'km_KH', 'COLCON': '1', 'JETSON_JETPACK': '5.1.3', 'CMAKE_PREFIX_PATH': '/opt/ros/foxy:/home/jsagx-6/itc01_ws/install/yolov8_msgs:/home/jsagx-6/itc01_ws/install/yolobot_recognition', 'JETSON_P_NUMBER': 'p2888-0004'}, 'shell': False}
[3.933883] (-) TimerEvent: {}
[4.034883] (-) TimerEvent: {}
[4.136571] (-) TimerEvent: {}
[4.158449] (buffalo_robot) StderrLine: {'line': b'/home/jsagx-6/.local/lib/python3.8/site-packages/setuptools/dist.py:476: SetuptoolsDeprecationWarning: Invalid dash-separated options\n'}
[4.159176] (buffalo_robot) StderrLine: {'line': b'!!\n'}
[4.159572] (buffalo_robot) StderrLine: {'line': b'\n'}
[4.159876] (buffalo_robot) StderrLine: {'line': b'        ********************************************************************************\n'}
[4.160132] (buffalo_robot) StderrLine: {'line': b"        Usage of dash-separated 'script-dir' will not be supported in future\n"}
[4.160477] (buffalo_robot) StderrLine: {'line': b"        versions. Please use the underscore name 'script_dir' instead.\n"}
[4.160809] (buffalo_robot) StderrLine: {'line': b'\n'}
[4.161089] (buffalo_robot) StderrLine: {'line': b'        By 2024-Sep-26, you need to update your project and remove deprecated calls\n'}
[4.161373] (buffalo_robot) StderrLine: {'line': b'        or your builds will no longer be supported.\n'}
[4.161646] (buffalo_robot) StderrLine: {'line': b'\n'}
[4.161902] (buffalo_robot) StderrLine: {'line': b'        See https://setuptools.pypa.io/en/latest/userguide/declarative_config.html for details.\n'}
[4.162145] (buffalo_robot) StderrLine: {'line': b'        ********************************************************************************\n'}
[4.162387] (buffalo_robot) StderrLine: {'line': b'\n'}
[4.162684] (buffalo_robot) StderrLine: {'line': b'!!\n'}
[4.162945] (buffalo_robot) StderrLine: {'line': b'  opt = self.warn_dash_deprecation(opt, section)\n'}
[4.236770] (-) TimerEvent: {}
[4.338251] (-) TimerEvent: {}
[4.342804] (mr2_realsense) StderrLine: {'line': b'/home/jsagx-6/.local/lib/python3.8/site-packages/setuptools/dist.py:476: SetuptoolsDeprecationWarning: Invalid dash-separated options\n'}
[4.343442] (mr2_realsense) StderrLine: {'line': b'!!\n'}
[4.343790] (mr2_realsense) StderrLine: {'line': b'\n'}
[4.344079] (mr2_realsense) StderrLine: {'line': b'        ********************************************************************************\n'}
[4.344480] (mr2_realsense) StderrLine: {'line': b"        Usage of dash-separated 'script-dir' will not be supported in future\n"}
[4.344769] (mr2_realsense) StderrLine: {'line': b"        versions. Please use the underscore name 'script_dir' instead.\n"}
[4.345024] (mr2_realsense) StderrLine: {'line': b'\n'}
[4.345389] (mr2_realsense) StderrLine: {'line': b'        By 2024-Sep-26, you need to update your project and remove deprecated calls\n'}
[4.345655] (mr2_realsense) StderrLine: {'line': b'        or your builds will no longer be supported.\n'}
[4.345896] (mr2_realsense) StderrLine: {'line': b'\n'}
[4.346149] (mr2_realsense) StderrLine: {'line': b'        See https://setuptools.pypa.io/en/latest/userguide/declarative_config.html for details.\n'}
[4.346439] (mr2_realsense) StderrLine: {'line': b'        ********************************************************************************\n'}
[4.346766] (mr2_realsense) StderrLine: {'line': b'\n'}
[4.347031] (mr2_realsense) StderrLine: {'line': b'!!\n'}
[4.347274] (mr2_realsense) StderrLine: {'line': b'  opt = self.warn_dash_deprecation(opt, section)\n'}
[4.438437] (-) TimerEvent: {}
[4.529261] (buffalo_robot) StdoutLine: {'line': b'running egg_info\n'}
[4.538609] (-) TimerEvent: {}
[4.578685] (buffalo_robot) StdoutLine: {'line': b'writing ../../../build/buffalo_robot/buffalo_robot.egg-info/PKG-INFO\n'}
[4.581243] (buffalo_robot) StdoutLine: {'line': b'writing dependency_links to ../../../build/buffalo_robot/buffalo_robot.egg-info/dependency_links.txt\n'}
[4.582565] (buffalo_robot) StdoutLine: {'line': b'writing entry points to ../../../build/buffalo_robot/buffalo_robot.egg-info/entry_points.txt\n'}
[4.583265] (buffalo_robot) StdoutLine: {'line': b'writing requirements to ../../../build/buffalo_robot/buffalo_robot.egg-info/requires.txt\n'}
[4.583978] (buffalo_robot) StdoutLine: {'line': b'writing top-level names to ../../../build/buffalo_robot/buffalo_robot.egg-info/top_level.txt\n'}
[4.638777] (-) TimerEvent: {}
[4.723480] (mr2_realsense) StdoutLine: {'line': b'running egg_info\n'}
[4.739052] (-) TimerEvent: {}
[4.776594] (mr2_realsense) StdoutLine: {'line': b'writing ../../../build/mr2_realsense/mr2_realsense.egg-info/PKG-INFO\n'}
[4.779084] (mr2_realsense) StdoutLine: {'line': b'writing dependency_links to ../../../build/mr2_realsense/mr2_realsense.egg-info/dependency_links.txt\n'}
[4.780251] (mr2_realsense) StdoutLine: {'line': b'writing entry points to ../../../build/mr2_realsense/mr2_realsense.egg-info/entry_points.txt\n'}
[4.781013] (mr2_realsense) StdoutLine: {'line': b'writing requirements to ../../../build/mr2_realsense/mr2_realsense.egg-info/requires.txt\n'}
[4.781506] (mr2_realsense) StdoutLine: {'line': b'writing top-level names to ../../../build/mr2_realsense/mr2_realsense.egg-info/top_level.txt\n'}
[4.839170] (-) TimerEvent: {}
[4.939859] (-) TimerEvent: {}
[5.006678] (buffalo_robot) StdoutLine: {'line': b"reading manifest file '../../../build/buffalo_robot/buffalo_robot.egg-info/SOURCES.txt'\n"}
[5.012079] (buffalo_robot) StdoutLine: {'line': b"writing manifest file '../../../build/buffalo_robot/buffalo_robot.egg-info/SOURCES.txt'\n"}
[5.012711] (buffalo_robot) StdoutLine: {'line': b'running build\n'}
[5.013070] (buffalo_robot) StdoutLine: {'line': b'running build_py\n'}
[5.015381] (buffalo_robot) StdoutLine: {'line': b'copying buffalo_robot/mecanum_pidV1.py -> /home/jsagx-6/itc01_ws/build/buffalo_robot/build/lib/buffalo_robot\n'}
[5.016305] (buffalo_robot) StdoutLine: {'line': b'copying buffalo_robot/pid_simulation.py -> /home/jsagx-6/itc01_ws/build/buffalo_robot/build/lib/buffalo_robot\n'}
[5.017026] (buffalo_robot) StdoutLine: {'line': b'copying buffalo_robot/imu.py -> /home/jsagx-6/itc01_ws/build/buffalo_robot/build/lib/buffalo_robot\n'}
[5.017689] (buffalo_robot) StdoutLine: {'line': b'copying buffalo_robot/can_buffaloV1.py -> /home/jsagx-6/itc01_ws/build/buffalo_robot/build/lib/buffalo_robot\n'}
[5.018657] (buffalo_robot) StdoutLine: {'line': b'copying buffalo_robot/mpc_omni.py -> /home/jsagx-6/itc01_ws/build/buffalo_robot/build/lib/buffalo_robot\n'}
[5.019921] (buffalo_robot) StdoutLine: {'line': b'copying buffalo_robot/omni_pidV1.py -> /home/jsagx-6/itc01_ws/build/buffalo_robot/build/lib/buffalo_robot\n'}
[5.020699] (buffalo_robot) StdoutLine: {'line': b'copying buffalo_robot/__init__.py -> /home/jsagx-6/itc01_ws/build/buffalo_robot/build/lib/buffalo_robot\n'}
[5.021277] (buffalo_robot) StdoutLine: {'line': b'copying buffalo_robot/EKF.py -> /home/jsagx-6/itc01_ws/build/buffalo_robot/build/lib/buffalo_robot\n'}
[5.022183] (buffalo_robot) StdoutLine: {'line': b'copying buffalo_robot/ps4_control.py -> /home/jsagx-6/itc01_ws/build/buffalo_robot/build/lib/buffalo_robot\n'}
[5.023018] (buffalo_robot) StdoutLine: {'line': b'copying buffalo_robot/can_control_Motor.py -> /home/jsagx-6/itc01_ws/build/buffalo_robot/build/lib/buffalo_robot\n'}
[5.023678] (buffalo_robot) StdoutLine: {'line': b'copying buffalo_robot/omni_mpcV2.py -> /home/jsagx-6/itc01_ws/build/buffalo_robot/build/lib/buffalo_robot\n'}
[5.024580] (buffalo_robot) StdoutLine: {'line': b'copying buffalo_robot/omni_mpcSimV1.py -> /home/jsagx-6/itc01_ws/build/buffalo_robot/build/lib/buffalo_robot\n'}
[5.025340] (buffalo_robot) StdoutLine: {'line': b'copying buffalo_robot/Omni_PidSim.py -> /home/jsagx-6/itc01_ws/build/buffalo_robot/build/lib/buffalo_robot\n'}
[5.026202] (buffalo_robot) StdoutLine: {'line': b'copying buffalo_robot/can_buffaloV2.py -> /home/jsagx-6/itc01_ws/build/buffalo_robot/build/lib/buffalo_robot\n'}
[5.026946] (buffalo_robot) StdoutLine: {'line': b'copying buffalo_robot/omni_mpcV1.py -> /home/jsagx-6/itc01_ws/build/buffalo_robot/build/lib/buffalo_robot\n'}
[5.027701] (buffalo_robot) StdoutLine: {'line': b'copying buffalo_robot/bezier_path.py -> /home/jsagx-6/itc01_ws/build/buffalo_robot/build/lib/buffalo_robot\n'}
[5.028993] (buffalo_robot) StdoutLine: {'line': b'copying buffalo_robot/omni_pidV2.py -> /home/jsagx-6/itc01_ws/build/buffalo_robot/build/lib/buffalo_robot\n'}
[5.029734] (buffalo_robot) StdoutLine: {'line': b'copying buffalo_robot/mecanum_pidV2.py -> /home/jsagx-6/itc01_ws/build/buffalo_robot/build/lib/buffalo_robot\n'}
[5.030387] (buffalo_robot) StdoutLine: {'line': b'copying buffalo_robot/imu_HFI_a9.py -> /home/jsagx-6/itc01_ws/build/buffalo_robot/build/lib/buffalo_robot\n'}
[5.032953] (buffalo_robot) StdoutLine: {'line': b'running install\n'}
[5.039948] (-) TimerEvent: {}
[5.052453] (buffalo_robot) StdoutLine: {'line': b'running install_lib\n'}
[5.111702] (buffalo_robot) StdoutLine: {'line': b'running install_data\n'}
[5.112276] (buffalo_robot) StdoutLine: {'line': b'copying resource/buffalo_robot -> /home/jsagx-6/itc01_ws/install/buffalo_robot/share/ament_index/resource_index/packages\n'}
[5.112794] (buffalo_robot) StdoutLine: {'line': b'copying package.xml -> /home/jsagx-6/itc01_ws/install/buffalo_robot/share/buffalo_robot\n'}
[5.113296] (buffalo_robot) StdoutLine: {'line': b'running install_egg_info\n'}
[5.140103] (-) TimerEvent: {}
[5.166228] (buffalo_robot) StdoutLine: {'line': b"removing '/home/jsagx-6/itc01_ws/install/buffalo_robot/lib/python3.8/site-packages/buffalo_robot-0.0.0-py3.8.egg-info' (and everything under it)\n"}
[5.167550] (buffalo_robot) StdoutLine: {'line': b'Copying ../../../build/buffalo_robot/buffalo_robot.egg-info to /home/jsagx-6/itc01_ws/install/buffalo_robot/lib/python3.8/site-packages/buffalo_robot-0.0.0-py3.8.egg-info\n'}
[5.172263] (buffalo_robot) StdoutLine: {'line': b'running install_scripts\n'}
[5.217517] (mr2_realsense) StdoutLine: {'line': b"reading manifest file '../../../build/mr2_realsense/mr2_realsense.egg-info/SOURCES.txt'\n"}
[5.221798] (mr2_realsense) StdoutLine: {'line': b"writing manifest file '../../../build/mr2_realsense/mr2_realsense.egg-info/SOURCES.txt'\n"}
[5.222329] (mr2_realsense) StdoutLine: {'line': b'running build\n'}
[5.222743] (mr2_realsense) StdoutLine: {'line': b'running build_py\n'}
[5.224291] (mr2_realsense) StdoutLine: {'line': b'copying mr2_realsense/test_opencv_8_pub.py -> /home/jsagx-6/itc01_ws/build/mr2_realsense/build/lib/mr2_realsense\n'}
[5.225534] (mr2_realsense) StdoutLine: {'line': b'copying mr2_realsense/yolov8_webcam.py -> /home/jsagx-6/itc01_ws/build/mr2_realsense/build/lib/mr2_realsense\n'}
[5.226401] (mr2_realsense) StdoutLine: {'line': b'copying mr2_realsense/realsense_pub_image.py -> /home/jsagx-6/itc01_ws/build/mr2_realsense/build/lib/mr2_realsense\n'}
[5.227104] (mr2_realsense) StdoutLine: {'line': b'copying mr2_realsense/__init__.py -> /home/jsagx-6/itc01_ws/build/mr2_realsense/build/lib/mr2_realsense\n'}
[5.227673] (mr2_realsense) StdoutLine: {'line': b'copying mr2_realsense/yolov8_rs03.py -> /home/jsagx-6/itc01_ws/build/mr2_realsense/build/lib/mr2_realsense\n'}
[5.228388] (mr2_realsense) StdoutLine: {'line': b'copying mr2_realsense/yolo_ball_pub02.py -> /home/jsagx-6/itc01_ws/build/mr2_realsense/build/lib/mr2_realsense\n'}
[5.229010] (mr2_realsense) StdoutLine: {'line': b'copying mr2_realsense/yolo_ball_pub.py -> /home/jsagx-6/itc01_ws/build/mr2_realsense/build/lib/mr2_realsense\n'}
[5.230231] (mr2_realsense) StdoutLine: {'line': b'copying mr2_realsense/yolov8_rs.py -> /home/jsagx-6/itc01_ws/build/mr2_realsense/build/lib/mr2_realsense\n'}
[5.232532] (mr2_realsense) StdoutLine: {'line': b'running install\n'}
[5.240262] (-) TimerEvent: {}
[5.250260] (mr2_realsense) StdoutLine: {'line': b'running install_lib\n'}
[5.297541] (buffalo_robot) StdoutLine: {'line': b'Installing Omni_PidSim script to /home/jsagx-6/itc01_ws/install/buffalo_robot/lib/buffalo_robot\n'}
[5.298384] (buffalo_robot) StdoutLine: {'line': b'Installing Omni_model script to /home/jsagx-6/itc01_ws/install/buffalo_robot/lib/buffalo_robot\n'}
[5.298986] (buffalo_robot) StdoutLine: {'line': b'Installing buffalo_sim script to /home/jsagx-6/itc01_ws/install/buffalo_robot/lib/buffalo_robot\n'}
[5.299586] (buffalo_robot) StdoutLine: {'line': b'Installing buffalov1 script to /home/jsagx-6/itc01_ws/install/buffalo_robot/lib/buffalo_robot\n'}
[5.300316] (buffalo_robot) StdoutLine: {'line': b'Installing buffalov2 script to /home/jsagx-6/itc01_ws/install/buffalo_robot/lib/buffalo_robot\n'}
[5.300928] (buffalo_robot) StdoutLine: {'line': b'Installing can_buffalo script to /home/jsagx-6/itc01_ws/install/buffalo_robot/lib/buffalo_robot\n'}
[5.301467] (buffalo_robot) StdoutLine: {'line': b'Installing can_buffaloV2 script to /home/jsagx-6/itc01_ws/install/buffalo_robot/lib/buffalo_robot\n'}
[5.302077] (buffalo_robot) StdoutLine: {'line': b'Installing can_motor script to /home/jsagx-6/itc01_ws/install/buffalo_robot/lib/buffalo_robot\n'}
[5.302659] (buffalo_robot) StdoutLine: {'line': b'Installing can_rotary script to /home/jsagx-6/itc01_ws/install/buffalo_robot/lib/buffalo_robot\n'}
[5.303185] (buffalo_robot) StdoutLine: {'line': b'Installing imu script to /home/jsagx-6/itc01_ws/install/buffalo_robot/lib/buffalo_robot\n'}
[5.303721] (buffalo_robot) StdoutLine: {'line': b'Installing imu_ha9 script to /home/jsagx-6/itc01_ws/install/buffalo_robot/lib/buffalo_robot\n'}
[5.304432] (buffalo_robot) StdoutLine: {'line': b'Installing mec_teleop script to /home/jsagx-6/itc01_ws/install/buffalo_robot/lib/buffalo_robot\n'}
[5.304998] (buffalo_robot) StdoutLine: {'line': b'Installing omni_mpcsim script to /home/jsagx-6/itc01_ws/install/buffalo_robot/lib/buffalo_robot\n'}
[5.305532] (buffalo_robot) StdoutLine: {'line': b'Installing omni_mpcv1 script to /home/jsagx-6/itc01_ws/install/buffalo_robot/lib/buffalo_robot\n'}
[5.306136] (buffalo_robot) StdoutLine: {'line': b'Installing omni_mpcv2 script to /home/jsagx-6/itc01_ws/install/buffalo_robot/lib/buffalo_robot\n'}
[5.306693] (buffalo_robot) StdoutLine: {'line': b'Installing omni_pidv1 script to /home/jsagx-6/itc01_ws/install/buffalo_robot/lib/buffalo_robot\n'}
[5.307252] (buffalo_robot) StdoutLine: {'line': b'Installing omni_pidv2 script to /home/jsagx-6/itc01_ws/install/buffalo_robot/lib/buffalo_robot\n'}
[5.307807] (buffalo_robot) StdoutLine: {'line': b'Installing ps4 script to /home/jsagx-6/itc01_ws/install/buffalo_robot/lib/buffalo_robot\n'}
[5.308526] (buffalo_robot) StdoutLine: {'line': b'Installing ps4v2 script to /home/jsagx-6/itc01_ws/install/buffalo_robot/lib/buffalo_robot\n'}
[5.311257] (buffalo_robot) StdoutLine: {'line': b"writing list of installed files to '/home/jsagx-6/itc01_ws/build/buffalo_robot/install.log'\n"}
[5.312061] (mr2_realsense) StdoutLine: {'line': b'running install_data\n'}
[5.312617] (mr2_realsense) StdoutLine: {'line': b'copying resource/mr2_realsense -> /home/jsagx-6/itc01_ws/install/mr2_realsense/share/ament_index/resource_index/packages\n'}
[5.313354] (mr2_realsense) StdoutLine: {'line': b'copying package.xml -> /home/jsagx-6/itc01_ws/install/mr2_realsense/share/mr2_realsense\n'}
[5.313883] (mr2_realsense) StdoutLine: {'line': b'running install_egg_info\n'}
[5.340403] (-) TimerEvent: {}
[5.368843] (mr2_realsense) StdoutLine: {'line': b"removing '/home/jsagx-6/itc01_ws/install/mr2_realsense/lib/python3.8/site-packages/mr2_realsense-0.0.0-py3.8.egg-info' (and everything under it)\n"}
[5.370205] (mr2_realsense) StdoutLine: {'line': b'Copying ../../../build/mr2_realsense/mr2_realsense.egg-info to /home/jsagx-6/itc01_ws/install/mr2_realsense/lib/python3.8/site-packages/mr2_realsense-0.0.0-py3.8.egg-info\n'}
[5.375081] (mr2_realsense) StdoutLine: {'line': b'running install_scripts\n'}
[5.392635] (buffalo_robot) CommandEnded: {'returncode': 0}
[5.417542] (buffalo_robot) JobEnded: {'identifier': 'buffalo_robot', 'rc': 0}
[5.440541] (-) TimerEvent: {}
[5.500717] (mr2_realsense) StdoutLine: {'line': b'Installing realsense_depth script to /home/jsagx-6/itc01_ws/install/mr2_realsense/lib/mr2_realsense\n'}
[5.501545] (mr2_realsense) StdoutLine: {'line': b'Installing realsense_pub script to /home/jsagx-6/itc01_ws/install/mr2_realsense/lib/mr2_realsense\n'}
[5.502100] (mr2_realsense) StdoutLine: {'line': b'Installing realsense_pub02 script to /home/jsagx-6/itc01_ws/install/mr2_realsense/lib/mr2_realsense\n'}
[5.502628] (mr2_realsense) StdoutLine: {'line': b'Installing webcam_pub script to /home/jsagx-6/itc01_ws/install/mr2_realsense/lib/mr2_realsense\n'}
[5.503130] (mr2_realsense) StdoutLine: {'line': b'Installing yolo_ball_pub script to /home/jsagx-6/itc01_ws/install/mr2_realsense/lib/mr2_realsense\n'}
[5.503708] (mr2_realsense) StdoutLine: {'line': b'Installing yolo_ball_pub02 script to /home/jsagx-6/itc01_ws/install/mr2_realsense/lib/mr2_realsense\n'}
[5.504316] (mr2_realsense) StdoutLine: {'line': b'Installing yolo_pub_8 script to /home/jsagx-6/itc01_ws/install/mr2_realsense/lib/mr2_realsense\n'}
[5.504812] (mr2_realsense) StdoutLine: {'line': b'Installing yolov8_rs script to /home/jsagx-6/itc01_ws/install/mr2_realsense/lib/mr2_realsense\n'}
[5.505344] (mr2_realsense) StdoutLine: {'line': b'Installing yolov8_rs03 script to /home/jsagx-6/itc01_ws/install/mr2_realsense/lib/mr2_realsense\n'}
[5.505887] (mr2_realsense) StdoutLine: {'line': b'Installing yolov8_webcam script to /home/jsagx-6/itc01_ws/install/mr2_realsense/lib/mr2_realsense\n'}
[5.507851] (mr2_realsense) StdoutLine: {'line': b"writing list of installed files to '/home/jsagx-6/itc01_ws/build/mr2_realsense/install.log'\n"}
[5.540713] (-) TimerEvent: {}
[5.586504] (mr2_realsense) CommandEnded: {'returncode': 0}
[5.623907] (mr2_realsense) JobEnded: {'identifier': 'mr2_realsense', 'rc': 0}
[5.628518] (-) EventReactorShutdown: {}
