[2.804s] Invoking command in '/home/jsagx-6/itc01_ws/src/itc01_mr2/mr2_realsense': PYTHONPATH=/home/jsagx-6/itc01_ws/build/mr2_realsense/prefix_override:/home/jsagx-6/itc01_ws/install/mr2_realsense/lib/python3.8/site-packages:${PYTHONPATH} /usr/bin/python3 -W ignore:setup.py install is deprecated setup.py egg_info --egg-base ../../../build/mr2_realsense build --build-base /home/jsagx-6/itc01_ws/build/mr2_realsense/build install --record /home/jsagx-6/itc01_ws/build/mr2_realsense/install.log --install-scripts $base/lib/mr2_realsense --single-version-externally-managed install_data
[3.297s] /home/jsagx-6/.local/lib/python3.8/site-packages/setuptools/dist.py:476: SetuptoolsDeprecationWarning: Invalid dash-separated options
[3.297s] !!
[3.298s] 
[3.298s]         ********************************************************************************
[3.298s]         Usage of dash-separated 'script-dir' will not be supported in future
[3.298s]         versions. Please use the underscore name 'script_dir' instead.
[3.298s] 
[3.299s]         By 2024-Sep-26, you need to update your project and remove deprecated calls
[3.299s]         or your builds will no longer be supported.
[3.299s] 
[3.299s]         See https://setuptools.pypa.io/en/latest/userguide/declarative_config.html for details.
[3.300s]         ********************************************************************************
[3.300s] 
[3.300s] !!
[3.300s]   opt = self.warn_dash_deprecation(opt, section)
[3.720s] running egg_info
[3.780s] writing ../../../build/mr2_realsense/mr2_realsense.egg-info/PKG-INFO
[3.781s] writing dependency_links to ../../../build/mr2_realsense/mr2_realsense.egg-info/dependency_links.txt
[3.782s] writing entry points to ../../../build/mr2_realsense/mr2_realsense.egg-info/entry_points.txt
[3.783s] writing requirements to ../../../build/mr2_realsense/mr2_realsense.egg-info/requires.txt
[3.784s] writing top-level names to ../../../build/mr2_realsense/mr2_realsense.egg-info/top_level.txt
[4.265s] reading manifest file '../../../build/mr2_realsense/mr2_realsense.egg-info/SOURCES.txt'
[4.269s] writing manifest file '../../../build/mr2_realsense/mr2_realsense.egg-info/SOURCES.txt'
[4.270s] running build
[4.270s] running build_py
[4.271s] copying mr2_realsense/test_opencv_8_pub.py -> /home/jsagx-6/itc01_ws/build/mr2_realsense/build/lib/mr2_realsense
[4.272s] copying mr2_realsense/tensorrt.py -> /home/jsagx-6/itc01_ws/build/mr2_realsense/build/lib/mr2_realsense
[4.273s] copying mr2_realsense/yolov8_rs05.py -> /home/jsagx-6/itc01_ws/build/mr2_realsense/build/lib/mr2_realsense
[4.274s] copying mr2_realsense/yolov8_webcam.py -> /home/jsagx-6/itc01_ws/build/mr2_realsense/build/lib/mr2_realsense
[4.274s] copying mr2_realsense/realsense_pub_image.py -> /home/jsagx-6/itc01_ws/build/mr2_realsense/build/lib/mr2_realsense
[4.275s] copying mr2_realsense/__init__.py -> /home/jsagx-6/itc01_ws/build/mr2_realsense/build/lib/mr2_realsense
[4.276s] copying mr2_realsense/yolov8_rs03.py -> /home/jsagx-6/itc01_ws/build/mr2_realsense/build/lib/mr2_realsense
[4.276s] copying mr2_realsense/yolo_ball_pub02.py -> /home/jsagx-6/itc01_ws/build/mr2_realsense/build/lib/mr2_realsense
[4.277s] copying mr2_realsense/yolo_ball_pub.py -> /home/jsagx-6/itc01_ws/build/mr2_realsense/build/lib/mr2_realsense
[4.278s] copying mr2_realsense/yolov8_rs.py -> /home/jsagx-6/itc01_ws/build/mr2_realsense/build/lib/mr2_realsense
[4.279s] copying mr2_realsense/yolov8_rs04.py -> /home/jsagx-6/itc01_ws/build/mr2_realsense/build/lib/mr2_realsense
[4.281s] running install
[4.298s] running install_lib
[4.357s] copying /home/jsagx-6/itc01_ws/build/mr2_realsense/build/lib/mr2_realsense/yolov8_webcam.py -> /home/jsagx-6/itc01_ws/install/mr2_realsense/lib/python3.8/site-packages/mr2_realsense
[4.361s] byte-compiling /home/jsagx-6/itc01_ws/install/mr2_realsense/lib/python3.8/site-packages/mr2_realsense/yolov8_webcam.py to yolov8_webcam.cpython-38.pyc
[4.364s] running install_data
[4.365s] copying resource/mr2_realsense -> /home/jsagx-6/itc01_ws/install/mr2_realsense/share/ament_index/resource_index/packages
[4.365s] copying package.xml -> /home/jsagx-6/itc01_ws/install/mr2_realsense/share/mr2_realsense
[4.366s] running install_egg_info
[4.425s] removing '/home/jsagx-6/itc01_ws/install/mr2_realsense/lib/python3.8/site-packages/mr2_realsense-0.0.0-py3.8.egg-info' (and everything under it)
[4.426s] Copying ../../../build/mr2_realsense/mr2_realsense.egg-info to /home/jsagx-6/itc01_ws/install/mr2_realsense/lib/python3.8/site-packages/mr2_realsense-0.0.0-py3.8.egg-info
[4.430s] running install_scripts
[4.570s] Installing realsense_depth script to /home/jsagx-6/itc01_ws/install/mr2_realsense/lib/mr2_realsense
[4.570s] Installing realsense_pub script to /home/jsagx-6/itc01_ws/install/mr2_realsense/lib/mr2_realsense
[4.571s] Installing realsense_pub02 script to /home/jsagx-6/itc01_ws/install/mr2_realsense/lib/mr2_realsense
[4.571s] Installing webcam_pub script to /home/jsagx-6/itc01_ws/install/mr2_realsense/lib/mr2_realsense
[4.572s] Installing yolo_ball_pub script to /home/jsagx-6/itc01_ws/install/mr2_realsense/lib/mr2_realsense
[4.573s] Installing yolo_ball_pub02 script to /home/jsagx-6/itc01_ws/install/mr2_realsense/lib/mr2_realsense
[4.573s] Installing yolo_pub_8 script to /home/jsagx-6/itc01_ws/install/mr2_realsense/lib/mr2_realsense
[4.574s] Installing yolov8_rs script to /home/jsagx-6/itc01_ws/install/mr2_realsense/lib/mr2_realsense
[4.574s] Installing yolov8_rs03 script to /home/jsagx-6/itc01_ws/install/mr2_realsense/lib/mr2_realsense
[4.575s] Installing yolov8_rs04 script to /home/jsagx-6/itc01_ws/install/mr2_realsense/lib/mr2_realsense
[4.575s] Installing yolov8_rs05 script to /home/jsagx-6/itc01_ws/install/mr2_realsense/lib/mr2_realsense
[4.576s] Installing yolov8_webcam script to /home/jsagx-6/itc01_ws/install/mr2_realsense/lib/mr2_realsense
[4.578s] writing list of installed files to '/home/jsagx-6/itc01_ws/build/mr2_realsense/install.log'
[4.664s] Invoked command in '/home/jsagx-6/itc01_ws/src/itc01_mr2/mr2_realsense' returned '0': PYTHONPATH=/home/jsagx-6/itc01_ws/build/mr2_realsense/prefix_override:/home/jsagx-6/itc01_ws/install/mr2_realsense/lib/python3.8/site-packages:${PYTHONPATH} /usr/bin/python3 -W ignore:setup.py install is deprecated setup.py egg_info --egg-base ../../../build/mr2_realsense build --build-base /home/jsagx-6/itc01_ws/build/mr2_realsense/build install --record /home/jsagx-6/itc01_ws/build/mr2_realsense/install.log --install-scripts $base/lib/mr2_realsense --single-version-externally-managed install_data
