[3.019s] Invoking command in '/home/jsagx-6/itc01_ws/src/itc01_mr2/mr2_realsense': PYTHONPATH=/home/jsagx-6/itc01_ws/build/mr2_realsense/prefix_override:/home/jsagx-6/itc01_ws/install/mr2_realsense/lib/python3.8/site-packages:${PYTHONPATH} /usr/bin/python3 -W ignore:setup.py install is deprecated setup.py egg_info --egg-base ../../../build/mr2_realsense build --build-base /home/jsagx-6/itc01_ws/build/mr2_realsense/build install --record /home/jsagx-6/itc01_ws/build/mr2_realsense/install.log --install-scripts $base/lib/mr2_realsense --single-version-externally-managed install_data
[3.524s] /home/jsagx-6/.local/lib/python3.8/site-packages/setuptools/dist.py:476: SetuptoolsDeprecationWarning: Invalid dash-separated options
[3.525s] !!
[3.525s] 
[3.525s]         ********************************************************************************
[3.526s]         Usage of dash-separated 'script-dir' will not be supported in future
[3.526s]         versions. Please use the underscore name 'script_dir' instead.
[3.527s] 
[3.527s]         By 2024-Sep-26, you need to update your project and remove deprecated calls
[3.527s]         or your builds will no longer be supported.
[3.528s] 
[3.528s]         See https://setuptools.pypa.io/en/latest/userguide/declarative_config.html for details.
[3.528s]         ********************************************************************************
[3.528s] 
[3.529s] !!
[3.529s]   opt = self.warn_dash_deprecation(opt, section)
[3.965s] running egg_info
[4.023s] writing ../../../build/mr2_realsense/mr2_realsense.egg-info/PKG-INFO
[4.026s] writing dependency_links to ../../../build/mr2_realsense/mr2_realsense.egg-info/dependency_links.txt
[4.027s] writing entry points to ../../../build/mr2_realsense/mr2_realsense.egg-info/entry_points.txt
[4.027s] writing requirements to ../../../build/mr2_realsense/mr2_realsense.egg-info/requires.txt
[4.028s] writing top-level names to ../../../build/mr2_realsense/mr2_realsense.egg-info/top_level.txt
[4.501s] reading manifest file '../../../build/mr2_realsense/mr2_realsense.egg-info/SOURCES.txt'
[4.505s] writing manifest file '../../../build/mr2_realsense/mr2_realsense.egg-info/SOURCES.txt'
[4.506s] running build
[4.506s] running build_py
[4.508s] copying mr2_realsense/test_opencv_8_pub.py -> /home/jsagx-6/itc01_ws/build/mr2_realsense/build/lib/mr2_realsense
[4.509s] copying mr2_realsense/yolov8_rs05.py -> /home/jsagx-6/itc01_ws/build/mr2_realsense/build/lib/mr2_realsense
[4.510s] copying mr2_realsense/yolov8_webcam.py -> /home/jsagx-6/itc01_ws/build/mr2_realsense/build/lib/mr2_realsense
[4.511s] copying mr2_realsense/realsense_pub_image.py -> /home/jsagx-6/itc01_ws/build/mr2_realsense/build/lib/mr2_realsense
[4.512s] copying mr2_realsense/__init__.py -> /home/jsagx-6/itc01_ws/build/mr2_realsense/build/lib/mr2_realsense
[4.512s] copying mr2_realsense/yolov8_rs03.py -> /home/jsagx-6/itc01_ws/build/mr2_realsense/build/lib/mr2_realsense
[4.513s] copying mr2_realsense/yolo_ball_pub02.py -> /home/jsagx-6/itc01_ws/build/mr2_realsense/build/lib/mr2_realsense
[4.513s] copying mr2_realsense/yolo_ball_pub.py -> /home/jsagx-6/itc01_ws/build/mr2_realsense/build/lib/mr2_realsense
[4.515s] copying mr2_realsense/yolov8_rs.py -> /home/jsagx-6/itc01_ws/build/mr2_realsense/build/lib/mr2_realsense
[4.516s] copying mr2_realsense/yolov8_rs04.py -> /home/jsagx-6/itc01_ws/build/mr2_realsense/build/lib/mr2_realsense
[4.518s] running install
[4.539s] running install_lib
[4.601s] copying /home/jsagx-6/itc01_ws/build/mr2_realsense/build/lib/mr2_realsense/yolov8_webcam.py -> /home/jsagx-6/itc01_ws/install/mr2_realsense/lib/python3.8/site-packages/mr2_realsense
[4.605s] byte-compiling /home/jsagx-6/itc01_ws/install/mr2_realsense/lib/python3.8/site-packages/mr2_realsense/yolov8_webcam.py to yolov8_webcam.cpython-38.pyc
[4.609s] running install_data
[4.610s] copying resource/mr2_realsense -> /home/jsagx-6/itc01_ws/install/mr2_realsense/share/ament_index/resource_index/packages
[4.610s] copying package.xml -> /home/jsagx-6/itc01_ws/install/mr2_realsense/share/mr2_realsense
[4.611s] running install_egg_info
[4.678s] removing '/home/jsagx-6/itc01_ws/install/mr2_realsense/lib/python3.8/site-packages/mr2_realsense-0.0.0-py3.8.egg-info' (and everything under it)
[4.679s] Copying ../../../build/mr2_realsense/mr2_realsense.egg-info to /home/jsagx-6/itc01_ws/install/mr2_realsense/lib/python3.8/site-packages/mr2_realsense-0.0.0-py3.8.egg-info
[4.684s] running install_scripts
[4.828s] Installing realsense_depth script to /home/jsagx-6/itc01_ws/install/mr2_realsense/lib/mr2_realsense
[4.828s] Installing realsense_pub script to /home/jsagx-6/itc01_ws/install/mr2_realsense/lib/mr2_realsense
[4.829s] Installing realsense_pub02 script to /home/jsagx-6/itc01_ws/install/mr2_realsense/lib/mr2_realsense
[4.830s] Installing webcam_pub script to /home/jsagx-6/itc01_ws/install/mr2_realsense/lib/mr2_realsense
[4.830s] Installing yolo_ball_pub script to /home/jsagx-6/itc01_ws/install/mr2_realsense/lib/mr2_realsense
[4.831s] Installing yolo_ball_pub02 script to /home/jsagx-6/itc01_ws/install/mr2_realsense/lib/mr2_realsense
[4.831s] Installing yolo_pub_8 script to /home/jsagx-6/itc01_ws/install/mr2_realsense/lib/mr2_realsense
[4.832s] Installing yolov8_rs script to /home/jsagx-6/itc01_ws/install/mr2_realsense/lib/mr2_realsense
[4.833s] Installing yolov8_rs03 script to /home/jsagx-6/itc01_ws/install/mr2_realsense/lib/mr2_realsense
[4.833s] Installing yolov8_rs04 script to /home/jsagx-6/itc01_ws/install/mr2_realsense/lib/mr2_realsense
[4.833s] Installing yolov8_rs05 script to /home/jsagx-6/itc01_ws/install/mr2_realsense/lib/mr2_realsense
[4.834s] Installing yolov8_webcam script to /home/jsagx-6/itc01_ws/install/mr2_realsense/lib/mr2_realsense
[4.836s] writing list of installed files to '/home/jsagx-6/itc01_ws/build/mr2_realsense/install.log'
[4.923s] Invoked command in '/home/jsagx-6/itc01_ws/src/itc01_mr2/mr2_realsense' returned '0': PYTHONPATH=/home/jsagx-6/itc01_ws/build/mr2_realsense/prefix_override:/home/jsagx-6/itc01_ws/install/mr2_realsense/lib/python3.8/site-packages:${PYTHONPATH} /usr/bin/python3 -W ignore:setup.py install is deprecated setup.py egg_info --egg-base ../../../build/mr2_realsense build --build-base /home/jsagx-6/itc01_ws/build/mr2_realsense/build install --record /home/jsagx-6/itc01_ws/build/mr2_realsense/install.log --install-scripts $base/lib/mr2_realsense --single-version-externally-managed install_data
