[1.658s] Invoking command in '/home/jsagx-6/itc01_ws/build/yolov8_msgs': /usr/bin/cmake --build /home/jsagx-6/itc01_ws/build/yolov8_msgs -- -j8 -l8
[1.908s] [  2%] Built target yolov8_msgs__cpp
[1.921s] [ 12%] Built target yolov8_msgs__rosidl_generator_c
[2.029s] [ 33%] Built target yolov8_msgs__rosidl_typesupport_introspection_cpp
[2.030s] [ 33%] Built target yolov8_msgs__rosidl_typesupport_cpp
[2.031s] [ 43%] Built target yolov8_msgs__rosidl_typesupport_c
[2.032s] [ 53%] Built target yolov8_msgs__rosidl_typesupport_fastrtps_cpp
[2.040s] [ 64%] Built target yolov8_msgs__rosidl_typesupport_introspection_c
[2.216s] [ 74%] Built target yolov8_msgs__rosidl_typesupport_fastrtps_c
[2.234s] [ 74%] Built target yolov8_msgs
[2.322s] [ 76%] Built target yolov8_msgs__py
[2.430s] [ 84%] Built target yolov8_msgs__python
[2.536s] [100%] Built target yolov8_msgs__rosidl_typesupport_c__pyext
[2.537s] [100%] Built target yolov8_msgs__rosidl_typesupport_fastrtps_c__pyext
[2.537s] [100%] Built target yolov8_msgs__rosidl_typesupport_introspection_c__pyext
[2.583s] Invoked command in '/home/jsagx-6/itc01_ws/build/yolov8_msgs' returned '0': /usr/bin/cmake --build /home/jsagx-6/itc01_ws/build/yolov8_msgs -- -j8 -l8
[2.849s] Invoking command in '/home/jsagx-6/itc01_ws/build/yolov8_msgs': /usr/bin/cmake --install /home/jsagx-6/itc01_ws/build/yolov8_msgs
[2.883s] -- Install configuration: ""
[2.884s] -- Up-to-date: /home/jsagx-6/itc01_ws/install/yolov8_msgs/share/ament_index/resource_index/rosidl_interfaces/yolov8_msgs
[2.885s] -- Up-to-date: /home/jsagx-6/itc01_ws/install/yolov8_msgs/include/yolov8_msgs
[2.885s] -- Up-to-date: /home/jsagx-6/itc01_ws/install/yolov8_msgs/include/yolov8_msgs/msg
[2.886s] -- Up-to-date: /home/jsagx-6/itc01_ws/install/yolov8_msgs/include/yolov8_msgs/msg/yolov8_inference.h
[2.886s] -- Up-to-date: /home/jsagx-6/itc01_ws/install/yolov8_msgs/include/yolov8_msgs/msg/detail
[2.887s] -- Up-to-date: /home/jsagx-6/itc01_ws/install/yolov8_msgs/include/yolov8_msgs/msg/detail/inference_result__functions.c
[2.887s] -- Up-to-date: /home/jsagx-6/itc01_ws/install/yolov8_msgs/include/yolov8_msgs/msg/detail/inference_result__type_support.h
[2.887s] -- Up-to-date: /home/jsagx-6/itc01_ws/install/yolov8_msgs/include/yolov8_msgs/msg/detail/yolov8_inference__functions.h
[2.888s] -- Up-to-date: /home/jsagx-6/itc01_ws/install/yolov8_msgs/include/yolov8_msgs/msg/detail/yolov8_inference__type_support.h
[2.888s] -- Up-to-date: /home/jsagx-6/itc01_ws/install/yolov8_msgs/include/yolov8_msgs/msg/detail/yolov8_inference__struct.h
[2.889s] -- Up-to-date: /home/jsagx-6/itc01_ws/install/yolov8_msgs/include/yolov8_msgs/msg/detail/yolov8_inference__functions.c
[2.889s] -- Up-to-date: /home/jsagx-6/itc01_ws/install/yolov8_msgs/include/yolov8_msgs/msg/detail/inference_result__functions.h
[2.889s] -- Up-to-date: /home/jsagx-6/itc01_ws/install/yolov8_msgs/include/yolov8_msgs/msg/detail/inference_result__struct.h
[2.890s] -- Up-to-date: /home/jsagx-6/itc01_ws/install/yolov8_msgs/include/yolov8_msgs/msg/rosidl_generator_c__visibility_control.h
[2.890s] -- Up-to-date: /home/jsagx-6/itc01_ws/install/yolov8_msgs/include/yolov8_msgs/msg/inference_result.h
[2.890s] -- Up-to-date: /home/jsagx-6/itc01_ws/install/yolov8_msgs/share/yolov8_msgs/environment/library_path.sh
[2.891s] -- Up-to-date: /home/jsagx-6/itc01_ws/install/yolov8_msgs/share/yolov8_msgs/environment/library_path.dsv
[2.891s] -- Up-to-date: /home/jsagx-6/itc01_ws/install/yolov8_msgs/lib/libyolov8_msgs__rosidl_generator_c.so
[2.892s] -- Up-to-date: /home/jsagx-6/itc01_ws/install/yolov8_msgs/include/yolov8_msgs
[2.892s] -- Up-to-date: /home/jsagx-6/itc01_ws/install/yolov8_msgs/include/yolov8_msgs/msg
[2.892s] -- Up-to-date: /home/jsagx-6/itc01_ws/install/yolov8_msgs/include/yolov8_msgs/msg/detail
[2.893s] -- Up-to-date: /home/jsagx-6/itc01_ws/install/yolov8_msgs/include/yolov8_msgs/msg/detail/yolov8_inference__rosidl_typesupport_fastrtps_c.h
[2.893s] -- Up-to-date: /home/jsagx-6/itc01_ws/install/yolov8_msgs/include/yolov8_msgs/msg/detail/inference_result__rosidl_typesupport_fastrtps_c.h
[2.893s] -- Up-to-date: /home/jsagx-6/itc01_ws/install/yolov8_msgs/include/yolov8_msgs/msg/rosidl_typesupport_fastrtps_c__visibility_control.h
[2.895s] -- Up-to-date: /home/jsagx-6/itc01_ws/install/yolov8_msgs/lib/libyolov8_msgs__rosidl_typesupport_fastrtps_c.so
[2.897s] -- Up-to-date: /home/jsagx-6/itc01_ws/install/yolov8_msgs/include/yolov8_msgs
[2.897s] -- Up-to-date: /home/jsagx-6/itc01_ws/install/yolov8_msgs/include/yolov8_msgs/msg
[2.897s] -- Up-to-date: /home/jsagx-6/itc01_ws/install/yolov8_msgs/include/yolov8_msgs/msg/rosidl_typesupport_fastrtps_cpp__visibility_control.h
[2.898s] -- Up-to-date: /home/jsagx-6/itc01_ws/install/yolov8_msgs/include/yolov8_msgs/msg/detail
[2.898s] -- Up-to-date: /home/jsagx-6/itc01_ws/install/yolov8_msgs/include/yolov8_msgs/msg/detail/yolov8_inference__rosidl_typesupport_fastrtps_cpp.hpp
[2.898s] -- Up-to-date: /home/jsagx-6/itc01_ws/install/yolov8_msgs/include/yolov8_msgs/msg/detail/inference_result__rosidl_typesupport_fastrtps_cpp.hpp
[2.899s] -- Up-to-date: /home/jsagx-6/itc01_ws/install/yolov8_msgs/include/yolov8_msgs/msg/detail/dds_fastrtps
[2.899s] -- Up-to-date: /home/jsagx-6/itc01_ws/install/yolov8_msgs/lib/libyolov8_msgs__rosidl_typesupport_fastrtps_cpp.so
[2.901s] -- Up-to-date: /home/jsagx-6/itc01_ws/install/yolov8_msgs/include/yolov8_msgs
[2.901s] -- Up-to-date: /home/jsagx-6/itc01_ws/install/yolov8_msgs/include/yolov8_msgs/msg
[2.902s] -- Up-to-date: /home/jsagx-6/itc01_ws/install/yolov8_msgs/include/yolov8_msgs/msg/detail
[2.902s] -- Up-to-date: /home/jsagx-6/itc01_ws/install/yolov8_msgs/include/yolov8_msgs/msg/detail/inference_result__rosidl_typesupport_introspection_c.h
[2.902s] -- Up-to-date: /home/jsagx-6/itc01_ws/install/yolov8_msgs/include/yolov8_msgs/msg/detail/yolov8_inference__type_support.c
[2.903s] -- Up-to-date: /home/jsagx-6/itc01_ws/install/yolov8_msgs/include/yolov8_msgs/msg/detail/inference_result__type_support.c
[2.903s] -- Up-to-date: /home/jsagx-6/itc01_ws/install/yolov8_msgs/include/yolov8_msgs/msg/detail/yolov8_inference__rosidl_typesupport_introspection_c.h
[2.904s] -- Up-to-date: /home/jsagx-6/itc01_ws/install/yolov8_msgs/include/yolov8_msgs/msg/rosidl_typesupport_introspection_c__visibility_control.h
[2.904s] -- Up-to-date: /home/jsagx-6/itc01_ws/install/yolov8_msgs/lib/libyolov8_msgs__rosidl_typesupport_introspection_c.so
[2.906s] -- Up-to-date: /home/jsagx-6/itc01_ws/install/yolov8_msgs/lib/libyolov8_msgs__rosidl_typesupport_c.so
[2.907s] -- Up-to-date: /home/jsagx-6/itc01_ws/install/yolov8_msgs/include/yolov8_msgs
[2.907s] -- Up-to-date: /home/jsagx-6/itc01_ws/install/yolov8_msgs/include/yolov8_msgs/msg
[2.908s] -- Up-to-date: /home/jsagx-6/itc01_ws/install/yolov8_msgs/include/yolov8_msgs/msg/detail
[2.909s] -- Up-to-date: /home/jsagx-6/itc01_ws/install/yolov8_msgs/include/yolov8_msgs/msg/detail/inference_result__type_support.hpp
[2.909s] -- Up-to-date: /home/jsagx-6/itc01_ws/install/yolov8_msgs/include/yolov8_msgs/msg/detail/inference_result__struct.hpp
[2.910s] -- Up-to-date: /home/jsagx-6/itc01_ws/install/yolov8_msgs/include/yolov8_msgs/msg/detail/yolov8_inference__traits.hpp
[2.910s] -- Up-to-date: /home/jsagx-6/itc01_ws/install/yolov8_msgs/include/yolov8_msgs/msg/detail/yolov8_inference__builder.hpp
[2.911s] -- Up-to-date: /home/jsagx-6/itc01_ws/install/yolov8_msgs/include/yolov8_msgs/msg/detail/yolov8_inference__struct.hpp
[2.911s] -- Up-to-date: /home/jsagx-6/itc01_ws/install/yolov8_msgs/include/yolov8_msgs/msg/detail/yolov8_inference__type_support.hpp
[2.911s] -- Up-to-date: /home/jsagx-6/itc01_ws/install/yolov8_msgs/include/yolov8_msgs/msg/detail/inference_result__builder.hpp
[2.912s] -- Up-to-date: /home/jsagx-6/itc01_ws/install/yolov8_msgs/include/yolov8_msgs/msg/detail/inference_result__traits.hpp
[2.912s] -- Up-to-date: /home/jsagx-6/itc01_ws/install/yolov8_msgs/include/yolov8_msgs/msg/yolov8_inference.hpp
[2.912s] -- Up-to-date: /home/jsagx-6/itc01_ws/install/yolov8_msgs/include/yolov8_msgs/msg/rosidl_generator_cpp__visibility_control.hpp
[2.913s] -- Up-to-date: /home/jsagx-6/itc01_ws/install/yolov8_msgs/include/yolov8_msgs/msg/inference_result.hpp
[2.913s] -- Up-to-date: /home/jsagx-6/itc01_ws/install/yolov8_msgs/include/yolov8_msgs
[2.914s] -- Up-to-date: /home/jsagx-6/itc01_ws/install/yolov8_msgs/include/yolov8_msgs/msg
[2.914s] -- Up-to-date: /home/jsagx-6/itc01_ws/install/yolov8_msgs/include/yolov8_msgs/msg/detail
[2.915s] -- Up-to-date: /home/jsagx-6/itc01_ws/install/yolov8_msgs/include/yolov8_msgs/msg/detail/inference_result__rosidl_typesupport_introspection_cpp.hpp
[2.915s] -- Up-to-date: /home/jsagx-6/itc01_ws/install/yolov8_msgs/include/yolov8_msgs/msg/detail/yolov8_inference__rosidl_typesupport_introspection_cpp.hpp
[2.915s] -- Up-to-date: /home/jsagx-6/itc01_ws/install/yolov8_msgs/include/yolov8_msgs/msg/detail/yolov8_inference__type_support.cpp
[2.916s] -- Up-to-date: /home/jsagx-6/itc01_ws/install/yolov8_msgs/include/yolov8_msgs/msg/detail/inference_result__type_support.cpp
[2.916s] -- Up-to-date: /home/jsagx-6/itc01_ws/install/yolov8_msgs/lib/libyolov8_msgs__rosidl_typesupport_introspection_cpp.so
[2.917s] -- Up-to-date: /home/jsagx-6/itc01_ws/install/yolov8_msgs/lib/libyolov8_msgs__rosidl_typesupport_cpp.so
[2.917s] -- Up-to-date: /home/jsagx-6/itc01_ws/install/yolov8_msgs/share/yolov8_msgs/environment/pythonpath.sh
[2.917s] -- Up-to-date: /home/jsagx-6/itc01_ws/install/yolov8_msgs/share/yolov8_msgs/environment/pythonpath.dsv
[2.918s] -- Up-to-date: /home/jsagx-6/itc01_ws/install/yolov8_msgs/lib/python3.8/site-packages/yolov8_msgs/__init__.py
[3.046s] -- Up-to-date: /home/jsagx-6/itc01_ws/install/yolov8_msgs/lib/python3.8/site-packages/yolov8_msgs/msg
[3.046s] -- Up-to-date: /home/jsagx-6/itc01_ws/install/yolov8_msgs/lib/python3.8/site-packages/yolov8_msgs/msg/_inference_result.py
[3.046s] -- Up-to-date: /home/jsagx-6/itc01_ws/install/yolov8_msgs/lib/python3.8/site-packages/yolov8_msgs/msg/__init__.py
[3.047s] -- Up-to-date: /home/jsagx-6/itc01_ws/install/yolov8_msgs/lib/python3.8/site-packages/yolov8_msgs/msg/_yolov8_inference_s.c
[3.047s] -- Up-to-date: /home/jsagx-6/itc01_ws/install/yolov8_msgs/lib/python3.8/site-packages/yolov8_msgs/msg/_yolov8_inference.py
[3.047s] -- Up-to-date: /home/jsagx-6/itc01_ws/install/yolov8_msgs/lib/python3.8/site-packages/yolov8_msgs/msg/_inference_result_s.c
[3.048s] -- Up-to-date: /home/jsagx-6/itc01_ws/install/yolov8_msgs/lib/python3.8/site-packages/yolov8_msgs/yolov8_msgs_s__rosidl_typesupport_fastrtps_c.cpython-38-aarch64-linux-gnu.so
[3.052s] -- Up-to-date: /home/jsagx-6/itc01_ws/install/yolov8_msgs/lib/python3.8/site-packages/yolov8_msgs/yolov8_msgs_s__rosidl_typesupport_introspection_c.cpython-38-aarch64-linux-gnu.so
[3.055s] -- Up-to-date: /home/jsagx-6/itc01_ws/install/yolov8_msgs/lib/python3.8/site-packages/yolov8_msgs/yolov8_msgs_s__rosidl_typesupport_c.cpython-38-aarch64-linux-gnu.so
[3.058s] -- Up-to-date: /home/jsagx-6/itc01_ws/install/yolov8_msgs/lib/libyolov8_msgs__python.so
[3.059s] -- Up-to-date: /home/jsagx-6/itc01_ws/install/yolov8_msgs/share/yolov8_msgs/msg/InferenceResult.idl
[3.060s] -- Up-to-date: /home/jsagx-6/itc01_ws/install/yolov8_msgs/share/yolov8_msgs/msg/Yolov8Inference.idl
[3.060s] -- Up-to-date: /home/jsagx-6/itc01_ws/install/yolov8_msgs/share/yolov8_msgs/msg/InferenceResult.msg
[3.061s] -- Up-to-date: /home/jsagx-6/itc01_ws/install/yolov8_msgs/share/yolov8_msgs/msg/Yolov8Inference.msg
[3.061s] -- Up-to-date: /home/jsagx-6/itc01_ws/install/yolov8_msgs/share/ament_index/resource_index/package_run_dependencies/yolov8_msgs
[3.062s] -- Up-to-date: /home/jsagx-6/itc01_ws/install/yolov8_msgs/share/ament_index/resource_index/parent_prefix_path/yolov8_msgs
[3.062s] -- Up-to-date: /home/jsagx-6/itc01_ws/install/yolov8_msgs/share/yolov8_msgs/environment/ament_prefix_path.sh
[3.062s] -- Up-to-date: /home/jsagx-6/itc01_ws/install/yolov8_msgs/share/yolov8_msgs/environment/ament_prefix_path.dsv
[3.063s] -- Up-to-date: /home/jsagx-6/itc01_ws/install/yolov8_msgs/share/yolov8_msgs/environment/path.sh
[3.063s] -- Up-to-date: /home/jsagx-6/itc01_ws/install/yolov8_msgs/share/yolov8_msgs/environment/path.dsv
[3.063s] -- Up-to-date: /home/jsagx-6/itc01_ws/install/yolov8_msgs/share/yolov8_msgs/local_setup.bash
[3.064s] -- Up-to-date: /home/jsagx-6/itc01_ws/install/yolov8_msgs/share/yolov8_msgs/local_setup.sh
[3.064s] -- Up-to-date: /home/jsagx-6/itc01_ws/install/yolov8_msgs/share/yolov8_msgs/local_setup.zsh
[3.065s] -- Up-to-date: /home/jsagx-6/itc01_ws/install/yolov8_msgs/share/yolov8_msgs/local_setup.dsv
[3.065s] -- Installing: /home/jsagx-6/itc01_ws/install/yolov8_msgs/share/yolov8_msgs/package.dsv
[3.066s] -- Up-to-date: /home/jsagx-6/itc01_ws/install/yolov8_msgs/share/ament_index/resource_index/packages/yolov8_msgs
[3.068s] -- Up-to-date: /home/jsagx-6/itc01_ws/install/yolov8_msgs/share/yolov8_msgs/cmake/yolov8_msgs__rosidl_generator_cExport.cmake
[3.068s] -- Up-to-date: /home/jsagx-6/itc01_ws/install/yolov8_msgs/share/yolov8_msgs/cmake/yolov8_msgs__rosidl_generator_cExport-noconfig.cmake
[3.070s] -- Up-to-date: /home/jsagx-6/itc01_ws/install/yolov8_msgs/share/yolov8_msgs/cmake/yolov8_msgs__rosidl_typesupport_introspection_cExport.cmake
[3.070s] -- Up-to-date: /home/jsagx-6/itc01_ws/install/yolov8_msgs/share/yolov8_msgs/cmake/yolov8_msgs__rosidl_typesupport_introspection_cExport-noconfig.cmake
[3.071s] -- Up-to-date: /home/jsagx-6/itc01_ws/install/yolov8_msgs/share/yolov8_msgs/cmake/yolov8_msgs__rosidl_typesupport_cExport.cmake
[3.071s] -- Up-to-date: /home/jsagx-6/itc01_ws/install/yolov8_msgs/share/yolov8_msgs/cmake/yolov8_msgs__rosidl_typesupport_cExport-noconfig.cmake
[3.073s] -- Up-to-date: /home/jsagx-6/itc01_ws/install/yolov8_msgs/share/yolov8_msgs/cmake/yolov8_msgs__rosidl_generator_cppExport.cmake
[3.074s] -- Up-to-date: /home/jsagx-6/itc01_ws/install/yolov8_msgs/share/yolov8_msgs/cmake/yolov8_msgs__rosidl_typesupport_introspection_cppExport.cmake
[3.074s] -- Up-to-date: /home/jsagx-6/itc01_ws/install/yolov8_msgs/share/yolov8_msgs/cmake/yolov8_msgs__rosidl_typesupport_introspection_cppExport-noconfig.cmake
[3.075s] -- Up-to-date: /home/jsagx-6/itc01_ws/install/yolov8_msgs/share/yolov8_msgs/cmake/yolov8_msgs__rosidl_typesupport_cppExport.cmake
[3.076s] -- Up-to-date: /home/jsagx-6/itc01_ws/install/yolov8_msgs/share/yolov8_msgs/cmake/yolov8_msgs__rosidl_typesupport_cppExport-noconfig.cmake
[3.076s] -- Up-to-date: /home/jsagx-6/itc01_ws/install/yolov8_msgs/share/yolov8_msgs/cmake/rosidl_cmake-extras.cmake
[3.076s] -- Up-to-date: /home/jsagx-6/itc01_ws/install/yolov8_msgs/share/yolov8_msgs/cmake/ament_cmake_export_dependencies-extras.cmake
[3.077s] -- Up-to-date: /home/jsagx-6/itc01_ws/install/yolov8_msgs/share/yolov8_msgs/cmake/ament_cmake_export_libraries-extras.cmake
[3.077s] -- Up-to-date: /home/jsagx-6/itc01_ws/install/yolov8_msgs/share/yolov8_msgs/cmake/ament_cmake_export_targets-extras.cmake
[3.077s] -- Up-to-date: /home/jsagx-6/itc01_ws/install/yolov8_msgs/share/yolov8_msgs/cmake/ament_cmake_export_include_directories-extras.cmake
[3.078s] -- Up-to-date: /home/jsagx-6/itc01_ws/install/yolov8_msgs/share/yolov8_msgs/cmake/rosidl_cmake_export_typesupport_libraries-extras.cmake
[3.078s] -- Up-to-date: /home/jsagx-6/itc01_ws/install/yolov8_msgs/share/yolov8_msgs/cmake/rosidl_cmake_export_typesupport_targets-extras.cmake
[3.079s] -- Up-to-date: /home/jsagx-6/itc01_ws/install/yolov8_msgs/share/yolov8_msgs/cmake/yolov8_msgsConfig.cmake
[3.079s] -- Up-to-date: /home/jsagx-6/itc01_ws/install/yolov8_msgs/share/yolov8_msgs/cmake/yolov8_msgsConfig-version.cmake
[3.079s] -- Up-to-date: /home/jsagx-6/itc01_ws/install/yolov8_msgs/share/yolov8_msgs/package.xml
[3.091s] Invoked command in '/home/jsagx-6/itc01_ws/build/yolov8_msgs' returned '0': /usr/bin/cmake --install /home/jsagx-6/itc01_ws/build/yolov8_msgs
