[2.685s] Invoking command in '/home/jsagx-6/itc01_ws/src/itc01_mr2/buffalo_robot': PYTHONPATH=/home/jsagx-6/itc01_ws/build/buffalo_robot/prefix_override:/home/jsagx-6/itc01_ws/install/buffalo_robot/lib/python3.8/site-packages:${PYTHONPATH} /usr/bin/python3 -W ignore:setup.py install is deprecated setup.py egg_info --egg-base ../../../build/buffalo_robot build --build-base /home/jsagx-6/itc01_ws/build/buffalo_robot/build install --record /home/jsagx-6/itc01_ws/build/buffalo_robot/install.log --install-scripts $base/lib/buffalo_robot --single-version-externally-managed install_data
[3.137s] /home/jsagx-6/.local/lib/python3.8/site-packages/setuptools/dist.py:476: SetuptoolsDeprecationWarning: Invalid dash-separated options
[3.138s] !!
[3.138s] 
[3.138s]         ********************************************************************************
[3.138s]         Usage of dash-separated 'script-dir' will not be supported in future
[3.139s]         versions. Please use the underscore name 'script_dir' instead.
[3.139s] 
[3.139s]         By 2024-Sep-26, you need to update your project and remove deprecated calls
[3.140s]         or your builds will no longer be supported.
[3.140s] 
[3.140s]         See https://setuptools.pypa.io/en/latest/userguide/declarative_config.html for details.
[3.140s]         ********************************************************************************
[3.141s] 
[3.141s] !!
[3.141s]   opt = self.warn_dash_deprecation(opt, section)
[3.538s] running egg_info
[3.592s] writing ../../../build/buffalo_robot/buffalo_robot.egg-info/PKG-INFO
[3.594s] writing dependency_links to ../../../build/buffalo_robot/buffalo_robot.egg-info/dependency_links.txt
[3.595s] writing entry points to ../../../build/buffalo_robot/buffalo_robot.egg-info/entry_points.txt
[3.596s] writing requirements to ../../../build/buffalo_robot/buffalo_robot.egg-info/requires.txt
[3.596s] writing top-level names to ../../../build/buffalo_robot/buffalo_robot.egg-info/top_level.txt
[4.050s] reading manifest file '../../../build/buffalo_robot/buffalo_robot.egg-info/SOURCES.txt'
[4.054s] writing manifest file '../../../build/buffalo_robot/buffalo_robot.egg-info/SOURCES.txt'
[4.055s] running build
[4.055s] running build_py
[4.056s] copying buffalo_robot/omni_buffalo.py -> /home/jsagx-6/itc01_ws/build/buffalo_robot/build/lib/buffalo_robot
[4.057s] copying buffalo_robot/mecanum_pidV1.py -> /home/jsagx-6/itc01_ws/build/buffalo_robot/build/lib/buffalo_robot
[4.058s] copying buffalo_robot/pid_simulation.py -> /home/jsagx-6/itc01_ws/build/buffalo_robot/build/lib/buffalo_robot
[4.058s] copying buffalo_robot/imu.py -> /home/jsagx-6/itc01_ws/build/buffalo_robot/build/lib/buffalo_robot
[4.059s] copying buffalo_robot/can_buffaloV1.py -> /home/jsagx-6/itc01_ws/build/buffalo_robot/build/lib/buffalo_robot
[4.060s] copying buffalo_robot/mpc_omni.py -> /home/jsagx-6/itc01_ws/build/buffalo_robot/build/lib/buffalo_robot
[4.061s] copying buffalo_robot/omni_pidV1.py -> /home/jsagx-6/itc01_ws/build/buffalo_robot/build/lib/buffalo_robot
[4.062s] copying buffalo_robot/__init__.py -> /home/jsagx-6/itc01_ws/build/buffalo_robot/build/lib/buffalo_robot
[4.063s] copying buffalo_robot/EKF.py -> /home/jsagx-6/itc01_ws/build/buffalo_robot/build/lib/buffalo_robot
[4.063s] copying buffalo_robot/ps4_control.py -> /home/jsagx-6/itc01_ws/build/buffalo_robot/build/lib/buffalo_robot
[4.064s] copying buffalo_robot/can_control_Motor.py -> /home/jsagx-6/itc01_ws/build/buffalo_robot/build/lib/buffalo_robot
[4.065s] copying buffalo_robot/omni_mpcV2.py -> /home/jsagx-6/itc01_ws/build/buffalo_robot/build/lib/buffalo_robot
[4.066s] copying buffalo_robot/omni_mpcSimV1.py -> /home/jsagx-6/itc01_ws/build/buffalo_robot/build/lib/buffalo_robot
[4.067s] copying buffalo_robot/Omni_PidSim.py -> /home/jsagx-6/itc01_ws/build/buffalo_robot/build/lib/buffalo_robot
[4.067s] copying buffalo_robot/can_buffaloV2.py -> /home/jsagx-6/itc01_ws/build/buffalo_robot/build/lib/buffalo_robot
[4.068s] copying buffalo_robot/omni_mpcV1.py -> /home/jsagx-6/itc01_ws/build/buffalo_robot/build/lib/buffalo_robot
[4.069s] copying buffalo_robot/bezier_path.py -> /home/jsagx-6/itc01_ws/build/buffalo_robot/build/lib/buffalo_robot
[4.070s] copying buffalo_robot/omni_pidV2.py -> /home/jsagx-6/itc01_ws/build/buffalo_robot/build/lib/buffalo_robot
[4.071s] copying buffalo_robot/mecanum_pidV2.py -> /home/jsagx-6/itc01_ws/build/buffalo_robot/build/lib/buffalo_robot
[4.072s] copying buffalo_robot/imu_HFI_a9.py -> /home/jsagx-6/itc01_ws/build/buffalo_robot/build/lib/buffalo_robot
[4.074s] running install
[4.092s] running install_lib
[4.150s] copying /home/jsagx-6/itc01_ws/build/buffalo_robot/build/lib/buffalo_robot/omni_mpcV2.py -> /home/jsagx-6/itc01_ws/install/buffalo_robot/lib/python3.8/site-packages/buffalo_robot
[4.155s] byte-compiling /home/jsagx-6/itc01_ws/install/buffalo_robot/lib/python3.8/site-packages/buffalo_robot/omni_mpcV2.py to omni_mpcV2.cpython-38.pyc
[4.170s] running install_data
[4.170s] copying resource/buffalo_robot -> /home/jsagx-6/itc01_ws/install/buffalo_robot/share/ament_index/resource_index/packages
[4.171s] copying package.xml -> /home/jsagx-6/itc01_ws/install/buffalo_robot/share/buffalo_robot
[4.172s] copying launch/omni_pid.launch.py -> /home/jsagx-6/itc01_ws/install/buffalo_robot/share/buffalo_robot/launch
[4.172s] copying launch/omni_mpc.launch.py -> /home/jsagx-6/itc01_ws/install/buffalo_robot/share/buffalo_robot/launch
[4.173s] running install_egg_info
[4.232s] removing '/home/jsagx-6/itc01_ws/install/buffalo_robot/lib/python3.8/site-packages/buffalo_robot-0.0.0-py3.8.egg-info' (and everything under it)
[4.233s] Copying ../../../build/buffalo_robot/buffalo_robot.egg-info to /home/jsagx-6/itc01_ws/install/buffalo_robot/lib/python3.8/site-packages/buffalo_robot-0.0.0-py3.8.egg-info
[4.237s] running install_scripts
[4.374s] Installing Omni_PidSim script to /home/jsagx-6/itc01_ws/install/buffalo_robot/lib/buffalo_robot
[4.375s] Installing Omni_model script to /home/jsagx-6/itc01_ws/install/buffalo_robot/lib/buffalo_robot
[4.376s] Installing buffalo_sim script to /home/jsagx-6/itc01_ws/install/buffalo_robot/lib/buffalo_robot
[4.376s] Installing buffalov1 script to /home/jsagx-6/itc01_ws/install/buffalo_robot/lib/buffalo_robot
[4.377s] Installing buffalov2 script to /home/jsagx-6/itc01_ws/install/buffalo_robot/lib/buffalo_robot
[4.378s] Installing can_buffalo script to /home/jsagx-6/itc01_ws/install/buffalo_robot/lib/buffalo_robot
[4.378s] Installing can_buffaloV2 script to /home/jsagx-6/itc01_ws/install/buffalo_robot/lib/buffalo_robot
[4.379s] Installing can_motor script to /home/jsagx-6/itc01_ws/install/buffalo_robot/lib/buffalo_robot
[4.379s] Installing can_rotary script to /home/jsagx-6/itc01_ws/install/buffalo_robot/lib/buffalo_robot
[4.380s] Installing imu script to /home/jsagx-6/itc01_ws/install/buffalo_robot/lib/buffalo_robot
[4.380s] Installing imu_ha9 script to /home/jsagx-6/itc01_ws/install/buffalo_robot/lib/buffalo_robot
[4.381s] Installing mec_teleop script to /home/jsagx-6/itc01_ws/install/buffalo_robot/lib/buffalo_robot
[4.382s] Installing omni_mpcsim script to /home/jsagx-6/itc01_ws/install/buffalo_robot/lib/buffalo_robot
[4.382s] Installing omni_mpcv1 script to /home/jsagx-6/itc01_ws/install/buffalo_robot/lib/buffalo_robot
[4.383s] Installing omni_mpcv2 script to /home/jsagx-6/itc01_ws/install/buffalo_robot/lib/buffalo_robot
[4.383s] Installing omni_pidv1 script to /home/jsagx-6/itc01_ws/install/buffalo_robot/lib/buffalo_robot
[4.384s] Installing omni_pidv2 script to /home/jsagx-6/itc01_ws/install/buffalo_robot/lib/buffalo_robot
[4.384s] Installing ps4 script to /home/jsagx-6/itc01_ws/install/buffalo_robot/lib/buffalo_robot
[4.385s] Installing ps4v2 script to /home/jsagx-6/itc01_ws/install/buffalo_robot/lib/buffalo_robot
[4.388s] writing list of installed files to '/home/jsagx-6/itc01_ws/build/buffalo_robot/install.log'
[4.466s] Invoked command in '/home/jsagx-6/itc01_ws/src/itc01_mr2/buffalo_robot' returned '0': PYTHONPATH=/home/jsagx-6/itc01_ws/build/buffalo_robot/prefix_override:/home/jsagx-6/itc01_ws/install/buffalo_robot/lib/python3.8/site-packages:${PYTHONPATH} /usr/bin/python3 -W ignore:setup.py install is deprecated setup.py egg_info --egg-base ../../../build/buffalo_robot build --build-base /home/jsagx-6/itc01_ws/build/buffalo_robot/build install --record /home/jsagx-6/itc01_ws/build/buffalo_robot/install.log --install-scripts $base/lib/buffalo_robot --single-version-externally-managed install_data
