-- Install configuration: ""
-- Up-to-date: /home/jsagx-6/itc01_ws/install/mr2_launch/share/mr2_launch/launch
-- Up-to-date: /home/jsagx-6/itc01_ws/install/mr2_launch/share/mr2_launch/launch/mr2_auto.launch.py
-- Installing: /home/jsagx-6/itc01_ws/install/mr2_launch/share/mr2_launch/launch/mr2_manual.launch.py
-- Up-to-date: /home/jsagx-6/itc01_ws/install/mr2_launch/share/mr2_launch/launch/mr2_blue_auto.launch.py
-- Up-to-date: /home/jsagx-6/itc01_ws/install/mr2_launch/share/mr2_launch/launch/mr2_red_auto.launch.py
-- Up-to-date: /home/jsagx-6/itc01_ws/install/mr2_launch/share/mr2_launch/src
-- Up-to-date: /home/jsagx-6/itc01_ws/install/mr2_launch/share/ament_index/resource_index/package_run_dependencies/mr2_launch
-- Up-to-date: /home/jsagx-6/itc01_ws/install/mr2_launch/share/ament_index/resource_index/parent_prefix_path/mr2_launch
-- Up-to-date: /home/jsagx-6/itc01_ws/install/mr2_launch/share/mr2_launch/environment/ament_prefix_path.sh
-- Up-to-date: /home/jsagx-6/itc01_ws/install/mr2_launch/share/mr2_launch/environment/ament_prefix_path.dsv
-- Up-to-date: /home/jsagx-6/itc01_ws/install/mr2_launch/share/mr2_launch/environment/path.sh
-- Up-to-date: /home/jsagx-6/itc01_ws/install/mr2_launch/share/mr2_launch/environment/path.dsv
-- Up-to-date: /home/jsagx-6/itc01_ws/install/mr2_launch/share/mr2_launch/local_setup.bash
-- Up-to-date: /home/jsagx-6/itc01_ws/install/mr2_launch/share/mr2_launch/local_setup.sh
-- Up-to-date: /home/jsagx-6/itc01_ws/install/mr2_launch/share/mr2_launch/local_setup.zsh
-- Up-to-date: /home/jsagx-6/itc01_ws/install/mr2_launch/share/mr2_launch/local_setup.dsv
-- Installing: /home/jsagx-6/itc01_ws/install/mr2_launch/share/mr2_launch/package.dsv
-- Up-to-date: /home/jsagx-6/itc01_ws/install/mr2_launch/share/ament_index/resource_index/packages/mr2_launch
-- Up-to-date: /home/jsagx-6/itc01_ws/install/mr2_launch/share/mr2_launch/cmake/mr2_launchConfig.cmake
-- Up-to-date: /home/jsagx-6/itc01_ws/install/mr2_launch/share/mr2_launch/cmake/mr2_launchConfig-version.cmake
-- Up-to-date: /home/jsagx-6/itc01_ws/install/mr2_launch/share/mr2_launch/package.xml
