[0.711s] [34mcolcon[0m [1;30mDEBUG[0m [32mCommand line arguments: ['/usr/bin/colcon', 'build'][0m
[0.712s] [34mcolcon[0m [1;30mDEBUG[0m [32mParsed command line arguments: Namespace(allow_overriding=[], ament_cmake_args=None, base_paths=['.'], build_base='build', catkin_cmake_args=None, catkin_skip_building_tests=False, cmake_args=None, cmake_clean_cache=False, cmake_clean_first=False, cmake_force_configure=False, cmake_target=None, cmake_target_skip_unavailable=False, continue_on_error=False, event_handlers=None, executor='parallel', ignore_user_meta=False, install_base='install', log_base=None, log_level=None, main=<bound method BuildVerb.main of <colcon_core.verb.build.BuildVerb object at 0xffff8ac09100>>, merge_install=False, metas=['./colcon.meta'], mixin=None, mixin_files=None, mixin_verb=('build',), packages_above=None, packages_above_and_dependencies=None, packages_above_depth=None, packages_end=None, packages_ignore=None, packages_ignore_regex=None, packages_select=None, packages_select_build_failed=False, packages_select_by_dep=None, packages_select_regex=None, packages_select_test_failures=False, packages_skip=None, packages_skip_build_finished=False, packages_skip_by_dep=None, packages_skip_regex=None, packages_skip_test_passed=False, packages_skip_up_to=None, packages_start=None, packages_up_to=None, packages_up_to_regex=None, parallel_workers=8, paths=None, symlink_install=False, test_result_base=None, verb_extension=<colcon_core.verb.build.BuildVerb object at 0xffff8ac09100>, verb_name='build', verb_parser=<colcon_mixin.mixin.mixin_argument.MixinArgumentDecorator object at 0xffff8ac09a90>)[0m
[1.241s] [34mcolcon.colcon_core.package_discovery[0m [1;30mLevel 1[0m discover_packages(colcon_meta) check parameters
[1.242s] [34mcolcon.colcon_core.package_discovery[0m [1;30mLevel 1[0m discover_packages(recursive) check parameters
[1.242s] [34mcolcon.colcon_core.package_discovery[0m [1;30mLevel 1[0m discover_packages(ignore) check parameters
[1.242s] [34mcolcon.colcon_core.package_discovery[0m [1;30mLevel 1[0m discover_packages(path) check parameters
[1.242s] [34mcolcon.colcon_core.package_discovery[0m [1;30mLevel 1[0m discover_packages(colcon_meta) discover
[1.242s] [34mcolcon.colcon_core.package_discovery[0m [1;30mLevel 1[0m discover_packages(recursive) discover
[1.243s] [34mcolcon.colcon_core.package_discovery[0m [1;30mINFO[0m Crawling recursively for packages in '/home/jsagx-6/itc01_ws'
[1.243s] [34mcolcon.colcon_core.package_identification[0m [1;30mLevel 1[0m _identify(.) by extensions ['ignore', 'ignore_ament_install']
[1.243s] [34mcolcon.colcon_core.package_identification[0m [1;30mLevel 1[0m _identify(.) by extension 'ignore'
[1.243s] [34mcolcon.colcon_core.package_identification[0m [1;30mLevel 1[0m _identify(.) by extension 'ignore_ament_install'
[1.244s] [34mcolcon.colcon_core.package_identification[0m [1;30mLevel 1[0m _identify(.) by extensions ['colcon_pkg']
[1.244s] [34mcolcon.colcon_core.package_identification[0m [1;30mLevel 1[0m _identify(.) by extension 'colcon_pkg'
[1.244s] [34mcolcon.colcon_core.package_identification[0m [1;30mLevel 1[0m _identify(.) by extensions ['colcon_meta']
[1.244s] [34mcolcon.colcon_core.package_identification[0m [1;30mLevel 1[0m _identify(.) by extension 'colcon_meta'
[1.244s] [34mcolcon.colcon_core.package_identification[0m [1;30mLevel 1[0m _identify(.) by extensions ['ros']
[1.244s] [34mcolcon.colcon_core.package_identification[0m [1;30mLevel 1[0m _identify(.) by extension 'ros'
[1.281s] [34mcolcon.colcon_core.package_identification[0m [1;30mLevel 1[0m _identify(.) by extensions ['cmake', 'python']
[1.281s] [34mcolcon.colcon_core.package_identification[0m [1;30mLevel 1[0m _identify(.) by extension 'cmake'
[1.281s] [34mcolcon.colcon_core.package_identification[0m [1;30mLevel 1[0m _identify(.) by extension 'python'
[1.281s] [34mcolcon.colcon_core.package_identification[0m [1;30mLevel 1[0m _identify(.) by extensions ['python_setup_py']
[1.282s] [34mcolcon.colcon_core.package_identification[0m [1;30mLevel 1[0m _identify(.) by extension 'python_setup_py'
[1.282s] [34mcolcon.colcon_core.package_identification[0m [1;30mLevel 1[0m _identify(build) by extensions ['ignore', 'ignore_ament_install']
[1.282s] [34mcolcon.colcon_core.package_identification[0m [1;30mLevel 1[0m _identify(build) by extension 'ignore'
[1.283s] [34mcolcon.colcon_core.package_identification[0m [1;30mLevel 1[0m _identify(build) ignored
[1.283s] [34mcolcon.colcon_core.package_identification[0m [1;30mLevel 1[0m _identify(install) by extensions ['ignore', 'ignore_ament_install']
[1.283s] [34mcolcon.colcon_core.package_identification[0m [1;30mLevel 1[0m _identify(install) by extension 'ignore'
[1.284s] [34mcolcon.colcon_core.package_identification[0m [1;30mLevel 1[0m _identify(install) ignored
[1.287s] [34mcolcon.colcon_core.package_identification[0m [1;30mLevel 1[0m _identify(log) by extensions ['ignore', 'ignore_ament_install']
[1.287s] [34mcolcon.colcon_core.package_identification[0m [1;30mLevel 1[0m _identify(log) by extension 'ignore'
[1.288s] [34mcolcon.colcon_core.package_identification[0m [1;30mLevel 1[0m _identify(log) ignored
[1.288s] [34mcolcon.colcon_core.package_identification[0m [1;30mLevel 1[0m _identify(src) by extensions ['ignore', 'ignore_ament_install']
[1.288s] [34mcolcon.colcon_core.package_identification[0m [1;30mLevel 1[0m _identify(src) by extension 'ignore'
[1.288s] [34mcolcon.colcon_core.package_identification[0m [1;30mLevel 1[0m _identify(src) by extension 'ignore_ament_install'
[1.289s] [34mcolcon.colcon_core.package_identification[0m [1;30mLevel 1[0m _identify(src) by extensions ['colcon_pkg']
[1.289s] [34mcolcon.colcon_core.package_identification[0m [1;30mLevel 1[0m _identify(src) by extension 'colcon_pkg'
[1.289s] [34mcolcon.colcon_core.package_identification[0m [1;30mLevel 1[0m _identify(src) by extensions ['colcon_meta']
[1.289s] [34mcolcon.colcon_core.package_identification[0m [1;30mLevel 1[0m _identify(src) by extension 'colcon_meta'
[1.289s] [34mcolcon.colcon_core.package_identification[0m [1;30mLevel 1[0m _identify(src) by extensions ['ros']
[1.289s] [34mcolcon.colcon_core.package_identification[0m [1;30mLevel 1[0m _identify(src) by extension 'ros'
[1.290s] [34mcolcon.colcon_core.package_identification[0m [1;30mLevel 1[0m _identify(src) by extensions ['cmake', 'python']
[1.290s] [34mcolcon.colcon_core.package_identification[0m [1;30mLevel 1[0m _identify(src) by extension 'cmake'
[1.290s] [34mcolcon.colcon_core.package_identification[0m [1;30mLevel 1[0m _identify(src) by extension 'python'
[1.290s] [34mcolcon.colcon_core.package_identification[0m [1;30mLevel 1[0m _identify(src) by extensions ['python_setup_py']
[1.290s] [34mcolcon.colcon_core.package_identification[0m [1;30mLevel 1[0m _identify(src) by extension 'python_setup_py'
[1.291s] [34mcolcon.colcon_core.package_identification[0m [1;30mLevel 1[0m _identify(src/itc01_mr2) by extensions ['ignore', 'ignore_ament_install']
[1.291s] [34mcolcon.colcon_core.package_identification[0m [1;30mLevel 1[0m _identify(src/itc01_mr2) by extension 'ignore'
[1.291s] [34mcolcon.colcon_core.package_identification[0m [1;30mLevel 1[0m _identify(src/itc01_mr2) by extension 'ignore_ament_install'
[1.291s] [34mcolcon.colcon_core.package_identification[0m [1;30mLevel 1[0m _identify(src/itc01_mr2) by extensions ['colcon_pkg']
[1.291s] [34mcolcon.colcon_core.package_identification[0m [1;30mLevel 1[0m _identify(src/itc01_mr2) by extension 'colcon_pkg'
[1.291s] [34mcolcon.colcon_core.package_identification[0m [1;30mLevel 1[0m _identify(src/itc01_mr2) by extensions ['colcon_meta']
[1.291s] [34mcolcon.colcon_core.package_identification[0m [1;30mLevel 1[0m _identify(src/itc01_mr2) by extension 'colcon_meta'
[1.292s] [34mcolcon.colcon_core.package_identification[0m [1;30mLevel 1[0m _identify(src/itc01_mr2) by extensions ['ros']
[1.292s] [34mcolcon.colcon_core.package_identification[0m [1;30mLevel 1[0m _identify(src/itc01_mr2) by extension 'ros'
[1.292s] [34mcolcon.colcon_core.package_identification[0m [1;30mLevel 1[0m _identify(src/itc01_mr2) by extensions ['cmake', 'python']
[1.292s] [34mcolcon.colcon_core.package_identification[0m [1;30mLevel 1[0m _identify(src/itc01_mr2) by extension 'cmake'
[1.292s] [34mcolcon.colcon_core.package_identification[0m [1;30mLevel 1[0m _identify(src/itc01_mr2) by extension 'python'
[1.292s] [34mcolcon.colcon_core.package_identification[0m [1;30mLevel 1[0m _identify(src/itc01_mr2) by extensions ['python_setup_py']
[1.293s] [34mcolcon.colcon_core.package_identification[0m [1;30mLevel 1[0m _identify(src/itc01_mr2) by extension 'python_setup_py'
[1.293s] [34mcolcon.colcon_core.package_identification[0m [1;30mLevel 1[0m _identify(src/itc01_mr2/buffalo_robot) by extensions ['ignore', 'ignore_ament_install']
[1.293s] [34mcolcon.colcon_core.package_identification[0m [1;30mLevel 1[0m _identify(src/itc01_mr2/buffalo_robot) by extension 'ignore'
[1.293s] [34mcolcon.colcon_core.package_identification[0m [1;30mLevel 1[0m _identify(src/itc01_mr2/buffalo_robot) by extension 'ignore_ament_install'
[1.294s] [34mcolcon.colcon_core.package_identification[0m [1;30mLevel 1[0m _identify(src/itc01_mr2/buffalo_robot) by extensions ['colcon_pkg']
[1.294s] [34mcolcon.colcon_core.package_identification[0m [1;30mLevel 1[0m _identify(src/itc01_mr2/buffalo_robot) by extension 'colcon_pkg'
[1.294s] [34mcolcon.colcon_core.package_identification[0m [1;30mLevel 1[0m _identify(src/itc01_mr2/buffalo_robot) by extensions ['colcon_meta']
[1.294s] [34mcolcon.colcon_core.package_identification[0m [1;30mLevel 1[0m _identify(src/itc01_mr2/buffalo_robot) by extension 'colcon_meta'
[1.294s] [34mcolcon.colcon_core.package_identification[0m [1;30mLevel 1[0m _identify(src/itc01_mr2/buffalo_robot) by extensions ['ros']
[1.294s] [34mcolcon.colcon_core.package_identification[0m [1;30mLevel 1[0m _identify(src/itc01_mr2/buffalo_robot) by extension 'ros'
[1.302s] [34mcolcon.colcon_core.package_identification[0m [1;30mDEBUG[0m [32mPackage 'src/itc01_mr2/buffalo_robot' with type 'ros.ament_python' and name 'buffalo_robot'[0m
[1.303s] [34mcolcon.colcon_core.package_identification[0m [1;30mLevel 1[0m _identify(src/itc01_mr2/mr2_realsense) by extensions ['ignore', 'ignore_ament_install']
[1.303s] [34mcolcon.colcon_core.package_identification[0m [1;30mLevel 1[0m _identify(src/itc01_mr2/mr2_realsense) by extension 'ignore'
[1.303s] [34mcolcon.colcon_core.package_identification[0m [1;30mLevel 1[0m _identify(src/itc01_mr2/mr2_realsense) by extension 'ignore_ament_install'
[1.303s] [34mcolcon.colcon_core.package_identification[0m [1;30mLevel 1[0m _identify(src/itc01_mr2/mr2_realsense) by extensions ['colcon_pkg']
[1.304s] [34mcolcon.colcon_core.package_identification[0m [1;30mLevel 1[0m _identify(src/itc01_mr2/mr2_realsense) by extension 'colcon_pkg'
[1.304s] [34mcolcon.colcon_core.package_identification[0m [1;30mLevel 1[0m _identify(src/itc01_mr2/mr2_realsense) by extensions ['colcon_meta']
[1.304s] [34mcolcon.colcon_core.package_identification[0m [1;30mLevel 1[0m _identify(src/itc01_mr2/mr2_realsense) by extension 'colcon_meta'
[1.304s] [34mcolcon.colcon_core.package_identification[0m [1;30mLevel 1[0m _identify(src/itc01_mr2/mr2_realsense) by extensions ['ros']
[1.304s] [34mcolcon.colcon_core.package_identification[0m [1;30mLevel 1[0m _identify(src/itc01_mr2/mr2_realsense) by extension 'ros'
[1.307s] [34mcolcon.colcon_core.package_identification[0m [1;30mDEBUG[0m [32mPackage 'src/itc01_mr2/mr2_realsense' with type 'ros.ament_python' and name 'mr2_realsense'[0m
[1.308s] [34mcolcon.colcon_core.package_identification[0m [1;30mLevel 1[0m _identify(src/itc01_mr2/yolobot_recognition) by extensions ['ignore', 'ignore_ament_install']
[1.308s] [34mcolcon.colcon_core.package_identification[0m [1;30mLevel 1[0m _identify(src/itc01_mr2/yolobot_recognition) by extension 'ignore'
[1.308s] [34mcolcon.colcon_core.package_identification[0m [1;30mLevel 1[0m _identify(src/itc01_mr2/yolobot_recognition) by extension 'ignore_ament_install'
[1.308s] [34mcolcon.colcon_core.package_identification[0m [1;30mLevel 1[0m _identify(src/itc01_mr2/yolobot_recognition) by extensions ['colcon_pkg']
[1.309s] [34mcolcon.colcon_core.package_identification[0m [1;30mLevel 1[0m _identify(src/itc01_mr2/yolobot_recognition) by extension 'colcon_pkg'
[1.309s] [34mcolcon.colcon_core.package_identification[0m [1;30mLevel 1[0m _identify(src/itc01_mr2/yolobot_recognition) by extensions ['colcon_meta']
[1.309s] [34mcolcon.colcon_core.package_identification[0m [1;30mLevel 1[0m _identify(src/itc01_mr2/yolobot_recognition) by extension 'colcon_meta'
[1.309s] [34mcolcon.colcon_core.package_identification[0m [1;30mLevel 1[0m _identify(src/itc01_mr2/yolobot_recognition) by extensions ['ros']
[1.309s] [34mcolcon.colcon_core.package_identification[0m [1;30mLevel 1[0m _identify(src/itc01_mr2/yolobot_recognition) by extension 'ros'
[1.310s] [34mcolcon.colcon_core.package_identification[0m [1;30mDEBUG[0m [32mPackage 'src/itc01_mr2/yolobot_recognition' with type 'ros.ament_cmake' and name 'yolobot_recognition'[0m
[1.311s] [34mcolcon.colcon_core.package_identification[0m [1;30mLevel 1[0m _identify(src/itc01_mr2/yolov8_msgs) by extensions ['ignore', 'ignore_ament_install']
[1.311s] [34mcolcon.colcon_core.package_identification[0m [1;30mLevel 1[0m _identify(src/itc01_mr2/yolov8_msgs) by extension 'ignore'
[1.311s] [34mcolcon.colcon_core.package_identification[0m [1;30mLevel 1[0m _identify(src/itc01_mr2/yolov8_msgs) by extension 'ignore_ament_install'
[1.311s] [34mcolcon.colcon_core.package_identification[0m [1;30mLevel 1[0m _identify(src/itc01_mr2/yolov8_msgs) by extensions ['colcon_pkg']
[1.312s] [34mcolcon.colcon_core.package_identification[0m [1;30mLevel 1[0m _identify(src/itc01_mr2/yolov8_msgs) by extension 'colcon_pkg'
[1.312s] [34mcolcon.colcon_core.package_identification[0m [1;30mLevel 1[0m _identify(src/itc01_mr2/yolov8_msgs) by extensions ['colcon_meta']
[1.312s] [34mcolcon.colcon_core.package_identification[0m [1;30mLevel 1[0m _identify(src/itc01_mr2/yolov8_msgs) by extension 'colcon_meta'
[1.312s] [34mcolcon.colcon_core.package_identification[0m [1;30mLevel 1[0m _identify(src/itc01_mr2/yolov8_msgs) by extensions ['ros']
[1.312s] [34mcolcon.colcon_core.package_identification[0m [1;30mLevel 1[0m _identify(src/itc01_mr2/yolov8_msgs) by extension 'ros'
[1.314s] [34mcolcon.colcon_core.package_identification[0m [1;30mDEBUG[0m [32mPackage 'src/itc01_mr2/yolov8_msgs' with type 'ros.ament_cmake' and name 'yolov8_msgs'[0m
[1.314s] [34mcolcon.colcon_core.package_discovery[0m [1;30mLevel 1[0m discover_packages(recursive) using defaults
[1.314s] [34mcolcon.colcon_core.package_discovery[0m [1;30mLevel 1[0m discover_packages(ignore) discover
[1.314s] [34mcolcon.colcon_core.package_discovery[0m [1;30mLevel 1[0m discover_packages(ignore) using defaults
[1.314s] [34mcolcon.colcon_core.package_discovery[0m [1;30mLevel 1[0m discover_packages(path) discover
[1.314s] [34mcolcon.colcon_core.package_discovery[0m [1;30mLevel 1[0m discover_packages(path) using defaults
[1.390s] [34mcolcon.colcon_core.package_discovery[0m [1;30mLevel 1[0m discover_packages(prefix_path) check parameters
[1.391s] [34mcolcon.colcon_core.package_discovery[0m [1;30mLevel 1[0m discover_packages(prefix_path) discover
[1.397s] [34mcolcon.colcon_installed_package_information.package_discovery[0m [1;30mDEBUG[0m [32mFound 5 installed packages in /home/jsagx-6/itc01_ws/install[0m
[1.402s] [34mcolcon.colcon_installed_package_information.package_discovery[0m [1;30mDEBUG[0m [32mFound 256 installed packages in /opt/ros/foxy[0m
[1.407s] [34mcolcon.colcon_core.package_discovery[0m [1;30mLevel 1[0m discover_packages(prefix_path) using defaults
[1.592s] [34mcolcon.colcon_core.verb[0m [1;30mLevel 5[0m set package 'buffalo_robot' build argument 'cmake_args' from command line to 'None'
[1.592s] [34mcolcon.colcon_core.verb[0m [1;30mLevel 5[0m set package 'buffalo_robot' build argument 'cmake_target' from command line to 'None'
[1.636s] [34mcolcon.colcon_core.verb[0m [1;30mLevel 5[0m set package 'buffalo_robot' build argument 'cmake_target_skip_unavailable' from command line to 'False'
[1.636s] [34mcolcon.colcon_core.verb[0m [1;30mLevel 5[0m set package 'buffalo_robot' build argument 'cmake_clean_cache' from command line to 'False'
[1.636s] [34mcolcon.colcon_core.verb[0m [1;30mLevel 5[0m set package 'buffalo_robot' build argument 'cmake_clean_first' from command line to 'False'
[1.636s] [34mcolcon.colcon_core.verb[0m [1;30mLevel 5[0m set package 'buffalo_robot' build argument 'cmake_force_configure' from command line to 'False'
[1.637s] [34mcolcon.colcon_core.verb[0m [1;30mLevel 5[0m set package 'buffalo_robot' build argument 'ament_cmake_args' from command line to 'None'
[1.637s] [34mcolcon.colcon_core.verb[0m [1;30mLevel 5[0m set package 'buffalo_robot' build argument 'catkin_cmake_args' from command line to 'None'
[1.637s] [34mcolcon.colcon_core.verb[0m [1;30mLevel 5[0m set package 'buffalo_robot' build argument 'catkin_skip_building_tests' from command line to 'False'
[1.637s] [34mcolcon.colcon_core.verb[0m [1;30mDEBUG[0m [32mBuilding package 'buffalo_robot' with the following arguments: {'ament_cmake_args': None, 'build_base': '/home/jsagx-6/itc01_ws/build/buffalo_robot', 'catkin_cmake_args': None, 'catkin_skip_building_tests': False, 'cmake_args': None, 'cmake_clean_cache': False, 'cmake_clean_first': False, 'cmake_force_configure': False, 'cmake_target': None, 'cmake_target_skip_unavailable': False, 'install_base': '/home/jsagx-6/itc01_ws/install/buffalo_robot', 'merge_install': False, 'path': '/home/jsagx-6/itc01_ws/src/itc01_mr2/buffalo_robot', 'symlink_install': False, 'test_result_base': None}[0m
[1.638s] [34mcolcon.colcon_core.verb[0m [1;30mLevel 5[0m set package 'mr2_realsense' build argument 'cmake_args' from command line to 'None'
[1.639s] [34mcolcon.colcon_core.verb[0m [1;30mLevel 5[0m set package 'mr2_realsense' build argument 'cmake_target' from command line to 'None'
[1.639s] [34mcolcon.colcon_core.verb[0m [1;30mLevel 5[0m set package 'mr2_realsense' build argument 'cmake_target_skip_unavailable' from command line to 'False'
[1.639s] [34mcolcon.colcon_core.verb[0m [1;30mLevel 5[0m set package 'mr2_realsense' build argument 'cmake_clean_cache' from command line to 'False'
[1.639s] [34mcolcon.colcon_core.verb[0m [1;30mLevel 5[0m set package 'mr2_realsense' build argument 'cmake_clean_first' from command line to 'False'
[1.639s] [34mcolcon.colcon_core.verb[0m [1;30mLevel 5[0m set package 'mr2_realsense' build argument 'cmake_force_configure' from command line to 'False'
[1.639s] [34mcolcon.colcon_core.verb[0m [1;30mLevel 5[0m set package 'mr2_realsense' build argument 'ament_cmake_args' from command line to 'None'
[1.639s] [34mcolcon.colcon_core.verb[0m [1;30mLevel 5[0m set package 'mr2_realsense' build argument 'catkin_cmake_args' from command line to 'None'
[1.639s] [34mcolcon.colcon_core.verb[0m [1;30mLevel 5[0m set package 'mr2_realsense' build argument 'catkin_skip_building_tests' from command line to 'False'
[1.639s] [34mcolcon.colcon_core.verb[0m [1;30mDEBUG[0m [32mBuilding package 'mr2_realsense' with the following arguments: {'ament_cmake_args': None, 'build_base': '/home/jsagx-6/itc01_ws/build/mr2_realsense', 'catkin_cmake_args': None, 'catkin_skip_building_tests': False, 'cmake_args': None, 'cmake_clean_cache': False, 'cmake_clean_first': False, 'cmake_force_configure': False, 'cmake_target': None, 'cmake_target_skip_unavailable': False, 'install_base': '/home/jsagx-6/itc01_ws/install/mr2_realsense', 'merge_install': False, 'path': '/home/jsagx-6/itc01_ws/src/itc01_mr2/mr2_realsense', 'symlink_install': False, 'test_result_base': None}[0m
[1.641s] [34mcolcon.colcon_core.verb[0m [1;30mLevel 5[0m set package 'yolobot_recognition' build argument 'cmake_args' from command line to 'None'
[1.641s] [34mcolcon.colcon_core.verb[0m [1;30mLevel 5[0m set package 'yolobot_recognition' build argument 'cmake_target' from command line to 'None'
[1.641s] [34mcolcon.colcon_core.verb[0m [1;30mLevel 5[0m set package 'yolobot_recognition' build argument 'cmake_target_skip_unavailable' from command line to 'False'
[1.641s] [34mcolcon.colcon_core.verb[0m [1;30mLevel 5[0m set package 'yolobot_recognition' build argument 'cmake_clean_cache' from command line to 'False'
[1.641s] [34mcolcon.colcon_core.verb[0m [1;30mLevel 5[0m set package 'yolobot_recognition' build argument 'cmake_clean_first' from command line to 'False'
[1.641s] [34mcolcon.colcon_core.verb[0m [1;30mLevel 5[0m set package 'yolobot_recognition' build argument 'cmake_force_configure' from command line to 'False'
[1.641s] [34mcolcon.colcon_core.verb[0m [1;30mLevel 5[0m set package 'yolobot_recognition' build argument 'ament_cmake_args' from command line to 'None'
[1.641s] [34mcolcon.colcon_core.verb[0m [1;30mLevel 5[0m set package 'yolobot_recognition' build argument 'catkin_cmake_args' from command line to 'None'
[1.641s] [34mcolcon.colcon_core.verb[0m [1;30mLevel 5[0m set package 'yolobot_recognition' build argument 'catkin_skip_building_tests' from command line to 'False'
[1.642s] [34mcolcon.colcon_core.verb[0m [1;30mDEBUG[0m [32mBuilding package 'yolobot_recognition' with the following arguments: {'ament_cmake_args': None, 'build_base': '/home/jsagx-6/itc01_ws/build/yolobot_recognition', 'catkin_cmake_args': None, 'catkin_skip_building_tests': False, 'cmake_args': None, 'cmake_clean_cache': False, 'cmake_clean_first': False, 'cmake_force_configure': False, 'cmake_target': None, 'cmake_target_skip_unavailable': False, 'install_base': '/home/jsagx-6/itc01_ws/install/yolobot_recognition', 'merge_install': False, 'path': '/home/jsagx-6/itc01_ws/src/itc01_mr2/yolobot_recognition', 'symlink_install': False, 'test_result_base': None}[0m
[1.643s] [34mcolcon.colcon_core.verb[0m [1;30mLevel 5[0m set package 'yolov8_msgs' build argument 'cmake_args' from command line to 'None'
[1.643s] [34mcolcon.colcon_core.verb[0m [1;30mLevel 5[0m set package 'yolov8_msgs' build argument 'cmake_target' from command line to 'None'
[1.643s] [34mcolcon.colcon_core.verb[0m [1;30mLevel 5[0m set package 'yolov8_msgs' build argument 'cmake_target_skip_unavailable' from command line to 'False'
[1.643s] [34mcolcon.colcon_core.verb[0m [1;30mLevel 5[0m set package 'yolov8_msgs' build argument 'cmake_clean_cache' from command line to 'False'
[1.643s] [34mcolcon.colcon_core.verb[0m [1;30mLevel 5[0m set package 'yolov8_msgs' build argument 'cmake_clean_first' from command line to 'False'
[1.643s] [34mcolcon.colcon_core.verb[0m [1;30mLevel 5[0m set package 'yolov8_msgs' build argument 'cmake_force_configure' from command line to 'False'
[1.643s] [34mcolcon.colcon_core.verb[0m [1;30mLevel 5[0m set package 'yolov8_msgs' build argument 'ament_cmake_args' from command line to 'None'
[1.643s] [34mcolcon.colcon_core.verb[0m [1;30mLevel 5[0m set package 'yolov8_msgs' build argument 'catkin_cmake_args' from command line to 'None'
[1.644s] [34mcolcon.colcon_core.verb[0m [1;30mLevel 5[0m set package 'yolov8_msgs' build argument 'catkin_skip_building_tests' from command line to 'False'
[1.644s] [34mcolcon.colcon_core.verb[0m [1;30mDEBUG[0m [32mBuilding package 'yolov8_msgs' with the following arguments: {'ament_cmake_args': None, 'build_base': '/home/jsagx-6/itc01_ws/build/yolov8_msgs', 'catkin_cmake_args': None, 'catkin_skip_building_tests': False, 'cmake_args': None, 'cmake_clean_cache': False, 'cmake_clean_first': False, 'cmake_force_configure': False, 'cmake_target': None, 'cmake_target_skip_unavailable': False, 'install_base': '/home/jsagx-6/itc01_ws/install/yolov8_msgs', 'merge_install': False, 'path': '/home/jsagx-6/itc01_ws/src/itc01_mr2/yolov8_msgs', 'symlink_install': False, 'test_result_base': None}[0m
[1.644s] [34mcolcon.colcon_core.executor[0m [1;30mINFO[0m Executing jobs using 'parallel' executor
[1.647s] [34mcolcon.colcon_parallel_executor.executor.parallel[0m [1;30mDEBUG[0m [32mrun_until_complete[0m
[1.649s] [34mcolcon.colcon_ros.task.ament_python.build[0m [1;30mINFO[0m Building ROS package in '/home/jsagx-6/itc01_ws/src/itc01_mr2/buffalo_robot' with build type 'ament_python'
[1.650s] [34mcolcon.colcon_core.shell[0m [1;30mLevel 1[0m create_environment_hook('buffalo_robot', 'ament_prefix_path')
[1.656s] [34mcolcon.colcon_core.plugin_system[0m [1;30mINFO[0m Skipping extension 'colcon_core.shell.bat': Not used on non-Windows systems
[1.656s] [34mcolcon.colcon_core.shell[0m [1;30mINFO[0m Creating environment hook '/home/jsagx-6/itc01_ws/install/buffalo_robot/share/buffalo_robot/hook/ament_prefix_path.ps1'
[1.659s] [34mcolcon.colcon_core.shell[0m [1;30mINFO[0m Creating environment descriptor '/home/jsagx-6/itc01_ws/install/buffalo_robot/share/buffalo_robot/hook/ament_prefix_path.dsv'
[1.661s] [34mcolcon.colcon_core.shell[0m [1;30mINFO[0m Creating environment hook '/home/jsagx-6/itc01_ws/install/buffalo_robot/share/buffalo_robot/hook/ament_prefix_path.sh'
[1.663s] [34mcolcon.colcon_core.shell[0m [1;30mINFO[0m Skip shell extension 'powershell' for command environment: Not usable outside of PowerShell
[1.663s] [34mcolcon.colcon_core.shell[0m [1;30mDEBUG[0m [32mSkip shell extension 'dsv' for command environment[0m
[1.685s] [34mcolcon.colcon_ros.task.ament_python.build[0m [1;30mINFO[0m Building ROS package in '/home/jsagx-6/itc01_ws/src/itc01_mr2/mr2_realsense' with build type 'ament_python'
[1.687s] [34mcolcon.colcon_core.shell[0m [1;30mLevel 1[0m create_environment_hook('mr2_realsense', 'ament_prefix_path')
[1.689s] [34mcolcon.colcon_core.shell[0m [1;30mINFO[0m Creating environment hook '/home/jsagx-6/itc01_ws/install/mr2_realsense/share/mr2_realsense/hook/ament_prefix_path.ps1'
[1.694s] [34mcolcon.colcon_core.shell[0m [1;30mINFO[0m Creating environment descriptor '/home/jsagx-6/itc01_ws/install/mr2_realsense/share/mr2_realsense/hook/ament_prefix_path.dsv'
[1.695s] [34mcolcon.colcon_core.shell[0m [1;30mINFO[0m Creating environment hook '/home/jsagx-6/itc01_ws/install/mr2_realsense/share/mr2_realsense/hook/ament_prefix_path.sh'
[1.697s] [34mcolcon.colcon_core.shell[0m [1;30mINFO[0m Skip shell extension 'powershell' for command environment: Not usable outside of PowerShell
[1.697s] [34mcolcon.colcon_core.shell[0m [1;30mDEBUG[0m [32mSkip shell extension 'dsv' for command environment[0m
[1.716s] [34mcolcon.colcon_ros.task.ament_cmake.build[0m [1;30mINFO[0m Building ROS package in '/home/jsagx-6/itc01_ws/src/itc01_mr2/yolobot_recognition' with build type 'ament_cmake'
[1.718s] [34mcolcon.colcon_cmake.task.cmake.build[0m [1;30mINFO[0m Building CMake package in '/home/jsagx-6/itc01_ws/src/itc01_mr2/yolobot_recognition'
[1.721s] [34mcolcon.colcon_core.shell[0m [1;30mINFO[0m Skip shell extension 'powershell' for command environment: Not usable outside of PowerShell
[1.721s] [34mcolcon.colcon_core.shell[0m [1;30mDEBUG[0m [32mSkip shell extension 'dsv' for command environment[0m
[1.741s] [34mcolcon.colcon_ros.task.ament_cmake.build[0m [1;30mINFO[0m Building ROS package in '/home/jsagx-6/itc01_ws/src/itc01_mr2/yolov8_msgs' with build type 'ament_cmake'
[1.743s] [34mcolcon.colcon_cmake.task.cmake.build[0m [1;30mINFO[0m Building CMake package in '/home/jsagx-6/itc01_ws/src/itc01_mr2/yolov8_msgs'
[1.746s] [34mcolcon.colcon_core.shell[0m [1;30mINFO[0m Skip shell extension 'powershell' for command environment: Not usable outside of PowerShell
[1.747s] [34mcolcon.colcon_core.shell[0m [1;30mDEBUG[0m [32mSkip shell extension 'dsv' for command environment[0m
[2.606s] [34mcolcon.colcon_core.task.python.build[0m [1;30mINFO[0m Building Python package in '/home/jsagx-6/itc01_ws/src/itc01_mr2/buffalo_robot'
[2.610s] [34mcolcon.colcon_core.shell[0m [1;30mINFO[0m Skip shell extension 'powershell' for command environment: Not usable outside of PowerShell
[2.610s] [34mcolcon.colcon_core.shell[0m [1;30mDEBUG[0m [32mSkip shell extension 'dsv' for command environment[0m
[3.469s] [34mcolcon.colcon_core.task.python.build[0m [1;30mINFO[0m Building Python package in '/home/jsagx-6/itc01_ws/src/itc01_mr2/mr2_realsense'
[3.472s] [34mcolcon.colcon_core.shell[0m [1;30mINFO[0m Skip shell extension 'powershell' for command environment: Not usable outside of PowerShell
[3.472s] [34mcolcon.colcon_core.shell[0m [1;30mDEBUG[0m [32mSkip shell extension 'dsv' for command environment[0m
[3.516s] [34mcolcon.colcon_core.event_handler.log_command[0m [1;30mDEBUG[0m [32mInvoking command in '/home/jsagx-6/itc01_ws/build/yolobot_recognition': CMAKE_PREFIX_PATH=${CMAKE_PREFIX_PATH}:/home/jsagx-6/itc01_ws/install/mr2_realsense:/home/jsagx-6/itc01_ws/install/buffalo_robot:/opt/ros/foxy /home/jsagx-6/.local/bin/cmake --build /home/jsagx-6/itc01_ws/build/yolobot_recognition -- -j8 -l8[0m
[3.548s] [34mcolcon.colcon_core.event_handler.log_command[0m [1;30mDEBUG[0m [32mInvoking command in '/home/jsagx-6/itc01_ws/build/yolov8_msgs': CMAKE_PREFIX_PATH=${CMAKE_PREFIX_PATH}:/home/jsagx-6/itc01_ws/install/mr2_realsense:/home/jsagx-6/itc01_ws/install/buffalo_robot:/opt/ros/foxy /home/jsagx-6/.local/bin/cmake --build /home/jsagx-6/itc01_ws/build/yolov8_msgs -- -j8 -l8[0m
[3.881s] [34mcolcon.colcon_core.event_handler.log_command[0m [1;30mDEBUG[0m [32mInvoked command in '/home/jsagx-6/itc01_ws/build/yolobot_recognition' returned '0': CMAKE_PREFIX_PATH=${CMAKE_PREFIX_PATH}:/home/jsagx-6/itc01_ws/install/mr2_realsense:/home/jsagx-6/itc01_ws/install/buffalo_robot:/opt/ros/foxy /home/jsagx-6/.local/bin/cmake --build /home/jsagx-6/itc01_ws/build/yolobot_recognition -- -j8 -l8[0m
[4.437s] [34mcolcon.colcon_core.event_handler.log_command[0m [1;30mDEBUG[0m [32mInvoking command in '/home/jsagx-6/itc01_ws/build/yolobot_recognition': CMAKE_PREFIX_PATH=${CMAKE_PREFIX_PATH}:/home/jsagx-6/itc01_ws/install/mr2_realsense:/home/jsagx-6/itc01_ws/install/buffalo_robot:/opt/ros/foxy /home/jsagx-6/.local/bin/cmake --install /home/jsagx-6/itc01_ws/build/yolobot_recognition[0m
[4.564s] [34mcolcon.colcon_core.event_handler.log_command[0m [1;30mDEBUG[0m [32mInvoked command in '/home/jsagx-6/itc01_ws/build/yolov8_msgs' returned '0': CMAKE_PREFIX_PATH=${CMAKE_PREFIX_PATH}:/home/jsagx-6/itc01_ws/install/mr2_realsense:/home/jsagx-6/itc01_ws/install/buffalo_robot:/opt/ros/foxy /home/jsagx-6/.local/bin/cmake --build /home/jsagx-6/itc01_ws/build/yolov8_msgs -- -j8 -l8[0m
[4.708s] [34mcolcon.colcon_core.environment[0m [1;30mLevel 1[0m create_environment_scripts_only(yolobot_recognition)
[4.731s] [34mcolcon.colcon_core.environment[0m [1;30mLevel 1[0m checking '/home/jsagx-6/itc01_ws/install/yolobot_recognition' for CMake module files
[4.735s] [34mcolcon.colcon_core.environment[0m [1;30mLevel 1[0m checking '/home/jsagx-6/itc01_ws/install/yolobot_recognition' for CMake config files
[4.753s] [34mcolcon.colcon_core.event_handler.log_command[0m [1;30mDEBUG[0m [32mInvoked command in '/home/jsagx-6/itc01_ws/build/yolobot_recognition' returned '0': CMAKE_PREFIX_PATH=${CMAKE_PREFIX_PATH}:/home/jsagx-6/itc01_ws/install/mr2_realsense:/home/jsagx-6/itc01_ws/install/buffalo_robot:/opt/ros/foxy /home/jsagx-6/.local/bin/cmake --install /home/jsagx-6/itc01_ws/build/yolobot_recognition[0m
[4.754s] [34mcolcon.colcon_core.shell[0m [1;30mLevel 1[0m create_environment_hook('yolobot_recognition', 'cmake_prefix_path')
[4.756s] [34mcolcon.colcon_core.shell[0m [1;30mINFO[0m Creating environment hook '/home/jsagx-6/itc01_ws/install/yolobot_recognition/share/yolobot_recognition/hook/cmake_prefix_path.ps1'
[4.758s] [34mcolcon.colcon_core.shell[0m [1;30mINFO[0m Creating environment descriptor '/home/jsagx-6/itc01_ws/install/yolobot_recognition/share/yolobot_recognition/hook/cmake_prefix_path.dsv'
[4.760s] [34mcolcon.colcon_core.shell[0m [1;30mINFO[0m Creating environment hook '/home/jsagx-6/itc01_ws/install/yolobot_recognition/share/yolobot_recognition/hook/cmake_prefix_path.sh'
[4.763s] [34mcolcon.colcon_core.environment[0m [1;30mLevel 1[0m checking '/home/jsagx-6/itc01_ws/install/yolobot_recognition/lib'
[4.763s] [34mcolcon.colcon_core.environment[0m [1;30mLevel 1[0m checking '/home/jsagx-6/itc01_ws/install/yolobot_recognition/bin'
[4.764s] [34mcolcon.colcon_core.environment[0m [1;30mLevel 1[0m checking '/home/jsagx-6/itc01_ws/install/yolobot_recognition/lib/pkgconfig/yolobot_recognition.pc'
[4.765s] [34mcolcon.colcon_core.environment[0m [1;30mLevel 1[0m checking '/home/jsagx-6/itc01_ws/install/yolobot_recognition/lib/python3.8/site-packages'
[4.765s] [34mcolcon.colcon_core.environment[0m [1;30mLevel 1[0m checking '/home/jsagx-6/itc01_ws/install/yolobot_recognition/bin'
[4.766s] [34mcolcon.colcon_core.shell[0m [1;30mINFO[0m Creating package script '/home/jsagx-6/itc01_ws/install/yolobot_recognition/share/yolobot_recognition/package.ps1'
[4.769s] [34mcolcon.colcon_core.shell[0m [1;30mINFO[0m Creating package descriptor '/home/jsagx-6/itc01_ws/install/yolobot_recognition/share/yolobot_recognition/package.dsv'
[4.771s] [34mcolcon.colcon_core.shell[0m [1;30mINFO[0m Creating package script '/home/jsagx-6/itc01_ws/install/yolobot_recognition/share/yolobot_recognition/package.sh'
[4.774s] [34mcolcon.colcon_core.shell[0m [1;30mINFO[0m Creating package script '/home/jsagx-6/itc01_ws/install/yolobot_recognition/share/yolobot_recognition/package.bash'
[4.777s] [34mcolcon.colcon_core.shell[0m [1;30mINFO[0m Creating package script '/home/jsagx-6/itc01_ws/install/yolobot_recognition/share/yolobot_recognition/package.zsh'
[4.779s] [34mcolcon.colcon_core.environment[0m [1;30mLevel 1[0m create_file_with_runtime_dependencies(/home/jsagx-6/itc01_ws/install/yolobot_recognition/share/colcon-core/packages/yolobot_recognition)
[5.033s] [34mcolcon.colcon_core.event_handler.log_command[0m [1;30mDEBUG[0m [32mInvoking command in '/home/jsagx-6/itc01_ws/src/itc01_mr2/buffalo_robot': PYTHONPATH=/home/jsagx-6/itc01_ws/build/buffalo_robot/prefix_override:/home/jsagx-6/itc01_ws/install/buffalo_robot/lib/python3.8/site-packages:${PYTHONPATH} /usr/bin/python3 -W ignore:setup.py install is deprecated setup.py egg_info --egg-base ../../../build/buffalo_robot build --build-base /home/jsagx-6/itc01_ws/build/buffalo_robot/build install --record /home/jsagx-6/itc01_ws/build/buffalo_robot/install.log --install-scripts $base/lib/buffalo_robot --single-version-externally-managed install_data[0m
[5.065s] [34mcolcon.colcon_core.event_handler.log_command[0m [1;30mDEBUG[0m [32mInvoking command in '/home/jsagx-6/itc01_ws/build/yolov8_msgs': CMAKE_PREFIX_PATH=${CMAKE_PREFIX_PATH}:/home/jsagx-6/itc01_ws/install/mr2_realsense:/home/jsagx-6/itc01_ws/install/buffalo_robot:/opt/ros/foxy /home/jsagx-6/.local/bin/cmake --install /home/jsagx-6/itc01_ws/build/yolov8_msgs[0m
[5.079s] [34mcolcon.colcon_core.environment[0m [1;30mLevel 1[0m create_environment_scripts_only(yolobot_recognition)
[5.081s] [34mcolcon.colcon_core.environment[0m [1;30mLevel 1[0m checking '/home/jsagx-6/itc01_ws/install/yolobot_recognition' for CMake module files
[5.083s] [34mcolcon.colcon_core.environment[0m [1;30mLevel 1[0m checking '/home/jsagx-6/itc01_ws/install/yolobot_recognition' for CMake config files
[5.087s] [34mcolcon.colcon_core.shell[0m [1;30mLevel 1[0m create_environment_hook('yolobot_recognition', 'cmake_prefix_path')
[5.088s] [34mcolcon.colcon_core.shell[0m [1;30mINFO[0m Creating environment hook '/home/jsagx-6/itc01_ws/install/yolobot_recognition/share/yolobot_recognition/hook/cmake_prefix_path.ps1'
[5.091s] [34mcolcon.colcon_core.shell[0m [1;30mINFO[0m Creating environment descriptor '/home/jsagx-6/itc01_ws/install/yolobot_recognition/share/yolobot_recognition/hook/cmake_prefix_path.dsv'
[5.092s] [34mcolcon.colcon_core.shell[0m [1;30mINFO[0m Creating environment hook '/home/jsagx-6/itc01_ws/install/yolobot_recognition/share/yolobot_recognition/hook/cmake_prefix_path.sh'
[5.095s] [34mcolcon.colcon_core.environment[0m [1;30mLevel 1[0m checking '/home/jsagx-6/itc01_ws/install/yolobot_recognition/lib'
[5.096s] [34mcolcon.colcon_core.environment[0m [1;30mLevel 1[0m checking '/home/jsagx-6/itc01_ws/install/yolobot_recognition/bin'
[5.096s] [34mcolcon.colcon_core.environment[0m [1;30mLevel 1[0m checking '/home/jsagx-6/itc01_ws/install/yolobot_recognition/lib/pkgconfig/yolobot_recognition.pc'
[5.097s] [34mcolcon.colcon_core.environment[0m [1;30mLevel 1[0m checking '/home/jsagx-6/itc01_ws/install/yolobot_recognition/lib/python3.8/site-packages'
[5.098s] [34mcolcon.colcon_core.environment[0m [1;30mLevel 1[0m checking '/home/jsagx-6/itc01_ws/install/yolobot_recognition/bin'
[5.099s] [34mcolcon.colcon_core.shell[0m [1;30mINFO[0m Creating package script '/home/jsagx-6/itc01_ws/install/yolobot_recognition/share/yolobot_recognition/package.ps1'
[5.101s] [34mcolcon.colcon_core.shell[0m [1;30mINFO[0m Creating package descriptor '/home/jsagx-6/itc01_ws/install/yolobot_recognition/share/yolobot_recognition/package.dsv'
[5.103s] [34mcolcon.colcon_core.shell[0m [1;30mINFO[0m Creating package script '/home/jsagx-6/itc01_ws/install/yolobot_recognition/share/yolobot_recognition/package.sh'
[5.105s] [34mcolcon.colcon_core.shell[0m [1;30mINFO[0m Creating package script '/home/jsagx-6/itc01_ws/install/yolobot_recognition/share/yolobot_recognition/package.bash'
[5.106s] [34mcolcon.colcon_core.shell[0m [1;30mINFO[0m Creating package script '/home/jsagx-6/itc01_ws/install/yolobot_recognition/share/yolobot_recognition/package.zsh'
[5.108s] [34mcolcon.colcon_core.environment[0m [1;30mLevel 1[0m create_file_with_runtime_dependencies(/home/jsagx-6/itc01_ws/install/yolobot_recognition/share/colcon-core/packages/yolobot_recognition)
[5.130s] [34mcolcon.colcon_core.event_handler.log_command[0m [1;30mDEBUG[0m [32mInvoking command in '/home/jsagx-6/itc01_ws/src/itc01_mr2/mr2_realsense': PYTHONPATH=/home/jsagx-6/itc01_ws/build/mr2_realsense/prefix_override:/home/jsagx-6/itc01_ws/install/mr2_realsense/lib/python3.8/site-packages:${PYTHONPATH} /usr/bin/python3 -W ignore:setup.py install is deprecated setup.py egg_info --egg-base ../../../build/mr2_realsense build --build-base /home/jsagx-6/itc01_ws/build/mr2_realsense/build install --record /home/jsagx-6/itc01_ws/build/mr2_realsense/install.log --install-scripts $base/lib/mr2_realsense --single-version-externally-managed install_data[0m
[5.470s] [34mcolcon.colcon_core.environment[0m [1;30mLevel 1[0m create_environment_scripts_only(yolov8_msgs)
[5.472s] [34mcolcon.colcon_core.environment[0m [1;30mLevel 1[0m checking '/home/jsagx-6/itc01_ws/install/yolov8_msgs' for CMake module files
[5.474s] [34mcolcon.colcon_core.event_handler.log_command[0m [1;30mDEBUG[0m [32mInvoked command in '/home/jsagx-6/itc01_ws/build/yolov8_msgs' returned '0': CMAKE_PREFIX_PATH=${CMAKE_PREFIX_PATH}:/home/jsagx-6/itc01_ws/install/mr2_realsense:/home/jsagx-6/itc01_ws/install/buffalo_robot:/opt/ros/foxy /home/jsagx-6/.local/bin/cmake --install /home/jsagx-6/itc01_ws/build/yolov8_msgs[0m
[5.476s] [34mcolcon.colcon_core.environment[0m [1;30mLevel 1[0m checking '/home/jsagx-6/itc01_ws/install/yolov8_msgs' for CMake config files
[5.478s] [34mcolcon.colcon_core.shell[0m [1;30mLevel 1[0m create_environment_hook('yolov8_msgs', 'cmake_prefix_path')
[5.480s] [34mcolcon.colcon_core.shell[0m [1;30mINFO[0m Creating environment hook '/home/jsagx-6/itc01_ws/install/yolov8_msgs/share/yolov8_msgs/hook/cmake_prefix_path.ps1'
[5.482s] [34mcolcon.colcon_core.shell[0m [1;30mINFO[0m Creating environment descriptor '/home/jsagx-6/itc01_ws/install/yolov8_msgs/share/yolov8_msgs/hook/cmake_prefix_path.dsv'
[5.483s] [34mcolcon.colcon_core.shell[0m [1;30mINFO[0m Creating environment hook '/home/jsagx-6/itc01_ws/install/yolov8_msgs/share/yolov8_msgs/hook/cmake_prefix_path.sh'
[5.486s] [34mcolcon.colcon_core.environment[0m [1;30mLevel 1[0m checking '/home/jsagx-6/itc01_ws/install/yolov8_msgs/lib'
[5.486s] [34mcolcon.colcon_core.shell[0m [1;30mLevel 1[0m create_environment_hook('yolov8_msgs', 'ld_library_path_lib')
[5.487s] [34mcolcon.colcon_core.shell[0m [1;30mINFO[0m Creating environment hook '/home/jsagx-6/itc01_ws/install/yolov8_msgs/share/yolov8_msgs/hook/ld_library_path_lib.ps1'
[5.488s] [34mcolcon.colcon_core.shell[0m [1;30mINFO[0m Creating environment descriptor '/home/jsagx-6/itc01_ws/install/yolov8_msgs/share/yolov8_msgs/hook/ld_library_path_lib.dsv'
[5.489s] [34mcolcon.colcon_core.shell[0m [1;30mINFO[0m Creating environment hook '/home/jsagx-6/itc01_ws/install/yolov8_msgs/share/yolov8_msgs/hook/ld_library_path_lib.sh'
[5.490s] [34mcolcon.colcon_core.environment[0m [1;30mLevel 1[0m checking '/home/jsagx-6/itc01_ws/install/yolov8_msgs/bin'
[5.491s] [34mcolcon.colcon_core.environment[0m [1;30mLevel 1[0m checking '/home/jsagx-6/itc01_ws/install/yolov8_msgs/lib/pkgconfig/yolov8_msgs.pc'
[5.492s] [34mcolcon.colcon_core.environment[0m [1;30mLevel 1[0m checking '/home/jsagx-6/itc01_ws/install/yolov8_msgs/lib/python3.8/site-packages'
[5.492s] [34mcolcon.colcon_core.shell[0m [1;30mLevel 1[0m create_environment_hook('yolov8_msgs', 'pythonpath')
[5.493s] [34mcolcon.colcon_core.shell[0m [1;30mINFO[0m Creating environment hook '/home/jsagx-6/itc01_ws/install/yolov8_msgs/share/yolov8_msgs/hook/pythonpath.ps1'
[5.494s] [34mcolcon.colcon_core.shell[0m [1;30mINFO[0m Creating environment descriptor '/home/jsagx-6/itc01_ws/install/yolov8_msgs/share/yolov8_msgs/hook/pythonpath.dsv'
[5.495s] [34mcolcon.colcon_core.shell[0m [1;30mINFO[0m Creating environment hook '/home/jsagx-6/itc01_ws/install/yolov8_msgs/share/yolov8_msgs/hook/pythonpath.sh'
[5.497s] [34mcolcon.colcon_core.environment[0m [1;30mLevel 1[0m checking '/home/jsagx-6/itc01_ws/install/yolov8_msgs/bin'
[5.498s] [34mcolcon.colcon_core.shell[0m [1;30mINFO[0m Creating package script '/home/jsagx-6/itc01_ws/install/yolov8_msgs/share/yolov8_msgs/package.ps1'
[5.500s] [34mcolcon.colcon_core.shell[0m [1;30mINFO[0m Creating package descriptor '/home/jsagx-6/itc01_ws/install/yolov8_msgs/share/yolov8_msgs/package.dsv'
[5.502s] [34mcolcon.colcon_core.shell[0m [1;30mINFO[0m Creating package script '/home/jsagx-6/itc01_ws/install/yolov8_msgs/share/yolov8_msgs/package.sh'
[5.504s] [34mcolcon.colcon_core.shell[0m [1;30mINFO[0m Creating package script '/home/jsagx-6/itc01_ws/install/yolov8_msgs/share/yolov8_msgs/package.bash'
[5.505s] [34mcolcon.colcon_core.shell[0m [1;30mINFO[0m Creating package script '/home/jsagx-6/itc01_ws/install/yolov8_msgs/share/yolov8_msgs/package.zsh'
[5.506s] [34mcolcon.colcon_core.environment[0m [1;30mLevel 1[0m create_file_with_runtime_dependencies(/home/jsagx-6/itc01_ws/install/yolov8_msgs/share/colcon-core/packages/yolov8_msgs)
[5.968s] [34mcolcon.colcon_core.environment[0m [1;30mLevel 1[0m create_environment_scripts_only(yolov8_msgs)
[5.970s] [34mcolcon.colcon_core.environment[0m [1;30mLevel 1[0m checking '/home/jsagx-6/itc01_ws/install/yolov8_msgs' for CMake module files
[5.973s] [34mcolcon.colcon_core.environment[0m [1;30mLevel 1[0m checking '/home/jsagx-6/itc01_ws/install/yolov8_msgs' for CMake config files
[5.977s] [34mcolcon.colcon_core.shell[0m [1;30mLevel 1[0m create_environment_hook('yolov8_msgs', 'cmake_prefix_path')
[5.978s] [34mcolcon.colcon_core.shell[0m [1;30mINFO[0m Creating environment hook '/home/jsagx-6/itc01_ws/install/yolov8_msgs/share/yolov8_msgs/hook/cmake_prefix_path.ps1'
[5.981s] [34mcolcon.colcon_core.shell[0m [1;30mINFO[0m Creating environment descriptor '/home/jsagx-6/itc01_ws/install/yolov8_msgs/share/yolov8_msgs/hook/cmake_prefix_path.dsv'
[5.983s] [34mcolcon.colcon_core.shell[0m [1;30mINFO[0m Creating environment hook '/home/jsagx-6/itc01_ws/install/yolov8_msgs/share/yolov8_msgs/hook/cmake_prefix_path.sh'
[5.985s] [34mcolcon.colcon_core.environment[0m [1;30mLevel 1[0m checking '/home/jsagx-6/itc01_ws/install/yolov8_msgs/lib'
[5.985s] [34mcolcon.colcon_core.shell[0m [1;30mLevel 1[0m create_environment_hook('yolov8_msgs', 'ld_library_path_lib')
[5.986s] [34mcolcon.colcon_core.shell[0m [1;30mINFO[0m Creating environment hook '/home/jsagx-6/itc01_ws/install/yolov8_msgs/share/yolov8_msgs/hook/ld_library_path_lib.ps1'
[5.987s] [34mcolcon.colcon_core.shell[0m [1;30mINFO[0m Creating environment descriptor '/home/jsagx-6/itc01_ws/install/yolov8_msgs/share/yolov8_msgs/hook/ld_library_path_lib.dsv'
[5.988s] [34mcolcon.colcon_core.shell[0m [1;30mINFO[0m Creating environment hook '/home/jsagx-6/itc01_ws/install/yolov8_msgs/share/yolov8_msgs/hook/ld_library_path_lib.sh'
[5.990s] [34mcolcon.colcon_core.environment[0m [1;30mLevel 1[0m checking '/home/jsagx-6/itc01_ws/install/yolov8_msgs/bin'
[5.990s] [34mcolcon.colcon_core.environment[0m [1;30mLevel 1[0m checking '/home/jsagx-6/itc01_ws/install/yolov8_msgs/lib/pkgconfig/yolov8_msgs.pc'
[5.991s] [34mcolcon.colcon_core.environment[0m [1;30mLevel 1[0m checking '/home/jsagx-6/itc01_ws/install/yolov8_msgs/lib/python3.8/site-packages'
[5.992s] [34mcolcon.colcon_core.shell[0m [1;30mLevel 1[0m create_environment_hook('yolov8_msgs', 'pythonpath')
[5.993s] [34mcolcon.colcon_core.shell[0m [1;30mINFO[0m Creating environment hook '/home/jsagx-6/itc01_ws/install/yolov8_msgs/share/yolov8_msgs/hook/pythonpath.ps1'
[5.995s] [34mcolcon.colcon_core.shell[0m [1;30mINFO[0m Creating environment descriptor '/home/jsagx-6/itc01_ws/install/yolov8_msgs/share/yolov8_msgs/hook/pythonpath.dsv'
[5.997s] [34mcolcon.colcon_core.shell[0m [1;30mINFO[0m Creating environment hook '/home/jsagx-6/itc01_ws/install/yolov8_msgs/share/yolov8_msgs/hook/pythonpath.sh'
[5.999s] [34mcolcon.colcon_core.environment[0m [1;30mLevel 1[0m checking '/home/jsagx-6/itc01_ws/install/yolov8_msgs/bin'
[6.001s] [34mcolcon.colcon_core.shell[0m [1;30mINFO[0m Creating package script '/home/jsagx-6/itc01_ws/install/yolov8_msgs/share/yolov8_msgs/package.ps1'
[6.004s] [34mcolcon.colcon_core.shell[0m [1;30mINFO[0m Creating package descriptor '/home/jsagx-6/itc01_ws/install/yolov8_msgs/share/yolov8_msgs/package.dsv'
[6.006s] [34mcolcon.colcon_core.shell[0m [1;30mINFO[0m Creating package script '/home/jsagx-6/itc01_ws/install/yolov8_msgs/share/yolov8_msgs/package.sh'
[6.008s] [34mcolcon.colcon_core.shell[0m [1;30mINFO[0m Creating package script '/home/jsagx-6/itc01_ws/install/yolov8_msgs/share/yolov8_msgs/package.bash'
[6.009s] [34mcolcon.colcon_core.shell[0m [1;30mINFO[0m Creating package script '/home/jsagx-6/itc01_ws/install/yolov8_msgs/share/yolov8_msgs/package.zsh'
[6.011s] [34mcolcon.colcon_core.environment[0m [1;30mLevel 1[0m create_file_with_runtime_dependencies(/home/jsagx-6/itc01_ws/install/yolov8_msgs/share/colcon-core/packages/yolov8_msgs)
[6.136s] [34mcolcon.colcon_core.environment[0m [1;30mLevel 1[0m checking '/home/jsagx-6/itc01_ws/install/buffalo_robot' for CMake module files
[6.138s] [34mcolcon.colcon_core.event_handler.log_command[0m [1;30mDEBUG[0m [32mInvoked command in '/home/jsagx-6/itc01_ws/src/itc01_mr2/buffalo_robot' returned '0': PYTHONPATH=/home/jsagx-6/itc01_ws/build/buffalo_robot/prefix_override:/home/jsagx-6/itc01_ws/install/buffalo_robot/lib/python3.8/site-packages:${PYTHONPATH} /usr/bin/python3 -W ignore:setup.py install is deprecated setup.py egg_info --egg-base ../../../build/buffalo_robot build --build-base /home/jsagx-6/itc01_ws/build/buffalo_robot/build install --record /home/jsagx-6/itc01_ws/build/buffalo_robot/install.log --install-scripts $base/lib/buffalo_robot --single-version-externally-managed install_data[0m
[6.140s] [34mcolcon.colcon_core.environment[0m [1;30mLevel 1[0m checking '/home/jsagx-6/itc01_ws/install/buffalo_robot' for CMake config files
[6.143s] [34mcolcon.colcon_core.environment[0m [1;30mLevel 1[0m checking '/home/jsagx-6/itc01_ws/install/buffalo_robot/lib'
[6.143s] [34mcolcon.colcon_core.environment[0m [1;30mLevel 1[0m checking '/home/jsagx-6/itc01_ws/install/buffalo_robot/bin'
[6.144s] [34mcolcon.colcon_core.environment[0m [1;30mLevel 1[0m checking '/home/jsagx-6/itc01_ws/install/buffalo_robot/lib/pkgconfig/buffalo_robot.pc'
[6.144s] [34mcolcon.colcon_core.environment[0m [1;30mLevel 1[0m checking '/home/jsagx-6/itc01_ws/install/buffalo_robot/lib/python3.8/site-packages'
[6.144s] [34mcolcon.colcon_core.shell[0m [1;30mLevel 1[0m create_environment_hook('buffalo_robot', 'pythonpath')
[6.145s] [34mcolcon.colcon_core.shell[0m [1;30mINFO[0m Creating environment hook '/home/jsagx-6/itc01_ws/install/buffalo_robot/share/buffalo_robot/hook/pythonpath.ps1'
[6.147s] [34mcolcon.colcon_core.shell[0m [1;30mINFO[0m Creating environment descriptor '/home/jsagx-6/itc01_ws/install/buffalo_robot/share/buffalo_robot/hook/pythonpath.dsv'
[6.148s] [34mcolcon.colcon_core.shell[0m [1;30mINFO[0m Creating environment hook '/home/jsagx-6/itc01_ws/install/buffalo_robot/share/buffalo_robot/hook/pythonpath.sh'
[6.149s] [34mcolcon.colcon_core.environment[0m [1;30mLevel 1[0m checking '/home/jsagx-6/itc01_ws/install/buffalo_robot/bin'
[6.149s] [34mcolcon.colcon_core.environment[0m [1;30mLevel 1[0m create_environment_scripts_only(buffalo_robot)
[6.150s] [34mcolcon.colcon_core.shell[0m [1;30mINFO[0m Creating package script '/home/jsagx-6/itc01_ws/install/buffalo_robot/share/buffalo_robot/package.ps1'
[6.152s] [34mcolcon.colcon_core.shell[0m [1;30mINFO[0m Creating package descriptor '/home/jsagx-6/itc01_ws/install/buffalo_robot/share/buffalo_robot/package.dsv'
[6.153s] [34mcolcon.colcon_core.shell[0m [1;30mINFO[0m Creating package script '/home/jsagx-6/itc01_ws/install/buffalo_robot/share/buffalo_robot/package.sh'
[6.156s] [34mcolcon.colcon_core.shell[0m [1;30mINFO[0m Creating package script '/home/jsagx-6/itc01_ws/install/buffalo_robot/share/buffalo_robot/package.bash'
[6.159s] [34mcolcon.colcon_core.shell[0m [1;30mINFO[0m Creating package script '/home/jsagx-6/itc01_ws/install/buffalo_robot/share/buffalo_robot/package.zsh'
[6.162s] [34mcolcon.colcon_core.environment[0m [1;30mLevel 1[0m create_file_with_runtime_dependencies(/home/jsagx-6/itc01_ws/install/buffalo_robot/share/colcon-core/packages/buffalo_robot)
[6.227s] [34mcolcon.colcon_core.environment[0m [1;30mLevel 1[0m checking '/home/jsagx-6/itc01_ws/install/mr2_realsense' for CMake module files
[6.231s] [34mcolcon.colcon_core.event_handler.log_command[0m [1;30mDEBUG[0m [32mInvoked command in '/home/jsagx-6/itc01_ws/src/itc01_mr2/mr2_realsense' returned '0': PYTHONPATH=/home/jsagx-6/itc01_ws/build/mr2_realsense/prefix_override:/home/jsagx-6/itc01_ws/install/mr2_realsense/lib/python3.8/site-packages:${PYTHONPATH} /usr/bin/python3 -W ignore:setup.py install is deprecated setup.py egg_info --egg-base ../../../build/mr2_realsense build --build-base /home/jsagx-6/itc01_ws/build/mr2_realsense/build install --record /home/jsagx-6/itc01_ws/build/mr2_realsense/install.log --install-scripts $base/lib/mr2_realsense --single-version-externally-managed install_data[0m
[6.233s] [34mcolcon.colcon_core.environment[0m [1;30mLevel 1[0m checking '/home/jsagx-6/itc01_ws/install/mr2_realsense' for CMake config files
[6.237s] [34mcolcon.colcon_core.environment[0m [1;30mLevel 1[0m checking '/home/jsagx-6/itc01_ws/install/mr2_realsense/lib'
[6.238s] [34mcolcon.colcon_core.environment[0m [1;30mLevel 1[0m checking '/home/jsagx-6/itc01_ws/install/mr2_realsense/bin'
[6.238s] [34mcolcon.colcon_core.environment[0m [1;30mLevel 1[0m checking '/home/jsagx-6/itc01_ws/install/mr2_realsense/lib/pkgconfig/mr2_realsense.pc'
[6.239s] [34mcolcon.colcon_core.environment[0m [1;30mLevel 1[0m checking '/home/jsagx-6/itc01_ws/install/mr2_realsense/lib/python3.8/site-packages'
[6.239s] [34mcolcon.colcon_core.shell[0m [1;30mLevel 1[0m create_environment_hook('mr2_realsense', 'pythonpath')
[6.240s] [34mcolcon.colcon_core.shell[0m [1;30mINFO[0m Creating environment hook '/home/jsagx-6/itc01_ws/install/mr2_realsense/share/mr2_realsense/hook/pythonpath.ps1'
[6.243s] [34mcolcon.colcon_core.shell[0m [1;30mINFO[0m Creating environment descriptor '/home/jsagx-6/itc01_ws/install/mr2_realsense/share/mr2_realsense/hook/pythonpath.dsv'
[6.245s] [34mcolcon.colcon_core.shell[0m [1;30mINFO[0m Creating environment hook '/home/jsagx-6/itc01_ws/install/mr2_realsense/share/mr2_realsense/hook/pythonpath.sh'
[6.247s] [34mcolcon.colcon_core.environment[0m [1;30mLevel 1[0m checking '/home/jsagx-6/itc01_ws/install/mr2_realsense/bin'
[6.248s] [34mcolcon.colcon_core.environment[0m [1;30mLevel 1[0m create_environment_scripts_only(mr2_realsense)
[6.249s] [34mcolcon.colcon_core.shell[0m [1;30mINFO[0m Creating package script '/home/jsagx-6/itc01_ws/install/mr2_realsense/share/mr2_realsense/package.ps1'
[6.252s] [34mcolcon.colcon_core.shell[0m [1;30mINFO[0m Creating package descriptor '/home/jsagx-6/itc01_ws/install/mr2_realsense/share/mr2_realsense/package.dsv'
[6.254s] [34mcolcon.colcon_core.shell[0m [1;30mINFO[0m Creating package script '/home/jsagx-6/itc01_ws/install/mr2_realsense/share/mr2_realsense/package.sh'
[6.255s] [34mcolcon.colcon_core.shell[0m [1;30mINFO[0m Creating package script '/home/jsagx-6/itc01_ws/install/mr2_realsense/share/mr2_realsense/package.bash'
[6.257s] [34mcolcon.colcon_core.shell[0m [1;30mINFO[0m Creating package script '/home/jsagx-6/itc01_ws/install/mr2_realsense/share/mr2_realsense/package.zsh'
[6.258s] [34mcolcon.colcon_core.environment[0m [1;30mLevel 1[0m create_file_with_runtime_dependencies(/home/jsagx-6/itc01_ws/install/mr2_realsense/share/colcon-core/packages/mr2_realsense)
[6.260s] [34mcolcon.colcon_parallel_executor.executor.parallel[0m [1;30mDEBUG[0m [32mclosing loop[0m
[6.261s] [34mcolcon.colcon_parallel_executor.executor.parallel[0m [1;30mDEBUG[0m [32mloop closed[0m
[6.261s] [34mcolcon.colcon_parallel_executor.executor.parallel[0m [1;30mDEBUG[0m [32mrun_until_complete finished with '0'[0m
[6.262s] [34mcolcon.colcon_core.event_reactor[0m [1;30mDEBUG[0m [32mjoining thread[0m
[6.294s] [34mcolcon.colcon_core.plugin_system[0m [1;30mINFO[0m Skipping extension 'colcon_notification.desktop_notification.terminal_notifier': Not used on non-Darwin systems
[6.295s] [34mcolcon.colcon_core.plugin_system[0m [1;30mINFO[0m Skipping extension 'colcon_notification.desktop_notification.win32': Not used on non-Windows systems
[6.295s] [34mcolcon.colcon_notification.desktop_notification[0m [1;30mINFO[0m Sending desktop notification using 'notify2'
[6.333s] [34mcolcon.colcon_notification.desktop_notification.notify2[0m [1;30mDEBUG[0m [32mFailed to initialize notify2: org.freedesktop.DBus.Error.Spawn.ChildExited: Process org.freedesktop.Notifications exited with status 1[0m
[6.334s] [34mcolcon.colcon_core.event_reactor[0m [1;30mDEBUG[0m [32mjoined thread[0m
[6.336s] [34mcolcon.colcon_core.shell[0m [1;30mINFO[0m Creating prefix script '/home/jsagx-6/itc01_ws/install/local_setup.ps1'
[6.339s] [34mcolcon.colcon_core.shell[0m [1;30mINFO[0m Creating prefix util module '/home/jsagx-6/itc01_ws/install/_local_setup_util_ps1.py'
[6.344s] [34mcolcon.colcon_core.shell[0m [1;30mINFO[0m Creating prefix chain script '/home/jsagx-6/itc01_ws/install/setup.ps1'
[6.349s] [34mcolcon.colcon_core.shell[0m [1;30mINFO[0m Creating prefix script '/home/jsagx-6/itc01_ws/install/local_setup.sh'
[6.351s] [34mcolcon.colcon_core.shell[0m [1;30mINFO[0m Creating prefix util module '/home/jsagx-6/itc01_ws/install/_local_setup_util_sh.py'
[6.353s] [34mcolcon.colcon_core.shell[0m [1;30mINFO[0m Creating prefix chain script '/home/jsagx-6/itc01_ws/install/setup.sh'
[6.357s] [34mcolcon.colcon_core.shell[0m [1;30mINFO[0m Creating prefix script '/home/jsagx-6/itc01_ws/install/local_setup.bash'
[6.359s] [34mcolcon.colcon_core.shell[0m [1;30mINFO[0m Creating prefix chain script '/home/jsagx-6/itc01_ws/install/setup.bash'
[6.363s] [34mcolcon.colcon_core.shell[0m [1;30mINFO[0m Creating prefix script '/home/jsagx-6/itc01_ws/install/local_setup.zsh'
[6.365s] [34mcolcon.colcon_core.shell[0m [1;30mINFO[0m Creating prefix chain script '/home/jsagx-6/itc01_ws/install/setup.zsh'
