/home/jsagx-6/itc01_ws/install/mr2_realsense/lib/python3.8/site-packages/mr2_realsense/yolov8_2rs02.py
/home/jsagx-6/itc01_ws/install/mr2_realsense/lib/python3.8/site-packages/mr2_realsense/yolo_ball_pub.py
/home/jsagx-6/itc01_ws/install/mr2_realsense/lib/python3.8/site-packages/mr2_realsense/yolov8_webcam.py
/home/jsagx-6/itc01_ws/install/mr2_realsense/lib/python3.8/site-packages/mr2_realsense/util.py
/home/jsagx-6/itc01_ws/install/mr2_realsense/lib/python3.8/site-packages/mr2_realsense/yolov8_rs05.py
/home/jsagx-6/itc01_ws/install/mr2_realsense/lib/python3.8/site-packages/mr2_realsense/yolov8_2rs01.py
/home/jsagx-6/itc01_ws/install/mr2_realsense/lib/python3.8/site-packages/mr2_realsense/realsense_pub_image.py
/home/jsagx-6/itc01_ws/install/mr2_realsense/lib/python3.8/site-packages/mr2_realsense/webcam_pub.py
/home/jsagx-6/itc01_ws/install/mr2_realsense/lib/python3.8/site-packages/mr2_realsense/val.py
/home/jsagx-6/itc01_ws/install/mr2_realsense/lib/python3.8/site-packages/mr2_realsense/silos_webpub.py
/home/jsagx-6/itc01_ws/install/mr2_realsense/lib/python3.8/site-packages/mr2_realsense/yolov8_rs03.py
/home/jsagx-6/itc01_ws/install/mr2_realsense/lib/python3.8/site-packages/mr2_realsense/realsense_pub_image02.py
/home/jsagx-6/itc01_ws/install/mr2_realsense/lib/python3.8/site-packages/mr2_realsense/yolov8_rs08.py
/home/jsagx-6/itc01_ws/install/mr2_realsense/lib/python3.8/site-packages/mr2_realsense/yolov8_rs.py
/home/jsagx-6/itc01_ws/install/mr2_realsense/lib/python3.8/site-packages/mr2_realsense/realsense_depth.py
/home/jsagx-6/itc01_ws/install/mr2_realsense/lib/python3.8/site-packages/mr2_realsense/yolov8_rs04.py
/home/jsagx-6/itc01_ws/install/mr2_realsense/lib/python3.8/site-packages/mr2_realsense/realsense_depth03.py
/home/jsagx-6/itc01_ws/install/mr2_realsense/lib/python3.8/site-packages/mr2_realsense/yolov8_ro01_Blue.py
/home/jsagx-6/itc01_ws/install/mr2_realsense/lib/python3.8/site-packages/mr2_realsense/yolov8_rs06.py
/home/jsagx-6/itc01_ws/install/mr2_realsense/lib/python3.8/site-packages/mr2_realsense/test_opencv_8_pub.py
/home/jsagx-6/itc01_ws/install/mr2_realsense/lib/python3.8/site-packages/mr2_realsense/yolo_ball_pub02.py
/home/jsagx-6/itc01_ws/install/mr2_realsense/lib/python3.8/site-packages/mr2_realsense/realsense_depth02.py
/home/jsagx-6/itc01_ws/install/mr2_realsense/lib/python3.8/site-packages/mr2_realsense/yolov9_rs_red.py
/home/jsagx-6/itc01_ws/install/mr2_realsense/lib/python3.8/site-packages/mr2_realsense/yolov8_rs07.py
/home/jsagx-6/itc01_ws/install/mr2_realsense/lib/python3.8/site-packages/mr2_realsense/yolov9_rs_blue.py
/home/jsagx-6/itc01_ws/install/mr2_realsense/lib/python3.8/site-packages/mr2_realsense/__init__.py
/home/jsagx-6/itc01_ws/install/mr2_realsense/lib/python3.8/site-packages/mr2_realsense/silos_pub03.py
/home/jsagx-6/itc01_ws/install/mr2_realsense/lib/python3.8/site-packages/mr2_realsense/serial_rs.py
/home/jsagx-6/itc01_ws/install/mr2_realsense/lib/python3.8/site-packages/mr2_realsense/__pycache__/yolov8_2rs02.cpython-38.pyc
/home/jsagx-6/itc01_ws/install/mr2_realsense/lib/python3.8/site-packages/mr2_realsense/__pycache__/yolo_ball_pub.cpython-38.pyc
/home/jsagx-6/itc01_ws/install/mr2_realsense/lib/python3.8/site-packages/mr2_realsense/__pycache__/yolov8_webcam.cpython-38.pyc
/home/jsagx-6/itc01_ws/install/mr2_realsense/lib/python3.8/site-packages/mr2_realsense/__pycache__/util.cpython-38.pyc
/home/jsagx-6/itc01_ws/install/mr2_realsense/lib/python3.8/site-packages/mr2_realsense/__pycache__/yolov8_rs05.cpython-38.pyc
/home/jsagx-6/itc01_ws/install/mr2_realsense/lib/python3.8/site-packages/mr2_realsense/__pycache__/yolov8_2rs01.cpython-38.pyc
/home/jsagx-6/itc01_ws/install/mr2_realsense/lib/python3.8/site-packages/mr2_realsense/__pycache__/realsense_pub_image.cpython-38.pyc
/home/jsagx-6/itc01_ws/install/mr2_realsense/lib/python3.8/site-packages/mr2_realsense/__pycache__/webcam_pub.cpython-38.pyc
/home/jsagx-6/itc01_ws/install/mr2_realsense/lib/python3.8/site-packages/mr2_realsense/__pycache__/val.cpython-38.pyc
/home/jsagx-6/itc01_ws/install/mr2_realsense/lib/python3.8/site-packages/mr2_realsense/__pycache__/silos_webpub.cpython-38.pyc
/home/jsagx-6/itc01_ws/install/mr2_realsense/lib/python3.8/site-packages/mr2_realsense/__pycache__/yolov8_rs03.cpython-38.pyc
/home/jsagx-6/itc01_ws/install/mr2_realsense/lib/python3.8/site-packages/mr2_realsense/__pycache__/realsense_pub_image02.cpython-38.pyc
/home/jsagx-6/itc01_ws/install/mr2_realsense/lib/python3.8/site-packages/mr2_realsense/__pycache__/yolov8_rs08.cpython-38.pyc
/home/jsagx-6/itc01_ws/install/mr2_realsense/lib/python3.8/site-packages/mr2_realsense/__pycache__/yolov8_rs.cpython-38.pyc
/home/jsagx-6/itc01_ws/install/mr2_realsense/lib/python3.8/site-packages/mr2_realsense/__pycache__/realsense_depth.cpython-38.pyc
/home/jsagx-6/itc01_ws/install/mr2_realsense/lib/python3.8/site-packages/mr2_realsense/__pycache__/yolov8_rs04.cpython-38.pyc
/home/jsagx-6/itc01_ws/install/mr2_realsense/lib/python3.8/site-packages/mr2_realsense/__pycache__/realsense_depth03.cpython-38.pyc
/home/jsagx-6/itc01_ws/install/mr2_realsense/lib/python3.8/site-packages/mr2_realsense/__pycache__/yolov8_ro01_Blue.cpython-38.pyc
/home/jsagx-6/itc01_ws/install/mr2_realsense/lib/python3.8/site-packages/mr2_realsense/__pycache__/yolov8_rs06.cpython-38.pyc
/home/jsagx-6/itc01_ws/install/mr2_realsense/lib/python3.8/site-packages/mr2_realsense/__pycache__/test_opencv_8_pub.cpython-38.pyc
/home/jsagx-6/itc01_ws/install/mr2_realsense/lib/python3.8/site-packages/mr2_realsense/__pycache__/yolo_ball_pub02.cpython-38.pyc
/home/jsagx-6/itc01_ws/install/mr2_realsense/lib/python3.8/site-packages/mr2_realsense/__pycache__/realsense_depth02.cpython-38.pyc
/home/jsagx-6/itc01_ws/install/mr2_realsense/lib/python3.8/site-packages/mr2_realsense/__pycache__/yolov9_rs_red.cpython-38.pyc
/home/jsagx-6/itc01_ws/install/mr2_realsense/lib/python3.8/site-packages/mr2_realsense/__pycache__/yolov8_rs07.cpython-38.pyc
/home/jsagx-6/itc01_ws/install/mr2_realsense/lib/python3.8/site-packages/mr2_realsense/__pycache__/yolov9_rs_blue.cpython-38.pyc
/home/jsagx-6/itc01_ws/install/mr2_realsense/lib/python3.8/site-packages/mr2_realsense/__pycache__/__init__.cpython-38.pyc
/home/jsagx-6/itc01_ws/install/mr2_realsense/lib/python3.8/site-packages/mr2_realsense/__pycache__/silos_pub03.cpython-38.pyc
/home/jsagx-6/itc01_ws/install/mr2_realsense/lib/python3.8/site-packages/mr2_realsense/__pycache__/serial_rs.cpython-38.pyc
/home/jsagx-6/itc01_ws/install/mr2_realsense/share/ament_index/resource_index/packages/mr2_realsense
/home/jsagx-6/itc01_ws/install/mr2_realsense/share/mr2_realsense/package.xml
/home/jsagx-6/itc01_ws/install/mr2_realsense/lib/python3.8/site-packages/mr2_realsense-0.0.0-py3.8.egg-info/PKG-INFO
/home/jsagx-6/itc01_ws/install/mr2_realsense/lib/python3.8/site-packages/mr2_realsense-0.0.0-py3.8.egg-info/entry_points.txt
/home/jsagx-6/itc01_ws/install/mr2_realsense/lib/python3.8/site-packages/mr2_realsense-0.0.0-py3.8.egg-info/top_level.txt
/home/jsagx-6/itc01_ws/install/mr2_realsense/lib/python3.8/site-packages/mr2_realsense-0.0.0-py3.8.egg-info/dependency_links.txt
/home/jsagx-6/itc01_ws/install/mr2_realsense/lib/python3.8/site-packages/mr2_realsense-0.0.0-py3.8.egg-info/SOURCES.txt
/home/jsagx-6/itc01_ws/install/mr2_realsense/lib/python3.8/site-packages/mr2_realsense-0.0.0-py3.8.egg-info/zip-safe
/home/jsagx-6/itc01_ws/install/mr2_realsense/lib/python3.8/site-packages/mr2_realsense-0.0.0-py3.8.egg-info/requires.txt
/home/jsagx-6/itc01_ws/install/mr2_realsense/lib/mr2_realsense/realsense_depth
/home/jsagx-6/itc01_ws/install/mr2_realsense/lib/mr2_realsense/realsense_pub
/home/jsagx-6/itc01_ws/install/mr2_realsense/lib/mr2_realsense/realsense_pub02
/home/jsagx-6/itc01_ws/install/mr2_realsense/lib/mr2_realsense/webcam_pub
/home/jsagx-6/itc01_ws/install/mr2_realsense/lib/mr2_realsense/yolo_ball_pub
/home/jsagx-6/itc01_ws/install/mr2_realsense/lib/mr2_realsense/yolo_ball_pub02
/home/jsagx-6/itc01_ws/install/mr2_realsense/lib/mr2_realsense/yolo_pub_8
/home/jsagx-6/itc01_ws/install/mr2_realsense/lib/mr2_realsense/yolov8_2rs01
/home/jsagx-6/itc01_ws/install/mr2_realsense/lib/mr2_realsense/yolov8_2rs02
/home/jsagx-6/itc01_ws/install/mr2_realsense/lib/mr2_realsense/yolov8_blue
/home/jsagx-6/itc01_ws/install/mr2_realsense/lib/mr2_realsense/yolov8_rs
/home/jsagx-6/itc01_ws/install/mr2_realsense/lib/mr2_realsense/yolov8_rs03
/home/jsagx-6/itc01_ws/install/mr2_realsense/lib/mr2_realsense/yolov8_rs04
/home/jsagx-6/itc01_ws/install/mr2_realsense/lib/mr2_realsense/yolov8_rs05
/home/jsagx-6/itc01_ws/install/mr2_realsense/lib/mr2_realsense/yolov8_rs06
/home/jsagx-6/itc01_ws/install/mr2_realsense/lib/mr2_realsense/yolov8_rs07
/home/jsagx-6/itc01_ws/install/mr2_realsense/lib/mr2_realsense/yolov8_rs08
/home/jsagx-6/itc01_ws/install/mr2_realsense/lib/mr2_realsense/yolov8_webcam
/home/jsagx-6/itc01_ws/install/mr2_realsense/lib/mr2_realsense/yolov9_blue
/home/jsagx-6/itc01_ws/install/mr2_realsense/lib/mr2_realsense/yolov9_red
