[1.646s] Invoking command in '/home/jsagx-6/itc01_ws/build/yolobot_recognition': CMAKE_PREFIX_PATH=${CMAKE_PREFIX_PATH}:/home/jsagx-6/itc01_ws/install/mr2_realsense:/home/jsagx-6/itc01_ws/install/buffalo_robot /usr/bin/cmake --build /home/jsagx-6/itc01_ws/build/yolobot_recognition -- -j8 -l8
[1.886s] Invoked command in '/home/jsagx-6/itc01_ws/build/yolobot_recognition' returned '0': CMAKE_PREFIX_PATH=${CMAKE_PREFIX_PATH}:/home/jsagx-6/itc01_ws/install/mr2_realsense:/home/jsagx-6/itc01_ws/install/buffalo_robot /usr/bin/cmake --build /home/jsagx-6/itc01_ws/build/yolobot_recognition -- -j8 -l8
[2.027s] Invoking command in '/home/jsagx-6/itc01_ws/build/yolobot_recognition': CMAKE_PREFIX_PATH=${CMAKE_PREFIX_PATH}:/home/jsagx-6/itc01_ws/install/mr2_realsense:/home/jsagx-6/itc01_ws/install/buffalo_robot /usr/bin/cmake --install /home/jsagx-6/itc01_ws/build/yolobot_recognition
[2.090s] -- Install configuration: ""
[2.091s] -- Up-to-date: /home/jsagx-6/itc01_ws/install/yolobot_recognition/share/yolobot_recognition//scripts
[2.092s] -- Up-to-date: /home/jsagx-6/itc01_ws/install/yolobot_recognition/share/yolobot_recognition//scripts/train.py
[2.092s] -- Up-to-date: /home/jsagx-6/itc01_ws/install/yolobot_recognition/share/yolobot_recognition//scripts/export.py
[2.092s] -- Up-to-date: /home/jsagx-6/itc01_ws/install/yolobot_recognition/share/yolobot_recognition//scripts/yolov5s.pt
[2.093s] -- Up-to-date: /home/jsagx-6/itc01_ws/install/yolobot_recognition/share/yolobot_recognition//scripts/data
[2.093s] -- Up-to-date: /home/jsagx-6/itc01_ws/install/yolobot_recognition/share/yolobot_recognition//scripts/data/GlobalWheat2020.yaml
[2.094s] -- Up-to-date: /home/jsagx-6/itc01_ws/install/yolobot_recognition/share/yolobot_recognition//scripts/data/images
[2.094s] -- Up-to-date: /home/jsagx-6/itc01_ws/install/yolobot_recognition/share/yolobot_recognition//scripts/data/images/zidane.jpg
[2.095s] -- Up-to-date: /home/jsagx-6/itc01_ws/install/yolobot_recognition/share/yolobot_recognition//scripts/data/images/bus.jpg
[2.095s] -- Up-to-date: /home/jsagx-6/itc01_ws/install/yolobot_recognition/share/yolobot_recognition//scripts/data/coco128.yaml
[2.096s] -- Up-to-date: /home/jsagx-6/itc01_ws/install/yolobot_recognition/share/yolobot_recognition//scripts/data/xView.yaml
[2.097s] -- Up-to-date: /home/jsagx-6/itc01_ws/install/yolobot_recognition/share/yolobot_recognition//scripts/data/ImageNet.yaml
[2.097s] -- Up-to-date: /home/jsagx-6/itc01_ws/install/yolobot_recognition/share/yolobot_recognition//scripts/data/scripts
[2.097s] -- Up-to-date: /home/jsagx-6/itc01_ws/install/yolobot_recognition/share/yolobot_recognition//scripts/data/scripts/get_coco.sh
[2.098s] -- Up-to-date: /home/jsagx-6/itc01_ws/install/yolobot_recognition/share/yolobot_recognition//scripts/data/scripts/get_coco128.sh
[2.098s] -- Up-to-date: /home/jsagx-6/itc01_ws/install/yolobot_recognition/share/yolobot_recognition//scripts/data/scripts/get_imagenet.sh
[2.099s] -- Up-to-date: /home/jsagx-6/itc01_ws/install/yolobot_recognition/share/yolobot_recognition//scripts/data/scripts/download_weights.sh
[2.099s] -- Up-to-date: /home/jsagx-6/itc01_ws/install/yolobot_recognition/share/yolobot_recognition//scripts/data/Argoverse.yaml
[2.099s] -- Up-to-date: /home/jsagx-6/itc01_ws/install/yolobot_recognition/share/yolobot_recognition//scripts/data/VisDrone.yaml
[2.100s] -- Up-to-date: /home/jsagx-6/itc01_ws/install/yolobot_recognition/share/yolobot_recognition//scripts/data/VOC.yaml
[2.100s] -- Up-to-date: /home/jsagx-6/itc01_ws/install/yolobot_recognition/share/yolobot_recognition//scripts/data/hyps
[2.101s] -- Up-to-date: /home/jsagx-6/itc01_ws/install/yolobot_recognition/share/yolobot_recognition//scripts/data/hyps/hyp.scratch-med.yaml
[2.101s] -- Up-to-date: /home/jsagx-6/itc01_ws/install/yolobot_recognition/share/yolobot_recognition//scripts/data/hyps/hyp.VOC.yaml
[2.102s] -- Up-to-date: /home/jsagx-6/itc01_ws/install/yolobot_recognition/share/yolobot_recognition//scripts/data/hyps/hyp.scratch-high.yaml
[2.103s] -- Up-to-date: /home/jsagx-6/itc01_ws/install/yolobot_recognition/share/yolobot_recognition//scripts/data/hyps/hyp.scratch-low.yaml
[2.103s] -- Up-to-date: /home/jsagx-6/itc01_ws/install/yolobot_recognition/share/yolobot_recognition//scripts/data/hyps/hyp.Objects365.yaml
[2.104s] -- Up-to-date: /home/jsagx-6/itc01_ws/install/yolobot_recognition/share/yolobot_recognition//scripts/data/hyps/hyp.no-augmentation.yaml
[2.104s] -- Up-to-date: /home/jsagx-6/itc01_ws/install/yolobot_recognition/share/yolobot_recognition//scripts/data/SKU-110K.yaml
[2.105s] -- Up-to-date: /home/jsagx-6/itc01_ws/install/yolobot_recognition/share/yolobot_recognition//scripts/data/coco128-seg.yaml
[2.106s] -- Up-to-date: /home/jsagx-6/itc01_ws/install/yolobot_recognition/share/yolobot_recognition//scripts/data/Objects365.yaml
[2.106s] -- Up-to-date: /home/jsagx-6/itc01_ws/install/yolobot_recognition/share/yolobot_recognition//scripts/data/coco.yaml
[2.106s] -- Up-to-date: /home/jsagx-6/itc01_ws/install/yolobot_recognition/share/yolobot_recognition//scripts/.gitignore
[2.107s] -- Up-to-date: /home/jsagx-6/itc01_ws/install/yolobot_recognition/share/yolobot_recognition//scripts/runs
[2.108s] -- Up-to-date: /home/jsagx-6/itc01_ws/install/yolobot_recognition/share/yolobot_recognition//scripts/runs/detect
[2.108s] -- Up-to-date: /home/jsagx-6/itc01_ws/install/yolobot_recognition/share/yolobot_recognition//scripts/runs/detect/exp
[2.108s] -- Up-to-date: /home/jsagx-6/itc01_ws/install/yolobot_recognition/share/yolobot_recognition//scripts/runs/detect/exp/zidane.jpg
[2.109s] -- Up-to-date: /home/jsagx-6/itc01_ws/install/yolobot_recognition/share/yolobot_recognition//scripts/runs/detect/exp/bus.jpg
[2.109s] -- Up-to-date: /home/jsagx-6/itc01_ws/install/yolobot_recognition/share/yolobot_recognition//scripts/detect.py
[2.110s] -- Up-to-date: /home/jsagx-6/itc01_ws/install/yolobot_recognition/share/yolobot_recognition//scripts/models
[2.111s] -- Up-to-date: /home/jsagx-6/itc01_ws/install/yolobot_recognition/share/yolobot_recognition//scripts/models/segment
[2.111s] -- Up-to-date: /home/jsagx-6/itc01_ws/install/yolobot_recognition/share/yolobot_recognition//scripts/models/segment/yolov5s-seg.yaml
[2.111s] -- Up-to-date: /home/jsagx-6/itc01_ws/install/yolobot_recognition/share/yolobot_recognition//scripts/models/segment/yolov5x-seg.yaml
[2.111s] -- Up-to-date: /home/jsagx-6/itc01_ws/install/yolobot_recognition/share/yolobot_recognition//scripts/models/segment/yolov5m-seg.yaml
[2.112s] -- Up-to-date: /home/jsagx-6/itc01_ws/install/yolobot_recognition/share/yolobot_recognition//scripts/models/segment/yolov5l-seg.yaml
[2.112s] -- Up-to-date: /home/jsagx-6/itc01_ws/install/yolobot_recognition/share/yolobot_recognition//scripts/models/segment/yolov5n-seg.yaml
[2.112s] -- Up-to-date: /home/jsagx-6/itc01_ws/install/yolobot_recognition/share/yolobot_recognition//scripts/models/yolov5m.yaml
[2.113s] -- Up-to-date: /home/jsagx-6/itc01_ws/install/yolobot_recognition/share/yolobot_recognition//scripts/models/yolov5x.yaml
[2.113s] -- Up-to-date: /home/jsagx-6/itc01_ws/install/yolobot_recognition/share/yolobot_recognition//scripts/models/hub
[2.113s] -- Up-to-date: /home/jsagx-6/itc01_ws/install/yolobot_recognition/share/yolobot_recognition//scripts/models/hub/yolov3-tiny.yaml
[2.114s] -- Up-to-date: /home/jsagx-6/itc01_ws/install/yolobot_recognition/share/yolobot_recognition//scripts/models/hub/yolov5-p34.yaml
[2.114s] -- Up-to-date: /home/jsagx-6/itc01_ws/install/yolobot_recognition/share/yolobot_recognition//scripts/models/hub/yolov5m6.yaml
[2.114s] -- Up-to-date: /home/jsagx-6/itc01_ws/install/yolobot_recognition/share/yolobot_recognition//scripts/models/hub/yolov3.yaml
[2.114s] -- Up-to-date: /home/jsagx-6/itc01_ws/install/yolobot_recognition/share/yolobot_recognition//scripts/models/hub/yolov5-bifpn.yaml
[2.115s] -- Up-to-date: /home/jsagx-6/itc01_ws/install/yolobot_recognition/share/yolobot_recognition//scripts/models/hub/yolov5n6.yaml
[2.115s] -- Up-to-date: /home/jsagx-6/itc01_ws/install/yolobot_recognition/share/yolobot_recognition//scripts/models/hub/yolov5s-LeakyReLU.yaml
[2.115s] -- Up-to-date: /home/jsagx-6/itc01_ws/install/yolobot_recognition/share/yolobot_recognition//scripts/models/hub/yolov5-fpn.yaml
[2.116s] -- Up-to-date: /home/jsagx-6/itc01_ws/install/yolobot_recognition/share/yolobot_recognition//scripts/models/hub/yolov3-spp.yaml
[2.116s] -- Up-to-date: /home/jsagx-6/itc01_ws/install/yolobot_recognition/share/yolobot_recognition//scripts/models/hub/yolov5l6.yaml
[2.117s] -- Up-to-date: /home/jsagx-6/itc01_ws/install/yolobot_recognition/share/yolobot_recognition//scripts/models/hub/yolov5-p2.yaml
[2.118s] -- Up-to-date: /home/jsagx-6/itc01_ws/install/yolobot_recognition/share/yolobot_recognition//scripts/models/hub/anchors.yaml
[2.118s] -- Up-to-date: /home/jsagx-6/itc01_ws/install/yolobot_recognition/share/yolobot_recognition//scripts/models/hub/yolov5s6.yaml
[2.118s] -- Up-to-date: /home/jsagx-6/itc01_ws/install/yolobot_recognition/share/yolobot_recognition//scripts/models/hub/yolov5s-transformer.yaml
[2.119s] -- Up-to-date: /home/jsagx-6/itc01_ws/install/yolobot_recognition/share/yolobot_recognition//scripts/models/hub/yolov5x6.yaml
[2.119s] -- Up-to-date: /home/jsagx-6/itc01_ws/install/yolobot_recognition/share/yolobot_recognition//scripts/models/hub/yolov5s-ghost.yaml
[2.120s] -- Up-to-date: /home/jsagx-6/itc01_ws/install/yolobot_recognition/share/yolobot_recognition//scripts/models/hub/yolov5-p7.yaml
[2.120s] -- Up-to-date: /home/jsagx-6/itc01_ws/install/yolobot_recognition/share/yolobot_recognition//scripts/models/hub/yolov5-panet.yaml
[2.121s] -- Up-to-date: /home/jsagx-6/itc01_ws/install/yolobot_recognition/share/yolobot_recognition//scripts/models/hub/yolov5-p6.yaml
[2.121s] -- Up-to-date: /home/jsagx-6/itc01_ws/install/yolobot_recognition/share/yolobot_recognition//scripts/models/yolov5s.yaml
[2.122s] -- Up-to-date: /home/jsagx-6/itc01_ws/install/yolobot_recognition/share/yolobot_recognition//scripts/models/yolov5l.yaml
[2.122s] -- Up-to-date: /home/jsagx-6/itc01_ws/install/yolobot_recognition/share/yolobot_recognition//scripts/models/experimental.py
[2.123s] -- Up-to-date: /home/jsagx-6/itc01_ws/install/yolobot_recognition/share/yolobot_recognition//scripts/models/yolov5n.yaml
[2.123s] -- Up-to-date: /home/jsagx-6/itc01_ws/install/yolobot_recognition/share/yolobot_recognition//scripts/models/tf.py
[2.124s] -- Up-to-date: /home/jsagx-6/itc01_ws/install/yolobot_recognition/share/yolobot_recognition//scripts/models/__init__.py
[2.124s] -- Up-to-date: /home/jsagx-6/itc01_ws/install/yolobot_recognition/share/yolobot_recognition//scripts/models/common.py
[2.124s] -- Up-to-date: /home/jsagx-6/itc01_ws/install/yolobot_recognition/share/yolobot_recognition//scripts/models/__pycache__
[2.125s] -- Up-to-date: /home/jsagx-6/itc01_ws/install/yolobot_recognition/share/yolobot_recognition//scripts/models/__pycache__/__init__.cpython-38.pyc
[2.125s] -- Up-to-date: /home/jsagx-6/itc01_ws/install/yolobot_recognition/share/yolobot_recognition//scripts/models/__pycache__/common.cpython-310.pyc
[2.125s] -- Up-to-date: /home/jsagx-6/itc01_ws/install/yolobot_recognition/share/yolobot_recognition//scripts/models/__pycache__/experimental.cpython-310.pyc
[2.126s] -- Up-to-date: /home/jsagx-6/itc01_ws/install/yolobot_recognition/share/yolobot_recognition//scripts/models/__pycache__/yolo.cpython-310.pyc
[2.126s] -- Up-to-date: /home/jsagx-6/itc01_ws/install/yolobot_recognition/share/yolobot_recognition//scripts/models/__pycache__/yolo.cpython-38.pyc
[2.126s] -- Up-to-date: /home/jsagx-6/itc01_ws/install/yolobot_recognition/share/yolobot_recognition//scripts/models/__pycache__/experimental.cpython-38.pyc
[2.127s] -- Up-to-date: /home/jsagx-6/itc01_ws/install/yolobot_recognition/share/yolobot_recognition//scripts/models/__pycache__/__init__.cpython-310.pyc
[2.127s] -- Up-to-date: /home/jsagx-6/itc01_ws/install/yolobot_recognition/share/yolobot_recognition//scripts/models/__pycache__/common.cpython-38.pyc
[2.128s] -- Up-to-date: /home/jsagx-6/itc01_ws/install/yolobot_recognition/share/yolobot_recognition//scripts/models/yolo.py
[2.128s] -- Up-to-date: /home/jsagx-6/itc01_ws/install/yolobot_recognition/share/yolobot_recognition//scripts/yolov5_detection.py
[2.128s] -- Up-to-date: /home/jsagx-6/itc01_ws/install/yolobot_recognition/share/yolobot_recognition//scripts/.dockerignore
[2.129s] -- Up-to-date: /home/jsagx-6/itc01_ws/install/yolobot_recognition/share/yolobot_recognition//scripts/__pycache__
[2.129s] -- Up-to-date: /home/jsagx-6/itc01_ws/install/yolobot_recognition/share/yolobot_recognition//scripts/__pycache__/val.cpython-310.pyc
[2.129s] -- Up-to-date: /home/jsagx-6/itc01_ws/install/yolobot_recognition/share/yolobot_recognition//scripts/__pycache__/export.cpython-38.pyc
[2.129s] -- Up-to-date: /home/jsagx-6/itc01_ws/install/yolobot_recognition/share/yolobot_recognition//scripts/__pycache__/export.cpython-310.pyc
[2.130s] -- Up-to-date: /home/jsagx-6/itc01_ws/install/yolobot_recognition/share/yolobot_recognition//scripts/hubconf.py
[2.130s] -- Up-to-date: /home/jsagx-6/itc01_ws/install/yolobot_recognition/share/yolobot_recognition//scripts/ros_recognition_yolo.py
[2.130s] -- Up-to-date: /home/jsagx-6/itc01_ws/install/yolobot_recognition/share/yolobot_recognition//scripts/val.py
[2.131s] -- Up-to-date: /home/jsagx-6/itc01_ws/install/yolobot_recognition/share/yolobot_recognition//scripts/setup.cfg
[2.131s] -- Up-to-date: /home/jsagx-6/itc01_ws/install/yolobot_recognition/share/yolobot_recognition//scripts/best.pt
[2.131s] -- Up-to-date: /home/jsagx-6/itc01_ws/install/yolobot_recognition/share/yolobot_recognition//scripts/utils
[2.131s] -- Up-to-date: /home/jsagx-6/itc01_ws/install/yolobot_recognition/share/yolobot_recognition//scripts/utils/segment
[2.132s] -- Up-to-date: /home/jsagx-6/itc01_ws/install/yolobot_recognition/share/yolobot_recognition//scripts/utils/segment/dataloaders.py
[2.133s] -- Up-to-date: /home/jsagx-6/itc01_ws/install/yolobot_recognition/share/yolobot_recognition//scripts/utils/segment/plots.py
[2.133s] -- Up-to-date: /home/jsagx-6/itc01_ws/install/yolobot_recognition/share/yolobot_recognition//scripts/utils/segment/augmentations.py
[2.133s] -- Up-to-date: /home/jsagx-6/itc01_ws/install/yolobot_recognition/share/yolobot_recognition//scripts/utils/segment/general.py
[2.134s] -- Up-to-date: /home/jsagx-6/itc01_ws/install/yolobot_recognition/share/yolobot_recognition//scripts/utils/segment/__init__.py
[2.135s] -- Up-to-date: /home/jsagx-6/itc01_ws/install/yolobot_recognition/share/yolobot_recognition//scripts/utils/segment/metrics.py
[2.135s] -- Up-to-date: /home/jsagx-6/itc01_ws/install/yolobot_recognition/share/yolobot_recognition//scripts/utils/segment/__pycache__
[2.135s] -- Up-to-date: /home/jsagx-6/itc01_ws/install/yolobot_recognition/share/yolobot_recognition//scripts/utils/segment/__pycache__/__init__.cpython-38.pyc
[2.135s] -- Up-to-date: /home/jsagx-6/itc01_ws/install/yolobot_recognition/share/yolobot_recognition//scripts/utils/segment/__pycache__/general.cpython-38.pyc
[2.136s] -- Up-to-date: /home/jsagx-6/itc01_ws/install/yolobot_recognition/share/yolobot_recognition//scripts/utils/segment/__pycache__/__init__.cpython-310.pyc
[2.136s] -- Up-to-date: /home/jsagx-6/itc01_ws/install/yolobot_recognition/share/yolobot_recognition//scripts/utils/segment/__pycache__/general.cpython-310.pyc
[2.136s] -- Up-to-date: /home/jsagx-6/itc01_ws/install/yolobot_recognition/share/yolobot_recognition//scripts/utils/segment/loss.py
[2.137s] -- Up-to-date: /home/jsagx-6/itc01_ws/install/yolobot_recognition/share/yolobot_recognition//scripts/utils/dataloaders.py
[2.139s] -- Up-to-date: /home/jsagx-6/itc01_ws/install/yolobot_recognition/share/yolobot_recognition//scripts/utils/plots.py
[2.145s] -- Up-to-date: /home/jsagx-6/itc01_ws/install/yolobot_recognition/share/yolobot_recognition//scripts/utils/augmentations.py
[2.145s] -- Up-to-date: /home/jsagx-6/itc01_ws/install/yolobot_recognition/share/yolobot_recognition//scripts/utils/general.py
[2.145s] -- Up-to-date: /home/jsagx-6/itc01_ws/install/yolobot_recognition/share/yolobot_recognition//scripts/utils/__init__.py
[2.146s] -- Up-to-date: /home/jsagx-6/itc01_ws/install/yolobot_recognition/share/yolobot_recognition//scripts/utils/metrics.py
[2.147s] -- Up-to-date: /home/jsagx-6/itc01_ws/install/yolobot_recognition/share/yolobot_recognition//scripts/utils/flask_rest_api
[2.148s] -- Up-to-date: /home/jsagx-6/itc01_ws/install/yolobot_recognition/share/yolobot_recognition//scripts/utils/flask_rest_api/example_request.py
[2.149s] -- Up-to-date: /home/jsagx-6/itc01_ws/install/yolobot_recognition/share/yolobot_recognition//scripts/utils/flask_rest_api/README.md
[2.150s] -- Up-to-date: /home/jsagx-6/itc01_ws/install/yolobot_recognition/share/yolobot_recognition//scripts/utils/flask_rest_api/restapi.py
[2.150s] -- Up-to-date: /home/jsagx-6/itc01_ws/install/yolobot_recognition/share/yolobot_recognition//scripts/utils/__pycache__
[2.152s] -- Up-to-date: /home/jsagx-6/itc01_ws/install/yolobot_recognition/share/yolobot_recognition//scripts/utils/__pycache__/autoanchor.cpython-38.pyc
[2.153s] -- Up-to-date: /home/jsagx-6/itc01_ws/install/yolobot_recognition/share/yolobot_recognition//scripts/utils/__pycache__/__init__.cpython-38.pyc
[2.153s] -- Up-to-date: /home/jsagx-6/itc01_ws/install/yolobot_recognition/share/yolobot_recognition//scripts/utils/__pycache__/autobatch.cpython-310.pyc
[2.154s] -- Up-to-date: /home/jsagx-6/itc01_ws/install/yolobot_recognition/share/yolobot_recognition//scripts/utils/__pycache__/dataloaders.cpython-310.pyc
[2.154s] -- Up-to-date: /home/jsagx-6/itc01_ws/install/yolobot_recognition/share/yolobot_recognition//scripts/utils/__pycache__/torch_utils.cpython-38.pyc
[2.155s] -- Up-to-date: /home/jsagx-6/itc01_ws/install/yolobot_recognition/share/yolobot_recognition//scripts/utils/__pycache__/downloads.cpython-38.pyc
[2.155s] -- Up-to-date: /home/jsagx-6/itc01_ws/install/yolobot_recognition/share/yolobot_recognition//scripts/utils/__pycache__/plots.cpython-310.pyc
[2.156s] -- Up-to-date: /home/jsagx-6/itc01_ws/install/yolobot_recognition/share/yolobot_recognition//scripts/utils/__pycache__/downloads.cpython-310.pyc
[2.156s] -- Up-to-date: /home/jsagx-6/itc01_ws/install/yolobot_recognition/share/yolobot_recognition//scripts/utils/__pycache__/torch_utils.cpython-310.pyc
[2.158s] -- Up-to-date: /home/jsagx-6/itc01_ws/install/yolobot_recognition/share/yolobot_recognition//scripts/utils/__pycache__/general.cpython-38.pyc
[2.158s] -- Up-to-date: /home/jsagx-6/itc01_ws/install/yolobot_recognition/share/yolobot_recognition//scripts/utils/__pycache__/plots.cpython-38.pyc
[2.158s] -- Up-to-date: /home/jsagx-6/itc01_ws/install/yolobot_recognition/share/yolobot_recognition//scripts/utils/__pycache__/metrics.cpython-38.pyc
[2.159s] -- Up-to-date: /home/jsagx-6/itc01_ws/install/yolobot_recognition/share/yolobot_recognition//scripts/utils/__pycache__/augmentations.cpython-38.pyc
[2.161s] -- Up-to-date: /home/jsagx-6/itc01_ws/install/yolobot_recognition/share/yolobot_recognition//scripts/utils/__pycache__/__init__.cpython-310.pyc
[2.161s] -- Up-to-date: /home/jsagx-6/itc01_ws/install/yolobot_recognition/share/yolobot_recognition//scripts/utils/__pycache__/callbacks.cpython-310.pyc
[2.162s] -- Up-to-date: /home/jsagx-6/itc01_ws/install/yolobot_recognition/share/yolobot_recognition//scripts/utils/__pycache__/general.cpython-310.pyc
[2.163s] -- Up-to-date: /home/jsagx-6/itc01_ws/install/yolobot_recognition/share/yolobot_recognition//scripts/utils/__pycache__/metrics.cpython-310.pyc
[2.163s] -- Up-to-date: /home/jsagx-6/itc01_ws/install/yolobot_recognition/share/yolobot_recognition//scripts/utils/__pycache__/dataloaders.cpython-38.pyc
[2.164s] -- Up-to-date: /home/jsagx-6/itc01_ws/install/yolobot_recognition/share/yolobot_recognition//scripts/utils/__pycache__/augmentations.cpython-310.pyc
[2.164s] -- Up-to-date: /home/jsagx-6/itc01_ws/install/yolobot_recognition/share/yolobot_recognition//scripts/utils/__pycache__/autoanchor.cpython-310.pyc
[2.165s] -- Up-to-date: /home/jsagx-6/itc01_ws/install/yolobot_recognition/share/yolobot_recognition//scripts/utils/autoanchor.py
[2.166s] -- Up-to-date: /home/jsagx-6/itc01_ws/install/yolobot_recognition/share/yolobot_recognition//scripts/utils/activations.py
[2.166s] -- Up-to-date: /home/jsagx-6/itc01_ws/install/yolobot_recognition/share/yolobot_recognition//scripts/utils/aws
[2.167s] -- Up-to-date: /home/jsagx-6/itc01_ws/install/yolobot_recognition/share/yolobot_recognition//scripts/utils/aws/resume.py
[2.168s] -- Up-to-date: /home/jsagx-6/itc01_ws/install/yolobot_recognition/share/yolobot_recognition//scripts/utils/aws/__init__.py
[2.169s] -- Up-to-date: /home/jsagx-6/itc01_ws/install/yolobot_recognition/share/yolobot_recognition//scripts/utils/aws/mime.sh
[2.170s] -- Up-to-date: /home/jsagx-6/itc01_ws/install/yolobot_recognition/share/yolobot_recognition//scripts/utils/aws/userdata.sh
[2.170s] -- Up-to-date: /home/jsagx-6/itc01_ws/install/yolobot_recognition/share/yolobot_recognition//scripts/utils/autobatch.py
[2.173s] -- Up-to-date: /home/jsagx-6/itc01_ws/install/yolobot_recognition/share/yolobot_recognition//scripts/utils/callbacks.py
[2.174s] -- Up-to-date: /home/jsagx-6/itc01_ws/install/yolobot_recognition/share/yolobot_recognition//scripts/utils/downloads.py
[2.175s] -- Up-to-date: /home/jsagx-6/itc01_ws/install/yolobot_recognition/share/yolobot_recognition//scripts/utils/docker
[2.176s] -- Up-to-date: /home/jsagx-6/itc01_ws/install/yolobot_recognition/share/yolobot_recognition//scripts/utils/docker/Dockerfile-arm64
[2.176s] -- Up-to-date: /home/jsagx-6/itc01_ws/install/yolobot_recognition/share/yolobot_recognition//scripts/utils/docker/Dockerfile
[2.177s] -- Up-to-date: /home/jsagx-6/itc01_ws/install/yolobot_recognition/share/yolobot_recognition//scripts/utils/docker/Dockerfile-cpu
[2.181s] -- Up-to-date: /home/jsagx-6/itc01_ws/install/yolobot_recognition/share/yolobot_recognition//scripts/utils/loss.py
[2.182s] -- Up-to-date: /home/jsagx-6/itc01_ws/install/yolobot_recognition/share/yolobot_recognition//scripts/utils/loggers
[2.183s] -- Up-to-date: /home/jsagx-6/itc01_ws/install/yolobot_recognition/share/yolobot_recognition//scripts/utils/loggers/__init__.py
[2.184s] -- Up-to-date: /home/jsagx-6/itc01_ws/install/yolobot_recognition/share/yolobot_recognition//scripts/utils/loggers/__pycache__
[2.184s] -- Up-to-date: /home/jsagx-6/itc01_ws/install/yolobot_recognition/share/yolobot_recognition//scripts/utils/loggers/__pycache__/__init__.cpython-310.pyc
[2.185s] -- Up-to-date: /home/jsagx-6/itc01_ws/install/yolobot_recognition/share/yolobot_recognition//scripts/utils/loggers/comet
[2.186s] -- Up-to-date: /home/jsagx-6/itc01_ws/install/yolobot_recognition/share/yolobot_recognition//scripts/utils/loggers/comet/comet_utils.py
[2.187s] -- Up-to-date: /home/jsagx-6/itc01_ws/install/yolobot_recognition/share/yolobot_recognition//scripts/utils/loggers/comet/README.md
[2.188s] -- Up-to-date: /home/jsagx-6/itc01_ws/install/yolobot_recognition/share/yolobot_recognition//scripts/utils/loggers/comet/__init__.py
[2.189s] -- Up-to-date: /home/jsagx-6/itc01_ws/install/yolobot_recognition/share/yolobot_recognition//scripts/utils/loggers/comet/hpo.py
[2.189s] -- Up-to-date: /home/jsagx-6/itc01_ws/install/yolobot_recognition/share/yolobot_recognition//scripts/utils/loggers/comet/optimizer_config.json
[2.190s] -- Up-to-date: /home/jsagx-6/itc01_ws/install/yolobot_recognition/share/yolobot_recognition//scripts/utils/loggers/clearml
[2.192s] -- Up-to-date: /home/jsagx-6/itc01_ws/install/yolobot_recognition/share/yolobot_recognition//scripts/utils/loggers/clearml/README.md
[2.193s] -- Up-to-date: /home/jsagx-6/itc01_ws/install/yolobot_recognition/share/yolobot_recognition//scripts/utils/loggers/clearml/__init__.py
[2.194s] -- Up-to-date: /home/jsagx-6/itc01_ws/install/yolobot_recognition/share/yolobot_recognition//scripts/utils/loggers/clearml/hpo.py
[2.195s] -- Up-to-date: /home/jsagx-6/itc01_ws/install/yolobot_recognition/share/yolobot_recognition//scripts/utils/loggers/clearml/clearml_utils.py
[2.197s] -- Up-to-date: /home/jsagx-6/itc01_ws/install/yolobot_recognition/share/yolobot_recognition//scripts/utils/loggers/wandb
[2.199s] -- Up-to-date: /home/jsagx-6/itc01_ws/install/yolobot_recognition/share/yolobot_recognition//scripts/utils/loggers/wandb/wandb_utils.py
[2.201s] -- Up-to-date: /home/jsagx-6/itc01_ws/install/yolobot_recognition/share/yolobot_recognition//scripts/utils/loggers/wandb/__init__.py
[2.202s] -- Up-to-date: /home/jsagx-6/itc01_ws/install/yolobot_recognition/share/yolobot_recognition//scripts/utils/torch_utils.py
[2.203s] -- Up-to-date: /home/jsagx-6/itc01_ws/install/yolobot_recognition/share/yolobot_recognition//scripts/utils/google_app_engine
[2.204s] -- Up-to-date: /home/jsagx-6/itc01_ws/install/yolobot_recognition/share/yolobot_recognition//scripts/utils/google_app_engine/additional_requirements.txt
[2.205s] -- Up-to-date: /home/jsagx-6/itc01_ws/install/yolobot_recognition/share/yolobot_recognition//scripts/utils/google_app_engine/Dockerfile
[2.206s] -- Up-to-date: /home/jsagx-6/itc01_ws/install/yolobot_recognition/share/yolobot_recognition//scripts/utils/google_app_engine/app.yaml
[2.206s] -- Up-to-date: /home/jsagx-6/itc01_ws/install/yolobot_recognition/share/yolobot_recognition//scripts/utils/triton.py
[2.211s] -- Up-to-date: /home/jsagx-6/itc01_ws/install/yolobot_recognition/share/yolobot_recognition//scripts/webcam_pub.py
[2.212s] -- Up-to-date: /home/jsagx-6/itc01_ws/install/yolobot_recognition/share/yolobot_recognition//scripts/benchmarks.py
[2.214s] -- Up-to-date: /home/jsagx-6/itc01_ws/install/yolobot_recognition/share/yolobot_recognition//scripts/.gitattributes
[2.215s] -- Up-to-date: /home/jsagx-6/itc01_ws/install/yolobot_recognition/share/yolobot_recognition//scripts/ros_yolo_sub.py
[2.216s] -- Up-to-date: /home/jsagx-6/itc01_ws/install/yolobot_recognition/lib/yolobot_recognition/ros_recognition_yolo.py
[2.217s] -- Up-to-date: /home/jsagx-6/itc01_ws/install/yolobot_recognition/lib/yolobot_recognition/yolov5_detection.py
[2.218s] -- Up-to-date: /home/jsagx-6/itc01_ws/install/yolobot_recognition/lib/yolobot_recognition/webcam_pub.py
[2.219s] -- Up-to-date: /home/jsagx-6/itc01_ws/install/yolobot_recognition/lib/yolobot_recognition/ros_yolo_sub.py
[2.220s] -- Up-to-date: /home/jsagx-6/itc01_ws/install/yolobot_recognition/share/ament_index/resource_index/package_run_dependencies/yolobot_recognition
[2.220s] -- Up-to-date: /home/jsagx-6/itc01_ws/install/yolobot_recognition/share/ament_index/resource_index/parent_prefix_path/yolobot_recognition
[2.221s] -- Up-to-date: /home/jsagx-6/itc01_ws/install/yolobot_recognition/share/yolobot_recognition/environment/ament_prefix_path.sh
[2.223s] -- Up-to-date: /home/jsagx-6/itc01_ws/install/yolobot_recognition/share/yolobot_recognition/environment/ament_prefix_path.dsv
[2.223s] -- Up-to-date: /home/jsagx-6/itc01_ws/install/yolobot_recognition/share/yolobot_recognition/environment/path.sh
[2.225s] -- Up-to-date: /home/jsagx-6/itc01_ws/install/yolobot_recognition/share/yolobot_recognition/environment/path.dsv
[2.225s] -- Up-to-date: /home/jsagx-6/itc01_ws/install/yolobot_recognition/share/yolobot_recognition/local_setup.bash
[2.226s] -- Up-to-date: /home/jsagx-6/itc01_ws/install/yolobot_recognition/share/yolobot_recognition/local_setup.sh
[2.227s] -- Up-to-date: /home/jsagx-6/itc01_ws/install/yolobot_recognition/share/yolobot_recognition/local_setup.zsh
[2.232s] -- Up-to-date: /home/jsagx-6/itc01_ws/install/yolobot_recognition/share/yolobot_recognition/local_setup.dsv
[2.233s] -- Installing: /home/jsagx-6/itc01_ws/install/yolobot_recognition/share/yolobot_recognition/package.dsv
[2.234s] -- Up-to-date: /home/jsagx-6/itc01_ws/install/yolobot_recognition/share/ament_index/resource_index/packages/yolobot_recognition
[2.235s] -- Up-to-date: /home/jsagx-6/itc01_ws/install/yolobot_recognition/share/yolobot_recognition/cmake/yolobot_recognitionConfig.cmake
[2.235s] -- Up-to-date: /home/jsagx-6/itc01_ws/install/yolobot_recognition/share/yolobot_recognition/cmake/yolobot_recognitionConfig-version.cmake
[2.236s] -- Up-to-date: /home/jsagx-6/itc01_ws/install/yolobot_recognition/share/yolobot_recognition/package.xml
[2.237s] Invoked command in '/home/jsagx-6/itc01_ws/build/yolobot_recognition' returned '0': CMAKE_PREFIX_PATH=${CMAKE_PREFIX_PATH}:/home/jsagx-6/itc01_ws/install/mr2_realsense:/home/jsagx-6/itc01_ws/install/buffalo_robot /usr/bin/cmake --install /home/jsagx-6/itc01_ws/build/yolobot_recognition
