[0.963s] Invoking command in '/home/jsagx-6/itc01_ws/build/mr2_launch': CMAKE_PREFIX_PATH=/opt/ros/foxy /home/jsagx-6/.local/bin/cmake --build /home/jsagx-6/itc01_ws/build/mr2_launch -- -j8 -l8
[1.880s] Invoked command in '/home/jsagx-6/itc01_ws/build/mr2_launch' returned '0': CMAKE_PREFIX_PATH=/opt/ros/foxy /home/jsagx-6/.local/bin/cmake --build /home/jsagx-6/itc01_ws/build/mr2_launch -- -j8 -l8
[2.427s] Invoking command in '/home/jsagx-6/itc01_ws/build/mr2_launch': CMAKE_PREFIX_PATH=/opt/ros/foxy /home/jsagx-6/.local/bin/cmake --install /home/jsagx-6/itc01_ws/build/mr2_launch
[2.628s] -- Install configuration: ""
[2.629s] -- Up-to-date: /home/jsagx-6/itc01_ws/install/mr2_launch/share/mr2_launch/launch
[2.630s] -- Up-to-date: /home/jsagx-6/itc01_ws/install/mr2_launch/share/mr2_launch/launch/mr2_auto.launch.py
[2.630s] -- Up-to-date: /home/jsagx-6/itc01_ws/install/mr2_launch/share/mr2_launch/launch/mr2_manual.launch.py
[2.630s] -- Up-to-date: /home/jsagx-6/itc01_ws/install/mr2_launch/share/mr2_launch/launch/mr2_blue_auto.launch.py
[2.631s] -- Up-to-date: /home/jsagx-6/itc01_ws/install/mr2_launch/share/mr2_launch/launch/mr2_red_auto.launch.py
[2.632s] -- Up-to-date: /home/jsagx-6/itc01_ws/install/mr2_launch/share/mr2_launch/src
[2.632s] -- Up-to-date: /home/jsagx-6/itc01_ws/install/mr2_launch/share/ament_index/resource_index/package_run_dependencies/mr2_launch
[2.633s] -- Up-to-date: /home/jsagx-6/itc01_ws/install/mr2_launch/share/ament_index/resource_index/parent_prefix_path/mr2_launch
[2.633s] -- Up-to-date: /home/jsagx-6/itc01_ws/install/mr2_launch/share/mr2_launch/environment/ament_prefix_path.sh
[2.633s] -- Up-to-date: /home/jsagx-6/itc01_ws/install/mr2_launch/share/mr2_launch/environment/ament_prefix_path.dsv
[2.633s] -- Up-to-date: /home/jsagx-6/itc01_ws/install/mr2_launch/share/mr2_launch/environment/path.sh
[2.634s] -- Up-to-date: /home/jsagx-6/itc01_ws/install/mr2_launch/share/mr2_launch/environment/path.dsv
[2.634s] -- Up-to-date: /home/jsagx-6/itc01_ws/install/mr2_launch/share/mr2_launch/local_setup.bash
[2.634s] -- Up-to-date: /home/jsagx-6/itc01_ws/install/mr2_launch/share/mr2_launch/local_setup.sh
[2.635s] -- Up-to-date: /home/jsagx-6/itc01_ws/install/mr2_launch/share/mr2_launch/local_setup.zsh
[2.635s] -- Up-to-date: /home/jsagx-6/itc01_ws/install/mr2_launch/share/mr2_launch/local_setup.dsv
[2.635s] -- Installing: /home/jsagx-6/itc01_ws/install/mr2_launch/share/mr2_launch/package.dsv
[2.635s] -- Up-to-date: /home/jsagx-6/itc01_ws/install/mr2_launch/share/ament_index/resource_index/packages/mr2_launch
[2.636s] -- Up-to-date: /home/jsagx-6/itc01_ws/install/mr2_launch/share/mr2_launch/cmake/mr2_launchConfig.cmake
[2.636s] -- Up-to-date: /home/jsagx-6/itc01_ws/install/mr2_launch/share/mr2_launch/cmake/mr2_launchConfig-version.cmake
[2.636s] -- Up-to-date: /home/jsagx-6/itc01_ws/install/mr2_launch/share/mr2_launch/package.xml
[2.668s] Invoked command in '/home/jsagx-6/itc01_ws/build/mr2_launch' returned '0': CMAKE_PREFIX_PATH=/opt/ros/foxy /home/jsagx-6/.local/bin/cmake --install /home/jsagx-6/itc01_ws/build/mr2_launch
