[0.000000] (-) TimerEvent: {}
[0.001651] (buffalo_robot) JobQueued: {'identifier': 'buffalo_robot', 'dependencies': OrderedDict()}
[0.002162] (mr2_realsense) JobQueued: {'identifier': 'mr2_realsense', 'dependencies': OrderedDict()}
[0.002251] (yolobot_recognition) JobQueued: {'identifier': 'yolobot_recognition', 'dependencies': OrderedDict()}
[0.002659] (yolov8_msgs) JobQueued: {'identifier': 'yolov8_msgs', 'dependencies': OrderedDict()}
[0.002894] (buffalo_robot) JobStarted: {'identifier': 'buffalo_robot'}
[0.039393] (mr2_realsense) JobStarted: {'identifier': 'mr2_realsense'}
[0.075634] (yolobot_recognition) JobStarted: {'identifier': 'yolobot_recognition'}
[0.101595] (-) TimerEvent: {}
[0.106335] (yolov8_msgs) JobStarted: {'identifier': 'yolov8_msgs'}
[0.201957] (-) TimerEvent: {}
[0.303655] (-) TimerEvent: {}
[0.404413] (-) TimerEvent: {}
[0.505333] (-) TimerEvent: {}
[0.606112] (-) TimerEvent: {}
[0.706861] (-) TimerEvent: {}
[0.807686] (-) TimerEvent: {}
[0.909288] (-) TimerEvent: {}
[1.011050] (-) TimerEvent: {}
[1.111795] (-) TimerEvent: {}
[1.212546] (-) TimerEvent: {}
[1.313343] (-) TimerEvent: {}
[1.414073] (-) TimerEvent: {}
[1.514838] (-) TimerEvent: {}
[1.556177] (yolobot_recognition) JobProgress: {'identifier': 'yolobot_recognition', 'progress': 'cmake'}
[1.559174] (yolobot_recognition) JobProgress: {'identifier': 'yolobot_recognition', 'progress': 'build'}
[1.562506] (yolobot_recognition) Command: {'cmd': ['/usr/bin/cmake', '--build', '/home/jsagx-6/itc01_ws/build/yolobot_recognition', '--', '-j8', '-l8'], 'cwd': '/home/jsagx-6/itc01_ws/build/yolobot_recognition', 'env': OrderedDict([('USER', 'jsagx-6'), ('SSH_CLIENT', '192.168.77.215 59244 22'), ('LC_TIME', 'km_KH'), ('XDG_SESSION_TYPE', 'tty'), ('SHLVL', '1'), ('LD_LIBRARY_PATH', '/opt/ros/foxy/opt/yaml_cpp_vendor/lib:/opt/ros/foxy/lib/aarch64-linux-gnu:/opt/ros/foxy/lib:/home/jsagx-6/itc01_ws/install/yolov8_msgs/lib'), ('MOTD_SHOWN', 'pam'), ('HOME', '/home/jsagx-6'), ('OLDPWD', '/home/jsagx-6'), ('SSH_TTY', '/dev/pts/3'), ('JETSON_L4T', '35.5.0'), ('ROS_PYTHON_VERSION', '3'), ('JETSON_MODEL', 'Jetson-AGX'), ('LC_MONETARY', 'km_KH'), ('DBUS_SESSION_BUS_ADDRESS', 'unix:path=/run/user/1000/bus'), ('COLCON_PREFIX_PATH', '/home/jsagx-6/itc01_ws/install'), ('ROS_DISTRO', 'foxy'), ('LOGNAME', 'jsagx-6'), ('JETSON_MODULE', 'NVIDIA Jetson AGX Xavier (32 GB ram)'), ('JETSON_SERIAL_NUMBER', '1561221004404'), ('_', '/usr/bin/colcon'), ('ROS_VERSION', '2'), ('JETSON_CODENAME', 'Galen'), ('XDG_SESSION_CLASS', 'user'), ('TERM', 'xterm-256color'), ('XDG_SESSION_ID', '9'), ('ROS_LOCALHOST_ONLY', '0'), ('PATH', '/opt/ros/foxy/bin:/usr/local/sbin:/usr/local/bin:/usr/sbin:/usr/bin:/sbin:/bin:/usr/games:/usr/local/games:/snap/bin'), ('LC_ADDRESS', 'km_KH'), ('XDG_RUNTIME_DIR', '/run/user/1000'), ('LANG', 'en_US.UTF-8'), ('LC_TELEPHONE', 'km_KH'), ('JETSON_SOC', 'tegra194'), ('AMENT_PREFIX_PATH', '/opt/ros/foxy:/home/jsagx-6/itc01_ws/install/yolov8_msgs:/home/jsagx-6/itc01_ws/install/yolobot_recognition:/home/jsagx-6/itc01_ws/install/mr2_realsense:/home/jsagx-6/itc01_ws/install/buffalo_robot'), ('SHELL', '/bin/bash'), ('LC_NAME', 'km_KH'), ('LC_MEASUREMENT', 'km_KH'), ('LC_IDENTIFICATION', 'km_KH'), ('JETSON_CUDA_ARCH_BIN', '7.2'), ('PWD', '/home/jsagx-6/itc01_ws/build/yolobot_recognition'), ('LC_ALL', 'en_US.UTF-8'), ('SSH_CONNECTION', '192.168.77.215 59244 192.168.77.206 22'), ('XDG_DATA_DIRS', '/usr/local/share:/usr/share:/var/lib/snapd/desktop'), ('PYTHONPATH', '/opt/ros/foxy/lib/python3.8/site-packages:/home/jsagx-6/itc01_ws/install/yolov8_msgs/lib/python3.8/site-packages:/home/jsagx-6/itc01_ws/install/mr2_realsense/lib/python3.8/site-packages:/home/jsagx-6/itc01_ws/install/buffalo_robot/lib/python3.8/site-packages'), ('LC_NUMERIC', 'km_KH'), ('LC_PAPER', 'km_KH'), ('COLCON', '1'), ('JETSON_JETPACK', '5.1.3'), ('CMAKE_PREFIX_PATH', '/opt/ros/foxy:/home/jsagx-6/itc01_ws/install/yolov8_msgs:/home/jsagx-6/itc01_ws/install/yolobot_recognition:/home/jsagx-6/itc01_ws/install/mr2_realsense:/home/jsagx-6/itc01_ws/install/buffalo_robot'), ('JETSON_P_NUMBER', 'p2888-0004')]), 'shell': False}
[1.583006] (yolov8_msgs) JobProgress: {'identifier': 'yolov8_msgs', 'progress': 'cmake'}
[1.586413] (yolov8_msgs) JobProgress: {'identifier': 'yolov8_msgs', 'progress': 'build'}
[1.588437] (yolov8_msgs) Command: {'cmd': ['/usr/bin/cmake', '--build', '/home/jsagx-6/itc01_ws/build/yolov8_msgs', '--', '-j8', '-l8'], 'cwd': '/home/jsagx-6/itc01_ws/build/yolov8_msgs', 'env': OrderedDict([('USER', 'jsagx-6'), ('SSH_CLIENT', '192.168.77.215 59244 22'), ('LC_TIME', 'km_KH'), ('XDG_SESSION_TYPE', 'tty'), ('SHLVL', '1'), ('LD_LIBRARY_PATH', '/opt/ros/foxy/opt/yaml_cpp_vendor/lib:/opt/ros/foxy/lib/aarch64-linux-gnu:/opt/ros/foxy/lib:/home/jsagx-6/itc01_ws/install/yolov8_msgs/lib'), ('MOTD_SHOWN', 'pam'), ('HOME', '/home/jsagx-6'), ('OLDPWD', '/home/jsagx-6'), ('SSH_TTY', '/dev/pts/3'), ('JETSON_L4T', '35.5.0'), ('ROS_PYTHON_VERSION', '3'), ('JETSON_MODEL', 'Jetson-AGX'), ('LC_MONETARY', 'km_KH'), ('DBUS_SESSION_BUS_ADDRESS', 'unix:path=/run/user/1000/bus'), ('COLCON_PREFIX_PATH', '/home/jsagx-6/itc01_ws/install'), ('ROS_DISTRO', 'foxy'), ('LOGNAME', 'jsagx-6'), ('JETSON_MODULE', 'NVIDIA Jetson AGX Xavier (32 GB ram)'), ('JETSON_SERIAL_NUMBER', '1561221004404'), ('_', '/usr/bin/colcon'), ('ROS_VERSION', '2'), ('JETSON_CODENAME', 'Galen'), ('XDG_SESSION_CLASS', 'user'), ('TERM', 'xterm-256color'), ('XDG_SESSION_ID', '9'), ('ROS_LOCALHOST_ONLY', '0'), ('PATH', '/opt/ros/foxy/bin:/usr/local/sbin:/usr/local/bin:/usr/sbin:/usr/bin:/sbin:/bin:/usr/games:/usr/local/games:/snap/bin'), ('LC_ADDRESS', 'km_KH'), ('XDG_RUNTIME_DIR', '/run/user/1000'), ('LANG', 'en_US.UTF-8'), ('LC_TELEPHONE', 'km_KH'), ('JETSON_SOC', 'tegra194'), ('AMENT_PREFIX_PATH', '/opt/ros/foxy:/home/jsagx-6/itc01_ws/install/yolov8_msgs:/home/jsagx-6/itc01_ws/install/yolobot_recognition:/home/jsagx-6/itc01_ws/install/mr2_realsense:/home/jsagx-6/itc01_ws/install/buffalo_robot'), ('SHELL', '/bin/bash'), ('LC_NAME', 'km_KH'), ('LC_MEASUREMENT', 'km_KH'), ('LC_IDENTIFICATION', 'km_KH'), ('JETSON_CUDA_ARCH_BIN', '7.2'), ('PWD', '/home/jsagx-6/itc01_ws/build/yolov8_msgs'), ('LC_ALL', 'en_US.UTF-8'), ('SSH_CONNECTION', '192.168.77.215 59244 192.168.77.206 22'), ('XDG_DATA_DIRS', '/usr/local/share:/usr/share:/var/lib/snapd/desktop'), ('PYTHONPATH', '/opt/ros/foxy/lib/python3.8/site-packages:/home/jsagx-6/itc01_ws/install/yolov8_msgs/lib/python3.8/site-packages:/home/jsagx-6/itc01_ws/install/mr2_realsense/lib/python3.8/site-packages:/home/jsagx-6/itc01_ws/install/buffalo_robot/lib/python3.8/site-packages'), ('LC_NUMERIC', 'km_KH'), ('LC_PAPER', 'km_KH'), ('COLCON', '1'), ('JETSON_JETPACK', '5.1.3'), ('CMAKE_PREFIX_PATH', '/opt/ros/foxy:/home/jsagx-6/itc01_ws/install/yolov8_msgs:/home/jsagx-6/itc01_ws/install/yolobot_recognition:/home/jsagx-6/itc01_ws/install/mr2_realsense:/home/jsagx-6/itc01_ws/install/buffalo_robot'), ('JETSON_P_NUMBER', 'p2888-0004')]), 'shell': False}
[1.615446] (-) TimerEvent: {}
[1.717138] (-) TimerEvent: {}
[1.723774] (yolobot_recognition) CommandEnded: {'returncode': 0}
[1.802706] (yolov8_msgs) StdoutLine: {'line': b'[  2%] Built target yolov8_msgs__cpp\n'}
[1.818768] (yolobot_recognition) JobProgress: {'identifier': 'yolobot_recognition', 'progress': 'install'}
[1.819720] (-) TimerEvent: {}
[1.841465] (yolov8_msgs) StdoutLine: {'line': b'[ 12%] Built target yolov8_msgs__rosidl_generator_c\n'}
[1.874068] (yolobot_recognition) Command: {'cmd': ['/usr/bin/cmake', '--install', '/home/jsagx-6/itc01_ws/build/yolobot_recognition'], 'cwd': '/home/jsagx-6/itc01_ws/build/yolobot_recognition', 'env': OrderedDict([('USER', 'jsagx-6'), ('SSH_CLIENT', '192.168.77.215 59244 22'), ('LC_TIME', 'km_KH'), ('XDG_SESSION_TYPE', 'tty'), ('SHLVL', '1'), ('LD_LIBRARY_PATH', '/opt/ros/foxy/opt/yaml_cpp_vendor/lib:/opt/ros/foxy/lib/aarch64-linux-gnu:/opt/ros/foxy/lib:/home/jsagx-6/itc01_ws/install/yolov8_msgs/lib'), ('MOTD_SHOWN', 'pam'), ('HOME', '/home/jsagx-6'), ('OLDPWD', '/home/jsagx-6'), ('SSH_TTY', '/dev/pts/3'), ('JETSON_L4T', '35.5.0'), ('ROS_PYTHON_VERSION', '3'), ('JETSON_MODEL', 'Jetson-AGX'), ('LC_MONETARY', 'km_KH'), ('DBUS_SESSION_BUS_ADDRESS', 'unix:path=/run/user/1000/bus'), ('COLCON_PREFIX_PATH', '/home/jsagx-6/itc01_ws/install'), ('ROS_DISTRO', 'foxy'), ('LOGNAME', 'jsagx-6'), ('JETSON_MODULE', 'NVIDIA Jetson AGX Xavier (32 GB ram)'), ('JETSON_SERIAL_NUMBER', '1561221004404'), ('_', '/usr/bin/colcon'), ('ROS_VERSION', '2'), ('JETSON_CODENAME', 'Galen'), ('XDG_SESSION_CLASS', 'user'), ('TERM', 'xterm-256color'), ('XDG_SESSION_ID', '9'), ('ROS_LOCALHOST_ONLY', '0'), ('PATH', '/opt/ros/foxy/bin:/usr/local/sbin:/usr/local/bin:/usr/sbin:/usr/bin:/sbin:/bin:/usr/games:/usr/local/games:/snap/bin'), ('LC_ADDRESS', 'km_KH'), ('XDG_RUNTIME_DIR', '/run/user/1000'), ('LANG', 'en_US.UTF-8'), ('LC_TELEPHONE', 'km_KH'), ('JETSON_SOC', 'tegra194'), ('AMENT_PREFIX_PATH', '/opt/ros/foxy:/home/jsagx-6/itc01_ws/install/yolov8_msgs:/home/jsagx-6/itc01_ws/install/yolobot_recognition:/home/jsagx-6/itc01_ws/install/mr2_realsense:/home/jsagx-6/itc01_ws/install/buffalo_robot'), ('SHELL', '/bin/bash'), ('LC_NAME', 'km_KH'), ('LC_MEASUREMENT', 'km_KH'), ('LC_IDENTIFICATION', 'km_KH'), ('JETSON_CUDA_ARCH_BIN', '7.2'), ('PWD', '/home/jsagx-6/itc01_ws/build/yolobot_recognition'), ('LC_ALL', 'en_US.UTF-8'), ('SSH_CONNECTION', '192.168.77.215 59244 192.168.77.206 22'), ('XDG_DATA_DIRS', '/usr/local/share:/usr/share:/var/lib/snapd/desktop'), ('PYTHONPATH', '/opt/ros/foxy/lib/python3.8/site-packages:/home/jsagx-6/itc01_ws/install/yolov8_msgs/lib/python3.8/site-packages:/home/jsagx-6/itc01_ws/install/mr2_realsense/lib/python3.8/site-packages:/home/jsagx-6/itc01_ws/install/buffalo_robot/lib/python3.8/site-packages'), ('LC_NUMERIC', 'km_KH'), ('LC_PAPER', 'km_KH'), ('COLCON', '1'), ('JETSON_JETPACK', '5.1.3'), ('CMAKE_PREFIX_PATH', '/opt/ros/foxy:/home/jsagx-6/itc01_ws/install/yolov8_msgs:/home/jsagx-6/itc01_ws/install/yolobot_recognition:/home/jsagx-6/itc01_ws/install/mr2_realsense:/home/jsagx-6/itc01_ws/install/buffalo_robot'), ('JETSON_P_NUMBER', 'p2888-0004')]), 'shell': False}
[1.915743] (yolov8_msgs) StdoutLine: {'line': b'[ 23%] Built target yolov8_msgs__rosidl_typesupport_introspection_cpp\n'}
[1.919901] (-) TimerEvent: {}
[1.930422] (yolobot_recognition) StdoutLine: {'line': b'-- Install configuration: ""\n'}
[1.931367] (yolobot_recognition) StdoutLine: {'line': b'-- Up-to-date: /home/jsagx-6/itc01_ws/install/yolobot_recognition/share/yolobot_recognition//scripts\n'}
[1.931810] (yolobot_recognition) StdoutLine: {'line': b'-- Up-to-date: /home/jsagx-6/itc01_ws/install/yolobot_recognition/share/yolobot_recognition//scripts/train.py\n'}
[1.932133] (yolobot_recognition) StdoutLine: {'line': b'-- Up-to-date: /home/jsagx-6/itc01_ws/install/yolobot_recognition/share/yolobot_recognition//scripts/export.py\n'}
[1.932447] (yolobot_recognition) StdoutLine: {'line': b'-- Up-to-date: /home/jsagx-6/itc01_ws/install/yolobot_recognition/share/yolobot_recognition//scripts/yolov5s.pt\n'}
[1.932891] (yolobot_recognition) StdoutLine: {'line': b'-- Up-to-date: /home/jsagx-6/itc01_ws/install/yolobot_recognition/share/yolobot_recognition//scripts/data\n'}
[1.933645] (yolobot_recognition) StdoutLine: {'line': b'-- Up-to-date: /home/jsagx-6/itc01_ws/install/yolobot_recognition/share/yolobot_recognition//scripts/data/GlobalWheat2020.yaml\n'}
[1.934029] (yolobot_recognition) StdoutLine: {'line': b'-- Up-to-date: /home/jsagx-6/itc01_ws/install/yolobot_recognition/share/yolobot_recognition//scripts/data/images\n'}
[1.934326] (yolobot_recognition) StdoutLine: {'line': b'-- Up-to-date: /home/jsagx-6/itc01_ws/install/yolobot_recognition/share/yolobot_recognition//scripts/data/images/zidane.jpg\n'}
[1.934629] (yolobot_recognition) StdoutLine: {'line': b'-- Up-to-date: /home/jsagx-6/itc01_ws/install/yolobot_recognition/share/yolobot_recognition//scripts/data/images/bus.jpg\n'}
[1.934906] (yolobot_recognition) StdoutLine: {'line': b'-- Up-to-date: /home/jsagx-6/itc01_ws/install/yolobot_recognition/share/yolobot_recognition//scripts/data/coco128.yaml\n'}
[1.935159] (yolobot_recognition) StdoutLine: {'line': b'-- Up-to-date: /home/jsagx-6/itc01_ws/install/yolobot_recognition/share/yolobot_recognition//scripts/data/xView.yaml\n'}
[1.935444] (yolobot_recognition) StdoutLine: {'line': b'-- Up-to-date: /home/jsagx-6/itc01_ws/install/yolobot_recognition/share/yolobot_recognition//scripts/data/ImageNet.yaml\n'}
[1.935744] (yolobot_recognition) StdoutLine: {'line': b'-- Up-to-date: /home/jsagx-6/itc01_ws/install/yolobot_recognition/share/yolobot_recognition//scripts/data/scripts\n'}
[1.935996] (yolobot_recognition) StdoutLine: {'line': b'-- Up-to-date: /home/jsagx-6/itc01_ws/install/yolobot_recognition/share/yolobot_recognition//scripts/data/scripts/get_coco.sh\n'}
[1.936242] (yolobot_recognition) StdoutLine: {'line': b'-- Up-to-date: /home/jsagx-6/itc01_ws/install/yolobot_recognition/share/yolobot_recognition//scripts/data/scripts/get_coco128.sh\n'}
[1.936893] (yolobot_recognition) StdoutLine: {'line': b'-- Up-to-date: /home/jsagx-6/itc01_ws/install/yolobot_recognition/share/yolobot_recognition//scripts/data/scripts/get_imagenet.sh\n'}
[1.937190] (yolobot_recognition) StdoutLine: {'line': b'-- Up-to-date: /home/jsagx-6/itc01_ws/install/yolobot_recognition/share/yolobot_recognition//scripts/data/scripts/download_weights.sh\n'}
[1.937446] (yolobot_recognition) StdoutLine: {'line': b'-- Up-to-date: /home/jsagx-6/itc01_ws/install/yolobot_recognition/share/yolobot_recognition//scripts/data/Argoverse.yaml\n'}
[1.937686] (yolobot_recognition) StdoutLine: {'line': b'-- Up-to-date: /home/jsagx-6/itc01_ws/install/yolobot_recognition/share/yolobot_recognition//scripts/data/VisDrone.yaml\n'}
[1.943168] (yolobot_recognition) StdoutLine: {'line': b'-- Up-to-date: /home/jsagx-6/itc01_ws/install/yolobot_recognition/share/yolobot_recognition//scripts/data/VOC.yaml\n'}
[1.945247] (yolobot_recognition) StdoutLine: {'line': b'-- Up-to-date: /home/jsagx-6/itc01_ws/install/yolobot_recognition/share/yolobot_recognition//scripts/data/hyps\n'}
[1.946212] (yolov8_msgs) StdoutLine: {'line': b'[ 33%] Built target yolov8_msgs__rosidl_typesupport_cpp\n'}
[1.946583] (yolobot_recognition) StdoutLine: {'line': b'-- Up-to-date: /home/jsagx-6/itc01_ws/install/yolobot_recognition/share/yolobot_recognition//scripts/data/hyps/hyp.scratch-med.yaml\n'}
[1.946897] (yolobot_recognition) StdoutLine: {'line': b'-- Up-to-date: /home/jsagx-6/itc01_ws/install/yolobot_recognition/share/yolobot_recognition//scripts/data/hyps/hyp.VOC.yaml\n'}
[1.947728] (yolobot_recognition) StdoutLine: {'line': b'-- Up-to-date: /home/jsagx-6/itc01_ws/install/yolobot_recognition/share/yolobot_recognition//scripts/data/hyps/hyp.scratch-high.yaml\n'}
[1.949914] (yolobot_recognition) StdoutLine: {'line': b'-- Up-to-date: /home/jsagx-6/itc01_ws/install/yolobot_recognition/share/yolobot_recognition//scripts/data/hyps/hyp.scratch-low.yaml\n'}
[1.953345] (yolobot_recognition) StdoutLine: {'line': b'-- Up-to-date: /home/jsagx-6/itc01_ws/install/yolobot_recognition/share/yolobot_recognition//scripts/data/hyps/hyp.Objects365.yaml\n'}
[1.954368] (yolobot_recognition) StdoutLine: {'line': b'-- Up-to-date: /home/jsagx-6/itc01_ws/install/yolobot_recognition/share/yolobot_recognition//scripts/data/hyps/hyp.no-augmentation.yaml\n'}
[1.955695] (yolobot_recognition) StdoutLine: {'line': b'-- Up-to-date: /home/jsagx-6/itc01_ws/install/yolobot_recognition/share/yolobot_recognition//scripts/data/SKU-110K.yaml\n'}
[1.956508] (yolobot_recognition) StdoutLine: {'line': b'-- Up-to-date: /home/jsagx-6/itc01_ws/install/yolobot_recognition/share/yolobot_recognition//scripts/data/coco128-seg.yaml\n'}
[1.957201] (yolobot_recognition) StdoutLine: {'line': b'-- Up-to-date: /home/jsagx-6/itc01_ws/install/yolobot_recognition/share/yolobot_recognition//scripts/data/Objects365.yaml\n'}
[1.957750] (yolobot_recognition) StdoutLine: {'line': b'-- Up-to-date: /home/jsagx-6/itc01_ws/install/yolobot_recognition/share/yolobot_recognition//scripts/data/coco.yaml\n'}
[1.958338] (yolobot_recognition) StdoutLine: {'line': b'-- Up-to-date: /home/jsagx-6/itc01_ws/install/yolobot_recognition/share/yolobot_recognition//scripts/.gitignore\n'}
[1.959038] (yolobot_recognition) StdoutLine: {'line': b'-- Up-to-date: /home/jsagx-6/itc01_ws/install/yolobot_recognition/share/yolobot_recognition//scripts/runs\n'}
[1.959928] (yolobot_recognition) StdoutLine: {'line': b'-- Up-to-date: /home/jsagx-6/itc01_ws/install/yolobot_recognition/share/yolobot_recognition//scripts/runs/detect\n'}
[1.960274] (yolobot_recognition) StdoutLine: {'line': b'-- Up-to-date: /home/jsagx-6/itc01_ws/install/yolobot_recognition/share/yolobot_recognition//scripts/runs/detect/exp\n'}
[1.960555] (yolobot_recognition) StdoutLine: {'line': b'-- Up-to-date: /home/jsagx-6/itc01_ws/install/yolobot_recognition/share/yolobot_recognition//scripts/runs/detect/exp/zidane.jpg\n'}
[1.960925] (yolobot_recognition) StdoutLine: {'line': b'-- Up-to-date: /home/jsagx-6/itc01_ws/install/yolobot_recognition/share/yolobot_recognition//scripts/runs/detect/exp/bus.jpg\n'}
[1.961523] (yolobot_recognition) StdoutLine: {'line': b'-- Up-to-date: /home/jsagx-6/itc01_ws/install/yolobot_recognition/share/yolobot_recognition//scripts/detect.py\n'}
[1.961909] (yolobot_recognition) StdoutLine: {'line': b'-- Up-to-date: /home/jsagx-6/itc01_ws/install/yolobot_recognition/share/yolobot_recognition//scripts/models\n'}
[1.962164] (yolobot_recognition) StdoutLine: {'line': b'-- Up-to-date: /home/jsagx-6/itc01_ws/install/yolobot_recognition/share/yolobot_recognition//scripts/models/segment\n'}
[1.962415] (yolobot_recognition) StdoutLine: {'line': b'-- Up-to-date: /home/jsagx-6/itc01_ws/install/yolobot_recognition/share/yolobot_recognition//scripts/models/segment/yolov5s-seg.yaml\n'}
[1.962662] (yolobot_recognition) StdoutLine: {'line': b'-- Up-to-date: /home/jsagx-6/itc01_ws/install/yolobot_recognition/share/yolobot_recognition//scripts/models/segment/yolov5x-seg.yaml\n'}
[1.962908] (yolobot_recognition) StdoutLine: {'line': b'-- Up-to-date: /home/jsagx-6/itc01_ws/install/yolobot_recognition/share/yolobot_recognition//scripts/models/segment/yolov5m-seg.yaml\n'}
[1.963139] (yolobot_recognition) StdoutLine: {'line': b'-- Up-to-date: /home/jsagx-6/itc01_ws/install/yolobot_recognition/share/yolobot_recognition//scripts/models/segment/yolov5l-seg.yaml\n'}
[1.963367] (yolobot_recognition) StdoutLine: {'line': b'-- Up-to-date: /home/jsagx-6/itc01_ws/install/yolobot_recognition/share/yolobot_recognition//scripts/models/segment/yolov5n-seg.yaml\n'}
[1.963623] (yolobot_recognition) StdoutLine: {'line': b'-- Up-to-date: /home/jsagx-6/itc01_ws/install/yolobot_recognition/share/yolobot_recognition//scripts/models/yolov5m.yaml\n'}
[1.963901] (yolobot_recognition) StdoutLine: {'line': b'-- Up-to-date: /home/jsagx-6/itc01_ws/install/yolobot_recognition/share/yolobot_recognition//scripts/models/yolov5x.yaml\n'}
[1.964155] (yolobot_recognition) StdoutLine: {'line': b'-- Up-to-date: /home/jsagx-6/itc01_ws/install/yolobot_recognition/share/yolobot_recognition//scripts/models/hub\n'}
[1.964388] (yolobot_recognition) StdoutLine: {'line': b'-- Up-to-date: /home/jsagx-6/itc01_ws/install/yolobot_recognition/share/yolobot_recognition//scripts/models/hub/yolov3-tiny.yaml\n'}
[1.964625] (yolobot_recognition) StdoutLine: {'line': b'-- Up-to-date: /home/jsagx-6/itc01_ws/install/yolobot_recognition/share/yolobot_recognition//scripts/models/hub/yolov5-p34.yaml\n'}
[1.964973] (yolobot_recognition) StdoutLine: {'line': b'-- Up-to-date: /home/jsagx-6/itc01_ws/install/yolobot_recognition/share/yolobot_recognition//scripts/models/hub/yolov5m6.yaml\n'}
[1.965237] (yolobot_recognition) StdoutLine: {'line': b'-- Up-to-date: /home/jsagx-6/itc01_ws/install/yolobot_recognition/share/yolobot_recognition//scripts/models/hub/yolov3.yaml\n'}
[1.965718] (yolobot_recognition) StdoutLine: {'line': b'-- Up-to-date: /home/jsagx-6/itc01_ws/install/yolobot_recognition/share/yolobot_recognition//scripts/models/hub/yolov5-bifpn.yaml\n'}
[1.966028] (yolobot_recognition) StdoutLine: {'line': b'-- Up-to-date: /home/jsagx-6/itc01_ws/install/yolobot_recognition/share/yolobot_recognition//scripts/models/hub/yolov5n6.yaml\n'}
[1.966295] (yolobot_recognition) StdoutLine: {'line': b'-- Up-to-date: /home/jsagx-6/itc01_ws/install/yolobot_recognition/share/yolobot_recognition//scripts/models/hub/yolov5s-LeakyReLU.yaml\n'}
[1.966555] (yolobot_recognition) StdoutLine: {'line': b'-- Up-to-date: /home/jsagx-6/itc01_ws/install/yolobot_recognition/share/yolobot_recognition//scripts/models/hub/yolov5-fpn.yaml\n'}
[1.968008] (yolobot_recognition) StdoutLine: {'line': b'-- Up-to-date: /home/jsagx-6/itc01_ws/install/yolobot_recognition/share/yolobot_recognition//scripts/models/hub/yolov3-spp.yaml\n'}
[1.968408] (yolobot_recognition) StdoutLine: {'line': b'-- Up-to-date: /home/jsagx-6/itc01_ws/install/yolobot_recognition/share/yolobot_recognition//scripts/models/hub/yolov5l6.yaml\n'}
[1.968845] (yolobot_recognition) StdoutLine: {'line': b'-- Up-to-date: /home/jsagx-6/itc01_ws/install/yolobot_recognition/share/yolobot_recognition//scripts/models/hub/yolov5-p2.yaml\n'}
[1.970287] (yolobot_recognition) StdoutLine: {'line': b'-- Up-to-date: /home/jsagx-6/itc01_ws/install/yolobot_recognition/share/yolobot_recognition//scripts/models/hub/anchors.yaml\n'}
[1.974975] (yolobot_recognition) StdoutLine: {'line': b'-- Up-to-date: /home/jsagx-6/itc01_ws/install/yolobot_recognition/share/yolobot_recognition//scripts/models/hub/yolov5s6.yaml\n'}
[1.975956] (yolobot_recognition) StdoutLine: {'line': b'-- Up-to-date: /home/jsagx-6/itc01_ws/install/yolobot_recognition/share/yolobot_recognition//scripts/models/hub/yolov5s-transformer.yaml\n'}
[1.976900] (yolobot_recognition) StdoutLine: {'line': b'-- Up-to-date: /home/jsagx-6/itc01_ws/install/yolobot_recognition/share/yolobot_recognition//scripts/models/hub/yolov5x6.yaml\n'}
[1.977653] (yolobot_recognition) StdoutLine: {'line': b'-- Up-to-date: /home/jsagx-6/itc01_ws/install/yolobot_recognition/share/yolobot_recognition//scripts/models/hub/yolov5s-ghost.yaml\n'}
[1.977968] (yolobot_recognition) StdoutLine: {'line': b'-- Up-to-date: /home/jsagx-6/itc01_ws/install/yolobot_recognition/share/yolobot_recognition//scripts/models/hub/yolov5-p7.yaml\n'}
[1.978276] (yolobot_recognition) StdoutLine: {'line': b'-- Up-to-date: /home/jsagx-6/itc01_ws/install/yolobot_recognition/share/yolobot_recognition//scripts/models/hub/yolov5-panet.yaml\n'}
[1.978585] (yolobot_recognition) StdoutLine: {'line': b'-- Up-to-date: /home/jsagx-6/itc01_ws/install/yolobot_recognition/share/yolobot_recognition//scripts/models/hub/yolov5-p6.yaml\n'}
[1.981660] (yolobot_recognition) StdoutLine: {'line': b'-- Up-to-date: /home/jsagx-6/itc01_ws/install/yolobot_recognition/share/yolobot_recognition//scripts/models/yolov5s.yaml\n'}
[1.982312] (yolobot_recognition) StdoutLine: {'line': b'-- Up-to-date: /home/jsagx-6/itc01_ws/install/yolobot_recognition/share/yolobot_recognition//scripts/models/yolov5l.yaml\n'}
[1.982934] (yolobot_recognition) StdoutLine: {'line': b'-- Up-to-date: /home/jsagx-6/itc01_ws/install/yolobot_recognition/share/yolobot_recognition//scripts/models/experimental.py\n'}
[1.984435] (yolobot_recognition) StdoutLine: {'line': b'-- Up-to-date: /home/jsagx-6/itc01_ws/install/yolobot_recognition/share/yolobot_recognition//scripts/models/yolov5n.yaml\n'}
[1.985119] (yolobot_recognition) StdoutLine: {'line': b'-- Up-to-date: /home/jsagx-6/itc01_ws/install/yolobot_recognition/share/yolobot_recognition//scripts/models/tf.py\n'}
[1.985421] (yolobot_recognition) StdoutLine: {'line': b'-- Up-to-date: /home/jsagx-6/itc01_ws/install/yolobot_recognition/share/yolobot_recognition//scripts/models/__init__.py\n'}
[1.985665] (yolobot_recognition) StdoutLine: {'line': b'-- Up-to-date: /home/jsagx-6/itc01_ws/install/yolobot_recognition/share/yolobot_recognition//scripts/models/common.py\n'}
[1.985931] (yolobot_recognition) StdoutLine: {'line': b'-- Up-to-date: /home/jsagx-6/itc01_ws/install/yolobot_recognition/share/yolobot_recognition//scripts/models/__pycache__\n'}
[1.986486] (yolobot_recognition) StdoutLine: {'line': b'-- Up-to-date: /home/jsagx-6/itc01_ws/install/yolobot_recognition/share/yolobot_recognition//scripts/models/__pycache__/__init__.cpython-38.pyc\n'}
[1.986979] (yolobot_recognition) StdoutLine: {'line': b'-- Up-to-date: /home/jsagx-6/itc01_ws/install/yolobot_recognition/share/yolobot_recognition//scripts/models/__pycache__/common.cpython-310.pyc\n'}
[1.987341] (yolobot_recognition) StdoutLine: {'line': b'-- Up-to-date: /home/jsagx-6/itc01_ws/install/yolobot_recognition/share/yolobot_recognition//scripts/models/__pycache__/experimental.cpython-310.pyc\n'}
[1.987624] (yolobot_recognition) StdoutLine: {'line': b'-- Up-to-date: /home/jsagx-6/itc01_ws/install/yolobot_recognition/share/yolobot_recognition//scripts/models/__pycache__/yolo.cpython-310.pyc\n'}
[1.987862] (yolobot_recognition) StdoutLine: {'line': b'-- Up-to-date: /home/jsagx-6/itc01_ws/install/yolobot_recognition/share/yolobot_recognition//scripts/models/__pycache__/yolo.cpython-38.pyc\n'}
[1.988099] (yolobot_recognition) StdoutLine: {'line': b'-- Up-to-date: /home/jsagx-6/itc01_ws/install/yolobot_recognition/share/yolobot_recognition//scripts/models/__pycache__/experimental.cpython-38.pyc\n'}
[1.988329] (yolobot_recognition) StdoutLine: {'line': b'-- Up-to-date: /home/jsagx-6/itc01_ws/install/yolobot_recognition/share/yolobot_recognition//scripts/models/__pycache__/__init__.cpython-310.pyc\n'}
[1.988587] (yolobot_recognition) StdoutLine: {'line': b'-- Up-to-date: /home/jsagx-6/itc01_ws/install/yolobot_recognition/share/yolobot_recognition//scripts/models/__pycache__/common.cpython-38.pyc\n'}
[1.989058] (yolobot_recognition) StdoutLine: {'line': b'-- Up-to-date: /home/jsagx-6/itc01_ws/install/yolobot_recognition/share/yolobot_recognition//scripts/models/yolo.py\n'}
[1.989305] (yolobot_recognition) StdoutLine: {'line': b'-- Up-to-date: /home/jsagx-6/itc01_ws/install/yolobot_recognition/share/yolobot_recognition//scripts/yolov5_detection.py\n'}
[1.989573] (yolobot_recognition) StdoutLine: {'line': b'-- Up-to-date: /home/jsagx-6/itc01_ws/install/yolobot_recognition/share/yolobot_recognition//scripts/.dockerignore\n'}
[1.989874] (yolobot_recognition) StdoutLine: {'line': b'-- Up-to-date: /home/jsagx-6/itc01_ws/install/yolobot_recognition/share/yolobot_recognition//scripts/__pycache__\n'}
[1.990136] (yolobot_recognition) StdoutLine: {'line': b'-- Up-to-date: /home/jsagx-6/itc01_ws/install/yolobot_recognition/share/yolobot_recognition//scripts/__pycache__/val.cpython-310.pyc\n'}
[1.990368] (yolobot_recognition) StdoutLine: {'line': b'-- Up-to-date: /home/jsagx-6/itc01_ws/install/yolobot_recognition/share/yolobot_recognition//scripts/__pycache__/export.cpython-38.pyc\n'}
[1.990631] (yolobot_recognition) StdoutLine: {'line': b'-- Up-to-date: /home/jsagx-6/itc01_ws/install/yolobot_recognition/share/yolobot_recognition//scripts/__pycache__/export.cpython-310.pyc\n'}
[1.990907] (yolobot_recognition) StdoutLine: {'line': b'-- Up-to-date: /home/jsagx-6/itc01_ws/install/yolobot_recognition/share/yolobot_recognition//scripts/hubconf.py\n'}
[1.991131] (yolobot_recognition) StdoutLine: {'line': b'-- Up-to-date: /home/jsagx-6/itc01_ws/install/yolobot_recognition/share/yolobot_recognition//scripts/ros_recognition_yolo.py\n'}
[1.991351] (yolobot_recognition) StdoutLine: {'line': b'-- Up-to-date: /home/jsagx-6/itc01_ws/install/yolobot_recognition/share/yolobot_recognition//scripts/val.py\n'}
[1.991619] (yolobot_recognition) StdoutLine: {'line': b'-- Up-to-date: /home/jsagx-6/itc01_ws/install/yolobot_recognition/share/yolobot_recognition//scripts/setup.cfg\n'}
[1.991858] (yolobot_recognition) StdoutLine: {'line': b'-- Up-to-date: /home/jsagx-6/itc01_ws/install/yolobot_recognition/share/yolobot_recognition//scripts/best.pt\n'}
[1.992075] (yolobot_recognition) StdoutLine: {'line': b'-- Up-to-date: /home/jsagx-6/itc01_ws/install/yolobot_recognition/share/yolobot_recognition//scripts/utils\n'}
[1.992309] (yolobot_recognition) StdoutLine: {'line': b'-- Up-to-date: /home/jsagx-6/itc01_ws/install/yolobot_recognition/share/yolobot_recognition//scripts/utils/segment\n'}
[1.992524] (yolobot_recognition) StdoutLine: {'line': b'-- Up-to-date: /home/jsagx-6/itc01_ws/install/yolobot_recognition/share/yolobot_recognition//scripts/utils/segment/dataloaders.py\n'}
[1.993041] (yolobot_recognition) StdoutLine: {'line': b'-- Up-to-date: /home/jsagx-6/itc01_ws/install/yolobot_recognition/share/yolobot_recognition//scripts/utils/segment/plots.py\n'}
[1.994793] (yolobot_recognition) StdoutLine: {'line': b'-- Up-to-date: /home/jsagx-6/itc01_ws/install/yolobot_recognition/share/yolobot_recognition//scripts/utils/segment/augmentations.py\n'}
[2.001496] (yolobot_recognition) StdoutLine: {'line': b'-- Up-to-date: /home/jsagx-6/itc01_ws/install/yolobot_recognition/share/yolobot_recognition//scripts/utils/segment/general.py\n'}
[2.002151] (yolobot_recognition) StdoutLine: {'line': b'-- Up-to-date: /home/jsagx-6/itc01_ws/install/yolobot_recognition/share/yolobot_recognition//scripts/utils/segment/__init__.py\n'}
[2.002834] (yolobot_recognition) StdoutLine: {'line': b'-- Up-to-date: /home/jsagx-6/itc01_ws/install/yolobot_recognition/share/yolobot_recognition//scripts/utils/segment/metrics.py\n'}
[2.003262] (yolobot_recognition) StdoutLine: {'line': b'-- Up-to-date: /home/jsagx-6/itc01_ws/install/yolobot_recognition/share/yolobot_recognition//scripts/utils/segment/__pycache__\n'}
[2.003593] (yolobot_recognition) StdoutLine: {'line': b'-- Up-to-date: /home/jsagx-6/itc01_ws/install/yolobot_recognition/share/yolobot_recognition//scripts/utils/segment/__pycache__/__init__.cpython-38.pyc\n'}
[2.003922] (yolobot_recognition) StdoutLine: {'line': b'-- Up-to-date: /home/jsagx-6/itc01_ws/install/yolobot_recognition/share/yolobot_recognition//scripts/utils/segment/__pycache__/general.cpython-38.pyc\n'}
[2.004258] (yolobot_recognition) StdoutLine: {'line': b'-- Up-to-date: /home/jsagx-6/itc01_ws/install/yolobot_recognition/share/yolobot_recognition//scripts/utils/segment/__pycache__/__init__.cpython-310.pyc\n'}
[2.004878] (yolobot_recognition) StdoutLine: {'line': b'-- Up-to-date: /home/jsagx-6/itc01_ws/install/yolobot_recognition/share/yolobot_recognition//scripts/utils/segment/__pycache__/general.cpython-310.pyc\n'}
[2.005232] (yolobot_recognition) StdoutLine: {'line': b'-- Up-to-date: /home/jsagx-6/itc01_ws/install/yolobot_recognition/share/yolobot_recognition//scripts/utils/segment/loss.py\n'}
[2.005481] (yolobot_recognition) StdoutLine: {'line': b'-- Up-to-date: /home/jsagx-6/itc01_ws/install/yolobot_recognition/share/yolobot_recognition//scripts/utils/dataloaders.py\n'}
[2.005725] (yolobot_recognition) StdoutLine: {'line': b'-- Up-to-date: /home/jsagx-6/itc01_ws/install/yolobot_recognition/share/yolobot_recognition//scripts/utils/plots.py\n'}
[2.006005] (yolobot_recognition) StdoutLine: {'line': b'-- Up-to-date: /home/jsagx-6/itc01_ws/install/yolobot_recognition/share/yolobot_recognition//scripts/utils/augmentations.py\n'}
[2.006408] (yolobot_recognition) StdoutLine: {'line': b'-- Up-to-date: /home/jsagx-6/itc01_ws/install/yolobot_recognition/share/yolobot_recognition//scripts/utils/general.py\n'}
[2.006924] (yolobot_recognition) StdoutLine: {'line': b'-- Up-to-date: /home/jsagx-6/itc01_ws/install/yolobot_recognition/share/yolobot_recognition//scripts/utils/__init__.py\n'}
[2.007231] (yolobot_recognition) StdoutLine: {'line': b'-- Up-to-date: /home/jsagx-6/itc01_ws/install/yolobot_recognition/share/yolobot_recognition//scripts/utils/metrics.py\n'}
[2.007469] (yolobot_recognition) StdoutLine: {'line': b'-- Up-to-date: /home/jsagx-6/itc01_ws/install/yolobot_recognition/share/yolobot_recognition//scripts/utils/flask_rest_api\n'}
[2.007737] (yolobot_recognition) StdoutLine: {'line': b'-- Up-to-date: /home/jsagx-6/itc01_ws/install/yolobot_recognition/share/yolobot_recognition//scripts/utils/flask_rest_api/example_request.py\n'}
[2.007983] (yolobot_recognition) StdoutLine: {'line': b'-- Up-to-date: /home/jsagx-6/itc01_ws/install/yolobot_recognition/share/yolobot_recognition//scripts/utils/flask_rest_api/README.md\n'}
[2.008236] (yolobot_recognition) StdoutLine: {'line': b'-- Up-to-date: /home/jsagx-6/itc01_ws/install/yolobot_recognition/share/yolobot_recognition//scripts/utils/flask_rest_api/restapi.py\n'}
[2.008486] (yolobot_recognition) StdoutLine: {'line': b'-- Up-to-date: /home/jsagx-6/itc01_ws/install/yolobot_recognition/share/yolobot_recognition//scripts/utils/__pycache__\n'}
[2.008814] (yolobot_recognition) StdoutLine: {'line': b'-- Up-to-date: /home/jsagx-6/itc01_ws/install/yolobot_recognition/share/yolobot_recognition//scripts/utils/__pycache__/autoanchor.cpython-38.pyc\n'}
[2.009145] (yolobot_recognition) StdoutLine: {'line': b'-- Up-to-date: /home/jsagx-6/itc01_ws/install/yolobot_recognition/share/yolobot_recognition//scripts/utils/__pycache__/__init__.cpython-38.pyc\n'}
[2.009409] (yolobot_recognition) StdoutLine: {'line': b'-- Up-to-date: /home/jsagx-6/itc01_ws/install/yolobot_recognition/share/yolobot_recognition//scripts/utils/__pycache__/autobatch.cpython-310.pyc\n'}
[2.009655] (yolobot_recognition) StdoutLine: {'line': b'-- Up-to-date: /home/jsagx-6/itc01_ws/install/yolobot_recognition/share/yolobot_recognition//scripts/utils/__pycache__/dataloaders.cpython-310.pyc\n'}
[2.009911] (yolobot_recognition) StdoutLine: {'line': b'-- Up-to-date: /home/jsagx-6/itc01_ws/install/yolobot_recognition/share/yolobot_recognition//scripts/utils/__pycache__/torch_utils.cpython-38.pyc\n'}
[2.010146] (yolobot_recognition) StdoutLine: {'line': b'-- Up-to-date: /home/jsagx-6/itc01_ws/install/yolobot_recognition/share/yolobot_recognition//scripts/utils/__pycache__/downloads.cpython-38.pyc\n'}
[2.010401] (yolobot_recognition) StdoutLine: {'line': b'-- Up-to-date: /home/jsagx-6/itc01_ws/install/yolobot_recognition/share/yolobot_recognition//scripts/utils/__pycache__/plots.cpython-310.pyc\n'}
[2.010848] (yolobot_recognition) StdoutLine: {'line': b'-- Up-to-date: /home/jsagx-6/itc01_ws/install/yolobot_recognition/share/yolobot_recognition//scripts/utils/__pycache__/downloads.cpython-310.pyc\n'}
[2.011607] (yolobot_recognition) StdoutLine: {'line': b'-- Up-to-date: /home/jsagx-6/itc01_ws/install/yolobot_recognition/share/yolobot_recognition//scripts/utils/__pycache__/torch_utils.cpython-310.pyc\n'}
[2.011984] (yolobot_recognition) StdoutLine: {'line': b'-- Up-to-date: /home/jsagx-6/itc01_ws/install/yolobot_recognition/share/yolobot_recognition//scripts/utils/__pycache__/general.cpython-38.pyc\n'}
[2.012396] (yolobot_recognition) StdoutLine: {'line': b'-- Up-to-date: /home/jsagx-6/itc01_ws/install/yolobot_recognition/share/yolobot_recognition//scripts/utils/__pycache__/plots.cpython-38.pyc\n'}
[2.013353] (yolobot_recognition) StdoutLine: {'line': b'-- Up-to-date: /home/jsagx-6/itc01_ws/install/yolobot_recognition/share/yolobot_recognition//scripts/utils/__pycache__/metrics.cpython-38.pyc\n'}
[2.013672] (yolobot_recognition) StdoutLine: {'line': b'-- Up-to-date: /home/jsagx-6/itc01_ws/install/yolobot_recognition/share/yolobot_recognition//scripts/utils/__pycache__/augmentations.cpython-38.pyc\n'}
[2.014127] (yolobot_recognition) StdoutLine: {'line': b'-- Up-to-date: /home/jsagx-6/itc01_ws/install/yolobot_recognition/share/yolobot_recognition//scripts/utils/__pycache__/__init__.cpython-310.pyc\n'}
[2.014442] (yolobot_recognition) StdoutLine: {'line': b'-- Up-to-date: /home/jsagx-6/itc01_ws/install/yolobot_recognition/share/yolobot_recognition//scripts/utils/__pycache__/callbacks.cpython-310.pyc\n'}
[2.014745] (yolobot_recognition) StdoutLine: {'line': b'-- Up-to-date: /home/jsagx-6/itc01_ws/install/yolobot_recognition/share/yolobot_recognition//scripts/utils/__pycache__/general.cpython-310.pyc\n'}
[2.015030] (yolobot_recognition) StdoutLine: {'line': b'-- Up-to-date: /home/jsagx-6/itc01_ws/install/yolobot_recognition/share/yolobot_recognition//scripts/utils/__pycache__/metrics.cpython-310.pyc\n'}
[2.015355] (yolobot_recognition) StdoutLine: {'line': b'-- Up-to-date: /home/jsagx-6/itc01_ws/install/yolobot_recognition/share/yolobot_recognition//scripts/utils/__pycache__/dataloaders.cpython-38.pyc\n'}
[2.015628] (yolobot_recognition) StdoutLine: {'line': b'-- Up-to-date: /home/jsagx-6/itc01_ws/install/yolobot_recognition/share/yolobot_recognition//scripts/utils/__pycache__/augmentations.cpython-310.pyc\n'}
[2.015880] (yolobot_recognition) StdoutLine: {'line': b'-- Up-to-date: /home/jsagx-6/itc01_ws/install/yolobot_recognition/share/yolobot_recognition//scripts/utils/__pycache__/autoanchor.cpython-310.pyc\n'}
[2.016123] (yolobot_recognition) StdoutLine: {'line': b'-- Up-to-date: /home/jsagx-6/itc01_ws/install/yolobot_recognition/share/yolobot_recognition//scripts/utils/autoanchor.py\n'}
[2.016402] (yolobot_recognition) StdoutLine: {'line': b'-- Up-to-date: /home/jsagx-6/itc01_ws/install/yolobot_recognition/share/yolobot_recognition//scripts/utils/activations.py\n'}
[2.016721] (yolobot_recognition) StdoutLine: {'line': b'-- Up-to-date: /home/jsagx-6/itc01_ws/install/yolobot_recognition/share/yolobot_recognition//scripts/utils/aws\n'}
[2.017011] (yolobot_recognition) StdoutLine: {'line': b'-- Up-to-date: /home/jsagx-6/itc01_ws/install/yolobot_recognition/share/yolobot_recognition//scripts/utils/aws/resume.py\n'}
[2.017291] (yolobot_recognition) StdoutLine: {'line': b'-- Up-to-date: /home/jsagx-6/itc01_ws/install/yolobot_recognition/share/yolobot_recognition//scripts/utils/aws/__init__.py\n'}
[2.017526] (yolobot_recognition) StdoutLine: {'line': b'-- Up-to-date: /home/jsagx-6/itc01_ws/install/yolobot_recognition/share/yolobot_recognition//scripts/utils/aws/mime.sh\n'}
[2.017756] (yolobot_recognition) StdoutLine: {'line': b'-- Up-to-date: /home/jsagx-6/itc01_ws/install/yolobot_recognition/share/yolobot_recognition//scripts/utils/aws/userdata.sh\n'}
[2.018007] (yolobot_recognition) StdoutLine: {'line': b'-- Up-to-date: /home/jsagx-6/itc01_ws/install/yolobot_recognition/share/yolobot_recognition//scripts/utils/autobatch.py\n'}
[2.018254] (yolobot_recognition) StdoutLine: {'line': b'-- Up-to-date: /home/jsagx-6/itc01_ws/install/yolobot_recognition/share/yolobot_recognition//scripts/utils/callbacks.py\n'}
[2.018507] (yolobot_recognition) StdoutLine: {'line': b'-- Up-to-date: /home/jsagx-6/itc01_ws/install/yolobot_recognition/share/yolobot_recognition//scripts/utils/downloads.py\n'}
[2.018760] (yolobot_recognition) StdoutLine: {'line': b'-- Up-to-date: /home/jsagx-6/itc01_ws/install/yolobot_recognition/share/yolobot_recognition//scripts/utils/docker\n'}
[2.018999] (yolobot_recognition) StdoutLine: {'line': b'-- Up-to-date: /home/jsagx-6/itc01_ws/install/yolobot_recognition/share/yolobot_recognition//scripts/utils/docker/Dockerfile-arm64\n'}
[2.019220] (yolobot_recognition) StdoutLine: {'line': b'-- Up-to-date: /home/jsagx-6/itc01_ws/install/yolobot_recognition/share/yolobot_recognition//scripts/utils/docker/Dockerfile\n'}
[2.019455] (yolobot_recognition) StdoutLine: {'line': b'-- Up-to-date: /home/jsagx-6/itc01_ws/install/yolobot_recognition/share/yolobot_recognition//scripts/utils/docker/Dockerfile-cpu\n'}
[2.019677] (yolobot_recognition) StdoutLine: {'line': b'-- Up-to-date: /home/jsagx-6/itc01_ws/install/yolobot_recognition/share/yolobot_recognition//scripts/utils/loss.py\n'}
[2.019902] (-) TimerEvent: {}
[2.020405] (yolobot_recognition) StdoutLine: {'line': b'-- Up-to-date: /home/jsagx-6/itc01_ws/install/yolobot_recognition/share/yolobot_recognition//scripts/utils/loggers\n'}
[2.020967] (yolobot_recognition) StdoutLine: {'line': b'-- Up-to-date: /home/jsagx-6/itc01_ws/install/yolobot_recognition/share/yolobot_recognition//scripts/utils/loggers/__init__.py\n'}
[2.021273] (yolobot_recognition) StdoutLine: {'line': b'-- Up-to-date: /home/jsagx-6/itc01_ws/install/yolobot_recognition/share/yolobot_recognition//scripts/utils/loggers/__pycache__\n'}
[2.021771] (yolobot_recognition) StdoutLine: {'line': b'-- Up-to-date: /home/jsagx-6/itc01_ws/install/yolobot_recognition/share/yolobot_recognition//scripts/utils/loggers/__pycache__/__init__.cpython-310.pyc\n'}
[2.022107] (yolobot_recognition) StdoutLine: {'line': b'-- Up-to-date: /home/jsagx-6/itc01_ws/install/yolobot_recognition/share/yolobot_recognition//scripts/utils/loggers/comet\n'}
[2.022372] (yolobot_recognition) StdoutLine: {'line': b'-- Up-to-date: /home/jsagx-6/itc01_ws/install/yolobot_recognition/share/yolobot_recognition//scripts/utils/loggers/comet/comet_utils.py\n'}
[2.022815] (yolobot_recognition) StdoutLine: {'line': b'-- Up-to-date: /home/jsagx-6/itc01_ws/install/yolobot_recognition/share/yolobot_recognition//scripts/utils/loggers/comet/README.md\n'}
[2.023108] (yolobot_recognition) StdoutLine: {'line': b'-- Up-to-date: /home/jsagx-6/itc01_ws/install/yolobot_recognition/share/yolobot_recognition//scripts/utils/loggers/comet/__init__.py\n'}
[2.023544] (yolobot_recognition) StdoutLine: {'line': b'-- Up-to-date: /home/jsagx-6/itc01_ws/install/yolobot_recognition/share/yolobot_recognition//scripts/utils/loggers/comet/hpo.py\n'}
[2.023865] (yolobot_recognition) StdoutLine: {'line': b'-- Up-to-date: /home/jsagx-6/itc01_ws/install/yolobot_recognition/share/yolobot_recognition//scripts/utils/loggers/comet/optimizer_config.json\n'}
[2.024182] (yolobot_recognition) StdoutLine: {'line': b'-- Up-to-date: /home/jsagx-6/itc01_ws/install/yolobot_recognition/share/yolobot_recognition//scripts/utils/loggers/clearml\n'}
[2.024590] (yolobot_recognition) StdoutLine: {'line': b'-- Up-to-date: /home/jsagx-6/itc01_ws/install/yolobot_recognition/share/yolobot_recognition//scripts/utils/loggers/clearml/README.md\n'}
[2.024991] (yolobot_recognition) StdoutLine: {'line': b'-- Up-to-date: /home/jsagx-6/itc01_ws/install/yolobot_recognition/share/yolobot_recognition//scripts/utils/loggers/clearml/__init__.py\n'}
[2.025279] (yolobot_recognition) StdoutLine: {'line': b'-- Up-to-date: /home/jsagx-6/itc01_ws/install/yolobot_recognition/share/yolobot_recognition//scripts/utils/loggers/clearml/hpo.py\n'}
[2.025577] (yolobot_recognition) StdoutLine: {'line': b'-- Up-to-date: /home/jsagx-6/itc01_ws/install/yolobot_recognition/share/yolobot_recognition//scripts/utils/loggers/clearml/clearml_utils.py\n'}
[2.025859] (yolobot_recognition) StdoutLine: {'line': b'-- Up-to-date: /home/jsagx-6/itc01_ws/install/yolobot_recognition/share/yolobot_recognition//scripts/utils/loggers/wandb\n'}
[2.026241] (yolobot_recognition) StdoutLine: {'line': b'-- Up-to-date: /home/jsagx-6/itc01_ws/install/yolobot_recognition/share/yolobot_recognition//scripts/utils/loggers/wandb/wandb_utils.py\n'}
[2.026478] (yolobot_recognition) StdoutLine: {'line': b'-- Up-to-date: /home/jsagx-6/itc01_ws/install/yolobot_recognition/share/yolobot_recognition//scripts/utils/loggers/wandb/__init__.py\n'}
[2.026716] (yolobot_recognition) StdoutLine: {'line': b'-- Up-to-date: /home/jsagx-6/itc01_ws/install/yolobot_recognition/share/yolobot_recognition//scripts/utils/torch_utils.py\n'}
[2.027099] (yolobot_recognition) StdoutLine: {'line': b'-- Up-to-date: /home/jsagx-6/itc01_ws/install/yolobot_recognition/share/yolobot_recognition//scripts/utils/google_app_engine\n'}
[2.027401] (yolobot_recognition) StdoutLine: {'line': b'-- Up-to-date: /home/jsagx-6/itc01_ws/install/yolobot_recognition/share/yolobot_recognition//scripts/utils/google_app_engine/additional_requirements.txt\n'}
[2.027814] (yolobot_recognition) StdoutLine: {'line': b'-- Up-to-date: /home/jsagx-6/itc01_ws/install/yolobot_recognition/share/yolobot_recognition//scripts/utils/google_app_engine/Dockerfile\n'}
[2.028105] (yolobot_recognition) StdoutLine: {'line': b'-- Up-to-date: /home/jsagx-6/itc01_ws/install/yolobot_recognition/share/yolobot_recognition//scripts/utils/google_app_engine/app.yaml\n'}
[2.028420] (yolobot_recognition) StdoutLine: {'line': b'-- Up-to-date: /home/jsagx-6/itc01_ws/install/yolobot_recognition/share/yolobot_recognition//scripts/utils/triton.py\n'}
[2.029092] (yolobot_recognition) StdoutLine: {'line': b'-- Up-to-date: /home/jsagx-6/itc01_ws/install/yolobot_recognition/share/yolobot_recognition//scripts/webcam_pub.py\n'}
[2.029416] (yolobot_recognition) StdoutLine: {'line': b'-- Up-to-date: /home/jsagx-6/itc01_ws/install/yolobot_recognition/share/yolobot_recognition//scripts/benchmarks.py\n'}
[2.029668] (yolobot_recognition) StdoutLine: {'line': b'-- Up-to-date: /home/jsagx-6/itc01_ws/install/yolobot_recognition/share/yolobot_recognition//scripts/.gitattributes\n'}
[2.029940] (yolobot_recognition) StdoutLine: {'line': b'-- Up-to-date: /home/jsagx-6/itc01_ws/install/yolobot_recognition/share/yolobot_recognition//scripts/ros_yolo_sub.py\n'}
[2.030411] (yolobot_recognition) StdoutLine: {'line': b'-- Up-to-date: /home/jsagx-6/itc01_ws/install/yolobot_recognition/lib/yolobot_recognition/ros_recognition_yolo.py\n'}
[2.030712] (yolobot_recognition) StdoutLine: {'line': b'-- Up-to-date: /home/jsagx-6/itc01_ws/install/yolobot_recognition/lib/yolobot_recognition/yolov5_detection.py\n'}
[2.031017] (yolobot_recognition) StdoutLine: {'line': b'-- Up-to-date: /home/jsagx-6/itc01_ws/install/yolobot_recognition/lib/yolobot_recognition/webcam_pub.py\n'}
[2.031748] (yolobot_recognition) StdoutLine: {'line': b'-- Up-to-date: /home/jsagx-6/itc01_ws/install/yolobot_recognition/lib/yolobot_recognition/ros_yolo_sub.py\n'}
[2.032047] (yolobot_recognition) StdoutLine: {'line': b'-- Up-to-date: /home/jsagx-6/itc01_ws/install/yolobot_recognition/share/ament_index/resource_index/package_run_dependencies/yolobot_recognition\n'}
[2.033673] (yolobot_recognition) StdoutLine: {'line': b'-- Up-to-date: /home/jsagx-6/itc01_ws/install/yolobot_recognition/share/ament_index/resource_index/parent_prefix_path/yolobot_recognition\n'}
[2.033954] (yolobot_recognition) StdoutLine: {'line': b'-- Up-to-date: /home/jsagx-6/itc01_ws/install/yolobot_recognition/share/yolobot_recognition/environment/ament_prefix_path.sh\n'}
[2.034822] (yolobot_recognition) StdoutLine: {'line': b'-- Up-to-date: /home/jsagx-6/itc01_ws/install/yolobot_recognition/share/yolobot_recognition/environment/ament_prefix_path.dsv\n'}
[2.035100] (yolobot_recognition) StdoutLine: {'line': b'-- Up-to-date: /home/jsagx-6/itc01_ws/install/yolobot_recognition/share/yolobot_recognition/environment/path.sh\n'}
[2.035650] (yolobot_recognition) StdoutLine: {'line': b'-- Up-to-date: /home/jsagx-6/itc01_ws/install/yolobot_recognition/share/yolobot_recognition/environment/path.dsv\n'}
[2.035927] (yolobot_recognition) StdoutLine: {'line': b'-- Up-to-date: /home/jsagx-6/itc01_ws/install/yolobot_recognition/share/yolobot_recognition/local_setup.bash\n'}
[2.037628] (yolobot_recognition) StdoutLine: {'line': b'-- Up-to-date: /home/jsagx-6/itc01_ws/install/yolobot_recognition/share/yolobot_recognition/local_setup.sh\n'}
[2.038723] (yolobot_recognition) StdoutLine: {'line': b'-- Up-to-date: /home/jsagx-6/itc01_ws/install/yolobot_recognition/share/yolobot_recognition/local_setup.zsh\n'}
[2.039128] (yolobot_recognition) StdoutLine: {'line': b'-- Up-to-date: /home/jsagx-6/itc01_ws/install/yolobot_recognition/share/yolobot_recognition/local_setup.dsv\n'}
[2.040291] (yolov8_msgs) StdoutLine: {'line': b'[ 43%] Built target yolov8_msgs__rosidl_typesupport_c\n'}
[2.040626] (yolobot_recognition) StdoutLine: {'line': b'-- Installing: /home/jsagx-6/itc01_ws/install/yolobot_recognition/share/yolobot_recognition/package.dsv\n'}
[2.041451] (yolobot_recognition) StdoutLine: {'line': b'-- Up-to-date: /home/jsagx-6/itc01_ws/install/yolobot_recognition/share/ament_index/resource_index/packages/yolobot_recognition\n'}
[2.041797] (yolobot_recognition) StdoutLine: {'line': b'-- Up-to-date: /home/jsagx-6/itc01_ws/install/yolobot_recognition/share/yolobot_recognition/cmake/yolobot_recognitionConfig.cmake\n'}
[2.042137] (yolobot_recognition) StdoutLine: {'line': b'-- Up-to-date: /home/jsagx-6/itc01_ws/install/yolobot_recognition/share/yolobot_recognition/cmake/yolobot_recognitionConfig-version.cmake\n'}
[2.042541] (yolobot_recognition) StdoutLine: {'line': b'-- Up-to-date: /home/jsagx-6/itc01_ws/install/yolobot_recognition/share/yolobot_recognition/package.xml\n'}
[2.042825] (yolov8_msgs) StdoutLine: {'line': b'[ 53%] Built target yolov8_msgs__rosidl_typesupport_introspection_c\n'}
[2.043383] (yolobot_recognition) CommandEnded: {'returncode': 0}
[2.045088] (yolov8_msgs) StdoutLine: {'line': b'[ 64%] Built target yolov8_msgs__rosidl_typesupport_fastrtps_cpp\n'}
[2.068696] (yolov8_msgs) StdoutLine: {'line': b'[ 74%] Built target yolov8_msgs__rosidl_typesupport_fastrtps_c\n'}
[2.120488] (-) TimerEvent: {}
[2.154770] (yolov8_msgs) StdoutLine: {'line': b'[ 74%] Built target yolov8_msgs\n'}
[2.180805] (yolobot_recognition) JobEnded: {'identifier': 'yolobot_recognition', 'rc': 0}
[2.220466] (-) TimerEvent: {}
[2.229860] (yolov8_msgs) StdoutLine: {'line': b'[ 76%] Built target yolov8_msgs__py\n'}
[2.320724] (-) TimerEvent: {}
[2.326694] (yolov8_msgs) StdoutLine: {'line': b'[ 84%] Built target yolov8_msgs__python\n'}
[2.420903] (-) TimerEvent: {}
[2.425252] (yolov8_msgs) StdoutLine: {'line': b'[ 92%] Built target yolov8_msgs__rosidl_typesupport_fastrtps_c__pyext\n'}
[2.426043] (yolov8_msgs) StdoutLine: {'line': b'[ 97%] Built target yolov8_msgs__rosidl_typesupport_c__pyext\n'}
[2.426447] (yolov8_msgs) StdoutLine: {'line': b'[100%] Built target yolov8_msgs__rosidl_typesupport_introspection_c__pyext\n'}
[2.471348] (yolov8_msgs) CommandEnded: {'returncode': 0}
[2.521358] (-) TimerEvent: {}
[2.623097] (-) TimerEvent: {}
[2.723511] (yolov8_msgs) JobProgress: {'identifier': 'yolov8_msgs', 'progress': 'install'}
[2.723770] (-) TimerEvent: {}
[2.725768] (yolov8_msgs) Command: {'cmd': ['/usr/bin/cmake', '--install', '/home/jsagx-6/itc01_ws/build/yolov8_msgs'], 'cwd': '/home/jsagx-6/itc01_ws/build/yolov8_msgs', 'env': OrderedDict([('USER', 'jsagx-6'), ('SSH_CLIENT', '192.168.77.215 59244 22'), ('LC_TIME', 'km_KH'), ('XDG_SESSION_TYPE', 'tty'), ('SHLVL', '1'), ('LD_LIBRARY_PATH', '/opt/ros/foxy/opt/yaml_cpp_vendor/lib:/opt/ros/foxy/lib/aarch64-linux-gnu:/opt/ros/foxy/lib:/home/jsagx-6/itc01_ws/install/yolov8_msgs/lib'), ('MOTD_SHOWN', 'pam'), ('HOME', '/home/jsagx-6'), ('OLDPWD', '/home/jsagx-6'), ('SSH_TTY', '/dev/pts/3'), ('JETSON_L4T', '35.5.0'), ('ROS_PYTHON_VERSION', '3'), ('JETSON_MODEL', 'Jetson-AGX'), ('LC_MONETARY', 'km_KH'), ('DBUS_SESSION_BUS_ADDRESS', 'unix:path=/run/user/1000/bus'), ('COLCON_PREFIX_PATH', '/home/jsagx-6/itc01_ws/install'), ('ROS_DISTRO', 'foxy'), ('LOGNAME', 'jsagx-6'), ('JETSON_MODULE', 'NVIDIA Jetson AGX Xavier (32 GB ram)'), ('JETSON_SERIAL_NUMBER', '1561221004404'), ('_', '/usr/bin/colcon'), ('ROS_VERSION', '2'), ('JETSON_CODENAME', 'Galen'), ('XDG_SESSION_CLASS', 'user'), ('TERM', 'xterm-256color'), ('XDG_SESSION_ID', '9'), ('ROS_LOCALHOST_ONLY', '0'), ('PATH', '/opt/ros/foxy/bin:/usr/local/sbin:/usr/local/bin:/usr/sbin:/usr/bin:/sbin:/bin:/usr/games:/usr/local/games:/snap/bin'), ('LC_ADDRESS', 'km_KH'), ('XDG_RUNTIME_DIR', '/run/user/1000'), ('LANG', 'en_US.UTF-8'), ('LC_TELEPHONE', 'km_KH'), ('JETSON_SOC', 'tegra194'), ('AMENT_PREFIX_PATH', '/opt/ros/foxy:/home/jsagx-6/itc01_ws/install/yolov8_msgs:/home/jsagx-6/itc01_ws/install/yolobot_recognition:/home/jsagx-6/itc01_ws/install/mr2_realsense:/home/jsagx-6/itc01_ws/install/buffalo_robot'), ('SHELL', '/bin/bash'), ('LC_NAME', 'km_KH'), ('LC_MEASUREMENT', 'km_KH'), ('LC_IDENTIFICATION', 'km_KH'), ('JETSON_CUDA_ARCH_BIN', '7.2'), ('PWD', '/home/jsagx-6/itc01_ws/build/yolov8_msgs'), ('LC_ALL', 'en_US.UTF-8'), ('SSH_CONNECTION', '192.168.77.215 59244 192.168.77.206 22'), ('XDG_DATA_DIRS', '/usr/local/share:/usr/share:/var/lib/snapd/desktop'), ('PYTHONPATH', '/opt/ros/foxy/lib/python3.8/site-packages:/home/jsagx-6/itc01_ws/install/yolov8_msgs/lib/python3.8/site-packages:/home/jsagx-6/itc01_ws/install/mr2_realsense/lib/python3.8/site-packages:/home/jsagx-6/itc01_ws/install/buffalo_robot/lib/python3.8/site-packages'), ('LC_NUMERIC', 'km_KH'), ('LC_PAPER', 'km_KH'), ('COLCON', '1'), ('JETSON_JETPACK', '5.1.3'), ('CMAKE_PREFIX_PATH', '/opt/ros/foxy:/home/jsagx-6/itc01_ws/install/yolov8_msgs:/home/jsagx-6/itc01_ws/install/yolobot_recognition:/home/jsagx-6/itc01_ws/install/mr2_realsense:/home/jsagx-6/itc01_ws/install/buffalo_robot'), ('JETSON_P_NUMBER', 'p2888-0004')]), 'shell': False}
[2.761529] (yolov8_msgs) StdoutLine: {'line': b'-- Install configuration: ""\n'}
[2.763258] (yolov8_msgs) StdoutLine: {'line': b'-- Up-to-date: /home/jsagx-6/itc01_ws/install/yolov8_msgs/share/ament_index/resource_index/rosidl_interfaces/yolov8_msgs\n'}
[2.764274] (yolov8_msgs) StdoutLine: {'line': b'-- Up-to-date: /home/jsagx-6/itc01_ws/install/yolov8_msgs/include/yolov8_msgs\n'}
[2.765077] (yolov8_msgs) StdoutLine: {'line': b'-- Up-to-date: /home/jsagx-6/itc01_ws/install/yolov8_msgs/include/yolov8_msgs/msg\n'}
[2.765651] (yolov8_msgs) StdoutLine: {'line': b'-- Up-to-date: /home/jsagx-6/itc01_ws/install/yolov8_msgs/include/yolov8_msgs/msg/yolov8_inference.h\n'}
[2.766158] (yolov8_msgs) StdoutLine: {'line': b'-- Up-to-date: /home/jsagx-6/itc01_ws/install/yolov8_msgs/include/yolov8_msgs/msg/detail\n'}
[2.766520] (yolov8_msgs) StdoutLine: {'line': b'-- Up-to-date: /home/jsagx-6/itc01_ws/install/yolov8_msgs/include/yolov8_msgs/msg/detail/inference_result__functions.c\n'}
[2.766818] (yolov8_msgs) StdoutLine: {'line': b'-- Up-to-date: /home/jsagx-6/itc01_ws/install/yolov8_msgs/include/yolov8_msgs/msg/detail/inference_result__type_support.h\n'}
[2.767074] (yolov8_msgs) StdoutLine: {'line': b'-- Up-to-date: /home/jsagx-6/itc01_ws/install/yolov8_msgs/include/yolov8_msgs/msg/detail/yolov8_inference__functions.h\n'}
[2.767822] (yolov8_msgs) StdoutLine: {'line': b'-- Up-to-date: /home/jsagx-6/itc01_ws/install/yolov8_msgs/include/yolov8_msgs/msg/detail/yolov8_inference__type_support.h\n'}
[2.768542] (yolov8_msgs) StdoutLine: {'line': b'-- Up-to-date: /home/jsagx-6/itc01_ws/install/yolov8_msgs/include/yolov8_msgs/msg/detail/yolov8_inference__struct.h\n'}
[2.768990] (yolov8_msgs) StdoutLine: {'line': b'-- Up-to-date: /home/jsagx-6/itc01_ws/install/yolov8_msgs/include/yolov8_msgs/msg/detail/yolov8_inference__functions.c\n'}
[2.769291] (yolov8_msgs) StdoutLine: {'line': b'-- Up-to-date: /home/jsagx-6/itc01_ws/install/yolov8_msgs/include/yolov8_msgs/msg/detail/inference_result__functions.h\n'}
[2.769715] (yolov8_msgs) StdoutLine: {'line': b'-- Up-to-date: /home/jsagx-6/itc01_ws/install/yolov8_msgs/include/yolov8_msgs/msg/detail/inference_result__struct.h\n'}
[2.770029] (yolov8_msgs) StdoutLine: {'line': b'-- Up-to-date: /home/jsagx-6/itc01_ws/install/yolov8_msgs/include/yolov8_msgs/msg/rosidl_generator_c__visibility_control.h\n'}
[2.770325] (yolov8_msgs) StdoutLine: {'line': b'-- Up-to-date: /home/jsagx-6/itc01_ws/install/yolov8_msgs/include/yolov8_msgs/msg/inference_result.h\n'}
[2.770562] (yolov8_msgs) StdoutLine: {'line': b'-- Up-to-date: /home/jsagx-6/itc01_ws/install/yolov8_msgs/share/yolov8_msgs/environment/library_path.sh\n'}
[2.771059] (yolov8_msgs) StdoutLine: {'line': b'-- Up-to-date: /home/jsagx-6/itc01_ws/install/yolov8_msgs/share/yolov8_msgs/environment/library_path.dsv\n'}
[2.771812] (yolov8_msgs) StdoutLine: {'line': b'-- Up-to-date: /home/jsagx-6/itc01_ws/install/yolov8_msgs/lib/libyolov8_msgs__rosidl_generator_c.so\n'}
[2.772128] (yolov8_msgs) StdoutLine: {'line': b'-- Up-to-date: /home/jsagx-6/itc01_ws/install/yolov8_msgs/include/yolov8_msgs\n'}
[2.772501] (yolov8_msgs) StdoutLine: {'line': b'-- Up-to-date: /home/jsagx-6/itc01_ws/install/yolov8_msgs/include/yolov8_msgs/msg\n'}
[2.773043] (yolov8_msgs) StdoutLine: {'line': b'-- Up-to-date: /home/jsagx-6/itc01_ws/install/yolov8_msgs/include/yolov8_msgs/msg/detail\n'}
[2.773493] (yolov8_msgs) StdoutLine: {'line': b'-- Up-to-date: /home/jsagx-6/itc01_ws/install/yolov8_msgs/include/yolov8_msgs/msg/detail/yolov8_inference__rosidl_typesupport_fastrtps_c.h\n'}
[2.773828] (yolov8_msgs) StdoutLine: {'line': b'-- Up-to-date: /home/jsagx-6/itc01_ws/install/yolov8_msgs/include/yolov8_msgs/msg/detail/inference_result__rosidl_typesupport_fastrtps_c.h\n'}
[2.774155] (yolov8_msgs) StdoutLine: {'line': b'-- Up-to-date: /home/jsagx-6/itc01_ws/install/yolov8_msgs/include/yolov8_msgs/msg/rosidl_typesupport_fastrtps_c__visibility_control.h\n'}
[2.774398] (yolov8_msgs) StdoutLine: {'line': b'-- Up-to-date: /home/jsagx-6/itc01_ws/install/yolov8_msgs/lib/libyolov8_msgs__rosidl_typesupport_fastrtps_c.so\n'}
[2.775580] (yolov8_msgs) StdoutLine: {'line': b'-- Up-to-date: /home/jsagx-6/itc01_ws/install/yolov8_msgs/include/yolov8_msgs\n'}
[2.775876] (yolov8_msgs) StdoutLine: {'line': b'-- Up-to-date: /home/jsagx-6/itc01_ws/install/yolov8_msgs/include/yolov8_msgs/msg\n'}
[2.776136] (yolov8_msgs) StdoutLine: {'line': b'-- Up-to-date: /home/jsagx-6/itc01_ws/install/yolov8_msgs/include/yolov8_msgs/msg/rosidl_typesupport_fastrtps_cpp__visibility_control.h\n'}
[2.776387] (yolov8_msgs) StdoutLine: {'line': b'-- Up-to-date: /home/jsagx-6/itc01_ws/install/yolov8_msgs/include/yolov8_msgs/msg/detail\n'}
[2.777140] (yolov8_msgs) StdoutLine: {'line': b'-- Up-to-date: /home/jsagx-6/itc01_ws/install/yolov8_msgs/include/yolov8_msgs/msg/detail/yolov8_inference__rosidl_typesupport_fastrtps_cpp.hpp\n'}
[2.777707] (yolov8_msgs) StdoutLine: {'line': b'-- Up-to-date: /home/jsagx-6/itc01_ws/install/yolov8_msgs/include/yolov8_msgs/msg/detail/inference_result__rosidl_typesupport_fastrtps_cpp.hpp\n'}
[2.778580] (yolov8_msgs) StdoutLine: {'line': b'-- Up-to-date: /home/jsagx-6/itc01_ws/install/yolov8_msgs/include/yolov8_msgs/msg/detail/dds_fastrtps\n'}
[2.778982] (yolov8_msgs) StdoutLine: {'line': b'-- Up-to-date: /home/jsagx-6/itc01_ws/install/yolov8_msgs/lib/libyolov8_msgs__rosidl_typesupport_fastrtps_cpp.so\n'}
[2.779518] (yolov8_msgs) StdoutLine: {'line': b'-- Up-to-date: /home/jsagx-6/itc01_ws/install/yolov8_msgs/include/yolov8_msgs\n'}
[2.779799] (yolov8_msgs) StdoutLine: {'line': b'-- Up-to-date: /home/jsagx-6/itc01_ws/install/yolov8_msgs/include/yolov8_msgs/msg\n'}
[2.780031] (yolov8_msgs) StdoutLine: {'line': b'-- Up-to-date: /home/jsagx-6/itc01_ws/install/yolov8_msgs/include/yolov8_msgs/msg/detail\n'}
[2.780535] (yolov8_msgs) StdoutLine: {'line': b'-- Up-to-date: /home/jsagx-6/itc01_ws/install/yolov8_msgs/include/yolov8_msgs/msg/detail/inference_result__rosidl_typesupport_introspection_c.h\n'}
[2.781385] (yolov8_msgs) StdoutLine: {'line': b'-- Up-to-date: /home/jsagx-6/itc01_ws/install/yolov8_msgs/include/yolov8_msgs/msg/detail/yolov8_inference__type_support.c\n'}
[2.781771] (yolov8_msgs) StdoutLine: {'line': b'-- Up-to-date: /home/jsagx-6/itc01_ws/install/yolov8_msgs/include/yolov8_msgs/msg/detail/inference_result__type_support.c\n'}
[2.782033] (yolov8_msgs) StdoutLine: {'line': b'-- Up-to-date: /home/jsagx-6/itc01_ws/install/yolov8_msgs/include/yolov8_msgs/msg/detail/yolov8_inference__rosidl_typesupport_introspection_c.h\n'}
[2.782279] (yolov8_msgs) StdoutLine: {'line': b'-- Up-to-date: /home/jsagx-6/itc01_ws/install/yolov8_msgs/include/yolov8_msgs/msg/rosidl_typesupport_introspection_c__visibility_control.h\n'}
[2.782526] (yolov8_msgs) StdoutLine: {'line': b'-- Up-to-date: /home/jsagx-6/itc01_ws/install/yolov8_msgs/lib/libyolov8_msgs__rosidl_typesupport_introspection_c.so\n'}
[2.782787] (yolov8_msgs) StdoutLine: {'line': b'-- Up-to-date: /home/jsagx-6/itc01_ws/install/yolov8_msgs/lib/libyolov8_msgs__rosidl_typesupport_c.so\n'}
[2.783089] (yolov8_msgs) StdoutLine: {'line': b'-- Up-to-date: /home/jsagx-6/itc01_ws/install/yolov8_msgs/include/yolov8_msgs\n'}
[2.783336] (yolov8_msgs) StdoutLine: {'line': b'-- Up-to-date: /home/jsagx-6/itc01_ws/install/yolov8_msgs/include/yolov8_msgs/msg\n'}
[2.783596] (yolov8_msgs) StdoutLine: {'line': b'-- Up-to-date: /home/jsagx-6/itc01_ws/install/yolov8_msgs/include/yolov8_msgs/msg/detail\n'}
[2.783835] (yolov8_msgs) StdoutLine: {'line': b'-- Up-to-date: /home/jsagx-6/itc01_ws/install/yolov8_msgs/include/yolov8_msgs/msg/detail/inference_result__type_support.hpp\n'}
[2.784074] (yolov8_msgs) StdoutLine: {'line': b'-- Up-to-date: /home/jsagx-6/itc01_ws/install/yolov8_msgs/include/yolov8_msgs/msg/detail/inference_result__struct.hpp\n'}
[2.784323] (yolov8_msgs) StdoutLine: {'line': b'-- Up-to-date: /home/jsagx-6/itc01_ws/install/yolov8_msgs/include/yolov8_msgs/msg/detail/yolov8_inference__traits.hpp\n'}
[2.784586] (yolov8_msgs) StdoutLine: {'line': b'-- Up-to-date: /home/jsagx-6/itc01_ws/install/yolov8_msgs/include/yolov8_msgs/msg/detail/yolov8_inference__builder.hpp\n'}
[2.785141] (yolov8_msgs) StdoutLine: {'line': b'-- Up-to-date: /home/jsagx-6/itc01_ws/install/yolov8_msgs/include/yolov8_msgs/msg/detail/yolov8_inference__struct.hpp\n'}
[2.785678] (yolov8_msgs) StdoutLine: {'line': b'-- Up-to-date: /home/jsagx-6/itc01_ws/install/yolov8_msgs/include/yolov8_msgs/msg/detail/yolov8_inference__type_support.hpp\n'}
[2.785938] (yolov8_msgs) StdoutLine: {'line': b'-- Up-to-date: /home/jsagx-6/itc01_ws/install/yolov8_msgs/include/yolov8_msgs/msg/detail/inference_result__builder.hpp\n'}
[2.786202] (yolov8_msgs) StdoutLine: {'line': b'-- Up-to-date: /home/jsagx-6/itc01_ws/install/yolov8_msgs/include/yolov8_msgs/msg/detail/inference_result__traits.hpp\n'}
[2.786482] (yolov8_msgs) StdoutLine: {'line': b'-- Up-to-date: /home/jsagx-6/itc01_ws/install/yolov8_msgs/include/yolov8_msgs/msg/yolov8_inference.hpp\n'}
[2.786754] (yolov8_msgs) StdoutLine: {'line': b'-- Up-to-date: /home/jsagx-6/itc01_ws/install/yolov8_msgs/include/yolov8_msgs/msg/rosidl_generator_cpp__visibility_control.hpp\n'}
[2.787160] (yolov8_msgs) StdoutLine: {'line': b'-- Up-to-date: /home/jsagx-6/itc01_ws/install/yolov8_msgs/include/yolov8_msgs/msg/inference_result.hpp\n'}
[2.787393] (yolov8_msgs) StdoutLine: {'line': b'-- Up-to-date: /home/jsagx-6/itc01_ws/install/yolov8_msgs/include/yolov8_msgs\n'}
[2.787620] (yolov8_msgs) StdoutLine: {'line': b'-- Up-to-date: /home/jsagx-6/itc01_ws/install/yolov8_msgs/include/yolov8_msgs/msg\n'}
[2.787926] (yolov8_msgs) StdoutLine: {'line': b'-- Up-to-date: /home/jsagx-6/itc01_ws/install/yolov8_msgs/include/yolov8_msgs/msg/detail\n'}
[2.788221] (yolov8_msgs) StdoutLine: {'line': b'-- Up-to-date: /home/jsagx-6/itc01_ws/install/yolov8_msgs/include/yolov8_msgs/msg/detail/inference_result__rosidl_typesupport_introspection_cpp.hpp\n'}
[2.788773] (yolov8_msgs) StdoutLine: {'line': b'-- Up-to-date: /home/jsagx-6/itc01_ws/install/yolov8_msgs/include/yolov8_msgs/msg/detail/yolov8_inference__rosidl_typesupport_introspection_cpp.hpp\n'}
[2.789042] (yolov8_msgs) StdoutLine: {'line': b'-- Up-to-date: /home/jsagx-6/itc01_ws/install/yolov8_msgs/include/yolov8_msgs/msg/detail/yolov8_inference__type_support.cpp\n'}
[2.789302] (yolov8_msgs) StdoutLine: {'line': b'-- Up-to-date: /home/jsagx-6/itc01_ws/install/yolov8_msgs/include/yolov8_msgs/msg/detail/inference_result__type_support.cpp\n'}
[2.789561] (yolov8_msgs) StdoutLine: {'line': b'-- Up-to-date: /home/jsagx-6/itc01_ws/install/yolov8_msgs/lib/libyolov8_msgs__rosidl_typesupport_introspection_cpp.so\n'}
[2.789805] (yolov8_msgs) StdoutLine: {'line': b'-- Up-to-date: /home/jsagx-6/itc01_ws/install/yolov8_msgs/lib/libyolov8_msgs__rosidl_typesupport_cpp.so\n'}
[2.790035] (yolov8_msgs) StdoutLine: {'line': b'-- Up-to-date: /home/jsagx-6/itc01_ws/install/yolov8_msgs/share/yolov8_msgs/environment/pythonpath.sh\n'}
[2.790343] (yolov8_msgs) StdoutLine: {'line': b'-- Up-to-date: /home/jsagx-6/itc01_ws/install/yolov8_msgs/share/yolov8_msgs/environment/pythonpath.dsv\n'}
[2.790579] (yolov8_msgs) StdoutLine: {'line': b'-- Up-to-date: /home/jsagx-6/itc01_ws/install/yolov8_msgs/lib/python3.8/site-packages/yolov8_msgs/__init__.py\n'}
[2.823960] (-) TimerEvent: {}
[2.925062] (-) TimerEvent: {}
[2.932629] (yolov8_msgs) StdoutLine: {'line': b'-- Up-to-date: /home/jsagx-6/itc01_ws/install/yolov8_msgs/lib/python3.8/site-packages/yolov8_msgs/msg\n'}
[2.933343] (yolov8_msgs) StdoutLine: {'line': b'-- Up-to-date: /home/jsagx-6/itc01_ws/install/yolov8_msgs/lib/python3.8/site-packages/yolov8_msgs/msg/_inference_result.py\n'}
[2.933667] (yolov8_msgs) StdoutLine: {'line': b'-- Up-to-date: /home/jsagx-6/itc01_ws/install/yolov8_msgs/lib/python3.8/site-packages/yolov8_msgs/msg/__init__.py\n'}
[2.934112] (yolov8_msgs) StdoutLine: {'line': b'-- Up-to-date: /home/jsagx-6/itc01_ws/install/yolov8_msgs/lib/python3.8/site-packages/yolov8_msgs/msg/_yolov8_inference_s.c\n'}
[2.934382] (yolov8_msgs) StdoutLine: {'line': b'-- Up-to-date: /home/jsagx-6/itc01_ws/install/yolov8_msgs/lib/python3.8/site-packages/yolov8_msgs/msg/_yolov8_inference.py\n'}
[2.934643] (yolov8_msgs) StdoutLine: {'line': b'-- Up-to-date: /home/jsagx-6/itc01_ws/install/yolov8_msgs/lib/python3.8/site-packages/yolov8_msgs/msg/_inference_result_s.c\n'}
[2.935077] (yolov8_msgs) StdoutLine: {'line': b'-- Up-to-date: /home/jsagx-6/itc01_ws/install/yolov8_msgs/lib/python3.8/site-packages/yolov8_msgs/yolov8_msgs_s__rosidl_typesupport_fastrtps_c.cpython-38-aarch64-linux-gnu.so\n'}
[2.937475] (yolov8_msgs) StdoutLine: {'line': b'-- Up-to-date: /home/jsagx-6/itc01_ws/install/yolov8_msgs/lib/python3.8/site-packages/yolov8_msgs/yolov8_msgs_s__rosidl_typesupport_introspection_c.cpython-38-aarch64-linux-gnu.so\n'}
[2.939917] (yolov8_msgs) StdoutLine: {'line': b'-- Up-to-date: /home/jsagx-6/itc01_ws/install/yolov8_msgs/lib/python3.8/site-packages/yolov8_msgs/yolov8_msgs_s__rosidl_typesupport_c.cpython-38-aarch64-linux-gnu.so\n'}
[2.942216] (yolov8_msgs) StdoutLine: {'line': b'-- Up-to-date: /home/jsagx-6/itc01_ws/install/yolov8_msgs/lib/libyolov8_msgs__python.so\n'}
[2.943453] (yolov8_msgs) StdoutLine: {'line': b'-- Up-to-date: /home/jsagx-6/itc01_ws/install/yolov8_msgs/share/yolov8_msgs/msg/InferenceResult.idl\n'}
[2.944026] (yolov8_msgs) StdoutLine: {'line': b'-- Up-to-date: /home/jsagx-6/itc01_ws/install/yolov8_msgs/share/yolov8_msgs/msg/Yolov8Inference.idl\n'}
[2.944363] (yolov8_msgs) StdoutLine: {'line': b'-- Up-to-date: /home/jsagx-6/itc01_ws/install/yolov8_msgs/share/yolov8_msgs/msg/InferenceResult.msg\n'}
[2.944641] (yolov8_msgs) StdoutLine: {'line': b'-- Up-to-date: /home/jsagx-6/itc01_ws/install/yolov8_msgs/share/yolov8_msgs/msg/Yolov8Inference.msg\n'}
[2.945426] (yolov8_msgs) StdoutLine: {'line': b'-- Up-to-date: /home/jsagx-6/itc01_ws/install/yolov8_msgs/share/ament_index/resource_index/package_run_dependencies/yolov8_msgs\n'}
[2.945858] (yolov8_msgs) StdoutLine: {'line': b'-- Up-to-date: /home/jsagx-6/itc01_ws/install/yolov8_msgs/share/ament_index/resource_index/parent_prefix_path/yolov8_msgs\n'}
[2.946619] (yolov8_msgs) StdoutLine: {'line': b'-- Up-to-date: /home/jsagx-6/itc01_ws/install/yolov8_msgs/share/yolov8_msgs/environment/ament_prefix_path.sh\n'}
[2.947267] (yolov8_msgs) StdoutLine: {'line': b'-- Up-to-date: /home/jsagx-6/itc01_ws/install/yolov8_msgs/share/yolov8_msgs/environment/ament_prefix_path.dsv\n'}
[2.947604] (yolov8_msgs) StdoutLine: {'line': b'-- Up-to-date: /home/jsagx-6/itc01_ws/install/yolov8_msgs/share/yolov8_msgs/environment/path.sh\n'}
[2.948529] (yolov8_msgs) StdoutLine: {'line': b'-- Up-to-date: /home/jsagx-6/itc01_ws/install/yolov8_msgs/share/yolov8_msgs/environment/path.dsv\n'}
[2.948969] (yolov8_msgs) StdoutLine: {'line': b'-- Up-to-date: /home/jsagx-6/itc01_ws/install/yolov8_msgs/share/yolov8_msgs/local_setup.bash\n'}
[2.949777] (yolov8_msgs) StdoutLine: {'line': b'-- Up-to-date: /home/jsagx-6/itc01_ws/install/yolov8_msgs/share/yolov8_msgs/local_setup.sh\n'}
[2.950390] (yolov8_msgs) StdoutLine: {'line': b'-- Up-to-date: /home/jsagx-6/itc01_ws/install/yolov8_msgs/share/yolov8_msgs/local_setup.zsh\n'}
[2.950669] (yolov8_msgs) StdoutLine: {'line': b'-- Up-to-date: /home/jsagx-6/itc01_ws/install/yolov8_msgs/share/yolov8_msgs/local_setup.dsv\n'}
[2.951043] (yolov8_msgs) StdoutLine: {'line': b'-- Installing: /home/jsagx-6/itc01_ws/install/yolov8_msgs/share/yolov8_msgs/package.dsv\n'}
[2.951392] (yolov8_msgs) StdoutLine: {'line': b'-- Up-to-date: /home/jsagx-6/itc01_ws/install/yolov8_msgs/share/ament_index/resource_index/packages/yolov8_msgs\n'}
[2.951663] (yolov8_msgs) StdoutLine: {'line': b'-- Up-to-date: /home/jsagx-6/itc01_ws/install/yolov8_msgs/share/yolov8_msgs/cmake/yolov8_msgs__rosidl_generator_cExport.cmake\n'}
[2.951980] (yolov8_msgs) StdoutLine: {'line': b'-- Up-to-date: /home/jsagx-6/itc01_ws/install/yolov8_msgs/share/yolov8_msgs/cmake/yolov8_msgs__rosidl_generator_cExport-noconfig.cmake\n'}
[2.952358] (yolov8_msgs) StdoutLine: {'line': b'-- Up-to-date: /home/jsagx-6/itc01_ws/install/yolov8_msgs/share/yolov8_msgs/cmake/yolov8_msgs__rosidl_typesupport_introspection_cExport.cmake\n'}
[2.952797] (yolov8_msgs) StdoutLine: {'line': b'-- Up-to-date: /home/jsagx-6/itc01_ws/install/yolov8_msgs/share/yolov8_msgs/cmake/yolov8_msgs__rosidl_typesupport_introspection_cExport-noconfig.cmake\n'}
[2.953139] (yolov8_msgs) StdoutLine: {'line': b'-- Up-to-date: /home/jsagx-6/itc01_ws/install/yolov8_msgs/share/yolov8_msgs/cmake/yolov8_msgs__rosidl_typesupport_cExport.cmake\n'}
[2.953492] (yolov8_msgs) StdoutLine: {'line': b'-- Up-to-date: /home/jsagx-6/itc01_ws/install/yolov8_msgs/share/yolov8_msgs/cmake/yolov8_msgs__rosidl_typesupport_cExport-noconfig.cmake\n'}
[2.953819] (yolov8_msgs) StdoutLine: {'line': b'-- Up-to-date: /home/jsagx-6/itc01_ws/install/yolov8_msgs/share/yolov8_msgs/cmake/yolov8_msgs__rosidl_generator_cppExport.cmake\n'}
[2.954094] (yolov8_msgs) StdoutLine: {'line': b'-- Up-to-date: /home/jsagx-6/itc01_ws/install/yolov8_msgs/share/yolov8_msgs/cmake/yolov8_msgs__rosidl_typesupport_introspection_cppExport.cmake\n'}
[2.954535] (yolov8_msgs) StdoutLine: {'line': b'-- Up-to-date: /home/jsagx-6/itc01_ws/install/yolov8_msgs/share/yolov8_msgs/cmake/yolov8_msgs__rosidl_typesupport_introspection_cppExport-noconfig.cmake\n'}
[2.955038] (yolov8_msgs) StdoutLine: {'line': b'-- Up-to-date: /home/jsagx-6/itc01_ws/install/yolov8_msgs/share/yolov8_msgs/cmake/yolov8_msgs__rosidl_typesupport_cppExport.cmake\n'}
[2.955439] (yolov8_msgs) StdoutLine: {'line': b'-- Up-to-date: /home/jsagx-6/itc01_ws/install/yolov8_msgs/share/yolov8_msgs/cmake/yolov8_msgs__rosidl_typesupport_cppExport-noconfig.cmake\n'}
[2.955747] (yolov8_msgs) StdoutLine: {'line': b'-- Up-to-date: /home/jsagx-6/itc01_ws/install/yolov8_msgs/share/yolov8_msgs/cmake/rosidl_cmake-extras.cmake\n'}
[2.956250] (yolov8_msgs) StdoutLine: {'line': b'-- Up-to-date: /home/jsagx-6/itc01_ws/install/yolov8_msgs/share/yolov8_msgs/cmake/ament_cmake_export_dependencies-extras.cmake\n'}
[2.956516] (yolov8_msgs) StdoutLine: {'line': b'-- Up-to-date: /home/jsagx-6/itc01_ws/install/yolov8_msgs/share/yolov8_msgs/cmake/ament_cmake_export_libraries-extras.cmake\n'}
[2.957228] (yolov8_msgs) StdoutLine: {'line': b'-- Up-to-date: /home/jsagx-6/itc01_ws/install/yolov8_msgs/share/yolov8_msgs/cmake/ament_cmake_export_targets-extras.cmake\n'}
[2.957475] (yolov8_msgs) StdoutLine: {'line': b'-- Up-to-date: /home/jsagx-6/itc01_ws/install/yolov8_msgs/share/yolov8_msgs/cmake/ament_cmake_export_include_directories-extras.cmake\n'}
[2.957774] (yolov8_msgs) StdoutLine: {'line': b'-- Up-to-date: /home/jsagx-6/itc01_ws/install/yolov8_msgs/share/yolov8_msgs/cmake/rosidl_cmake_export_typesupport_libraries-extras.cmake\n'}
[2.958044] (yolov8_msgs) StdoutLine: {'line': b'-- Up-to-date: /home/jsagx-6/itc01_ws/install/yolov8_msgs/share/yolov8_msgs/cmake/rosidl_cmake_export_typesupport_targets-extras.cmake\n'}
[2.958328] (yolov8_msgs) StdoutLine: {'line': b'-- Up-to-date: /home/jsagx-6/itc01_ws/install/yolov8_msgs/share/yolov8_msgs/cmake/yolov8_msgsConfig.cmake\n'}
[2.959035] (yolov8_msgs) StdoutLine: {'line': b'-- Up-to-date: /home/jsagx-6/itc01_ws/install/yolov8_msgs/share/yolov8_msgs/cmake/yolov8_msgsConfig-version.cmake\n'}
[2.959336] (yolov8_msgs) StdoutLine: {'line': b'-- Up-to-date: /home/jsagx-6/itc01_ws/install/yolov8_msgs/share/yolov8_msgs/package.xml\n'}
[2.964783] (yolov8_msgs) CommandEnded: {'returncode': 0}
[3.025567] (-) TimerEvent: {}
[3.127130] (-) TimerEvent: {}
[3.228488] (-) TimerEvent: {}
[3.330137] (-) TimerEvent: {}
[3.334402] (yolov8_msgs) JobEnded: {'identifier': 'yolov8_msgs', 'rc': 0}
[3.430309] (-) TimerEvent: {}
[3.530982] (-) TimerEvent: {}
[3.603940] (mr2_realsense) Command: {'cmd': ['/usr/bin/python3', '-W', 'ignore:setup.py install is deprecated', 'setup.py', 'egg_info', '--egg-base', '../../../build/mr2_realsense', 'build', '--build-base', '/home/jsagx-6/itc01_ws/build/mr2_realsense/build', 'install', '--record', '/home/jsagx-6/itc01_ws/build/mr2_realsense/install.log', '--install-scripts', '$base/lib/mr2_realsense', '--single-version-externally-managed', 'install_data'], 'cwd': '/home/jsagx-6/itc01_ws/src/itc01_mr2/mr2_realsense', 'env': {'USER': 'jsagx-6', 'SSH_CLIENT': '192.168.77.215 59244 22', 'LC_TIME': 'km_KH', 'XDG_SESSION_TYPE': 'tty', 'SHLVL': '1', 'LD_LIBRARY_PATH': '/opt/ros/foxy/opt/yaml_cpp_vendor/lib:/opt/ros/foxy/lib/aarch64-linux-gnu:/opt/ros/foxy/lib:/home/jsagx-6/itc01_ws/install/yolov8_msgs/lib', 'MOTD_SHOWN': 'pam', 'HOME': '/home/jsagx-6', 'OLDPWD': '/home/jsagx-6', 'SSH_TTY': '/dev/pts/3', 'JETSON_L4T': '35.5.0', 'ROS_PYTHON_VERSION': '3', 'JETSON_MODEL': 'Jetson-AGX', 'LC_MONETARY': 'km_KH', 'DBUS_SESSION_BUS_ADDRESS': 'unix:path=/run/user/1000/bus', 'COLCON_PREFIX_PATH': '/home/jsagx-6/itc01_ws/install', 'ROS_DISTRO': 'foxy', 'LOGNAME': 'jsagx-6', 'JETSON_MODULE': 'NVIDIA Jetson AGX Xavier (32 GB ram)', 'JETSON_SERIAL_NUMBER': '1561221004404', '_': '/usr/bin/colcon', 'ROS_VERSION': '2', 'JETSON_CODENAME': 'Galen', 'XDG_SESSION_CLASS': 'user', 'TERM': 'xterm-256color', 'XDG_SESSION_ID': '9', 'ROS_LOCALHOST_ONLY': '0', 'PATH': '/opt/ros/foxy/bin:/usr/local/sbin:/usr/local/bin:/usr/sbin:/usr/bin:/sbin:/bin:/usr/games:/usr/local/games:/snap/bin', 'LC_ADDRESS': 'km_KH', 'XDG_RUNTIME_DIR': '/run/user/1000', 'LANG': 'en_US.UTF-8', 'LC_TELEPHONE': 'km_KH', 'JETSON_SOC': 'tegra194', 'AMENT_PREFIX_PATH': '/opt/ros/foxy:/home/jsagx-6/itc01_ws/install/yolov8_msgs:/home/jsagx-6/itc01_ws/install/yolobot_recognition:/home/jsagx-6/itc01_ws/install/mr2_realsense:/home/jsagx-6/itc01_ws/install/buffalo_robot', 'SHELL': '/bin/bash', 'LC_NAME': 'km_KH', 'LC_MEASUREMENT': 'km_KH', 'LC_IDENTIFICATION': 'km_KH', 'JETSON_CUDA_ARCH_BIN': '7.2', 'PWD': '/home/jsagx-6/itc01_ws/build/mr2_realsense', 'LC_ALL': 'en_US.UTF-8', 'SSH_CONNECTION': '192.168.77.215 59244 192.168.77.206 22', 'XDG_DATA_DIRS': '/usr/local/share:/usr/share:/var/lib/snapd/desktop', 'PYTHONPATH': '/home/jsagx-6/itc01_ws/build/mr2_realsense/prefix_override:/home/jsagx-6/itc01_ws/install/mr2_realsense/lib/python3.8/site-packages:/opt/ros/foxy/lib/python3.8/site-packages:/home/jsagx-6/itc01_ws/install/yolov8_msgs/lib/python3.8/site-packages:/home/jsagx-6/itc01_ws/install/mr2_realsense/lib/python3.8/site-packages:/home/jsagx-6/itc01_ws/install/buffalo_robot/lib/python3.8/site-packages', 'LC_NUMERIC': 'km_KH', 'LC_PAPER': 'km_KH', 'COLCON': '1', 'JETSON_JETPACK': '5.1.3', 'CMAKE_PREFIX_PATH': '/opt/ros/foxy:/home/jsagx-6/itc01_ws/install/yolov8_msgs:/home/jsagx-6/itc01_ws/install/yolobot_recognition', 'JETSON_P_NUMBER': 'p2888-0004'}, 'shell': False}
[3.631345] (-) TimerEvent: {}
[3.643211] (buffalo_robot) Command: {'cmd': ['/usr/bin/python3', '-W', 'ignore:setup.py install is deprecated', 'setup.py', 'egg_info', '--egg-base', '../../../build/buffalo_robot', 'build', '--build-base', '/home/jsagx-6/itc01_ws/build/buffalo_robot/build', 'install', '--record', '/home/jsagx-6/itc01_ws/build/buffalo_robot/install.log', '--install-scripts', '$base/lib/buffalo_robot', '--single-version-externally-managed', 'install_data'], 'cwd': '/home/jsagx-6/itc01_ws/src/itc01_mr2/buffalo_robot', 'env': {'USER': 'jsagx-6', 'SSH_CLIENT': '192.168.77.215 59244 22', 'LC_TIME': 'km_KH', 'XDG_SESSION_TYPE': 'tty', 'SHLVL': '1', 'LD_LIBRARY_PATH': '/opt/ros/foxy/opt/yaml_cpp_vendor/lib:/opt/ros/foxy/lib/aarch64-linux-gnu:/opt/ros/foxy/lib:/home/jsagx-6/itc01_ws/install/yolov8_msgs/lib', 'MOTD_SHOWN': 'pam', 'HOME': '/home/jsagx-6', 'OLDPWD': '/home/jsagx-6', 'SSH_TTY': '/dev/pts/3', 'JETSON_L4T': '35.5.0', 'ROS_PYTHON_VERSION': '3', 'JETSON_MODEL': 'Jetson-AGX', 'LC_MONETARY': 'km_KH', 'DBUS_SESSION_BUS_ADDRESS': 'unix:path=/run/user/1000/bus', 'COLCON_PREFIX_PATH': '/home/jsagx-6/itc01_ws/install', 'ROS_DISTRO': 'foxy', 'LOGNAME': 'jsagx-6', 'JETSON_MODULE': 'NVIDIA Jetson AGX Xavier (32 GB ram)', 'JETSON_SERIAL_NUMBER': '1561221004404', '_': '/usr/bin/colcon', 'ROS_VERSION': '2', 'JETSON_CODENAME': 'Galen', 'XDG_SESSION_CLASS': 'user', 'TERM': 'xterm-256color', 'XDG_SESSION_ID': '9', 'ROS_LOCALHOST_ONLY': '0', 'PATH': '/opt/ros/foxy/bin:/usr/local/sbin:/usr/local/bin:/usr/sbin:/usr/bin:/sbin:/bin:/usr/games:/usr/local/games:/snap/bin', 'LC_ADDRESS': 'km_KH', 'XDG_RUNTIME_DIR': '/run/user/1000', 'LANG': 'en_US.UTF-8', 'LC_TELEPHONE': 'km_KH', 'JETSON_SOC': 'tegra194', 'AMENT_PREFIX_PATH': '/opt/ros/foxy:/home/jsagx-6/itc01_ws/install/yolov8_msgs:/home/jsagx-6/itc01_ws/install/yolobot_recognition:/home/jsagx-6/itc01_ws/install/mr2_realsense:/home/jsagx-6/itc01_ws/install/buffalo_robot', 'SHELL': '/bin/bash', 'LC_NAME': 'km_KH', 'LC_MEASUREMENT': 'km_KH', 'LC_IDENTIFICATION': 'km_KH', 'JETSON_CUDA_ARCH_BIN': '7.2', 'PWD': '/home/jsagx-6/itc01_ws/build/buffalo_robot', 'LC_ALL': 'en_US.UTF-8', 'SSH_CONNECTION': '192.168.77.215 59244 192.168.77.206 22', 'XDG_DATA_DIRS': '/usr/local/share:/usr/share:/var/lib/snapd/desktop', 'PYTHONPATH': '/home/jsagx-6/itc01_ws/build/buffalo_robot/prefix_override:/home/jsagx-6/itc01_ws/install/buffalo_robot/lib/python3.8/site-packages:/opt/ros/foxy/lib/python3.8/site-packages:/home/jsagx-6/itc01_ws/install/yolov8_msgs/lib/python3.8/site-packages:/home/jsagx-6/itc01_ws/install/mr2_realsense/lib/python3.8/site-packages:/home/jsagx-6/itc01_ws/install/buffalo_robot/lib/python3.8/site-packages', 'LC_NUMERIC': 'km_KH', 'LC_PAPER': 'km_KH', 'COLCON': '1', 'JETSON_JETPACK': '5.1.3', 'CMAKE_PREFIX_PATH': '/opt/ros/foxy:/home/jsagx-6/itc01_ws/install/yolov8_msgs:/home/jsagx-6/itc01_ws/install/yolobot_recognition', 'JETSON_P_NUMBER': 'p2888-0004'}, 'shell': False}
[3.731630] (-) TimerEvent: {}
[3.832742] (-) TimerEvent: {}
[3.933456] (-) TimerEvent: {}
[4.034117] (-) TimerEvent: {}
[4.062017] (mr2_realsense) StderrLine: {'line': b'/home/jsagx-6/.local/lib/python3.8/site-packages/setuptools/dist.py:476: SetuptoolsDeprecationWarning: Invalid dash-separated options\n'}
[4.062783] (mr2_realsense) StderrLine: {'line': b'!!\n'}
[4.063077] (mr2_realsense) StderrLine: {'line': b'\n'}
[4.063300] (mr2_realsense) StderrLine: {'line': b'        ********************************************************************************\n'}
[4.063548] (mr2_realsense) StderrLine: {'line': b"        Usage of dash-separated 'script-dir' will not be supported in future\n"}
[4.063766] (mr2_realsense) StderrLine: {'line': b"        versions. Please use the underscore name 'script_dir' instead.\n"}
[4.063980] (mr2_realsense) StderrLine: {'line': b'\n'}
[4.064188] (mr2_realsense) StderrLine: {'line': b'        By 2024-Sep-26, you need to update your project and remove deprecated calls\n'}
[4.064398] (mr2_realsense) StderrLine: {'line': b'        or your builds will no longer be supported.\n'}
[4.064628] (mr2_realsense) StderrLine: {'line': b'\n'}
[4.064981] (mr2_realsense) StderrLine: {'line': b'        See https://setuptools.pypa.io/en/latest/userguide/declarative_config.html for details.\n'}
[4.065244] (mr2_realsense) StderrLine: {'line': b'        ********************************************************************************\n'}
[4.065491] (mr2_realsense) StderrLine: {'line': b'\n'}
[4.065727] (mr2_realsense) StderrLine: {'line': b'!!\n'}
[4.065945] (mr2_realsense) StderrLine: {'line': b'  opt = self.warn_dash_deprecation(opt, section)\n'}
[4.099220] (buffalo_robot) StderrLine: {'line': b'/home/jsagx-6/.local/lib/python3.8/site-packages/setuptools/dist.py:476: SetuptoolsDeprecationWarning: Invalid dash-separated options\n'}
[4.099890] (buffalo_robot) StderrLine: {'line': b'!!\n'}
[4.100213] (buffalo_robot) StderrLine: {'line': b'\n'}
[4.100468] (buffalo_robot) StderrLine: {'line': b'        ********************************************************************************\n'}
[4.100846] (buffalo_robot) StderrLine: {'line': b"        Usage of dash-separated 'script-dir' will not be supported in future\n"}
[4.101122] (buffalo_robot) StderrLine: {'line': b"        versions. Please use the underscore name 'script_dir' instead.\n"}
[4.101361] (buffalo_robot) StderrLine: {'line': b'\n'}
[4.101589] (buffalo_robot) StderrLine: {'line': b'        By 2024-Sep-26, you need to update your project and remove deprecated calls\n'}
[4.101826] (buffalo_robot) StderrLine: {'line': b'        or your builds will no longer be supported.\n'}
[4.102059] (buffalo_robot) StderrLine: {'line': b'\n'}
[4.102283] (buffalo_robot) StderrLine: {'line': b'        See https://setuptools.pypa.io/en/latest/userguide/declarative_config.html for details.\n'}
[4.102531] (buffalo_robot) StderrLine: {'line': b'        ********************************************************************************\n'}
[4.102756] (buffalo_robot) StderrLine: {'line': b'\n'}
[4.102996] (buffalo_robot) StderrLine: {'line': b'!!\n'}
[4.103251] (buffalo_robot) StderrLine: {'line': b'  opt = self.warn_dash_deprecation(opt, section)\n'}
[4.134285] (-) TimerEvent: {}
[4.234968] (-) TimerEvent: {}
[4.335654] (-) TimerEvent: {}
[4.419858] (mr2_realsense) StdoutLine: {'line': b'running egg_info\n'}
[4.435808] (-) TimerEvent: {}
[4.465702] (buffalo_robot) StdoutLine: {'line': b'running egg_info\n'}
[4.469253] (mr2_realsense) StdoutLine: {'line': b'writing ../../../build/mr2_realsense/mr2_realsense.egg-info/PKG-INFO\n'}
[4.470895] (mr2_realsense) StdoutLine: {'line': b'writing dependency_links to ../../../build/mr2_realsense/mr2_realsense.egg-info/dependency_links.txt\n'}
[4.471961] (mr2_realsense) StdoutLine: {'line': b'writing entry points to ../../../build/mr2_realsense/mr2_realsense.egg-info/entry_points.txt\n'}
[4.472769] (mr2_realsense) StdoutLine: {'line': b'writing requirements to ../../../build/mr2_realsense/mr2_realsense.egg-info/requires.txt\n'}
[4.473528] (mr2_realsense) StdoutLine: {'line': b'writing top-level names to ../../../build/mr2_realsense/mr2_realsense.egg-info/top_level.txt\n'}
[4.515389] (buffalo_robot) StdoutLine: {'line': b'writing ../../../build/buffalo_robot/buffalo_robot.egg-info/PKG-INFO\n'}
[4.517094] (buffalo_robot) StdoutLine: {'line': b'writing dependency_links to ../../../build/buffalo_robot/buffalo_robot.egg-info/dependency_links.txt\n'}
[4.518529] (buffalo_robot) StdoutLine: {'line': b'writing entry points to ../../../build/buffalo_robot/buffalo_robot.egg-info/entry_points.txt\n'}
[4.519390] (buffalo_robot) StdoutLine: {'line': b'writing requirements to ../../../build/buffalo_robot/buffalo_robot.egg-info/requires.txt\n'}
[4.520172] (buffalo_robot) StdoutLine: {'line': b'writing top-level names to ../../../build/buffalo_robot/buffalo_robot.egg-info/top_level.txt\n'}
[4.535975] (-) TimerEvent: {}
[4.636741] (-) TimerEvent: {}
[4.737465] (-) TimerEvent: {}
[4.838207] (-) TimerEvent: {}
[4.895020] (mr2_realsense) StdoutLine: {'line': b"reading manifest file '../../../build/mr2_realsense/mr2_realsense.egg-info/SOURCES.txt'\n"}
[4.899044] (mr2_realsense) StdoutLine: {'line': b"writing manifest file '../../../build/mr2_realsense/mr2_realsense.egg-info/SOURCES.txt'\n"}
[4.899924] (mr2_realsense) StdoutLine: {'line': b'running build\n'}
[4.900288] (mr2_realsense) StdoutLine: {'line': b'running build_py\n'}
[4.901113] (mr2_realsense) StdoutLine: {'line': b'copying mr2_realsense/test_opencv_8_pub.py -> /home/jsagx-6/itc01_ws/build/mr2_realsense/build/lib/mr2_realsense\n'}
[4.902190] (mr2_realsense) StdoutLine: {'line': b'copying mr2_realsense/yolov8_webcam.py -> /home/jsagx-6/itc01_ws/build/mr2_realsense/build/lib/mr2_realsense\n'}
[4.903048] (mr2_realsense) StdoutLine: {'line': b'copying mr2_realsense/realsense_pub_image.py -> /home/jsagx-6/itc01_ws/build/mr2_realsense/build/lib/mr2_realsense\n'}
[4.903819] (mr2_realsense) StdoutLine: {'line': b'copying mr2_realsense/__init__.py -> /home/jsagx-6/itc01_ws/build/mr2_realsense/build/lib/mr2_realsense\n'}
[4.904353] (mr2_realsense) StdoutLine: {'line': b'copying mr2_realsense/yolov8_rs03.py -> /home/jsagx-6/itc01_ws/build/mr2_realsense/build/lib/mr2_realsense\n'}
[4.905163] (mr2_realsense) StdoutLine: {'line': b'copying mr2_realsense/yolo_ball_pub02.py -> /home/jsagx-6/itc01_ws/build/mr2_realsense/build/lib/mr2_realsense\n'}
[4.905862] (mr2_realsense) StdoutLine: {'line': b'copying mr2_realsense/yolo_ball_pub.py -> /home/jsagx-6/itc01_ws/build/mr2_realsense/build/lib/mr2_realsense\n'}
[4.906936] (mr2_realsense) StdoutLine: {'line': b'copying mr2_realsense/yolov8_rs.py -> /home/jsagx-6/itc01_ws/build/mr2_realsense/build/lib/mr2_realsense\n'}
[4.909338] (mr2_realsense) StdoutLine: {'line': b'running install\n'}
[4.926033] (mr2_realsense) StdoutLine: {'line': b'running install_lib\n'}
[4.938366] (-) TimerEvent: {}
[4.941068] (buffalo_robot) StdoutLine: {'line': b"reading manifest file '../../../build/buffalo_robot/buffalo_robot.egg-info/SOURCES.txt'\n"}
[4.945866] (buffalo_robot) StdoutLine: {'line': b"writing manifest file '../../../build/buffalo_robot/buffalo_robot.egg-info/SOURCES.txt'\n"}
[4.946588] (buffalo_robot) StdoutLine: {'line': b'running build\n'}
[4.946951] (buffalo_robot) StdoutLine: {'line': b'running build_py\n'}
[4.948333] (buffalo_robot) StdoutLine: {'line': b'copying buffalo_robot/mecanum_pidV1.py -> /home/jsagx-6/itc01_ws/build/buffalo_robot/build/lib/buffalo_robot\n'}
[4.949283] (buffalo_robot) StdoutLine: {'line': b'copying buffalo_robot/pid_simulation.py -> /home/jsagx-6/itc01_ws/build/buffalo_robot/build/lib/buffalo_robot\n'}
[4.950029] (buffalo_robot) StdoutLine: {'line': b'copying buffalo_robot/imu.py -> /home/jsagx-6/itc01_ws/build/buffalo_robot/build/lib/buffalo_robot\n'}
[4.950690] (buffalo_robot) StdoutLine: {'line': b'copying buffalo_robot/can_buffaloV1.py -> /home/jsagx-6/itc01_ws/build/buffalo_robot/build/lib/buffalo_robot\n'}
[4.951463] (buffalo_robot) StdoutLine: {'line': b'copying buffalo_robot/mpc_omni.py -> /home/jsagx-6/itc01_ws/build/buffalo_robot/build/lib/buffalo_robot\n'}
[4.952598] (buffalo_robot) StdoutLine: {'line': b'copying buffalo_robot/omni_pidV1.py -> /home/jsagx-6/itc01_ws/build/buffalo_robot/build/lib/buffalo_robot\n'}
[4.953280] (buffalo_robot) StdoutLine: {'line': b'copying buffalo_robot/__init__.py -> /home/jsagx-6/itc01_ws/build/buffalo_robot/build/lib/buffalo_robot\n'}
[4.953991] (buffalo_robot) StdoutLine: {'line': b'copying buffalo_robot/EKF.py -> /home/jsagx-6/itc01_ws/build/buffalo_robot/build/lib/buffalo_robot\n'}
[4.954517] (buffalo_robot) StdoutLine: {'line': b'copying buffalo_robot/ps4_control.py -> /home/jsagx-6/itc01_ws/build/buffalo_robot/build/lib/buffalo_robot\n'}
[4.955381] (buffalo_robot) StdoutLine: {'line': b'copying buffalo_robot/can_control_Motor.py -> /home/jsagx-6/itc01_ws/build/buffalo_robot/build/lib/buffalo_robot\n'}
[4.956001] (buffalo_robot) StdoutLine: {'line': b'copying buffalo_robot/omni_mpcV2.py -> /home/jsagx-6/itc01_ws/build/buffalo_robot/build/lib/buffalo_robot\n'}
[4.956791] (buffalo_robot) StdoutLine: {'line': b'copying buffalo_robot/omni_mpcSimV1.py -> /home/jsagx-6/itc01_ws/build/buffalo_robot/build/lib/buffalo_robot\n'}
[4.957631] (buffalo_robot) StdoutLine: {'line': b'copying buffalo_robot/Omni_PidSim.py -> /home/jsagx-6/itc01_ws/build/buffalo_robot/build/lib/buffalo_robot\n'}
[4.958489] (buffalo_robot) StdoutLine: {'line': b'copying buffalo_robot/can_buffaloV2.py -> /home/jsagx-6/itc01_ws/build/buffalo_robot/build/lib/buffalo_robot\n'}
[4.959192] (buffalo_robot) StdoutLine: {'line': b'copying buffalo_robot/omni_mpcV1.py -> /home/jsagx-6/itc01_ws/build/buffalo_robot/build/lib/buffalo_robot\n'}
[4.960471] (buffalo_robot) StdoutLine: {'line': b'copying buffalo_robot/omni_pidV2.py -> /home/jsagx-6/itc01_ws/build/buffalo_robot/build/lib/buffalo_robot\n'}
[4.961157] (buffalo_robot) StdoutLine: {'line': b'copying buffalo_robot/mecanum_pidV2.py -> /home/jsagx-6/itc01_ws/build/buffalo_robot/build/lib/buffalo_robot\n'}
[4.961947] (buffalo_robot) StdoutLine: {'line': b'copying buffalo_robot/imu_HFI_a9.py -> /home/jsagx-6/itc01_ws/build/buffalo_robot/build/lib/buffalo_robot\n'}
[4.964172] (buffalo_robot) StdoutLine: {'line': b'running install\n'}
[4.981161] (buffalo_robot) StdoutLine: {'line': b'running install_lib\n'}
[4.982418] (mr2_realsense) StdoutLine: {'line': b'running install_data\n'}
[4.982926] (mr2_realsense) StdoutLine: {'line': b'copying resource/mr2_realsense -> /home/jsagx-6/itc01_ws/install/mr2_realsense/share/ament_index/resource_index/packages\n'}
[4.983485] (mr2_realsense) StdoutLine: {'line': b'copying package.xml -> /home/jsagx-6/itc01_ws/install/mr2_realsense/share/mr2_realsense\n'}
[4.984191] (mr2_realsense) StdoutLine: {'line': b'running install_egg_info\n'}
[5.036151] (mr2_realsense) StdoutLine: {'line': b"removing '/home/jsagx-6/itc01_ws/install/mr2_realsense/lib/python3.8/site-packages/mr2_realsense-0.0.0-py3.8.egg-info' (and everything under it)\n"}
[5.037461] (mr2_realsense) StdoutLine: {'line': b'Copying ../../../build/mr2_realsense/mr2_realsense.egg-info to /home/jsagx-6/itc01_ws/install/mr2_realsense/lib/python3.8/site-packages/mr2_realsense-0.0.0-py3.8.egg-info\n'}
[5.038489] (-) TimerEvent: {}
[5.040309] (buffalo_robot) StdoutLine: {'line': b'running install_data\n'}
[5.040967] (buffalo_robot) StdoutLine: {'line': b'copying resource/buffalo_robot -> /home/jsagx-6/itc01_ws/install/buffalo_robot/share/ament_index/resource_index/packages\n'}
[5.041385] (buffalo_robot) StdoutLine: {'line': b'copying package.xml -> /home/jsagx-6/itc01_ws/install/buffalo_robot/share/buffalo_robot\n'}
[5.041784] (mr2_realsense) StdoutLine: {'line': b'running install_scripts\n'}
[5.042217] (buffalo_robot) StdoutLine: {'line': b'running install_egg_info\n'}
[5.095104] (buffalo_robot) StdoutLine: {'line': b"removing '/home/jsagx-6/itc01_ws/install/buffalo_robot/lib/python3.8/site-packages/buffalo_robot-0.0.0-py3.8.egg-info' (and everything under it)\n"}
[5.096351] (buffalo_robot) StdoutLine: {'line': b'Copying ../../../build/buffalo_robot/buffalo_robot.egg-info to /home/jsagx-6/itc01_ws/install/buffalo_robot/lib/python3.8/site-packages/buffalo_robot-0.0.0-py3.8.egg-info\n'}
[5.100195] (buffalo_robot) StdoutLine: {'line': b'running install_scripts\n'}
[5.138675] (-) TimerEvent: {}
[5.164472] (mr2_realsense) StdoutLine: {'line': b'Installing realsense_depth script to /home/jsagx-6/itc01_ws/install/mr2_realsense/lib/mr2_realsense\n'}
[5.165298] (mr2_realsense) StdoutLine: {'line': b'Installing realsense_pub script to /home/jsagx-6/itc01_ws/install/mr2_realsense/lib/mr2_realsense\n'}
[5.166112] (mr2_realsense) StdoutLine: {'line': b'Installing realsense_pub02 script to /home/jsagx-6/itc01_ws/install/mr2_realsense/lib/mr2_realsense\n'}
[5.166712] (mr2_realsense) StdoutLine: {'line': b'Installing webcam_pub script to /home/jsagx-6/itc01_ws/install/mr2_realsense/lib/mr2_realsense\n'}
[5.167310] (mr2_realsense) StdoutLine: {'line': b'Installing yolo_ball_pub script to /home/jsagx-6/itc01_ws/install/mr2_realsense/lib/mr2_realsense\n'}
[5.167964] (mr2_realsense) StdoutLine: {'line': b'Installing yolo_ball_pub02 script to /home/jsagx-6/itc01_ws/install/mr2_realsense/lib/mr2_realsense\n'}
[5.168494] (mr2_realsense) StdoutLine: {'line': b'Installing yolo_pub_8 script to /home/jsagx-6/itc01_ws/install/mr2_realsense/lib/mr2_realsense\n'}
[5.169151] (mr2_realsense) StdoutLine: {'line': b'Installing yolov8_rs script to /home/jsagx-6/itc01_ws/install/mr2_realsense/lib/mr2_realsense\n'}
[5.169756] (mr2_realsense) StdoutLine: {'line': b'Installing yolov8_rs03 script to /home/jsagx-6/itc01_ws/install/mr2_realsense/lib/mr2_realsense\n'}
[5.170326] (mr2_realsense) StdoutLine: {'line': b'Installing yolov8_webcam script to /home/jsagx-6/itc01_ws/install/mr2_realsense/lib/mr2_realsense\n'}
[5.172320] (mr2_realsense) StdoutLine: {'line': b"writing list of installed files to '/home/jsagx-6/itc01_ws/build/mr2_realsense/install.log'\n"}
[5.228976] (buffalo_robot) StdoutLine: {'line': b'Installing Omni_PidSim script to /home/jsagx-6/itc01_ws/install/buffalo_robot/lib/buffalo_robot\n'}
[5.230143] (buffalo_robot) StdoutLine: {'line': b'Installing Omni_model script to /home/jsagx-6/itc01_ws/install/buffalo_robot/lib/buffalo_robot\n'}
[5.230794] (buffalo_robot) StdoutLine: {'line': b'Installing buffalo_sim script to /home/jsagx-6/itc01_ws/install/buffalo_robot/lib/buffalo_robot\n'}
[5.231256] (buffalo_robot) StdoutLine: {'line': b'Installing buffalov1 script to /home/jsagx-6/itc01_ws/install/buffalo_robot/lib/buffalo_robot\n'}
[5.231739] (buffalo_robot) StdoutLine: {'line': b'Installing buffalov2 script to /home/jsagx-6/itc01_ws/install/buffalo_robot/lib/buffalo_robot\n'}
[5.232269] (buffalo_robot) StdoutLine: {'line': b'Installing can_buffalo script to /home/jsagx-6/itc01_ws/install/buffalo_robot/lib/buffalo_robot\n'}
[5.233004] (buffalo_robot) StdoutLine: {'line': b'Installing can_buffaloV2 script to /home/jsagx-6/itc01_ws/install/buffalo_robot/lib/buffalo_robot\n'}
[5.233654] (buffalo_robot) StdoutLine: {'line': b'Installing can_motor script to /home/jsagx-6/itc01_ws/install/buffalo_robot/lib/buffalo_robot\n'}
[5.234138] (buffalo_robot) StdoutLine: {'line': b'Installing can_rotary script to /home/jsagx-6/itc01_ws/install/buffalo_robot/lib/buffalo_robot\n'}
[5.234640] (buffalo_robot) StdoutLine: {'line': b'Installing imu script to /home/jsagx-6/itc01_ws/install/buffalo_robot/lib/buffalo_robot\n'}
[5.235166] (buffalo_robot) StdoutLine: {'line': b'Installing imu_ha9 script to /home/jsagx-6/itc01_ws/install/buffalo_robot/lib/buffalo_robot\n'}
[5.235758] (buffalo_robot) StdoutLine: {'line': b'Installing mec_teleop script to /home/jsagx-6/itc01_ws/install/buffalo_robot/lib/buffalo_robot\n'}
[5.236289] (buffalo_robot) StdoutLine: {'line': b'Installing omni_mpcsim script to /home/jsagx-6/itc01_ws/install/buffalo_robot/lib/buffalo_robot\n'}
[5.236812] (buffalo_robot) StdoutLine: {'line': b'Installing omni_mpcv1 script to /home/jsagx-6/itc01_ws/install/buffalo_robot/lib/buffalo_robot\n'}
[5.237383] (buffalo_robot) StdoutLine: {'line': b'Installing omni_mpcv2 script to /home/jsagx-6/itc01_ws/install/buffalo_robot/lib/buffalo_robot\n'}
[5.237905] (buffalo_robot) StdoutLine: {'line': b'Installing omni_pidv1 script to /home/jsagx-6/itc01_ws/install/buffalo_robot/lib/buffalo_robot\n'}
[5.238476] (buffalo_robot) StdoutLine: {'line': b'Installing omni_pidv2 script to /home/jsagx-6/itc01_ws/install/buffalo_robot/lib/buffalo_robot\n'}
[5.238745] (-) TimerEvent: {}
[5.239446] (buffalo_robot) StdoutLine: {'line': b'Installing ps4 script to /home/jsagx-6/itc01_ws/install/buffalo_robot/lib/buffalo_robot\n'}
[5.239920] (buffalo_robot) StdoutLine: {'line': b'Installing ps4v2 script to /home/jsagx-6/itc01_ws/install/buffalo_robot/lib/buffalo_robot\n'}
[5.242327] (buffalo_robot) StdoutLine: {'line': b"writing list of installed files to '/home/jsagx-6/itc01_ws/build/buffalo_robot/install.log'\n"}
[5.266389] (mr2_realsense) CommandEnded: {'returncode': 0}
[5.307474] (mr2_realsense) JobEnded: {'identifier': 'mr2_realsense', 'rc': 0}
[5.334048] (buffalo_robot) CommandEnded: {'returncode': 0}
[5.338926] (-) TimerEvent: {}
[5.357684] (buffalo_robot) JobEnded: {'identifier': 'buffalo_robot', 'rc': 0}
[5.360730] (-) EventReactorShutdown: {}
