[3.793s] Invoking command in '/home/jsagx-6/itc01_ws/src/itc01_mr2/mr2_realsense': PYTHONPATH=/home/jsagx-6/itc01_ws/build/mr2_realsense/prefix_override:/home/jsagx-6/itc01_ws/install/mr2_realsense/lib/python3.8/site-packages:${PYTHONPATH} /usr/bin/python3 -W ignore:setup.py install is deprecated setup.py egg_info --egg-base ../../../build/mr2_realsense build --build-base /home/jsagx-6/itc01_ws/build/mr2_realsense/build install --record /home/jsagx-6/itc01_ws/build/mr2_realsense/install.log --install-scripts $base/lib/mr2_realsense --single-version-externally-managed install_data
[4.269s] /home/jsagx-6/.local/lib/python3.8/site-packages/setuptools/dist.py:476: SetuptoolsDeprecationWarning: Invalid dash-separated options
[4.269s] !!
[4.270s] 
[4.270s]         ********************************************************************************
[4.270s]         Usage of dash-separated 'script-dir' will not be supported in future
[4.271s]         versions. Please use the underscore name 'script_dir' instead.
[4.271s] 
[4.271s]         By 2024-Sep-26, you need to update your project and remove deprecated calls
[4.272s]         or your builds will no longer be supported.
[4.272s] 
[4.272s]         See https://setuptools.pypa.io/en/latest/userguide/declarative_config.html for details.
[4.272s]         ********************************************************************************
[4.273s] 
[4.273s] !!
[4.273s]   opt = self.warn_dash_deprecation(opt, section)
[4.656s] running egg_info
[4.708s] writing ../../../build/mr2_realsense/mr2_realsense.egg-info/PKG-INFO
[4.710s] writing dependency_links to ../../../build/mr2_realsense/mr2_realsense.egg-info/dependency_links.txt
[4.712s] writing entry points to ../../../build/mr2_realsense/mr2_realsense.egg-info/entry_points.txt
[4.712s] writing requirements to ../../../build/mr2_realsense/mr2_realsense.egg-info/requires.txt
[4.713s] writing top-level names to ../../../build/mr2_realsense/mr2_realsense.egg-info/top_level.txt
[5.153s] reading manifest file '../../../build/mr2_realsense/mr2_realsense.egg-info/SOURCES.txt'
[5.158s] writing manifest file '../../../build/mr2_realsense/mr2_realsense.egg-info/SOURCES.txt'
[5.159s] running build
[5.159s] running build_py
[5.161s] copying mr2_realsense/test_opencv_8_pub.py -> /home/jsagx-6/itc01_ws/build/mr2_realsense/build/lib/mr2_realsense
[5.162s] copying mr2_realsense/yolov8_webcam.py -> /home/jsagx-6/itc01_ws/build/mr2_realsense/build/lib/mr2_realsense
[5.164s] copying mr2_realsense/realsense_pub_image.py -> /home/jsagx-6/itc01_ws/build/mr2_realsense/build/lib/mr2_realsense
[5.165s] copying mr2_realsense/__init__.py -> /home/jsagx-6/itc01_ws/build/mr2_realsense/build/lib/mr2_realsense
[5.165s] copying mr2_realsense/yolov8_rs03.py -> /home/jsagx-6/itc01_ws/build/mr2_realsense/build/lib/mr2_realsense
[5.166s] copying mr2_realsense/yolo_ball_pub02.py -> /home/jsagx-6/itc01_ws/build/mr2_realsense/build/lib/mr2_realsense
[5.166s] copying mr2_realsense/yolo_ball_pub.py -> /home/jsagx-6/itc01_ws/build/mr2_realsense/build/lib/mr2_realsense
[5.167s] copying mr2_realsense/yolov8_rs.py -> /home/jsagx-6/itc01_ws/build/mr2_realsense/build/lib/mr2_realsense
[5.170s] running install
[5.188s] running install_lib
[5.246s] running install_data
[5.247s] copying resource/mr2_realsense -> /home/jsagx-6/itc01_ws/install/mr2_realsense/share/ament_index/resource_index/packages
[5.248s] copying package.xml -> /home/jsagx-6/itc01_ws/install/mr2_realsense/share/mr2_realsense
[5.248s] running install_egg_info
[5.304s] removing '/home/jsagx-6/itc01_ws/install/mr2_realsense/lib/python3.8/site-packages/mr2_realsense-0.0.0-py3.8.egg-info' (and everything under it)
[5.306s] Copying ../../../build/mr2_realsense/mr2_realsense.egg-info to /home/jsagx-6/itc01_ws/install/mr2_realsense/lib/python3.8/site-packages/mr2_realsense-0.0.0-py3.8.egg-info
[5.310s] running install_scripts
[5.439s] Installing realsense_depth script to /home/jsagx-6/itc01_ws/install/mr2_realsense/lib/mr2_realsense
[5.440s] Installing realsense_pub script to /home/jsagx-6/itc01_ws/install/mr2_realsense/lib/mr2_realsense
[5.441s] Installing realsense_pub02 script to /home/jsagx-6/itc01_ws/install/mr2_realsense/lib/mr2_realsense
[5.441s] Installing webcam_pub script to /home/jsagx-6/itc01_ws/install/mr2_realsense/lib/mr2_realsense
[5.442s] Installing yolo_ball_pub script to /home/jsagx-6/itc01_ws/install/mr2_realsense/lib/mr2_realsense
[5.443s] Installing yolo_ball_pub02 script to /home/jsagx-6/itc01_ws/install/mr2_realsense/lib/mr2_realsense
[5.443s] Installing yolo_pub_8 script to /home/jsagx-6/itc01_ws/install/mr2_realsense/lib/mr2_realsense
[5.444s] Installing yolov8_rs script to /home/jsagx-6/itc01_ws/install/mr2_realsense/lib/mr2_realsense
[5.444s] Installing yolov8_rs03 script to /home/jsagx-6/itc01_ws/install/mr2_realsense/lib/mr2_realsense
[5.445s] Installing yolov8_webcam script to /home/jsagx-6/itc01_ws/install/mr2_realsense/lib/mr2_realsense
[5.447s] writing list of installed files to '/home/jsagx-6/itc01_ws/build/mr2_realsense/install.log'
[5.534s] Invoked command in '/home/jsagx-6/itc01_ws/src/itc01_mr2/mr2_realsense' returned '0': PYTHONPATH=/home/jsagx-6/itc01_ws/build/mr2_realsense/prefix_override:/home/jsagx-6/itc01_ws/install/mr2_realsense/lib/python3.8/site-packages:${PYTHONPATH} /usr/bin/python3 -W ignore:setup.py install is deprecated setup.py egg_info --egg-base ../../../build/mr2_realsense build --build-base /home/jsagx-6/itc01_ws/build/mr2_realsense/build install --record /home/jsagx-6/itc01_ws/build/mr2_realsense/install.log --install-scripts $base/lib/mr2_realsense --single-version-externally-managed install_data
