[2.326s] Invoking command in '/home/jsagx-6/itc01_ws/src/itc01_mr2/buffalo_robot': PYTHONPATH=/home/jsagx-6/itc01_ws/build/buffalo_robot/prefix_override:/home/jsagx-6/itc01_ws/install/buffalo_robot/lib/python3.8/site-packages:${PYTHONPATH} /usr/bin/python3 -W ignore:setup.py install is deprecated setup.py egg_info --egg-base ../../../build/buffalo_robot build --build-base /home/jsagx-6/itc01_ws/build/buffalo_robot/build install --record /home/jsagx-6/itc01_ws/build/buffalo_robot/install.log --install-scripts $base/lib/buffalo_robot --single-version-externally-managed install_data
[3.133s] running egg_info
[3.135s] writing ../../../build/buffalo_robot/buffalo_robot.egg-info/PKG-INFO
[3.137s] writing dependency_links to ../../../build/buffalo_robot/buffalo_robot.egg-info/dependency_links.txt
[3.138s] writing entry points to ../../../build/buffalo_robot/buffalo_robot.egg-info/entry_points.txt
[3.138s] writing requirements to ../../../build/buffalo_robot/buffalo_robot.egg-info/requires.txt
[3.139s] writing top-level names to ../../../build/buffalo_robot/buffalo_robot.egg-info/top_level.txt
[3.259s] reading manifest file '../../../build/buffalo_robot/buffalo_robot.egg-info/SOURCES.txt'
[3.266s] writing manifest file '../../../build/buffalo_robot/buffalo_robot.egg-info/SOURCES.txt'
[3.267s] running build
[3.267s] running build_py
[3.273s] copying buffalo_robot/omni_pidV4.py -> /home/jsagx-6/itc01_ws/build/buffalo_robot/build/lib/buffalo_robot
[3.274s] copying buffalo_robot/ps4_controlV2.py -> /home/jsagx-6/itc01_ws/build/buffalo_robot/build/lib/buffalo_robot
[3.278s] running install
[3.281s] running install_lib
[3.287s] copying /home/jsagx-6/itc01_ws/build/buffalo_robot/build/lib/buffalo_robot/omni_pidV4.py -> /home/jsagx-6/itc01_ws/install/buffalo_robot/lib/python3.8/site-packages/buffalo_robot
[3.288s] copying /home/jsagx-6/itc01_ws/build/buffalo_robot/build/lib/buffalo_robot/ps4_controlV2.py -> /home/jsagx-6/itc01_ws/install/buffalo_robot/lib/python3.8/site-packages/buffalo_robot
[3.294s] byte-compiling /home/jsagx-6/itc01_ws/install/buffalo_robot/lib/python3.8/site-packages/buffalo_robot/omni_pidV4.py to omni_pidV4.cpython-38.pyc
[3.311s] byte-compiling /home/jsagx-6/itc01_ws/install/buffalo_robot/lib/python3.8/site-packages/buffalo_robot/ps4_controlV2.py to ps4_controlV2.cpython-38.pyc
[3.316s] running install_data
[3.317s] running install_egg_info
[3.322s] removing '/home/jsagx-6/itc01_ws/install/buffalo_robot/lib/python3.8/site-packages/buffalo_robot-0.0.0-py3.8.egg-info' (and everything under it)
[3.323s] Copying ../../../build/buffalo_robot/buffalo_robot.egg-info to /home/jsagx-6/itc01_ws/install/buffalo_robot/lib/python3.8/site-packages/buffalo_robot-0.0.0-py3.8.egg-info
[3.327s] running install_scripts
[3.377s] Installing Omni_PidSim script to /home/jsagx-6/itc01_ws/install/buffalo_robot/lib/buffalo_robot
[3.377s] Installing Omni_model script to /home/jsagx-6/itc01_ws/install/buffalo_robot/lib/buffalo_robot
[3.378s] Installing buffalo_sim script to /home/jsagx-6/itc01_ws/install/buffalo_robot/lib/buffalo_robot
[3.378s] Installing buffalov1 script to /home/jsagx-6/itc01_ws/install/buffalo_robot/lib/buffalo_robot
[3.379s] Installing buffalov2 script to /home/jsagx-6/itc01_ws/install/buffalo_robot/lib/buffalo_robot
[3.379s] Installing can_buffalo script to /home/jsagx-6/itc01_ws/install/buffalo_robot/lib/buffalo_robot
[3.380s] Installing can_buffaloV2 script to /home/jsagx-6/itc01_ws/install/buffalo_robot/lib/buffalo_robot
[3.380s] Installing can_buffaloV3 script to /home/jsagx-6/itc01_ws/install/buffalo_robot/lib/buffalo_robot
[3.381s] Installing can_motor script to /home/jsagx-6/itc01_ws/install/buffalo_robot/lib/buffalo_robot
[3.381s] Installing can_rotary script to /home/jsagx-6/itc01_ws/install/buffalo_robot/lib/buffalo_robot
[3.382s] Installing imu script to /home/jsagx-6/itc01_ws/install/buffalo_robot/lib/buffalo_robot
[3.382s] Installing imu_cal script to /home/jsagx-6/itc01_ws/install/buffalo_robot/lib/buffalo_robot
[3.383s] Installing imu_ha9 script to /home/jsagx-6/itc01_ws/install/buffalo_robot/lib/buffalo_robot
[3.383s] Installing omni_mpcsim script to /home/jsagx-6/itc01_ws/install/buffalo_robot/lib/buffalo_robot
[3.384s] Installing omni_mpcv1 script to /home/jsagx-6/itc01_ws/install/buffalo_robot/lib/buffalo_robot
[3.384s] Installing omni_mpcv2 script to /home/jsagx-6/itc01_ws/install/buffalo_robot/lib/buffalo_robot
[3.384s] Installing omni_pidv1 script to /home/jsagx-6/itc01_ws/install/buffalo_robot/lib/buffalo_robot
[3.385s] Installing omni_pidv2 script to /home/jsagx-6/itc01_ws/install/buffalo_robot/lib/buffalo_robot
[3.385s] Installing omni_pidv3 script to /home/jsagx-6/itc01_ws/install/buffalo_robot/lib/buffalo_robot
[3.386s] Installing omni_pidv4 script to /home/jsagx-6/itc01_ws/install/buffalo_robot/lib/buffalo_robot
[3.386s] Installing omni_teleop script to /home/jsagx-6/itc01_ws/install/buffalo_robot/lib/buffalo_robot
[3.387s] Installing ps4 script to /home/jsagx-6/itc01_ws/install/buffalo_robot/lib/buffalo_robot
[3.387s] Installing ps4v2 script to /home/jsagx-6/itc01_ws/install/buffalo_robot/lib/buffalo_robot
[3.390s] writing list of installed files to '/home/jsagx-6/itc01_ws/build/buffalo_robot/install.log'
[3.460s] Invoked command in '/home/jsagx-6/itc01_ws/src/itc01_mr2/buffalo_robot' returned '0': PYTHONPATH=/home/jsagx-6/itc01_ws/build/buffalo_robot/prefix_override:/home/jsagx-6/itc01_ws/install/buffalo_robot/lib/python3.8/site-packages:${PYTHONPATH} /usr/bin/python3 -W ignore:setup.py install is deprecated setup.py egg_info --egg-base ../../../build/buffalo_robot build --build-base /home/jsagx-6/itc01_ws/build/buffalo_robot/build install --record /home/jsagx-6/itc01_ws/build/buffalo_robot/install.log --install-scripts $base/lib/buffalo_robot --single-version-externally-managed install_data
