[2.197s] Invoking command in '/home/jsagx-6/itc01_ws/src/itc01_mr2/buffalo_robot': PYTHONPATH=/home/jsagx-6/itc01_ws/build/buffalo_robot/prefix_override:/home/jsagx-6/itc01_ws/install/buffalo_robot/lib/python3.8/site-packages:${PYTHONPATH} /usr/bin/python3 -W ignore:setup.py install is deprecated setup.py egg_info --egg-base ../../../build/buffalo_robot build --build-base /home/jsagx-6/itc01_ws/build/buffalo_robot/build install --record /home/jsagx-6/itc01_ws/build/buffalo_robot/install.log --install-scripts $base/lib/buffalo_robot --single-version-externally-managed install_data
[2.955s] running egg_info
[2.957s] writing ../../../build/buffalo_robot/buffalo_robot.egg-info/PKG-INFO
[2.958s] writing dependency_links to ../../../build/buffalo_robot/buffalo_robot.egg-info/dependency_links.txt
[2.959s] writing entry points to ../../../build/buffalo_robot/buffalo_robot.egg-info/entry_points.txt
[2.959s] writing requirements to ../../../build/buffalo_robot/buffalo_robot.egg-info/requires.txt
[2.960s] writing top-level names to ../../../build/buffalo_robot/buffalo_robot.egg-info/top_level.txt
[3.066s] reading manifest file '../../../build/buffalo_robot/buffalo_robot.egg-info/SOURCES.txt'
[3.070s] writing manifest file '../../../build/buffalo_robot/buffalo_robot.egg-info/SOURCES.txt'
[3.072s] running build
[3.072s] running build_py
[3.075s] copying buffalo_robot/omni_pidV5_RED.py -> /home/jsagx-6/itc01_ws/build/buffalo_robot/build/lib/buffalo_robot
[3.080s] running install
[3.083s] running install_lib
[3.087s] copying /home/jsagx-6/itc01_ws/build/buffalo_robot/build/lib/buffalo_robot/omni_pidV5_RED.py -> /home/jsagx-6/itc01_ws/install/buffalo_robot/lib/python3.8/site-packages/buffalo_robot
[3.093s] byte-compiling /home/jsagx-6/itc01_ws/install/buffalo_robot/lib/python3.8/site-packages/buffalo_robot/omni_pidV5_RED.py to omni_pidV5_RED.cpython-38.pyc
[3.113s] running install_data
[3.114s] running install_egg_info
[3.118s] removing '/home/jsagx-6/itc01_ws/install/buffalo_robot/lib/python3.8/site-packages/buffalo_robot-0.0.0-py3.8.egg-info' (and everything under it)
[3.120s] Copying ../../../build/buffalo_robot/buffalo_robot.egg-info to /home/jsagx-6/itc01_ws/install/buffalo_robot/lib/python3.8/site-packages/buffalo_robot-0.0.0-py3.8.egg-info
[3.123s] running install_scripts
[3.172s] Installing Omni_PidSim script to /home/jsagx-6/itc01_ws/install/buffalo_robot/lib/buffalo_robot
[3.172s] Installing Omni_model script to /home/jsagx-6/itc01_ws/install/buffalo_robot/lib/buffalo_robot
[3.173s] Installing buffalo_sim script to /home/jsagx-6/itc01_ws/install/buffalo_robot/lib/buffalo_robot
[3.173s] Installing buffalov1 script to /home/jsagx-6/itc01_ws/install/buffalo_robot/lib/buffalo_robot
[3.174s] Installing buffalov2 script to /home/jsagx-6/itc01_ws/install/buffalo_robot/lib/buffalo_robot
[3.174s] Installing can_buffalo script to /home/jsagx-6/itc01_ws/install/buffalo_robot/lib/buffalo_robot
[3.175s] Installing can_buffaloV2 script to /home/jsagx-6/itc01_ws/install/buffalo_robot/lib/buffalo_robot
[3.175s] Installing can_buffaloV3 script to /home/jsagx-6/itc01_ws/install/buffalo_robot/lib/buffalo_robot
[3.176s] Installing can_motor script to /home/jsagx-6/itc01_ws/install/buffalo_robot/lib/buffalo_robot
[3.176s] Installing can_rotary script to /home/jsagx-6/itc01_ws/install/buffalo_robot/lib/buffalo_robot
[3.176s] Installing imu script to /home/jsagx-6/itc01_ws/install/buffalo_robot/lib/buffalo_robot
[3.177s] Installing imu_cal script to /home/jsagx-6/itc01_ws/install/buffalo_robot/lib/buffalo_robot
[3.177s] Installing imu_ha9 script to /home/jsagx-6/itc01_ws/install/buffalo_robot/lib/buffalo_robot
[3.178s] Installing omni_mpcsim script to /home/jsagx-6/itc01_ws/install/buffalo_robot/lib/buffalo_robot
[3.178s] Installing omni_mpcv1 script to /home/jsagx-6/itc01_ws/install/buffalo_robot/lib/buffalo_robot
[3.179s] Installing omni_mpcv2 script to /home/jsagx-6/itc01_ws/install/buffalo_robot/lib/buffalo_robot
[3.179s] Installing omni_pidBlue script to /home/jsagx-6/itc01_ws/install/buffalo_robot/lib/buffalo_robot
[3.180s] Installing omni_pidRed script to /home/jsagx-6/itc01_ws/install/buffalo_robot/lib/buffalo_robot
[3.180s] Installing omni_pidv1 script to /home/jsagx-6/itc01_ws/install/buffalo_robot/lib/buffalo_robot
[3.180s] Installing omni_pidv2 script to /home/jsagx-6/itc01_ws/install/buffalo_robot/lib/buffalo_robot
[3.181s] Installing omni_pidv3 script to /home/jsagx-6/itc01_ws/install/buffalo_robot/lib/buffalo_robot
[3.181s] Installing omni_pidv4 script to /home/jsagx-6/itc01_ws/install/buffalo_robot/lib/buffalo_robot
[3.182s] Installing omni_teleop script to /home/jsagx-6/itc01_ws/install/buffalo_robot/lib/buffalo_robot
[3.182s] Installing ps4 script to /home/jsagx-6/itc01_ws/install/buffalo_robot/lib/buffalo_robot
[3.183s] Installing ps4v2 script to /home/jsagx-6/itc01_ws/install/buffalo_robot/lib/buffalo_robot
[3.186s] writing list of installed files to '/home/jsagx-6/itc01_ws/build/buffalo_robot/install.log'
[3.251s] Invoked command in '/home/jsagx-6/itc01_ws/src/itc01_mr2/buffalo_robot' returned '0': PYTHONPATH=/home/jsagx-6/itc01_ws/build/buffalo_robot/prefix_override:/home/jsagx-6/itc01_ws/install/buffalo_robot/lib/python3.8/site-packages:${PYTHONPATH} /usr/bin/python3 -W ignore:setup.py install is deprecated setup.py egg_info --egg-base ../../../build/buffalo_robot build --build-base /home/jsagx-6/itc01_ws/build/buffalo_robot/build install --record /home/jsagx-6/itc01_ws/build/buffalo_robot/install.log --install-scripts $base/lib/buffalo_robot --single-version-externally-managed install_data
