[3.498s] Invoking command in '/home/jsagx-6/itc01_ws/src/itc01_mr2/buffalo_robot': PYTHONPATH=/home/jsagx-6/itc01_ws/build/buffalo_robot/prefix_override:/home/jsagx-6/itc01_ws/install/buffalo_robot/lib/python3.8/site-packages:${PYTHONPATH} /usr/bin/python3 -W ignore:setup.py install is deprecated setup.py egg_info --egg-base ../../../build/buffalo_robot build --build-base /home/jsagx-6/itc01_ws/build/buffalo_robot/build install --record /home/jsagx-6/itc01_ws/build/buffalo_robot/install.log --install-scripts $base/lib/buffalo_robot --single-version-externally-managed install_data
[3.934s] /home/jsagx-6/.local/lib/python3.8/site-packages/setuptools/dist.py:476: SetuptoolsDeprecationWarning: Invalid dash-separated options
[3.934s] !!
[3.935s] 
[3.935s]         ********************************************************************************
[3.935s]         Usage of dash-separated 'script-dir' will not be supported in future
[3.935s]         versions. Please use the underscore name 'script_dir' instead.
[3.935s] 
[3.936s]         By 2024-Sep-26, you need to update your project and remove deprecated calls
[3.936s]         or your builds will no longer be supported.
[3.937s] 
[3.937s]         See https://setuptools.pypa.io/en/latest/userguide/declarative_config.html for details.
[3.937s]         ********************************************************************************
[3.937s] 
[3.937s] !!
[3.938s]   opt = self.warn_dash_deprecation(opt, section)
[4.292s] running egg_info
[4.340s] writing ../../../build/buffalo_robot/buffalo_robot.egg-info/PKG-INFO
[4.341s] writing dependency_links to ../../../build/buffalo_robot/buffalo_robot.egg-info/dependency_links.txt
[4.343s] writing entry points to ../../../build/buffalo_robot/buffalo_robot.egg-info/entry_points.txt
[4.344s] writing requirements to ../../../build/buffalo_robot/buffalo_robot.egg-info/requires.txt
[4.344s] writing top-level names to ../../../build/buffalo_robot/buffalo_robot.egg-info/top_level.txt
[4.754s] reading manifest file '../../../build/buffalo_robot/buffalo_robot.egg-info/SOURCES.txt'
[4.759s] writing manifest file '../../../build/buffalo_robot/buffalo_robot.egg-info/SOURCES.txt'
[4.759s] running build
[4.760s] running build_py
[4.761s] copying buffalo_robot/mecanum_pidV1.py -> /home/jsagx-6/itc01_ws/build/buffalo_robot/build/lib/buffalo_robot
[4.762s] copying buffalo_robot/pid_simulation.py -> /home/jsagx-6/itc01_ws/build/buffalo_robot/build/lib/buffalo_robot
[4.762s] copying buffalo_robot/imu.py -> /home/jsagx-6/itc01_ws/build/buffalo_robot/build/lib/buffalo_robot
[4.763s] copying buffalo_robot/can_buffaloV1.py -> /home/jsagx-6/itc01_ws/build/buffalo_robot/build/lib/buffalo_robot
[4.764s] copying buffalo_robot/mpc_omni.py -> /home/jsagx-6/itc01_ws/build/buffalo_robot/build/lib/buffalo_robot
[4.765s] copying buffalo_robot/omni_pidV1.py -> /home/jsagx-6/itc01_ws/build/buffalo_robot/build/lib/buffalo_robot
[4.766s] copying buffalo_robot/__init__.py -> /home/jsagx-6/itc01_ws/build/buffalo_robot/build/lib/buffalo_robot
[4.766s] copying buffalo_robot/EKF.py -> /home/jsagx-6/itc01_ws/build/buffalo_robot/build/lib/buffalo_robot
[4.767s] copying buffalo_robot/ps4_control.py -> /home/jsagx-6/itc01_ws/build/buffalo_robot/build/lib/buffalo_robot
[4.768s] copying buffalo_robot/can_control_Motor.py -> /home/jsagx-6/itc01_ws/build/buffalo_robot/build/lib/buffalo_robot
[4.769s] copying buffalo_robot/omni_mpcV2.py -> /home/jsagx-6/itc01_ws/build/buffalo_robot/build/lib/buffalo_robot
[4.769s] copying buffalo_robot/omni_mpcSimV1.py -> /home/jsagx-6/itc01_ws/build/buffalo_robot/build/lib/buffalo_robot
[4.770s] copying buffalo_robot/Omni_PidSim.py -> /home/jsagx-6/itc01_ws/build/buffalo_robot/build/lib/buffalo_robot
[4.771s] copying buffalo_robot/can_buffaloV2.py -> /home/jsagx-6/itc01_ws/build/buffalo_robot/build/lib/buffalo_robot
[4.771s] copying buffalo_robot/omni_mpcV1.py -> /home/jsagx-6/itc01_ws/build/buffalo_robot/build/lib/buffalo_robot
[4.773s] copying buffalo_robot/omni_pidV2.py -> /home/jsagx-6/itc01_ws/build/buffalo_robot/build/lib/buffalo_robot
[4.774s] copying buffalo_robot/mecanum_pidV2.py -> /home/jsagx-6/itc01_ws/build/buffalo_robot/build/lib/buffalo_robot
[4.775s] copying buffalo_robot/imu_HFI_a9.py -> /home/jsagx-6/itc01_ws/build/buffalo_robot/build/lib/buffalo_robot
[4.777s] running install
[4.793s] running install_lib
[4.845s] copying /home/jsagx-6/itc01_ws/build/buffalo_robot/build/lib/buffalo_robot/can_buffaloV2.py -> /home/jsagx-6/itc01_ws/install/buffalo_robot/lib/python3.8/site-packages/buffalo_robot
[4.847s] copying /home/jsagx-6/itc01_ws/build/buffalo_robot/build/lib/buffalo_robot/omni_pidV2.py -> /home/jsagx-6/itc01_ws/install/buffalo_robot/lib/python3.8/site-packages/buffalo_robot
[4.850s] byte-compiling /home/jsagx-6/itc01_ws/install/buffalo_robot/lib/python3.8/site-packages/buffalo_robot/can_buffaloV2.py to can_buffaloV2.cpython-38.pyc
[4.858s] byte-compiling /home/jsagx-6/itc01_ws/install/buffalo_robot/lib/python3.8/site-packages/buffalo_robot/omni_pidV2.py to omni_pidV2.cpython-38.pyc
[4.863s] running install_data
[4.864s] copying resource/buffalo_robot -> /home/jsagx-6/itc01_ws/install/buffalo_robot/share/ament_index/resource_index/packages
[4.865s] copying package.xml -> /home/jsagx-6/itc01_ws/install/buffalo_robot/share/buffalo_robot
[4.865s] running install_egg_info
[4.917s] removing '/home/jsagx-6/itc01_ws/install/buffalo_robot/lib/python3.8/site-packages/buffalo_robot-0.0.0-py3.8.egg-info' (and everything under it)
[4.918s] Copying ../../../build/buffalo_robot/buffalo_robot.egg-info to /home/jsagx-6/itc01_ws/install/buffalo_robot/lib/python3.8/site-packages/buffalo_robot-0.0.0-py3.8.egg-info
[4.921s] running install_scripts
[5.042s] Installing Omni_PidSim script to /home/jsagx-6/itc01_ws/install/buffalo_robot/lib/buffalo_robot
[5.043s] Installing Omni_model script to /home/jsagx-6/itc01_ws/install/buffalo_robot/lib/buffalo_robot
[5.043s] Installing buffalo_sim script to /home/jsagx-6/itc01_ws/install/buffalo_robot/lib/buffalo_robot
[5.044s] Installing buffalov1 script to /home/jsagx-6/itc01_ws/install/buffalo_robot/lib/buffalo_robot
[5.045s] Installing buffalov2 script to /home/jsagx-6/itc01_ws/install/buffalo_robot/lib/buffalo_robot
[5.045s] Installing can_buffalo script to /home/jsagx-6/itc01_ws/install/buffalo_robot/lib/buffalo_robot
[5.045s] Installing can_buffaloV2 script to /home/jsagx-6/itc01_ws/install/buffalo_robot/lib/buffalo_robot
[5.046s] Installing can_motor script to /home/jsagx-6/itc01_ws/install/buffalo_robot/lib/buffalo_robot
[5.046s] Installing can_rotary script to /home/jsagx-6/itc01_ws/install/buffalo_robot/lib/buffalo_robot
[5.047s] Installing imu script to /home/jsagx-6/itc01_ws/install/buffalo_robot/lib/buffalo_robot
[5.047s] Installing imu_ha9 script to /home/jsagx-6/itc01_ws/install/buffalo_robot/lib/buffalo_robot
[5.048s] Installing mec_teleop script to /home/jsagx-6/itc01_ws/install/buffalo_robot/lib/buffalo_robot
[5.048s] Installing omni_mpcsim script to /home/jsagx-6/itc01_ws/install/buffalo_robot/lib/buffalo_robot
[5.049s] Installing omni_mpcv1 script to /home/jsagx-6/itc01_ws/install/buffalo_robot/lib/buffalo_robot
[5.049s] Installing omni_mpcv2 script to /home/jsagx-6/itc01_ws/install/buffalo_robot/lib/buffalo_robot
[5.050s] Installing omni_pidv1 script to /home/jsagx-6/itc01_ws/install/buffalo_robot/lib/buffalo_robot
[5.050s] Installing omni_pidv2 script to /home/jsagx-6/itc01_ws/install/buffalo_robot/lib/buffalo_robot
[5.051s] Installing ps4 script to /home/jsagx-6/itc01_ws/install/buffalo_robot/lib/buffalo_robot
[5.051s] Installing ps4v2 script to /home/jsagx-6/itc01_ws/install/buffalo_robot/lib/buffalo_robot
[5.054s] writing list of installed files to '/home/jsagx-6/itc01_ws/build/buffalo_robot/install.log'
[5.180s] Invoked command in '/home/jsagx-6/itc01_ws/src/itc01_mr2/buffalo_robot' returned '0': PYTHONPATH=/home/jsagx-6/itc01_ws/build/buffalo_robot/prefix_override:/home/jsagx-6/itc01_ws/install/buffalo_robot/lib/python3.8/site-packages:${PYTHONPATH} /usr/bin/python3 -W ignore:setup.py install is deprecated setup.py egg_info --egg-base ../../../build/buffalo_robot build --build-base /home/jsagx-6/itc01_ws/build/buffalo_robot/build install --record /home/jsagx-6/itc01_ws/build/buffalo_robot/install.log --install-scripts $base/lib/buffalo_robot --single-version-externally-managed install_data
