[2.460s] Invoking command in '/home/jsagx-6/itc01_ws/src/itc01_mr2/buffalo_robot': PYTHONPATH=/home/jsagx-6/itc01_ws/build/buffalo_robot/prefix_override:/home/jsagx-6/itc01_ws/install/buffalo_robot/lib/python3.8/site-packages:${PYTHONPATH} /usr/bin/python3 -W ignore:setup.py install is deprecated setup.py egg_info --egg-base ../../../build/buffalo_robot build --build-base /home/jsagx-6/itc01_ws/build/buffalo_robot/build install --record /home/jsagx-6/itc01_ws/build/buffalo_robot/install.log --install-scripts $base/lib/buffalo_robot --single-version-externally-managed install_data
[3.252s] running egg_info
[3.253s] writing ../../../build/buffalo_robot/buffalo_robot.egg-info/PKG-INFO
[3.255s] writing dependency_links to ../../../build/buffalo_robot/buffalo_robot.egg-info/dependency_links.txt
[3.256s] writing entry points to ../../../build/buffalo_robot/buffalo_robot.egg-info/entry_points.txt
[3.256s] writing requirements to ../../../build/buffalo_robot/buffalo_robot.egg-info/requires.txt
[3.257s] writing top-level names to ../../../build/buffalo_robot/buffalo_robot.egg-info/top_level.txt
[3.373s] reading manifest file '../../../build/buffalo_robot/buffalo_robot.egg-info/SOURCES.txt'
[3.379s] writing manifest file '../../../build/buffalo_robot/buffalo_robot.egg-info/SOURCES.txt'
[3.381s] running build
[3.381s] running build_py
[3.397s] running install
[3.399s] running install_lib
[3.418s] running install_data
[3.419s] running install_egg_info
[3.424s] removing '/home/jsagx-6/itc01_ws/install/buffalo_robot/lib/python3.8/site-packages/buffalo_robot-0.0.0-py3.8.egg-info' (and everything under it)
[3.426s] Copying ../../../build/buffalo_robot/buffalo_robot.egg-info to /home/jsagx-6/itc01_ws/install/buffalo_robot/lib/python3.8/site-packages/buffalo_robot-0.0.0-py3.8.egg-info
[3.430s] running install_scripts
[3.482s] Installing Omni_PidSim script to /home/jsagx-6/itc01_ws/install/buffalo_robot/lib/buffalo_robot
[3.483s] Installing Omni_model script to /home/jsagx-6/itc01_ws/install/buffalo_robot/lib/buffalo_robot
[3.483s] Installing buffalo_sim script to /home/jsagx-6/itc01_ws/install/buffalo_robot/lib/buffalo_robot
[3.484s] Installing buffalov1 script to /home/jsagx-6/itc01_ws/install/buffalo_robot/lib/buffalo_robot
[3.485s] Installing buffalov2 script to /home/jsagx-6/itc01_ws/install/buffalo_robot/lib/buffalo_robot
[3.485s] Installing cal_goal script to /home/jsagx-6/itc01_ws/install/buffalo_robot/lib/buffalo_robot
[3.486s] Installing can_buffalo script to /home/jsagx-6/itc01_ws/install/buffalo_robot/lib/buffalo_robot
[3.486s] Installing can_buffaloV2 script to /home/jsagx-6/itc01_ws/install/buffalo_robot/lib/buffalo_robot
[3.487s] Installing can_buffaloV3 script to /home/jsagx-6/itc01_ws/install/buffalo_robot/lib/buffalo_robot
[3.487s] Installing can_buffaloV4 script to /home/jsagx-6/itc01_ws/install/buffalo_robot/lib/buffalo_robot
[3.488s] Installing can_motor script to /home/jsagx-6/itc01_ws/install/buffalo_robot/lib/buffalo_robot
[3.488s] Installing can_rotary script to /home/jsagx-6/itc01_ws/install/buffalo_robot/lib/buffalo_robot
[3.489s] Installing imu script to /home/jsagx-6/itc01_ws/install/buffalo_robot/lib/buffalo_robot
[3.490s] Installing imu_cal script to /home/jsagx-6/itc01_ws/install/buffalo_robot/lib/buffalo_robot
[3.490s] Installing imu_ha9 script to /home/jsagx-6/itc01_ws/install/buffalo_robot/lib/buffalo_robot
[3.491s] Installing omni_mpcsim script to /home/jsagx-6/itc01_ws/install/buffalo_robot/lib/buffalo_robot
[3.491s] Installing omni_mpcv1 script to /home/jsagx-6/itc01_ws/install/buffalo_robot/lib/buffalo_robot
[3.491s] Installing omni_mpcv2 script to /home/jsagx-6/itc01_ws/install/buffalo_robot/lib/buffalo_robot
[3.492s] Installing omni_pidBlue script to /home/jsagx-6/itc01_ws/install/buffalo_robot/lib/buffalo_robot
[3.492s] Installing omni_pidRed script to /home/jsagx-6/itc01_ws/install/buffalo_robot/lib/buffalo_robot
[3.494s] Installing omni_pidv1 script to /home/jsagx-6/itc01_ws/install/buffalo_robot/lib/buffalo_robot
[3.494s] Installing omni_pidv2 script to /home/jsagx-6/itc01_ws/install/buffalo_robot/lib/buffalo_robot
[3.495s] Installing omni_pidv3 script to /home/jsagx-6/itc01_ws/install/buffalo_robot/lib/buffalo_robot
[3.495s] Installing omni_pidv4 script to /home/jsagx-6/itc01_ws/install/buffalo_robot/lib/buffalo_robot
[3.496s] Installing omni_pieRedV1 script to /home/jsagx-6/itc01_ws/install/buffalo_robot/lib/buffalo_robot
[3.496s] Installing omni_teleop script to /home/jsagx-6/itc01_ws/install/buffalo_robot/lib/buffalo_robot
[3.497s] Installing ps4 script to /home/jsagx-6/itc01_ws/install/buffalo_robot/lib/buffalo_robot
[3.497s] Installing ps4v2 script to /home/jsagx-6/itc01_ws/install/buffalo_robot/lib/buffalo_robot
[3.501s] writing list of installed files to '/home/jsagx-6/itc01_ws/build/buffalo_robot/install.log'
[3.569s] Invoked command in '/home/jsagx-6/itc01_ws/src/itc01_mr2/buffalo_robot' returned '0': PYTHONPATH=/home/jsagx-6/itc01_ws/build/buffalo_robot/prefix_override:/home/jsagx-6/itc01_ws/install/buffalo_robot/lib/python3.8/site-packages:${PYTHONPATH} /usr/bin/python3 -W ignore:setup.py install is deprecated setup.py egg_info --egg-base ../../../build/buffalo_robot build --build-base /home/jsagx-6/itc01_ws/build/buffalo_robot/build install --record /home/jsagx-6/itc01_ws/build/buffalo_robot/install.log --install-scripts $base/lib/buffalo_robot --single-version-externally-managed install_data
