make: Warning: File 'Makefile' has modification time 768032988 s in the future
make[1]: Warning: File 'CMakeFiles/Makefile2' has modification time 768032988 s in the future
make[1]: warning:  Clock skew detected.  Your build may be incomplete.
make: warning:  Clock skew detected.  Your build may be incomplete.
-- Install configuration: ""
-- Up-to-date: /home/jsagx-6/itc01_ws/install/yolobot_recognition/share/yolobot_recognition//scripts
-- Up-to-date: /home/jsagx-6/itc01_ws/install/yolobot_recognition/share/yolobot_recognition//scripts/utils
-- Up-to-date: /home/jsagx-6/itc01_ws/install/yolobot_recognition/share/yolobot_recognition//scripts/utils/torch_utils.py
-- Up-to-date: /home/jsagx-6/itc01_ws/install/yolobot_recognition/share/yolobot_recognition//scripts/utils/general.py
-- Up-to-date: /home/jsagx-6/itc01_ws/install/yolobot_recognition/share/yolobot_recognition//scripts/utils/segment
-- Up-to-date: /home/jsagx-6/itc01_ws/install/yolobot_recognition/share/yolobot_recognition//scripts/utils/segment/general.py
-- Up-to-date: /home/jsagx-6/itc01_ws/install/yolobot_recognition/share/yolobot_recognition//scripts/utils/segment/loss.py
-- Up-to-date: /home/jsagx-6/itc01_ws/install/yolobot_recognition/share/yolobot_recognition//scripts/utils/segment/plots.py
-- Up-to-date: /home/jsagx-6/itc01_ws/install/yolobot_recognition/share/yolobot_recognition//scripts/utils/segment/__pycache__
-- Up-to-date: /home/jsagx-6/itc01_ws/install/yolobot_recognition/share/yolobot_recognition//scripts/utils/segment/__pycache__/__init__.cpython-38.pyc
-- Up-to-date: /home/jsagx-6/itc01_ws/install/yolobot_recognition/share/yolobot_recognition//scripts/utils/segment/__pycache__/general.cpython-310.pyc
-- Up-to-date: /home/jsagx-6/itc01_ws/install/yolobot_recognition/share/yolobot_recognition//scripts/utils/segment/__pycache__/general.cpython-38.pyc
-- Up-to-date: /home/jsagx-6/itc01_ws/install/yolobot_recognition/share/yolobot_recognition//scripts/utils/segment/__pycache__/__init__.cpython-310.pyc
-- Up-to-date: /home/jsagx-6/itc01_ws/install/yolobot_recognition/share/yolobot_recognition//scripts/utils/segment/augmentations.py
-- Up-to-date: /home/jsagx-6/itc01_ws/install/yolobot_recognition/share/yolobot_recognition//scripts/utils/segment/metrics.py
-- Up-to-date: /home/jsagx-6/itc01_ws/install/yolobot_recognition/share/yolobot_recognition//scripts/utils/segment/dataloaders.py
-- Up-to-date: /home/jsagx-6/itc01_ws/install/yolobot_recognition/share/yolobot_recognition//scripts/utils/segment/__init__.py
-- Up-to-date: /home/jsagx-6/itc01_ws/install/yolobot_recognition/share/yolobot_recognition//scripts/utils/google_app_engine
-- Up-to-date: /home/jsagx-6/itc01_ws/install/yolobot_recognition/share/yolobot_recognition//scripts/utils/google_app_engine/additional_requirements.txt
-- Up-to-date: /home/jsagx-6/itc01_ws/install/yolobot_recognition/share/yolobot_recognition//scripts/utils/google_app_engine/Dockerfile
-- Up-to-date: /home/jsagx-6/itc01_ws/install/yolobot_recognition/share/yolobot_recognition//scripts/utils/google_app_engine/app.yaml
-- Up-to-date: /home/jsagx-6/itc01_ws/install/yolobot_recognition/share/yolobot_recognition//scripts/utils/docker
-- Up-to-date: /home/jsagx-6/itc01_ws/install/yolobot_recognition/share/yolobot_recognition//scripts/utils/docker/Dockerfile-cpu
-- Up-to-date: /home/jsagx-6/itc01_ws/install/yolobot_recognition/share/yolobot_recognition//scripts/utils/docker/Dockerfile-arm64
-- Up-to-date: /home/jsagx-6/itc01_ws/install/yolobot_recognition/share/yolobot_recognition//scripts/utils/docker/Dockerfile
-- Up-to-date: /home/jsagx-6/itc01_ws/install/yolobot_recognition/share/yolobot_recognition//scripts/utils/activations.py
-- Up-to-date: /home/jsagx-6/itc01_ws/install/yolobot_recognition/share/yolobot_recognition//scripts/utils/callbacks.py
-- Up-to-date: /home/jsagx-6/itc01_ws/install/yolobot_recognition/share/yolobot_recognition//scripts/utils/loss.py
-- Up-to-date: /home/jsagx-6/itc01_ws/install/yolobot_recognition/share/yolobot_recognition//scripts/utils/plots.py
-- Up-to-date: /home/jsagx-6/itc01_ws/install/yolobot_recognition/share/yolobot_recognition//scripts/utils/triton.py
-- Up-to-date: /home/jsagx-6/itc01_ws/install/yolobot_recognition/share/yolobot_recognition//scripts/utils/__pycache__
-- Up-to-date: /home/jsagx-6/itc01_ws/install/yolobot_recognition/share/yolobot_recognition//scripts/utils/__pycache__/downloads.cpython-38.pyc
-- Up-to-date: /home/jsagx-6/itc01_ws/install/yolobot_recognition/share/yolobot_recognition//scripts/utils/__pycache__/__init__.cpython-38.pyc
-- Up-to-date: /home/jsagx-6/itc01_ws/install/yolobot_recognition/share/yolobot_recognition//scripts/utils/__pycache__/augmentations.cpython-38.pyc
-- Up-to-date: /home/jsagx-6/itc01_ws/install/yolobot_recognition/share/yolobot_recognition//scripts/utils/__pycache__/plots.cpython-38.pyc
-- Up-to-date: /home/jsagx-6/itc01_ws/install/yolobot_recognition/share/yolobot_recognition//scripts/utils/__pycache__/metrics.cpython-310.pyc
-- Up-to-date: /home/jsagx-6/itc01_ws/install/yolobot_recognition/share/yolobot_recognition//scripts/utils/__pycache__/general.cpython-310.pyc
-- Up-to-date: /home/jsagx-6/itc01_ws/install/yolobot_recognition/share/yolobot_recognition//scripts/utils/__pycache__/metrics.cpython-38.pyc
-- Up-to-date: /home/jsagx-6/itc01_ws/install/yolobot_recognition/share/yolobot_recognition//scripts/utils/__pycache__/dataloaders.cpython-38.pyc
-- Up-to-date: /home/jsagx-6/itc01_ws/install/yolobot_recognition/share/yolobot_recognition//scripts/utils/__pycache__/torch_utils.cpython-310.pyc
-- Up-to-date: /home/jsagx-6/itc01_ws/install/yolobot_recognition/share/yolobot_recognition//scripts/utils/__pycache__/plots.cpython-310.pyc
-- Up-to-date: /home/jsagx-6/itc01_ws/install/yolobot_recognition/share/yolobot_recognition//scripts/utils/__pycache__/downloads.cpython-310.pyc
-- Up-to-date: /home/jsagx-6/itc01_ws/install/yolobot_recognition/share/yolobot_recognition//scripts/utils/__pycache__/general.cpython-38.pyc
-- Up-to-date: /home/jsagx-6/itc01_ws/install/yolobot_recognition/share/yolobot_recognition//scripts/utils/__pycache__/autobatch.cpython-310.pyc
-- Up-to-date: /home/jsagx-6/itc01_ws/install/yolobot_recognition/share/yolobot_recognition//scripts/utils/__pycache__/callbacks.cpython-310.pyc
-- Up-to-date: /home/jsagx-6/itc01_ws/install/yolobot_recognition/share/yolobot_recognition//scripts/utils/__pycache__/__init__.cpython-310.pyc
-- Up-to-date: /home/jsagx-6/itc01_ws/install/yolobot_recognition/share/yolobot_recognition//scripts/utils/__pycache__/torch_utils.cpython-38.pyc
-- Up-to-date: /home/jsagx-6/itc01_ws/install/yolobot_recognition/share/yolobot_recognition//scripts/utils/__pycache__/autoanchor.cpython-310.pyc
-- Up-to-date: /home/jsagx-6/itc01_ws/install/yolobot_recognition/share/yolobot_recognition//scripts/utils/__pycache__/augmentations.cpython-310.pyc
-- Up-to-date: /home/jsagx-6/itc01_ws/install/yolobot_recognition/share/yolobot_recognition//scripts/utils/__pycache__/autoanchor.cpython-38.pyc
-- Up-to-date: /home/jsagx-6/itc01_ws/install/yolobot_recognition/share/yolobot_recognition//scripts/utils/__pycache__/dataloaders.cpython-310.pyc
-- Up-to-date: /home/jsagx-6/itc01_ws/install/yolobot_recognition/share/yolobot_recognition//scripts/utils/autobatch.py
-- Up-to-date: /home/jsagx-6/itc01_ws/install/yolobot_recognition/share/yolobot_recognition//scripts/utils/autoanchor.py
-- Up-to-date: /home/jsagx-6/itc01_ws/install/yolobot_recognition/share/yolobot_recognition//scripts/utils/flask_rest_api
-- Up-to-date: /home/jsagx-6/itc01_ws/install/yolobot_recognition/share/yolobot_recognition//scripts/utils/flask_rest_api/restapi.py
-- Up-to-date: /home/jsagx-6/itc01_ws/install/yolobot_recognition/share/yolobot_recognition//scripts/utils/flask_rest_api/README.md
-- Up-to-date: /home/jsagx-6/itc01_ws/install/yolobot_recognition/share/yolobot_recognition//scripts/utils/flask_rest_api/example_request.py
-- Up-to-date: /home/jsagx-6/itc01_ws/install/yolobot_recognition/share/yolobot_recognition//scripts/utils/augmentations.py
-- Up-to-date: /home/jsagx-6/itc01_ws/install/yolobot_recognition/share/yolobot_recognition//scripts/utils/downloads.py
-- Up-to-date: /home/jsagx-6/itc01_ws/install/yolobot_recognition/share/yolobot_recognition//scripts/utils/aws
-- Up-to-date: /home/jsagx-6/itc01_ws/install/yolobot_recognition/share/yolobot_recognition//scripts/utils/aws/resume.py
-- Up-to-date: /home/jsagx-6/itc01_ws/install/yolobot_recognition/share/yolobot_recognition//scripts/utils/aws/userdata.sh
-- Up-to-date: /home/jsagx-6/itc01_ws/install/yolobot_recognition/share/yolobot_recognition//scripts/utils/aws/mime.sh
-- Up-to-date: /home/jsagx-6/itc01_ws/install/yolobot_recognition/share/yolobot_recognition//scripts/utils/aws/__init__.py
-- Up-to-date: /home/jsagx-6/itc01_ws/install/yolobot_recognition/share/yolobot_recognition//scripts/utils/metrics.py
-- Up-to-date: /home/jsagx-6/itc01_ws/install/yolobot_recognition/share/yolobot_recognition//scripts/utils/loggers
-- Up-to-date: /home/jsagx-6/itc01_ws/install/yolobot_recognition/share/yolobot_recognition//scripts/utils/loggers/__pycache__
-- Up-to-date: /home/jsagx-6/itc01_ws/install/yolobot_recognition/share/yolobot_recognition//scripts/utils/loggers/__pycache__/__init__.cpython-310.pyc
-- Up-to-date: /home/jsagx-6/itc01_ws/install/yolobot_recognition/share/yolobot_recognition//scripts/utils/loggers/clearml
-- Up-to-date: /home/jsagx-6/itc01_ws/install/yolobot_recognition/share/yolobot_recognition//scripts/utils/loggers/clearml/README.md
-- Up-to-date: /home/jsagx-6/itc01_ws/install/yolobot_recognition/share/yolobot_recognition//scripts/utils/loggers/clearml/hpo.py
-- Up-to-date: /home/jsagx-6/itc01_ws/install/yolobot_recognition/share/yolobot_recognition//scripts/utils/loggers/clearml/clearml_utils.py
-- Up-to-date: /home/jsagx-6/itc01_ws/install/yolobot_recognition/share/yolobot_recognition//scripts/utils/loggers/clearml/__init__.py
-- Up-to-date: /home/jsagx-6/itc01_ws/install/yolobot_recognition/share/yolobot_recognition//scripts/utils/loggers/comet
-- Up-to-date: /home/jsagx-6/itc01_ws/install/yolobot_recognition/share/yolobot_recognition//scripts/utils/loggers/comet/optimizer_config.json
-- Up-to-date: /home/jsagx-6/itc01_ws/install/yolobot_recognition/share/yolobot_recognition//scripts/utils/loggers/comet/README.md
-- Up-to-date: /home/jsagx-6/itc01_ws/install/yolobot_recognition/share/yolobot_recognition//scripts/utils/loggers/comet/hpo.py
-- Up-to-date: /home/jsagx-6/itc01_ws/install/yolobot_recognition/share/yolobot_recognition//scripts/utils/loggers/comet/comet_utils.py
-- Up-to-date: /home/jsagx-6/itc01_ws/install/yolobot_recognition/share/yolobot_recognition//scripts/utils/loggers/comet/__init__.py
-- Up-to-date: /home/jsagx-6/itc01_ws/install/yolobot_recognition/share/yolobot_recognition//scripts/utils/loggers/wandb
-- Up-to-date: /home/jsagx-6/itc01_ws/install/yolobot_recognition/share/yolobot_recognition//scripts/utils/loggers/wandb/wandb_utils.py
-- Up-to-date: /home/jsagx-6/itc01_ws/install/yolobot_recognition/share/yolobot_recognition//scripts/utils/loggers/wandb/__init__.py
-- Up-to-date: /home/jsagx-6/itc01_ws/install/yolobot_recognition/share/yolobot_recognition//scripts/utils/loggers/__init__.py
-- Up-to-date: /home/jsagx-6/itc01_ws/install/yolobot_recognition/share/yolobot_recognition//scripts/utils/dataloaders.py
-- Up-to-date: /home/jsagx-6/itc01_ws/install/yolobot_recognition/share/yolobot_recognition//scripts/utils/__init__.py
-- Up-to-date: /home/jsagx-6/itc01_ws/install/yolobot_recognition/share/yolobot_recognition//scripts/.dockerignore
-- Up-to-date: /home/jsagx-6/itc01_ws/install/yolobot_recognition/share/yolobot_recognition//scripts/models
-- Up-to-date: /home/jsagx-6/itc01_ws/install/yolobot_recognition/share/yolobot_recognition//scripts/models/yolov5l.yaml
-- Up-to-date: /home/jsagx-6/itc01_ws/install/yolobot_recognition/share/yolobot_recognition//scripts/models/hub
-- Up-to-date: /home/jsagx-6/itc01_ws/install/yolobot_recognition/share/yolobot_recognition//scripts/models/hub/yolov5-p7.yaml
-- Up-to-date: /home/jsagx-6/itc01_ws/install/yolobot_recognition/share/yolobot_recognition//scripts/models/hub/yolov5n6.yaml
-- Up-to-date: /home/jsagx-6/itc01_ws/install/yolobot_recognition/share/yolobot_recognition//scripts/models/hub/yolov5s6.yaml
-- Up-to-date: /home/jsagx-6/itc01_ws/install/yolobot_recognition/share/yolobot_recognition//scripts/models/hub/yolov5-p2.yaml
-- Up-to-date: /home/jsagx-6/itc01_ws/install/yolobot_recognition/share/yolobot_recognition//scripts/models/hub/yolov3.yaml
-- Up-to-date: /home/jsagx-6/itc01_ws/install/yolobot_recognition/share/yolobot_recognition//scripts/models/hub/yolov3-spp.yaml
-- Up-to-date: /home/jsagx-6/itc01_ws/install/yolobot_recognition/share/yolobot_recognition//scripts/models/hub/yolov5s-LeakyReLU.yaml
-- Up-to-date: /home/jsagx-6/itc01_ws/install/yolobot_recognition/share/yolobot_recognition//scripts/models/hub/anchors.yaml
-- Up-to-date: /home/jsagx-6/itc01_ws/install/yolobot_recognition/share/yolobot_recognition//scripts/models/hub/yolov5-fpn.yaml
-- Up-to-date: /home/jsagx-6/itc01_ws/install/yolobot_recognition/share/yolobot_recognition//scripts/models/hub/yolov5m6.yaml
-- Up-to-date: /home/jsagx-6/itc01_ws/install/yolobot_recognition/share/yolobot_recognition//scripts/models/hub/yolov3-tiny.yaml
-- Up-to-date: /home/jsagx-6/itc01_ws/install/yolobot_recognition/share/yolobot_recognition//scripts/models/hub/yolov5-panet.yaml
-- Up-to-date: /home/jsagx-6/itc01_ws/install/yolobot_recognition/share/yolobot_recognition//scripts/models/hub/yolov5s-ghost.yaml
-- Up-to-date: /home/jsagx-6/itc01_ws/install/yolobot_recognition/share/yolobot_recognition//scripts/models/hub/yolov5-bifpn.yaml
-- Up-to-date: /home/jsagx-6/itc01_ws/install/yolobot_recognition/share/yolobot_recognition//scripts/models/hub/yolov5l6.yaml
-- Up-to-date: /home/jsagx-6/itc01_ws/install/yolobot_recognition/share/yolobot_recognition//scripts/models/hub/yolov5s-transformer.yaml
-- Up-to-date: /home/jsagx-6/itc01_ws/install/yolobot_recognition/share/yolobot_recognition//scripts/models/hub/yolov5-p6.yaml
-- Up-to-date: /home/jsagx-6/itc01_ws/install/yolobot_recognition/share/yolobot_recognition//scripts/models/hub/yolov5-p34.yaml
-- Up-to-date: /home/jsagx-6/itc01_ws/install/yolobot_recognition/share/yolobot_recognition//scripts/models/hub/yolov5x6.yaml
-- Up-to-date: /home/jsagx-6/itc01_ws/install/yolobot_recognition/share/yolobot_recognition//scripts/models/yolo.py
-- Up-to-date: /home/jsagx-6/itc01_ws/install/yolobot_recognition/share/yolobot_recognition//scripts/models/yolov5n.yaml
-- Up-to-date: /home/jsagx-6/itc01_ws/install/yolobot_recognition/share/yolobot_recognition//scripts/models/tf.py
-- Up-to-date: /home/jsagx-6/itc01_ws/install/yolobot_recognition/share/yolobot_recognition//scripts/models/experimental.py
-- Up-to-date: /home/jsagx-6/itc01_ws/install/yolobot_recognition/share/yolobot_recognition//scripts/models/segment
-- Up-to-date: /home/jsagx-6/itc01_ws/install/yolobot_recognition/share/yolobot_recognition//scripts/models/segment/yolov5l-seg.yaml
-- Up-to-date: /home/jsagx-6/itc01_ws/install/yolobot_recognition/share/yolobot_recognition//scripts/models/segment/yolov5n-seg.yaml
-- Up-to-date: /home/jsagx-6/itc01_ws/install/yolobot_recognition/share/yolobot_recognition//scripts/models/segment/yolov5s-seg.yaml
-- Up-to-date: /home/jsagx-6/itc01_ws/install/yolobot_recognition/share/yolobot_recognition//scripts/models/segment/yolov5m-seg.yaml
-- Up-to-date: /home/jsagx-6/itc01_ws/install/yolobot_recognition/share/yolobot_recognition//scripts/models/segment/yolov5x-seg.yaml
-- Up-to-date: /home/jsagx-6/itc01_ws/install/yolobot_recognition/share/yolobot_recognition//scripts/models/__pycache__
-- Up-to-date: /home/jsagx-6/itc01_ws/install/yolobot_recognition/share/yolobot_recognition//scripts/models/__pycache__/__init__.cpython-38.pyc
-- Up-to-date: /home/jsagx-6/itc01_ws/install/yolobot_recognition/share/yolobot_recognition//scripts/models/__pycache__/yolo.cpython-38.pyc
-- Up-to-date: /home/jsagx-6/itc01_ws/install/yolobot_recognition/share/yolobot_recognition//scripts/models/__pycache__/experimental.cpython-38.pyc
-- Up-to-date: /home/jsagx-6/itc01_ws/install/yolobot_recognition/share/yolobot_recognition//scripts/models/__pycache__/experimental.cpython-310.pyc
-- Up-to-date: /home/jsagx-6/itc01_ws/install/yolobot_recognition/share/yolobot_recognition//scripts/models/__pycache__/common.cpython-310.pyc
-- Up-to-date: /home/jsagx-6/itc01_ws/install/yolobot_recognition/share/yolobot_recognition//scripts/models/__pycache__/__init__.cpython-310.pyc
-- Up-to-date: /home/jsagx-6/itc01_ws/install/yolobot_recognition/share/yolobot_recognition//scripts/models/__pycache__/common.cpython-38.pyc
-- Up-to-date: /home/jsagx-6/itc01_ws/install/yolobot_recognition/share/yolobot_recognition//scripts/models/__pycache__/yolo.cpython-310.pyc
-- Up-to-date: /home/jsagx-6/itc01_ws/install/yolobot_recognition/share/yolobot_recognition//scripts/models/yolov5m.yaml
-- Up-to-date: /home/jsagx-6/itc01_ws/install/yolobot_recognition/share/yolobot_recognition//scripts/models/yolov5x.yaml
-- Up-to-date: /home/jsagx-6/itc01_ws/install/yolobot_recognition/share/yolobot_recognition//scripts/models/common.py
-- Up-to-date: /home/jsagx-6/itc01_ws/install/yolobot_recognition/share/yolobot_recognition//scripts/models/yolov5s.yaml
-- Up-to-date: /home/jsagx-6/itc01_ws/install/yolobot_recognition/share/yolobot_recognition//scripts/models/__init__.py
-- Up-to-date: /home/jsagx-6/itc01_ws/install/yolobot_recognition/share/yolobot_recognition//scripts/yolov5s.pt
-- Up-to-date: /home/jsagx-6/itc01_ws/install/yolobot_recognition/share/yolobot_recognition//scripts/benchmarks.py
-- Up-to-date: /home/jsagx-6/itc01_ws/install/yolobot_recognition/share/yolobot_recognition//scripts/.gitattributes
-- Up-to-date: /home/jsagx-6/itc01_ws/install/yolobot_recognition/share/yolobot_recognition//scripts/best.pt
-- Up-to-date: /home/jsagx-6/itc01_ws/install/yolobot_recognition/share/yolobot_recognition//scripts/.gitignore
-- Up-to-date: /home/jsagx-6/itc01_ws/install/yolobot_recognition/share/yolobot_recognition//scripts/webcam_pub.py
-- Up-to-date: /home/jsagx-6/itc01_ws/install/yolobot_recognition/share/yolobot_recognition//scripts/val.py
-- Up-to-date: /home/jsagx-6/itc01_ws/install/yolobot_recognition/share/yolobot_recognition//scripts/yolov5_detection.py
-- Up-to-date: /home/jsagx-6/itc01_ws/install/yolobot_recognition/share/yolobot_recognition//scripts/export.py
-- Up-to-date: /home/jsagx-6/itc01_ws/install/yolobot_recognition/share/yolobot_recognition//scripts/detect.py
-- Up-to-date: /home/jsagx-6/itc01_ws/install/yolobot_recognition/share/yolobot_recognition//scripts/ros_yolo_sub.py
-- Up-to-date: /home/jsagx-6/itc01_ws/install/yolobot_recognition/share/yolobot_recognition//scripts/runs
-- Up-to-date: /home/jsagx-6/itc01_ws/install/yolobot_recognition/share/yolobot_recognition//scripts/runs/detect
-- Up-to-date: /home/jsagx-6/itc01_ws/install/yolobot_recognition/share/yolobot_recognition//scripts/runs/detect/exp
-- Up-to-date: /home/jsagx-6/itc01_ws/install/yolobot_recognition/share/yolobot_recognition//scripts/runs/detect/exp/zidane.jpg
-- Up-to-date: /home/jsagx-6/itc01_ws/install/yolobot_recognition/share/yolobot_recognition//scripts/runs/detect/exp/bus.jpg
-- Up-to-date: /home/jsagx-6/itc01_ws/install/yolobot_recognition/share/yolobot_recognition//scripts/__pycache__
-- Up-to-date: /home/jsagx-6/itc01_ws/install/yolobot_recognition/share/yolobot_recognition//scripts/__pycache__/val.cpython-310.pyc
-- Up-to-date: /home/jsagx-6/itc01_ws/install/yolobot_recognition/share/yolobot_recognition//scripts/__pycache__/export.cpython-38.pyc
-- Up-to-date: /home/jsagx-6/itc01_ws/install/yolobot_recognition/share/yolobot_recognition//scripts/__pycache__/export.cpython-310.pyc
-- Up-to-date: /home/jsagx-6/itc01_ws/install/yolobot_recognition/share/yolobot_recognition//scripts/hubconf.py
-- Up-to-date: /home/jsagx-6/itc01_ws/install/yolobot_recognition/share/yolobot_recognition//scripts/train.py
-- Up-to-date: /home/jsagx-6/itc01_ws/install/yolobot_recognition/share/yolobot_recognition//scripts/ros_recognition_yolo.py
-- Up-to-date: /home/jsagx-6/itc01_ws/install/yolobot_recognition/share/yolobot_recognition//scripts/data
-- Up-to-date: /home/jsagx-6/itc01_ws/install/yolobot_recognition/share/yolobot_recognition//scripts/data/scripts
-- Up-to-date: /home/jsagx-6/itc01_ws/install/yolobot_recognition/share/yolobot_recognition//scripts/data/scripts/get_coco.sh
-- Up-to-date: /home/jsagx-6/itc01_ws/install/yolobot_recognition/share/yolobot_recognition//scripts/data/scripts/get_coco128.sh
-- Up-to-date: /home/jsagx-6/itc01_ws/install/yolobot_recognition/share/yolobot_recognition//scripts/data/scripts/download_weights.sh
-- Up-to-date: /home/jsagx-6/itc01_ws/install/yolobot_recognition/share/yolobot_recognition//scripts/data/scripts/get_imagenet.sh
-- Up-to-date: /home/jsagx-6/itc01_ws/install/yolobot_recognition/share/yolobot_recognition//scripts/data/SKU-110K.yaml
-- Up-to-date: /home/jsagx-6/itc01_ws/install/yolobot_recognition/share/yolobot_recognition//scripts/data/VOC.yaml
-- Up-to-date: /home/jsagx-6/itc01_ws/install/yolobot_recognition/share/yolobot_recognition//scripts/data/coco.yaml
-- Up-to-date: /home/jsagx-6/itc01_ws/install/yolobot_recognition/share/yolobot_recognition//scripts/data/Argoverse.yaml
-- Up-to-date: /home/jsagx-6/itc01_ws/install/yolobot_recognition/share/yolobot_recognition//scripts/data/xView.yaml
-- Up-to-date: /home/jsagx-6/itc01_ws/install/yolobot_recognition/share/yolobot_recognition//scripts/data/hyps
-- Up-to-date: /home/jsagx-6/itc01_ws/install/yolobot_recognition/share/yolobot_recognition//scripts/data/hyps/hyp.scratch-med.yaml
-- Up-to-date: /home/jsagx-6/itc01_ws/install/yolobot_recognition/share/yolobot_recognition//scripts/data/hyps/hyp.Objects365.yaml
-- Up-to-date: /home/jsagx-6/itc01_ws/install/yolobot_recognition/share/yolobot_recognition//scripts/data/hyps/hyp.scratch-high.yaml
-- Up-to-date: /home/jsagx-6/itc01_ws/install/yolobot_recognition/share/yolobot_recognition//scripts/data/hyps/hyp.no-augmentation.yaml
-- Up-to-date: /home/jsagx-6/itc01_ws/install/yolobot_recognition/share/yolobot_recognition//scripts/data/hyps/hyp.VOC.yaml
-- Up-to-date: /home/jsagx-6/itc01_ws/install/yolobot_recognition/share/yolobot_recognition//scripts/data/hyps/hyp.scratch-low.yaml
-- Up-to-date: /home/jsagx-6/itc01_ws/install/yolobot_recognition/share/yolobot_recognition//scripts/data/ImageNet.yaml
-- Up-to-date: /home/jsagx-6/itc01_ws/install/yolobot_recognition/share/yolobot_recognition//scripts/data/images
-- Up-to-date: /home/jsagx-6/itc01_ws/install/yolobot_recognition/share/yolobot_recognition//scripts/data/images/zidane.jpg
-- Up-to-date: /home/jsagx-6/itc01_ws/install/yolobot_recognition/share/yolobot_recognition//scripts/data/images/bus.jpg
-- Up-to-date: /home/jsagx-6/itc01_ws/install/yolobot_recognition/share/yolobot_recognition//scripts/data/GlobalWheat2020.yaml
-- Up-to-date: /home/jsagx-6/itc01_ws/install/yolobot_recognition/share/yolobot_recognition//scripts/data/coco128.yaml
-- Up-to-date: /home/jsagx-6/itc01_ws/install/yolobot_recognition/share/yolobot_recognition//scripts/data/Objects365.yaml
-- Up-to-date: /home/jsagx-6/itc01_ws/install/yolobot_recognition/share/yolobot_recognition//scripts/data/coco128-seg.yaml
-- Up-to-date: /home/jsagx-6/itc01_ws/install/yolobot_recognition/share/yolobot_recognition//scripts/data/VisDrone.yaml
-- Up-to-date: /home/jsagx-6/itc01_ws/install/yolobot_recognition/share/yolobot_recognition//scripts/setup.cfg
-- Up-to-date: /home/jsagx-6/itc01_ws/install/yolobot_recognition/lib/yolobot_recognition/ros_recognition_yolo.py
-- Up-to-date: /home/jsagx-6/itc01_ws/install/yolobot_recognition/lib/yolobot_recognition/yolov5_detection.py
-- Up-to-date: /home/jsagx-6/itc01_ws/install/yolobot_recognition/lib/yolobot_recognition/webcam_pub.py
-- Up-to-date: /home/jsagx-6/itc01_ws/install/yolobot_recognition/lib/yolobot_recognition/ros_yolo_sub.py
-- Up-to-date: /home/jsagx-6/itc01_ws/install/yolobot_recognition/share/ament_index/resource_index/package_run_dependencies/yolobot_recognition
-- Up-to-date: /home/jsagx-6/itc01_ws/install/yolobot_recognition/share/ament_index/resource_index/parent_prefix_path/yolobot_recognition
-- Up-to-date: /home/jsagx-6/itc01_ws/install/yolobot_recognition/share/yolobot_recognition/environment/ament_prefix_path.sh
-- Up-to-date: /home/jsagx-6/itc01_ws/install/yolobot_recognition/share/yolobot_recognition/environment/ament_prefix_path.dsv
-- Up-to-date: /home/jsagx-6/itc01_ws/install/yolobot_recognition/share/yolobot_recognition/environment/path.sh
-- Up-to-date: /home/jsagx-6/itc01_ws/install/yolobot_recognition/share/yolobot_recognition/environment/path.dsv
-- Up-to-date: /home/jsagx-6/itc01_ws/install/yolobot_recognition/share/yolobot_recognition/local_setup.bash
-- Up-to-date: /home/jsagx-6/itc01_ws/install/yolobot_recognition/share/yolobot_recognition/local_setup.sh
-- Up-to-date: /home/jsagx-6/itc01_ws/install/yolobot_recognition/share/yolobot_recognition/local_setup.zsh
-- Up-to-date: /home/jsagx-6/itc01_ws/install/yolobot_recognition/share/yolobot_recognition/local_setup.dsv
-- Installing: /home/jsagx-6/itc01_ws/install/yolobot_recognition/share/yolobot_recognition/package.dsv
-- Up-to-date: /home/jsagx-6/itc01_ws/install/yolobot_recognition/share/ament_index/resource_index/packages/yolobot_recognition
-- Up-to-date: /home/jsagx-6/itc01_ws/install/yolobot_recognition/share/yolobot_recognition/cmake/yolobot_recognitionConfig.cmake
-- Up-to-date: /home/jsagx-6/itc01_ws/install/yolobot_recognition/share/yolobot_recognition/cmake/yolobot_recognitionConfig-version.cmake
-- Up-to-date: /home/jsagx-6/itc01_ws/install/yolobot_recognition/share/yolobot_recognition/package.xml
