[1.521s] Invoking command in '/home/jsagx-6/itc01_ws/build/yolov8_msgs': CMAKE_PREFIX_PATH=${CMAKE_PREFIX_PATH}:/home/jsagx-6/itc01_ws/install/mr2_realsense:/home/jsagx-6/itc01_ws/install/buffalo_robot /usr/bin/cmake --build /home/jsagx-6/itc01_ws/build/yolov8_msgs -- -j8 -l8
[1.733s] [  2%] Built target yolov8_msgs__cpp
[1.744s] [ 12%] Built target yolov8_msgs__rosidl_generator_c
[1.837s] [ 23%] Built target yolov8_msgs__rosidl_typesupport_cpp
[1.845s] [ 33%] Built target yolov8_msgs__rosidl_typesupport_c
[1.847s] [ 43%] Built target yolov8_msgs__rosidl_typesupport_fastrtps_cpp
[1.848s] [ 53%] Built target yolov8_msgs__rosidl_typesupport_introspection_cpp
[1.965s] [ 64%] Built target yolov8_msgs__rosidl_typesupport_introspection_c
[2.006s] [ 74%] Built target yolov8_msgs__rosidl_typesupport_fastrtps_c
[2.033s] [ 74%] Built target yolov8_msgs
[2.115s] [ 76%] Built target yolov8_msgs__py
[2.212s] [ 84%] Built target yolov8_msgs__python
[2.311s] [ 94%] Built target yolov8_msgs__rosidl_typesupport_fastrtps_c__pyext
[2.312s] [ 94%] Built target yolov8_msgs__rosidl_typesupport_introspection_c__pyext
[2.313s] [100%] Built target yolov8_msgs__rosidl_typesupport_c__pyext
[2.358s] Invoked command in '/home/jsagx-6/itc01_ws/build/yolov8_msgs' returned '0': CMAKE_PREFIX_PATH=${CMAKE_PREFIX_PATH}:/home/jsagx-6/itc01_ws/install/mr2_realsense:/home/jsagx-6/itc01_ws/install/buffalo_robot /usr/bin/cmake --build /home/jsagx-6/itc01_ws/build/yolov8_msgs -- -j8 -l8
[2.606s] Invoking command in '/home/jsagx-6/itc01_ws/build/yolov8_msgs': CMAKE_PREFIX_PATH=${CMAKE_PREFIX_PATH}:/home/jsagx-6/itc01_ws/install/mr2_realsense:/home/jsagx-6/itc01_ws/install/buffalo_robot /usr/bin/cmake --install /home/jsagx-6/itc01_ws/build/yolov8_msgs
[2.643s] -- Install configuration: ""
[2.643s] -- Up-to-date: /home/jsagx-6/itc01_ws/install/yolov8_msgs/share/ament_index/resource_index/rosidl_interfaces/yolov8_msgs
[2.644s] -- Up-to-date: /home/jsagx-6/itc01_ws/install/yolov8_msgs/include/yolov8_msgs
[2.644s] -- Up-to-date: /home/jsagx-6/itc01_ws/install/yolov8_msgs/include/yolov8_msgs/msg
[2.645s] -- Up-to-date: /home/jsagx-6/itc01_ws/install/yolov8_msgs/include/yolov8_msgs/msg/yolov8_inference.h
[2.645s] -- Up-to-date: /home/jsagx-6/itc01_ws/install/yolov8_msgs/include/yolov8_msgs/msg/detail
[2.645s] -- Up-to-date: /home/jsagx-6/itc01_ws/install/yolov8_msgs/include/yolov8_msgs/msg/detail/inference_result__functions.c
[2.646s] -- Up-to-date: /home/jsagx-6/itc01_ws/install/yolov8_msgs/include/yolov8_msgs/msg/detail/inference_result__type_support.h
[2.646s] -- Up-to-date: /home/jsagx-6/itc01_ws/install/yolov8_msgs/include/yolov8_msgs/msg/detail/yolov8_inference__functions.h
[2.646s] -- Up-to-date: /home/jsagx-6/itc01_ws/install/yolov8_msgs/include/yolov8_msgs/msg/detail/yolov8_inference__type_support.h
[2.647s] -- Up-to-date: /home/jsagx-6/itc01_ws/install/yolov8_msgs/include/yolov8_msgs/msg/detail/yolov8_inference__struct.h
[2.647s] -- Up-to-date: /home/jsagx-6/itc01_ws/install/yolov8_msgs/include/yolov8_msgs/msg/detail/yolov8_inference__functions.c
[2.647s] -- Up-to-date: /home/jsagx-6/itc01_ws/install/yolov8_msgs/include/yolov8_msgs/msg/detail/inference_result__functions.h
[2.647s] -- Up-to-date: /home/jsagx-6/itc01_ws/install/yolov8_msgs/include/yolov8_msgs/msg/detail/inference_result__struct.h
[2.648s] -- Up-to-date: /home/jsagx-6/itc01_ws/install/yolov8_msgs/include/yolov8_msgs/msg/rosidl_generator_c__visibility_control.h
[2.648s] -- Up-to-date: /home/jsagx-6/itc01_ws/install/yolov8_msgs/include/yolov8_msgs/msg/inference_result.h
[2.648s] -- Up-to-date: /home/jsagx-6/itc01_ws/install/yolov8_msgs/share/yolov8_msgs/environment/library_path.sh
[2.649s] -- Up-to-date: /home/jsagx-6/itc01_ws/install/yolov8_msgs/share/yolov8_msgs/environment/library_path.dsv
[2.649s] -- Up-to-date: /home/jsagx-6/itc01_ws/install/yolov8_msgs/lib/libyolov8_msgs__rosidl_generator_c.so
[2.649s] -- Up-to-date: /home/jsagx-6/itc01_ws/install/yolov8_msgs/include/yolov8_msgs
[2.649s] -- Up-to-date: /home/jsagx-6/itc01_ws/install/yolov8_msgs/include/yolov8_msgs/msg
[2.650s] -- Up-to-date: /home/jsagx-6/itc01_ws/install/yolov8_msgs/include/yolov8_msgs/msg/detail
[2.650s] -- Up-to-date: /home/jsagx-6/itc01_ws/install/yolov8_msgs/include/yolov8_msgs/msg/detail/yolov8_inference__rosidl_typesupport_fastrtps_c.h
[2.650s] -- Up-to-date: /home/jsagx-6/itc01_ws/install/yolov8_msgs/include/yolov8_msgs/msg/detail/inference_result__rosidl_typesupport_fastrtps_c.h
[2.651s] -- Up-to-date: /home/jsagx-6/itc01_ws/install/yolov8_msgs/include/yolov8_msgs/msg/rosidl_typesupport_fastrtps_c__visibility_control.h
[2.651s] -- Up-to-date: /home/jsagx-6/itc01_ws/install/yolov8_msgs/lib/libyolov8_msgs__rosidl_typesupport_fastrtps_c.so
[2.652s] -- Up-to-date: /home/jsagx-6/itc01_ws/install/yolov8_msgs/include/yolov8_msgs
[2.652s] -- Up-to-date: /home/jsagx-6/itc01_ws/install/yolov8_msgs/include/yolov8_msgs/msg
[2.652s] -- Up-to-date: /home/jsagx-6/itc01_ws/install/yolov8_msgs/include/yolov8_msgs/msg/rosidl_typesupport_fastrtps_cpp__visibility_control.h
[2.653s] -- Up-to-date: /home/jsagx-6/itc01_ws/install/yolov8_msgs/include/yolov8_msgs/msg/detail
[2.653s] -- Up-to-date: /home/jsagx-6/itc01_ws/install/yolov8_msgs/include/yolov8_msgs/msg/detail/yolov8_inference__rosidl_typesupport_fastrtps_cpp.hpp
[2.653s] -- Up-to-date: /home/jsagx-6/itc01_ws/install/yolov8_msgs/include/yolov8_msgs/msg/detail/inference_result__rosidl_typesupport_fastrtps_cpp.hpp
[2.653s] -- Up-to-date: /home/jsagx-6/itc01_ws/install/yolov8_msgs/include/yolov8_msgs/msg/detail/dds_fastrtps
[2.654s] -- Up-to-date: /home/jsagx-6/itc01_ws/install/yolov8_msgs/lib/libyolov8_msgs__rosidl_typesupport_fastrtps_cpp.so
[2.655s] -- Up-to-date: /home/jsagx-6/itc01_ws/install/yolov8_msgs/include/yolov8_msgs
[2.655s] -- Up-to-date: /home/jsagx-6/itc01_ws/install/yolov8_msgs/include/yolov8_msgs/msg
[2.656s] -- Up-to-date: /home/jsagx-6/itc01_ws/install/yolov8_msgs/include/yolov8_msgs/msg/detail
[2.656s] -- Up-to-date: /home/jsagx-6/itc01_ws/install/yolov8_msgs/include/yolov8_msgs/msg/detail/inference_result__rosidl_typesupport_introspection_c.h
[2.656s] -- Up-to-date: /home/jsagx-6/itc01_ws/install/yolov8_msgs/include/yolov8_msgs/msg/detail/yolov8_inference__type_support.c
[2.656s] -- Up-to-date: /home/jsagx-6/itc01_ws/install/yolov8_msgs/include/yolov8_msgs/msg/detail/inference_result__type_support.c
[2.657s] -- Up-to-date: /home/jsagx-6/itc01_ws/install/yolov8_msgs/include/yolov8_msgs/msg/detail/yolov8_inference__rosidl_typesupport_introspection_c.h
[2.657s] -- Up-to-date: /home/jsagx-6/itc01_ws/install/yolov8_msgs/include/yolov8_msgs/msg/rosidl_typesupport_introspection_c__visibility_control.h
[2.657s] -- Up-to-date: /home/jsagx-6/itc01_ws/install/yolov8_msgs/lib/libyolov8_msgs__rosidl_typesupport_introspection_c.so
[2.659s] -- Up-to-date: /home/jsagx-6/itc01_ws/install/yolov8_msgs/lib/libyolov8_msgs__rosidl_typesupport_c.so
[2.660s] -- Up-to-date: /home/jsagx-6/itc01_ws/install/yolov8_msgs/include/yolov8_msgs
[2.660s] -- Up-to-date: /home/jsagx-6/itc01_ws/install/yolov8_msgs/include/yolov8_msgs/msg
[2.661s] -- Up-to-date: /home/jsagx-6/itc01_ws/install/yolov8_msgs/include/yolov8_msgs/msg/detail
[2.661s] -- Up-to-date: /home/jsagx-6/itc01_ws/install/yolov8_msgs/include/yolov8_msgs/msg/detail/inference_result__type_support.hpp
[2.662s] -- Up-to-date: /home/jsagx-6/itc01_ws/install/yolov8_msgs/include/yolov8_msgs/msg/detail/inference_result__struct.hpp
[2.662s] -- Up-to-date: /home/jsagx-6/itc01_ws/install/yolov8_msgs/include/yolov8_msgs/msg/detail/yolov8_inference__traits.hpp
[2.662s] -- Up-to-date: /home/jsagx-6/itc01_ws/install/yolov8_msgs/include/yolov8_msgs/msg/detail/yolov8_inference__builder.hpp
[2.663s] -- Up-to-date: /home/jsagx-6/itc01_ws/install/yolov8_msgs/include/yolov8_msgs/msg/detail/yolov8_inference__struct.hpp
[2.663s] -- Up-to-date: /home/jsagx-6/itc01_ws/install/yolov8_msgs/include/yolov8_msgs/msg/detail/yolov8_inference__type_support.hpp
[2.663s] -- Up-to-date: /home/jsagx-6/itc01_ws/install/yolov8_msgs/include/yolov8_msgs/msg/detail/inference_result__builder.hpp
[2.663s] -- Up-to-date: /home/jsagx-6/itc01_ws/install/yolov8_msgs/include/yolov8_msgs/msg/detail/inference_result__traits.hpp
[2.664s] -- Up-to-date: /home/jsagx-6/itc01_ws/install/yolov8_msgs/include/yolov8_msgs/msg/yolov8_inference.hpp
[2.664s] -- Up-to-date: /home/jsagx-6/itc01_ws/install/yolov8_msgs/include/yolov8_msgs/msg/rosidl_generator_cpp__visibility_control.hpp
[2.664s] -- Up-to-date: /home/jsagx-6/itc01_ws/install/yolov8_msgs/include/yolov8_msgs/msg/inference_result.hpp
[2.665s] -- Up-to-date: /home/jsagx-6/itc01_ws/install/yolov8_msgs/include/yolov8_msgs
[2.665s] -- Up-to-date: /home/jsagx-6/itc01_ws/install/yolov8_msgs/include/yolov8_msgs/msg
[2.665s] -- Up-to-date: /home/jsagx-6/itc01_ws/install/yolov8_msgs/include/yolov8_msgs/msg/detail
[2.665s] -- Up-to-date: /home/jsagx-6/itc01_ws/install/yolov8_msgs/include/yolov8_msgs/msg/detail/inference_result__rosidl_typesupport_introspection_cpp.hpp
[2.666s] -- Up-to-date: /home/jsagx-6/itc01_ws/install/yolov8_msgs/include/yolov8_msgs/msg/detail/yolov8_inference__rosidl_typesupport_introspection_cpp.hpp
[2.666s] -- Up-to-date: /home/jsagx-6/itc01_ws/install/yolov8_msgs/include/yolov8_msgs/msg/detail/yolov8_inference__type_support.cpp
[2.666s] -- Up-to-date: /home/jsagx-6/itc01_ws/install/yolov8_msgs/include/yolov8_msgs/msg/detail/inference_result__type_support.cpp
[2.666s] -- Up-to-date: /home/jsagx-6/itc01_ws/install/yolov8_msgs/lib/libyolov8_msgs__rosidl_typesupport_introspection_cpp.so
[2.667s] -- Up-to-date: /home/jsagx-6/itc01_ws/install/yolov8_msgs/lib/libyolov8_msgs__rosidl_typesupport_cpp.so
[2.667s] -- Up-to-date: /home/jsagx-6/itc01_ws/install/yolov8_msgs/share/yolov8_msgs/environment/pythonpath.sh
[2.667s] -- Up-to-date: /home/jsagx-6/itc01_ws/install/yolov8_msgs/share/yolov8_msgs/environment/pythonpath.dsv
[2.668s] -- Up-to-date: /home/jsagx-6/itc01_ws/install/yolov8_msgs/lib/python3.8/site-packages/yolov8_msgs/__init__.py
[2.794s] -- Up-to-date: /home/jsagx-6/itc01_ws/install/yolov8_msgs/lib/python3.8/site-packages/yolov8_msgs/msg
[2.795s] -- Up-to-date: /home/jsagx-6/itc01_ws/install/yolov8_msgs/lib/python3.8/site-packages/yolov8_msgs/msg/_inference_result.py
[2.795s] -- Up-to-date: /home/jsagx-6/itc01_ws/install/yolov8_msgs/lib/python3.8/site-packages/yolov8_msgs/msg/__init__.py
[2.795s] -- Up-to-date: /home/jsagx-6/itc01_ws/install/yolov8_msgs/lib/python3.8/site-packages/yolov8_msgs/msg/_yolov8_inference_s.c
[2.795s] -- Up-to-date: /home/jsagx-6/itc01_ws/install/yolov8_msgs/lib/python3.8/site-packages/yolov8_msgs/msg/_yolov8_inference.py
[2.796s] -- Up-to-date: /home/jsagx-6/itc01_ws/install/yolov8_msgs/lib/python3.8/site-packages/yolov8_msgs/msg/_inference_result_s.c
[2.796s] -- Up-to-date: /home/jsagx-6/itc01_ws/install/yolov8_msgs/lib/python3.8/site-packages/yolov8_msgs/yolov8_msgs_s__rosidl_typesupport_fastrtps_c.cpython-38-aarch64-linux-gnu.so
[2.798s] -- Up-to-date: /home/jsagx-6/itc01_ws/install/yolov8_msgs/lib/python3.8/site-packages/yolov8_msgs/yolov8_msgs_s__rosidl_typesupport_introspection_c.cpython-38-aarch64-linux-gnu.so
[2.801s] -- Up-to-date: /home/jsagx-6/itc01_ws/install/yolov8_msgs/lib/python3.8/site-packages/yolov8_msgs/yolov8_msgs_s__rosidl_typesupport_c.cpython-38-aarch64-linux-gnu.so
[2.803s] -- Up-to-date: /home/jsagx-6/itc01_ws/install/yolov8_msgs/lib/libyolov8_msgs__python.so
[2.804s] -- Up-to-date: /home/jsagx-6/itc01_ws/install/yolov8_msgs/share/yolov8_msgs/msg/InferenceResult.idl
[2.805s] -- Up-to-date: /home/jsagx-6/itc01_ws/install/yolov8_msgs/share/yolov8_msgs/msg/Yolov8Inference.idl
[2.805s] -- Up-to-date: /home/jsagx-6/itc01_ws/install/yolov8_msgs/share/yolov8_msgs/msg/InferenceResult.msg
[2.805s] -- Up-to-date: /home/jsagx-6/itc01_ws/install/yolov8_msgs/share/yolov8_msgs/msg/Yolov8Inference.msg
[2.806s] -- Up-to-date: /home/jsagx-6/itc01_ws/install/yolov8_msgs/share/ament_index/resource_index/package_run_dependencies/yolov8_msgs
[2.806s] -- Up-to-date: /home/jsagx-6/itc01_ws/install/yolov8_msgs/share/ament_index/resource_index/parent_prefix_path/yolov8_msgs
[2.807s] -- Up-to-date: /home/jsagx-6/itc01_ws/install/yolov8_msgs/share/yolov8_msgs/environment/ament_prefix_path.sh
[2.807s] -- Up-to-date: /home/jsagx-6/itc01_ws/install/yolov8_msgs/share/yolov8_msgs/environment/ament_prefix_path.dsv
[2.808s] -- Up-to-date: /home/jsagx-6/itc01_ws/install/yolov8_msgs/share/yolov8_msgs/environment/path.sh
[2.808s] -- Up-to-date: /home/jsagx-6/itc01_ws/install/yolov8_msgs/share/yolov8_msgs/environment/path.dsv
[2.808s] -- Up-to-date: /home/jsagx-6/itc01_ws/install/yolov8_msgs/share/yolov8_msgs/local_setup.bash
[2.808s] -- Up-to-date: /home/jsagx-6/itc01_ws/install/yolov8_msgs/share/yolov8_msgs/local_setup.sh
[2.809s] -- Up-to-date: /home/jsagx-6/itc01_ws/install/yolov8_msgs/share/yolov8_msgs/local_setup.zsh
[2.809s] -- Up-to-date: /home/jsagx-6/itc01_ws/install/yolov8_msgs/share/yolov8_msgs/local_setup.dsv
[2.809s] -- Installing: /home/jsagx-6/itc01_ws/install/yolov8_msgs/share/yolov8_msgs/package.dsv
[2.810s] -- Up-to-date: /home/jsagx-6/itc01_ws/install/yolov8_msgs/share/ament_index/resource_index/packages/yolov8_msgs
[2.810s] -- Up-to-date: /home/jsagx-6/itc01_ws/install/yolov8_msgs/share/yolov8_msgs/cmake/yolov8_msgs__rosidl_generator_cExport.cmake
[2.810s] -- Up-to-date: /home/jsagx-6/itc01_ws/install/yolov8_msgs/share/yolov8_msgs/cmake/yolov8_msgs__rosidl_generator_cExport-noconfig.cmake
[2.811s] -- Up-to-date: /home/jsagx-6/itc01_ws/install/yolov8_msgs/share/yolov8_msgs/cmake/yolov8_msgs__rosidl_typesupport_introspection_cExport.cmake
[2.811s] -- Up-to-date: /home/jsagx-6/itc01_ws/install/yolov8_msgs/share/yolov8_msgs/cmake/yolov8_msgs__rosidl_typesupport_introspection_cExport-noconfig.cmake
[2.811s] -- Up-to-date: /home/jsagx-6/itc01_ws/install/yolov8_msgs/share/yolov8_msgs/cmake/yolov8_msgs__rosidl_typesupport_cExport.cmake
[2.812s] -- Up-to-date: /home/jsagx-6/itc01_ws/install/yolov8_msgs/share/yolov8_msgs/cmake/yolov8_msgs__rosidl_typesupport_cExport-noconfig.cmake
[2.812s] -- Up-to-date: /home/jsagx-6/itc01_ws/install/yolov8_msgs/share/yolov8_msgs/cmake/yolov8_msgs__rosidl_generator_cppExport.cmake
[2.813s] -- Up-to-date: /home/jsagx-6/itc01_ws/install/yolov8_msgs/share/yolov8_msgs/cmake/yolov8_msgs__rosidl_typesupport_introspection_cppExport.cmake
[2.813s] -- Up-to-date: /home/jsagx-6/itc01_ws/install/yolov8_msgs/share/yolov8_msgs/cmake/yolov8_msgs__rosidl_typesupport_introspection_cppExport-noconfig.cmake
[2.814s] -- Up-to-date: /home/jsagx-6/itc01_ws/install/yolov8_msgs/share/yolov8_msgs/cmake/yolov8_msgs__rosidl_typesupport_cppExport.cmake
[2.814s] -- Up-to-date: /home/jsagx-6/itc01_ws/install/yolov8_msgs/share/yolov8_msgs/cmake/yolov8_msgs__rosidl_typesupport_cppExport-noconfig.cmake
[2.815s] -- Up-to-date: /home/jsagx-6/itc01_ws/install/yolov8_msgs/share/yolov8_msgs/cmake/rosidl_cmake-extras.cmake
[2.815s] -- Up-to-date: /home/jsagx-6/itc01_ws/install/yolov8_msgs/share/yolov8_msgs/cmake/ament_cmake_export_dependencies-extras.cmake
[2.816s] -- Up-to-date: /home/jsagx-6/itc01_ws/install/yolov8_msgs/share/yolov8_msgs/cmake/ament_cmake_export_libraries-extras.cmake
[2.816s] -- Up-to-date: /home/jsagx-6/itc01_ws/install/yolov8_msgs/share/yolov8_msgs/cmake/ament_cmake_export_targets-extras.cmake
[2.816s] -- Up-to-date: /home/jsagx-6/itc01_ws/install/yolov8_msgs/share/yolov8_msgs/cmake/ament_cmake_export_include_directories-extras.cmake
[2.817s] -- Up-to-date: /home/jsagx-6/itc01_ws/install/yolov8_msgs/share/yolov8_msgs/cmake/rosidl_cmake_export_typesupport_libraries-extras.cmake
[2.817s] -- Up-to-date: /home/jsagx-6/itc01_ws/install/yolov8_msgs/share/yolov8_msgs/cmake/rosidl_cmake_export_typesupport_targets-extras.cmake
[2.817s] -- Up-to-date: /home/jsagx-6/itc01_ws/install/yolov8_msgs/share/yolov8_msgs/cmake/yolov8_msgsConfig.cmake
[2.818s] -- Up-to-date: /home/jsagx-6/itc01_ws/install/yolov8_msgs/share/yolov8_msgs/cmake/yolov8_msgsConfig-version.cmake
[2.818s] -- Up-to-date: /home/jsagx-6/itc01_ws/install/yolov8_msgs/share/yolov8_msgs/package.xml
[2.828s] Invoked command in '/home/jsagx-6/itc01_ws/build/yolov8_msgs' returned '0': CMAKE_PREFIX_PATH=${CMAKE_PREFIX_PATH}:/home/jsagx-6/itc01_ws/install/mr2_realsense:/home/jsagx-6/itc01_ws/install/buffalo_robot /usr/bin/cmake --install /home/jsagx-6/itc01_ws/build/yolov8_msgs
