[1.638s] Invoking command in '/home/jsagx-6/itc01_ws/build/yolov8_msgs': /usr/bin/cmake --build /home/jsagx-6/itc01_ws/build/yolov8_msgs -- -j8 -l8
[1.895s] [  2%] Built target yolov8_msgs__cpp
[1.914s] [ 12%] Built target yolov8_msgs__rosidl_generator_c
[2.020s] [ 25%] Built target yolov8_msgs__rosidl_typesupport_introspection_cpp
[2.020s] [ 43%] Built target yolov8_msgs__rosidl_typesupport_cpp
[2.026s] [ 43%] Built target yolov8_msgs__rosidl_typesupport_fastrtps_cpp
[2.063s] [ 64%] Built target yolov8_msgs__rosidl_typesupport_c
[2.063s] [ 64%] Built target yolov8_msgs__rosidl_typesupport_introspection_c
[2.144s] [ 74%] Built target yolov8_msgs__rosidl_typesupport_fastrtps_c
[2.221s] [ 74%] Built target yolov8_msgs
[2.302s] [ 76%] Built target yolov8_msgs__py
[2.405s] [ 84%] Built target yolov8_msgs__python
[2.503s] [ 94%] Built target yolov8_msgs__rosidl_typesupport_c__pyext
[2.504s] [ 94%] Built target yolov8_msgs__rosidl_typesupport_fastrtps_c__pyext
[2.504s] [100%] Built target yolov8_msgs__rosidl_typesupport_introspection_c__pyext
[2.549s] Invoked command in '/home/jsagx-6/itc01_ws/build/yolov8_msgs' returned '0': /usr/bin/cmake --build /home/jsagx-6/itc01_ws/build/yolov8_msgs -- -j8 -l8
[2.806s] Invoking command in '/home/jsagx-6/itc01_ws/build/yolov8_msgs': /usr/bin/cmake --install /home/jsagx-6/itc01_ws/build/yolov8_msgs
[2.841s] -- Install configuration: ""
[2.842s] -- Up-to-date: /home/jsagx-6/itc01_ws/install/yolov8_msgs/share/ament_index/resource_index/rosidl_interfaces/yolov8_msgs
[2.842s] -- Up-to-date: /home/jsagx-6/itc01_ws/install/yolov8_msgs/include/yolov8_msgs
[2.842s] -- Up-to-date: /home/jsagx-6/itc01_ws/install/yolov8_msgs/include/yolov8_msgs/msg
[2.843s] -- Up-to-date: /home/jsagx-6/itc01_ws/install/yolov8_msgs/include/yolov8_msgs/msg/yolov8_inference.h
[2.844s] -- Up-to-date: /home/jsagx-6/itc01_ws/install/yolov8_msgs/include/yolov8_msgs/msg/detail
[2.844s] -- Up-to-date: /home/jsagx-6/itc01_ws/install/yolov8_msgs/include/yolov8_msgs/msg/detail/inference_result__functions.c
[2.845s] -- Up-to-date: /home/jsagx-6/itc01_ws/install/yolov8_msgs/include/yolov8_msgs/msg/detail/inference_result__type_support.h
[2.845s] -- Up-to-date: /home/jsagx-6/itc01_ws/install/yolov8_msgs/include/yolov8_msgs/msg/detail/yolov8_inference__functions.h
[2.845s] -- Up-to-date: /home/jsagx-6/itc01_ws/install/yolov8_msgs/include/yolov8_msgs/msg/detail/yolov8_inference__type_support.h
[2.846s] -- Up-to-date: /home/jsagx-6/itc01_ws/install/yolov8_msgs/include/yolov8_msgs/msg/detail/yolov8_inference__struct.h
[2.846s] -- Up-to-date: /home/jsagx-6/itc01_ws/install/yolov8_msgs/include/yolov8_msgs/msg/detail/yolov8_inference__functions.c
[2.846s] -- Up-to-date: /home/jsagx-6/itc01_ws/install/yolov8_msgs/include/yolov8_msgs/msg/detail/inference_result__functions.h
[2.847s] -- Up-to-date: /home/jsagx-6/itc01_ws/install/yolov8_msgs/include/yolov8_msgs/msg/detail/inference_result__struct.h
[2.847s] -- Up-to-date: /home/jsagx-6/itc01_ws/install/yolov8_msgs/include/yolov8_msgs/msg/rosidl_generator_c__visibility_control.h
[2.847s] -- Up-to-date: /home/jsagx-6/itc01_ws/install/yolov8_msgs/include/yolov8_msgs/msg/inference_result.h
[2.848s] -- Up-to-date: /home/jsagx-6/itc01_ws/install/yolov8_msgs/share/yolov8_msgs/environment/library_path.sh
[2.848s] -- Up-to-date: /home/jsagx-6/itc01_ws/install/yolov8_msgs/share/yolov8_msgs/environment/library_path.dsv
[2.848s] -- Up-to-date: /home/jsagx-6/itc01_ws/install/yolov8_msgs/lib/libyolov8_msgs__rosidl_generator_c.so
[2.849s] -- Up-to-date: /home/jsagx-6/itc01_ws/install/yolov8_msgs/include/yolov8_msgs
[2.849s] -- Up-to-date: /home/jsagx-6/itc01_ws/install/yolov8_msgs/include/yolov8_msgs/msg
[2.850s] -- Up-to-date: /home/jsagx-6/itc01_ws/install/yolov8_msgs/include/yolov8_msgs/msg/detail
[2.850s] -- Up-to-date: /home/jsagx-6/itc01_ws/install/yolov8_msgs/include/yolov8_msgs/msg/detail/yolov8_inference__rosidl_typesupport_fastrtps_c.h
[2.850s] -- Up-to-date: /home/jsagx-6/itc01_ws/install/yolov8_msgs/include/yolov8_msgs/msg/detail/inference_result__rosidl_typesupport_fastrtps_c.h
[2.851s] -- Up-to-date: /home/jsagx-6/itc01_ws/install/yolov8_msgs/include/yolov8_msgs/msg/rosidl_typesupport_fastrtps_c__visibility_control.h
[2.852s] -- Up-to-date: /home/jsagx-6/itc01_ws/install/yolov8_msgs/lib/libyolov8_msgs__rosidl_typesupport_fastrtps_c.so
[2.854s] -- Up-to-date: /home/jsagx-6/itc01_ws/install/yolov8_msgs/include/yolov8_msgs
[2.854s] -- Up-to-date: /home/jsagx-6/itc01_ws/install/yolov8_msgs/include/yolov8_msgs/msg
[2.855s] -- Up-to-date: /home/jsagx-6/itc01_ws/install/yolov8_msgs/include/yolov8_msgs/msg/rosidl_typesupport_fastrtps_cpp__visibility_control.h
[2.855s] -- Up-to-date: /home/jsagx-6/itc01_ws/install/yolov8_msgs/include/yolov8_msgs/msg/detail
[2.855s] -- Up-to-date: /home/jsagx-6/itc01_ws/install/yolov8_msgs/include/yolov8_msgs/msg/detail/yolov8_inference__rosidl_typesupport_fastrtps_cpp.hpp
[2.856s] -- Up-to-date: /home/jsagx-6/itc01_ws/install/yolov8_msgs/include/yolov8_msgs/msg/detail/inference_result__rosidl_typesupport_fastrtps_cpp.hpp
[2.856s] -- Up-to-date: /home/jsagx-6/itc01_ws/install/yolov8_msgs/include/yolov8_msgs/msg/detail/dds_fastrtps
[2.857s] -- Up-to-date: /home/jsagx-6/itc01_ws/install/yolov8_msgs/lib/libyolov8_msgs__rosidl_typesupport_fastrtps_cpp.so
[2.858s] -- Up-to-date: /home/jsagx-6/itc01_ws/install/yolov8_msgs/include/yolov8_msgs
[2.858s] -- Up-to-date: /home/jsagx-6/itc01_ws/install/yolov8_msgs/include/yolov8_msgs/msg
[2.859s] -- Up-to-date: /home/jsagx-6/itc01_ws/install/yolov8_msgs/include/yolov8_msgs/msg/detail
[2.859s] -- Up-to-date: /home/jsagx-6/itc01_ws/install/yolov8_msgs/include/yolov8_msgs/msg/detail/inference_result__rosidl_typesupport_introspection_c.h
[2.860s] -- Up-to-date: /home/jsagx-6/itc01_ws/install/yolov8_msgs/include/yolov8_msgs/msg/detail/yolov8_inference__type_support.c
[2.860s] -- Up-to-date: /home/jsagx-6/itc01_ws/install/yolov8_msgs/include/yolov8_msgs/msg/detail/inference_result__type_support.c
[2.860s] -- Up-to-date: /home/jsagx-6/itc01_ws/install/yolov8_msgs/include/yolov8_msgs/msg/detail/yolov8_inference__rosidl_typesupport_introspection_c.h
[2.860s] -- Up-to-date: /home/jsagx-6/itc01_ws/install/yolov8_msgs/include/yolov8_msgs/msg/rosidl_typesupport_introspection_c__visibility_control.h
[2.861s] -- Up-to-date: /home/jsagx-6/itc01_ws/install/yolov8_msgs/lib/libyolov8_msgs__rosidl_typesupport_introspection_c.so
[2.863s] -- Up-to-date: /home/jsagx-6/itc01_ws/install/yolov8_msgs/lib/libyolov8_msgs__rosidl_typesupport_c.so
[2.864s] -- Up-to-date: /home/jsagx-6/itc01_ws/install/yolov8_msgs/include/yolov8_msgs
[2.865s] -- Up-to-date: /home/jsagx-6/itc01_ws/install/yolov8_msgs/include/yolov8_msgs/msg
[2.865s] -- Up-to-date: /home/jsagx-6/itc01_ws/install/yolov8_msgs/include/yolov8_msgs/msg/detail
[2.866s] -- Up-to-date: /home/jsagx-6/itc01_ws/install/yolov8_msgs/include/yolov8_msgs/msg/detail/inference_result__type_support.hpp
[2.866s] -- Up-to-date: /home/jsagx-6/itc01_ws/install/yolov8_msgs/include/yolov8_msgs/msg/detail/inference_result__struct.hpp
[2.867s] -- Up-to-date: /home/jsagx-6/itc01_ws/install/yolov8_msgs/include/yolov8_msgs/msg/detail/yolov8_inference__traits.hpp
[2.867s] -- Up-to-date: /home/jsagx-6/itc01_ws/install/yolov8_msgs/include/yolov8_msgs/msg/detail/yolov8_inference__builder.hpp
[2.868s] -- Up-to-date: /home/jsagx-6/itc01_ws/install/yolov8_msgs/include/yolov8_msgs/msg/detail/yolov8_inference__struct.hpp
[2.868s] -- Up-to-date: /home/jsagx-6/itc01_ws/install/yolov8_msgs/include/yolov8_msgs/msg/detail/yolov8_inference__type_support.hpp
[2.868s] -- Up-to-date: /home/jsagx-6/itc01_ws/install/yolov8_msgs/include/yolov8_msgs/msg/detail/inference_result__builder.hpp
[2.869s] -- Up-to-date: /home/jsagx-6/itc01_ws/install/yolov8_msgs/include/yolov8_msgs/msg/detail/inference_result__traits.hpp
[2.869s] -- Up-to-date: /home/jsagx-6/itc01_ws/install/yolov8_msgs/include/yolov8_msgs/msg/yolov8_inference.hpp
[2.869s] -- Up-to-date: /home/jsagx-6/itc01_ws/install/yolov8_msgs/include/yolov8_msgs/msg/rosidl_generator_cpp__visibility_control.hpp
[2.869s] -- Up-to-date: /home/jsagx-6/itc01_ws/install/yolov8_msgs/include/yolov8_msgs/msg/inference_result.hpp
[2.870s] -- Up-to-date: /home/jsagx-6/itc01_ws/install/yolov8_msgs/include/yolov8_msgs
[2.870s] -- Up-to-date: /home/jsagx-6/itc01_ws/install/yolov8_msgs/include/yolov8_msgs/msg
[2.870s] -- Up-to-date: /home/jsagx-6/itc01_ws/install/yolov8_msgs/include/yolov8_msgs/msg/detail
[2.870s] -- Up-to-date: /home/jsagx-6/itc01_ws/install/yolov8_msgs/include/yolov8_msgs/msg/detail/inference_result__rosidl_typesupport_introspection_cpp.hpp
[2.871s] -- Up-to-date: /home/jsagx-6/itc01_ws/install/yolov8_msgs/include/yolov8_msgs/msg/detail/yolov8_inference__rosidl_typesupport_introspection_cpp.hpp
[2.871s] -- Up-to-date: /home/jsagx-6/itc01_ws/install/yolov8_msgs/include/yolov8_msgs/msg/detail/yolov8_inference__type_support.cpp
[2.871s] -- Up-to-date: /home/jsagx-6/itc01_ws/install/yolov8_msgs/include/yolov8_msgs/msg/detail/inference_result__type_support.cpp
[2.871s] -- Up-to-date: /home/jsagx-6/itc01_ws/install/yolov8_msgs/lib/libyolov8_msgs__rosidl_typesupport_introspection_cpp.so
[2.872s] -- Up-to-date: /home/jsagx-6/itc01_ws/install/yolov8_msgs/lib/libyolov8_msgs__rosidl_typesupport_cpp.so
[2.873s] -- Up-to-date: /home/jsagx-6/itc01_ws/install/yolov8_msgs/share/yolov8_msgs/environment/pythonpath.sh
[2.874s] -- Up-to-date: /home/jsagx-6/itc01_ws/install/yolov8_msgs/share/yolov8_msgs/environment/pythonpath.dsv
[2.874s] -- Up-to-date: /home/jsagx-6/itc01_ws/install/yolov8_msgs/lib/python3.8/site-packages/yolov8_msgs/__init__.py
[2.999s] -- Up-to-date: /home/jsagx-6/itc01_ws/install/yolov8_msgs/lib/python3.8/site-packages/yolov8_msgs/msg
[2.999s] -- Up-to-date: /home/jsagx-6/itc01_ws/install/yolov8_msgs/lib/python3.8/site-packages/yolov8_msgs/msg/_inference_result.py
[3.000s] -- Up-to-date: /home/jsagx-6/itc01_ws/install/yolov8_msgs/lib/python3.8/site-packages/yolov8_msgs/msg/__init__.py
[3.000s] -- Up-to-date: /home/jsagx-6/itc01_ws/install/yolov8_msgs/lib/python3.8/site-packages/yolov8_msgs/msg/_yolov8_inference_s.c
[3.000s] -- Up-to-date: /home/jsagx-6/itc01_ws/install/yolov8_msgs/lib/python3.8/site-packages/yolov8_msgs/msg/_yolov8_inference.py
[3.001s] -- Up-to-date: /home/jsagx-6/itc01_ws/install/yolov8_msgs/lib/python3.8/site-packages/yolov8_msgs/msg/_inference_result_s.c
[3.001s] -- Up-to-date: /home/jsagx-6/itc01_ws/install/yolov8_msgs/lib/python3.8/site-packages/yolov8_msgs/yolov8_msgs_s__rosidl_typesupport_fastrtps_c.cpython-38-aarch64-linux-gnu.so
[3.004s] -- Up-to-date: /home/jsagx-6/itc01_ws/install/yolov8_msgs/lib/python3.8/site-packages/yolov8_msgs/yolov8_msgs_s__rosidl_typesupport_introspection_c.cpython-38-aarch64-linux-gnu.so
[3.007s] -- Up-to-date: /home/jsagx-6/itc01_ws/install/yolov8_msgs/lib/python3.8/site-packages/yolov8_msgs/yolov8_msgs_s__rosidl_typesupport_c.cpython-38-aarch64-linux-gnu.so
[3.010s] -- Up-to-date: /home/jsagx-6/itc01_ws/install/yolov8_msgs/lib/libyolov8_msgs__python.so
[3.012s] -- Up-to-date: /home/jsagx-6/itc01_ws/install/yolov8_msgs/share/yolov8_msgs/msg/InferenceResult.idl
[3.012s] -- Up-to-date: /home/jsagx-6/itc01_ws/install/yolov8_msgs/share/yolov8_msgs/msg/Yolov8Inference.idl
[3.013s] -- Up-to-date: /home/jsagx-6/itc01_ws/install/yolov8_msgs/share/yolov8_msgs/msg/InferenceResult.msg
[3.013s] -- Up-to-date: /home/jsagx-6/itc01_ws/install/yolov8_msgs/share/yolov8_msgs/msg/Yolov8Inference.msg
[3.013s] -- Up-to-date: /home/jsagx-6/itc01_ws/install/yolov8_msgs/share/ament_index/resource_index/package_run_dependencies/yolov8_msgs
[3.014s] -- Up-to-date: /home/jsagx-6/itc01_ws/install/yolov8_msgs/share/ament_index/resource_index/parent_prefix_path/yolov8_msgs
[3.014s] -- Up-to-date: /home/jsagx-6/itc01_ws/install/yolov8_msgs/share/yolov8_msgs/environment/ament_prefix_path.sh
[3.014s] -- Up-to-date: /home/jsagx-6/itc01_ws/install/yolov8_msgs/share/yolov8_msgs/environment/ament_prefix_path.dsv
[3.015s] -- Up-to-date: /home/jsagx-6/itc01_ws/install/yolov8_msgs/share/yolov8_msgs/environment/path.sh
[3.015s] -- Up-to-date: /home/jsagx-6/itc01_ws/install/yolov8_msgs/share/yolov8_msgs/environment/path.dsv
[3.016s] -- Up-to-date: /home/jsagx-6/itc01_ws/install/yolov8_msgs/share/yolov8_msgs/local_setup.bash
[3.016s] -- Up-to-date: /home/jsagx-6/itc01_ws/install/yolov8_msgs/share/yolov8_msgs/local_setup.sh
[3.016s] -- Up-to-date: /home/jsagx-6/itc01_ws/install/yolov8_msgs/share/yolov8_msgs/local_setup.zsh
[3.016s] -- Up-to-date: /home/jsagx-6/itc01_ws/install/yolov8_msgs/share/yolov8_msgs/local_setup.dsv
[3.017s] -- Installing: /home/jsagx-6/itc01_ws/install/yolov8_msgs/share/yolov8_msgs/package.dsv
[3.018s] -- Up-to-date: /home/jsagx-6/itc01_ws/install/yolov8_msgs/share/ament_index/resource_index/packages/yolov8_msgs
[3.020s] -- Up-to-date: /home/jsagx-6/itc01_ws/install/yolov8_msgs/share/yolov8_msgs/cmake/yolov8_msgs__rosidl_generator_cExport.cmake
[3.021s] -- Up-to-date: /home/jsagx-6/itc01_ws/install/yolov8_msgs/share/yolov8_msgs/cmake/yolov8_msgs__rosidl_generator_cExport-noconfig.cmake
[3.022s] -- Up-to-date: /home/jsagx-6/itc01_ws/install/yolov8_msgs/share/yolov8_msgs/cmake/yolov8_msgs__rosidl_typesupport_introspection_cExport.cmake
[3.023s] -- Up-to-date: /home/jsagx-6/itc01_ws/install/yolov8_msgs/share/yolov8_msgs/cmake/yolov8_msgs__rosidl_typesupport_introspection_cExport-noconfig.cmake
[3.024s] -- Up-to-date: /home/jsagx-6/itc01_ws/install/yolov8_msgs/share/yolov8_msgs/cmake/yolov8_msgs__rosidl_typesupport_cExport.cmake
[3.024s] -- Up-to-date: /home/jsagx-6/itc01_ws/install/yolov8_msgs/share/yolov8_msgs/cmake/yolov8_msgs__rosidl_typesupport_cExport-noconfig.cmake
[3.025s] -- Up-to-date: /home/jsagx-6/itc01_ws/install/yolov8_msgs/share/yolov8_msgs/cmake/yolov8_msgs__rosidl_generator_cppExport.cmake
[3.026s] -- Up-to-date: /home/jsagx-6/itc01_ws/install/yolov8_msgs/share/yolov8_msgs/cmake/yolov8_msgs__rosidl_typesupport_introspection_cppExport.cmake
[3.026s] -- Up-to-date: /home/jsagx-6/itc01_ws/install/yolov8_msgs/share/yolov8_msgs/cmake/yolov8_msgs__rosidl_typesupport_introspection_cppExport-noconfig.cmake
[3.028s] -- Up-to-date: /home/jsagx-6/itc01_ws/install/yolov8_msgs/share/yolov8_msgs/cmake/yolov8_msgs__rosidl_typesupport_cppExport.cmake
[3.028s] -- Up-to-date: /home/jsagx-6/itc01_ws/install/yolov8_msgs/share/yolov8_msgs/cmake/yolov8_msgs__rosidl_typesupport_cppExport-noconfig.cmake
[3.029s] -- Up-to-date: /home/jsagx-6/itc01_ws/install/yolov8_msgs/share/yolov8_msgs/cmake/rosidl_cmake-extras.cmake
[3.029s] -- Up-to-date: /home/jsagx-6/itc01_ws/install/yolov8_msgs/share/yolov8_msgs/cmake/ament_cmake_export_dependencies-extras.cmake
[3.029s] -- Up-to-date: /home/jsagx-6/itc01_ws/install/yolov8_msgs/share/yolov8_msgs/cmake/ament_cmake_export_libraries-extras.cmake
[3.030s] -- Up-to-date: /home/jsagx-6/itc01_ws/install/yolov8_msgs/share/yolov8_msgs/cmake/ament_cmake_export_targets-extras.cmake
[3.030s] -- Up-to-date: /home/jsagx-6/itc01_ws/install/yolov8_msgs/share/yolov8_msgs/cmake/ament_cmake_export_include_directories-extras.cmake
[3.031s] -- Up-to-date: /home/jsagx-6/itc01_ws/install/yolov8_msgs/share/yolov8_msgs/cmake/rosidl_cmake_export_typesupport_libraries-extras.cmake
[3.031s] -- Up-to-date: /home/jsagx-6/itc01_ws/install/yolov8_msgs/share/yolov8_msgs/cmake/rosidl_cmake_export_typesupport_targets-extras.cmake
[3.031s] -- Up-to-date: /home/jsagx-6/itc01_ws/install/yolov8_msgs/share/yolov8_msgs/cmake/yolov8_msgsConfig.cmake
[3.031s] -- Up-to-date: /home/jsagx-6/itc01_ws/install/yolov8_msgs/share/yolov8_msgs/cmake/yolov8_msgsConfig-version.cmake
[3.032s] -- Up-to-date: /home/jsagx-6/itc01_ws/install/yolov8_msgs/share/yolov8_msgs/package.xml
[3.042s] Invoked command in '/home/jsagx-6/itc01_ws/build/yolov8_msgs' returned '0': /usr/bin/cmake --install /home/jsagx-6/itc01_ws/build/yolov8_msgs
