[0.691s] DEBUG:colcon:Command line arguments: ['/usr/bin/colcon', 'build', '--packages-select', 'mr2_realsense']
[0.691s] DEBUG:colcon:Parsed command line arguments: Namespace(allow_overriding=[], ament_cmake_args=None, base_paths=['.'], build_base='build', catkin_cmake_args=None, catkin_skip_building_tests=False, cmake_args=None, cmake_clean_cache=False, cmake_clean_first=False, cmake_force_configure=False, cmake_target=None, cmake_target_skip_unavailable=False, continue_on_error=False, event_handlers=None, executor='parallel', ignore_user_meta=False, install_base='install', log_base=None, log_level=None, main=<bound method BuildVerb.main of <colcon_core.verb.build.BuildVerb object at 0xffff989528b0>>, merge_install=False, metas=['./colcon.meta'], mixin=None, mixin_files=None, mixin_verb=('build',), packages_above=None, packages_above_and_dependencies=None, packages_above_depth=None, packages_end=None, packages_ignore=None, packages_ignore_regex=None, packages_select=['mr2_realsense'], packages_select_build_failed=False, packages_select_by_dep=None, packages_select_regex=None, packages_select_test_failures=False, packages_skip=None, packages_skip_build_finished=False, packages_skip_by_dep=None, packages_skip_regex=None, packages_skip_test_passed=False, packages_skip_up_to=None, packages_start=None, packages_up_to=None, packages_up_to_regex=None, parallel_workers=8, paths=None, symlink_install=False, test_result_base=None, verb_extension=<colcon_core.verb.build.BuildVerb object at 0xffff989528b0>, verb_name='build', verb_parser=<colcon_mixin.mixin.mixin_argument.MixinArgumentDecorator object at 0xffff98952eb0>)
[0.850s] Level 1:colcon.colcon_core.package_discovery:discover_packages(colcon_meta) check parameters
[0.851s] Level 1:colcon.colcon_core.package_discovery:discover_packages(recursive) check parameters
[0.851s] Level 1:colcon.colcon_core.package_discovery:discover_packages(ignore) check parameters
[0.851s] Level 1:colcon.colcon_core.package_discovery:discover_packages(path) check parameters
[0.851s] Level 1:colcon.colcon_core.package_discovery:discover_packages(colcon_meta) discover
[0.851s] Level 1:colcon.colcon_core.package_discovery:discover_packages(recursive) discover
[0.851s] INFO:colcon.colcon_core.package_discovery:Crawling recursively for packages in '/home/jsagx-6/itc01_ws'
[0.852s] Level 1:colcon.colcon_core.package_identification:_identify(.) by extensions ['ignore', 'ignore_ament_install']
[0.852s] Level 1:colcon.colcon_core.package_identification:_identify(.) by extension 'ignore'
[0.853s] Level 1:colcon.colcon_core.package_identification:_identify(.) by extension 'ignore_ament_install'
[0.853s] Level 1:colcon.colcon_core.package_identification:_identify(.) by extensions ['colcon_pkg']
[0.853s] Level 1:colcon.colcon_core.package_identification:_identify(.) by extension 'colcon_pkg'
[0.853s] Level 1:colcon.colcon_core.package_identification:_identify(.) by extensions ['colcon_meta']
[0.853s] Level 1:colcon.colcon_core.package_identification:_identify(.) by extension 'colcon_meta'
[0.853s] Level 1:colcon.colcon_core.package_identification:_identify(.) by extensions ['ros']
[0.853s] Level 1:colcon.colcon_core.package_identification:_identify(.) by extension 'ros'
[0.901s] Level 1:colcon.colcon_core.package_identification:_identify(.) by extensions ['cmake', 'python']
[0.901s] Level 1:colcon.colcon_core.package_identification:_identify(.) by extension 'cmake'
[0.901s] Level 1:colcon.colcon_core.package_identification:_identify(.) by extension 'python'
[0.901s] Level 1:colcon.colcon_core.package_identification:_identify(.) by extensions ['python_setup_py']
[0.901s] Level 1:colcon.colcon_core.package_identification:_identify(.) by extension 'python_setup_py'
[0.902s] Level 1:colcon.colcon_core.package_identification:_identify(build) by extensions ['ignore', 'ignore_ament_install']
[0.902s] Level 1:colcon.colcon_core.package_identification:_identify(build) by extension 'ignore'
[0.902s] Level 1:colcon.colcon_core.package_identification:_identify(build) ignored
[0.903s] Level 1:colcon.colcon_core.package_identification:_identify(install) by extensions ['ignore', 'ignore_ament_install']
[0.903s] Level 1:colcon.colcon_core.package_identification:_identify(install) by extension 'ignore'
[0.903s] Level 1:colcon.colcon_core.package_identification:_identify(install) ignored
[0.904s] Level 1:colcon.colcon_core.package_identification:_identify(log) by extensions ['ignore', 'ignore_ament_install']
[0.905s] Level 1:colcon.colcon_core.package_identification:_identify(log) by extension 'ignore'
[0.905s] Level 1:colcon.colcon_core.package_identification:_identify(log) ignored
[0.905s] Level 1:colcon.colcon_core.package_identification:_identify(src) by extensions ['ignore', 'ignore_ament_install']
[0.905s] Level 1:colcon.colcon_core.package_identification:_identify(src) by extension 'ignore'
[0.905s] Level 1:colcon.colcon_core.package_identification:_identify(src) by extension 'ignore_ament_install'
[0.906s] Level 1:colcon.colcon_core.package_identification:_identify(src) by extensions ['colcon_pkg']
[0.906s] Level 1:colcon.colcon_core.package_identification:_identify(src) by extension 'colcon_pkg'
[0.906s] Level 1:colcon.colcon_core.package_identification:_identify(src) by extensions ['colcon_meta']
[0.906s] Level 1:colcon.colcon_core.package_identification:_identify(src) by extension 'colcon_meta'
[0.906s] Level 1:colcon.colcon_core.package_identification:_identify(src) by extensions ['ros']
[0.906s] Level 1:colcon.colcon_core.package_identification:_identify(src) by extension 'ros'
[0.906s] Level 1:colcon.colcon_core.package_identification:_identify(src) by extensions ['cmake', 'python']
[0.907s] Level 1:colcon.colcon_core.package_identification:_identify(src) by extension 'cmake'
[0.907s] Level 1:colcon.colcon_core.package_identification:_identify(src) by extension 'python'
[0.907s] Level 1:colcon.colcon_core.package_identification:_identify(src) by extensions ['python_setup_py']
[0.907s] Level 1:colcon.colcon_core.package_identification:_identify(src) by extension 'python_setup_py'
[0.907s] Level 1:colcon.colcon_core.package_identification:_identify(src/itc01_mr2) by extensions ['ignore', 'ignore_ament_install']
[0.907s] Level 1:colcon.colcon_core.package_identification:_identify(src/itc01_mr2) by extension 'ignore'
[0.908s] Level 1:colcon.colcon_core.package_identification:_identify(src/itc01_mr2) by extension 'ignore_ament_install'
[0.908s] Level 1:colcon.colcon_core.package_identification:_identify(src/itc01_mr2) by extensions ['colcon_pkg']
[0.908s] Level 1:colcon.colcon_core.package_identification:_identify(src/itc01_mr2) by extension 'colcon_pkg'
[0.908s] Level 1:colcon.colcon_core.package_identification:_identify(src/itc01_mr2) by extensions ['colcon_meta']
[0.908s] Level 1:colcon.colcon_core.package_identification:_identify(src/itc01_mr2) by extension 'colcon_meta'
[0.908s] Level 1:colcon.colcon_core.package_identification:_identify(src/itc01_mr2) by extensions ['ros']
[0.909s] Level 1:colcon.colcon_core.package_identification:_identify(src/itc01_mr2) by extension 'ros'
[0.909s] Level 1:colcon.colcon_core.package_identification:_identify(src/itc01_mr2) by extensions ['cmake', 'python']
[0.909s] Level 1:colcon.colcon_core.package_identification:_identify(src/itc01_mr2) by extension 'cmake'
[0.909s] Level 1:colcon.colcon_core.package_identification:_identify(src/itc01_mr2) by extension 'python'
[0.909s] Level 1:colcon.colcon_core.package_identification:_identify(src/itc01_mr2) by extensions ['python_setup_py']
[0.909s] Level 1:colcon.colcon_core.package_identification:_identify(src/itc01_mr2) by extension 'python_setup_py'
[0.910s] Level 1:colcon.colcon_core.package_identification:_identify(src/itc01_mr2/buffalo_robot) by extensions ['ignore', 'ignore_ament_install']
[0.910s] Level 1:colcon.colcon_core.package_identification:_identify(src/itc01_mr2/buffalo_robot) by extension 'ignore'
[0.910s] Level 1:colcon.colcon_core.package_identification:_identify(src/itc01_mr2/buffalo_robot) by extension 'ignore_ament_install'
[0.910s] Level 1:colcon.colcon_core.package_identification:_identify(src/itc01_mr2/buffalo_robot) by extensions ['colcon_pkg']
[0.910s] Level 1:colcon.colcon_core.package_identification:_identify(src/itc01_mr2/buffalo_robot) by extension 'colcon_pkg'
[0.910s] Level 1:colcon.colcon_core.package_identification:_identify(src/itc01_mr2/buffalo_robot) by extensions ['colcon_meta']
[0.911s] Level 1:colcon.colcon_core.package_identification:_identify(src/itc01_mr2/buffalo_robot) by extension 'colcon_meta'
[0.911s] Level 1:colcon.colcon_core.package_identification:_identify(src/itc01_mr2/buffalo_robot) by extensions ['ros']
[0.911s] Level 1:colcon.colcon_core.package_identification:_identify(src/itc01_mr2/buffalo_robot) by extension 'ros'
[0.918s] DEBUG:colcon.colcon_core.package_identification:Package 'src/itc01_mr2/buffalo_robot' with type 'ros.ament_python' and name 'buffalo_robot'
[0.918s] Level 1:colcon.colcon_core.package_identification:_identify(src/itc01_mr2/mr2_realsense) by extensions ['ignore', 'ignore_ament_install']
[0.918s] Level 1:colcon.colcon_core.package_identification:_identify(src/itc01_mr2/mr2_realsense) by extension 'ignore'
[0.919s] Level 1:colcon.colcon_core.package_identification:_identify(src/itc01_mr2/mr2_realsense) by extension 'ignore_ament_install'
[0.919s] Level 1:colcon.colcon_core.package_identification:_identify(src/itc01_mr2/mr2_realsense) by extensions ['colcon_pkg']
[0.919s] Level 1:colcon.colcon_core.package_identification:_identify(src/itc01_mr2/mr2_realsense) by extension 'colcon_pkg'
[0.919s] Level 1:colcon.colcon_core.package_identification:_identify(src/itc01_mr2/mr2_realsense) by extensions ['colcon_meta']
[0.919s] Level 1:colcon.colcon_core.package_identification:_identify(src/itc01_mr2/mr2_realsense) by extension 'colcon_meta'
[0.919s] Level 1:colcon.colcon_core.package_identification:_identify(src/itc01_mr2/mr2_realsense) by extensions ['ros']
[0.919s] Level 1:colcon.colcon_core.package_identification:_identify(src/itc01_mr2/mr2_realsense) by extension 'ros'
[0.923s] DEBUG:colcon.colcon_core.package_identification:Package 'src/itc01_mr2/mr2_realsense' with type 'ros.ament_python' and name 'mr2_realsense'
[0.923s] Level 1:colcon.colcon_core.package_identification:_identify(src/itc01_mr2/yolobot_recognition) by extensions ['ignore', 'ignore_ament_install']
[0.923s] Level 1:colcon.colcon_core.package_identification:_identify(src/itc01_mr2/yolobot_recognition) by extension 'ignore'
[0.923s] Level 1:colcon.colcon_core.package_identification:_identify(src/itc01_mr2/yolobot_recognition) by extension 'ignore_ament_install'
[0.924s] Level 1:colcon.colcon_core.package_identification:_identify(src/itc01_mr2/yolobot_recognition) by extensions ['colcon_pkg']
[0.924s] Level 1:colcon.colcon_core.package_identification:_identify(src/itc01_mr2/yolobot_recognition) by extension 'colcon_pkg'
[0.924s] Level 1:colcon.colcon_core.package_identification:_identify(src/itc01_mr2/yolobot_recognition) by extensions ['colcon_meta']
[0.924s] Level 1:colcon.colcon_core.package_identification:_identify(src/itc01_mr2/yolobot_recognition) by extension 'colcon_meta'
[0.924s] Level 1:colcon.colcon_core.package_identification:_identify(src/itc01_mr2/yolobot_recognition) by extensions ['ros']
[0.924s] Level 1:colcon.colcon_core.package_identification:_identify(src/itc01_mr2/yolobot_recognition) by extension 'ros'
[0.925s] DEBUG:colcon.colcon_core.package_identification:Package 'src/itc01_mr2/yolobot_recognition' with type 'ros.ament_cmake' and name 'yolobot_recognition'
[0.926s] Level 1:colcon.colcon_core.package_identification:_identify(src/itc01_mr2/yolov8_msgs) by extensions ['ignore', 'ignore_ament_install']
[0.926s] Level 1:colcon.colcon_core.package_identification:_identify(src/itc01_mr2/yolov8_msgs) by extension 'ignore'
[0.926s] Level 1:colcon.colcon_core.package_identification:_identify(src/itc01_mr2/yolov8_msgs) by extension 'ignore_ament_install'
[0.926s] Level 1:colcon.colcon_core.package_identification:_identify(src/itc01_mr2/yolov8_msgs) by extensions ['colcon_pkg']
[0.927s] Level 1:colcon.colcon_core.package_identification:_identify(src/itc01_mr2/yolov8_msgs) by extension 'colcon_pkg'
[0.927s] Level 1:colcon.colcon_core.package_identification:_identify(src/itc01_mr2/yolov8_msgs) by extensions ['colcon_meta']
[0.927s] Level 1:colcon.colcon_core.package_identification:_identify(src/itc01_mr2/yolov8_msgs) by extension 'colcon_meta'
[0.927s] Level 1:colcon.colcon_core.package_identification:_identify(src/itc01_mr2/yolov8_msgs) by extensions ['ros']
[0.927s] Level 1:colcon.colcon_core.package_identification:_identify(src/itc01_mr2/yolov8_msgs) by extension 'ros'
[0.929s] DEBUG:colcon.colcon_core.package_identification:Package 'src/itc01_mr2/yolov8_msgs' with type 'ros.ament_cmake' and name 'yolov8_msgs'
[0.929s] Level 1:colcon.colcon_core.package_discovery:discover_packages(recursive) using defaults
[0.929s] Level 1:colcon.colcon_core.package_discovery:discover_packages(ignore) discover
[0.929s] Level 1:colcon.colcon_core.package_discovery:discover_packages(ignore) using defaults
[0.929s] Level 1:colcon.colcon_core.package_discovery:discover_packages(path) discover
[0.930s] Level 1:colcon.colcon_core.package_discovery:discover_packages(path) using defaults
[0.987s] INFO:colcon.colcon_core.package_selection:Skipping not selected package 'buffalo_robot' in 'src/itc01_mr2/buffalo_robot'
[0.987s] INFO:colcon.colcon_core.package_selection:Skipping not selected package 'yolobot_recognition' in 'src/itc01_mr2/yolobot_recognition'
[0.988s] INFO:colcon.colcon_core.package_selection:Skipping not selected package 'yolov8_msgs' in 'src/itc01_mr2/yolov8_msgs'
[0.989s] Level 1:colcon.colcon_core.package_discovery:discover_packages(prefix_path) check parameters
[0.989s] Level 1:colcon.colcon_core.package_discovery:discover_packages(prefix_path) discover
[0.996s] DEBUG:colcon.colcon_installed_package_information.package_discovery:Found 4 installed packages in /home/jsagx-6/itc01_ws/install
[1.006s] DEBUG:colcon.colcon_installed_package_information.package_discovery:Found 228 installed packages in /opt/ros/foxy
[1.011s] Level 1:colcon.colcon_core.package_discovery:discover_packages(prefix_path) using defaults
[1.141s] Level 5:colcon.colcon_core.verb:set package 'mr2_realsense' build argument 'cmake_args' from command line to 'None'
[1.142s] Level 5:colcon.colcon_core.verb:set package 'mr2_realsense' build argument 'cmake_target' from command line to 'None'
[1.142s] Level 5:colcon.colcon_core.verb:set package 'mr2_realsense' build argument 'cmake_target_skip_unavailable' from command line to 'False'
[1.142s] Level 5:colcon.colcon_core.verb:set package 'mr2_realsense' build argument 'cmake_clean_cache' from command line to 'False'
[1.142s] Level 5:colcon.colcon_core.verb:set package 'mr2_realsense' build argument 'cmake_clean_first' from command line to 'False'
[1.142s] Level 5:colcon.colcon_core.verb:set package 'mr2_realsense' build argument 'cmake_force_configure' from command line to 'False'
[1.142s] Level 5:colcon.colcon_core.verb:set package 'mr2_realsense' build argument 'ament_cmake_args' from command line to 'None'
[1.142s] Level 5:colcon.colcon_core.verb:set package 'mr2_realsense' build argument 'catkin_cmake_args' from command line to 'None'
[1.142s] Level 5:colcon.colcon_core.verb:set package 'mr2_realsense' build argument 'catkin_skip_building_tests' from command line to 'False'
[1.143s] DEBUG:colcon.colcon_core.verb:Building package 'mr2_realsense' with the following arguments: {'ament_cmake_args': None, 'build_base': '/home/jsagx-6/itc01_ws/build/mr2_realsense', 'catkin_cmake_args': None, 'catkin_skip_building_tests': False, 'cmake_args': None, 'cmake_clean_cache': False, 'cmake_clean_first': False, 'cmake_force_configure': False, 'cmake_target': None, 'cmake_target_skip_unavailable': False, 'install_base': '/home/jsagx-6/itc01_ws/install/mr2_realsense', 'merge_install': False, 'path': '/home/jsagx-6/itc01_ws/src/itc01_mr2/mr2_realsense', 'symlink_install': False, 'test_result_base': None}
[1.143s] INFO:colcon.colcon_core.executor:Executing jobs using 'parallel' executor
[1.146s] DEBUG:colcon.colcon_parallel_executor.executor.parallel:run_until_complete
[1.147s] INFO:colcon.colcon_ros.task.ament_python.build:Building ROS package in '/home/jsagx-6/itc01_ws/src/itc01_mr2/mr2_realsense' with build type 'ament_python'
[1.148s] Level 1:colcon.colcon_core.shell:create_environment_hook('mr2_realsense', 'ament_prefix_path')
[1.154s] INFO:colcon.colcon_core.plugin_system:Skipping extension 'colcon_core.shell.bat': Not used on non-Windows systems
[1.155s] INFO:colcon.colcon_core.shell:Creating environment hook '/home/jsagx-6/itc01_ws/install/mr2_realsense/share/mr2_realsense/hook/ament_prefix_path.ps1'
[1.157s] INFO:colcon.colcon_core.shell:Creating environment descriptor '/home/jsagx-6/itc01_ws/install/mr2_realsense/share/mr2_realsense/hook/ament_prefix_path.dsv'
[1.158s] INFO:colcon.colcon_core.shell:Creating environment hook '/home/jsagx-6/itc01_ws/install/mr2_realsense/share/mr2_realsense/hook/ament_prefix_path.sh'
[1.160s] INFO:colcon.colcon_core.shell:Skip shell extension 'powershell' for command environment: Not usable outside of PowerShell
[1.160s] DEBUG:colcon.colcon_core.shell:Skip shell extension 'dsv' for command environment
[1.864s] INFO:colcon.colcon_core.task.python.build:Building Python package in '/home/jsagx-6/itc01_ws/src/itc01_mr2/mr2_realsense'
[1.868s] INFO:colcon.colcon_core.shell:Skip shell extension 'powershell' for command environment: Not usable outside of PowerShell
[1.868s] DEBUG:colcon.colcon_core.shell:Skip shell extension 'dsv' for command environment
[3.747s] DEBUG:colcon.colcon_core.event_handler.log_command:Invoking command in '/home/jsagx-6/itc01_ws/src/itc01_mr2/mr2_realsense': PYTHONPATH=/home/jsagx-6/itc01_ws/build/mr2_realsense/prefix_override:/home/jsagx-6/itc01_ws/install/mr2_realsense/lib/python3.8/site-packages:${PYTHONPATH} /usr/bin/python3 -W ignore:setup.py install is deprecated setup.py egg_info --egg-base ../../../build/mr2_realsense build --build-base /home/jsagx-6/itc01_ws/build/mr2_realsense/build install --record /home/jsagx-6/itc01_ws/build/mr2_realsense/install.log --install-scripts $base/lib/mr2_realsense --single-version-externally-managed install_data
[5.473s] DEBUG:colcon.colcon_core.event_handler.log_command:Invoked command in '/home/jsagx-6/itc01_ws/src/itc01_mr2/mr2_realsense' returned '0': PYTHONPATH=/home/jsagx-6/itc01_ws/build/mr2_realsense/prefix_override:/home/jsagx-6/itc01_ws/install/mr2_realsense/lib/python3.8/site-packages:${PYTHONPATH} /usr/bin/python3 -W ignore:setup.py install is deprecated setup.py egg_info --egg-base ../../../build/mr2_realsense build --build-base /home/jsagx-6/itc01_ws/build/mr2_realsense/build install --record /home/jsagx-6/itc01_ws/build/mr2_realsense/install.log --install-scripts $base/lib/mr2_realsense --single-version-externally-managed install_data
[5.483s] Level 1:colcon.colcon_core.environment:checking '/home/jsagx-6/itc01_ws/install/mr2_realsense' for CMake module files
[5.485s] Level 1:colcon.colcon_core.environment:checking '/home/jsagx-6/itc01_ws/install/mr2_realsense' for CMake config files
[5.489s] Level 1:colcon.colcon_core.environment:checking '/home/jsagx-6/itc01_ws/install/mr2_realsense/lib'
[5.489s] Level 1:colcon.colcon_core.environment:checking '/home/jsagx-6/itc01_ws/install/mr2_realsense/bin'
[5.489s] Level 1:colcon.colcon_core.environment:checking '/home/jsagx-6/itc01_ws/install/mr2_realsense/lib/pkgconfig/mr2_realsense.pc'
[5.490s] Level 1:colcon.colcon_core.environment:checking '/home/jsagx-6/itc01_ws/install/mr2_realsense/lib/python3.8/site-packages'
[5.491s] Level 1:colcon.colcon_core.shell:create_environment_hook('mr2_realsense', 'pythonpath')
[5.491s] INFO:colcon.colcon_core.shell:Creating environment hook '/home/jsagx-6/itc01_ws/install/mr2_realsense/share/mr2_realsense/hook/pythonpath.ps1'
[5.493s] INFO:colcon.colcon_core.shell:Creating environment descriptor '/home/jsagx-6/itc01_ws/install/mr2_realsense/share/mr2_realsense/hook/pythonpath.dsv'
[5.495s] INFO:colcon.colcon_core.shell:Creating environment hook '/home/jsagx-6/itc01_ws/install/mr2_realsense/share/mr2_realsense/hook/pythonpath.sh'
[5.496s] Level 1:colcon.colcon_core.environment:checking '/home/jsagx-6/itc01_ws/install/mr2_realsense/bin'
[5.496s] Level 1:colcon.colcon_core.environment:create_environment_scripts_only(mr2_realsense)
[5.498s] INFO:colcon.colcon_core.shell:Creating package script '/home/jsagx-6/itc01_ws/install/mr2_realsense/share/mr2_realsense/package.ps1'
[5.500s] INFO:colcon.colcon_core.shell:Creating package descriptor '/home/jsagx-6/itc01_ws/install/mr2_realsense/share/mr2_realsense/package.dsv'
[5.502s] INFO:colcon.colcon_core.shell:Creating package script '/home/jsagx-6/itc01_ws/install/mr2_realsense/share/mr2_realsense/package.sh'
[5.504s] INFO:colcon.colcon_core.shell:Creating package script '/home/jsagx-6/itc01_ws/install/mr2_realsense/share/mr2_realsense/package.bash'
[5.506s] INFO:colcon.colcon_core.shell:Creating package script '/home/jsagx-6/itc01_ws/install/mr2_realsense/share/mr2_realsense/package.zsh'
[5.508s] Level 1:colcon.colcon_core.environment:create_file_with_runtime_dependencies(/home/jsagx-6/itc01_ws/install/mr2_realsense/share/colcon-core/packages/mr2_realsense)
[5.510s] DEBUG:colcon.colcon_parallel_executor.executor.parallel:closing loop
[5.511s] DEBUG:colcon.colcon_parallel_executor.executor.parallel:loop closed
[5.511s] DEBUG:colcon.colcon_parallel_executor.executor.parallel:run_until_complete finished with '0'
[5.512s] DEBUG:colcon.colcon_core.event_reactor:joining thread
[5.533s] INFO:colcon.colcon_core.plugin_system:Skipping extension 'colcon_notification.desktop_notification.terminal_notifier': Not used on non-Darwin systems
[5.533s] INFO:colcon.colcon_core.plugin_system:Skipping extension 'colcon_notification.desktop_notification.win32': Not used on non-Windows systems
[5.533s] INFO:colcon.colcon_notification.desktop_notification:Sending desktop notification using 'notify2'
[5.571s] DEBUG:colcon.colcon_core.event_reactor:joined thread
[5.572s] INFO:colcon.colcon_core.shell:Creating prefix script '/home/jsagx-6/itc01_ws/install/local_setup.ps1'
[5.575s] INFO:colcon.colcon_core.shell:Creating prefix util module '/home/jsagx-6/itc01_ws/install/_local_setup_util_ps1.py'
[5.579s] INFO:colcon.colcon_core.shell:Creating prefix chain script '/home/jsagx-6/itc01_ws/install/setup.ps1'
[5.583s] INFO:colcon.colcon_core.shell:Creating prefix script '/home/jsagx-6/itc01_ws/install/local_setup.sh'
[5.585s] INFO:colcon.colcon_core.shell:Creating prefix util module '/home/jsagx-6/itc01_ws/install/_local_setup_util_sh.py'
[5.587s] INFO:colcon.colcon_core.shell:Creating prefix chain script '/home/jsagx-6/itc01_ws/install/setup.sh'
[5.590s] INFO:colcon.colcon_core.shell:Creating prefix script '/home/jsagx-6/itc01_ws/install/local_setup.bash'
[5.591s] INFO:colcon.colcon_core.shell:Creating prefix chain script '/home/jsagx-6/itc01_ws/install/setup.bash'
[5.595s] INFO:colcon.colcon_core.shell:Creating prefix script '/home/jsagx-6/itc01_ws/install/local_setup.zsh'
[5.597s] INFO:colcon.colcon_core.shell:Creating prefix chain script '/home/jsagx-6/itc01_ws/install/setup.zsh'
