[3.485s] Invoking command in '/home/jsagx-6/itc01_ws/src/itc01_mr2/mr2_realsense': PYTHONPATH=/home/jsagx-6/itc01_ws/build/mr2_realsense/prefix_override:/home/jsagx-6/itc01_ws/install/mr2_realsense/lib/python3.8/site-packages:${PYTHONPATH} /usr/bin/python3 -W ignore:setup.py install is deprecated setup.py egg_info --egg-base ../../../build/mr2_realsense build --build-base /home/jsagx-6/itc01_ws/build/mr2_realsense/build install --record /home/jsagx-6/itc01_ws/build/mr2_realsense/install.log --install-scripts $base/lib/mr2_realsense --single-version-externally-managed install_data
[4.316s] running egg_info
[4.318s] writing ../../../build/mr2_realsense/mr2_realsense.egg-info/PKG-INFO
[4.319s] writing dependency_links to ../../../build/mr2_realsense/mr2_realsense.egg-info/dependency_links.txt
[4.319s] writing entry points to ../../../build/mr2_realsense/mr2_realsense.egg-info/entry_points.txt
[4.321s] writing requirements to ../../../build/mr2_realsense/mr2_realsense.egg-info/requires.txt
[4.321s] writing top-level names to ../../../build/mr2_realsense/mr2_realsense.egg-info/top_level.txt
[4.433s] reading manifest file '../../../build/mr2_realsense/mr2_realsense.egg-info/SOURCES.txt'
[4.438s] writing manifest file '../../../build/mr2_realsense/mr2_realsense.egg-info/SOURCES.txt'
[4.438s] running build
[4.438s] running build_py
[4.445s] running install
[4.447s] running install_lib
[4.459s] running install_data
[4.459s] running install_egg_info
[4.465s] removing '/home/jsagx-6/itc01_ws/install/mr2_realsense/lib/python3.8/site-packages/mr2_realsense-0.0.0-py3.8.egg-info' (and everything under it)
[4.466s] Copying ../../../build/mr2_realsense/mr2_realsense.egg-info to /home/jsagx-6/itc01_ws/install/mr2_realsense/lib/python3.8/site-packages/mr2_realsense-0.0.0-py3.8.egg-info
[4.470s] running install_scripts
[4.546s] Installing realsense_depth script to /home/jsagx-6/itc01_ws/install/mr2_realsense/lib/mr2_realsense
[4.547s] Installing realsense_pub script to /home/jsagx-6/itc01_ws/install/mr2_realsense/lib/mr2_realsense
[4.548s] Installing realsense_pub02 script to /home/jsagx-6/itc01_ws/install/mr2_realsense/lib/mr2_realsense
[4.549s] Installing webcam_pub script to /home/jsagx-6/itc01_ws/install/mr2_realsense/lib/mr2_realsense
[4.550s] Installing yolo_ball_pub script to /home/jsagx-6/itc01_ws/install/mr2_realsense/lib/mr2_realsense
[4.551s] Installing yolo_ball_pub02 script to /home/jsagx-6/itc01_ws/install/mr2_realsense/lib/mr2_realsense
[4.552s] Installing yolo_pub_8 script to /home/jsagx-6/itc01_ws/install/mr2_realsense/lib/mr2_realsense
[4.553s] Installing yolov8_2rs01 script to /home/jsagx-6/itc01_ws/install/mr2_realsense/lib/mr2_realsense
[4.555s] Installing yolov8_2rs02 script to /home/jsagx-6/itc01_ws/install/mr2_realsense/lib/mr2_realsense
[4.556s] Installing yolov8_blue script to /home/jsagx-6/itc01_ws/install/mr2_realsense/lib/mr2_realsense
[4.557s] Installing yolov8_rs script to /home/jsagx-6/itc01_ws/install/mr2_realsense/lib/mr2_realsense
[4.558s] Installing yolov8_rs03 script to /home/jsagx-6/itc01_ws/install/mr2_realsense/lib/mr2_realsense
[4.559s] Installing yolov8_rs04 script to /home/jsagx-6/itc01_ws/install/mr2_realsense/lib/mr2_realsense
[4.559s] Installing yolov8_rs05 script to /home/jsagx-6/itc01_ws/install/mr2_realsense/lib/mr2_realsense
[4.560s] Installing yolov8_rs06 script to /home/jsagx-6/itc01_ws/install/mr2_realsense/lib/mr2_realsense
[4.560s] Installing yolov8_rs07 script to /home/jsagx-6/itc01_ws/install/mr2_realsense/lib/mr2_realsense
[4.561s] Installing yolov8_rs08 script to /home/jsagx-6/itc01_ws/install/mr2_realsense/lib/mr2_realsense
[4.561s] Installing yolov8_webcam script to /home/jsagx-6/itc01_ws/install/mr2_realsense/lib/mr2_realsense
[4.561s] Installing yolov9_blue script to /home/jsagx-6/itc01_ws/install/mr2_realsense/lib/mr2_realsense
[4.561s] Installing yolov9_red script to /home/jsagx-6/itc01_ws/install/mr2_realsense/lib/mr2_realsense
[4.562s] writing list of installed files to '/home/jsagx-6/itc01_ws/build/mr2_realsense/install.log'
[4.644s] Invoked command in '/home/jsagx-6/itc01_ws/src/itc01_mr2/mr2_realsense' returned '0': PYTHONPATH=/home/jsagx-6/itc01_ws/build/mr2_realsense/prefix_override:/home/jsagx-6/itc01_ws/install/mr2_realsense/lib/python3.8/site-packages:${PYTHONPATH} /usr/bin/python3 -W ignore:setup.py install is deprecated setup.py egg_info --egg-base ../../../build/mr2_realsense build --build-base /home/jsagx-6/itc01_ws/build/mr2_realsense/build install --record /home/jsagx-6/itc01_ws/build/mr2_realsense/install.log --install-scripts $base/lib/mr2_realsense --single-version-externally-managed install_data
