[0.000000] (-) TimerEvent: {}
[0.001382] (buffalo_robot) JobQueued: {'identifier': 'buffalo_robot', 'dependencies': OrderedDict()}
[0.001740] (mr2_realsense) JobQueued: {'identifier': 'mr2_realsense', 'dependencies': OrderedDict()}
[0.002098] (yolobot_recognition) JobQueued: {'identifier': 'yolobot_recognition', 'dependencies': OrderedDict()}
[0.002239] (yolov8_msgs) JobQueued: {'identifier': 'yolov8_msgs', 'dependencies': OrderedDict()}
[0.002362] (buffalo_robot) JobStarted: {'identifier': 'buffalo_robot'}
[0.036956] (mr2_realsense) JobStarted: {'identifier': 'mr2_realsense'}
[0.070539] (yolobot_recognition) JobStarted: {'identifier': 'yolobot_recognition'}
[0.099655] (yolov8_msgs) JobStarted: {'identifier': 'yolov8_msgs'}
[0.104086] (-) TimerEvent: {}
[0.206281] (-) TimerEvent: {}
[0.307850] (-) TimerEvent: {}
[0.408506] (-) TimerEvent: {}
[0.509243] (-) TimerEvent: {}
[0.609938] (-) TimerEvent: {}
[0.710669] (-) TimerEvent: {}
[0.812296] (-) TimerEvent: {}
[0.919831] (-) TimerEvent: {}
[1.022097] (-) TimerEvent: {}
[1.122833] (-) TimerEvent: {}
[1.223478] (-) TimerEvent: {}
[1.324200] (-) TimerEvent: {}
[1.424922] (-) TimerEvent: {}
[1.491464] (yolobot_recognition) JobProgress: {'identifier': 'yolobot_recognition', 'progress': 'cmake'}
[1.494313] (yolobot_recognition) JobProgress: {'identifier': 'yolobot_recognition', 'progress': 'build'}
[1.497767] (yolobot_recognition) Command: {'cmd': ['/usr/bin/cmake', '--build', '/home/jsagx-6/itc01_ws/build/yolobot_recognition', '--', '-j8', '-l8'], 'cwd': '/home/jsagx-6/itc01_ws/build/yolobot_recognition', 'env': OrderedDict([('USER', 'jsagx-6'), ('SSH_CLIENT', '192.168.77.208 36460 22'), ('LC_TIME', 'km_KH'), ('XDG_SESSION_TYPE', 'tty'), ('SHLVL', '1'), ('LD_LIBRARY_PATH', '/opt/ros/foxy/opt/yaml_cpp_vendor/lib:/opt/ros/foxy/lib/aarch64-linux-gnu:/opt/ros/foxy/lib:/home/jsagx-6/itc01_ws/install/yolov8_msgs/lib'), ('MOTD_SHOWN', 'pam'), ('HOME', '/home/jsagx-6'), ('OLDPWD', '/home/jsagx-6'), ('SSH_TTY', '/dev/pts/0'), ('JETSON_L4T', '35.5.0'), ('ROS_PYTHON_VERSION', '3'), ('JETSON_MODEL', 'Jetson-AGX'), ('LC_MONETARY', 'km_KH'), ('DBUS_SESSION_BUS_ADDRESS', 'unix:path=/run/user/1000/bus'), ('COLCON_PREFIX_PATH', '/home/jsagx-6/itc01_ws/install'), ('ROS_DISTRO', 'foxy'), ('LOGNAME', 'jsagx-6'), ('JETSON_MODULE', 'NVIDIA Jetson AGX Xavier (32 GB ram)'), ('JETSON_SERIAL_NUMBER', '1561221004404'), ('_', '/usr/bin/colcon'), ('ROS_VERSION', '2'), ('JETSON_CODENAME', 'Galen'), ('XDG_SESSION_CLASS', 'user'), ('TERM', 'xterm-256color'), ('XDG_SESSION_ID', '6'), ('ROS_LOCALHOST_ONLY', '0'), ('PATH', '/opt/ros/foxy/bin:/usr/local/sbin:/usr/local/bin:/usr/sbin:/usr/bin:/sbin:/bin:/usr/games:/usr/local/games:/snap/bin'), ('LC_ADDRESS', 'km_KH'), ('XDG_RUNTIME_DIR', '/run/user/1000'), ('LANG', 'en_US.UTF-8'), ('LC_TELEPHONE', 'km_KH'), ('JETSON_SOC', 'tegra194'), ('AMENT_PREFIX_PATH', '/opt/ros/foxy:/home/jsagx-6/itc01_ws/install/yolov8_msgs:/home/jsagx-6/itc01_ws/install/yolobot_recognition:/home/jsagx-6/itc01_ws/install/mr2_realsense:/home/jsagx-6/itc01_ws/install/buffalo_robot'), ('SHELL', '/bin/bash'), ('LC_NAME', 'km_KH'), ('LC_MEASUREMENT', 'km_KH'), ('LC_IDENTIFICATION', 'km_KH'), ('JETSON_CUDA_ARCH_BIN', '7.2'), ('PWD', '/home/jsagx-6/itc01_ws/build/yolobot_recognition'), ('LC_ALL', 'en_US.UTF-8'), ('SSH_CONNECTION', '192.168.77.208 36460 192.168.77.206 22'), ('XDG_DATA_DIRS', '/usr/local/share:/usr/share:/var/lib/snapd/desktop'), ('PYTHONPATH', '/opt/ros/foxy/lib/python3.8/site-packages:/home/jsagx-6/itc01_ws/install/yolov8_msgs/lib/python3.8/site-packages:/home/jsagx-6/itc01_ws/install/mr2_realsense/lib/python3.8/site-packages:/home/jsagx-6/itc01_ws/install/buffalo_robot/lib/python3.8/site-packages'), ('LC_NUMERIC', 'km_KH'), ('LC_PAPER', 'km_KH'), ('COLCON', '1'), ('JETSON_JETPACK', '5.1.3'), ('CMAKE_PREFIX_PATH', '/opt/ros/foxy:/home/jsagx-6/itc01_ws/install/yolov8_msgs:/home/jsagx-6/itc01_ws/install/yolobot_recognition:/home/jsagx-6/itc01_ws/install/mr2_realsense:/home/jsagx-6/itc01_ws/install/buffalo_robot'), ('JETSON_P_NUMBER', 'p2888-0004')]), 'shell': False}
[1.516792] (yolov8_msgs) JobProgress: {'identifier': 'yolov8_msgs', 'progress': 'cmake'}
[1.519498] (yolov8_msgs) JobProgress: {'identifier': 'yolov8_msgs', 'progress': 'build'}
[1.521344] (yolov8_msgs) Command: {'cmd': ['/usr/bin/cmake', '--build', '/home/jsagx-6/itc01_ws/build/yolov8_msgs', '--', '-j8', '-l8'], 'cwd': '/home/jsagx-6/itc01_ws/build/yolov8_msgs', 'env': OrderedDict([('USER', 'jsagx-6'), ('SSH_CLIENT', '192.168.77.208 36460 22'), ('LC_TIME', 'km_KH'), ('XDG_SESSION_TYPE', 'tty'), ('SHLVL', '1'), ('LD_LIBRARY_PATH', '/opt/ros/foxy/opt/yaml_cpp_vendor/lib:/opt/ros/foxy/lib/aarch64-linux-gnu:/opt/ros/foxy/lib:/home/jsagx-6/itc01_ws/install/yolov8_msgs/lib'), ('MOTD_SHOWN', 'pam'), ('HOME', '/home/jsagx-6'), ('OLDPWD', '/home/jsagx-6'), ('SSH_TTY', '/dev/pts/0'), ('JETSON_L4T', '35.5.0'), ('ROS_PYTHON_VERSION', '3'), ('JETSON_MODEL', 'Jetson-AGX'), ('LC_MONETARY', 'km_KH'), ('DBUS_SESSION_BUS_ADDRESS', 'unix:path=/run/user/1000/bus'), ('COLCON_PREFIX_PATH', '/home/jsagx-6/itc01_ws/install'), ('ROS_DISTRO', 'foxy'), ('LOGNAME', 'jsagx-6'), ('JETSON_MODULE', 'NVIDIA Jetson AGX Xavier (32 GB ram)'), ('JETSON_SERIAL_NUMBER', '1561221004404'), ('_', '/usr/bin/colcon'), ('ROS_VERSION', '2'), ('JETSON_CODENAME', 'Galen'), ('XDG_SESSION_CLASS', 'user'), ('TERM', 'xterm-256color'), ('XDG_SESSION_ID', '6'), ('ROS_LOCALHOST_ONLY', '0'), ('PATH', '/opt/ros/foxy/bin:/usr/local/sbin:/usr/local/bin:/usr/sbin:/usr/bin:/sbin:/bin:/usr/games:/usr/local/games:/snap/bin'), ('LC_ADDRESS', 'km_KH'), ('XDG_RUNTIME_DIR', '/run/user/1000'), ('LANG', 'en_US.UTF-8'), ('LC_TELEPHONE', 'km_KH'), ('JETSON_SOC', 'tegra194'), ('AMENT_PREFIX_PATH', '/opt/ros/foxy:/home/jsagx-6/itc01_ws/install/yolov8_msgs:/home/jsagx-6/itc01_ws/install/yolobot_recognition:/home/jsagx-6/itc01_ws/install/mr2_realsense:/home/jsagx-6/itc01_ws/install/buffalo_robot'), ('SHELL', '/bin/bash'), ('LC_NAME', 'km_KH'), ('LC_MEASUREMENT', 'km_KH'), ('LC_IDENTIFICATION', 'km_KH'), ('JETSON_CUDA_ARCH_BIN', '7.2'), ('PWD', '/home/jsagx-6/itc01_ws/build/yolov8_msgs'), ('LC_ALL', 'en_US.UTF-8'), ('SSH_CONNECTION', '192.168.77.208 36460 192.168.77.206 22'), ('XDG_DATA_DIRS', '/usr/local/share:/usr/share:/var/lib/snapd/desktop'), ('PYTHONPATH', '/opt/ros/foxy/lib/python3.8/site-packages:/home/jsagx-6/itc01_ws/install/yolov8_msgs/lib/python3.8/site-packages:/home/jsagx-6/itc01_ws/install/mr2_realsense/lib/python3.8/site-packages:/home/jsagx-6/itc01_ws/install/buffalo_robot/lib/python3.8/site-packages'), ('LC_NUMERIC', 'km_KH'), ('LC_PAPER', 'km_KH'), ('COLCON', '1'), ('JETSON_JETPACK', '5.1.3'), ('CMAKE_PREFIX_PATH', '/opt/ros/foxy:/home/jsagx-6/itc01_ws/install/yolov8_msgs:/home/jsagx-6/itc01_ws/install/yolobot_recognition:/home/jsagx-6/itc01_ws/install/mr2_realsense:/home/jsagx-6/itc01_ws/install/buffalo_robot'), ('JETSON_P_NUMBER', 'p2888-0004')]), 'shell': False}
[1.535103] (-) TimerEvent: {}
[1.637177] (-) TimerEvent: {}
[1.665895] (yolobot_recognition) CommandEnded: {'returncode': 0}
[1.719484] (yolov8_msgs) StdoutLine: {'line': b'[  2%] Built target yolov8_msgs__cpp\n'}
[1.729561] (yolov8_msgs) StdoutLine: {'line': b'[ 12%] Built target yolov8_msgs__rosidl_generator_c\n'}
[1.737175] (-) TimerEvent: {}
[1.755721] (yolobot_recognition) JobProgress: {'identifier': 'yolobot_recognition', 'progress': 'install'}
[1.799078] (yolobot_recognition) Command: {'cmd': ['/usr/bin/cmake', '--install', '/home/jsagx-6/itc01_ws/build/yolobot_recognition'], 'cwd': '/home/jsagx-6/itc01_ws/build/yolobot_recognition', 'env': OrderedDict([('USER', 'jsagx-6'), ('SSH_CLIENT', '192.168.77.208 36460 22'), ('LC_TIME', 'km_KH'), ('XDG_SESSION_TYPE', 'tty'), ('SHLVL', '1'), ('LD_LIBRARY_PATH', '/opt/ros/foxy/opt/yaml_cpp_vendor/lib:/opt/ros/foxy/lib/aarch64-linux-gnu:/opt/ros/foxy/lib:/home/jsagx-6/itc01_ws/install/yolov8_msgs/lib'), ('MOTD_SHOWN', 'pam'), ('HOME', '/home/jsagx-6'), ('OLDPWD', '/home/jsagx-6'), ('SSH_TTY', '/dev/pts/0'), ('JETSON_L4T', '35.5.0'), ('ROS_PYTHON_VERSION', '3'), ('JETSON_MODEL', 'Jetson-AGX'), ('LC_MONETARY', 'km_KH'), ('DBUS_SESSION_BUS_ADDRESS', 'unix:path=/run/user/1000/bus'), ('COLCON_PREFIX_PATH', '/home/jsagx-6/itc01_ws/install'), ('ROS_DISTRO', 'foxy'), ('LOGNAME', 'jsagx-6'), ('JETSON_MODULE', 'NVIDIA Jetson AGX Xavier (32 GB ram)'), ('JETSON_SERIAL_NUMBER', '1561221004404'), ('_', '/usr/bin/colcon'), ('ROS_VERSION', '2'), ('JETSON_CODENAME', 'Galen'), ('XDG_SESSION_CLASS', 'user'), ('TERM', 'xterm-256color'), ('XDG_SESSION_ID', '6'), ('ROS_LOCALHOST_ONLY', '0'), ('PATH', '/opt/ros/foxy/bin:/usr/local/sbin:/usr/local/bin:/usr/sbin:/usr/bin:/sbin:/bin:/usr/games:/usr/local/games:/snap/bin'), ('LC_ADDRESS', 'km_KH'), ('XDG_RUNTIME_DIR', '/run/user/1000'), ('LANG', 'en_US.UTF-8'), ('LC_TELEPHONE', 'km_KH'), ('JETSON_SOC', 'tegra194'), ('AMENT_PREFIX_PATH', '/opt/ros/foxy:/home/jsagx-6/itc01_ws/install/yolov8_msgs:/home/jsagx-6/itc01_ws/install/yolobot_recognition:/home/jsagx-6/itc01_ws/install/mr2_realsense:/home/jsagx-6/itc01_ws/install/buffalo_robot'), ('SHELL', '/bin/bash'), ('LC_NAME', 'km_KH'), ('LC_MEASUREMENT', 'km_KH'), ('LC_IDENTIFICATION', 'km_KH'), ('JETSON_CUDA_ARCH_BIN', '7.2'), ('PWD', '/home/jsagx-6/itc01_ws/build/yolobot_recognition'), ('LC_ALL', 'en_US.UTF-8'), ('SSH_CONNECTION', '192.168.77.208 36460 192.168.77.206 22'), ('XDG_DATA_DIRS', '/usr/local/share:/usr/share:/var/lib/snapd/desktop'), ('PYTHONPATH', '/opt/ros/foxy/lib/python3.8/site-packages:/home/jsagx-6/itc01_ws/install/yolov8_msgs/lib/python3.8/site-packages:/home/jsagx-6/itc01_ws/install/mr2_realsense/lib/python3.8/site-packages:/home/jsagx-6/itc01_ws/install/buffalo_robot/lib/python3.8/site-packages'), ('LC_NUMERIC', 'km_KH'), ('LC_PAPER', 'km_KH'), ('COLCON', '1'), ('JETSON_JETPACK', '5.1.3'), ('CMAKE_PREFIX_PATH', '/opt/ros/foxy:/home/jsagx-6/itc01_ws/install/yolov8_msgs:/home/jsagx-6/itc01_ws/install/yolobot_recognition:/home/jsagx-6/itc01_ws/install/mr2_realsense:/home/jsagx-6/itc01_ws/install/buffalo_robot'), ('JETSON_P_NUMBER', 'p2888-0004')]), 'shell': False}
[1.814917] (yolov8_msgs) StdoutLine: {'line': b'[ 23%] Built target yolov8_msgs__rosidl_typesupport_introspection_cpp\n'}
[1.820762] (yolov8_msgs) StdoutLine: {'line': b'[ 33%] Built target yolov8_msgs__rosidl_typesupport_cpp\n'}
[1.830719] (yolov8_msgs) StdoutLine: {'line': b'[ 53%] Built target yolov8_msgs__rosidl_typesupport_introspection_c\n'}
[1.831331] (yolov8_msgs) StdoutLine: {'line': b'[ 53%] Built target yolov8_msgs__rosidl_typesupport_fastrtps_cpp\n'}
[1.832458] (yolov8_msgs) StdoutLine: {'line': b'[ 64%] Built target yolov8_msgs__rosidl_typesupport_c\n'}
[1.837353] (-) TimerEvent: {}
[1.853470] (yolobot_recognition) StdoutLine: {'line': b'-- Install configuration: ""\n'}
[1.855255] (yolobot_recognition) StdoutLine: {'line': b'-- Up-to-date: /home/jsagx-6/itc01_ws/install/yolobot_recognition/share/yolobot_recognition//scripts\n'}
[1.856473] (yolobot_recognition) StdoutLine: {'line': b'-- Up-to-date: /home/jsagx-6/itc01_ws/install/yolobot_recognition/share/yolobot_recognition//scripts/train.py\n'}
[1.857767] (yolobot_recognition) StdoutLine: {'line': b'-- Up-to-date: /home/jsagx-6/itc01_ws/install/yolobot_recognition/share/yolobot_recognition//scripts/export.py\n'}
[1.858805] (yolobot_recognition) StdoutLine: {'line': b'-- Up-to-date: /home/jsagx-6/itc01_ws/install/yolobot_recognition/share/yolobot_recognition//scripts/yolov5s.pt\n'}
[1.859922] (yolobot_recognition) StdoutLine: {'line': b'-- Up-to-date: /home/jsagx-6/itc01_ws/install/yolobot_recognition/share/yolobot_recognition//scripts/data\n'}
[1.861107] (yolobot_recognition) StdoutLine: {'line': b'-- Up-to-date: /home/jsagx-6/itc01_ws/install/yolobot_recognition/share/yolobot_recognition//scripts/data/GlobalWheat2020.yaml\n'}
[1.862484] (yolobot_recognition) StdoutLine: {'line': b'-- Up-to-date: /home/jsagx-6/itc01_ws/install/yolobot_recognition/share/yolobot_recognition//scripts/data/images\n'}
[1.863496] (yolobot_recognition) StdoutLine: {'line': b'-- Up-to-date: /home/jsagx-6/itc01_ws/install/yolobot_recognition/share/yolobot_recognition//scripts/data/images/zidane.jpg\n'}
[1.864416] (yolobot_recognition) StdoutLine: {'line': b'-- Up-to-date: /home/jsagx-6/itc01_ws/install/yolobot_recognition/share/yolobot_recognition//scripts/data/images/bus.jpg\n'}
[1.865630] (yolobot_recognition) StdoutLine: {'line': b'-- Up-to-date: /home/jsagx-6/itc01_ws/install/yolobot_recognition/share/yolobot_recognition//scripts/data/coco128.yaml\n'}
[1.866517] (yolobot_recognition) StdoutLine: {'line': b'-- Up-to-date: /home/jsagx-6/itc01_ws/install/yolobot_recognition/share/yolobot_recognition//scripts/data/xView.yaml\n'}
[1.867650] (yolobot_recognition) StdoutLine: {'line': b'-- Up-to-date: /home/jsagx-6/itc01_ws/install/yolobot_recognition/share/yolobot_recognition//scripts/data/ImageNet.yaml\n'}
[1.868918] (yolobot_recognition) StdoutLine: {'line': b'-- Up-to-date: /home/jsagx-6/itc01_ws/install/yolobot_recognition/share/yolobot_recognition//scripts/data/scripts\n'}
[1.869997] (yolobot_recognition) StdoutLine: {'line': b'-- Up-to-date: /home/jsagx-6/itc01_ws/install/yolobot_recognition/share/yolobot_recognition//scripts/data/scripts/get_coco.sh\n'}
[1.871014] (yolobot_recognition) StdoutLine: {'line': b'-- Up-to-date: /home/jsagx-6/itc01_ws/install/yolobot_recognition/share/yolobot_recognition//scripts/data/scripts/get_coco128.sh\n'}
[1.872153] (yolobot_recognition) StdoutLine: {'line': b'-- Up-to-date: /home/jsagx-6/itc01_ws/install/yolobot_recognition/share/yolobot_recognition//scripts/data/scripts/get_imagenet.sh\n'}
[1.872923] (yolobot_recognition) StdoutLine: {'line': b'-- Up-to-date: /home/jsagx-6/itc01_ws/install/yolobot_recognition/share/yolobot_recognition//scripts/data/scripts/download_weights.sh\n'}
[1.874439] (yolobot_recognition) StdoutLine: {'line': b'-- Up-to-date: /home/jsagx-6/itc01_ws/install/yolobot_recognition/share/yolobot_recognition//scripts/data/Argoverse.yaml\n'}
[1.875595] (yolobot_recognition) StdoutLine: {'line': b'-- Up-to-date: /home/jsagx-6/itc01_ws/install/yolobot_recognition/share/yolobot_recognition//scripts/data/VisDrone.yaml\n'}
[1.876052] (yolobot_recognition) StdoutLine: {'line': b'-- Up-to-date: /home/jsagx-6/itc01_ws/install/yolobot_recognition/share/yolobot_recognition//scripts/data/VOC.yaml\n'}
[1.876644] (yolobot_recognition) StdoutLine: {'line': b'-- Up-to-date: /home/jsagx-6/itc01_ws/install/yolobot_recognition/share/yolobot_recognition//scripts/data/hyps\n'}
[1.877091] (yolobot_recognition) StdoutLine: {'line': b'-- Up-to-date: /home/jsagx-6/itc01_ws/install/yolobot_recognition/share/yolobot_recognition//scripts/data/hyps/hyp.scratch-med.yaml\n'}
[1.877475] (yolobot_recognition) StdoutLine: {'line': b'-- Up-to-date: /home/jsagx-6/itc01_ws/install/yolobot_recognition/share/yolobot_recognition//scripts/data/hyps/hyp.VOC.yaml\n'}
[1.877897] (yolobot_recognition) StdoutLine: {'line': b'-- Up-to-date: /home/jsagx-6/itc01_ws/install/yolobot_recognition/share/yolobot_recognition//scripts/data/hyps/hyp.scratch-high.yaml\n'}
[1.878374] (yolobot_recognition) StdoutLine: {'line': b'-- Up-to-date: /home/jsagx-6/itc01_ws/install/yolobot_recognition/share/yolobot_recognition//scripts/data/hyps/hyp.scratch-low.yaml\n'}
[1.878804] (yolobot_recognition) StdoutLine: {'line': b'-- Up-to-date: /home/jsagx-6/itc01_ws/install/yolobot_recognition/share/yolobot_recognition//scripts/data/hyps/hyp.Objects365.yaml\n'}
[1.879382] (yolobot_recognition) StdoutLine: {'line': b'-- Up-to-date: /home/jsagx-6/itc01_ws/install/yolobot_recognition/share/yolobot_recognition//scripts/data/hyps/hyp.no-augmentation.yaml\n'}
[1.879777] (yolobot_recognition) StdoutLine: {'line': b'-- Up-to-date: /home/jsagx-6/itc01_ws/install/yolobot_recognition/share/yolobot_recognition//scripts/data/SKU-110K.yaml\n'}
[1.880249] (yolobot_recognition) StdoutLine: {'line': b'-- Up-to-date: /home/jsagx-6/itc01_ws/install/yolobot_recognition/share/yolobot_recognition//scripts/data/coco128-seg.yaml\n'}
[1.880731] (yolobot_recognition) StdoutLine: {'line': b'-- Up-to-date: /home/jsagx-6/itc01_ws/install/yolobot_recognition/share/yolobot_recognition//scripts/data/Objects365.yaml\n'}
[1.881012] (yolobot_recognition) StdoutLine: {'line': b'-- Up-to-date: /home/jsagx-6/itc01_ws/install/yolobot_recognition/share/yolobot_recognition//scripts/data/coco.yaml\n'}
[1.881360] (yolobot_recognition) StdoutLine: {'line': b'-- Up-to-date: /home/jsagx-6/itc01_ws/install/yolobot_recognition/share/yolobot_recognition//scripts/.gitignore\n'}
[1.881762] (yolobot_recognition) StdoutLine: {'line': b'-- Up-to-date: /home/jsagx-6/itc01_ws/install/yolobot_recognition/share/yolobot_recognition//scripts/runs\n'}
[1.882248] (yolobot_recognition) StdoutLine: {'line': b'-- Up-to-date: /home/jsagx-6/itc01_ws/install/yolobot_recognition/share/yolobot_recognition//scripts/runs/detect\n'}
[1.882831] (yolobot_recognition) StdoutLine: {'line': b'-- Up-to-date: /home/jsagx-6/itc01_ws/install/yolobot_recognition/share/yolobot_recognition//scripts/runs/detect/exp\n'}
[1.883106] (yolobot_recognition) StdoutLine: {'line': b'-- Up-to-date: /home/jsagx-6/itc01_ws/install/yolobot_recognition/share/yolobot_recognition//scripts/runs/detect/exp/zidane.jpg\n'}
[1.883388] (yolobot_recognition) StdoutLine: {'line': b'-- Up-to-date: /home/jsagx-6/itc01_ws/install/yolobot_recognition/share/yolobot_recognition//scripts/runs/detect/exp/bus.jpg\n'}
[1.883646] (yolobot_recognition) StdoutLine: {'line': b'-- Up-to-date: /home/jsagx-6/itc01_ws/install/yolobot_recognition/share/yolobot_recognition//scripts/detect.py\n'}
[1.883905] (yolobot_recognition) StdoutLine: {'line': b'-- Up-to-date: /home/jsagx-6/itc01_ws/install/yolobot_recognition/share/yolobot_recognition//scripts/models\n'}
[1.884184] (yolobot_recognition) StdoutLine: {'line': b'-- Up-to-date: /home/jsagx-6/itc01_ws/install/yolobot_recognition/share/yolobot_recognition//scripts/models/segment\n'}
[1.884468] (yolobot_recognition) StdoutLine: {'line': b'-- Up-to-date: /home/jsagx-6/itc01_ws/install/yolobot_recognition/share/yolobot_recognition//scripts/models/segment/yolov5s-seg.yaml\n'}
[1.884745] (yolobot_recognition) StdoutLine: {'line': b'-- Up-to-date: /home/jsagx-6/itc01_ws/install/yolobot_recognition/share/yolobot_recognition//scripts/models/segment/yolov5x-seg.yaml\n'}
[1.884996] (yolobot_recognition) StdoutLine: {'line': b'-- Up-to-date: /home/jsagx-6/itc01_ws/install/yolobot_recognition/share/yolobot_recognition//scripts/models/segment/yolov5m-seg.yaml\n'}
[1.885252] (yolobot_recognition) StdoutLine: {'line': b'-- Up-to-date: /home/jsagx-6/itc01_ws/install/yolobot_recognition/share/yolobot_recognition//scripts/models/segment/yolov5l-seg.yaml\n'}
[1.885516] (yolobot_recognition) StdoutLine: {'line': b'-- Up-to-date: /home/jsagx-6/itc01_ws/install/yolobot_recognition/share/yolobot_recognition//scripts/models/segment/yolov5n-seg.yaml\n'}
[1.885769] (yolobot_recognition) StdoutLine: {'line': b'-- Up-to-date: /home/jsagx-6/itc01_ws/install/yolobot_recognition/share/yolobot_recognition//scripts/models/yolov5m.yaml\n'}
[1.886039] (yolobot_recognition) StdoutLine: {'line': b'-- Up-to-date: /home/jsagx-6/itc01_ws/install/yolobot_recognition/share/yolobot_recognition//scripts/models/yolov5x.yaml\n'}
[1.888540] (yolobot_recognition) StdoutLine: {'line': b'-- Up-to-date: /home/jsagx-6/itc01_ws/install/yolobot_recognition/share/yolobot_recognition//scripts/models/hub\n'}
[1.893357] (yolobot_recognition) StdoutLine: {'line': b'-- Up-to-date: /home/jsagx-6/itc01_ws/install/yolobot_recognition/share/yolobot_recognition//scripts/models/hub/yolov3-tiny.yaml\n'}
[1.894328] (yolobot_recognition) StdoutLine: {'line': b'-- Up-to-date: /home/jsagx-6/itc01_ws/install/yolobot_recognition/share/yolobot_recognition//scripts/models/hub/yolov5-p34.yaml\n'}
[1.895212] (yolobot_recognition) StdoutLine: {'line': b'-- Up-to-date: /home/jsagx-6/itc01_ws/install/yolobot_recognition/share/yolobot_recognition//scripts/models/hub/yolov5m6.yaml\n'}
[1.895815] (yolobot_recognition) StdoutLine: {'line': b'-- Up-to-date: /home/jsagx-6/itc01_ws/install/yolobot_recognition/share/yolobot_recognition//scripts/models/hub/yolov3.yaml\n'}
[1.897492] (yolobot_recognition) StdoutLine: {'line': b'-- Up-to-date: /home/jsagx-6/itc01_ws/install/yolobot_recognition/share/yolobot_recognition//scripts/models/hub/yolov5-bifpn.yaml\n'}
[1.899662] (yolobot_recognition) StdoutLine: {'line': b'-- Up-to-date: /home/jsagx-6/itc01_ws/install/yolobot_recognition/share/yolobot_recognition//scripts/models/hub/yolov5n6.yaml\n'}
[1.900783] (yolobot_recognition) StdoutLine: {'line': b'-- Up-to-date: /home/jsagx-6/itc01_ws/install/yolobot_recognition/share/yolobot_recognition//scripts/models/hub/yolov5s-LeakyReLU.yaml\n'}
[1.901302] (yolobot_recognition) StdoutLine: {'line': b'-- Up-to-date: /home/jsagx-6/itc01_ws/install/yolobot_recognition/share/yolobot_recognition//scripts/models/hub/yolov5-fpn.yaml\n'}
[1.902006] (yolobot_recognition) StdoutLine: {'line': b'-- Up-to-date: /home/jsagx-6/itc01_ws/install/yolobot_recognition/share/yolobot_recognition//scripts/models/hub/yolov3-spp.yaml\n'}
[1.902728] (yolobot_recognition) StdoutLine: {'line': b'-- Up-to-date: /home/jsagx-6/itc01_ws/install/yolobot_recognition/share/yolobot_recognition//scripts/models/hub/yolov5l6.yaml\n'}
[1.903653] (yolobot_recognition) StdoutLine: {'line': b'-- Up-to-date: /home/jsagx-6/itc01_ws/install/yolobot_recognition/share/yolobot_recognition//scripts/models/hub/yolov5-p2.yaml\n'}
[1.904646] (yolobot_recognition) StdoutLine: {'line': b'-- Up-to-date: /home/jsagx-6/itc01_ws/install/yolobot_recognition/share/yolobot_recognition//scripts/models/hub/anchors.yaml\n'}
[1.905249] (yolobot_recognition) StdoutLine: {'line': b'-- Up-to-date: /home/jsagx-6/itc01_ws/install/yolobot_recognition/share/yolobot_recognition//scripts/models/hub/yolov5s6.yaml\n'}
[1.905971] (yolobot_recognition) StdoutLine: {'line': b'-- Up-to-date: /home/jsagx-6/itc01_ws/install/yolobot_recognition/share/yolobot_recognition//scripts/models/hub/yolov5s-transformer.yaml\n'}
[1.906711] (yolobot_recognition) StdoutLine: {'line': b'-- Up-to-date: /home/jsagx-6/itc01_ws/install/yolobot_recognition/share/yolobot_recognition//scripts/models/hub/yolov5x6.yaml\n'}
[1.907149] (yolobot_recognition) StdoutLine: {'line': b'-- Up-to-date: /home/jsagx-6/itc01_ws/install/yolobot_recognition/share/yolobot_recognition//scripts/models/hub/yolov5s-ghost.yaml\n'}
[1.907793] (yolobot_recognition) StdoutLine: {'line': b'-- Up-to-date: /home/jsagx-6/itc01_ws/install/yolobot_recognition/share/yolobot_recognition//scripts/models/hub/yolov5-p7.yaml\n'}
[1.908472] (yolobot_recognition) StdoutLine: {'line': b'-- Up-to-date: /home/jsagx-6/itc01_ws/install/yolobot_recognition/share/yolobot_recognition//scripts/models/hub/yolov5-panet.yaml\n'}
[1.909552] (yolobot_recognition) StdoutLine: {'line': b'-- Up-to-date: /home/jsagx-6/itc01_ws/install/yolobot_recognition/share/yolobot_recognition//scripts/models/hub/yolov5-p6.yaml\n'}
[1.910182] (yolobot_recognition) StdoutLine: {'line': b'-- Up-to-date: /home/jsagx-6/itc01_ws/install/yolobot_recognition/share/yolobot_recognition//scripts/models/yolov5s.yaml\n'}
[1.911360] (yolobot_recognition) StdoutLine: {'line': b'-- Up-to-date: /home/jsagx-6/itc01_ws/install/yolobot_recognition/share/yolobot_recognition//scripts/models/yolov5l.yaml\n'}
[1.914868] (yolobot_recognition) StdoutLine: {'line': b'-- Up-to-date: /home/jsagx-6/itc01_ws/install/yolobot_recognition/share/yolobot_recognition//scripts/models/experimental.py\n'}
[1.915727] (yolobot_recognition) StdoutLine: {'line': b'-- Up-to-date: /home/jsagx-6/itc01_ws/install/yolobot_recognition/share/yolobot_recognition//scripts/models/yolov5n.yaml\n'}
[1.916867] (yolobot_recognition) StdoutLine: {'line': b'-- Up-to-date: /home/jsagx-6/itc01_ws/install/yolobot_recognition/share/yolobot_recognition//scripts/models/tf.py\n'}
[1.917458] (yolobot_recognition) StdoutLine: {'line': b'-- Up-to-date: /home/jsagx-6/itc01_ws/install/yolobot_recognition/share/yolobot_recognition//scripts/models/__init__.py\n'}
[1.918275] (yolobot_recognition) StdoutLine: {'line': b'-- Up-to-date: /home/jsagx-6/itc01_ws/install/yolobot_recognition/share/yolobot_recognition//scripts/models/common.py\n'}
[1.918845] (yolobot_recognition) StdoutLine: {'line': b'-- Up-to-date: /home/jsagx-6/itc01_ws/install/yolobot_recognition/share/yolobot_recognition//scripts/models/__pycache__\n'}
[1.919449] (yolobot_recognition) StdoutLine: {'line': b'-- Up-to-date: /home/jsagx-6/itc01_ws/install/yolobot_recognition/share/yolobot_recognition//scripts/models/__pycache__/__init__.cpython-38.pyc\n'}
[1.920132] (yolobot_recognition) StdoutLine: {'line': b'-- Up-to-date: /home/jsagx-6/itc01_ws/install/yolobot_recognition/share/yolobot_recognition//scripts/models/__pycache__/common.cpython-310.pyc\n'}
[1.920553] (yolobot_recognition) StdoutLine: {'line': b'-- Up-to-date: /home/jsagx-6/itc01_ws/install/yolobot_recognition/share/yolobot_recognition//scripts/models/__pycache__/experimental.cpython-310.pyc\n'}
[1.920992] (yolobot_recognition) StdoutLine: {'line': b'-- Up-to-date: /home/jsagx-6/itc01_ws/install/yolobot_recognition/share/yolobot_recognition//scripts/models/__pycache__/yolo.cpython-310.pyc\n'}
[1.921429] (yolobot_recognition) StdoutLine: {'line': b'-- Up-to-date: /home/jsagx-6/itc01_ws/install/yolobot_recognition/share/yolobot_recognition//scripts/models/__pycache__/yolo.cpython-38.pyc\n'}
[1.921916] (yolobot_recognition) StdoutLine: {'line': b'-- Up-to-date: /home/jsagx-6/itc01_ws/install/yolobot_recognition/share/yolobot_recognition//scripts/models/__pycache__/experimental.cpython-38.pyc\n'}
[1.922483] (yolobot_recognition) StdoutLine: {'line': b'-- Up-to-date: /home/jsagx-6/itc01_ws/install/yolobot_recognition/share/yolobot_recognition//scripts/models/__pycache__/__init__.cpython-310.pyc\n'}
[1.924996] (yolobot_recognition) StdoutLine: {'line': b'-- Up-to-date: /home/jsagx-6/itc01_ws/install/yolobot_recognition/share/yolobot_recognition//scripts/models/__pycache__/common.cpython-38.pyc\n'}
[1.926522] (yolobot_recognition) StdoutLine: {'line': b'-- Up-to-date: /home/jsagx-6/itc01_ws/install/yolobot_recognition/share/yolobot_recognition//scripts/models/yolo.py\n'}
[1.927239] (yolobot_recognition) StdoutLine: {'line': b'-- Up-to-date: /home/jsagx-6/itc01_ws/install/yolobot_recognition/share/yolobot_recognition//scripts/yolov5_detection.py\n'}
[1.928657] (yolobot_recognition) StdoutLine: {'line': b'-- Up-to-date: /home/jsagx-6/itc01_ws/install/yolobot_recognition/share/yolobot_recognition//scripts/.dockerignore\n'}
[1.929734] (yolobot_recognition) StdoutLine: {'line': b'-- Up-to-date: /home/jsagx-6/itc01_ws/install/yolobot_recognition/share/yolobot_recognition//scripts/__pycache__\n'}
[1.930313] (yolobot_recognition) StdoutLine: {'line': b'-- Up-to-date: /home/jsagx-6/itc01_ws/install/yolobot_recognition/share/yolobot_recognition//scripts/__pycache__/val.cpython-310.pyc\n'}
[1.931555] (yolobot_recognition) StdoutLine: {'line': b'-- Up-to-date: /home/jsagx-6/itc01_ws/install/yolobot_recognition/share/yolobot_recognition//scripts/__pycache__/export.cpython-38.pyc\n'}
[1.933588] (yolobot_recognition) StdoutLine: {'line': b'-- Up-to-date: /home/jsagx-6/itc01_ws/install/yolobot_recognition/share/yolobot_recognition//scripts/__pycache__/export.cpython-310.pyc\n'}
[1.936109] (yolobot_recognition) StdoutLine: {'line': b'-- Up-to-date: /home/jsagx-6/itc01_ws/install/yolobot_recognition/share/yolobot_recognition//scripts/hubconf.py\n'}
[1.937440] (-) TimerEvent: {}
[1.938617] (yolobot_recognition) StdoutLine: {'line': b'-- Up-to-date: /home/jsagx-6/itc01_ws/install/yolobot_recognition/share/yolobot_recognition//scripts/ros_recognition_yolo.py\n'}
[1.942230] (yolobot_recognition) StdoutLine: {'line': b'-- Up-to-date: /home/jsagx-6/itc01_ws/install/yolobot_recognition/share/yolobot_recognition//scripts/val.py\n'}
[1.943317] (yolobot_recognition) StdoutLine: {'line': b'-- Up-to-date: /home/jsagx-6/itc01_ws/install/yolobot_recognition/share/yolobot_recognition//scripts/setup.cfg\n'}
[1.945694] (yolobot_recognition) StdoutLine: {'line': b'-- Up-to-date: /home/jsagx-6/itc01_ws/install/yolobot_recognition/share/yolobot_recognition//scripts/best.pt\n'}
[1.946144] (yolobot_recognition) StdoutLine: {'line': b'-- Up-to-date: /home/jsagx-6/itc01_ws/install/yolobot_recognition/share/yolobot_recognition//scripts/utils\n'}
[1.946731] (yolobot_recognition) StdoutLine: {'line': b'-- Up-to-date: /home/jsagx-6/itc01_ws/install/yolobot_recognition/share/yolobot_recognition//scripts/utils/segment\n'}
[1.947933] (yolobot_recognition) StdoutLine: {'line': b'-- Up-to-date: /home/jsagx-6/itc01_ws/install/yolobot_recognition/share/yolobot_recognition//scripts/utils/segment/dataloaders.py\n'}
[1.949460] (yolobot_recognition) StdoutLine: {'line': b'-- Up-to-date: /home/jsagx-6/itc01_ws/install/yolobot_recognition/share/yolobot_recognition//scripts/utils/segment/plots.py\n'}
[1.950027] (yolobot_recognition) StdoutLine: {'line': b'-- Up-to-date: /home/jsagx-6/itc01_ws/install/yolobot_recognition/share/yolobot_recognition//scripts/utils/segment/augmentations.py\n'}
[1.951231] (yolobot_recognition) StdoutLine: {'line': b'-- Up-to-date: /home/jsagx-6/itc01_ws/install/yolobot_recognition/share/yolobot_recognition//scripts/utils/segment/general.py\n'}
[1.953373] (yolobot_recognition) StdoutLine: {'line': b'-- Up-to-date: /home/jsagx-6/itc01_ws/install/yolobot_recognition/share/yolobot_recognition//scripts/utils/segment/__init__.py\n'}
[1.953948] (yolobot_recognition) StdoutLine: {'line': b'-- Up-to-date: /home/jsagx-6/itc01_ws/install/yolobot_recognition/share/yolobot_recognition//scripts/utils/segment/metrics.py\n'}
[1.955051] (yolobot_recognition) StdoutLine: {'line': b'-- Up-to-date: /home/jsagx-6/itc01_ws/install/yolobot_recognition/share/yolobot_recognition//scripts/utils/segment/__pycache__\n'}
[1.957347] (yolobot_recognition) StdoutLine: {'line': b'-- Up-to-date: /home/jsagx-6/itc01_ws/install/yolobot_recognition/share/yolobot_recognition//scripts/utils/segment/__pycache__/__init__.cpython-38.pyc\n'}
[1.957911] (yolobot_recognition) StdoutLine: {'line': b'-- Up-to-date: /home/jsagx-6/itc01_ws/install/yolobot_recognition/share/yolobot_recognition//scripts/utils/segment/__pycache__/general.cpython-38.pyc\n'}
[1.959166] (yolobot_recognition) StdoutLine: {'line': b'-- Up-to-date: /home/jsagx-6/itc01_ws/install/yolobot_recognition/share/yolobot_recognition//scripts/utils/segment/__pycache__/__init__.cpython-310.pyc\n'}
[1.961196] (yolobot_recognition) StdoutLine: {'line': b'-- Up-to-date: /home/jsagx-6/itc01_ws/install/yolobot_recognition/share/yolobot_recognition//scripts/utils/segment/__pycache__/general.cpython-310.pyc\n'}
[1.961750] (yolobot_recognition) StdoutLine: {'line': b'-- Up-to-date: /home/jsagx-6/itc01_ws/install/yolobot_recognition/share/yolobot_recognition//scripts/utils/segment/loss.py\n'}
[1.963483] (yolobot_recognition) StdoutLine: {'line': b'-- Up-to-date: /home/jsagx-6/itc01_ws/install/yolobot_recognition/share/yolobot_recognition//scripts/utils/dataloaders.py\n'}
[1.964203] (yolobot_recognition) StdoutLine: {'line': b'-- Up-to-date: /home/jsagx-6/itc01_ws/install/yolobot_recognition/share/yolobot_recognition//scripts/utils/plots.py\n'}
[1.964694] (yolobot_recognition) StdoutLine: {'line': b'-- Up-to-date: /home/jsagx-6/itc01_ws/install/yolobot_recognition/share/yolobot_recognition//scripts/utils/augmentations.py\n'}
[1.970553] (yolobot_recognition) StdoutLine: {'line': b'-- Up-to-date: /home/jsagx-6/itc01_ws/install/yolobot_recognition/share/yolobot_recognition//scripts/utils/general.py\n'}
[1.977057] (yolobot_recognition) StdoutLine: {'line': b'-- Up-to-date: /home/jsagx-6/itc01_ws/install/yolobot_recognition/share/yolobot_recognition//scripts/utils/__init__.py\n'}
[1.977579] (yolobot_recognition) StdoutLine: {'line': b'-- Up-to-date: /home/jsagx-6/itc01_ws/install/yolobot_recognition/share/yolobot_recognition//scripts/utils/metrics.py\n'}
[1.977938] (yolobot_recognition) StdoutLine: {'line': b'-- Up-to-date: /home/jsagx-6/itc01_ws/install/yolobot_recognition/share/yolobot_recognition//scripts/utils/flask_rest_api\n'}
[1.978343] (yolobot_recognition) StdoutLine: {'line': b'-- Up-to-date: /home/jsagx-6/itc01_ws/install/yolobot_recognition/share/yolobot_recognition//scripts/utils/flask_rest_api/example_request.py\n'}
[1.978873] (yolobot_recognition) StdoutLine: {'line': b'-- Up-to-date: /home/jsagx-6/itc01_ws/install/yolobot_recognition/share/yolobot_recognition//scripts/utils/flask_rest_api/README.md\n'}
[1.979159] (yolobot_recognition) StdoutLine: {'line': b'-- Up-to-date: /home/jsagx-6/itc01_ws/install/yolobot_recognition/share/yolobot_recognition//scripts/utils/flask_rest_api/restapi.py\n'}
[1.979479] (yolobot_recognition) StdoutLine: {'line': b'-- Up-to-date: /home/jsagx-6/itc01_ws/install/yolobot_recognition/share/yolobot_recognition//scripts/utils/__pycache__\n'}
[1.979821] (yolobot_recognition) StdoutLine: {'line': b'-- Up-to-date: /home/jsagx-6/itc01_ws/install/yolobot_recognition/share/yolobot_recognition//scripts/utils/__pycache__/autoanchor.cpython-38.pyc\n'}
[1.980134] (yolobot_recognition) StdoutLine: {'line': b'-- Up-to-date: /home/jsagx-6/itc01_ws/install/yolobot_recognition/share/yolobot_recognition//scripts/utils/__pycache__/__init__.cpython-38.pyc\n'}
[1.980435] (yolobot_recognition) StdoutLine: {'line': b'-- Up-to-date: /home/jsagx-6/itc01_ws/install/yolobot_recognition/share/yolobot_recognition//scripts/utils/__pycache__/autobatch.cpython-310.pyc\n'}
[1.980739] (yolobot_recognition) StdoutLine: {'line': b'-- Up-to-date: /home/jsagx-6/itc01_ws/install/yolobot_recognition/share/yolobot_recognition//scripts/utils/__pycache__/dataloaders.cpython-310.pyc\n'}
[1.981030] (yolobot_recognition) StdoutLine: {'line': b'-- Up-to-date: /home/jsagx-6/itc01_ws/install/yolobot_recognition/share/yolobot_recognition//scripts/utils/__pycache__/torch_utils.cpython-38.pyc\n'}
[1.981361] (yolobot_recognition) StdoutLine: {'line': b'-- Up-to-date: /home/jsagx-6/itc01_ws/install/yolobot_recognition/share/yolobot_recognition//scripts/utils/__pycache__/downloads.cpython-38.pyc\n'}
[1.981696] (yolobot_recognition) StdoutLine: {'line': b'-- Up-to-date: /home/jsagx-6/itc01_ws/install/yolobot_recognition/share/yolobot_recognition//scripts/utils/__pycache__/plots.cpython-310.pyc\n'}
[1.981970] (yolobot_recognition) StdoutLine: {'line': b'-- Up-to-date: /home/jsagx-6/itc01_ws/install/yolobot_recognition/share/yolobot_recognition//scripts/utils/__pycache__/downloads.cpython-310.pyc\n'}
[1.982238] (yolobot_recognition) StdoutLine: {'line': b'-- Up-to-date: /home/jsagx-6/itc01_ws/install/yolobot_recognition/share/yolobot_recognition//scripts/utils/__pycache__/torch_utils.cpython-310.pyc\n'}
[1.982638] (yolobot_recognition) StdoutLine: {'line': b'-- Up-to-date: /home/jsagx-6/itc01_ws/install/yolobot_recognition/share/yolobot_recognition//scripts/utils/__pycache__/general.cpython-38.pyc\n'}
[1.983039] (yolobot_recognition) StdoutLine: {'line': b'-- Up-to-date: /home/jsagx-6/itc01_ws/install/yolobot_recognition/share/yolobot_recognition//scripts/utils/__pycache__/plots.cpython-38.pyc\n'}
[1.983321] (yolobot_recognition) StdoutLine: {'line': b'-- Up-to-date: /home/jsagx-6/itc01_ws/install/yolobot_recognition/share/yolobot_recognition//scripts/utils/__pycache__/metrics.cpython-38.pyc\n'}
[1.983595] (yolobot_recognition) StdoutLine: {'line': b'-- Up-to-date: /home/jsagx-6/itc01_ws/install/yolobot_recognition/share/yolobot_recognition//scripts/utils/__pycache__/augmentations.cpython-38.pyc\n'}
[1.983893] (yolobot_recognition) StdoutLine: {'line': b'-- Up-to-date: /home/jsagx-6/itc01_ws/install/yolobot_recognition/share/yolobot_recognition//scripts/utils/__pycache__/__init__.cpython-310.pyc\n'}
[1.984181] (yolobot_recognition) StdoutLine: {'line': b'-- Up-to-date: /home/jsagx-6/itc01_ws/install/yolobot_recognition/share/yolobot_recognition//scripts/utils/__pycache__/callbacks.cpython-310.pyc\n'}
[1.984469] (yolobot_recognition) StdoutLine: {'line': b'-- Up-to-date: /home/jsagx-6/itc01_ws/install/yolobot_recognition/share/yolobot_recognition//scripts/utils/__pycache__/general.cpython-310.pyc\n'}
[1.984741] (yolobot_recognition) StdoutLine: {'line': b'-- Up-to-date: /home/jsagx-6/itc01_ws/install/yolobot_recognition/share/yolobot_recognition//scripts/utils/__pycache__/metrics.cpython-310.pyc\n'}
[1.985003] (yolobot_recognition) StdoutLine: {'line': b'-- Up-to-date: /home/jsagx-6/itc01_ws/install/yolobot_recognition/share/yolobot_recognition//scripts/utils/__pycache__/dataloaders.cpython-38.pyc\n'}
[1.985251] (yolobot_recognition) StdoutLine: {'line': b'-- Up-to-date: /home/jsagx-6/itc01_ws/install/yolobot_recognition/share/yolobot_recognition//scripts/utils/__pycache__/augmentations.cpython-310.pyc\n'}
[1.985591] (yolobot_recognition) StdoutLine: {'line': b'-- Up-to-date: /home/jsagx-6/itc01_ws/install/yolobot_recognition/share/yolobot_recognition//scripts/utils/__pycache__/autoanchor.cpython-310.pyc\n'}
[1.985929] (yolobot_recognition) StdoutLine: {'line': b'-- Up-to-date: /home/jsagx-6/itc01_ws/install/yolobot_recognition/share/yolobot_recognition//scripts/utils/autoanchor.py\n'}
[1.986207] (yolobot_recognition) StdoutLine: {'line': b'-- Up-to-date: /home/jsagx-6/itc01_ws/install/yolobot_recognition/share/yolobot_recognition//scripts/utils/activations.py\n'}
[1.986527] (yolobot_recognition) StdoutLine: {'line': b'-- Up-to-date: /home/jsagx-6/itc01_ws/install/yolobot_recognition/share/yolobot_recognition//scripts/utils/aws\n'}
[1.986821] (yolobot_recognition) StdoutLine: {'line': b'-- Up-to-date: /home/jsagx-6/itc01_ws/install/yolobot_recognition/share/yolobot_recognition//scripts/utils/aws/resume.py\n'}
[1.987182] (yolobot_recognition) StdoutLine: {'line': b'-- Up-to-date: /home/jsagx-6/itc01_ws/install/yolobot_recognition/share/yolobot_recognition//scripts/utils/aws/__init__.py\n'}
[1.987510] (yolobot_recognition) StdoutLine: {'line': b'-- Up-to-date: /home/jsagx-6/itc01_ws/install/yolobot_recognition/share/yolobot_recognition//scripts/utils/aws/mime.sh\n'}
[1.987788] (yolobot_recognition) StdoutLine: {'line': b'-- Up-to-date: /home/jsagx-6/itc01_ws/install/yolobot_recognition/share/yolobot_recognition//scripts/utils/aws/userdata.sh\n'}
[1.988075] (yolobot_recognition) StdoutLine: {'line': b'-- Up-to-date: /home/jsagx-6/itc01_ws/install/yolobot_recognition/share/yolobot_recognition//scripts/utils/autobatch.py\n'}
[1.988333] (yolobot_recognition) StdoutLine: {'line': b'-- Up-to-date: /home/jsagx-6/itc01_ws/install/yolobot_recognition/share/yolobot_recognition//scripts/utils/callbacks.py\n'}
[1.988592] (yolobot_recognition) StdoutLine: {'line': b'-- Up-to-date: /home/jsagx-6/itc01_ws/install/yolobot_recognition/share/yolobot_recognition//scripts/utils/downloads.py\n'}
[1.988877] (yolobot_recognition) StdoutLine: {'line': b'-- Up-to-date: /home/jsagx-6/itc01_ws/install/yolobot_recognition/share/yolobot_recognition//scripts/utils/docker\n'}
[1.989203] (yolobot_recognition) StdoutLine: {'line': b'-- Up-to-date: /home/jsagx-6/itc01_ws/install/yolobot_recognition/share/yolobot_recognition//scripts/utils/docker/Dockerfile-arm64\n'}
[1.989482] (yolobot_recognition) StdoutLine: {'line': b'-- Up-to-date: /home/jsagx-6/itc01_ws/install/yolobot_recognition/share/yolobot_recognition//scripts/utils/docker/Dockerfile\n'}
[1.989745] (yolobot_recognition) StdoutLine: {'line': b'-- Up-to-date: /home/jsagx-6/itc01_ws/install/yolobot_recognition/share/yolobot_recognition//scripts/utils/docker/Dockerfile-cpu\n'}
[1.990003] (yolobot_recognition) StdoutLine: {'line': b'-- Up-to-date: /home/jsagx-6/itc01_ws/install/yolobot_recognition/share/yolobot_recognition//scripts/utils/loss.py\n'}
[1.990302] (yolobot_recognition) StdoutLine: {'line': b'-- Up-to-date: /home/jsagx-6/itc01_ws/install/yolobot_recognition/share/yolobot_recognition//scripts/utils/loggers\n'}
[1.990693] (yolobot_recognition) StdoutLine: {'line': b'-- Up-to-date: /home/jsagx-6/itc01_ws/install/yolobot_recognition/share/yolobot_recognition//scripts/utils/loggers/__init__.py\n'}
[1.990970] (yolobot_recognition) StdoutLine: {'line': b'-- Up-to-date: /home/jsagx-6/itc01_ws/install/yolobot_recognition/share/yolobot_recognition//scripts/utils/loggers/__pycache__\n'}
[1.991254] (yolobot_recognition) StdoutLine: {'line': b'-- Up-to-date: /home/jsagx-6/itc01_ws/install/yolobot_recognition/share/yolobot_recognition//scripts/utils/loggers/__pycache__/__init__.cpython-310.pyc\n'}
[1.991513] (yolobot_recognition) StdoutLine: {'line': b'-- Up-to-date: /home/jsagx-6/itc01_ws/install/yolobot_recognition/share/yolobot_recognition//scripts/utils/loggers/comet\n'}
[1.991771] (yolobot_recognition) StdoutLine: {'line': b'-- Up-to-date: /home/jsagx-6/itc01_ws/install/yolobot_recognition/share/yolobot_recognition//scripts/utils/loggers/comet/comet_utils.py\n'}
[1.992132] (yolobot_recognition) StdoutLine: {'line': b'-- Up-to-date: /home/jsagx-6/itc01_ws/install/yolobot_recognition/share/yolobot_recognition//scripts/utils/loggers/comet/README.md\n'}
[1.992471] (yolobot_recognition) StdoutLine: {'line': b'-- Up-to-date: /home/jsagx-6/itc01_ws/install/yolobot_recognition/share/yolobot_recognition//scripts/utils/loggers/comet/__init__.py\n'}
[1.992759] (yolobot_recognition) StdoutLine: {'line': b'-- Up-to-date: /home/jsagx-6/itc01_ws/install/yolobot_recognition/share/yolobot_recognition//scripts/utils/loggers/comet/hpo.py\n'}
[1.993013] (yolobot_recognition) StdoutLine: {'line': b'-- Up-to-date: /home/jsagx-6/itc01_ws/install/yolobot_recognition/share/yolobot_recognition//scripts/utils/loggers/comet/optimizer_config.json\n'}
[1.993289] (yolobot_recognition) StdoutLine: {'line': b'-- Up-to-date: /home/jsagx-6/itc01_ws/install/yolobot_recognition/share/yolobot_recognition//scripts/utils/loggers/clearml\n'}
[1.993536] (yolobot_recognition) StdoutLine: {'line': b'-- Up-to-date: /home/jsagx-6/itc01_ws/install/yolobot_recognition/share/yolobot_recognition//scripts/utils/loggers/clearml/README.md\n'}
[1.993790] (yolobot_recognition) StdoutLine: {'line': b'-- Up-to-date: /home/jsagx-6/itc01_ws/install/yolobot_recognition/share/yolobot_recognition//scripts/utils/loggers/clearml/__init__.py\n'}
[1.994065] (yolobot_recognition) StdoutLine: {'line': b'-- Up-to-date: /home/jsagx-6/itc01_ws/install/yolobot_recognition/share/yolobot_recognition//scripts/utils/loggers/clearml/hpo.py\n'}
[1.994344] (yolobot_recognition) StdoutLine: {'line': b'-- Up-to-date: /home/jsagx-6/itc01_ws/install/yolobot_recognition/share/yolobot_recognition//scripts/utils/loggers/clearml/clearml_utils.py\n'}
[1.994707] (yolobot_recognition) StdoutLine: {'line': b'-- Up-to-date: /home/jsagx-6/itc01_ws/install/yolobot_recognition/share/yolobot_recognition//scripts/utils/loggers/wandb\n'}
[1.994963] (yolobot_recognition) StdoutLine: {'line': b'-- Up-to-date: /home/jsagx-6/itc01_ws/install/yolobot_recognition/share/yolobot_recognition//scripts/utils/loggers/wandb/wandb_utils.py\n'}
[1.995281] (yolobot_recognition) StdoutLine: {'line': b'-- Up-to-date: /home/jsagx-6/itc01_ws/install/yolobot_recognition/share/yolobot_recognition//scripts/utils/loggers/wandb/__init__.py\n'}
[1.995564] (yolobot_recognition) StdoutLine: {'line': b'-- Up-to-date: /home/jsagx-6/itc01_ws/install/yolobot_recognition/share/yolobot_recognition//scripts/utils/torch_utils.py\n'}
[1.995874] (yolobot_recognition) StdoutLine: {'line': b'-- Up-to-date: /home/jsagx-6/itc01_ws/install/yolobot_recognition/share/yolobot_recognition//scripts/utils/google_app_engine\n'}
[1.996186] (yolobot_recognition) StdoutLine: {'line': b'-- Up-to-date: /home/jsagx-6/itc01_ws/install/yolobot_recognition/share/yolobot_recognition//scripts/utils/google_app_engine/additional_requirements.txt\n'}
[1.996486] (yolobot_recognition) StdoutLine: {'line': b'-- Up-to-date: /home/jsagx-6/itc01_ws/install/yolobot_recognition/share/yolobot_recognition//scripts/utils/google_app_engine/Dockerfile\n'}
[1.996768] (yolobot_recognition) StdoutLine: {'line': b'-- Up-to-date: /home/jsagx-6/itc01_ws/install/yolobot_recognition/share/yolobot_recognition//scripts/utils/google_app_engine/app.yaml\n'}
[1.997058] (yolobot_recognition) StdoutLine: {'line': b'-- Up-to-date: /home/jsagx-6/itc01_ws/install/yolobot_recognition/share/yolobot_recognition//scripts/utils/triton.py\n'}
[1.997323] (yolobot_recognition) StdoutLine: {'line': b'-- Up-to-date: /home/jsagx-6/itc01_ws/install/yolobot_recognition/share/yolobot_recognition//scripts/webcam_pub.py\n'}
[1.997641] (yolobot_recognition) StdoutLine: {'line': b'-- Up-to-date: /home/jsagx-6/itc01_ws/install/yolobot_recognition/share/yolobot_recognition//scripts/benchmarks.py\n'}
[1.997959] (yolobot_recognition) StdoutLine: {'line': b'-- Up-to-date: /home/jsagx-6/itc01_ws/install/yolobot_recognition/share/yolobot_recognition//scripts/.gitattributes\n'}
[1.998239] (yolobot_recognition) StdoutLine: {'line': b'-- Up-to-date: /home/jsagx-6/itc01_ws/install/yolobot_recognition/share/yolobot_recognition//scripts/ros_yolo_sub.py\n'}
[1.998739] (yolobot_recognition) StdoutLine: {'line': b'-- Up-to-date: /home/jsagx-6/itc01_ws/install/yolobot_recognition/lib/yolobot_recognition/ros_recognition_yolo.py\n'}
[1.999007] (yolobot_recognition) StdoutLine: {'line': b'-- Up-to-date: /home/jsagx-6/itc01_ws/install/yolobot_recognition/lib/yolobot_recognition/yolov5_detection.py\n'}
[1.999270] (yolobot_recognition) StdoutLine: {'line': b'-- Up-to-date: /home/jsagx-6/itc01_ws/install/yolobot_recognition/lib/yolobot_recognition/webcam_pub.py\n'}
[1.999592] (yolobot_recognition) StdoutLine: {'line': b'-- Up-to-date: /home/jsagx-6/itc01_ws/install/yolobot_recognition/lib/yolobot_recognition/ros_yolo_sub.py\n'}
[1.999872] (yolobot_recognition) StdoutLine: {'line': b'-- Up-to-date: /home/jsagx-6/itc01_ws/install/yolobot_recognition/share/ament_index/resource_index/package_run_dependencies/yolobot_recognition\n'}
[2.000176] (yolobot_recognition) StdoutLine: {'line': b'-- Up-to-date: /home/jsagx-6/itc01_ws/install/yolobot_recognition/share/ament_index/resource_index/parent_prefix_path/yolobot_recognition\n'}
[2.000461] (yolobot_recognition) StdoutLine: {'line': b'-- Up-to-date: /home/jsagx-6/itc01_ws/install/yolobot_recognition/share/yolobot_recognition/environment/ament_prefix_path.sh\n'}
[2.000744] (yolobot_recognition) StdoutLine: {'line': b'-- Up-to-date: /home/jsagx-6/itc01_ws/install/yolobot_recognition/share/yolobot_recognition/environment/ament_prefix_path.dsv\n'}
[2.001001] (yolobot_recognition) StdoutLine: {'line': b'-- Up-to-date: /home/jsagx-6/itc01_ws/install/yolobot_recognition/share/yolobot_recognition/environment/path.sh\n'}
[2.001301] (yolobot_recognition) StdoutLine: {'line': b'-- Up-to-date: /home/jsagx-6/itc01_ws/install/yolobot_recognition/share/yolobot_recognition/environment/path.dsv\n'}
[2.001580] (yolobot_recognition) StdoutLine: {'line': b'-- Up-to-date: /home/jsagx-6/itc01_ws/install/yolobot_recognition/share/yolobot_recognition/local_setup.bash\n'}
[2.001933] (yolobot_recognition) StdoutLine: {'line': b'-- Up-to-date: /home/jsagx-6/itc01_ws/install/yolobot_recognition/share/yolobot_recognition/local_setup.sh\n'}
[2.002231] (yolobot_recognition) StdoutLine: {'line': b'-- Up-to-date: /home/jsagx-6/itc01_ws/install/yolobot_recognition/share/yolobot_recognition/local_setup.zsh\n'}
[2.002583] (yolobot_recognition) StdoutLine: {'line': b'-- Up-to-date: /home/jsagx-6/itc01_ws/install/yolobot_recognition/share/yolobot_recognition/local_setup.dsv\n'}
[2.002879] (yolobot_recognition) StdoutLine: {'line': b'-- Installing: /home/jsagx-6/itc01_ws/install/yolobot_recognition/share/yolobot_recognition/package.dsv\n'}
[2.003157] (yolobot_recognition) StdoutLine: {'line': b'-- Up-to-date: /home/jsagx-6/itc01_ws/install/yolobot_recognition/share/ament_index/resource_index/packages/yolobot_recognition\n'}
[2.003443] (yolobot_recognition) StdoutLine: {'line': b'-- Up-to-date: /home/jsagx-6/itc01_ws/install/yolobot_recognition/share/yolobot_recognition/cmake/yolobot_recognitionConfig.cmake\n'}
[2.003717] (yolobot_recognition) StdoutLine: {'line': b'-- Up-to-date: /home/jsagx-6/itc01_ws/install/yolobot_recognition/share/yolobot_recognition/cmake/yolobot_recognitionConfig-version.cmake\n'}
[2.004004] (yolobot_recognition) StdoutLine: {'line': b'-- Up-to-date: /home/jsagx-6/itc01_ws/install/yolobot_recognition/share/yolobot_recognition/package.xml\n'}
[2.004324] (yolobot_recognition) CommandEnded: {'returncode': 0}
[2.006566] (yolov8_msgs) StdoutLine: {'line': b'[ 74%] Built target yolov8_msgs__rosidl_typesupport_fastrtps_c\n'}
[2.007396] (yolov8_msgs) StdoutLine: {'line': b'[ 74%] Built target yolov8_msgs\n'}
[2.037681] (-) TimerEvent: {}
[2.069708] (yolobot_recognition) JobEnded: {'identifier': 'yolobot_recognition', 'rc': 0}
[2.083947] (yolov8_msgs) StdoutLine: {'line': b'[ 76%] Built target yolov8_msgs__py\n'}
[2.137848] (-) TimerEvent: {}
[2.173089] (yolov8_msgs) StdoutLine: {'line': b'[ 84%] Built target yolov8_msgs__python\n'}
[2.238096] (-) TimerEvent: {}
[2.263776] (yolov8_msgs) StdoutLine: {'line': b'[ 94%] Built target yolov8_msgs__rosidl_typesupport_fastrtps_c__pyext\n'}
[2.264417] (yolov8_msgs) StdoutLine: {'line': b'[ 94%] Built target yolov8_msgs__rosidl_typesupport_introspection_c__pyext\n'}
[2.265814] (yolov8_msgs) StdoutLine: {'line': b'[100%] Built target yolov8_msgs__rosidl_typesupport_c__pyext\n'}
[2.306367] (yolov8_msgs) CommandEnded: {'returncode': 0}
[2.338698] (-) TimerEvent: {}
[2.440257] (-) TimerEvent: {}
[2.530794] (yolov8_msgs) JobProgress: {'identifier': 'yolov8_msgs', 'progress': 'install'}
[2.532946] (yolov8_msgs) Command: {'cmd': ['/usr/bin/cmake', '--install', '/home/jsagx-6/itc01_ws/build/yolov8_msgs'], 'cwd': '/home/jsagx-6/itc01_ws/build/yolov8_msgs', 'env': OrderedDict([('USER', 'jsagx-6'), ('SSH_CLIENT', '192.168.77.208 36460 22'), ('LC_TIME', 'km_KH'), ('XDG_SESSION_TYPE', 'tty'), ('SHLVL', '1'), ('LD_LIBRARY_PATH', '/opt/ros/foxy/opt/yaml_cpp_vendor/lib:/opt/ros/foxy/lib/aarch64-linux-gnu:/opt/ros/foxy/lib:/home/jsagx-6/itc01_ws/install/yolov8_msgs/lib'), ('MOTD_SHOWN', 'pam'), ('HOME', '/home/jsagx-6'), ('OLDPWD', '/home/jsagx-6'), ('SSH_TTY', '/dev/pts/0'), ('JETSON_L4T', '35.5.0'), ('ROS_PYTHON_VERSION', '3'), ('JETSON_MODEL', 'Jetson-AGX'), ('LC_MONETARY', 'km_KH'), ('DBUS_SESSION_BUS_ADDRESS', 'unix:path=/run/user/1000/bus'), ('COLCON_PREFIX_PATH', '/home/jsagx-6/itc01_ws/install'), ('ROS_DISTRO', 'foxy'), ('LOGNAME', 'jsagx-6'), ('JETSON_MODULE', 'NVIDIA Jetson AGX Xavier (32 GB ram)'), ('JETSON_SERIAL_NUMBER', '1561221004404'), ('_', '/usr/bin/colcon'), ('ROS_VERSION', '2'), ('JETSON_CODENAME', 'Galen'), ('XDG_SESSION_CLASS', 'user'), ('TERM', 'xterm-256color'), ('XDG_SESSION_ID', '6'), ('ROS_LOCALHOST_ONLY', '0'), ('PATH', '/opt/ros/foxy/bin:/usr/local/sbin:/usr/local/bin:/usr/sbin:/usr/bin:/sbin:/bin:/usr/games:/usr/local/games:/snap/bin'), ('LC_ADDRESS', 'km_KH'), ('XDG_RUNTIME_DIR', '/run/user/1000'), ('LANG', 'en_US.UTF-8'), ('LC_TELEPHONE', 'km_KH'), ('JETSON_SOC', 'tegra194'), ('AMENT_PREFIX_PATH', '/opt/ros/foxy:/home/jsagx-6/itc01_ws/install/yolov8_msgs:/home/jsagx-6/itc01_ws/install/yolobot_recognition:/home/jsagx-6/itc01_ws/install/mr2_realsense:/home/jsagx-6/itc01_ws/install/buffalo_robot'), ('SHELL', '/bin/bash'), ('LC_NAME', 'km_KH'), ('LC_MEASUREMENT', 'km_KH'), ('LC_IDENTIFICATION', 'km_KH'), ('JETSON_CUDA_ARCH_BIN', '7.2'), ('PWD', '/home/jsagx-6/itc01_ws/build/yolov8_msgs'), ('LC_ALL', 'en_US.UTF-8'), ('SSH_CONNECTION', '192.168.77.208 36460 192.168.77.206 22'), ('XDG_DATA_DIRS', '/usr/local/share:/usr/share:/var/lib/snapd/desktop'), ('PYTHONPATH', '/opt/ros/foxy/lib/python3.8/site-packages:/home/jsagx-6/itc01_ws/install/yolov8_msgs/lib/python3.8/site-packages:/home/jsagx-6/itc01_ws/install/mr2_realsense/lib/python3.8/site-packages:/home/jsagx-6/itc01_ws/install/buffalo_robot/lib/python3.8/site-packages'), ('LC_NUMERIC', 'km_KH'), ('LC_PAPER', 'km_KH'), ('COLCON', '1'), ('JETSON_JETPACK', '5.1.3'), ('CMAKE_PREFIX_PATH', '/opt/ros/foxy:/home/jsagx-6/itc01_ws/install/yolov8_msgs:/home/jsagx-6/itc01_ws/install/yolobot_recognition:/home/jsagx-6/itc01_ws/install/mr2_realsense:/home/jsagx-6/itc01_ws/install/buffalo_robot'), ('JETSON_P_NUMBER', 'p2888-0004')]), 'shell': False}
[2.543383] (-) TimerEvent: {}
[2.569896] (yolov8_msgs) StdoutLine: {'line': b'-- Install configuration: ""\n'}
[2.571377] (yolov8_msgs) StdoutLine: {'line': b'-- Up-to-date: /home/jsagx-6/itc01_ws/install/yolov8_msgs/share/ament_index/resource_index/rosidl_interfaces/yolov8_msgs\n'}
[2.572475] (yolov8_msgs) StdoutLine: {'line': b'-- Up-to-date: /home/jsagx-6/itc01_ws/install/yolov8_msgs/include/yolov8_msgs\n'}
[2.573047] (yolov8_msgs) StdoutLine: {'line': b'-- Up-to-date: /home/jsagx-6/itc01_ws/install/yolov8_msgs/include/yolov8_msgs/msg\n'}
[2.573456] (yolov8_msgs) StdoutLine: {'line': b'-- Up-to-date: /home/jsagx-6/itc01_ws/install/yolov8_msgs/include/yolov8_msgs/msg/yolov8_inference.h\n'}
[2.573758] (yolov8_msgs) StdoutLine: {'line': b'-- Up-to-date: /home/jsagx-6/itc01_ws/install/yolov8_msgs/include/yolov8_msgs/msg/detail\n'}
[2.574023] (yolov8_msgs) StdoutLine: {'line': b'-- Up-to-date: /home/jsagx-6/itc01_ws/install/yolov8_msgs/include/yolov8_msgs/msg/detail/inference_result__functions.c\n'}
[2.574510] (yolov8_msgs) StdoutLine: {'line': b'-- Up-to-date: /home/jsagx-6/itc01_ws/install/yolov8_msgs/include/yolov8_msgs/msg/detail/inference_result__type_support.h\n'}
[2.574871] (yolov8_msgs) StdoutLine: {'line': b'-- Up-to-date: /home/jsagx-6/itc01_ws/install/yolov8_msgs/include/yolov8_msgs/msg/detail/yolov8_inference__functions.h\n'}
[2.575177] (yolov8_msgs) StdoutLine: {'line': b'-- Up-to-date: /home/jsagx-6/itc01_ws/install/yolov8_msgs/include/yolov8_msgs/msg/detail/yolov8_inference__type_support.h\n'}
[2.575441] (yolov8_msgs) StdoutLine: {'line': b'-- Up-to-date: /home/jsagx-6/itc01_ws/install/yolov8_msgs/include/yolov8_msgs/msg/detail/yolov8_inference__struct.h\n'}
[2.575900] (yolov8_msgs) StdoutLine: {'line': b'-- Up-to-date: /home/jsagx-6/itc01_ws/install/yolov8_msgs/include/yolov8_msgs/msg/detail/yolov8_inference__functions.c\n'}
[2.576564] (yolov8_msgs) StdoutLine: {'line': b'-- Up-to-date: /home/jsagx-6/itc01_ws/install/yolov8_msgs/include/yolov8_msgs/msg/detail/inference_result__functions.h\n'}
[2.576879] (yolov8_msgs) StdoutLine: {'line': b'-- Up-to-date: /home/jsagx-6/itc01_ws/install/yolov8_msgs/include/yolov8_msgs/msg/detail/inference_result__struct.h\n'}
[2.577184] (yolov8_msgs) StdoutLine: {'line': b'-- Up-to-date: /home/jsagx-6/itc01_ws/install/yolov8_msgs/include/yolov8_msgs/msg/rosidl_generator_c__visibility_control.h\n'}
[2.577462] (yolov8_msgs) StdoutLine: {'line': b'-- Up-to-date: /home/jsagx-6/itc01_ws/install/yolov8_msgs/include/yolov8_msgs/msg/inference_result.h\n'}
[2.577871] (yolov8_msgs) StdoutLine: {'line': b'-- Up-to-date: /home/jsagx-6/itc01_ws/install/yolov8_msgs/share/yolov8_msgs/environment/library_path.sh\n'}
[2.578140] (yolov8_msgs) StdoutLine: {'line': b'-- Up-to-date: /home/jsagx-6/itc01_ws/install/yolov8_msgs/share/yolov8_msgs/environment/library_path.dsv\n'}
[2.578489] (yolov8_msgs) StdoutLine: {'line': b'-- Up-to-date: /home/jsagx-6/itc01_ws/install/yolov8_msgs/lib/libyolov8_msgs__rosidl_generator_c.so\n'}
[2.578814] (yolov8_msgs) StdoutLine: {'line': b'-- Up-to-date: /home/jsagx-6/itc01_ws/install/yolov8_msgs/include/yolov8_msgs\n'}
[2.579104] (yolov8_msgs) StdoutLine: {'line': b'-- Up-to-date: /home/jsagx-6/itc01_ws/install/yolov8_msgs/include/yolov8_msgs/msg\n'}
[2.579697] (yolov8_msgs) StdoutLine: {'line': b'-- Up-to-date: /home/jsagx-6/itc01_ws/install/yolov8_msgs/include/yolov8_msgs/msg/detail\n'}
[2.580184] (yolov8_msgs) StdoutLine: {'line': b'-- Up-to-date: /home/jsagx-6/itc01_ws/install/yolov8_msgs/include/yolov8_msgs/msg/detail/yolov8_inference__rosidl_typesupport_fastrtps_c.h\n'}
[2.580488] (yolov8_msgs) StdoutLine: {'line': b'-- Up-to-date: /home/jsagx-6/itc01_ws/install/yolov8_msgs/include/yolov8_msgs/msg/detail/inference_result__rosidl_typesupport_fastrtps_c.h\n'}
[2.580762] (yolov8_msgs) StdoutLine: {'line': b'-- Up-to-date: /home/jsagx-6/itc01_ws/install/yolov8_msgs/include/yolov8_msgs/msg/rosidl_typesupport_fastrtps_c__visibility_control.h\n'}
[2.581071] (yolov8_msgs) StdoutLine: {'line': b'-- Up-to-date: /home/jsagx-6/itc01_ws/install/yolov8_msgs/lib/libyolov8_msgs__rosidl_typesupport_fastrtps_c.so\n'}
[2.581478] (yolov8_msgs) StdoutLine: {'line': b'-- Up-to-date: /home/jsagx-6/itc01_ws/install/yolov8_msgs/include/yolov8_msgs\n'}
[2.581784] (yolov8_msgs) StdoutLine: {'line': b'-- Up-to-date: /home/jsagx-6/itc01_ws/install/yolov8_msgs/include/yolov8_msgs/msg\n'}
[2.582030] (yolov8_msgs) StdoutLine: {'line': b'-- Up-to-date: /home/jsagx-6/itc01_ws/install/yolov8_msgs/include/yolov8_msgs/msg/rosidl_typesupport_fastrtps_cpp__visibility_control.h\n'}
[2.582270] (yolov8_msgs) StdoutLine: {'line': b'-- Up-to-date: /home/jsagx-6/itc01_ws/install/yolov8_msgs/include/yolov8_msgs/msg/detail\n'}
[2.582835] (yolov8_msgs) StdoutLine: {'line': b'-- Up-to-date: /home/jsagx-6/itc01_ws/install/yolov8_msgs/include/yolov8_msgs/msg/detail/yolov8_inference__rosidl_typesupport_fastrtps_cpp.hpp\n'}
[2.583622] (yolov8_msgs) StdoutLine: {'line': b'-- Up-to-date: /home/jsagx-6/itc01_ws/install/yolov8_msgs/include/yolov8_msgs/msg/detail/inference_result__rosidl_typesupport_fastrtps_cpp.hpp\n'}
[2.584026] (yolov8_msgs) StdoutLine: {'line': b'-- Up-to-date: /home/jsagx-6/itc01_ws/install/yolov8_msgs/include/yolov8_msgs/msg/detail/dds_fastrtps\n'}
[2.584301] (yolov8_msgs) StdoutLine: {'line': b'-- Up-to-date: /home/jsagx-6/itc01_ws/install/yolov8_msgs/lib/libyolov8_msgs__rosidl_typesupport_fastrtps_cpp.so\n'}
[2.584574] (yolov8_msgs) StdoutLine: {'line': b'-- Up-to-date: /home/jsagx-6/itc01_ws/install/yolov8_msgs/include/yolov8_msgs\n'}
[2.584990] (yolov8_msgs) StdoutLine: {'line': b'-- Up-to-date: /home/jsagx-6/itc01_ws/install/yolov8_msgs/include/yolov8_msgs/msg\n'}
[2.585280] (yolov8_msgs) StdoutLine: {'line': b'-- Up-to-date: /home/jsagx-6/itc01_ws/install/yolov8_msgs/include/yolov8_msgs/msg/detail\n'}
[2.585563] (yolov8_msgs) StdoutLine: {'line': b'-- Up-to-date: /home/jsagx-6/itc01_ws/install/yolov8_msgs/include/yolov8_msgs/msg/detail/inference_result__rosidl_typesupport_introspection_c.h\n'}
[2.585857] (yolov8_msgs) StdoutLine: {'line': b'-- Up-to-date: /home/jsagx-6/itc01_ws/install/yolov8_msgs/include/yolov8_msgs/msg/detail/yolov8_inference__type_support.c\n'}
[2.586142] (yolov8_msgs) StdoutLine: {'line': b'-- Up-to-date: /home/jsagx-6/itc01_ws/install/yolov8_msgs/include/yolov8_msgs/msg/detail/inference_result__type_support.c\n'}
[2.586465] (yolov8_msgs) StdoutLine: {'line': b'-- Up-to-date: /home/jsagx-6/itc01_ws/install/yolov8_msgs/include/yolov8_msgs/msg/detail/yolov8_inference__rosidl_typesupport_introspection_c.h\n'}
[2.586886] (yolov8_msgs) StdoutLine: {'line': b'-- Up-to-date: /home/jsagx-6/itc01_ws/install/yolov8_msgs/include/yolov8_msgs/msg/rosidl_typesupport_introspection_c__visibility_control.h\n'}
[2.587223] (yolov8_msgs) StdoutLine: {'line': b'-- Up-to-date: /home/jsagx-6/itc01_ws/install/yolov8_msgs/lib/libyolov8_msgs__rosidl_typesupport_introspection_c.so\n'}
[2.587617] (yolov8_msgs) StdoutLine: {'line': b'-- Up-to-date: /home/jsagx-6/itc01_ws/install/yolov8_msgs/lib/libyolov8_msgs__rosidl_typesupport_c.so\n'}
[2.588381] (yolov8_msgs) StdoutLine: {'line': b'-- Up-to-date: /home/jsagx-6/itc01_ws/install/yolov8_msgs/include/yolov8_msgs\n'}
[2.589090] (yolov8_msgs) StdoutLine: {'line': b'-- Up-to-date: /home/jsagx-6/itc01_ws/install/yolov8_msgs/include/yolov8_msgs/msg\n'}
[2.589641] (yolov8_msgs) StdoutLine: {'line': b'-- Up-to-date: /home/jsagx-6/itc01_ws/install/yolov8_msgs/include/yolov8_msgs/msg/detail\n'}
[2.590349] (yolov8_msgs) StdoutLine: {'line': b'-- Up-to-date: /home/jsagx-6/itc01_ws/install/yolov8_msgs/include/yolov8_msgs/msg/detail/inference_result__type_support.hpp\n'}
[2.590856] (yolov8_msgs) StdoutLine: {'line': b'-- Up-to-date: /home/jsagx-6/itc01_ws/install/yolov8_msgs/include/yolov8_msgs/msg/detail/inference_result__struct.hpp\n'}
[2.591166] (yolov8_msgs) StdoutLine: {'line': b'-- Up-to-date: /home/jsagx-6/itc01_ws/install/yolov8_msgs/include/yolov8_msgs/msg/detail/yolov8_inference__traits.hpp\n'}
[2.591474] (yolov8_msgs) StdoutLine: {'line': b'-- Up-to-date: /home/jsagx-6/itc01_ws/install/yolov8_msgs/include/yolov8_msgs/msg/detail/yolov8_inference__builder.hpp\n'}
[2.591898] (yolov8_msgs) StdoutLine: {'line': b'-- Up-to-date: /home/jsagx-6/itc01_ws/install/yolov8_msgs/include/yolov8_msgs/msg/detail/yolov8_inference__struct.hpp\n'}
[2.592183] (yolov8_msgs) StdoutLine: {'line': b'-- Up-to-date: /home/jsagx-6/itc01_ws/install/yolov8_msgs/include/yolov8_msgs/msg/detail/yolov8_inference__type_support.hpp\n'}
[2.592456] (yolov8_msgs) StdoutLine: {'line': b'-- Up-to-date: /home/jsagx-6/itc01_ws/install/yolov8_msgs/include/yolov8_msgs/msg/detail/inference_result__builder.hpp\n'}
[2.592750] (yolov8_msgs) StdoutLine: {'line': b'-- Up-to-date: /home/jsagx-6/itc01_ws/install/yolov8_msgs/include/yolov8_msgs/msg/detail/inference_result__traits.hpp\n'}
[2.593075] (yolov8_msgs) StdoutLine: {'line': b'-- Up-to-date: /home/jsagx-6/itc01_ws/install/yolov8_msgs/include/yolov8_msgs/msg/yolov8_inference.hpp\n'}
[2.593356] (yolov8_msgs) StdoutLine: {'line': b'-- Up-to-date: /home/jsagx-6/itc01_ws/install/yolov8_msgs/include/yolov8_msgs/msg/rosidl_generator_cpp__visibility_control.hpp\n'}
[2.593801] (yolov8_msgs) StdoutLine: {'line': b'-- Up-to-date: /home/jsagx-6/itc01_ws/install/yolov8_msgs/include/yolov8_msgs/msg/inference_result.hpp\n'}
[2.594065] (yolov8_msgs) StdoutLine: {'line': b'-- Up-to-date: /home/jsagx-6/itc01_ws/install/yolov8_msgs/include/yolov8_msgs\n'}
[2.594323] (yolov8_msgs) StdoutLine: {'line': b'-- Up-to-date: /home/jsagx-6/itc01_ws/install/yolov8_msgs/include/yolov8_msgs/msg\n'}
[2.594820] (yolov8_msgs) StdoutLine: {'line': b'-- Up-to-date: /home/jsagx-6/itc01_ws/install/yolov8_msgs/include/yolov8_msgs/msg/detail\n'}
[2.595330] (yolov8_msgs) StdoutLine: {'line': b'-- Up-to-date: /home/jsagx-6/itc01_ws/install/yolov8_msgs/include/yolov8_msgs/msg/detail/inference_result__rosidl_typesupport_introspection_cpp.hpp\n'}
[2.595603] (yolov8_msgs) StdoutLine: {'line': b'-- Up-to-date: /home/jsagx-6/itc01_ws/install/yolov8_msgs/include/yolov8_msgs/msg/detail/yolov8_inference__rosidl_typesupport_introspection_cpp.hpp\n'}
[2.595894] (yolov8_msgs) StdoutLine: {'line': b'-- Up-to-date: /home/jsagx-6/itc01_ws/install/yolov8_msgs/include/yolov8_msgs/msg/detail/yolov8_inference__type_support.cpp\n'}
[2.596155] (yolov8_msgs) StdoutLine: {'line': b'-- Up-to-date: /home/jsagx-6/itc01_ws/install/yolov8_msgs/include/yolov8_msgs/msg/detail/inference_result__type_support.cpp\n'}
[2.596431] (yolov8_msgs) StdoutLine: {'line': b'-- Up-to-date: /home/jsagx-6/itc01_ws/install/yolov8_msgs/lib/libyolov8_msgs__rosidl_typesupport_introspection_cpp.so\n'}
[2.596705] (yolov8_msgs) StdoutLine: {'line': b'-- Up-to-date: /home/jsagx-6/itc01_ws/install/yolov8_msgs/lib/libyolov8_msgs__rosidl_typesupport_cpp.so\n'}
[2.596998] (yolov8_msgs) StdoutLine: {'line': b'-- Up-to-date: /home/jsagx-6/itc01_ws/install/yolov8_msgs/share/yolov8_msgs/environment/pythonpath.sh\n'}
[2.597312] (yolov8_msgs) StdoutLine: {'line': b'-- Up-to-date: /home/jsagx-6/itc01_ws/install/yolov8_msgs/share/yolov8_msgs/environment/pythonpath.dsv\n'}
[2.597590] (yolov8_msgs) StdoutLine: {'line': b'-- Up-to-date: /home/jsagx-6/itc01_ws/install/yolov8_msgs/lib/python3.8/site-packages/yolov8_msgs/__init__.py\n'}
[2.643506] (-) TimerEvent: {}
[2.711310] (yolov8_msgs) StdoutLine: {'line': b'-- Up-to-date: /home/jsagx-6/itc01_ws/install/yolov8_msgs/lib/python3.8/site-packages/yolov8_msgs/msg\n'}
[2.712347] (yolov8_msgs) StdoutLine: {'line': b'-- Up-to-date: /home/jsagx-6/itc01_ws/install/yolov8_msgs/lib/python3.8/site-packages/yolov8_msgs/msg/_inference_result.py\n'}
[2.712766] (yolov8_msgs) StdoutLine: {'line': b'-- Up-to-date: /home/jsagx-6/itc01_ws/install/yolov8_msgs/lib/python3.8/site-packages/yolov8_msgs/msg/__init__.py\n'}
[2.713091] (yolov8_msgs) StdoutLine: {'line': b'-- Up-to-date: /home/jsagx-6/itc01_ws/install/yolov8_msgs/lib/python3.8/site-packages/yolov8_msgs/msg/_yolov8_inference_s.c\n'}
[2.713368] (yolov8_msgs) StdoutLine: {'line': b'-- Up-to-date: /home/jsagx-6/itc01_ws/install/yolov8_msgs/lib/python3.8/site-packages/yolov8_msgs/msg/_yolov8_inference.py\n'}
[2.713827] (yolov8_msgs) StdoutLine: {'line': b'-- Up-to-date: /home/jsagx-6/itc01_ws/install/yolov8_msgs/lib/python3.8/site-packages/yolov8_msgs/msg/_inference_result_s.c\n'}
[2.714104] (yolov8_msgs) StdoutLine: {'line': b'-- Up-to-date: /home/jsagx-6/itc01_ws/install/yolov8_msgs/lib/python3.8/site-packages/yolov8_msgs/yolov8_msgs_s__rosidl_typesupport_fastrtps_c.cpython-38-aarch64-linux-gnu.so\n'}
[2.715959] (yolov8_msgs) StdoutLine: {'line': b'-- Up-to-date: /home/jsagx-6/itc01_ws/install/yolov8_msgs/lib/python3.8/site-packages/yolov8_msgs/yolov8_msgs_s__rosidl_typesupport_introspection_c.cpython-38-aarch64-linux-gnu.so\n'}
[2.718144] (yolov8_msgs) StdoutLine: {'line': b'-- Up-to-date: /home/jsagx-6/itc01_ws/install/yolov8_msgs/lib/python3.8/site-packages/yolov8_msgs/yolov8_msgs_s__rosidl_typesupport_c.cpython-38-aarch64-linux-gnu.so\n'}
[2.720310] (yolov8_msgs) StdoutLine: {'line': b'-- Up-to-date: /home/jsagx-6/itc01_ws/install/yolov8_msgs/lib/libyolov8_msgs__python.so\n'}
[2.721583] (yolov8_msgs) StdoutLine: {'line': b'-- Up-to-date: /home/jsagx-6/itc01_ws/install/yolov8_msgs/share/yolov8_msgs/msg/InferenceResult.idl\n'}
[2.722187] (yolov8_msgs) StdoutLine: {'line': b'-- Up-to-date: /home/jsagx-6/itc01_ws/install/yolov8_msgs/share/yolov8_msgs/msg/Yolov8Inference.idl\n'}
[2.722749] (yolov8_msgs) StdoutLine: {'line': b'-- Up-to-date: /home/jsagx-6/itc01_ws/install/yolov8_msgs/share/yolov8_msgs/msg/InferenceResult.msg\n'}
[2.723277] (yolov8_msgs) StdoutLine: {'line': b'-- Up-to-date: /home/jsagx-6/itc01_ws/install/yolov8_msgs/share/yolov8_msgs/msg/Yolov8Inference.msg\n'}
[2.723664] (yolov8_msgs) StdoutLine: {'line': b'-- Up-to-date: /home/jsagx-6/itc01_ws/install/yolov8_msgs/share/ament_index/resource_index/package_run_dependencies/yolov8_msgs\n'}
[2.724127] (yolov8_msgs) StdoutLine: {'line': b'-- Up-to-date: /home/jsagx-6/itc01_ws/install/yolov8_msgs/share/ament_index/resource_index/parent_prefix_path/yolov8_msgs\n'}
[2.724593] (yolov8_msgs) StdoutLine: {'line': b'-- Up-to-date: /home/jsagx-6/itc01_ws/install/yolov8_msgs/share/yolov8_msgs/environment/ament_prefix_path.sh\n'}
[2.725047] (yolov8_msgs) StdoutLine: {'line': b'-- Up-to-date: /home/jsagx-6/itc01_ws/install/yolov8_msgs/share/yolov8_msgs/environment/ament_prefix_path.dsv\n'}
[2.725501] (yolov8_msgs) StdoutLine: {'line': b'-- Up-to-date: /home/jsagx-6/itc01_ws/install/yolov8_msgs/share/yolov8_msgs/environment/path.sh\n'}
[2.725807] (yolov8_msgs) StdoutLine: {'line': b'-- Up-to-date: /home/jsagx-6/itc01_ws/install/yolov8_msgs/share/yolov8_msgs/environment/path.dsv\n'}
[2.726100] (yolov8_msgs) StdoutLine: {'line': b'-- Up-to-date: /home/jsagx-6/itc01_ws/install/yolov8_msgs/share/yolov8_msgs/local_setup.bash\n'}
[2.726491] (yolov8_msgs) StdoutLine: {'line': b'-- Up-to-date: /home/jsagx-6/itc01_ws/install/yolov8_msgs/share/yolov8_msgs/local_setup.sh\n'}
[2.726903] (yolov8_msgs) StdoutLine: {'line': b'-- Up-to-date: /home/jsagx-6/itc01_ws/install/yolov8_msgs/share/yolov8_msgs/local_setup.zsh\n'}
[2.727384] (yolov8_msgs) StdoutLine: {'line': b'-- Up-to-date: /home/jsagx-6/itc01_ws/install/yolov8_msgs/share/yolov8_msgs/local_setup.dsv\n'}
[2.727669] (yolov8_msgs) StdoutLine: {'line': b'-- Installing: /home/jsagx-6/itc01_ws/install/yolov8_msgs/share/yolov8_msgs/package.dsv\n'}
[2.728109] (yolov8_msgs) StdoutLine: {'line': b'-- Up-to-date: /home/jsagx-6/itc01_ws/install/yolov8_msgs/share/ament_index/resource_index/packages/yolov8_msgs\n'}
[2.728544] (yolov8_msgs) StdoutLine: {'line': b'-- Up-to-date: /home/jsagx-6/itc01_ws/install/yolov8_msgs/share/yolov8_msgs/cmake/yolov8_msgs__rosidl_generator_cExport.cmake\n'}
[2.728825] (yolov8_msgs) StdoutLine: {'line': b'-- Up-to-date: /home/jsagx-6/itc01_ws/install/yolov8_msgs/share/yolov8_msgs/cmake/yolov8_msgs__rosidl_generator_cExport-noconfig.cmake\n'}
[2.729308] (yolov8_msgs) StdoutLine: {'line': b'-- Up-to-date: /home/jsagx-6/itc01_ws/install/yolov8_msgs/share/yolov8_msgs/cmake/yolov8_msgs__rosidl_typesupport_introspection_cExport.cmake\n'}
[2.729594] (yolov8_msgs) StdoutLine: {'line': b'-- Up-to-date: /home/jsagx-6/itc01_ws/install/yolov8_msgs/share/yolov8_msgs/cmake/yolov8_msgs__rosidl_typesupport_introspection_cExport-noconfig.cmake\n'}
[2.730020] (yolov8_msgs) StdoutLine: {'line': b'-- Up-to-date: /home/jsagx-6/itc01_ws/install/yolov8_msgs/share/yolov8_msgs/cmake/yolov8_msgs__rosidl_typesupport_cExport.cmake\n'}
[2.730480] (yolov8_msgs) StdoutLine: {'line': b'-- Up-to-date: /home/jsagx-6/itc01_ws/install/yolov8_msgs/share/yolov8_msgs/cmake/yolov8_msgs__rosidl_typesupport_cExport-noconfig.cmake\n'}
[2.730884] (yolov8_msgs) StdoutLine: {'line': b'-- Up-to-date: /home/jsagx-6/itc01_ws/install/yolov8_msgs/share/yolov8_msgs/cmake/yolov8_msgs__rosidl_generator_cppExport.cmake\n'}
[2.731331] (yolov8_msgs) StdoutLine: {'line': b'-- Up-to-date: /home/jsagx-6/itc01_ws/install/yolov8_msgs/share/yolov8_msgs/cmake/yolov8_msgs__rosidl_typesupport_introspection_cppExport.cmake\n'}
[2.731713] (yolov8_msgs) StdoutLine: {'line': b'-- Up-to-date: /home/jsagx-6/itc01_ws/install/yolov8_msgs/share/yolov8_msgs/cmake/yolov8_msgs__rosidl_typesupport_introspection_cppExport-noconfig.cmake\n'}
[2.732240] (yolov8_msgs) StdoutLine: {'line': b'-- Up-to-date: /home/jsagx-6/itc01_ws/install/yolov8_msgs/share/yolov8_msgs/cmake/yolov8_msgs__rosidl_typesupport_cppExport.cmake\n'}
[2.732598] (yolov8_msgs) StdoutLine: {'line': b'-- Up-to-date: /home/jsagx-6/itc01_ws/install/yolov8_msgs/share/yolov8_msgs/cmake/yolov8_msgs__rosidl_typesupport_cppExport-noconfig.cmake\n'}
[2.733112] (yolov8_msgs) StdoutLine: {'line': b'-- Up-to-date: /home/jsagx-6/itc01_ws/install/yolov8_msgs/share/yolov8_msgs/cmake/rosidl_cmake-extras.cmake\n'}
[2.733582] (yolov8_msgs) StdoutLine: {'line': b'-- Up-to-date: /home/jsagx-6/itc01_ws/install/yolov8_msgs/share/yolov8_msgs/cmake/ament_cmake_export_dependencies-extras.cmake\n'}
[2.734003] (yolov8_msgs) StdoutLine: {'line': b'-- Up-to-date: /home/jsagx-6/itc01_ws/install/yolov8_msgs/share/yolov8_msgs/cmake/ament_cmake_export_libraries-extras.cmake\n'}
[2.734462] (yolov8_msgs) StdoutLine: {'line': b'-- Up-to-date: /home/jsagx-6/itc01_ws/install/yolov8_msgs/share/yolov8_msgs/cmake/ament_cmake_export_targets-extras.cmake\n'}
[2.734776] (yolov8_msgs) StdoutLine: {'line': b'-- Up-to-date: /home/jsagx-6/itc01_ws/install/yolov8_msgs/share/yolov8_msgs/cmake/ament_cmake_export_include_directories-extras.cmake\n'}
[2.735077] (yolov8_msgs) StdoutLine: {'line': b'-- Up-to-date: /home/jsagx-6/itc01_ws/install/yolov8_msgs/share/yolov8_msgs/cmake/rosidl_cmake_export_typesupport_libraries-extras.cmake\n'}
[2.735382] (yolov8_msgs) StdoutLine: {'line': b'-- Up-to-date: /home/jsagx-6/itc01_ws/install/yolov8_msgs/share/yolov8_msgs/cmake/rosidl_cmake_export_typesupport_targets-extras.cmake\n'}
[2.735695] (yolov8_msgs) StdoutLine: {'line': b'-- Up-to-date: /home/jsagx-6/itc01_ws/install/yolov8_msgs/share/yolov8_msgs/cmake/yolov8_msgsConfig.cmake\n'}
[2.736034] (yolov8_msgs) StdoutLine: {'line': b'-- Up-to-date: /home/jsagx-6/itc01_ws/install/yolov8_msgs/share/yolov8_msgs/cmake/yolov8_msgsConfig-version.cmake\n'}
[2.736356] (yolov8_msgs) StdoutLine: {'line': b'-- Up-to-date: /home/jsagx-6/itc01_ws/install/yolov8_msgs/share/yolov8_msgs/package.xml\n'}
[2.744949] (yolov8_msgs) CommandEnded: {'returncode': 0}
[2.747120] (-) TimerEvent: {}
[2.848414] (-) TimerEvent: {}
[2.950305] (-) TimerEvent: {}
[3.043749] (yolov8_msgs) JobEnded: {'identifier': 'yolov8_msgs', 'rc': 0}
[3.050504] (-) TimerEvent: {}
[3.151032] (-) TimerEvent: {}
[3.251781] (-) TimerEvent: {}
[3.352644] (-) TimerEvent: {}
[3.441907] (buffalo_robot) Command: {'cmd': ['/usr/bin/python3', '-W', 'ignore:setup.py install is deprecated', 'setup.py', 'egg_info', '--egg-base', '../../../build/buffalo_robot', 'build', '--build-base', '/home/jsagx-6/itc01_ws/build/buffalo_robot/build', 'install', '--record', '/home/jsagx-6/itc01_ws/build/buffalo_robot/install.log', '--install-scripts', '$base/lib/buffalo_robot', '--single-version-externally-managed', 'install_data'], 'cwd': '/home/jsagx-6/itc01_ws/src/itc01_mr2/buffalo_robot', 'env': {'USER': 'jsagx-6', 'SSH_CLIENT': '192.168.77.208 36460 22', 'LC_TIME': 'km_KH', 'XDG_SESSION_TYPE': 'tty', 'SHLVL': '1', 'LD_LIBRARY_PATH': '/opt/ros/foxy/opt/yaml_cpp_vendor/lib:/opt/ros/foxy/lib/aarch64-linux-gnu:/opt/ros/foxy/lib:/home/jsagx-6/itc01_ws/install/yolov8_msgs/lib', 'MOTD_SHOWN': 'pam', 'HOME': '/home/jsagx-6', 'OLDPWD': '/home/jsagx-6', 'SSH_TTY': '/dev/pts/0', 'JETSON_L4T': '35.5.0', 'ROS_PYTHON_VERSION': '3', 'JETSON_MODEL': 'Jetson-AGX', 'LC_MONETARY': 'km_KH', 'DBUS_SESSION_BUS_ADDRESS': 'unix:path=/run/user/1000/bus', 'COLCON_PREFIX_PATH': '/home/jsagx-6/itc01_ws/install', 'ROS_DISTRO': 'foxy', 'LOGNAME': 'jsagx-6', 'JETSON_MODULE': 'NVIDIA Jetson AGX Xavier (32 GB ram)', 'JETSON_SERIAL_NUMBER': '1561221004404', '_': '/usr/bin/colcon', 'ROS_VERSION': '2', 'JETSON_CODENAME': 'Galen', 'XDG_SESSION_CLASS': 'user', 'TERM': 'xterm-256color', 'XDG_SESSION_ID': '6', 'ROS_LOCALHOST_ONLY': '0', 'PATH': '/opt/ros/foxy/bin:/usr/local/sbin:/usr/local/bin:/usr/sbin:/usr/bin:/sbin:/bin:/usr/games:/usr/local/games:/snap/bin', 'LC_ADDRESS': 'km_KH', 'XDG_RUNTIME_DIR': '/run/user/1000', 'LANG': 'en_US.UTF-8', 'LC_TELEPHONE': 'km_KH', 'JETSON_SOC': 'tegra194', 'AMENT_PREFIX_PATH': '/opt/ros/foxy:/home/jsagx-6/itc01_ws/install/yolov8_msgs:/home/jsagx-6/itc01_ws/install/yolobot_recognition:/home/jsagx-6/itc01_ws/install/mr2_realsense:/home/jsagx-6/itc01_ws/install/buffalo_robot', 'SHELL': '/bin/bash', 'LC_NAME': 'km_KH', 'LC_MEASUREMENT': 'km_KH', 'LC_IDENTIFICATION': 'km_KH', 'JETSON_CUDA_ARCH_BIN': '7.2', 'PWD': '/home/jsagx-6/itc01_ws/build/buffalo_robot', 'LC_ALL': 'en_US.UTF-8', 'SSH_CONNECTION': '192.168.77.208 36460 192.168.77.206 22', 'XDG_DATA_DIRS': '/usr/local/share:/usr/share:/var/lib/snapd/desktop', 'PYTHONPATH': '/home/jsagx-6/itc01_ws/build/buffalo_robot/prefix_override:/home/jsagx-6/itc01_ws/install/buffalo_robot/lib/python3.8/site-packages:/opt/ros/foxy/lib/python3.8/site-packages:/home/jsagx-6/itc01_ws/install/yolov8_msgs/lib/python3.8/site-packages:/home/jsagx-6/itc01_ws/install/mr2_realsense/lib/python3.8/site-packages:/home/jsagx-6/itc01_ws/install/buffalo_robot/lib/python3.8/site-packages', 'LC_NUMERIC': 'km_KH', 'LC_PAPER': 'km_KH', 'COLCON': '1', 'JETSON_JETPACK': '5.1.3', 'CMAKE_PREFIX_PATH': '/opt/ros/foxy:/home/jsagx-6/itc01_ws/install/yolov8_msgs:/home/jsagx-6/itc01_ws/install/yolobot_recognition', 'JETSON_P_NUMBER': 'p2888-0004'}, 'shell': False}
[3.459433] (-) TimerEvent: {}
[3.463586] (mr2_realsense) Command: {'cmd': ['/usr/bin/python3', '-W', 'ignore:setup.py install is deprecated', 'setup.py', 'egg_info', '--egg-base', '../../../build/mr2_realsense', 'build', '--build-base', '/home/jsagx-6/itc01_ws/build/mr2_realsense/build', 'install', '--record', '/home/jsagx-6/itc01_ws/build/mr2_realsense/install.log', '--install-scripts', '$base/lib/mr2_realsense', '--single-version-externally-managed', 'install_data'], 'cwd': '/home/jsagx-6/itc01_ws/src/itc01_mr2/mr2_realsense', 'env': {'USER': 'jsagx-6', 'SSH_CLIENT': '192.168.77.208 36460 22', 'LC_TIME': 'km_KH', 'XDG_SESSION_TYPE': 'tty', 'SHLVL': '1', 'LD_LIBRARY_PATH': '/opt/ros/foxy/opt/yaml_cpp_vendor/lib:/opt/ros/foxy/lib/aarch64-linux-gnu:/opt/ros/foxy/lib:/home/jsagx-6/itc01_ws/install/yolov8_msgs/lib', 'MOTD_SHOWN': 'pam', 'HOME': '/home/jsagx-6', 'OLDPWD': '/home/jsagx-6', 'SSH_TTY': '/dev/pts/0', 'JETSON_L4T': '35.5.0', 'ROS_PYTHON_VERSION': '3', 'JETSON_MODEL': 'Jetson-AGX', 'LC_MONETARY': 'km_KH', 'DBUS_SESSION_BUS_ADDRESS': 'unix:path=/run/user/1000/bus', 'COLCON_PREFIX_PATH': '/home/jsagx-6/itc01_ws/install', 'ROS_DISTRO': 'foxy', 'LOGNAME': 'jsagx-6', 'JETSON_MODULE': 'NVIDIA Jetson AGX Xavier (32 GB ram)', 'JETSON_SERIAL_NUMBER': '1561221004404', '_': '/usr/bin/colcon', 'ROS_VERSION': '2', 'JETSON_CODENAME': 'Galen', 'XDG_SESSION_CLASS': 'user', 'TERM': 'xterm-256color', 'XDG_SESSION_ID': '6', 'ROS_LOCALHOST_ONLY': '0', 'PATH': '/opt/ros/foxy/bin:/usr/local/sbin:/usr/local/bin:/usr/sbin:/usr/bin:/sbin:/bin:/usr/games:/usr/local/games:/snap/bin', 'LC_ADDRESS': 'km_KH', 'XDG_RUNTIME_DIR': '/run/user/1000', 'LANG': 'en_US.UTF-8', 'LC_TELEPHONE': 'km_KH', 'JETSON_SOC': 'tegra194', 'AMENT_PREFIX_PATH': '/opt/ros/foxy:/home/jsagx-6/itc01_ws/install/yolov8_msgs:/home/jsagx-6/itc01_ws/install/yolobot_recognition:/home/jsagx-6/itc01_ws/install/mr2_realsense:/home/jsagx-6/itc01_ws/install/buffalo_robot', 'SHELL': '/bin/bash', 'LC_NAME': 'km_KH', 'LC_MEASUREMENT': 'km_KH', 'LC_IDENTIFICATION': 'km_KH', 'JETSON_CUDA_ARCH_BIN': '7.2', 'PWD': '/home/jsagx-6/itc01_ws/build/mr2_realsense', 'LC_ALL': 'en_US.UTF-8', 'SSH_CONNECTION': '192.168.77.208 36460 192.168.77.206 22', 'XDG_DATA_DIRS': '/usr/local/share:/usr/share:/var/lib/snapd/desktop', 'PYTHONPATH': '/home/jsagx-6/itc01_ws/build/mr2_realsense/prefix_override:/home/jsagx-6/itc01_ws/install/mr2_realsense/lib/python3.8/site-packages:/opt/ros/foxy/lib/python3.8/site-packages:/home/jsagx-6/itc01_ws/install/yolov8_msgs/lib/python3.8/site-packages:/home/jsagx-6/itc01_ws/install/mr2_realsense/lib/python3.8/site-packages:/home/jsagx-6/itc01_ws/install/buffalo_robot/lib/python3.8/site-packages', 'LC_NUMERIC': 'km_KH', 'LC_PAPER': 'km_KH', 'COLCON': '1', 'JETSON_JETPACK': '5.1.3', 'CMAKE_PREFIX_PATH': '/opt/ros/foxy:/home/jsagx-6/itc01_ws/install/yolov8_msgs:/home/jsagx-6/itc01_ws/install/yolobot_recognition', 'JETSON_P_NUMBER': 'p2888-0004'}, 'shell': False}
[3.559658] (-) TimerEvent: {}
[3.660700] (-) TimerEvent: {}
[3.761387] (-) TimerEvent: {}
[3.862134] (-) TimerEvent: {}
[3.902740] (mr2_realsense) StderrLine: {'line': b'/home/jsagx-6/.local/lib/python3.8/site-packages/setuptools/dist.py:476: SetuptoolsDeprecationWarning: Invalid dash-separated options\n'}
[3.903770] (mr2_realsense) StderrLine: {'line': b'!!\n'}
[3.904088] (mr2_realsense) StderrLine: {'line': b'\n'}
[3.904357] (mr2_realsense) StderrLine: {'line': b'        ********************************************************************************\n'}
[3.904610] (mr2_realsense) StderrLine: {'line': b"        Usage of dash-separated 'script-dir' will not be supported in future\n"}
[3.904865] (mr2_realsense) StderrLine: {'line': b"        versions. Please use the underscore name 'script_dir' instead.\n"}
[3.905120] (mr2_realsense) StderrLine: {'line': b'\n'}
[3.905367] (mr2_realsense) StderrLine: {'line': b'        By 2024-Sep-26, you need to update your project and remove deprecated calls\n'}
[3.905620] (mr2_realsense) StderrLine: {'line': b'        or your builds will no longer be supported.\n'}
[3.905855] (mr2_realsense) StderrLine: {'line': b'\n'}
[3.906077] (mr2_realsense) StderrLine: {'line': b'        See https://setuptools.pypa.io/en/latest/userguide/declarative_config.html for details.\n'}
[3.906305] (mr2_realsense) StderrLine: {'line': b'        ********************************************************************************\n'}
[3.906631] (mr2_realsense) StderrLine: {'line': b'\n'}
[3.906892] (mr2_realsense) StderrLine: {'line': b'!!\n'}
[3.907141] (mr2_realsense) StderrLine: {'line': b'  opt = self.warn_dash_deprecation(opt, section)\n'}
[3.907363] (buffalo_robot) StderrLine: {'line': b'/home/jsagx-6/.local/lib/python3.8/site-packages/setuptools/dist.py:476: SetuptoolsDeprecationWarning: Invalid dash-separated options\n'}
[3.907739] (buffalo_robot) StderrLine: {'line': b'!!\n'}
[3.907984] (buffalo_robot) StderrLine: {'line': b'\n'}
[3.908206] (buffalo_robot) StderrLine: {'line': b'        ********************************************************************************\n'}
[3.908444] (buffalo_robot) StderrLine: {'line': b"        Usage of dash-separated 'script-dir' will not be supported in future\n"}
[3.908682] (buffalo_robot) StderrLine: {'line': b"        versions. Please use the underscore name 'script_dir' instead.\n"}
[3.908915] (buffalo_robot) StderrLine: {'line': b'\n'}
[3.909145] (buffalo_robot) StderrLine: {'line': b'        By 2024-Sep-26, you need to update your project and remove deprecated calls\n'}
[3.909375] (buffalo_robot) StderrLine: {'line': b'        or your builds will no longer be supported.\n'}
[3.909597] (buffalo_robot) StderrLine: {'line': b'\n'}
[3.909815] (buffalo_robot) StderrLine: {'line': b'        See https://setuptools.pypa.io/en/latest/userguide/declarative_config.html for details.\n'}
[3.910064] (buffalo_robot) StderrLine: {'line': b'        ********************************************************************************\n'}
[3.910300] (buffalo_robot) StderrLine: {'line': b'\n'}
[3.910589] (buffalo_robot) StderrLine: {'line': b'!!\n'}
[3.910822] (buffalo_robot) StderrLine: {'line': b'  opt = self.warn_dash_deprecation(opt, section)\n'}
[3.962254] (-) TimerEvent: {}
[4.062907] (-) TimerEvent: {}
[4.163541] (-) TimerEvent: {}
[4.259186] (mr2_realsense) StdoutLine: {'line': b'running egg_info\n'}
[4.263650] (-) TimerEvent: {}
[4.272989] (buffalo_robot) StdoutLine: {'line': b'running egg_info\n'}
[4.308843] (mr2_realsense) StdoutLine: {'line': b'writing ../../../build/mr2_realsense/mr2_realsense.egg-info/PKG-INFO\n'}
[4.310482] (mr2_realsense) StdoutLine: {'line': b'writing dependency_links to ../../../build/mr2_realsense/mr2_realsense.egg-info/dependency_links.txt\n'}
[4.311730] (mr2_realsense) StdoutLine: {'line': b'writing entry points to ../../../build/mr2_realsense/mr2_realsense.egg-info/entry_points.txt\n'}
[4.312529] (mr2_realsense) StdoutLine: {'line': b'writing requirements to ../../../build/mr2_realsense/mr2_realsense.egg-info/requires.txt\n'}
[4.313040] (mr2_realsense) StdoutLine: {'line': b'writing top-level names to ../../../build/mr2_realsense/mr2_realsense.egg-info/top_level.txt\n'}
[4.323661] (buffalo_robot) StdoutLine: {'line': b'writing ../../../build/buffalo_robot/buffalo_robot.egg-info/PKG-INFO\n'}
[4.325342] (buffalo_robot) StdoutLine: {'line': b'writing dependency_links to ../../../build/buffalo_robot/buffalo_robot.egg-info/dependency_links.txt\n'}
[4.326719] (buffalo_robot) StdoutLine: {'line': b'writing entry points to ../../../build/buffalo_robot/buffalo_robot.egg-info/entry_points.txt\n'}
[4.327620] (buffalo_robot) StdoutLine: {'line': b'writing requirements to ../../../build/buffalo_robot/buffalo_robot.egg-info/requires.txt\n'}
[4.328138] (buffalo_robot) StdoutLine: {'line': b'writing top-level names to ../../../build/buffalo_robot/buffalo_robot.egg-info/top_level.txt\n'}
[4.363783] (-) TimerEvent: {}
[4.464399] (-) TimerEvent: {}
[4.565127] (-) TimerEvent: {}
[4.665788] (-) TimerEvent: {}
[4.725871] (mr2_realsense) StdoutLine: {'line': b"reading manifest file '../../../build/mr2_realsense/mr2_realsense.egg-info/SOURCES.txt'\n"}
[4.729839] (mr2_realsense) StdoutLine: {'line': b"writing manifest file '../../../build/mr2_realsense/mr2_realsense.egg-info/SOURCES.txt'\n"}
[4.730385] (mr2_realsense) StdoutLine: {'line': b'running build\n'}
[4.730861] (mr2_realsense) StdoutLine: {'line': b'running build_py\n'}
[4.731822] (mr2_realsense) StdoutLine: {'line': b'copying mr2_realsense/test_opencv_8_pub.py -> /home/jsagx-6/itc01_ws/build/mr2_realsense/build/lib/mr2_realsense\n'}
[4.732954] (mr2_realsense) StdoutLine: {'line': b'copying mr2_realsense/yolov8_webcam.py -> /home/jsagx-6/itc01_ws/build/mr2_realsense/build/lib/mr2_realsense\n'}
[4.733931] (mr2_realsense) StdoutLine: {'line': b'copying mr2_realsense/realsense_pub_image.py -> /home/jsagx-6/itc01_ws/build/mr2_realsense/build/lib/mr2_realsense\n'}
[4.734673] (mr2_realsense) StdoutLine: {'line': b'copying mr2_realsense/__init__.py -> /home/jsagx-6/itc01_ws/build/mr2_realsense/build/lib/mr2_realsense\n'}
[4.735188] (mr2_realsense) StdoutLine: {'line': b'copying mr2_realsense/yolov8_rs03.py -> /home/jsagx-6/itc01_ws/build/mr2_realsense/build/lib/mr2_realsense\n'}
[4.735873] (mr2_realsense) StdoutLine: {'line': b'copying mr2_realsense/yolo_ball_pub02.py -> /home/jsagx-6/itc01_ws/build/mr2_realsense/build/lib/mr2_realsense\n'}
[4.736514] (mr2_realsense) StdoutLine: {'line': b'copying mr2_realsense/yolo_ball_pub.py -> /home/jsagx-6/itc01_ws/build/mr2_realsense/build/lib/mr2_realsense\n'}
[4.737557] (mr2_realsense) StdoutLine: {'line': b'copying mr2_realsense/yolov8_rs.py -> /home/jsagx-6/itc01_ws/build/mr2_realsense/build/lib/mr2_realsense\n'}
[4.739851] (mr2_realsense) StdoutLine: {'line': b'running install\n'}
[4.751453] (buffalo_robot) StdoutLine: {'line': b"reading manifest file '../../../build/buffalo_robot/buffalo_robot.egg-info/SOURCES.txt'\n"}
[4.756581] (buffalo_robot) StdoutLine: {'line': b"writing manifest file '../../../build/buffalo_robot/buffalo_robot.egg-info/SOURCES.txt'\n"}
[4.757278] (mr2_realsense) StdoutLine: {'line': b'running install_lib\n'}
[4.757599] (buffalo_robot) StdoutLine: {'line': b'running build\n'}
[4.757853] (buffalo_robot) StdoutLine: {'line': b'running build_py\n'}
[4.759095] (buffalo_robot) StdoutLine: {'line': b'copying buffalo_robot/mecanum_pidV1.py -> /home/jsagx-6/itc01_ws/build/buffalo_robot/build/lib/buffalo_robot\n'}
[4.759888] (buffalo_robot) StdoutLine: {'line': b'copying buffalo_robot/pid_simulation.py -> /home/jsagx-6/itc01_ws/build/buffalo_robot/build/lib/buffalo_robot\n'}
[4.760625] (buffalo_robot) StdoutLine: {'line': b'copying buffalo_robot/imu.py -> /home/jsagx-6/itc01_ws/build/buffalo_robot/build/lib/buffalo_robot\n'}
[4.761316] (buffalo_robot) StdoutLine: {'line': b'copying buffalo_robot/can_buffaloV1.py -> /home/jsagx-6/itc01_ws/build/buffalo_robot/build/lib/buffalo_robot\n'}
[4.762115] (buffalo_robot) StdoutLine: {'line': b'copying buffalo_robot/mpc_omni.py -> /home/jsagx-6/itc01_ws/build/buffalo_robot/build/lib/buffalo_robot\n'}
[4.763313] (buffalo_robot) StdoutLine: {'line': b'copying buffalo_robot/omni_pidV1.py -> /home/jsagx-6/itc01_ws/build/buffalo_robot/build/lib/buffalo_robot\n'}
[4.763969] (buffalo_robot) StdoutLine: {'line': b'copying buffalo_robot/__init__.py -> /home/jsagx-6/itc01_ws/build/buffalo_robot/build/lib/buffalo_robot\n'}
[4.764492] (buffalo_robot) StdoutLine: {'line': b'copying buffalo_robot/EKF.py -> /home/jsagx-6/itc01_ws/build/buffalo_robot/build/lib/buffalo_robot\n'}
[4.765286] (buffalo_robot) StdoutLine: {'line': b'copying buffalo_robot/ps4_control.py -> /home/jsagx-6/itc01_ws/build/buffalo_robot/build/lib/buffalo_robot\n'}
[4.765872] (-) TimerEvent: {}
[4.766277] (buffalo_robot) StdoutLine: {'line': b'copying buffalo_robot/can_control_Motor.py -> /home/jsagx-6/itc01_ws/build/buffalo_robot/build/lib/buffalo_robot\n'}
[4.766973] (buffalo_robot) StdoutLine: {'line': b'copying buffalo_robot/omni_mpcV2.py -> /home/jsagx-6/itc01_ws/build/buffalo_robot/build/lib/buffalo_robot\n'}
[4.767719] (buffalo_robot) StdoutLine: {'line': b'copying buffalo_robot/omni_mpcSimV1.py -> /home/jsagx-6/itc01_ws/build/buffalo_robot/build/lib/buffalo_robot\n'}
[4.768488] (buffalo_robot) StdoutLine: {'line': b'copying buffalo_robot/Omni_PidSim.py -> /home/jsagx-6/itc01_ws/build/buffalo_robot/build/lib/buffalo_robot\n'}
[4.769309] (buffalo_robot) StdoutLine: {'line': b'copying buffalo_robot/can_buffaloV2.py -> /home/jsagx-6/itc01_ws/build/buffalo_robot/build/lib/buffalo_robot\n'}
[4.769985] (buffalo_robot) StdoutLine: {'line': b'copying buffalo_robot/omni_mpcV1.py -> /home/jsagx-6/itc01_ws/build/buffalo_robot/build/lib/buffalo_robot\n'}
[4.770817] (buffalo_robot) StdoutLine: {'line': b'copying buffalo_robot/bezier_path.py -> /home/jsagx-6/itc01_ws/build/buffalo_robot/build/lib/buffalo_robot\n'}
[4.771925] (buffalo_robot) StdoutLine: {'line': b'copying buffalo_robot/omni_pidV2.py -> /home/jsagx-6/itc01_ws/build/buffalo_robot/build/lib/buffalo_robot\n'}
[4.772644] (buffalo_robot) StdoutLine: {'line': b'copying buffalo_robot/mecanum_pidV2.py -> /home/jsagx-6/itc01_ws/build/buffalo_robot/build/lib/buffalo_robot\n'}
[4.773305] (buffalo_robot) StdoutLine: {'line': b'copying buffalo_robot/imu_HFI_a9.py -> /home/jsagx-6/itc01_ws/build/buffalo_robot/build/lib/buffalo_robot\n'}
[4.775736] (buffalo_robot) StdoutLine: {'line': b'running install\n'}
[4.792656] (buffalo_robot) StdoutLine: {'line': b'running install_lib\n'}
[4.809766] (mr2_realsense) StdoutLine: {'line': b'running install_data\n'}
[4.810208] (mr2_realsense) StdoutLine: {'line': b'copying resource/mr2_realsense -> /home/jsagx-6/itc01_ws/install/mr2_realsense/share/ament_index/resource_index/packages\n'}
[4.810818] (mr2_realsense) StdoutLine: {'line': b'copying package.xml -> /home/jsagx-6/itc01_ws/install/mr2_realsense/share/mr2_realsense\n'}
[4.811382] (mr2_realsense) StdoutLine: {'line': b'running install_egg_info\n'}
[4.848473] (buffalo_robot) StdoutLine: {'line': b'copying /home/jsagx-6/itc01_ws/build/buffalo_robot/build/lib/buffalo_robot/omni_pidV2.py -> /home/jsagx-6/itc01_ws/install/buffalo_robot/lib/python3.8/site-packages/buffalo_robot\n'}
[4.852650] (buffalo_robot) StdoutLine: {'line': b'byte-compiling /home/jsagx-6/itc01_ws/install/buffalo_robot/lib/python3.8/site-packages/buffalo_robot/omni_pidV2.py to omni_pidV2.cpython-38.pyc\n'}
[4.859477] (buffalo_robot) StdoutLine: {'line': b'running install_data\n'}
[4.859900] (buffalo_robot) StdoutLine: {'line': b'copying resource/buffalo_robot -> /home/jsagx-6/itc01_ws/install/buffalo_robot/share/ament_index/resource_index/packages\n'}
[4.860505] (buffalo_robot) StdoutLine: {'line': b'copying package.xml -> /home/jsagx-6/itc01_ws/install/buffalo_robot/share/buffalo_robot\n'}
[4.861231] (buffalo_robot) StdoutLine: {'line': b'copying launch/omni_pid.launch.py -> /home/jsagx-6/itc01_ws/install/buffalo_robot/share/buffalo_robot/launch\n'}
[4.861910] (buffalo_robot) StdoutLine: {'line': b'copying launch/omni_mpc.launch.py -> /home/jsagx-6/itc01_ws/install/buffalo_robot/share/buffalo_robot/launch\n'}
[4.862426] (buffalo_robot) StdoutLine: {'line': b'running install_egg_info\n'}
[4.862803] (mr2_realsense) StdoutLine: {'line': b"removing '/home/jsagx-6/itc01_ws/install/mr2_realsense/lib/python3.8/site-packages/mr2_realsense-0.0.0-py3.8.egg-info' (and everything under it)\n"}
[4.864124] (mr2_realsense) StdoutLine: {'line': b'Copying ../../../build/mr2_realsense/mr2_realsense.egg-info to /home/jsagx-6/itc01_ws/install/mr2_realsense/lib/python3.8/site-packages/mr2_realsense-0.0.0-py3.8.egg-info\n'}
[4.865975] (-) TimerEvent: {}
[4.867875] (mr2_realsense) StdoutLine: {'line': b'running install_scripts\n'}
[4.916159] (buffalo_robot) StdoutLine: {'line': b"removing '/home/jsagx-6/itc01_ws/install/buffalo_robot/lib/python3.8/site-packages/buffalo_robot-0.0.0-py3.8.egg-info' (and everything under it)\n"}
[4.917453] (buffalo_robot) StdoutLine: {'line': b'Copying ../../../build/buffalo_robot/buffalo_robot.egg-info to /home/jsagx-6/itc01_ws/install/buffalo_robot/lib/python3.8/site-packages/buffalo_robot-0.0.0-py3.8.egg-info\n'}
[4.921279] (buffalo_robot) StdoutLine: {'line': b'running install_scripts\n'}
[4.966132] (-) TimerEvent: {}
[4.989263] (mr2_realsense) StdoutLine: {'line': b'Installing realsense_depth script to /home/jsagx-6/itc01_ws/install/mr2_realsense/lib/mr2_realsense\n'}
[4.989974] (mr2_realsense) StdoutLine: {'line': b'Installing realsense_pub script to /home/jsagx-6/itc01_ws/install/mr2_realsense/lib/mr2_realsense\n'}
[4.990588] (mr2_realsense) StdoutLine: {'line': b'Installing realsense_pub02 script to /home/jsagx-6/itc01_ws/install/mr2_realsense/lib/mr2_realsense\n'}
[4.991215] (mr2_realsense) StdoutLine: {'line': b'Installing webcam_pub script to /home/jsagx-6/itc01_ws/install/mr2_realsense/lib/mr2_realsense\n'}
[4.991759] (mr2_realsense) StdoutLine: {'line': b'Installing yolo_ball_pub script to /home/jsagx-6/itc01_ws/install/mr2_realsense/lib/mr2_realsense\n'}
[4.992285] (mr2_realsense) StdoutLine: {'line': b'Installing yolo_ball_pub02 script to /home/jsagx-6/itc01_ws/install/mr2_realsense/lib/mr2_realsense\n'}
[4.992812] (mr2_realsense) StdoutLine: {'line': b'Installing yolo_pub_8 script to /home/jsagx-6/itc01_ws/install/mr2_realsense/lib/mr2_realsense\n'}
[4.993330] (mr2_realsense) StdoutLine: {'line': b'Installing yolov8_rs script to /home/jsagx-6/itc01_ws/install/mr2_realsense/lib/mr2_realsense\n'}
[4.993831] (mr2_realsense) StdoutLine: {'line': b'Installing yolov8_rs03 script to /home/jsagx-6/itc01_ws/install/mr2_realsense/lib/mr2_realsense\n'}
[4.994520] (mr2_realsense) StdoutLine: {'line': b'Installing yolov8_webcam script to /home/jsagx-6/itc01_ws/install/mr2_realsense/lib/mr2_realsense\n'}
[4.996435] (mr2_realsense) StdoutLine: {'line': b"writing list of installed files to '/home/jsagx-6/itc01_ws/build/mr2_realsense/install.log'\n"}
[5.049518] (buffalo_robot) StdoutLine: {'line': b'Installing Omni_PidSim script to /home/jsagx-6/itc01_ws/install/buffalo_robot/lib/buffalo_robot\n'}
[5.050298] (buffalo_robot) StdoutLine: {'line': b'Installing Omni_model script to /home/jsagx-6/itc01_ws/install/buffalo_robot/lib/buffalo_robot\n'}
[5.051012] (buffalo_robot) StdoutLine: {'line': b'Installing buffalo_sim script to /home/jsagx-6/itc01_ws/install/buffalo_robot/lib/buffalo_robot\n'}
[5.051637] (buffalo_robot) StdoutLine: {'line': b'Installing buffalov1 script to /home/jsagx-6/itc01_ws/install/buffalo_robot/lib/buffalo_robot\n'}
[5.052237] (buffalo_robot) StdoutLine: {'line': b'Installing buffalov2 script to /home/jsagx-6/itc01_ws/install/buffalo_robot/lib/buffalo_robot\n'}
[5.052845] (buffalo_robot) StdoutLine: {'line': b'Installing can_buffalo script to /home/jsagx-6/itc01_ws/install/buffalo_robot/lib/buffalo_robot\n'}
[5.053406] (buffalo_robot) StdoutLine: {'line': b'Installing can_buffaloV2 script to /home/jsagx-6/itc01_ws/install/buffalo_robot/lib/buffalo_robot\n'}
[5.053918] (buffalo_robot) StdoutLine: {'line': b'Installing can_motor script to /home/jsagx-6/itc01_ws/install/buffalo_robot/lib/buffalo_robot\n'}
[5.054493] (buffalo_robot) StdoutLine: {'line': b'Installing can_rotary script to /home/jsagx-6/itc01_ws/install/buffalo_robot/lib/buffalo_robot\n'}
[5.055133] (buffalo_robot) StdoutLine: {'line': b'Installing imu script to /home/jsagx-6/itc01_ws/install/buffalo_robot/lib/buffalo_robot\n'}
[5.055650] (buffalo_robot) StdoutLine: {'line': b'Installing imu_ha9 script to /home/jsagx-6/itc01_ws/install/buffalo_robot/lib/buffalo_robot\n'}
[5.056144] (buffalo_robot) StdoutLine: {'line': b'Installing mec_teleop script to /home/jsagx-6/itc01_ws/install/buffalo_robot/lib/buffalo_robot\n'}
[5.056674] (buffalo_robot) StdoutLine: {'line': b'Installing omni_mpcsim script to /home/jsagx-6/itc01_ws/install/buffalo_robot/lib/buffalo_robot\n'}
[5.057203] (buffalo_robot) StdoutLine: {'line': b'Installing omni_mpcv1 script to /home/jsagx-6/itc01_ws/install/buffalo_robot/lib/buffalo_robot\n'}
[5.057700] (buffalo_robot) StdoutLine: {'line': b'Installing omni_mpcv2 script to /home/jsagx-6/itc01_ws/install/buffalo_robot/lib/buffalo_robot\n'}
[5.058175] (buffalo_robot) StdoutLine: {'line': b'Installing omni_pidv1 script to /home/jsagx-6/itc01_ws/install/buffalo_robot/lib/buffalo_robot\n'}
[5.058742] (buffalo_robot) StdoutLine: {'line': b'Installing omni_pidv2 script to /home/jsagx-6/itc01_ws/install/buffalo_robot/lib/buffalo_robot\n'}
[5.059310] (buffalo_robot) StdoutLine: {'line': b'Installing ps4 script to /home/jsagx-6/itc01_ws/install/buffalo_robot/lib/buffalo_robot\n'}
[5.059810] (buffalo_robot) StdoutLine: {'line': b'Installing ps4v2 script to /home/jsagx-6/itc01_ws/install/buffalo_robot/lib/buffalo_robot\n'}
[5.062616] (buffalo_robot) StdoutLine: {'line': b"writing list of installed files to '/home/jsagx-6/itc01_ws/build/buffalo_robot/install.log'\n"}
[5.066236] (-) TimerEvent: {}
[5.076435] (mr2_realsense) CommandEnded: {'returncode': 0}
[5.102769] (mr2_realsense) JobEnded: {'identifier': 'mr2_realsense', 'rc': 0}
[5.145145] (buffalo_robot) CommandEnded: {'returncode': 0}
[5.166538] (-) TimerEvent: {}
[5.176853] (buffalo_robot) JobEnded: {'identifier': 'buffalo_robot', 'rc': 0}
[5.180527] (-) EventReactorShutdown: {}
