[0.699s] DEBUG:colcon:Command line arguments: ['/usr/bin/colcon', 'build']
[0.699s] DEBUG:colcon:Parsed command line arguments: Namespace(allow_overriding=[], ament_cmake_args=None, base_paths=['.'], build_base='build', catkin_cmake_args=None, catkin_skip_building_tests=False, cmake_args=None, cmake_clean_cache=False, cmake_clean_first=False, cmake_force_configure=False, cmake_target=None, cmake_target_skip_unavailable=False, continue_on_error=False, event_handlers=None, executor='parallel', ignore_user_meta=False, install_base='install', log_base=None, log_level=None, main=<bound method BuildVerb.main of <colcon_core.verb.build.BuildVerb object at 0xffff83d28d60>>, merge_install=False, metas=['./colcon.meta'], mixin=None, mixin_files=None, mixin_verb=('build',), packages_above=None, packages_above_and_dependencies=None, packages_above_depth=None, packages_end=None, packages_ignore=None, packages_ignore_regex=None, packages_select=None, packages_select_build_failed=False, packages_select_by_dep=None, packages_select_regex=None, packages_select_test_failures=False, packages_skip=None, packages_skip_build_finished=False, packages_skip_by_dep=None, packages_skip_regex=None, packages_skip_test_passed=False, packages_skip_up_to=None, packages_start=None, packages_up_to=None, packages_up_to_regex=None, parallel_workers=8, paths=None, symlink_install=False, test_result_base=None, verb_extension=<colcon_core.verb.build.BuildVerb object at 0xffff83d28d60>, verb_name='build', verb_parser=<colcon_mixin.mixin.mixin_argument.MixinArgumentDecorator object at 0xffff83cb83a0>)
[0.855s] Level 1:colcon.colcon_core.package_discovery:discover_packages(colcon_meta) check parameters
[0.856s] Level 1:colcon.colcon_core.package_discovery:discover_packages(recursive) check parameters
[0.856s] Level 1:colcon.colcon_core.package_discovery:discover_packages(ignore) check parameters
[0.856s] Level 1:colcon.colcon_core.package_discovery:discover_packages(path) check parameters
[0.856s] Level 1:colcon.colcon_core.package_discovery:discover_packages(colcon_meta) discover
[0.856s] Level 1:colcon.colcon_core.package_discovery:discover_packages(recursive) discover
[0.856s] INFO:colcon.colcon_core.package_discovery:Crawling recursively for packages in '/home/jsagx-6/itc01_ws'
[0.857s] Level 1:colcon.colcon_core.package_identification:_identify(.) by extensions ['ignore', 'ignore_ament_install']
[0.857s] Level 1:colcon.colcon_core.package_identification:_identify(.) by extension 'ignore'
[0.857s] Level 1:colcon.colcon_core.package_identification:_identify(.) by extension 'ignore_ament_install'
[0.857s] Level 1:colcon.colcon_core.package_identification:_identify(.) by extensions ['colcon_pkg']
[0.857s] Level 1:colcon.colcon_core.package_identification:_identify(.) by extension 'colcon_pkg'
[0.858s] Level 1:colcon.colcon_core.package_identification:_identify(.) by extensions ['colcon_meta']
[0.858s] Level 1:colcon.colcon_core.package_identification:_identify(.) by extension 'colcon_meta'
[0.858s] Level 1:colcon.colcon_core.package_identification:_identify(.) by extensions ['ros']
[0.858s] Level 1:colcon.colcon_core.package_identification:_identify(.) by extension 'ros'
[0.906s] Level 1:colcon.colcon_core.package_identification:_identify(.) by extensions ['cmake', 'python']
[0.906s] Level 1:colcon.colcon_core.package_identification:_identify(.) by extension 'cmake'
[0.906s] Level 1:colcon.colcon_core.package_identification:_identify(.) by extension 'python'
[0.906s] Level 1:colcon.colcon_core.package_identification:_identify(.) by extensions ['python_setup_py']
[0.906s] Level 1:colcon.colcon_core.package_identification:_identify(.) by extension 'python_setup_py'
[0.907s] Level 1:colcon.colcon_core.package_identification:_identify(build) by extensions ['ignore', 'ignore_ament_install']
[0.907s] Level 1:colcon.colcon_core.package_identification:_identify(build) by extension 'ignore'
[0.907s] Level 1:colcon.colcon_core.package_identification:_identify(build) ignored
[0.908s] Level 1:colcon.colcon_core.package_identification:_identify(install) by extensions ['ignore', 'ignore_ament_install']
[0.908s] Level 1:colcon.colcon_core.package_identification:_identify(install) by extension 'ignore'
[0.908s] Level 1:colcon.colcon_core.package_identification:_identify(install) ignored
[0.908s] Level 1:colcon.colcon_core.package_identification:_identify(log) by extensions ['ignore', 'ignore_ament_install']
[0.909s] Level 1:colcon.colcon_core.package_identification:_identify(log) by extension 'ignore'
[0.909s] Level 1:colcon.colcon_core.package_identification:_identify(log) ignored
[0.909s] Level 1:colcon.colcon_core.package_identification:_identify(src) by extensions ['ignore', 'ignore_ament_install']
[0.909s] Level 1:colcon.colcon_core.package_identification:_identify(src) by extension 'ignore'
[0.910s] Level 1:colcon.colcon_core.package_identification:_identify(src) by extension 'ignore_ament_install'
[0.910s] Level 1:colcon.colcon_core.package_identification:_identify(src) by extensions ['colcon_pkg']
[0.910s] Level 1:colcon.colcon_core.package_identification:_identify(src) by extension 'colcon_pkg'
[0.910s] Level 1:colcon.colcon_core.package_identification:_identify(src) by extensions ['colcon_meta']
[0.910s] Level 1:colcon.colcon_core.package_identification:_identify(src) by extension 'colcon_meta'
[0.910s] Level 1:colcon.colcon_core.package_identification:_identify(src) by extensions ['ros']
[0.910s] Level 1:colcon.colcon_core.package_identification:_identify(src) by extension 'ros'
[0.911s] Level 1:colcon.colcon_core.package_identification:_identify(src) by extensions ['cmake', 'python']
[0.911s] Level 1:colcon.colcon_core.package_identification:_identify(src) by extension 'cmake'
[0.911s] Level 1:colcon.colcon_core.package_identification:_identify(src) by extension 'python'
[0.911s] Level 1:colcon.colcon_core.package_identification:_identify(src) by extensions ['python_setup_py']
[0.911s] Level 1:colcon.colcon_core.package_identification:_identify(src) by extension 'python_setup_py'
[0.911s] Level 1:colcon.colcon_core.package_identification:_identify(src/itc01_mr2) by extensions ['ignore', 'ignore_ament_install']
[0.912s] Level 1:colcon.colcon_core.package_identification:_identify(src/itc01_mr2) by extension 'ignore'
[0.912s] Level 1:colcon.colcon_core.package_identification:_identify(src/itc01_mr2) by extension 'ignore_ament_install'
[0.912s] Level 1:colcon.colcon_core.package_identification:_identify(src/itc01_mr2) by extensions ['colcon_pkg']
[0.912s] Level 1:colcon.colcon_core.package_identification:_identify(src/itc01_mr2) by extension 'colcon_pkg'
[0.912s] Level 1:colcon.colcon_core.package_identification:_identify(src/itc01_mr2) by extensions ['colcon_meta']
[0.912s] Level 1:colcon.colcon_core.package_identification:_identify(src/itc01_mr2) by extension 'colcon_meta'
[0.913s] Level 1:colcon.colcon_core.package_identification:_identify(src/itc01_mr2) by extensions ['ros']
[0.913s] Level 1:colcon.colcon_core.package_identification:_identify(src/itc01_mr2) by extension 'ros'
[0.913s] Level 1:colcon.colcon_core.package_identification:_identify(src/itc01_mr2) by extensions ['cmake', 'python']
[0.913s] Level 1:colcon.colcon_core.package_identification:_identify(src/itc01_mr2) by extension 'cmake'
[0.913s] Level 1:colcon.colcon_core.package_identification:_identify(src/itc01_mr2) by extension 'python'
[0.913s] Level 1:colcon.colcon_core.package_identification:_identify(src/itc01_mr2) by extensions ['python_setup_py']
[0.913s] Level 1:colcon.colcon_core.package_identification:_identify(src/itc01_mr2) by extension 'python_setup_py'
[0.914s] Level 1:colcon.colcon_core.package_identification:_identify(src/itc01_mr2/mr2_realsense) by extensions ['ignore', 'ignore_ament_install']
[0.914s] Level 1:colcon.colcon_core.package_identification:_identify(src/itc01_mr2/mr2_realsense) by extension 'ignore'
[0.914s] Level 1:colcon.colcon_core.package_identification:_identify(src/itc01_mr2/mr2_realsense) by extension 'ignore_ament_install'
[0.914s] Level 1:colcon.colcon_core.package_identification:_identify(src/itc01_mr2/mr2_realsense) by extensions ['colcon_pkg']
[0.914s] Level 1:colcon.colcon_core.package_identification:_identify(src/itc01_mr2/mr2_realsense) by extension 'colcon_pkg'
[0.915s] Level 1:colcon.colcon_core.package_identification:_identify(src/itc01_mr2/mr2_realsense) by extensions ['colcon_meta']
[0.915s] Level 1:colcon.colcon_core.package_identification:_identify(src/itc01_mr2/mr2_realsense) by extension 'colcon_meta'
[0.915s] Level 1:colcon.colcon_core.package_identification:_identify(src/itc01_mr2/mr2_realsense) by extensions ['ros']
[0.915s] Level 1:colcon.colcon_core.package_identification:_identify(src/itc01_mr2/mr2_realsense) by extension 'ros'
[0.923s] DEBUG:colcon.colcon_core.package_identification:Package 'src/itc01_mr2/mr2_realsense' with type 'ros.ament_python' and name 'mr2_realsense'
[0.924s] Level 1:colcon.colcon_core.package_identification:_identify(src/itc01_mr2/yolobot_recognition) by extensions ['ignore', 'ignore_ament_install']
[0.924s] Level 1:colcon.colcon_core.package_identification:_identify(src/itc01_mr2/yolobot_recognition) by extension 'ignore'
[0.924s] Level 1:colcon.colcon_core.package_identification:_identify(src/itc01_mr2/yolobot_recognition) by extension 'ignore_ament_install'
[0.924s] Level 1:colcon.colcon_core.package_identification:_identify(src/itc01_mr2/yolobot_recognition) by extensions ['colcon_pkg']
[0.925s] Level 1:colcon.colcon_core.package_identification:_identify(src/itc01_mr2/yolobot_recognition) by extension 'colcon_pkg'
[0.925s] Level 1:colcon.colcon_core.package_identification:_identify(src/itc01_mr2/yolobot_recognition) by extensions ['colcon_meta']
[0.925s] Level 1:colcon.colcon_core.package_identification:_identify(src/itc01_mr2/yolobot_recognition) by extension 'colcon_meta'
[0.925s] Level 1:colcon.colcon_core.package_identification:_identify(src/itc01_mr2/yolobot_recognition) by extensions ['ros']
[0.925s] Level 1:colcon.colcon_core.package_identification:_identify(src/itc01_mr2/yolobot_recognition) by extension 'ros'
[0.926s] DEBUG:colcon.colcon_core.package_identification:Package 'src/itc01_mr2/yolobot_recognition' with type 'ros.ament_cmake' and name 'yolobot_recognition'
[0.927s] Level 1:colcon.colcon_core.package_identification:_identify(src/itc01_mr2/yolov8_msgs) by extensions ['ignore', 'ignore_ament_install']
[0.927s] Level 1:colcon.colcon_core.package_identification:_identify(src/itc01_mr2/yolov8_msgs) by extension 'ignore'
[0.927s] Level 1:colcon.colcon_core.package_identification:_identify(src/itc01_mr2/yolov8_msgs) by extension 'ignore_ament_install'
[0.927s] Level 1:colcon.colcon_core.package_identification:_identify(src/itc01_mr2/yolov8_msgs) by extensions ['colcon_pkg']
[0.928s] Level 1:colcon.colcon_core.package_identification:_identify(src/itc01_mr2/yolov8_msgs) by extension 'colcon_pkg'
[0.928s] Level 1:colcon.colcon_core.package_identification:_identify(src/itc01_mr2/yolov8_msgs) by extensions ['colcon_meta']
[0.928s] Level 1:colcon.colcon_core.package_identification:_identify(src/itc01_mr2/yolov8_msgs) by extension 'colcon_meta'
[0.928s] Level 1:colcon.colcon_core.package_identification:_identify(src/itc01_mr2/yolov8_msgs) by extensions ['ros']
[0.928s] Level 1:colcon.colcon_core.package_identification:_identify(src/itc01_mr2/yolov8_msgs) by extension 'ros'
[0.930s] DEBUG:colcon.colcon_core.package_identification:Package 'src/itc01_mr2/yolov8_msgs' with type 'ros.ament_cmake' and name 'yolov8_msgs'
[0.930s] Level 1:colcon.colcon_core.package_discovery:discover_packages(recursive) using defaults
[0.930s] Level 1:colcon.colcon_core.package_discovery:discover_packages(ignore) discover
[0.930s] Level 1:colcon.colcon_core.package_discovery:discover_packages(ignore) using defaults
[0.930s] Level 1:colcon.colcon_core.package_discovery:discover_packages(path) discover
[0.930s] Level 1:colcon.colcon_core.package_discovery:discover_packages(path) using defaults
[0.986s] Level 1:colcon.colcon_core.package_discovery:discover_packages(prefix_path) check parameters
[0.987s] Level 1:colcon.colcon_core.package_discovery:discover_packages(prefix_path) discover
[0.990s] WARNING:colcon.colcon_ros.prefix_path.ament:The path '/home/jsagx-6/itc01_ws/install/mr2_camera' in the environment variable AMENT_PREFIX_PATH doesn't exist
[0.993s] DEBUG:colcon.colcon_installed_package_information.package_discovery:Found 3 installed packages in /home/jsagx-6/itc01_ws/install
[1.005s] DEBUG:colcon.colcon_installed_package_information.package_discovery:Found 274 installed packages in /opt/ros/foxy
[1.013s] Level 1:colcon.colcon_core.package_discovery:discover_packages(prefix_path) using defaults
[1.159s] Level 5:colcon.colcon_core.verb:set package 'mr2_realsense' build argument 'cmake_args' from command line to 'None'
[1.159s] Level 5:colcon.colcon_core.verb:set package 'mr2_realsense' build argument 'cmake_target' from command line to 'None'
[1.159s] Level 5:colcon.colcon_core.verb:set package 'mr2_realsense' build argument 'cmake_target_skip_unavailable' from command line to 'False'
[1.159s] Level 5:colcon.colcon_core.verb:set package 'mr2_realsense' build argument 'cmake_clean_cache' from command line to 'False'
[1.159s] Level 5:colcon.colcon_core.verb:set package 'mr2_realsense' build argument 'cmake_clean_first' from command line to 'False'
[1.159s] Level 5:colcon.colcon_core.verb:set package 'mr2_realsense' build argument 'cmake_force_configure' from command line to 'False'
[1.159s] Level 5:colcon.colcon_core.verb:set package 'mr2_realsense' build argument 'ament_cmake_args' from command line to 'None'
[1.159s] Level 5:colcon.colcon_core.verb:set package 'mr2_realsense' build argument 'catkin_cmake_args' from command line to 'None'
[1.160s] Level 5:colcon.colcon_core.verb:set package 'mr2_realsense' build argument 'catkin_skip_building_tests' from command line to 'False'
[1.160s] DEBUG:colcon.colcon_core.verb:Building package 'mr2_realsense' with the following arguments: {'ament_cmake_args': None, 'build_base': '/home/jsagx-6/itc01_ws/build/mr2_realsense', 'catkin_cmake_args': None, 'catkin_skip_building_tests': False, 'cmake_args': None, 'cmake_clean_cache': False, 'cmake_clean_first': False, 'cmake_force_configure': False, 'cmake_target': None, 'cmake_target_skip_unavailable': False, 'install_base': '/home/jsagx-6/itc01_ws/install/mr2_realsense', 'merge_install': False, 'path': '/home/jsagx-6/itc01_ws/src/itc01_mr2/mr2_realsense', 'symlink_install': False, 'test_result_base': None}
[1.161s] Level 5:colcon.colcon_core.verb:set package 'yolobot_recognition' build argument 'cmake_args' from command line to 'None'
[1.161s] Level 5:colcon.colcon_core.verb:set package 'yolobot_recognition' build argument 'cmake_target' from command line to 'None'
[1.161s] Level 5:colcon.colcon_core.verb:set package 'yolobot_recognition' build argument 'cmake_target_skip_unavailable' from command line to 'False'
[1.161s] Level 5:colcon.colcon_core.verb:set package 'yolobot_recognition' build argument 'cmake_clean_cache' from command line to 'False'
[1.161s] Level 5:colcon.colcon_core.verb:set package 'yolobot_recognition' build argument 'cmake_clean_first' from command line to 'False'
[1.161s] Level 5:colcon.colcon_core.verb:set package 'yolobot_recognition' build argument 'cmake_force_configure' from command line to 'False'
[1.162s] Level 5:colcon.colcon_core.verb:set package 'yolobot_recognition' build argument 'ament_cmake_args' from command line to 'None'
[1.162s] Level 5:colcon.colcon_core.verb:set package 'yolobot_recognition' build argument 'catkin_cmake_args' from command line to 'None'
[1.162s] Level 5:colcon.colcon_core.verb:set package 'yolobot_recognition' build argument 'catkin_skip_building_tests' from command line to 'False'
[1.162s] DEBUG:colcon.colcon_core.verb:Building package 'yolobot_recognition' with the following arguments: {'ament_cmake_args': None, 'build_base': '/home/jsagx-6/itc01_ws/build/yolobot_recognition', 'catkin_cmake_args': None, 'catkin_skip_building_tests': False, 'cmake_args': None, 'cmake_clean_cache': False, 'cmake_clean_first': False, 'cmake_force_configure': False, 'cmake_target': None, 'cmake_target_skip_unavailable': False, 'install_base': '/home/jsagx-6/itc01_ws/install/yolobot_recognition', 'merge_install': False, 'path': '/home/jsagx-6/itc01_ws/src/itc01_mr2/yolobot_recognition', 'symlink_install': False, 'test_result_base': None}
[1.163s] Level 5:colcon.colcon_core.verb:set package 'yolov8_msgs' build argument 'cmake_args' from command line to 'None'
[1.163s] Level 5:colcon.colcon_core.verb:set package 'yolov8_msgs' build argument 'cmake_target' from command line to 'None'
[1.163s] Level 5:colcon.colcon_core.verb:set package 'yolov8_msgs' build argument 'cmake_target_skip_unavailable' from command line to 'False'
[1.163s] Level 5:colcon.colcon_core.verb:set package 'yolov8_msgs' build argument 'cmake_clean_cache' from command line to 'False'
[1.163s] Level 5:colcon.colcon_core.verb:set package 'yolov8_msgs' build argument 'cmake_clean_first' from command line to 'False'
[1.164s] Level 5:colcon.colcon_core.verb:set package 'yolov8_msgs' build argument 'cmake_force_configure' from command line to 'False'
[1.164s] Level 5:colcon.colcon_core.verb:set package 'yolov8_msgs' build argument 'ament_cmake_args' from command line to 'None'
[1.164s] Level 5:colcon.colcon_core.verb:set package 'yolov8_msgs' build argument 'catkin_cmake_args' from command line to 'None'
[1.164s] Level 5:colcon.colcon_core.verb:set package 'yolov8_msgs' build argument 'catkin_skip_building_tests' from command line to 'False'
[1.164s] DEBUG:colcon.colcon_core.verb:Building package 'yolov8_msgs' with the following arguments: {'ament_cmake_args': None, 'build_base': '/home/jsagx-6/itc01_ws/build/yolov8_msgs', 'catkin_cmake_args': None, 'catkin_skip_building_tests': False, 'cmake_args': None, 'cmake_clean_cache': False, 'cmake_clean_first': False, 'cmake_force_configure': False, 'cmake_target': None, 'cmake_target_skip_unavailable': False, 'install_base': '/home/jsagx-6/itc01_ws/install/yolov8_msgs', 'merge_install': False, 'path': '/home/jsagx-6/itc01_ws/src/itc01_mr2/yolov8_msgs', 'symlink_install': False, 'test_result_base': None}
[1.164s] INFO:colcon.colcon_core.executor:Executing jobs using 'parallel' executor
[1.168s] DEBUG:colcon.colcon_parallel_executor.executor.parallel:run_until_complete
[1.169s] INFO:colcon.colcon_ros.task.ament_python.build:Building ROS package in '/home/jsagx-6/itc01_ws/src/itc01_mr2/mr2_realsense' with build type 'ament_python'
[1.169s] Level 1:colcon.colcon_core.shell:create_environment_hook('mr2_realsense', 'ament_prefix_path')
[1.175s] INFO:colcon.colcon_core.plugin_system:Skipping extension 'colcon_core.shell.bat': Not used on non-Windows systems
[1.176s] INFO:colcon.colcon_core.shell:Creating environment hook '/home/jsagx-6/itc01_ws/install/mr2_realsense/share/mr2_realsense/hook/ament_prefix_path.ps1'
[1.178s] INFO:colcon.colcon_core.shell:Creating environment descriptor '/home/jsagx-6/itc01_ws/install/mr2_realsense/share/mr2_realsense/hook/ament_prefix_path.dsv'
[1.179s] INFO:colcon.colcon_core.shell:Creating environment hook '/home/jsagx-6/itc01_ws/install/mr2_realsense/share/mr2_realsense/hook/ament_prefix_path.sh'
[1.182s] INFO:colcon.colcon_core.shell:Skip shell extension 'powershell' for command environment: Not usable outside of PowerShell
[1.183s] DEBUG:colcon.colcon_core.shell:Skip shell extension 'dsv' for command environment
[1.207s] INFO:colcon.colcon_ros.task.ament_cmake.build:Building ROS package in '/home/jsagx-6/itc01_ws/src/itc01_mr2/yolobot_recognition' with build type 'ament_cmake'
[1.209s] INFO:colcon.colcon_cmake.task.cmake.build:Building CMake package in '/home/jsagx-6/itc01_ws/src/itc01_mr2/yolobot_recognition'
[1.211s] INFO:colcon.colcon_core.shell:Skip shell extension 'powershell' for command environment: Not usable outside of PowerShell
[1.212s] DEBUG:colcon.colcon_core.shell:Skip shell extension 'dsv' for command environment
[1.238s] INFO:colcon.colcon_ros.task.ament_cmake.build:Building ROS package in '/home/jsagx-6/itc01_ws/src/itc01_mr2/yolov8_msgs' with build type 'ament_cmake'
[1.240s] INFO:colcon.colcon_cmake.task.cmake.build:Building CMake package in '/home/jsagx-6/itc01_ws/src/itc01_mr2/yolov8_msgs'
[1.243s] INFO:colcon.colcon_core.shell:Skip shell extension 'powershell' for command environment: Not usable outside of PowerShell
[1.243s] DEBUG:colcon.colcon_core.shell:Skip shell extension 'dsv' for command environment
[1.988s] INFO:colcon.colcon_core.task.python.build:Building Python package in '/home/jsagx-6/itc01_ws/src/itc01_mr2/mr2_realsense'
[1.990s] INFO:colcon.colcon_core.shell:Skip shell extension 'powershell' for command environment: Not usable outside of PowerShell
[1.991s] DEBUG:colcon.colcon_core.shell:Skip shell extension 'dsv' for command environment
[2.033s] DEBUG:colcon.colcon_core.event_handler.log_command:Invoking command in '/home/jsagx-6/itc01_ws/build/yolobot_recognition': CMAKE_PREFIX_PATH=${CMAKE_PREFIX_PATH}:/home/jsagx-6/itc01_ws/install/mr2_realsense:/home/jsagx-6/itc01_ws/install/mr2_camera /usr/bin/cmake --build /home/jsagx-6/itc01_ws/build/yolobot_recognition -- -j8 -l8
[2.065s] DEBUG:colcon.colcon_core.event_handler.log_command:Invoking command in '/home/jsagx-6/itc01_ws/build/yolov8_msgs': CMAKE_PREFIX_PATH=${CMAKE_PREFIX_PATH}:/home/jsagx-6/itc01_ws/install/mr2_realsense:/home/jsagx-6/itc01_ws/install/mr2_camera /usr/bin/cmake --build /home/jsagx-6/itc01_ws/build/yolov8_msgs -- -j8 -l8
[2.201s] DEBUG:colcon.colcon_core.event_handler.log_command:Invoked command in '/home/jsagx-6/itc01_ws/build/yolobot_recognition' returned '0': CMAKE_PREFIX_PATH=${CMAKE_PREFIX_PATH}:/home/jsagx-6/itc01_ws/install/mr2_realsense:/home/jsagx-6/itc01_ws/install/mr2_camera /usr/bin/cmake --build /home/jsagx-6/itc01_ws/build/yolobot_recognition -- -j8 -l8
[2.336s] DEBUG:colcon.colcon_core.event_handler.log_command:Invoking command in '/home/jsagx-6/itc01_ws/build/yolobot_recognition': CMAKE_PREFIX_PATH=${CMAKE_PREFIX_PATH}:/home/jsagx-6/itc01_ws/install/mr2_realsense:/home/jsagx-6/itc01_ws/install/mr2_camera /usr/bin/cmake --install /home/jsagx-6/itc01_ws/build/yolobot_recognition
[2.416s] Level 1:colcon.colcon_core.environment:create_environment_scripts_only(yolobot_recognition)
[2.441s] Level 1:colcon.colcon_core.environment:checking '/home/jsagx-6/itc01_ws/install/yolobot_recognition' for CMake module files
[2.445s] Level 1:colcon.colcon_core.environment:checking '/home/jsagx-6/itc01_ws/install/yolobot_recognition' for CMake config files
[2.450s] Level 1:colcon.colcon_core.shell:create_environment_hook('yolobot_recognition', 'cmake_prefix_path')
[2.451s] INFO:colcon.colcon_core.shell:Creating environment hook '/home/jsagx-6/itc01_ws/install/yolobot_recognition/share/yolobot_recognition/hook/cmake_prefix_path.ps1'
[2.454s] INFO:colcon.colcon_core.shell:Creating environment descriptor '/home/jsagx-6/itc01_ws/install/yolobot_recognition/share/yolobot_recognition/hook/cmake_prefix_path.dsv'
[2.457s] INFO:colcon.colcon_core.shell:Creating environment hook '/home/jsagx-6/itc01_ws/install/yolobot_recognition/share/yolobot_recognition/hook/cmake_prefix_path.sh'
[2.462s] Level 1:colcon.colcon_core.environment:checking '/home/jsagx-6/itc01_ws/install/yolobot_recognition/lib'
[2.463s] Level 1:colcon.colcon_core.environment:checking '/home/jsagx-6/itc01_ws/install/yolobot_recognition/bin'
[2.463s] Level 1:colcon.colcon_core.environment:checking '/home/jsagx-6/itc01_ws/install/yolobot_recognition/lib/pkgconfig/yolobot_recognition.pc'
[2.464s] Level 1:colcon.colcon_core.environment:checking '/home/jsagx-6/itc01_ws/install/yolobot_recognition/lib/python3.8/site-packages'
[2.465s] Level 1:colcon.colcon_core.environment:checking '/home/jsagx-6/itc01_ws/install/yolobot_recognition/bin'
[2.467s] INFO:colcon.colcon_core.shell:Creating package script '/home/jsagx-6/itc01_ws/install/yolobot_recognition/share/yolobot_recognition/package.ps1'
[2.470s] INFO:colcon.colcon_core.shell:Creating package descriptor '/home/jsagx-6/itc01_ws/install/yolobot_recognition/share/yolobot_recognition/package.dsv'
[2.473s] INFO:colcon.colcon_core.shell:Creating package script '/home/jsagx-6/itc01_ws/install/yolobot_recognition/share/yolobot_recognition/package.sh'
[2.478s] INFO:colcon.colcon_core.shell:Creating package script '/home/jsagx-6/itc01_ws/install/yolobot_recognition/share/yolobot_recognition/package.bash'
[2.482s] INFO:colcon.colcon_core.shell:Creating package script '/home/jsagx-6/itc01_ws/install/yolobot_recognition/share/yolobot_recognition/package.zsh'
[2.485s] Level 1:colcon.colcon_core.environment:create_file_with_runtime_dependencies(/home/jsagx-6/itc01_ws/install/yolobot_recognition/share/colcon-core/packages/yolobot_recognition)
[2.523s] DEBUG:colcon.colcon_core.event_handler.log_command:Invoked command in '/home/jsagx-6/itc01_ws/build/yolobot_recognition' returned '0': CMAKE_PREFIX_PATH=${CMAKE_PREFIX_PATH}:/home/jsagx-6/itc01_ws/install/mr2_realsense:/home/jsagx-6/itc01_ws/install/mr2_camera /usr/bin/cmake --install /home/jsagx-6/itc01_ws/build/yolobot_recognition
[2.572s] Level 1:colcon.colcon_core.environment:create_environment_scripts_only(yolobot_recognition)
[2.574s] Level 1:colcon.colcon_core.environment:checking '/home/jsagx-6/itc01_ws/install/yolobot_recognition' for CMake module files
[2.577s] Level 1:colcon.colcon_core.environment:checking '/home/jsagx-6/itc01_ws/install/yolobot_recognition' for CMake config files
[2.578s] Level 1:colcon.colcon_core.shell:create_environment_hook('yolobot_recognition', 'cmake_prefix_path')
[2.579s] INFO:colcon.colcon_core.shell:Creating environment hook '/home/jsagx-6/itc01_ws/install/yolobot_recognition/share/yolobot_recognition/hook/cmake_prefix_path.ps1'
[2.582s] INFO:colcon.colcon_core.shell:Creating environment descriptor '/home/jsagx-6/itc01_ws/install/yolobot_recognition/share/yolobot_recognition/hook/cmake_prefix_path.dsv'
[2.584s] INFO:colcon.colcon_core.shell:Creating environment hook '/home/jsagx-6/itc01_ws/install/yolobot_recognition/share/yolobot_recognition/hook/cmake_prefix_path.sh'
[2.586s] Level 1:colcon.colcon_core.environment:checking '/home/jsagx-6/itc01_ws/install/yolobot_recognition/lib'
[2.586s] Level 1:colcon.colcon_core.environment:checking '/home/jsagx-6/itc01_ws/install/yolobot_recognition/bin'
[2.586s] Level 1:colcon.colcon_core.environment:checking '/home/jsagx-6/itc01_ws/install/yolobot_recognition/lib/pkgconfig/yolobot_recognition.pc'
[2.587s] Level 1:colcon.colcon_core.environment:checking '/home/jsagx-6/itc01_ws/install/yolobot_recognition/lib/python3.8/site-packages'
[2.588s] Level 1:colcon.colcon_core.environment:checking '/home/jsagx-6/itc01_ws/install/yolobot_recognition/bin'
[2.589s] INFO:colcon.colcon_core.shell:Creating package script '/home/jsagx-6/itc01_ws/install/yolobot_recognition/share/yolobot_recognition/package.ps1'
[2.591s] INFO:colcon.colcon_core.shell:Creating package descriptor '/home/jsagx-6/itc01_ws/install/yolobot_recognition/share/yolobot_recognition/package.dsv'
[2.592s] INFO:colcon.colcon_core.shell:Creating package script '/home/jsagx-6/itc01_ws/install/yolobot_recognition/share/yolobot_recognition/package.sh'
[2.594s] INFO:colcon.colcon_core.shell:Creating package script '/home/jsagx-6/itc01_ws/install/yolobot_recognition/share/yolobot_recognition/package.bash'
[2.595s] INFO:colcon.colcon_core.shell:Creating package script '/home/jsagx-6/itc01_ws/install/yolobot_recognition/share/yolobot_recognition/package.zsh'
[2.596s] Level 1:colcon.colcon_core.environment:create_file_with_runtime_dependencies(/home/jsagx-6/itc01_ws/install/yolobot_recognition/share/colcon-core/packages/yolobot_recognition)
[2.898s] DEBUG:colcon.colcon_core.event_handler.log_command:Invoked command in '/home/jsagx-6/itc01_ws/build/yolov8_msgs' returned '0': CMAKE_PREFIX_PATH=${CMAKE_PREFIX_PATH}:/home/jsagx-6/itc01_ws/install/mr2_realsense:/home/jsagx-6/itc01_ws/install/mr2_camera /usr/bin/cmake --build /home/jsagx-6/itc01_ws/build/yolov8_msgs -- -j8 -l8
[3.162s] DEBUG:colcon.colcon_core.event_handler.log_command:Invoking command in '/home/jsagx-6/itc01_ws/build/yolov8_msgs': CMAKE_PREFIX_PATH=${CMAKE_PREFIX_PATH}:/home/jsagx-6/itc01_ws/install/mr2_realsense:/home/jsagx-6/itc01_ws/install/mr2_camera /usr/bin/cmake --install /home/jsagx-6/itc01_ws/build/yolov8_msgs
[3.367s] Level 1:colcon.colcon_core.environment:create_environment_scripts_only(yolov8_msgs)
[3.370s] Level 1:colcon.colcon_core.environment:checking '/home/jsagx-6/itc01_ws/install/yolov8_msgs' for CMake module files
[3.372s] DEBUG:colcon.colcon_core.event_handler.log_command:Invoked command in '/home/jsagx-6/itc01_ws/build/yolov8_msgs' returned '0': CMAKE_PREFIX_PATH=${CMAKE_PREFIX_PATH}:/home/jsagx-6/itc01_ws/install/mr2_realsense:/home/jsagx-6/itc01_ws/install/mr2_camera /usr/bin/cmake --install /home/jsagx-6/itc01_ws/build/yolov8_msgs
[3.373s] Level 1:colcon.colcon_core.environment:checking '/home/jsagx-6/itc01_ws/install/yolov8_msgs' for CMake config files
[3.375s] Level 1:colcon.colcon_core.shell:create_environment_hook('yolov8_msgs', 'cmake_prefix_path')
[3.376s] INFO:colcon.colcon_core.shell:Creating environment hook '/home/jsagx-6/itc01_ws/install/yolov8_msgs/share/yolov8_msgs/hook/cmake_prefix_path.ps1'
[3.378s] INFO:colcon.colcon_core.shell:Creating environment descriptor '/home/jsagx-6/itc01_ws/install/yolov8_msgs/share/yolov8_msgs/hook/cmake_prefix_path.dsv'
[3.379s] INFO:colcon.colcon_core.shell:Creating environment hook '/home/jsagx-6/itc01_ws/install/yolov8_msgs/share/yolov8_msgs/hook/cmake_prefix_path.sh'
[3.381s] Level 1:colcon.colcon_core.environment:checking '/home/jsagx-6/itc01_ws/install/yolov8_msgs/lib'
[3.382s] Level 1:colcon.colcon_core.shell:create_environment_hook('yolov8_msgs', 'ld_library_path_lib')
[3.382s] INFO:colcon.colcon_core.shell:Creating environment hook '/home/jsagx-6/itc01_ws/install/yolov8_msgs/share/yolov8_msgs/hook/ld_library_path_lib.ps1'
[3.384s] INFO:colcon.colcon_core.shell:Creating environment descriptor '/home/jsagx-6/itc01_ws/install/yolov8_msgs/share/yolov8_msgs/hook/ld_library_path_lib.dsv'
[3.385s] INFO:colcon.colcon_core.shell:Creating environment hook '/home/jsagx-6/itc01_ws/install/yolov8_msgs/share/yolov8_msgs/hook/ld_library_path_lib.sh'
[3.387s] Level 1:colcon.colcon_core.environment:checking '/home/jsagx-6/itc01_ws/install/yolov8_msgs/bin'
[3.387s] Level 1:colcon.colcon_core.environment:checking '/home/jsagx-6/itc01_ws/install/yolov8_msgs/lib/pkgconfig/yolov8_msgs.pc'
[3.388s] Level 1:colcon.colcon_core.environment:checking '/home/jsagx-6/itc01_ws/install/yolov8_msgs/lib/python3.8/site-packages'
[3.388s] Level 1:colcon.colcon_core.shell:create_environment_hook('yolov8_msgs', 'pythonpath')
[3.389s] INFO:colcon.colcon_core.shell:Creating environment hook '/home/jsagx-6/itc01_ws/install/yolov8_msgs/share/yolov8_msgs/hook/pythonpath.ps1'
[3.390s] INFO:colcon.colcon_core.shell:Creating environment descriptor '/home/jsagx-6/itc01_ws/install/yolov8_msgs/share/yolov8_msgs/hook/pythonpath.dsv'
[3.391s] INFO:colcon.colcon_core.shell:Creating environment hook '/home/jsagx-6/itc01_ws/install/yolov8_msgs/share/yolov8_msgs/hook/pythonpath.sh'
[3.393s] Level 1:colcon.colcon_core.environment:checking '/home/jsagx-6/itc01_ws/install/yolov8_msgs/bin'
[3.394s] INFO:colcon.colcon_core.shell:Creating package script '/home/jsagx-6/itc01_ws/install/yolov8_msgs/share/yolov8_msgs/package.ps1'
[3.396s] INFO:colcon.colcon_core.shell:Creating package descriptor '/home/jsagx-6/itc01_ws/install/yolov8_msgs/share/yolov8_msgs/package.dsv'
[3.397s] INFO:colcon.colcon_core.shell:Creating package script '/home/jsagx-6/itc01_ws/install/yolov8_msgs/share/yolov8_msgs/package.sh'
[3.399s] INFO:colcon.colcon_core.shell:Creating package script '/home/jsagx-6/itc01_ws/install/yolov8_msgs/share/yolov8_msgs/package.bash'
[3.400s] INFO:colcon.colcon_core.shell:Creating package script '/home/jsagx-6/itc01_ws/install/yolov8_msgs/share/yolov8_msgs/package.zsh'
[3.401s] Level 1:colcon.colcon_core.environment:create_file_with_runtime_dependencies(/home/jsagx-6/itc01_ws/install/yolov8_msgs/share/colcon-core/packages/yolov8_msgs)
[3.661s] Level 1:colcon.colcon_core.environment:create_environment_scripts_only(yolov8_msgs)
[3.663s] Level 1:colcon.colcon_core.environment:checking '/home/jsagx-6/itc01_ws/install/yolov8_msgs' for CMake module files
[3.666s] Level 1:colcon.colcon_core.environment:checking '/home/jsagx-6/itc01_ws/install/yolov8_msgs' for CMake config files
[3.667s] Level 1:colcon.colcon_core.shell:create_environment_hook('yolov8_msgs', 'cmake_prefix_path')
[3.668s] INFO:colcon.colcon_core.shell:Creating environment hook '/home/jsagx-6/itc01_ws/install/yolov8_msgs/share/yolov8_msgs/hook/cmake_prefix_path.ps1'
[3.670s] INFO:colcon.colcon_core.shell:Creating environment descriptor '/home/jsagx-6/itc01_ws/install/yolov8_msgs/share/yolov8_msgs/hook/cmake_prefix_path.dsv'
[3.671s] INFO:colcon.colcon_core.shell:Creating environment hook '/home/jsagx-6/itc01_ws/install/yolov8_msgs/share/yolov8_msgs/hook/cmake_prefix_path.sh'
[3.674s] Level 1:colcon.colcon_core.environment:checking '/home/jsagx-6/itc01_ws/install/yolov8_msgs/lib'
[3.674s] Level 1:colcon.colcon_core.shell:create_environment_hook('yolov8_msgs', 'ld_library_path_lib')
[3.675s] INFO:colcon.colcon_core.shell:Creating environment hook '/home/jsagx-6/itc01_ws/install/yolov8_msgs/share/yolov8_msgs/hook/ld_library_path_lib.ps1'
[3.676s] INFO:colcon.colcon_core.shell:Creating environment descriptor '/home/jsagx-6/itc01_ws/install/yolov8_msgs/share/yolov8_msgs/hook/ld_library_path_lib.dsv'
[3.677s] INFO:colcon.colcon_core.shell:Creating environment hook '/home/jsagx-6/itc01_ws/install/yolov8_msgs/share/yolov8_msgs/hook/ld_library_path_lib.sh'
[3.678s] Level 1:colcon.colcon_core.environment:checking '/home/jsagx-6/itc01_ws/install/yolov8_msgs/bin'
[3.678s] Level 1:colcon.colcon_core.environment:checking '/home/jsagx-6/itc01_ws/install/yolov8_msgs/lib/pkgconfig/yolov8_msgs.pc'
[3.679s] Level 1:colcon.colcon_core.environment:checking '/home/jsagx-6/itc01_ws/install/yolov8_msgs/lib/python3.8/site-packages'
[3.680s] Level 1:colcon.colcon_core.shell:create_environment_hook('yolov8_msgs', 'pythonpath')
[3.680s] INFO:colcon.colcon_core.shell:Creating environment hook '/home/jsagx-6/itc01_ws/install/yolov8_msgs/share/yolov8_msgs/hook/pythonpath.ps1'
[3.681s] INFO:colcon.colcon_core.shell:Creating environment descriptor '/home/jsagx-6/itc01_ws/install/yolov8_msgs/share/yolov8_msgs/hook/pythonpath.dsv'
[3.683s] INFO:colcon.colcon_core.shell:Creating environment hook '/home/jsagx-6/itc01_ws/install/yolov8_msgs/share/yolov8_msgs/hook/pythonpath.sh'
[3.684s] Level 1:colcon.colcon_core.environment:checking '/home/jsagx-6/itc01_ws/install/yolov8_msgs/bin'
[3.686s] INFO:colcon.colcon_core.shell:Creating package script '/home/jsagx-6/itc01_ws/install/yolov8_msgs/share/yolov8_msgs/package.ps1'
[3.688s] INFO:colcon.colcon_core.shell:Creating package descriptor '/home/jsagx-6/itc01_ws/install/yolov8_msgs/share/yolov8_msgs/package.dsv'
[3.690s] INFO:colcon.colcon_core.shell:Creating package script '/home/jsagx-6/itc01_ws/install/yolov8_msgs/share/yolov8_msgs/package.sh'
[3.692s] INFO:colcon.colcon_core.shell:Creating package script '/home/jsagx-6/itc01_ws/install/yolov8_msgs/share/yolov8_msgs/package.bash'
[3.694s] INFO:colcon.colcon_core.shell:Creating package script '/home/jsagx-6/itc01_ws/install/yolov8_msgs/share/yolov8_msgs/package.zsh'
[3.695s] Level 1:colcon.colcon_core.environment:create_file_with_runtime_dependencies(/home/jsagx-6/itc01_ws/install/yolov8_msgs/share/colcon-core/packages/yolov8_msgs)
[4.324s] DEBUG:colcon.colcon_core.event_handler.log_command:Invoking command in '/home/jsagx-6/itc01_ws/src/itc01_mr2/mr2_realsense': PYTHONPATH=/home/jsagx-6/itc01_ws/build/mr2_realsense/prefix_override:/home/jsagx-6/itc01_ws/install/mr2_realsense/lib/python3.8/site-packages:${PYTHONPATH} /usr/bin/python3 -W ignore:setup.py install is deprecated setup.py egg_info --egg-base ../../../build/mr2_realsense build --build-base /home/jsagx-6/itc01_ws/build/mr2_realsense/build install --record /home/jsagx-6/itc01_ws/build/mr2_realsense/install.log --install-scripts $base/lib/mr2_realsense --single-version-externally-managed install_data
[6.028s] Level 1:colcon.colcon_core.environment:checking '/home/jsagx-6/itc01_ws/install/mr2_realsense' for CMake module files
[6.033s] DEBUG:colcon.colcon_core.event_handler.log_command:Invoked command in '/home/jsagx-6/itc01_ws/src/itc01_mr2/mr2_realsense' returned '0': PYTHONPATH=/home/jsagx-6/itc01_ws/build/mr2_realsense/prefix_override:/home/jsagx-6/itc01_ws/install/mr2_realsense/lib/python3.8/site-packages:${PYTHONPATH} /usr/bin/python3 -W ignore:setup.py install is deprecated setup.py egg_info --egg-base ../../../build/mr2_realsense build --build-base /home/jsagx-6/itc01_ws/build/mr2_realsense/build install --record /home/jsagx-6/itc01_ws/build/mr2_realsense/install.log --install-scripts $base/lib/mr2_realsense --single-version-externally-managed install_data
[6.035s] Level 1:colcon.colcon_core.environment:checking '/home/jsagx-6/itc01_ws/install/mr2_realsense' for CMake config files
[6.040s] Level 1:colcon.colcon_core.environment:checking '/home/jsagx-6/itc01_ws/install/mr2_realsense/lib'
[6.040s] Level 1:colcon.colcon_core.environment:checking '/home/jsagx-6/itc01_ws/install/mr2_realsense/bin'
[6.041s] Level 1:colcon.colcon_core.environment:checking '/home/jsagx-6/itc01_ws/install/mr2_realsense/lib/pkgconfig/mr2_realsense.pc'
[6.042s] Level 1:colcon.colcon_core.environment:checking '/home/jsagx-6/itc01_ws/install/mr2_realsense/lib/python3.8/site-packages'
[6.043s] Level 1:colcon.colcon_core.shell:create_environment_hook('mr2_realsense', 'pythonpath')
[6.044s] INFO:colcon.colcon_core.shell:Creating environment hook '/home/jsagx-6/itc01_ws/install/mr2_realsense/share/mr2_realsense/hook/pythonpath.ps1'
[6.047s] INFO:colcon.colcon_core.shell:Creating environment descriptor '/home/jsagx-6/itc01_ws/install/mr2_realsense/share/mr2_realsense/hook/pythonpath.dsv'
[6.049s] INFO:colcon.colcon_core.shell:Creating environment hook '/home/jsagx-6/itc01_ws/install/mr2_realsense/share/mr2_realsense/hook/pythonpath.sh'
[6.052s] Level 1:colcon.colcon_core.environment:checking '/home/jsagx-6/itc01_ws/install/mr2_realsense/bin'
[6.052s] Level 1:colcon.colcon_core.environment:create_environment_scripts_only(mr2_realsense)
[6.054s] INFO:colcon.colcon_core.shell:Creating package script '/home/jsagx-6/itc01_ws/install/mr2_realsense/share/mr2_realsense/package.ps1'
[6.057s] INFO:colcon.colcon_core.shell:Creating package descriptor '/home/jsagx-6/itc01_ws/install/mr2_realsense/share/mr2_realsense/package.dsv'
[6.059s] INFO:colcon.colcon_core.shell:Creating package script '/home/jsagx-6/itc01_ws/install/mr2_realsense/share/mr2_realsense/package.sh'
[6.061s] INFO:colcon.colcon_core.shell:Creating package script '/home/jsagx-6/itc01_ws/install/mr2_realsense/share/mr2_realsense/package.bash'
[6.063s] INFO:colcon.colcon_core.shell:Creating package script '/home/jsagx-6/itc01_ws/install/mr2_realsense/share/mr2_realsense/package.zsh'
[6.064s] Level 1:colcon.colcon_core.environment:create_file_with_runtime_dependencies(/home/jsagx-6/itc01_ws/install/mr2_realsense/share/colcon-core/packages/mr2_realsense)
[6.066s] DEBUG:colcon.colcon_parallel_executor.executor.parallel:closing loop
[6.067s] DEBUG:colcon.colcon_parallel_executor.executor.parallel:loop closed
[6.068s] DEBUG:colcon.colcon_parallel_executor.executor.parallel:run_until_complete finished with '0'
[6.069s] DEBUG:colcon.colcon_core.event_reactor:joining thread
[6.096s] INFO:colcon.colcon_core.plugin_system:Skipping extension 'colcon_notification.desktop_notification.terminal_notifier': Not used on non-Darwin systems
[6.097s] INFO:colcon.colcon_core.plugin_system:Skipping extension 'colcon_notification.desktop_notification.win32': Not used on non-Windows systems
[6.097s] INFO:colcon.colcon_notification.desktop_notification:Sending desktop notification using 'notify2'
[6.202s] DEBUG:colcon.colcon_core.event_reactor:joined thread
[6.203s] INFO:colcon.colcon_core.shell:Creating prefix script '/home/jsagx-6/itc01_ws/install/local_setup.ps1'
[6.206s] INFO:colcon.colcon_core.shell:Creating prefix util module '/home/jsagx-6/itc01_ws/install/_local_setup_util_ps1.py'
[6.210s] INFO:colcon.colcon_core.shell:Creating prefix chain script '/home/jsagx-6/itc01_ws/install/setup.ps1'
[6.213s] INFO:colcon.colcon_core.shell:Creating prefix script '/home/jsagx-6/itc01_ws/install/local_setup.sh'
[6.215s] INFO:colcon.colcon_core.shell:Creating prefix util module '/home/jsagx-6/itc01_ws/install/_local_setup_util_sh.py'
[6.217s] INFO:colcon.colcon_core.shell:Creating prefix chain script '/home/jsagx-6/itc01_ws/install/setup.sh'
[6.220s] INFO:colcon.colcon_core.shell:Creating prefix script '/home/jsagx-6/itc01_ws/install/local_setup.bash'
[6.222s] INFO:colcon.colcon_core.shell:Creating prefix chain script '/home/jsagx-6/itc01_ws/install/setup.bash'
[6.225s] INFO:colcon.colcon_core.shell:Creating prefix script '/home/jsagx-6/itc01_ws/install/local_setup.zsh'
[6.227s] INFO:colcon.colcon_core.shell:Creating prefix chain script '/home/jsagx-6/itc01_ws/install/setup.zsh'
