[0.000000] (-) TimerEvent: {}
[0.000954] (buffalo_robot) JobQueued: {'identifier': 'buffalo_robot', 'dependencies': OrderedDict()}
[0.001872] (mr2_realsense) JobQueued: {'identifier': 'mr2_realsense', 'dependencies': OrderedDict()}
[0.001979] (yolobot_recognition) JobQueued: {'identifier': 'yolobot_recognition', 'dependencies': OrderedDict()}
[0.002428] (yolov8_msgs) JobQueued: {'identifier': 'yolov8_msgs', 'dependencies': OrderedDict()}
[0.002527] (buffalo_robot) JobStarted: {'identifier': 'buffalo_robot'}
[0.043540] (mr2_realsense) JobStarted: {'identifier': 'mr2_realsense'}
[0.079784] (yolobot_recognition) JobStarted: {'identifier': 'yolobot_recognition'}
[0.099267] (-) TimerEvent: {}
[0.112523] (yolov8_msgs) JobStarted: {'identifier': 'yolov8_msgs'}
[0.200000] (-) TimerEvent: {}
[0.301672] (-) TimerEvent: {}
[0.402474] (-) TimerEvent: {}
[0.503390] (-) TimerEvent: {}
[0.604220] (-) TimerEvent: {}
[0.705005] (-) TimerEvent: {}
[0.806155] (-) TimerEvent: {}
[0.907950] (-) TimerEvent: {}
[1.010135] (-) TimerEvent: {}
[1.111666] (-) TimerEvent: {}
[1.213168] (-) TimerEvent: {}
[1.314744] (-) TimerEvent: {}
[1.416020] (-) TimerEvent: {}
[1.517507] (-) TimerEvent: {}
[1.577605] (yolobot_recognition) JobProgress: {'identifier': 'yolobot_recognition', 'progress': 'cmake'}
[1.581308] (yolobot_recognition) JobProgress: {'identifier': 'yolobot_recognition', 'progress': 'build'}
[1.584393] (yolobot_recognition) Command: {'cmd': ['/usr/bin/cmake', '--build', '/home/jsagx-6/itc01_ws/build/yolobot_recognition', '--', '-j8', '-l8'], 'cwd': '/home/jsagx-6/itc01_ws/build/yolobot_recognition', 'env': OrderedDict([('USER', 'jsagx-6'), ('SSH_CLIENT', '192.168.77.215 53580 22'), ('LC_TIME', 'km_KH'), ('XDG_SESSION_TYPE', 'tty'), ('SHLVL', '1'), ('LD_LIBRARY_PATH', '/opt/ros/foxy/opt/yaml_cpp_vendor/lib:/opt/ros/foxy/lib/aarch64-linux-gnu:/opt/ros/foxy/lib:/home/jsagx-6/itc01_ws/install/yolov8_msgs/lib'), ('MOTD_SHOWN', 'pam'), ('HOME', '/home/jsagx-6'), ('OLDPWD', '/home/jsagx-6'), ('SSH_TTY', '/dev/pts/0'), ('JETSON_L4T', '35.5.0'), ('ROS_PYTHON_VERSION', '3'), ('JETSON_MODEL', 'Jetson-AGX'), ('LC_MONETARY', 'km_KH'), ('DBUS_SESSION_BUS_ADDRESS', 'unix:path=/run/user/1000/bus'), ('COLCON_PREFIX_PATH', '/home/jsagx-6/itc01_ws/install'), ('ROS_DISTRO', 'foxy'), ('LOGNAME', 'jsagx-6'), ('JETSON_MODULE', 'NVIDIA Jetson AGX Xavier (32 GB ram)'), ('JETSON_SERIAL_NUMBER', '1561221004404'), ('_', '/usr/bin/colcon'), ('ROS_VERSION', '2'), ('JETSON_CODENAME', 'Galen'), ('XDG_SESSION_CLASS', 'user'), ('TERM', 'xterm-256color'), ('XDG_SESSION_ID', '5'), ('ROS_LOCALHOST_ONLY', '0'), ('PATH', '/opt/ros/foxy/bin:/usr/local/sbin:/usr/local/bin:/usr/sbin:/usr/bin:/sbin:/bin:/usr/games:/usr/local/games:/snap/bin'), ('LC_ADDRESS', 'km_KH'), ('XDG_RUNTIME_DIR', '/run/user/1000'), ('LANG', 'en_US.UTF-8'), ('LC_TELEPHONE', 'km_KH'), ('JETSON_SOC', 'tegra194'), ('AMENT_PREFIX_PATH', '/opt/ros/foxy:/home/jsagx-6/itc01_ws/install/yolov8_msgs:/home/jsagx-6/itc01_ws/install/yolobot_recognition:/home/jsagx-6/itc01_ws/install/mr2_realsense:/home/jsagx-6/itc01_ws/install/buffalo_robot'), ('SHELL', '/bin/bash'), ('LC_NAME', 'km_KH'), ('LC_MEASUREMENT', 'km_KH'), ('LC_IDENTIFICATION', 'km_KH'), ('JETSON_CUDA_ARCH_BIN', '7.2'), ('PWD', '/home/jsagx-6/itc01_ws/build/yolobot_recognition'), ('LC_ALL', 'en_US.UTF-8'), ('SSH_CONNECTION', '192.168.77.215 53580 192.168.77.206 22'), ('XDG_DATA_DIRS', '/usr/local/share:/usr/share:/var/lib/snapd/desktop'), ('PYTHONPATH', '/opt/ros/foxy/lib/python3.8/site-packages:/home/jsagx-6/itc01_ws/install/yolov8_msgs/lib/python3.8/site-packages:/home/jsagx-6/itc01_ws/install/mr2_realsense/lib/python3.8/site-packages:/home/jsagx-6/itc01_ws/install/buffalo_robot/lib/python3.8/site-packages'), ('LC_NUMERIC', 'km_KH'), ('LC_PAPER', 'km_KH'), ('COLCON', '1'), ('JETSON_JETPACK', '5.1.3'), ('CMAKE_PREFIX_PATH', '/opt/ros/foxy:/home/jsagx-6/itc01_ws/install/yolov8_msgs:/home/jsagx-6/itc01_ws/install/yolobot_recognition:/home/jsagx-6/itc01_ws/install/mr2_realsense:/home/jsagx-6/itc01_ws/install/buffalo_robot'), ('JETSON_P_NUMBER', 'p2888-0004')]), 'shell': False}
[1.608868] (yolov8_msgs) JobProgress: {'identifier': 'yolov8_msgs', 'progress': 'cmake'}
[1.613528] (yolov8_msgs) JobProgress: {'identifier': 'yolov8_msgs', 'progress': 'build'}
[1.614550] (yolov8_msgs) Command: {'cmd': ['/usr/bin/cmake', '--build', '/home/jsagx-6/itc01_ws/build/yolov8_msgs', '--', '-j8', '-l8'], 'cwd': '/home/jsagx-6/itc01_ws/build/yolov8_msgs', 'env': OrderedDict([('USER', 'jsagx-6'), ('SSH_CLIENT', '192.168.77.215 53580 22'), ('LC_TIME', 'km_KH'), ('XDG_SESSION_TYPE', 'tty'), ('SHLVL', '1'), ('LD_LIBRARY_PATH', '/opt/ros/foxy/opt/yaml_cpp_vendor/lib:/opt/ros/foxy/lib/aarch64-linux-gnu:/opt/ros/foxy/lib:/home/jsagx-6/itc01_ws/install/yolov8_msgs/lib'), ('MOTD_SHOWN', 'pam'), ('HOME', '/home/jsagx-6'), ('OLDPWD', '/home/jsagx-6'), ('SSH_TTY', '/dev/pts/0'), ('JETSON_L4T', '35.5.0'), ('ROS_PYTHON_VERSION', '3'), ('JETSON_MODEL', 'Jetson-AGX'), ('LC_MONETARY', 'km_KH'), ('DBUS_SESSION_BUS_ADDRESS', 'unix:path=/run/user/1000/bus'), ('COLCON_PREFIX_PATH', '/home/jsagx-6/itc01_ws/install'), ('ROS_DISTRO', 'foxy'), ('LOGNAME', 'jsagx-6'), ('JETSON_MODULE', 'NVIDIA Jetson AGX Xavier (32 GB ram)'), ('JETSON_SERIAL_NUMBER', '1561221004404'), ('_', '/usr/bin/colcon'), ('ROS_VERSION', '2'), ('JETSON_CODENAME', 'Galen'), ('XDG_SESSION_CLASS', 'user'), ('TERM', 'xterm-256color'), ('XDG_SESSION_ID', '5'), ('ROS_LOCALHOST_ONLY', '0'), ('PATH', '/opt/ros/foxy/bin:/usr/local/sbin:/usr/local/bin:/usr/sbin:/usr/bin:/sbin:/bin:/usr/games:/usr/local/games:/snap/bin'), ('LC_ADDRESS', 'km_KH'), ('XDG_RUNTIME_DIR', '/run/user/1000'), ('LANG', 'en_US.UTF-8'), ('LC_TELEPHONE', 'km_KH'), ('JETSON_SOC', 'tegra194'), ('AMENT_PREFIX_PATH', '/opt/ros/foxy:/home/jsagx-6/itc01_ws/install/yolov8_msgs:/home/jsagx-6/itc01_ws/install/yolobot_recognition:/home/jsagx-6/itc01_ws/install/mr2_realsense:/home/jsagx-6/itc01_ws/install/buffalo_robot'), ('SHELL', '/bin/bash'), ('LC_NAME', 'km_KH'), ('LC_MEASUREMENT', 'km_KH'), ('LC_IDENTIFICATION', 'km_KH'), ('JETSON_CUDA_ARCH_BIN', '7.2'), ('PWD', '/home/jsagx-6/itc01_ws/build/yolov8_msgs'), ('LC_ALL', 'en_US.UTF-8'), ('SSH_CONNECTION', '192.168.77.215 53580 192.168.77.206 22'), ('XDG_DATA_DIRS', '/usr/local/share:/usr/share:/var/lib/snapd/desktop'), ('PYTHONPATH', '/opt/ros/foxy/lib/python3.8/site-packages:/home/jsagx-6/itc01_ws/install/yolov8_msgs/lib/python3.8/site-packages:/home/jsagx-6/itc01_ws/install/mr2_realsense/lib/python3.8/site-packages:/home/jsagx-6/itc01_ws/install/buffalo_robot/lib/python3.8/site-packages'), ('LC_NUMERIC', 'km_KH'), ('LC_PAPER', 'km_KH'), ('COLCON', '1'), ('JETSON_JETPACK', '5.1.3'), ('CMAKE_PREFIX_PATH', '/opt/ros/foxy:/home/jsagx-6/itc01_ws/install/yolov8_msgs:/home/jsagx-6/itc01_ws/install/yolobot_recognition:/home/jsagx-6/itc01_ws/install/mr2_realsense:/home/jsagx-6/itc01_ws/install/buffalo_robot'), ('JETSON_P_NUMBER', 'p2888-0004')]), 'shell': False}
[1.626469] (-) TimerEvent: {}
[1.731761] (-) TimerEvent: {}
[1.821795] (yolobot_recognition) CommandEnded: {'returncode': 0}
[1.832013] (-) TimerEvent: {}
[1.876884] (yolov8_msgs) StdoutLine: {'line': b'[  2%] Built target yolov8_msgs__cpp\n'}
[1.893066] (yolov8_msgs) StdoutLine: {'line': b'[ 12%] Built target yolov8_msgs__rosidl_generator_c\n'}
[1.907767] (yolobot_recognition) JobProgress: {'identifier': 'yolobot_recognition', 'progress': 'install'}
[1.932404] (-) TimerEvent: {}
[1.944189] (yolobot_recognition) Command: {'cmd': ['/usr/bin/cmake', '--install', '/home/jsagx-6/itc01_ws/build/yolobot_recognition'], 'cwd': '/home/jsagx-6/itc01_ws/build/yolobot_recognition', 'env': OrderedDict([('USER', 'jsagx-6'), ('SSH_CLIENT', '192.168.77.215 53580 22'), ('LC_TIME', 'km_KH'), ('XDG_SESSION_TYPE', 'tty'), ('SHLVL', '1'), ('LD_LIBRARY_PATH', '/opt/ros/foxy/opt/yaml_cpp_vendor/lib:/opt/ros/foxy/lib/aarch64-linux-gnu:/opt/ros/foxy/lib:/home/jsagx-6/itc01_ws/install/yolov8_msgs/lib'), ('MOTD_SHOWN', 'pam'), ('HOME', '/home/jsagx-6'), ('OLDPWD', '/home/jsagx-6'), ('SSH_TTY', '/dev/pts/0'), ('JETSON_L4T', '35.5.0'), ('ROS_PYTHON_VERSION', '3'), ('JETSON_MODEL', 'Jetson-AGX'), ('LC_MONETARY', 'km_KH'), ('DBUS_SESSION_BUS_ADDRESS', 'unix:path=/run/user/1000/bus'), ('COLCON_PREFIX_PATH', '/home/jsagx-6/itc01_ws/install'), ('ROS_DISTRO', 'foxy'), ('LOGNAME', 'jsagx-6'), ('JETSON_MODULE', 'NVIDIA Jetson AGX Xavier (32 GB ram)'), ('JETSON_SERIAL_NUMBER', '1561221004404'), ('_', '/usr/bin/colcon'), ('ROS_VERSION', '2'), ('JETSON_CODENAME', 'Galen'), ('XDG_SESSION_CLASS', 'user'), ('TERM', 'xterm-256color'), ('XDG_SESSION_ID', '5'), ('ROS_LOCALHOST_ONLY', '0'), ('PATH', '/opt/ros/foxy/bin:/usr/local/sbin:/usr/local/bin:/usr/sbin:/usr/bin:/sbin:/bin:/usr/games:/usr/local/games:/snap/bin'), ('LC_ADDRESS', 'km_KH'), ('XDG_RUNTIME_DIR', '/run/user/1000'), ('LANG', 'en_US.UTF-8'), ('LC_TELEPHONE', 'km_KH'), ('JETSON_SOC', 'tegra194'), ('AMENT_PREFIX_PATH', '/opt/ros/foxy:/home/jsagx-6/itc01_ws/install/yolov8_msgs:/home/jsagx-6/itc01_ws/install/yolobot_recognition:/home/jsagx-6/itc01_ws/install/mr2_realsense:/home/jsagx-6/itc01_ws/install/buffalo_robot'), ('SHELL', '/bin/bash'), ('LC_NAME', 'km_KH'), ('LC_MEASUREMENT', 'km_KH'), ('LC_IDENTIFICATION', 'km_KH'), ('JETSON_CUDA_ARCH_BIN', '7.2'), ('PWD', '/home/jsagx-6/itc01_ws/build/yolobot_recognition'), ('LC_ALL', 'en_US.UTF-8'), ('SSH_CONNECTION', '192.168.77.215 53580 192.168.77.206 22'), ('XDG_DATA_DIRS', '/usr/local/share:/usr/share:/var/lib/snapd/desktop'), ('PYTHONPATH', '/opt/ros/foxy/lib/python3.8/site-packages:/home/jsagx-6/itc01_ws/install/yolov8_msgs/lib/python3.8/site-packages:/home/jsagx-6/itc01_ws/install/mr2_realsense/lib/python3.8/site-packages:/home/jsagx-6/itc01_ws/install/buffalo_robot/lib/python3.8/site-packages'), ('LC_NUMERIC', 'km_KH'), ('LC_PAPER', 'km_KH'), ('COLCON', '1'), ('JETSON_JETPACK', '5.1.3'), ('CMAKE_PREFIX_PATH', '/opt/ros/foxy:/home/jsagx-6/itc01_ws/install/yolov8_msgs:/home/jsagx-6/itc01_ws/install/yolobot_recognition:/home/jsagx-6/itc01_ws/install/mr2_realsense:/home/jsagx-6/itc01_ws/install/buffalo_robot'), ('JETSON_P_NUMBER', 'p2888-0004')]), 'shell': False}
[1.979739] (yolov8_msgs) StdoutLine: {'line': b'[ 23%] Built target yolov8_msgs__rosidl_typesupport_cpp\n'}
[1.994085] (yolov8_msgs) StdoutLine: {'line': b'[ 53%] Built target yolov8_msgs__rosidl_typesupport_c\n'}
[1.995853] (yolov8_msgs) StdoutLine: {'line': b'[ 53%] Built target yolov8_msgs__rosidl_typesupport_introspection_cpp\n'}
[1.996396] (yolov8_msgs) StdoutLine: {'line': b'[ 53%] Built target yolov8_msgs__rosidl_typesupport_introspection_c\n'}
[1.997250] (yolobot_recognition) StdoutLine: {'line': b'-- Install configuration: ""\n'}
[1.997865] (yolobot_recognition) StdoutLine: {'line': b'-- Up-to-date: /home/jsagx-6/itc01_ws/install/yolobot_recognition/share/yolobot_recognition//scripts\n'}
[1.999345] (yolobot_recognition) StdoutLine: {'line': b'-- Up-to-date: /home/jsagx-6/itc01_ws/install/yolobot_recognition/share/yolobot_recognition//scripts/train.py\n'}
[2.000265] (yolobot_recognition) StdoutLine: {'line': b'-- Up-to-date: /home/jsagx-6/itc01_ws/install/yolobot_recognition/share/yolobot_recognition//scripts/export.py\n'}
[2.000979] (yolobot_recognition) StdoutLine: {'line': b'-- Up-to-date: /home/jsagx-6/itc01_ws/install/yolobot_recognition/share/yolobot_recognition//scripts/yolov5s.pt\n'}
[2.001506] (yolobot_recognition) StdoutLine: {'line': b'-- Up-to-date: /home/jsagx-6/itc01_ws/install/yolobot_recognition/share/yolobot_recognition//scripts/data\n'}
[2.002399] (yolobot_recognition) StdoutLine: {'line': b'-- Up-to-date: /home/jsagx-6/itc01_ws/install/yolobot_recognition/share/yolobot_recognition//scripts/data/GlobalWheat2020.yaml\n'}
[2.003123] (yolobot_recognition) StdoutLine: {'line': b'-- Up-to-date: /home/jsagx-6/itc01_ws/install/yolobot_recognition/share/yolobot_recognition//scripts/data/images\n'}
[2.003771] (yolobot_recognition) StdoutLine: {'line': b'-- Up-to-date: /home/jsagx-6/itc01_ws/install/yolobot_recognition/share/yolobot_recognition//scripts/data/images/zidane.jpg\n'}
[2.004474] (yolobot_recognition) StdoutLine: {'line': b'-- Up-to-date: /home/jsagx-6/itc01_ws/install/yolobot_recognition/share/yolobot_recognition//scripts/data/images/bus.jpg\n'}
[2.004971] (yolobot_recognition) StdoutLine: {'line': b'-- Up-to-date: /home/jsagx-6/itc01_ws/install/yolobot_recognition/share/yolobot_recognition//scripts/data/coco128.yaml\n'}
[2.005334] (yolobot_recognition) StdoutLine: {'line': b'-- Up-to-date: /home/jsagx-6/itc01_ws/install/yolobot_recognition/share/yolobot_recognition//scripts/data/xView.yaml\n'}
[2.005868] (yolobot_recognition) StdoutLine: {'line': b'-- Up-to-date: /home/jsagx-6/itc01_ws/install/yolobot_recognition/share/yolobot_recognition//scripts/data/ImageNet.yaml\n'}
[2.006240] (yolobot_recognition) StdoutLine: {'line': b'-- Up-to-date: /home/jsagx-6/itc01_ws/install/yolobot_recognition/share/yolobot_recognition//scripts/data/scripts\n'}
[2.006807] (yolobot_recognition) StdoutLine: {'line': b'-- Up-to-date: /home/jsagx-6/itc01_ws/install/yolobot_recognition/share/yolobot_recognition//scripts/data/scripts/get_coco.sh\n'}
[2.007401] (yolobot_recognition) StdoutLine: {'line': b'-- Up-to-date: /home/jsagx-6/itc01_ws/install/yolobot_recognition/share/yolobot_recognition//scripts/data/scripts/get_coco128.sh\n'}
[2.007889] (yolobot_recognition) StdoutLine: {'line': b'-- Up-to-date: /home/jsagx-6/itc01_ws/install/yolobot_recognition/share/yolobot_recognition//scripts/data/scripts/get_imagenet.sh\n'}
[2.008174] (yolobot_recognition) StdoutLine: {'line': b'-- Up-to-date: /home/jsagx-6/itc01_ws/install/yolobot_recognition/share/yolobot_recognition//scripts/data/scripts/download_weights.sh\n'}
[2.008676] (yolobot_recognition) StdoutLine: {'line': b'-- Up-to-date: /home/jsagx-6/itc01_ws/install/yolobot_recognition/share/yolobot_recognition//scripts/data/Argoverse.yaml\n'}
[2.009451] (yolobot_recognition) StdoutLine: {'line': b'-- Up-to-date: /home/jsagx-6/itc01_ws/install/yolobot_recognition/share/yolobot_recognition//scripts/data/VisDrone.yaml\n'}
[2.010405] (yolobot_recognition) StdoutLine: {'line': b'-- Up-to-date: /home/jsagx-6/itc01_ws/install/yolobot_recognition/share/yolobot_recognition//scripts/data/VOC.yaml\n'}
[2.011386] (yolobot_recognition) StdoutLine: {'line': b'-- Up-to-date: /home/jsagx-6/itc01_ws/install/yolobot_recognition/share/yolobot_recognition//scripts/data/hyps\n'}
[2.012017] (yolobot_recognition) StdoutLine: {'line': b'-- Up-to-date: /home/jsagx-6/itc01_ws/install/yolobot_recognition/share/yolobot_recognition//scripts/data/hyps/hyp.scratch-med.yaml\n'}
[2.012479] (yolobot_recognition) StdoutLine: {'line': b'-- Up-to-date: /home/jsagx-6/itc01_ws/install/yolobot_recognition/share/yolobot_recognition//scripts/data/hyps/hyp.VOC.yaml\n'}
[2.013219] (yolobot_recognition) StdoutLine: {'line': b'-- Up-to-date: /home/jsagx-6/itc01_ws/install/yolobot_recognition/share/yolobot_recognition//scripts/data/hyps/hyp.scratch-high.yaml\n'}
[2.013802] (yolobot_recognition) StdoutLine: {'line': b'-- Up-to-date: /home/jsagx-6/itc01_ws/install/yolobot_recognition/share/yolobot_recognition//scripts/data/hyps/hyp.scratch-low.yaml\n'}
[2.015041] (yolobot_recognition) StdoutLine: {'line': b'-- Up-to-date: /home/jsagx-6/itc01_ws/install/yolobot_recognition/share/yolobot_recognition//scripts/data/hyps/hyp.Objects365.yaml\n'}
[2.015510] (yolobot_recognition) StdoutLine: {'line': b'-- Up-to-date: /home/jsagx-6/itc01_ws/install/yolobot_recognition/share/yolobot_recognition//scripts/data/hyps/hyp.no-augmentation.yaml\n'}
[2.016036] (yolobot_recognition) StdoutLine: {'line': b'-- Up-to-date: /home/jsagx-6/itc01_ws/install/yolobot_recognition/share/yolobot_recognition//scripts/data/SKU-110K.yaml\n'}
[2.016672] (yolobot_recognition) StdoutLine: {'line': b'-- Up-to-date: /home/jsagx-6/itc01_ws/install/yolobot_recognition/share/yolobot_recognition//scripts/data/coco128-seg.yaml\n'}
[2.017241] (yolobot_recognition) StdoutLine: {'line': b'-- Up-to-date: /home/jsagx-6/itc01_ws/install/yolobot_recognition/share/yolobot_recognition//scripts/data/Objects365.yaml\n'}
[2.018005] (yolobot_recognition) StdoutLine: {'line': b'-- Up-to-date: /home/jsagx-6/itc01_ws/install/yolobot_recognition/share/yolobot_recognition//scripts/data/coco.yaml\n'}
[2.018459] (yolobot_recognition) StdoutLine: {'line': b'-- Up-to-date: /home/jsagx-6/itc01_ws/install/yolobot_recognition/share/yolobot_recognition//scripts/.gitignore\n'}
[2.018962] (yolobot_recognition) StdoutLine: {'line': b'-- Up-to-date: /home/jsagx-6/itc01_ws/install/yolobot_recognition/share/yolobot_recognition//scripts/runs\n'}
[2.019489] (yolov8_msgs) StdoutLine: {'line': b'[ 64%] Built target yolov8_msgs__rosidl_typesupport_fastrtps_cpp\n'}
[2.020160] (yolobot_recognition) StdoutLine: {'line': b'-- Up-to-date: /home/jsagx-6/itc01_ws/install/yolobot_recognition/share/yolobot_recognition//scripts/runs/detect\n'}
[2.021235] (yolobot_recognition) StdoutLine: {'line': b'-- Up-to-date: /home/jsagx-6/itc01_ws/install/yolobot_recognition/share/yolobot_recognition//scripts/runs/detect/exp\n'}
[2.022050] (yolobot_recognition) StdoutLine: {'line': b'-- Up-to-date: /home/jsagx-6/itc01_ws/install/yolobot_recognition/share/yolobot_recognition//scripts/runs/detect/exp/zidane.jpg\n'}
[2.022651] (yolobot_recognition) StdoutLine: {'line': b'-- Up-to-date: /home/jsagx-6/itc01_ws/install/yolobot_recognition/share/yolobot_recognition//scripts/runs/detect/exp/bus.jpg\n'}
[2.023003] (yolobot_recognition) StdoutLine: {'line': b'-- Up-to-date: /home/jsagx-6/itc01_ws/install/yolobot_recognition/share/yolobot_recognition//scripts/detect.py\n'}
[2.023575] (yolobot_recognition) StdoutLine: {'line': b'-- Up-to-date: /home/jsagx-6/itc01_ws/install/yolobot_recognition/share/yolobot_recognition//scripts/models\n'}
[2.024059] (yolobot_recognition) StdoutLine: {'line': b'-- Up-to-date: /home/jsagx-6/itc01_ws/install/yolobot_recognition/share/yolobot_recognition//scripts/models/segment\n'}
[2.024468] (yolobot_recognition) StdoutLine: {'line': b'-- Up-to-date: /home/jsagx-6/itc01_ws/install/yolobot_recognition/share/yolobot_recognition//scripts/models/segment/yolov5s-seg.yaml\n'}
[2.024939] (yolobot_recognition) StdoutLine: {'line': b'-- Up-to-date: /home/jsagx-6/itc01_ws/install/yolobot_recognition/share/yolobot_recognition//scripts/models/segment/yolov5x-seg.yaml\n'}
[2.025386] (yolobot_recognition) StdoutLine: {'line': b'-- Up-to-date: /home/jsagx-6/itc01_ws/install/yolobot_recognition/share/yolobot_recognition//scripts/models/segment/yolov5m-seg.yaml\n'}
[2.025816] (yolobot_recognition) StdoutLine: {'line': b'-- Up-to-date: /home/jsagx-6/itc01_ws/install/yolobot_recognition/share/yolobot_recognition//scripts/models/segment/yolov5l-seg.yaml\n'}
[2.026107] (yolobot_recognition) StdoutLine: {'line': b'-- Up-to-date: /home/jsagx-6/itc01_ws/install/yolobot_recognition/share/yolobot_recognition//scripts/models/segment/yolov5n-seg.yaml\n'}
[2.026862] (yolobot_recognition) StdoutLine: {'line': b'-- Up-to-date: /home/jsagx-6/itc01_ws/install/yolobot_recognition/share/yolobot_recognition//scripts/models/yolov5m.yaml\n'}
[2.027282] (yolobot_recognition) StdoutLine: {'line': b'-- Up-to-date: /home/jsagx-6/itc01_ws/install/yolobot_recognition/share/yolobot_recognition//scripts/models/yolov5x.yaml\n'}
[2.027788] (yolobot_recognition) StdoutLine: {'line': b'-- Up-to-date: /home/jsagx-6/itc01_ws/install/yolobot_recognition/share/yolobot_recognition//scripts/models/hub\n'}
[2.028202] (yolobot_recognition) StdoutLine: {'line': b'-- Up-to-date: /home/jsagx-6/itc01_ws/install/yolobot_recognition/share/yolobot_recognition//scripts/models/hub/yolov3-tiny.yaml\n'}
[2.028617] (yolobot_recognition) StdoutLine: {'line': b'-- Up-to-date: /home/jsagx-6/itc01_ws/install/yolobot_recognition/share/yolobot_recognition//scripts/models/hub/yolov5-p34.yaml\n'}
[2.029008] (yolobot_recognition) StdoutLine: {'line': b'-- Up-to-date: /home/jsagx-6/itc01_ws/install/yolobot_recognition/share/yolobot_recognition//scripts/models/hub/yolov5m6.yaml\n'}
[2.029574] (yolobot_recognition) StdoutLine: {'line': b'-- Up-to-date: /home/jsagx-6/itc01_ws/install/yolobot_recognition/share/yolobot_recognition//scripts/models/hub/yolov3.yaml\n'}
[2.029922] (yolobot_recognition) StdoutLine: {'line': b'-- Up-to-date: /home/jsagx-6/itc01_ws/install/yolobot_recognition/share/yolobot_recognition//scripts/models/hub/yolov5-bifpn.yaml\n'}
[2.030207] (yolobot_recognition) StdoutLine: {'line': b'-- Up-to-date: /home/jsagx-6/itc01_ws/install/yolobot_recognition/share/yolobot_recognition//scripts/models/hub/yolov5n6.yaml\n'}
[2.030510] (yolobot_recognition) StdoutLine: {'line': b'-- Up-to-date: /home/jsagx-6/itc01_ws/install/yolobot_recognition/share/yolobot_recognition//scripts/models/hub/yolov5s-LeakyReLU.yaml\n'}
[2.031278] (yolobot_recognition) StdoutLine: {'line': b'-- Up-to-date: /home/jsagx-6/itc01_ws/install/yolobot_recognition/share/yolobot_recognition//scripts/models/hub/yolov5-fpn.yaml\n'}
[2.031683] (yolobot_recognition) StdoutLine: {'line': b'-- Up-to-date: /home/jsagx-6/itc01_ws/install/yolobot_recognition/share/yolobot_recognition//scripts/models/hub/yolov3-spp.yaml\n'}
[2.032011] (yolobot_recognition) StdoutLine: {'line': b'-- Up-to-date: /home/jsagx-6/itc01_ws/install/yolobot_recognition/share/yolobot_recognition//scripts/models/hub/yolov5l6.yaml\n'}
[2.032273] (yolobot_recognition) StdoutLine: {'line': b'-- Up-to-date: /home/jsagx-6/itc01_ws/install/yolobot_recognition/share/yolobot_recognition//scripts/models/hub/yolov5-p2.yaml\n'}
[2.032645] (-) TimerEvent: {}
[2.034063] (yolobot_recognition) StdoutLine: {'line': b'-- Up-to-date: /home/jsagx-6/itc01_ws/install/yolobot_recognition/share/yolobot_recognition//scripts/models/hub/anchors.yaml\n'}
[2.034691] (yolobot_recognition) StdoutLine: {'line': b'-- Up-to-date: /home/jsagx-6/itc01_ws/install/yolobot_recognition/share/yolobot_recognition//scripts/models/hub/yolov5s6.yaml\n'}
[2.035076] (yolobot_recognition) StdoutLine: {'line': b'-- Up-to-date: /home/jsagx-6/itc01_ws/install/yolobot_recognition/share/yolobot_recognition//scripts/models/hub/yolov5s-transformer.yaml\n'}
[2.035444] (yolobot_recognition) StdoutLine: {'line': b'-- Up-to-date: /home/jsagx-6/itc01_ws/install/yolobot_recognition/share/yolobot_recognition//scripts/models/hub/yolov5x6.yaml\n'}
[2.035805] (yolobot_recognition) StdoutLine: {'line': b'-- Up-to-date: /home/jsagx-6/itc01_ws/install/yolobot_recognition/share/yolobot_recognition//scripts/models/hub/yolov5s-ghost.yaml\n'}
[2.036093] (yolobot_recognition) StdoutLine: {'line': b'-- Up-to-date: /home/jsagx-6/itc01_ws/install/yolobot_recognition/share/yolobot_recognition//scripts/models/hub/yolov5-p7.yaml\n'}
[2.036351] (yolobot_recognition) StdoutLine: {'line': b'-- Up-to-date: /home/jsagx-6/itc01_ws/install/yolobot_recognition/share/yolobot_recognition//scripts/models/hub/yolov5-panet.yaml\n'}
[2.036612] (yolobot_recognition) StdoutLine: {'line': b'-- Up-to-date: /home/jsagx-6/itc01_ws/install/yolobot_recognition/share/yolobot_recognition//scripts/models/hub/yolov5-p6.yaml\n'}
[2.037002] (yolobot_recognition) StdoutLine: {'line': b'-- Up-to-date: /home/jsagx-6/itc01_ws/install/yolobot_recognition/share/yolobot_recognition//scripts/models/yolov5s.yaml\n'}
[2.037268] (yolobot_recognition) StdoutLine: {'line': b'-- Up-to-date: /home/jsagx-6/itc01_ws/install/yolobot_recognition/share/yolobot_recognition//scripts/models/yolov5l.yaml\n'}
[2.037662] (yolobot_recognition) StdoutLine: {'line': b'-- Up-to-date: /home/jsagx-6/itc01_ws/install/yolobot_recognition/share/yolobot_recognition//scripts/models/experimental.py\n'}
[2.038163] (yolobot_recognition) StdoutLine: {'line': b'-- Up-to-date: /home/jsagx-6/itc01_ws/install/yolobot_recognition/share/yolobot_recognition//scripts/models/yolov5n.yaml\n'}
[2.038518] (yolobot_recognition) StdoutLine: {'line': b'-- Up-to-date: /home/jsagx-6/itc01_ws/install/yolobot_recognition/share/yolobot_recognition//scripts/models/tf.py\n'}
[2.038924] (yolobot_recognition) StdoutLine: {'line': b'-- Up-to-date: /home/jsagx-6/itc01_ws/install/yolobot_recognition/share/yolobot_recognition//scripts/models/__init__.py\n'}
[2.039228] (yolobot_recognition) StdoutLine: {'line': b'-- Up-to-date: /home/jsagx-6/itc01_ws/install/yolobot_recognition/share/yolobot_recognition//scripts/models/common.py\n'}
[2.039499] (yolobot_recognition) StdoutLine: {'line': b'-- Up-to-date: /home/jsagx-6/itc01_ws/install/yolobot_recognition/share/yolobot_recognition//scripts/models/__pycache__\n'}
[2.039768] (yolobot_recognition) StdoutLine: {'line': b'-- Up-to-date: /home/jsagx-6/itc01_ws/install/yolobot_recognition/share/yolobot_recognition//scripts/models/__pycache__/__init__.cpython-38.pyc\n'}
[2.040125] (yolobot_recognition) StdoutLine: {'line': b'-- Up-to-date: /home/jsagx-6/itc01_ws/install/yolobot_recognition/share/yolobot_recognition//scripts/models/__pycache__/common.cpython-310.pyc\n'}
[2.040443] (yolobot_recognition) StdoutLine: {'line': b'-- Up-to-date: /home/jsagx-6/itc01_ws/install/yolobot_recognition/share/yolobot_recognition//scripts/models/__pycache__/experimental.cpython-310.pyc\n'}
[2.040738] (yolobot_recognition) StdoutLine: {'line': b'-- Up-to-date: /home/jsagx-6/itc01_ws/install/yolobot_recognition/share/yolobot_recognition//scripts/models/__pycache__/yolo.cpython-310.pyc\n'}
[2.041020] (yolobot_recognition) StdoutLine: {'line': b'-- Up-to-date: /home/jsagx-6/itc01_ws/install/yolobot_recognition/share/yolobot_recognition//scripts/models/__pycache__/yolo.cpython-38.pyc\n'}
[2.041323] (yolobot_recognition) StdoutLine: {'line': b'-- Up-to-date: /home/jsagx-6/itc01_ws/install/yolobot_recognition/share/yolobot_recognition//scripts/models/__pycache__/experimental.cpython-38.pyc\n'}
[2.041641] (yolobot_recognition) StdoutLine: {'line': b'-- Up-to-date: /home/jsagx-6/itc01_ws/install/yolobot_recognition/share/yolobot_recognition//scripts/models/__pycache__/__init__.cpython-310.pyc\n'}
[2.041941] (yolobot_recognition) StdoutLine: {'line': b'-- Up-to-date: /home/jsagx-6/itc01_ws/install/yolobot_recognition/share/yolobot_recognition//scripts/models/__pycache__/common.cpython-38.pyc\n'}
[2.042747] (yolobot_recognition) StdoutLine: {'line': b'-- Up-to-date: /home/jsagx-6/itc01_ws/install/yolobot_recognition/share/yolobot_recognition//scripts/models/yolo.py\n'}
[2.045058] (yolobot_recognition) StdoutLine: {'line': b'-- Up-to-date: /home/jsagx-6/itc01_ws/install/yolobot_recognition/share/yolobot_recognition//scripts/yolov5_detection.py\n'}
[2.049616] (yolobot_recognition) StdoutLine: {'line': b'-- Up-to-date: /home/jsagx-6/itc01_ws/install/yolobot_recognition/share/yolobot_recognition//scripts/.dockerignore\n'}
[2.050727] (yolobot_recognition) StdoutLine: {'line': b'-- Up-to-date: /home/jsagx-6/itc01_ws/install/yolobot_recognition/share/yolobot_recognition//scripts/__pycache__\n'}
[2.051280] (yolobot_recognition) StdoutLine: {'line': b'-- Up-to-date: /home/jsagx-6/itc01_ws/install/yolobot_recognition/share/yolobot_recognition//scripts/__pycache__/val.cpython-310.pyc\n'}
[2.052206] (yolobot_recognition) StdoutLine: {'line': b'-- Up-to-date: /home/jsagx-6/itc01_ws/install/yolobot_recognition/share/yolobot_recognition//scripts/__pycache__/export.cpython-38.pyc\n'}
[2.052562] (yolobot_recognition) StdoutLine: {'line': b'-- Up-to-date: /home/jsagx-6/itc01_ws/install/yolobot_recognition/share/yolobot_recognition//scripts/__pycache__/export.cpython-310.pyc\n'}
[2.053241] (yolobot_recognition) StdoutLine: {'line': b'-- Up-to-date: /home/jsagx-6/itc01_ws/install/yolobot_recognition/share/yolobot_recognition//scripts/hubconf.py\n'}
[2.053686] (yolobot_recognition) StdoutLine: {'line': b'-- Up-to-date: /home/jsagx-6/itc01_ws/install/yolobot_recognition/share/yolobot_recognition//scripts/ros_recognition_yolo.py\n'}
[2.054051] (yolobot_recognition) StdoutLine: {'line': b'-- Up-to-date: /home/jsagx-6/itc01_ws/install/yolobot_recognition/share/yolobot_recognition//scripts/val.py\n'}
[2.054370] (yolobot_recognition) StdoutLine: {'line': b'-- Up-to-date: /home/jsagx-6/itc01_ws/install/yolobot_recognition/share/yolobot_recognition//scripts/setup.cfg\n'}
[2.054820] (yolobot_recognition) StdoutLine: {'line': b'-- Up-to-date: /home/jsagx-6/itc01_ws/install/yolobot_recognition/share/yolobot_recognition//scripts/best.pt\n'}
[2.056460] (yolobot_recognition) StdoutLine: {'line': b'-- Up-to-date: /home/jsagx-6/itc01_ws/install/yolobot_recognition/share/yolobot_recognition//scripts/utils\n'}
[2.056947] (yolobot_recognition) StdoutLine: {'line': b'-- Up-to-date: /home/jsagx-6/itc01_ws/install/yolobot_recognition/share/yolobot_recognition//scripts/utils/segment\n'}
[2.058453] (yolobot_recognition) StdoutLine: {'line': b'-- Up-to-date: /home/jsagx-6/itc01_ws/install/yolobot_recognition/share/yolobot_recognition//scripts/utils/segment/dataloaders.py\n'}
[2.059504] (yolobot_recognition) StdoutLine: {'line': b'-- Up-to-date: /home/jsagx-6/itc01_ws/install/yolobot_recognition/share/yolobot_recognition//scripts/utils/segment/plots.py\n'}
[2.060104] (yolobot_recognition) StdoutLine: {'line': b'-- Up-to-date: /home/jsagx-6/itc01_ws/install/yolobot_recognition/share/yolobot_recognition//scripts/utils/segment/augmentations.py\n'}
[2.060869] (yolobot_recognition) StdoutLine: {'line': b'-- Up-to-date: /home/jsagx-6/itc01_ws/install/yolobot_recognition/share/yolobot_recognition//scripts/utils/segment/general.py\n'}
[2.061266] (yolobot_recognition) StdoutLine: {'line': b'-- Up-to-date: /home/jsagx-6/itc01_ws/install/yolobot_recognition/share/yolobot_recognition//scripts/utils/segment/__init__.py\n'}
[2.061791] (yolobot_recognition) StdoutLine: {'line': b'-- Up-to-date: /home/jsagx-6/itc01_ws/install/yolobot_recognition/share/yolobot_recognition//scripts/utils/segment/metrics.py\n'}
[2.062417] (yolobot_recognition) StdoutLine: {'line': b'-- Up-to-date: /home/jsagx-6/itc01_ws/install/yolobot_recognition/share/yolobot_recognition//scripts/utils/segment/__pycache__\n'}
[2.062921] (yolobot_recognition) StdoutLine: {'line': b'-- Up-to-date: /home/jsagx-6/itc01_ws/install/yolobot_recognition/share/yolobot_recognition//scripts/utils/segment/__pycache__/__init__.cpython-38.pyc\n'}
[2.063616] (yolobot_recognition) StdoutLine: {'line': b'-- Up-to-date: /home/jsagx-6/itc01_ws/install/yolobot_recognition/share/yolobot_recognition//scripts/utils/segment/__pycache__/general.cpython-38.pyc\n'}
[2.064233] (yolobot_recognition) StdoutLine: {'line': b'-- Up-to-date: /home/jsagx-6/itc01_ws/install/yolobot_recognition/share/yolobot_recognition//scripts/utils/segment/__pycache__/__init__.cpython-310.pyc\n'}
[2.064659] (yolobot_recognition) StdoutLine: {'line': b'-- Up-to-date: /home/jsagx-6/itc01_ws/install/yolobot_recognition/share/yolobot_recognition//scripts/utils/segment/__pycache__/general.cpython-310.pyc\n'}
[2.064971] (yolobot_recognition) StdoutLine: {'line': b'-- Up-to-date: /home/jsagx-6/itc01_ws/install/yolobot_recognition/share/yolobot_recognition//scripts/utils/segment/loss.py\n'}
[2.066186] (yolobot_recognition) StdoutLine: {'line': b'-- Up-to-date: /home/jsagx-6/itc01_ws/install/yolobot_recognition/share/yolobot_recognition//scripts/utils/dataloaders.py\n'}
[2.066865] (yolobot_recognition) StdoutLine: {'line': b'-- Up-to-date: /home/jsagx-6/itc01_ws/install/yolobot_recognition/share/yolobot_recognition//scripts/utils/plots.py\n'}
[2.067539] (yolobot_recognition) StdoutLine: {'line': b'-- Up-to-date: /home/jsagx-6/itc01_ws/install/yolobot_recognition/share/yolobot_recognition//scripts/utils/augmentations.py\n'}
[2.067841] (yolobot_recognition) StdoutLine: {'line': b'-- Up-to-date: /home/jsagx-6/itc01_ws/install/yolobot_recognition/share/yolobot_recognition//scripts/utils/general.py\n'}
[2.068508] (yolobot_recognition) StdoutLine: {'line': b'-- Up-to-date: /home/jsagx-6/itc01_ws/install/yolobot_recognition/share/yolobot_recognition//scripts/utils/__init__.py\n'}
[2.068883] (yolobot_recognition) StdoutLine: {'line': b'-- Up-to-date: /home/jsagx-6/itc01_ws/install/yolobot_recognition/share/yolobot_recognition//scripts/utils/metrics.py\n'}
[2.069374] (yolobot_recognition) StdoutLine: {'line': b'-- Up-to-date: /home/jsagx-6/itc01_ws/install/yolobot_recognition/share/yolobot_recognition//scripts/utils/flask_rest_api\n'}
[2.070126] (yolobot_recognition) StdoutLine: {'line': b'-- Up-to-date: /home/jsagx-6/itc01_ws/install/yolobot_recognition/share/yolobot_recognition//scripts/utils/flask_rest_api/example_request.py\n'}
[2.070478] (yolobot_recognition) StdoutLine: {'line': b'-- Up-to-date: /home/jsagx-6/itc01_ws/install/yolobot_recognition/share/yolobot_recognition//scripts/utils/flask_rest_api/README.md\n'}
[2.071211] (yolobot_recognition) StdoutLine: {'line': b'-- Up-to-date: /home/jsagx-6/itc01_ws/install/yolobot_recognition/share/yolobot_recognition//scripts/utils/flask_rest_api/restapi.py\n'}
[2.072080] (yolobot_recognition) StdoutLine: {'line': b'-- Up-to-date: /home/jsagx-6/itc01_ws/install/yolobot_recognition/share/yolobot_recognition//scripts/utils/__pycache__\n'}
[2.072585] (yolobot_recognition) StdoutLine: {'line': b'-- Up-to-date: /home/jsagx-6/itc01_ws/install/yolobot_recognition/share/yolobot_recognition//scripts/utils/__pycache__/autoanchor.cpython-38.pyc\n'}
[2.073546] (yolobot_recognition) StdoutLine: {'line': b'-- Up-to-date: /home/jsagx-6/itc01_ws/install/yolobot_recognition/share/yolobot_recognition//scripts/utils/__pycache__/__init__.cpython-38.pyc\n'}
[2.074076] (yolobot_recognition) StdoutLine: {'line': b'-- Up-to-date: /home/jsagx-6/itc01_ws/install/yolobot_recognition/share/yolobot_recognition//scripts/utils/__pycache__/autobatch.cpython-310.pyc\n'}
[2.074848] (yolobot_recognition) StdoutLine: {'line': b'-- Up-to-date: /home/jsagx-6/itc01_ws/install/yolobot_recognition/share/yolobot_recognition//scripts/utils/__pycache__/dataloaders.cpython-310.pyc\n'}
[2.075216] (yolobot_recognition) StdoutLine: {'line': b'-- Up-to-date: /home/jsagx-6/itc01_ws/install/yolobot_recognition/share/yolobot_recognition//scripts/utils/__pycache__/torch_utils.cpython-38.pyc\n'}
[2.076172] (yolobot_recognition) StdoutLine: {'line': b'-- Up-to-date: /home/jsagx-6/itc01_ws/install/yolobot_recognition/share/yolobot_recognition//scripts/utils/__pycache__/downloads.cpython-38.pyc\n'}
[2.076862] (yolobot_recognition) StdoutLine: {'line': b'-- Up-to-date: /home/jsagx-6/itc01_ws/install/yolobot_recognition/share/yolobot_recognition//scripts/utils/__pycache__/plots.cpython-310.pyc\n'}
[2.077297] (yolobot_recognition) StdoutLine: {'line': b'-- Up-to-date: /home/jsagx-6/itc01_ws/install/yolobot_recognition/share/yolobot_recognition//scripts/utils/__pycache__/downloads.cpython-310.pyc\n'}
[2.080458] (yolobot_recognition) StdoutLine: {'line': b'-- Up-to-date: /home/jsagx-6/itc01_ws/install/yolobot_recognition/share/yolobot_recognition//scripts/utils/__pycache__/torch_utils.cpython-310.pyc\n'}
[2.080997] (yolobot_recognition) StdoutLine: {'line': b'-- Up-to-date: /home/jsagx-6/itc01_ws/install/yolobot_recognition/share/yolobot_recognition//scripts/utils/__pycache__/general.cpython-38.pyc\n'}
[2.081777] (yolobot_recognition) StdoutLine: {'line': b'-- Up-to-date: /home/jsagx-6/itc01_ws/install/yolobot_recognition/share/yolobot_recognition//scripts/utils/__pycache__/plots.cpython-38.pyc\n'}
[2.082748] (yolobot_recognition) StdoutLine: {'line': b'-- Up-to-date: /home/jsagx-6/itc01_ws/install/yolobot_recognition/share/yolobot_recognition//scripts/utils/__pycache__/metrics.cpython-38.pyc\n'}
[2.084269] (yolobot_recognition) StdoutLine: {'line': b'-- Up-to-date: /home/jsagx-6/itc01_ws/install/yolobot_recognition/share/yolobot_recognition//scripts/utils/__pycache__/augmentations.cpython-38.pyc\n'}
[2.084811] (yolobot_recognition) StdoutLine: {'line': b'-- Up-to-date: /home/jsagx-6/itc01_ws/install/yolobot_recognition/share/yolobot_recognition//scripts/utils/__pycache__/__init__.cpython-310.pyc\n'}
[2.085351] (yolobot_recognition) StdoutLine: {'line': b'-- Up-to-date: /home/jsagx-6/itc01_ws/install/yolobot_recognition/share/yolobot_recognition//scripts/utils/__pycache__/callbacks.cpython-310.pyc\n'}
[2.090980] (yolobot_recognition) StdoutLine: {'line': b'-- Up-to-date: /home/jsagx-6/itc01_ws/install/yolobot_recognition/share/yolobot_recognition//scripts/utils/__pycache__/general.cpython-310.pyc\n'}
[2.091780] (yolobot_recognition) StdoutLine: {'line': b'-- Up-to-date: /home/jsagx-6/itc01_ws/install/yolobot_recognition/share/yolobot_recognition//scripts/utils/__pycache__/metrics.cpython-310.pyc\n'}
[2.092918] (yolobot_recognition) StdoutLine: {'line': b'-- Up-to-date: /home/jsagx-6/itc01_ws/install/yolobot_recognition/share/yolobot_recognition//scripts/utils/__pycache__/dataloaders.cpython-38.pyc\n'}
[2.093489] (yolobot_recognition) StdoutLine: {'line': b'-- Up-to-date: /home/jsagx-6/itc01_ws/install/yolobot_recognition/share/yolobot_recognition//scripts/utils/__pycache__/augmentations.cpython-310.pyc\n'}
[2.094719] (yolobot_recognition) StdoutLine: {'line': b'-- Up-to-date: /home/jsagx-6/itc01_ws/install/yolobot_recognition/share/yolobot_recognition//scripts/utils/__pycache__/autoanchor.cpython-310.pyc\n'}
[2.095278] (yolobot_recognition) StdoutLine: {'line': b'-- Up-to-date: /home/jsagx-6/itc01_ws/install/yolobot_recognition/share/yolobot_recognition//scripts/utils/autoanchor.py\n'}
[2.096061] (yolobot_recognition) StdoutLine: {'line': b'-- Up-to-date: /home/jsagx-6/itc01_ws/install/yolobot_recognition/share/yolobot_recognition//scripts/utils/activations.py\n'}
[2.096796] (yolobot_recognition) StdoutLine: {'line': b'-- Up-to-date: /home/jsagx-6/itc01_ws/install/yolobot_recognition/share/yolobot_recognition//scripts/utils/aws\n'}
[2.097860] (yolobot_recognition) StdoutLine: {'line': b'-- Up-to-date: /home/jsagx-6/itc01_ws/install/yolobot_recognition/share/yolobot_recognition//scripts/utils/aws/resume.py\n'}
[2.098574] (yolobot_recognition) StdoutLine: {'line': b'-- Up-to-date: /home/jsagx-6/itc01_ws/install/yolobot_recognition/share/yolobot_recognition//scripts/utils/aws/__init__.py\n'}
[2.101310] (yolobot_recognition) StdoutLine: {'line': b'-- Up-to-date: /home/jsagx-6/itc01_ws/install/yolobot_recognition/share/yolobot_recognition//scripts/utils/aws/mime.sh\n'}
[2.102254] (yolobot_recognition) StdoutLine: {'line': b'-- Up-to-date: /home/jsagx-6/itc01_ws/install/yolobot_recognition/share/yolobot_recognition//scripts/utils/aws/userdata.sh\n'}
[2.103833] (yolobot_recognition) StdoutLine: {'line': b'-- Up-to-date: /home/jsagx-6/itc01_ws/install/yolobot_recognition/share/yolobot_recognition//scripts/utils/autobatch.py\n'}
[2.105882] (yolobot_recognition) StdoutLine: {'line': b'-- Up-to-date: /home/jsagx-6/itc01_ws/install/yolobot_recognition/share/yolobot_recognition//scripts/utils/callbacks.py\n'}
[2.108417] (yolobot_recognition) StdoutLine: {'line': b'-- Up-to-date: /home/jsagx-6/itc01_ws/install/yolobot_recognition/share/yolobot_recognition//scripts/utils/downloads.py\n'}
[2.109337] (yolobot_recognition) StdoutLine: {'line': b'-- Up-to-date: /home/jsagx-6/itc01_ws/install/yolobot_recognition/share/yolobot_recognition//scripts/utils/docker\n'}
[2.112538] (yolobot_recognition) StdoutLine: {'line': b'-- Up-to-date: /home/jsagx-6/itc01_ws/install/yolobot_recognition/share/yolobot_recognition//scripts/utils/docker/Dockerfile-arm64\n'}
[2.113479] (yolobot_recognition) StdoutLine: {'line': b'-- Up-to-date: /home/jsagx-6/itc01_ws/install/yolobot_recognition/share/yolobot_recognition//scripts/utils/docker/Dockerfile\n'}
[2.113966] (yolobot_recognition) StdoutLine: {'line': b'-- Up-to-date: /home/jsagx-6/itc01_ws/install/yolobot_recognition/share/yolobot_recognition//scripts/utils/docker/Dockerfile-cpu\n'}
[2.115039] (yolobot_recognition) StdoutLine: {'line': b'-- Up-to-date: /home/jsagx-6/itc01_ws/install/yolobot_recognition/share/yolobot_recognition//scripts/utils/loss.py\n'}
[2.117028] (yolobot_recognition) StdoutLine: {'line': b'-- Up-to-date: /home/jsagx-6/itc01_ws/install/yolobot_recognition/share/yolobot_recognition//scripts/utils/loggers\n'}
[2.117594] (yolobot_recognition) StdoutLine: {'line': b'-- Up-to-date: /home/jsagx-6/itc01_ws/install/yolobot_recognition/share/yolobot_recognition//scripts/utils/loggers/__init__.py\n'}
[2.118555] (yolobot_recognition) StdoutLine: {'line': b'-- Up-to-date: /home/jsagx-6/itc01_ws/install/yolobot_recognition/share/yolobot_recognition//scripts/utils/loggers/__pycache__\n'}
[2.119253] (yolobot_recognition) StdoutLine: {'line': b'-- Up-to-date: /home/jsagx-6/itc01_ws/install/yolobot_recognition/share/yolobot_recognition//scripts/utils/loggers/__pycache__/__init__.cpython-310.pyc\n'}
[2.121244] (yolobot_recognition) StdoutLine: {'line': b'-- Up-to-date: /home/jsagx-6/itc01_ws/install/yolobot_recognition/share/yolobot_recognition//scripts/utils/loggers/comet\n'}
[2.121701] (yolobot_recognition) StdoutLine: {'line': b'-- Up-to-date: /home/jsagx-6/itc01_ws/install/yolobot_recognition/share/yolobot_recognition//scripts/utils/loggers/comet/comet_utils.py\n'}
[2.122372] (yolobot_recognition) StdoutLine: {'line': b'-- Up-to-date: /home/jsagx-6/itc01_ws/install/yolobot_recognition/share/yolobot_recognition//scripts/utils/loggers/comet/README.md\n'}
[2.123470] (yolobot_recognition) StdoutLine: {'line': b'-- Up-to-date: /home/jsagx-6/itc01_ws/install/yolobot_recognition/share/yolobot_recognition//scripts/utils/loggers/comet/__init__.py\n'}
[2.124097] (yolobot_recognition) StdoutLine: {'line': b'-- Up-to-date: /home/jsagx-6/itc01_ws/install/yolobot_recognition/share/yolobot_recognition//scripts/utils/loggers/comet/hpo.py\n'}
[2.126214] (yolobot_recognition) StdoutLine: {'line': b'-- Up-to-date: /home/jsagx-6/itc01_ws/install/yolobot_recognition/share/yolobot_recognition//scripts/utils/loggers/comet/optimizer_config.json\n'}
[2.126898] (yolobot_recognition) StdoutLine: {'line': b'-- Up-to-date: /home/jsagx-6/itc01_ws/install/yolobot_recognition/share/yolobot_recognition//scripts/utils/loggers/clearml\n'}
[2.127919] (yolobot_recognition) StdoutLine: {'line': b'-- Up-to-date: /home/jsagx-6/itc01_ws/install/yolobot_recognition/share/yolobot_recognition//scripts/utils/loggers/clearml/README.md\n'}
[2.128356] (yolobot_recognition) StdoutLine: {'line': b'-- Up-to-date: /home/jsagx-6/itc01_ws/install/yolobot_recognition/share/yolobot_recognition//scripts/utils/loggers/clearml/__init__.py\n'}
[2.130249] (yolobot_recognition) StdoutLine: {'line': b'-- Up-to-date: /home/jsagx-6/itc01_ws/install/yolobot_recognition/share/yolobot_recognition//scripts/utils/loggers/clearml/hpo.py\n'}
[2.132047] (yolobot_recognition) StdoutLine: {'line': b'-- Up-to-date: /home/jsagx-6/itc01_ws/install/yolobot_recognition/share/yolobot_recognition//scripts/utils/loggers/clearml/clearml_utils.py\n'}
[2.132633] (yolobot_recognition) StdoutLine: {'line': b'-- Up-to-date: /home/jsagx-6/itc01_ws/install/yolobot_recognition/share/yolobot_recognition//scripts/utils/loggers/wandb\n'}
[2.133073] (-) TimerEvent: {}
[2.133532] (yolobot_recognition) StdoutLine: {'line': b'-- Up-to-date: /home/jsagx-6/itc01_ws/install/yolobot_recognition/share/yolobot_recognition//scripts/utils/loggers/wandb/wandb_utils.py\n'}
[2.134104] (yolobot_recognition) StdoutLine: {'line': b'-- Up-to-date: /home/jsagx-6/itc01_ws/install/yolobot_recognition/share/yolobot_recognition//scripts/utils/loggers/wandb/__init__.py\n'}
[2.134756] (yolobot_recognition) StdoutLine: {'line': b'-- Up-to-date: /home/jsagx-6/itc01_ws/install/yolobot_recognition/share/yolobot_recognition//scripts/utils/torch_utils.py\n'}
[2.140688] (yolobot_recognition) StdoutLine: {'line': b'-- Up-to-date: /home/jsagx-6/itc01_ws/install/yolobot_recognition/share/yolobot_recognition//scripts/utils/google_app_engine\n'}
[2.142462] (yolobot_recognition) StdoutLine: {'line': b'-- Up-to-date: /home/jsagx-6/itc01_ws/install/yolobot_recognition/share/yolobot_recognition//scripts/utils/google_app_engine/additional_requirements.txt\n'}
[2.148049] (yolobot_recognition) StdoutLine: {'line': b'-- Up-to-date: /home/jsagx-6/itc01_ws/install/yolobot_recognition/share/yolobot_recognition//scripts/utils/google_app_engine/Dockerfile\n'}
[2.148529] (yolobot_recognition) StdoutLine: {'line': b'-- Up-to-date: /home/jsagx-6/itc01_ws/install/yolobot_recognition/share/yolobot_recognition//scripts/utils/google_app_engine/app.yaml\n'}
[2.148905] (yolobot_recognition) StdoutLine: {'line': b'-- Up-to-date: /home/jsagx-6/itc01_ws/install/yolobot_recognition/share/yolobot_recognition//scripts/utils/triton.py\n'}
[2.149216] (yolobot_recognition) StdoutLine: {'line': b'-- Up-to-date: /home/jsagx-6/itc01_ws/install/yolobot_recognition/share/yolobot_recognition//scripts/webcam_pub.py\n'}
[2.149524] (yolobot_recognition) StdoutLine: {'line': b'-- Up-to-date: /home/jsagx-6/itc01_ws/install/yolobot_recognition/share/yolobot_recognition//scripts/benchmarks.py\n'}
[2.149860] (yolobot_recognition) StdoutLine: {'line': b'-- Up-to-date: /home/jsagx-6/itc01_ws/install/yolobot_recognition/share/yolobot_recognition//scripts/.gitattributes\n'}
[2.150151] (yolobot_recognition) StdoutLine: {'line': b'-- Up-to-date: /home/jsagx-6/itc01_ws/install/yolobot_recognition/share/yolobot_recognition//scripts/ros_yolo_sub.py\n'}
[2.150472] (yolobot_recognition) StdoutLine: {'line': b'-- Up-to-date: /home/jsagx-6/itc01_ws/install/yolobot_recognition/lib/yolobot_recognition/ros_recognition_yolo.py\n'}
[2.150869] (yolobot_recognition) StdoutLine: {'line': b'-- Up-to-date: /home/jsagx-6/itc01_ws/install/yolobot_recognition/lib/yolobot_recognition/yolov5_detection.py\n'}
[2.151211] (yolobot_recognition) StdoutLine: {'line': b'-- Up-to-date: /home/jsagx-6/itc01_ws/install/yolobot_recognition/lib/yolobot_recognition/webcam_pub.py\n'}
[2.151471] (yolobot_recognition) StdoutLine: {'line': b'-- Up-to-date: /home/jsagx-6/itc01_ws/install/yolobot_recognition/lib/yolobot_recognition/ros_yolo_sub.py\n'}
[2.151718] (yolobot_recognition) StdoutLine: {'line': b'-- Up-to-date: /home/jsagx-6/itc01_ws/install/yolobot_recognition/share/ament_index/resource_index/package_run_dependencies/yolobot_recognition\n'}
[2.152030] (yolobot_recognition) StdoutLine: {'line': b'-- Up-to-date: /home/jsagx-6/itc01_ws/install/yolobot_recognition/share/ament_index/resource_index/parent_prefix_path/yolobot_recognition\n'}
[2.152339] (yolobot_recognition) StdoutLine: {'line': b'-- Up-to-date: /home/jsagx-6/itc01_ws/install/yolobot_recognition/share/yolobot_recognition/environment/ament_prefix_path.sh\n'}
[2.152594] (yolobot_recognition) StdoutLine: {'line': b'-- Up-to-date: /home/jsagx-6/itc01_ws/install/yolobot_recognition/share/yolobot_recognition/environment/ament_prefix_path.dsv\n'}
[2.152848] (yolobot_recognition) StdoutLine: {'line': b'-- Up-to-date: /home/jsagx-6/itc01_ws/install/yolobot_recognition/share/yolobot_recognition/environment/path.sh\n'}
[2.153124] (yolobot_recognition) StdoutLine: {'line': b'-- Up-to-date: /home/jsagx-6/itc01_ws/install/yolobot_recognition/share/yolobot_recognition/environment/path.dsv\n'}
[2.153424] (yolobot_recognition) StdoutLine: {'line': b'-- Up-to-date: /home/jsagx-6/itc01_ws/install/yolobot_recognition/share/yolobot_recognition/local_setup.bash\n'}
[2.153750] (yolobot_recognition) StdoutLine: {'line': b'-- Up-to-date: /home/jsagx-6/itc01_ws/install/yolobot_recognition/share/yolobot_recognition/local_setup.sh\n'}
[2.154005] (yolobot_recognition) StdoutLine: {'line': b'-- Up-to-date: /home/jsagx-6/itc01_ws/install/yolobot_recognition/share/yolobot_recognition/local_setup.zsh\n'}
[2.154310] (yolobot_recognition) StdoutLine: {'line': b'-- Up-to-date: /home/jsagx-6/itc01_ws/install/yolobot_recognition/share/yolobot_recognition/local_setup.dsv\n'}
[2.154671] (yolobot_recognition) StdoutLine: {'line': b'-- Installing: /home/jsagx-6/itc01_ws/install/yolobot_recognition/share/yolobot_recognition/package.dsv\n'}
[2.154983] (yolobot_recognition) StdoutLine: {'line': b'-- Up-to-date: /home/jsagx-6/itc01_ws/install/yolobot_recognition/share/ament_index/resource_index/packages/yolobot_recognition\n'}
[2.155257] (yolobot_recognition) StdoutLine: {'line': b'-- Up-to-date: /home/jsagx-6/itc01_ws/install/yolobot_recognition/share/yolobot_recognition/cmake/yolobot_recognitionConfig.cmake\n'}
[2.155550] (yolobot_recognition) StdoutLine: {'line': b'-- Up-to-date: /home/jsagx-6/itc01_ws/install/yolobot_recognition/share/yolobot_recognition/cmake/yolobot_recognitionConfig-version.cmake\n'}
[2.155820] (yolobot_recognition) StdoutLine: {'line': b'-- Up-to-date: /home/jsagx-6/itc01_ws/install/yolobot_recognition/share/yolobot_recognition/package.xml\n'}
[2.156107] (yolobot_recognition) CommandEnded: {'returncode': 0}
[2.158241] (yolov8_msgs) StdoutLine: {'line': b'[ 74%] Built target yolov8_msgs__rosidl_typesupport_fastrtps_c\n'}
[2.188916] (yolov8_msgs) StdoutLine: {'line': b'[ 74%] Built target yolov8_msgs\n'}
[2.233393] (-) TimerEvent: {}
[2.241901] (yolobot_recognition) JobEnded: {'identifier': 'yolobot_recognition', 'rc': 0}
[2.269070] (yolov8_msgs) StdoutLine: {'line': b'[ 76%] Built target yolov8_msgs__py\n'}
[2.333597] (-) TimerEvent: {}
[2.369269] (yolov8_msgs) StdoutLine: {'line': b'[ 84%] Built target yolov8_msgs__python\n'}
[2.433796] (-) TimerEvent: {}
[2.463806] (yolov8_msgs) StdoutLine: {'line': b'[ 94%] Built target yolov8_msgs__rosidl_typesupport_introspection_c__pyext\n'}
[2.464389] (yolov8_msgs) StdoutLine: {'line': b'[ 94%] Built target yolov8_msgs__rosidl_typesupport_c__pyext\n'}
[2.464987] (yolov8_msgs) StdoutLine: {'line': b'[100%] Built target yolov8_msgs__rosidl_typesupport_fastrtps_c__pyext\n'}
[2.510971] (yolov8_msgs) CommandEnded: {'returncode': 0}
[2.534077] (-) TimerEvent: {}
[2.635571] (-) TimerEvent: {}
[2.729640] (yolov8_msgs) JobProgress: {'identifier': 'yolov8_msgs', 'progress': 'install'}
[2.731091] (yolov8_msgs) Command: {'cmd': ['/usr/bin/cmake', '--install', '/home/jsagx-6/itc01_ws/build/yolov8_msgs'], 'cwd': '/home/jsagx-6/itc01_ws/build/yolov8_msgs', 'env': OrderedDict([('USER', 'jsagx-6'), ('SSH_CLIENT', '192.168.77.215 53580 22'), ('LC_TIME', 'km_KH'), ('XDG_SESSION_TYPE', 'tty'), ('SHLVL', '1'), ('LD_LIBRARY_PATH', '/opt/ros/foxy/opt/yaml_cpp_vendor/lib:/opt/ros/foxy/lib/aarch64-linux-gnu:/opt/ros/foxy/lib:/home/jsagx-6/itc01_ws/install/yolov8_msgs/lib'), ('MOTD_SHOWN', 'pam'), ('HOME', '/home/jsagx-6'), ('OLDPWD', '/home/jsagx-6'), ('SSH_TTY', '/dev/pts/0'), ('JETSON_L4T', '35.5.0'), ('ROS_PYTHON_VERSION', '3'), ('JETSON_MODEL', 'Jetson-AGX'), ('LC_MONETARY', 'km_KH'), ('DBUS_SESSION_BUS_ADDRESS', 'unix:path=/run/user/1000/bus'), ('COLCON_PREFIX_PATH', '/home/jsagx-6/itc01_ws/install'), ('ROS_DISTRO', 'foxy'), ('LOGNAME', 'jsagx-6'), ('JETSON_MODULE', 'NVIDIA Jetson AGX Xavier (32 GB ram)'), ('JETSON_SERIAL_NUMBER', '1561221004404'), ('_', '/usr/bin/colcon'), ('ROS_VERSION', '2'), ('JETSON_CODENAME', 'Galen'), ('XDG_SESSION_CLASS', 'user'), ('TERM', 'xterm-256color'), ('XDG_SESSION_ID', '5'), ('ROS_LOCALHOST_ONLY', '0'), ('PATH', '/opt/ros/foxy/bin:/usr/local/sbin:/usr/local/bin:/usr/sbin:/usr/bin:/sbin:/bin:/usr/games:/usr/local/games:/snap/bin'), ('LC_ADDRESS', 'km_KH'), ('XDG_RUNTIME_DIR', '/run/user/1000'), ('LANG', 'en_US.UTF-8'), ('LC_TELEPHONE', 'km_KH'), ('JETSON_SOC', 'tegra194'), ('AMENT_PREFIX_PATH', '/opt/ros/foxy:/home/jsagx-6/itc01_ws/install/yolov8_msgs:/home/jsagx-6/itc01_ws/install/yolobot_recognition:/home/jsagx-6/itc01_ws/install/mr2_realsense:/home/jsagx-6/itc01_ws/install/buffalo_robot'), ('SHELL', '/bin/bash'), ('LC_NAME', 'km_KH'), ('LC_MEASUREMENT', 'km_KH'), ('LC_IDENTIFICATION', 'km_KH'), ('JETSON_CUDA_ARCH_BIN', '7.2'), ('PWD', '/home/jsagx-6/itc01_ws/build/yolov8_msgs'), ('LC_ALL', 'en_US.UTF-8'), ('SSH_CONNECTION', '192.168.77.215 53580 192.168.77.206 22'), ('XDG_DATA_DIRS', '/usr/local/share:/usr/share:/var/lib/snapd/desktop'), ('PYTHONPATH', '/opt/ros/foxy/lib/python3.8/site-packages:/home/jsagx-6/itc01_ws/install/yolov8_msgs/lib/python3.8/site-packages:/home/jsagx-6/itc01_ws/install/mr2_realsense/lib/python3.8/site-packages:/home/jsagx-6/itc01_ws/install/buffalo_robot/lib/python3.8/site-packages'), ('LC_NUMERIC', 'km_KH'), ('LC_PAPER', 'km_KH'), ('COLCON', '1'), ('JETSON_JETPACK', '5.1.3'), ('CMAKE_PREFIX_PATH', '/opt/ros/foxy:/home/jsagx-6/itc01_ws/install/yolov8_msgs:/home/jsagx-6/itc01_ws/install/yolobot_recognition:/home/jsagx-6/itc01_ws/install/mr2_realsense:/home/jsagx-6/itc01_ws/install/buffalo_robot'), ('JETSON_P_NUMBER', 'p2888-0004')]), 'shell': False}
[2.740128] (-) TimerEvent: {}
[2.770145] (yolov8_msgs) StdoutLine: {'line': b'-- Install configuration: ""\n'}
[2.771410] (yolov8_msgs) StdoutLine: {'line': b'-- Up-to-date: /home/jsagx-6/itc01_ws/install/yolov8_msgs/share/ament_index/resource_index/rosidl_interfaces/yolov8_msgs\n'}
[2.772259] (yolov8_msgs) StdoutLine: {'line': b'-- Up-to-date: /home/jsagx-6/itc01_ws/install/yolov8_msgs/include/yolov8_msgs\n'}
[2.772914] (yolov8_msgs) StdoutLine: {'line': b'-- Up-to-date: /home/jsagx-6/itc01_ws/install/yolov8_msgs/include/yolov8_msgs/msg\n'}
[2.774142] (yolov8_msgs) StdoutLine: {'line': b'-- Up-to-date: /home/jsagx-6/itc01_ws/install/yolov8_msgs/include/yolov8_msgs/msg/yolov8_inference.h\n'}
[2.774863] (yolov8_msgs) StdoutLine: {'line': b'-- Up-to-date: /home/jsagx-6/itc01_ws/install/yolov8_msgs/include/yolov8_msgs/msg/detail\n'}
[2.775276] (yolov8_msgs) StdoutLine: {'line': b'-- Up-to-date: /home/jsagx-6/itc01_ws/install/yolov8_msgs/include/yolov8_msgs/msg/detail/inference_result__functions.c\n'}
[2.775609] (yolov8_msgs) StdoutLine: {'line': b'-- Up-to-date: /home/jsagx-6/itc01_ws/install/yolov8_msgs/include/yolov8_msgs/msg/detail/inference_result__type_support.h\n'}
[2.775885] (yolov8_msgs) StdoutLine: {'line': b'-- Up-to-date: /home/jsagx-6/itc01_ws/install/yolov8_msgs/include/yolov8_msgs/msg/detail/yolov8_inference__functions.h\n'}
[2.776186] (yolov8_msgs) StdoutLine: {'line': b'-- Up-to-date: /home/jsagx-6/itc01_ws/install/yolov8_msgs/include/yolov8_msgs/msg/detail/yolov8_inference__type_support.h\n'}
[2.776486] (yolov8_msgs) StdoutLine: {'line': b'-- Up-to-date: /home/jsagx-6/itc01_ws/install/yolov8_msgs/include/yolov8_msgs/msg/detail/yolov8_inference__struct.h\n'}
[2.776774] (yolov8_msgs) StdoutLine: {'line': b'-- Up-to-date: /home/jsagx-6/itc01_ws/install/yolov8_msgs/include/yolov8_msgs/msg/detail/yolov8_inference__functions.c\n'}
[2.777178] (yolov8_msgs) StdoutLine: {'line': b'-- Up-to-date: /home/jsagx-6/itc01_ws/install/yolov8_msgs/include/yolov8_msgs/msg/detail/inference_result__functions.h\n'}
[2.777437] (yolov8_msgs) StdoutLine: {'line': b'-- Up-to-date: /home/jsagx-6/itc01_ws/install/yolov8_msgs/include/yolov8_msgs/msg/detail/inference_result__struct.h\n'}
[2.777740] (yolov8_msgs) StdoutLine: {'line': b'-- Up-to-date: /home/jsagx-6/itc01_ws/install/yolov8_msgs/include/yolov8_msgs/msg/rosidl_generator_c__visibility_control.h\n'}
[2.778000] (yolov8_msgs) StdoutLine: {'line': b'-- Up-to-date: /home/jsagx-6/itc01_ws/install/yolov8_msgs/include/yolov8_msgs/msg/inference_result.h\n'}
[2.778886] (yolov8_msgs) StdoutLine: {'line': b'-- Up-to-date: /home/jsagx-6/itc01_ws/install/yolov8_msgs/share/yolov8_msgs/environment/library_path.sh\n'}
[2.779572] (yolov8_msgs) StdoutLine: {'line': b'-- Up-to-date: /home/jsagx-6/itc01_ws/install/yolov8_msgs/share/yolov8_msgs/environment/library_path.dsv\n'}
[2.779874] (yolov8_msgs) StdoutLine: {'line': b'-- Up-to-date: /home/jsagx-6/itc01_ws/install/yolov8_msgs/lib/libyolov8_msgs__rosidl_generator_c.so\n'}
[2.780148] (yolov8_msgs) StdoutLine: {'line': b'-- Up-to-date: /home/jsagx-6/itc01_ws/install/yolov8_msgs/include/yolov8_msgs\n'}
[2.780414] (yolov8_msgs) StdoutLine: {'line': b'-- Up-to-date: /home/jsagx-6/itc01_ws/install/yolov8_msgs/include/yolov8_msgs/msg\n'}
[2.780687] (yolov8_msgs) StdoutLine: {'line': b'-- Up-to-date: /home/jsagx-6/itc01_ws/install/yolov8_msgs/include/yolov8_msgs/msg/detail\n'}
[2.781043] (yolov8_msgs) StdoutLine: {'line': b'-- Up-to-date: /home/jsagx-6/itc01_ws/install/yolov8_msgs/include/yolov8_msgs/msg/detail/yolov8_inference__rosidl_typesupport_fastrtps_c.h\n'}
[2.781328] (yolov8_msgs) StdoutLine: {'line': b'-- Up-to-date: /home/jsagx-6/itc01_ws/install/yolov8_msgs/include/yolov8_msgs/msg/detail/inference_result__rosidl_typesupport_fastrtps_c.h\n'}
[2.781860] (yolov8_msgs) StdoutLine: {'line': b'-- Up-to-date: /home/jsagx-6/itc01_ws/install/yolov8_msgs/include/yolov8_msgs/msg/rosidl_typesupport_fastrtps_c__visibility_control.h\n'}
[2.782124] (yolov8_msgs) StdoutLine: {'line': b'-- Up-to-date: /home/jsagx-6/itc01_ws/install/yolov8_msgs/lib/libyolov8_msgs__rosidl_typesupport_fastrtps_c.so\n'}
[2.783128] (yolov8_msgs) StdoutLine: {'line': b'-- Up-to-date: /home/jsagx-6/itc01_ws/install/yolov8_msgs/include/yolov8_msgs\n'}
[2.784261] (yolov8_msgs) StdoutLine: {'line': b'-- Up-to-date: /home/jsagx-6/itc01_ws/install/yolov8_msgs/include/yolov8_msgs/msg\n'}
[2.784598] (yolov8_msgs) StdoutLine: {'line': b'-- Up-to-date: /home/jsagx-6/itc01_ws/install/yolov8_msgs/include/yolov8_msgs/msg/rosidl_typesupport_fastrtps_cpp__visibility_control.h\n'}
[2.784902] (yolov8_msgs) StdoutLine: {'line': b'-- Up-to-date: /home/jsagx-6/itc01_ws/install/yolov8_msgs/include/yolov8_msgs/msg/detail\n'}
[2.785164] (yolov8_msgs) StdoutLine: {'line': b'-- Up-to-date: /home/jsagx-6/itc01_ws/install/yolov8_msgs/include/yolov8_msgs/msg/detail/yolov8_inference__rosidl_typesupport_fastrtps_cpp.hpp\n'}
[2.785455] (yolov8_msgs) StdoutLine: {'line': b'-- Up-to-date: /home/jsagx-6/itc01_ws/install/yolov8_msgs/include/yolov8_msgs/msg/detail/inference_result__rosidl_typesupport_fastrtps_cpp.hpp\n'}
[2.785809] (yolov8_msgs) StdoutLine: {'line': b'-- Up-to-date: /home/jsagx-6/itc01_ws/install/yolov8_msgs/include/yolov8_msgs/msg/detail/dds_fastrtps\n'}
[2.786347] (yolov8_msgs) StdoutLine: {'line': b'-- Up-to-date: /home/jsagx-6/itc01_ws/install/yolov8_msgs/lib/libyolov8_msgs__rosidl_typesupport_fastrtps_cpp.so\n'}
[2.787454] (yolov8_msgs) StdoutLine: {'line': b'-- Up-to-date: /home/jsagx-6/itc01_ws/install/yolov8_msgs/include/yolov8_msgs\n'}
[2.788376] (yolov8_msgs) StdoutLine: {'line': b'-- Up-to-date: /home/jsagx-6/itc01_ws/install/yolov8_msgs/include/yolov8_msgs/msg\n'}
[2.788844] (yolov8_msgs) StdoutLine: {'line': b'-- Up-to-date: /home/jsagx-6/itc01_ws/install/yolov8_msgs/include/yolov8_msgs/msg/detail\n'}
[2.789149] (yolov8_msgs) StdoutLine: {'line': b'-- Up-to-date: /home/jsagx-6/itc01_ws/install/yolov8_msgs/include/yolov8_msgs/msg/detail/inference_result__rosidl_typesupport_introspection_c.h\n'}
[2.789440] (yolov8_msgs) StdoutLine: {'line': b'-- Up-to-date: /home/jsagx-6/itc01_ws/install/yolov8_msgs/include/yolov8_msgs/msg/detail/yolov8_inference__type_support.c\n'}
[2.789702] (yolov8_msgs) StdoutLine: {'line': b'-- Up-to-date: /home/jsagx-6/itc01_ws/install/yolov8_msgs/include/yolov8_msgs/msg/detail/inference_result__type_support.c\n'}
[2.790186] (yolov8_msgs) StdoutLine: {'line': b'-- Up-to-date: /home/jsagx-6/itc01_ws/install/yolov8_msgs/include/yolov8_msgs/msg/detail/yolov8_inference__rosidl_typesupport_introspection_c.h\n'}
[2.790488] (yolov8_msgs) StdoutLine: {'line': b'-- Up-to-date: /home/jsagx-6/itc01_ws/install/yolov8_msgs/include/yolov8_msgs/msg/rosidl_typesupport_introspection_c__visibility_control.h\n'}
[2.790865] (yolov8_msgs) StdoutLine: {'line': b'-- Up-to-date: /home/jsagx-6/itc01_ws/install/yolov8_msgs/lib/libyolov8_msgs__rosidl_typesupport_introspection_c.so\n'}
[2.792494] (yolov8_msgs) StdoutLine: {'line': b'-- Up-to-date: /home/jsagx-6/itc01_ws/install/yolov8_msgs/lib/libyolov8_msgs__rosidl_typesupport_c.so\n'}
[2.793716] (yolov8_msgs) StdoutLine: {'line': b'-- Up-to-date: /home/jsagx-6/itc01_ws/install/yolov8_msgs/include/yolov8_msgs\n'}
[2.794981] (yolov8_msgs) StdoutLine: {'line': b'-- Up-to-date: /home/jsagx-6/itc01_ws/install/yolov8_msgs/include/yolov8_msgs/msg\n'}
[2.795831] (yolov8_msgs) StdoutLine: {'line': b'-- Up-to-date: /home/jsagx-6/itc01_ws/install/yolov8_msgs/include/yolov8_msgs/msg/detail\n'}
[2.796949] (yolov8_msgs) StdoutLine: {'line': b'-- Up-to-date: /home/jsagx-6/itc01_ws/install/yolov8_msgs/include/yolov8_msgs/msg/detail/inference_result__type_support.hpp\n'}
[2.797349] (yolov8_msgs) StdoutLine: {'line': b'-- Up-to-date: /home/jsagx-6/itc01_ws/install/yolov8_msgs/include/yolov8_msgs/msg/detail/inference_result__struct.hpp\n'}
[2.797661] (yolov8_msgs) StdoutLine: {'line': b'-- Up-to-date: /home/jsagx-6/itc01_ws/install/yolov8_msgs/include/yolov8_msgs/msg/detail/yolov8_inference__traits.hpp\n'}
[2.797961] (yolov8_msgs) StdoutLine: {'line': b'-- Up-to-date: /home/jsagx-6/itc01_ws/install/yolov8_msgs/include/yolov8_msgs/msg/detail/yolov8_inference__builder.hpp\n'}
[2.798251] (yolov8_msgs) StdoutLine: {'line': b'-- Up-to-date: /home/jsagx-6/itc01_ws/install/yolov8_msgs/include/yolov8_msgs/msg/detail/yolov8_inference__struct.hpp\n'}
[2.798542] (yolov8_msgs) StdoutLine: {'line': b'-- Up-to-date: /home/jsagx-6/itc01_ws/install/yolov8_msgs/include/yolov8_msgs/msg/detail/yolov8_inference__type_support.hpp\n'}
[2.799105] (yolov8_msgs) StdoutLine: {'line': b'-- Up-to-date: /home/jsagx-6/itc01_ws/install/yolov8_msgs/include/yolov8_msgs/msg/detail/inference_result__builder.hpp\n'}
[2.799390] (yolov8_msgs) StdoutLine: {'line': b'-- Up-to-date: /home/jsagx-6/itc01_ws/install/yolov8_msgs/include/yolov8_msgs/msg/detail/inference_result__traits.hpp\n'}
[2.799701] (yolov8_msgs) StdoutLine: {'line': b'-- Up-to-date: /home/jsagx-6/itc01_ws/install/yolov8_msgs/include/yolov8_msgs/msg/yolov8_inference.hpp\n'}
[2.799991] (yolov8_msgs) StdoutLine: {'line': b'-- Up-to-date: /home/jsagx-6/itc01_ws/install/yolov8_msgs/include/yolov8_msgs/msg/rosidl_generator_cpp__visibility_control.hpp\n'}
[2.800324] (yolov8_msgs) StdoutLine: {'line': b'-- Up-to-date: /home/jsagx-6/itc01_ws/install/yolov8_msgs/include/yolov8_msgs/msg/inference_result.hpp\n'}
[2.800610] (yolov8_msgs) StdoutLine: {'line': b'-- Up-to-date: /home/jsagx-6/itc01_ws/install/yolov8_msgs/include/yolov8_msgs\n'}
[2.800873] (yolov8_msgs) StdoutLine: {'line': b'-- Up-to-date: /home/jsagx-6/itc01_ws/install/yolov8_msgs/include/yolov8_msgs/msg\n'}
[2.801152] (yolov8_msgs) StdoutLine: {'line': b'-- Up-to-date: /home/jsagx-6/itc01_ws/install/yolov8_msgs/include/yolov8_msgs/msg/detail\n'}
[2.801565] (yolov8_msgs) StdoutLine: {'line': b'-- Up-to-date: /home/jsagx-6/itc01_ws/install/yolov8_msgs/include/yolov8_msgs/msg/detail/inference_result__rosidl_typesupport_introspection_cpp.hpp\n'}
[2.801878] (yolov8_msgs) StdoutLine: {'line': b'-- Up-to-date: /home/jsagx-6/itc01_ws/install/yolov8_msgs/include/yolov8_msgs/msg/detail/yolov8_inference__rosidl_typesupport_introspection_cpp.hpp\n'}
[2.802159] (yolov8_msgs) StdoutLine: {'line': b'-- Up-to-date: /home/jsagx-6/itc01_ws/install/yolov8_msgs/include/yolov8_msgs/msg/detail/yolov8_inference__type_support.cpp\n'}
[2.802451] (yolov8_msgs) StdoutLine: {'line': b'-- Up-to-date: /home/jsagx-6/itc01_ws/install/yolov8_msgs/include/yolov8_msgs/msg/detail/inference_result__type_support.cpp\n'}
[2.803054] (yolov8_msgs) StdoutLine: {'line': b'-- Up-to-date: /home/jsagx-6/itc01_ws/install/yolov8_msgs/lib/libyolov8_msgs__rosidl_typesupport_introspection_cpp.so\n'}
[2.803475] (yolov8_msgs) StdoutLine: {'line': b'-- Up-to-date: /home/jsagx-6/itc01_ws/install/yolov8_msgs/lib/libyolov8_msgs__rosidl_typesupport_cpp.so\n'}
[2.803934] (yolov8_msgs) StdoutLine: {'line': b'-- Up-to-date: /home/jsagx-6/itc01_ws/install/yolov8_msgs/share/yolov8_msgs/environment/pythonpath.sh\n'}
[2.804280] (yolov8_msgs) StdoutLine: {'line': b'-- Up-to-date: /home/jsagx-6/itc01_ws/install/yolov8_msgs/share/yolov8_msgs/environment/pythonpath.dsv\n'}
[2.804585] (yolov8_msgs) StdoutLine: {'line': b'-- Up-to-date: /home/jsagx-6/itc01_ws/install/yolov8_msgs/lib/python3.8/site-packages/yolov8_msgs/__init__.py\n'}
[2.840245] (-) TimerEvent: {}
[2.931222] (yolov8_msgs) StdoutLine: {'line': b'-- Up-to-date: /home/jsagx-6/itc01_ws/install/yolov8_msgs/lib/python3.8/site-packages/yolov8_msgs/msg\n'}
[2.932003] (yolov8_msgs) StdoutLine: {'line': b'-- Up-to-date: /home/jsagx-6/itc01_ws/install/yolov8_msgs/lib/python3.8/site-packages/yolov8_msgs/msg/_inference_result.py\n'}
[2.932452] (yolov8_msgs) StdoutLine: {'line': b'-- Up-to-date: /home/jsagx-6/itc01_ws/install/yolov8_msgs/lib/python3.8/site-packages/yolov8_msgs/msg/__init__.py\n'}
[2.932752] (yolov8_msgs) StdoutLine: {'line': b'-- Up-to-date: /home/jsagx-6/itc01_ws/install/yolov8_msgs/lib/python3.8/site-packages/yolov8_msgs/msg/_yolov8_inference_s.c\n'}
[2.933015] (yolov8_msgs) StdoutLine: {'line': b'-- Up-to-date: /home/jsagx-6/itc01_ws/install/yolov8_msgs/lib/python3.8/site-packages/yolov8_msgs/msg/_yolov8_inference.py\n'}
[2.933265] (yolov8_msgs) StdoutLine: {'line': b'-- Up-to-date: /home/jsagx-6/itc01_ws/install/yolov8_msgs/lib/python3.8/site-packages/yolov8_msgs/msg/_inference_result_s.c\n'}
[2.934169] (yolov8_msgs) StdoutLine: {'line': b'-- Up-to-date: /home/jsagx-6/itc01_ws/install/yolov8_msgs/lib/python3.8/site-packages/yolov8_msgs/yolov8_msgs_s__rosidl_typesupport_fastrtps_c.cpython-38-aarch64-linux-gnu.so\n'}
[2.937189] (yolov8_msgs) StdoutLine: {'line': b'-- Up-to-date: /home/jsagx-6/itc01_ws/install/yolov8_msgs/lib/python3.8/site-packages/yolov8_msgs/yolov8_msgs_s__rosidl_typesupport_introspection_c.cpython-38-aarch64-linux-gnu.so\n'}
[2.940181] (yolov8_msgs) StdoutLine: {'line': b'-- Up-to-date: /home/jsagx-6/itc01_ws/install/yolov8_msgs/lib/python3.8/site-packages/yolov8_msgs/yolov8_msgs_s__rosidl_typesupport_c.cpython-38-aarch64-linux-gnu.so\n'}
[2.940461] (-) TimerEvent: {}
[2.943219] (yolov8_msgs) StdoutLine: {'line': b'-- Up-to-date: /home/jsagx-6/itc01_ws/install/yolov8_msgs/lib/libyolov8_msgs__python.so\n'}
[2.945054] (yolov8_msgs) StdoutLine: {'line': b'-- Up-to-date: /home/jsagx-6/itc01_ws/install/yolov8_msgs/share/yolov8_msgs/msg/InferenceResult.idl\n'}
[2.945494] (yolov8_msgs) StdoutLine: {'line': b'-- Up-to-date: /home/jsagx-6/itc01_ws/install/yolov8_msgs/share/yolov8_msgs/msg/Yolov8Inference.idl\n'}
[2.945870] (yolov8_msgs) StdoutLine: {'line': b'-- Up-to-date: /home/jsagx-6/itc01_ws/install/yolov8_msgs/share/yolov8_msgs/msg/InferenceResult.msg\n'}
[2.946249] (yolov8_msgs) StdoutLine: {'line': b'-- Up-to-date: /home/jsagx-6/itc01_ws/install/yolov8_msgs/share/yolov8_msgs/msg/Yolov8Inference.msg\n'}
[2.946700] (yolov8_msgs) StdoutLine: {'line': b'-- Up-to-date: /home/jsagx-6/itc01_ws/install/yolov8_msgs/share/ament_index/resource_index/package_run_dependencies/yolov8_msgs\n'}
[2.947089] (yolov8_msgs) StdoutLine: {'line': b'-- Up-to-date: /home/jsagx-6/itc01_ws/install/yolov8_msgs/share/ament_index/resource_index/parent_prefix_path/yolov8_msgs\n'}
[2.947414] (yolov8_msgs) StdoutLine: {'line': b'-- Up-to-date: /home/jsagx-6/itc01_ws/install/yolov8_msgs/share/yolov8_msgs/environment/ament_prefix_path.sh\n'}
[2.947749] (yolov8_msgs) StdoutLine: {'line': b'-- Up-to-date: /home/jsagx-6/itc01_ws/install/yolov8_msgs/share/yolov8_msgs/environment/ament_prefix_path.dsv\n'}
[2.948129] (yolov8_msgs) StdoutLine: {'line': b'-- Up-to-date: /home/jsagx-6/itc01_ws/install/yolov8_msgs/share/yolov8_msgs/environment/path.sh\n'}
[2.948472] (yolov8_msgs) StdoutLine: {'line': b'-- Up-to-date: /home/jsagx-6/itc01_ws/install/yolov8_msgs/share/yolov8_msgs/environment/path.dsv\n'}
[2.948800] (yolov8_msgs) StdoutLine: {'line': b'-- Up-to-date: /home/jsagx-6/itc01_ws/install/yolov8_msgs/share/yolov8_msgs/local_setup.bash\n'}
[2.949133] (yolov8_msgs) StdoutLine: {'line': b'-- Up-to-date: /home/jsagx-6/itc01_ws/install/yolov8_msgs/share/yolov8_msgs/local_setup.sh\n'}
[2.949467] (yolov8_msgs) StdoutLine: {'line': b'-- Up-to-date: /home/jsagx-6/itc01_ws/install/yolov8_msgs/share/yolov8_msgs/local_setup.zsh\n'}
[2.949912] (yolov8_msgs) StdoutLine: {'line': b'-- Up-to-date: /home/jsagx-6/itc01_ws/install/yolov8_msgs/share/yolov8_msgs/local_setup.dsv\n'}
[2.950187] (yolov8_msgs) StdoutLine: {'line': b'-- Installing: /home/jsagx-6/itc01_ws/install/yolov8_msgs/share/yolov8_msgs/package.dsv\n'}
[2.951235] (yolov8_msgs) StdoutLine: {'line': b'-- Up-to-date: /home/jsagx-6/itc01_ws/install/yolov8_msgs/share/ament_index/resource_index/packages/yolov8_msgs\n'}
[2.953302] (yolov8_msgs) StdoutLine: {'line': b'-- Up-to-date: /home/jsagx-6/itc01_ws/install/yolov8_msgs/share/yolov8_msgs/cmake/yolov8_msgs__rosidl_generator_cExport.cmake\n'}
[2.953696] (yolov8_msgs) StdoutLine: {'line': b'-- Up-to-date: /home/jsagx-6/itc01_ws/install/yolov8_msgs/share/yolov8_msgs/cmake/yolov8_msgs__rosidl_generator_cExport-noconfig.cmake\n'}
[2.954933] (yolov8_msgs) StdoutLine: {'line': b'-- Up-to-date: /home/jsagx-6/itc01_ws/install/yolov8_msgs/share/yolov8_msgs/cmake/yolov8_msgs__rosidl_typesupport_introspection_cExport.cmake\n'}
[2.955317] (yolov8_msgs) StdoutLine: {'line': b'-- Up-to-date: /home/jsagx-6/itc01_ws/install/yolov8_msgs/share/yolov8_msgs/cmake/yolov8_msgs__rosidl_typesupport_introspection_cExport-noconfig.cmake\n'}
[2.956387] (yolov8_msgs) StdoutLine: {'line': b'-- Up-to-date: /home/jsagx-6/itc01_ws/install/yolov8_msgs/share/yolov8_msgs/cmake/yolov8_msgs__rosidl_typesupport_cExport.cmake\n'}
[2.956739] (yolov8_msgs) StdoutLine: {'line': b'-- Up-to-date: /home/jsagx-6/itc01_ws/install/yolov8_msgs/share/yolov8_msgs/cmake/yolov8_msgs__rosidl_typesupport_cExport-noconfig.cmake\n'}
[2.957812] (yolov8_msgs) StdoutLine: {'line': b'-- Up-to-date: /home/jsagx-6/itc01_ws/install/yolov8_msgs/share/yolov8_msgs/cmake/yolov8_msgs__rosidl_generator_cppExport.cmake\n'}
[2.959133] (yolov8_msgs) StdoutLine: {'line': b'-- Up-to-date: /home/jsagx-6/itc01_ws/install/yolov8_msgs/share/yolov8_msgs/cmake/yolov8_msgs__rosidl_typesupport_introspection_cppExport.cmake\n'}
[2.959577] (yolov8_msgs) StdoutLine: {'line': b'-- Up-to-date: /home/jsagx-6/itc01_ws/install/yolov8_msgs/share/yolov8_msgs/cmake/yolov8_msgs__rosidl_typesupport_introspection_cppExport-noconfig.cmake\n'}
[2.960663] (yolov8_msgs) StdoutLine: {'line': b'-- Up-to-date: /home/jsagx-6/itc01_ws/install/yolov8_msgs/share/yolov8_msgs/cmake/yolov8_msgs__rosidl_typesupport_cppExport.cmake\n'}
[2.961046] (yolov8_msgs) StdoutLine: {'line': b'-- Up-to-date: /home/jsagx-6/itc01_ws/install/yolov8_msgs/share/yolov8_msgs/cmake/yolov8_msgs__rosidl_typesupport_cppExport-noconfig.cmake\n'}
[2.961403] (yolov8_msgs) StdoutLine: {'line': b'-- Up-to-date: /home/jsagx-6/itc01_ws/install/yolov8_msgs/share/yolov8_msgs/cmake/rosidl_cmake-extras.cmake\n'}
[2.961759] (yolov8_msgs) StdoutLine: {'line': b'-- Up-to-date: /home/jsagx-6/itc01_ws/install/yolov8_msgs/share/yolov8_msgs/cmake/ament_cmake_export_dependencies-extras.cmake\n'}
[2.962086] (yolov8_msgs) StdoutLine: {'line': b'-- Up-to-date: /home/jsagx-6/itc01_ws/install/yolov8_msgs/share/yolov8_msgs/cmake/ament_cmake_export_libraries-extras.cmake\n'}
[2.962429] (yolov8_msgs) StdoutLine: {'line': b'-- Up-to-date: /home/jsagx-6/itc01_ws/install/yolov8_msgs/share/yolov8_msgs/cmake/ament_cmake_export_targets-extras.cmake\n'}
[2.962895] (yolov8_msgs) StdoutLine: {'line': b'-- Up-to-date: /home/jsagx-6/itc01_ws/install/yolov8_msgs/share/yolov8_msgs/cmake/ament_cmake_export_include_directories-extras.cmake\n'}
[2.963326] (yolov8_msgs) StdoutLine: {'line': b'-- Up-to-date: /home/jsagx-6/itc01_ws/install/yolov8_msgs/share/yolov8_msgs/cmake/rosidl_cmake_export_typesupport_libraries-extras.cmake\n'}
[2.963684] (yolov8_msgs) StdoutLine: {'line': b'-- Up-to-date: /home/jsagx-6/itc01_ws/install/yolov8_msgs/share/yolov8_msgs/cmake/rosidl_cmake_export_typesupport_targets-extras.cmake\n'}
[2.964014] (yolov8_msgs) StdoutLine: {'line': b'-- Up-to-date: /home/jsagx-6/itc01_ws/install/yolov8_msgs/share/yolov8_msgs/cmake/yolov8_msgsConfig.cmake\n'}
[2.964339] (yolov8_msgs) StdoutLine: {'line': b'-- Up-to-date: /home/jsagx-6/itc01_ws/install/yolov8_msgs/share/yolov8_msgs/cmake/yolov8_msgsConfig-version.cmake\n'}
[2.964588] (yolov8_msgs) StdoutLine: {'line': b'-- Up-to-date: /home/jsagx-6/itc01_ws/install/yolov8_msgs/share/yolov8_msgs/package.xml\n'}
[2.973352] (yolov8_msgs) CommandEnded: {'returncode': 0}
[3.041033] (-) TimerEvent: {}
[3.142668] (-) TimerEvent: {}
[3.243448] (-) TimerEvent: {}
[3.286136] (yolov8_msgs) JobEnded: {'identifier': 'yolov8_msgs', 'rc': 0}
[3.343633] (-) TimerEvent: {}
[3.444448] (-) TimerEvent: {}
[3.545370] (-) TimerEvent: {}
[3.646314] (-) TimerEvent: {}
[3.682511] (mr2_realsense) Command: {'cmd': ['/usr/bin/python3', '-W', 'ignore:setup.py install is deprecated', 'setup.py', 'egg_info', '--egg-base', '../../../build/mr2_realsense', 'build', '--build-base', '/home/jsagx-6/itc01_ws/build/mr2_realsense/build', 'install', '--record', '/home/jsagx-6/itc01_ws/build/mr2_realsense/install.log', '--install-scripts', '$base/lib/mr2_realsense', '--single-version-externally-managed', 'install_data'], 'cwd': '/home/jsagx-6/itc01_ws/src/itc01_mr2/mr2_realsense', 'env': {'USER': 'jsagx-6', 'SSH_CLIENT': '192.168.77.215 53580 22', 'LC_TIME': 'km_KH', 'XDG_SESSION_TYPE': 'tty', 'SHLVL': '1', 'LD_LIBRARY_PATH': '/opt/ros/foxy/opt/yaml_cpp_vendor/lib:/opt/ros/foxy/lib/aarch64-linux-gnu:/opt/ros/foxy/lib:/home/jsagx-6/itc01_ws/install/yolov8_msgs/lib', 'MOTD_SHOWN': 'pam', 'HOME': '/home/jsagx-6', 'OLDPWD': '/home/jsagx-6', 'SSH_TTY': '/dev/pts/0', 'JETSON_L4T': '35.5.0', 'ROS_PYTHON_VERSION': '3', 'JETSON_MODEL': 'Jetson-AGX', 'LC_MONETARY': 'km_KH', 'DBUS_SESSION_BUS_ADDRESS': 'unix:path=/run/user/1000/bus', 'COLCON_PREFIX_PATH': '/home/jsagx-6/itc01_ws/install', 'ROS_DISTRO': 'foxy', 'LOGNAME': 'jsagx-6', 'JETSON_MODULE': 'NVIDIA Jetson AGX Xavier (32 GB ram)', 'JETSON_SERIAL_NUMBER': '1561221004404', '_': '/usr/bin/colcon', 'ROS_VERSION': '2', 'JETSON_CODENAME': 'Galen', 'XDG_SESSION_CLASS': 'user', 'TERM': 'xterm-256color', 'XDG_SESSION_ID': '5', 'ROS_LOCALHOST_ONLY': '0', 'PATH': '/opt/ros/foxy/bin:/usr/local/sbin:/usr/local/bin:/usr/sbin:/usr/bin:/sbin:/bin:/usr/games:/usr/local/games:/snap/bin', 'LC_ADDRESS': 'km_KH', 'XDG_RUNTIME_DIR': '/run/user/1000', 'LANG': 'en_US.UTF-8', 'LC_TELEPHONE': 'km_KH', 'JETSON_SOC': 'tegra194', 'AMENT_PREFIX_PATH': '/opt/ros/foxy:/home/jsagx-6/itc01_ws/install/yolov8_msgs:/home/jsagx-6/itc01_ws/install/yolobot_recognition:/home/jsagx-6/itc01_ws/install/mr2_realsense:/home/jsagx-6/itc01_ws/install/buffalo_robot', 'SHELL': '/bin/bash', 'LC_NAME': 'km_KH', 'LC_MEASUREMENT': 'km_KH', 'LC_IDENTIFICATION': 'km_KH', 'JETSON_CUDA_ARCH_BIN': '7.2', 'PWD': '/home/jsagx-6/itc01_ws/build/mr2_realsense', 'LC_ALL': 'en_US.UTF-8', 'SSH_CONNECTION': '192.168.77.215 53580 192.168.77.206 22', 'XDG_DATA_DIRS': '/usr/local/share:/usr/share:/var/lib/snapd/desktop', 'PYTHONPATH': '/home/jsagx-6/itc01_ws/build/mr2_realsense/prefix_override:/home/jsagx-6/itc01_ws/install/mr2_realsense/lib/python3.8/site-packages:/opt/ros/foxy/lib/python3.8/site-packages:/home/jsagx-6/itc01_ws/install/yolov8_msgs/lib/python3.8/site-packages:/home/jsagx-6/itc01_ws/install/mr2_realsense/lib/python3.8/site-packages:/home/jsagx-6/itc01_ws/install/buffalo_robot/lib/python3.8/site-packages', 'LC_NUMERIC': 'km_KH', 'LC_PAPER': 'km_KH', 'COLCON': '1', 'JETSON_JETPACK': '5.1.3', 'CMAKE_PREFIX_PATH': '/opt/ros/foxy:/home/jsagx-6/itc01_ws/install/yolov8_msgs:/home/jsagx-6/itc01_ws/install/yolobot_recognition', 'JETSON_P_NUMBER': 'p2888-0004'}, 'shell': False}
[3.699655] (buffalo_robot) Command: {'cmd': ['/usr/bin/python3', '-W', 'ignore:setup.py install is deprecated', 'setup.py', 'egg_info', '--egg-base', '../../../build/buffalo_robot', 'build', '--build-base', '/home/jsagx-6/itc01_ws/build/buffalo_robot/build', 'install', '--record', '/home/jsagx-6/itc01_ws/build/buffalo_robot/install.log', '--install-scripts', '$base/lib/buffalo_robot', '--single-version-externally-managed', 'install_data'], 'cwd': '/home/jsagx-6/itc01_ws/src/itc01_mr2/buffalo_robot', 'env': {'USER': 'jsagx-6', 'SSH_CLIENT': '192.168.77.215 53580 22', 'LC_TIME': 'km_KH', 'XDG_SESSION_TYPE': 'tty', 'SHLVL': '1', 'LD_LIBRARY_PATH': '/opt/ros/foxy/opt/yaml_cpp_vendor/lib:/opt/ros/foxy/lib/aarch64-linux-gnu:/opt/ros/foxy/lib:/home/jsagx-6/itc01_ws/install/yolov8_msgs/lib', 'MOTD_SHOWN': 'pam', 'HOME': '/home/jsagx-6', 'OLDPWD': '/home/jsagx-6', 'SSH_TTY': '/dev/pts/0', 'JETSON_L4T': '35.5.0', 'ROS_PYTHON_VERSION': '3', 'JETSON_MODEL': 'Jetson-AGX', 'LC_MONETARY': 'km_KH', 'DBUS_SESSION_BUS_ADDRESS': 'unix:path=/run/user/1000/bus', 'COLCON_PREFIX_PATH': '/home/jsagx-6/itc01_ws/install', 'ROS_DISTRO': 'foxy', 'LOGNAME': 'jsagx-6', 'JETSON_MODULE': 'NVIDIA Jetson AGX Xavier (32 GB ram)', 'JETSON_SERIAL_NUMBER': '1561221004404', '_': '/usr/bin/colcon', 'ROS_VERSION': '2', 'JETSON_CODENAME': 'Galen', 'XDG_SESSION_CLASS': 'user', 'TERM': 'xterm-256color', 'XDG_SESSION_ID': '5', 'ROS_LOCALHOST_ONLY': '0', 'PATH': '/opt/ros/foxy/bin:/usr/local/sbin:/usr/local/bin:/usr/sbin:/usr/bin:/sbin:/bin:/usr/games:/usr/local/games:/snap/bin', 'LC_ADDRESS': 'km_KH', 'XDG_RUNTIME_DIR': '/run/user/1000', 'LANG': 'en_US.UTF-8', 'LC_TELEPHONE': 'km_KH', 'JETSON_SOC': 'tegra194', 'AMENT_PREFIX_PATH': '/opt/ros/foxy:/home/jsagx-6/itc01_ws/install/yolov8_msgs:/home/jsagx-6/itc01_ws/install/yolobot_recognition:/home/jsagx-6/itc01_ws/install/mr2_realsense:/home/jsagx-6/itc01_ws/install/buffalo_robot', 'SHELL': '/bin/bash', 'LC_NAME': 'km_KH', 'LC_MEASUREMENT': 'km_KH', 'LC_IDENTIFICATION': 'km_KH', 'JETSON_CUDA_ARCH_BIN': '7.2', 'PWD': '/home/jsagx-6/itc01_ws/build/buffalo_robot', 'LC_ALL': 'en_US.UTF-8', 'SSH_CONNECTION': '192.168.77.215 53580 192.168.77.206 22', 'XDG_DATA_DIRS': '/usr/local/share:/usr/share:/var/lib/snapd/desktop', 'PYTHONPATH': '/home/jsagx-6/itc01_ws/build/buffalo_robot/prefix_override:/home/jsagx-6/itc01_ws/install/buffalo_robot/lib/python3.8/site-packages:/opt/ros/foxy/lib/python3.8/site-packages:/home/jsagx-6/itc01_ws/install/yolov8_msgs/lib/python3.8/site-packages:/home/jsagx-6/itc01_ws/install/mr2_realsense/lib/python3.8/site-packages:/home/jsagx-6/itc01_ws/install/buffalo_robot/lib/python3.8/site-packages', 'LC_NUMERIC': 'km_KH', 'LC_PAPER': 'km_KH', 'COLCON': '1', 'JETSON_JETPACK': '5.1.3', 'CMAKE_PREFIX_PATH': '/opt/ros/foxy:/home/jsagx-6/itc01_ws/install/yolov8_msgs:/home/jsagx-6/itc01_ws/install/yolobot_recognition', 'JETSON_P_NUMBER': 'p2888-0004'}, 'shell': False}
[3.746653] (-) TimerEvent: {}
[3.847874] (-) TimerEvent: {}
[3.948669] (-) TimerEvent: {}
[4.049479] (-) TimerEvent: {}
[4.148866] (buffalo_robot) StderrLine: {'line': b'/home/jsagx-6/.local/lib/python3.8/site-packages/setuptools/dist.py:476: SetuptoolsDeprecationWarning: Invalid dash-separated options\n'}
[4.149553] (-) TimerEvent: {}
[4.150030] (buffalo_robot) StderrLine: {'line': b'!!\n'}
[4.150347] (buffalo_robot) StderrLine: {'line': b'\n'}
[4.150652] (buffalo_robot) StderrLine: {'line': b'        ********************************************************************************\n'}
[4.150919] (buffalo_robot) StderrLine: {'line': b"        Usage of dash-separated 'script-dir' will not be supported in future\n"}
[4.151213] (buffalo_robot) StderrLine: {'line': b"        versions. Please use the underscore name 'script_dir' instead.\n"}
[4.151480] (buffalo_robot) StderrLine: {'line': b'\n'}
[4.151744] (buffalo_robot) StderrLine: {'line': b'        By 2024-Sep-26, you need to update your project and remove deprecated calls\n'}
[4.151983] (buffalo_robot) StderrLine: {'line': b'        or your builds will no longer be supported.\n'}
[4.152223] (buffalo_robot) StderrLine: {'line': b'\n'}
[4.152487] (buffalo_robot) StderrLine: {'line': b'        See https://setuptools.pypa.io/en/latest/userguide/declarative_config.html for details.\n'}
[4.152774] (buffalo_robot) StderrLine: {'line': b'        ********************************************************************************\n'}
[4.153012] (buffalo_robot) StderrLine: {'line': b'\n'}
[4.153238] (buffalo_robot) StderrLine: {'line': b'!!\n'}
[4.153468] (buffalo_robot) StderrLine: {'line': b'  opt = self.warn_dash_deprecation(opt, section)\n'}
[4.164333] (mr2_realsense) StderrLine: {'line': b'/home/jsagx-6/.local/lib/python3.8/site-packages/setuptools/dist.py:476: SetuptoolsDeprecationWarning: Invalid dash-separated options\n'}
[4.164918] (mr2_realsense) StderrLine: {'line': b'!!\n'}
[4.165202] (mr2_realsense) StderrLine: {'line': b'\n'}
[4.165445] (mr2_realsense) StderrLine: {'line': b'        ********************************************************************************\n'}
[4.165686] (mr2_realsense) StderrLine: {'line': b"        Usage of dash-separated 'script-dir' will not be supported in future\n"}
[4.165936] (mr2_realsense) StderrLine: {'line': b"        versions. Please use the underscore name 'script_dir' instead.\n"}
[4.166206] (mr2_realsense) StderrLine: {'line': b'\n'}
[4.166463] (mr2_realsense) StderrLine: {'line': b'        By 2024-Sep-26, you need to update your project and remove deprecated calls\n'}
[4.166790] (mr2_realsense) StderrLine: {'line': b'        or your builds will no longer be supported.\n'}
[4.167047] (mr2_realsense) StderrLine: {'line': b'\n'}
[4.167280] (mr2_realsense) StderrLine: {'line': b'        See https://setuptools.pypa.io/en/latest/userguide/declarative_config.html for details.\n'}
[4.167518] (mr2_realsense) StderrLine: {'line': b'        ********************************************************************************\n'}
[4.167771] (mr2_realsense) StderrLine: {'line': b'\n'}
[4.168050] (mr2_realsense) StderrLine: {'line': b'!!\n'}
[4.168281] (mr2_realsense) StderrLine: {'line': b'  opt = self.warn_dash_deprecation(opt, section)\n'}
[4.249757] (-) TimerEvent: {}
[4.350452] (-) TimerEvent: {}
[4.451234] (-) TimerEvent: {}
[4.523842] (buffalo_robot) StdoutLine: {'line': b'running egg_info\n'}
[4.551399] (-) TimerEvent: {}
[4.574486] (buffalo_robot) StdoutLine: {'line': b'writing ../../../build/buffalo_robot/buffalo_robot.egg-info/PKG-INFO\n'}
[4.577036] (buffalo_robot) StdoutLine: {'line': b'writing dependency_links to ../../../build/buffalo_robot/buffalo_robot.egg-info/dependency_links.txt\n'}
[4.578415] (buffalo_robot) StdoutLine: {'line': b'writing entry points to ../../../build/buffalo_robot/buffalo_robot.egg-info/entry_points.txt\n'}
[4.579288] (buffalo_robot) StdoutLine: {'line': b'writing requirements to ../../../build/buffalo_robot/buffalo_robot.egg-info/requires.txt\n'}
[4.579901] (buffalo_robot) StdoutLine: {'line': b'writing top-level names to ../../../build/buffalo_robot/buffalo_robot.egg-info/top_level.txt\n'}
[4.586255] (mr2_realsense) StdoutLine: {'line': b'running egg_info\n'}
[4.641659] (mr2_realsense) StdoutLine: {'line': b'writing ../../../build/mr2_realsense/mr2_realsense.egg-info/PKG-INFO\n'}
[4.643878] (mr2_realsense) StdoutLine: {'line': b'writing dependency_links to ../../../build/mr2_realsense/mr2_realsense.egg-info/dependency_links.txt\n'}
[4.645059] (mr2_realsense) StdoutLine: {'line': b'writing entry points to ../../../build/mr2_realsense/mr2_realsense.egg-info/entry_points.txt\n'}
[4.645952] (mr2_realsense) StdoutLine: {'line': b'writing requirements to ../../../build/mr2_realsense/mr2_realsense.egg-info/requires.txt\n'}
[4.646529] (mr2_realsense) StdoutLine: {'line': b'writing top-level names to ../../../build/mr2_realsense/mr2_realsense.egg-info/top_level.txt\n'}
[4.651548] (-) TimerEvent: {}
[4.752830] (-) TimerEvent: {}
[4.854205] (-) TimerEvent: {}
[4.955647] (-) TimerEvent: {}
[5.015119] (buffalo_robot) StdoutLine: {'line': b"reading manifest file '../../../build/buffalo_robot/buffalo_robot.egg-info/SOURCES.txt'\n"}
[5.020591] (buffalo_robot) StdoutLine: {'line': b"writing manifest file '../../../build/buffalo_robot/buffalo_robot.egg-info/SOURCES.txt'\n"}
[5.021455] (buffalo_robot) StdoutLine: {'line': b'running build\n'}
[5.021813] (buffalo_robot) StdoutLine: {'line': b'running build_py\n'}
[5.023837] (buffalo_robot) StdoutLine: {'line': b'copying buffalo_robot/mecanum_pidV1.py -> /home/jsagx-6/itc01_ws/build/buffalo_robot/build/lib/buffalo_robot\n'}
[5.024743] (buffalo_robot) StdoutLine: {'line': b'copying buffalo_robot/pid_simulation.py -> /home/jsagx-6/itc01_ws/build/buffalo_robot/build/lib/buffalo_robot\n'}
[5.025342] (buffalo_robot) StdoutLine: {'line': b'copying buffalo_robot/imu.py -> /home/jsagx-6/itc01_ws/build/buffalo_robot/build/lib/buffalo_robot\n'}
[5.025994] (buffalo_robot) StdoutLine: {'line': b'copying buffalo_robot/can_buffaloV1.py -> /home/jsagx-6/itc01_ws/build/buffalo_robot/build/lib/buffalo_robot\n'}
[5.026978] (buffalo_robot) StdoutLine: {'line': b'copying buffalo_robot/mpc_omni.py -> /home/jsagx-6/itc01_ws/build/buffalo_robot/build/lib/buffalo_robot\n'}
[5.028179] (buffalo_robot) StdoutLine: {'line': b'copying buffalo_robot/omni_pidV1.py -> /home/jsagx-6/itc01_ws/build/buffalo_robot/build/lib/buffalo_robot\n'}
[5.028951] (buffalo_robot) StdoutLine: {'line': b'copying buffalo_robot/__init__.py -> /home/jsagx-6/itc01_ws/build/buffalo_robot/build/lib/buffalo_robot\n'}
[5.029485] (buffalo_robot) StdoutLine: {'line': b'copying buffalo_robot/EKF.py -> /home/jsagx-6/itc01_ws/build/buffalo_robot/build/lib/buffalo_robot\n'}
[5.030321] (buffalo_robot) StdoutLine: {'line': b'copying buffalo_robot/ps4_control.py -> /home/jsagx-6/itc01_ws/build/buffalo_robot/build/lib/buffalo_robot\n'}
[5.031209] (buffalo_robot) StdoutLine: {'line': b'copying buffalo_robot/can_control_Motor.py -> /home/jsagx-6/itc01_ws/build/buffalo_robot/build/lib/buffalo_robot\n'}
[5.031857] (buffalo_robot) StdoutLine: {'line': b'copying buffalo_robot/omni_mpcV2.py -> /home/jsagx-6/itc01_ws/build/buffalo_robot/build/lib/buffalo_robot\n'}
[5.032562] (buffalo_robot) StdoutLine: {'line': b'copying buffalo_robot/omni_mpcSimV1.py -> /home/jsagx-6/itc01_ws/build/buffalo_robot/build/lib/buffalo_robot\n'}
[5.033403] (buffalo_robot) StdoutLine: {'line': b'copying buffalo_robot/Omni_PidSim.py -> /home/jsagx-6/itc01_ws/build/buffalo_robot/build/lib/buffalo_robot\n'}
[5.034178] (buffalo_robot) StdoutLine: {'line': b'copying buffalo_robot/can_buffaloV2.py -> /home/jsagx-6/itc01_ws/build/buffalo_robot/build/lib/buffalo_robot\n'}
[5.034905] (buffalo_robot) StdoutLine: {'line': b'copying buffalo_robot/omni_mpcV1.py -> /home/jsagx-6/itc01_ws/build/buffalo_robot/build/lib/buffalo_robot\n'}
[5.036336] (buffalo_robot) StdoutLine: {'line': b'copying buffalo_robot/omni_pidV2.py -> /home/jsagx-6/itc01_ws/build/buffalo_robot/build/lib/buffalo_robot\n'}
[5.036980] (buffalo_robot) StdoutLine: {'line': b'copying buffalo_robot/mecanum_pidV2.py -> /home/jsagx-6/itc01_ws/build/buffalo_robot/build/lib/buffalo_robot\n'}
[5.037684] (buffalo_robot) StdoutLine: {'line': b'copying buffalo_robot/imu_HFI_a9.py -> /home/jsagx-6/itc01_ws/build/buffalo_robot/build/lib/buffalo_robot\n'}
[5.040311] (buffalo_robot) StdoutLine: {'line': b'running install\n'}
[5.055801] (-) TimerEvent: {}
[5.058933] (buffalo_robot) StdoutLine: {'line': b'running install_lib\n'}
[5.119340] (buffalo_robot) StdoutLine: {'line': b'running install_data\n'}
[5.120008] (buffalo_robot) StdoutLine: {'line': b'copying resource/buffalo_robot -> /home/jsagx-6/itc01_ws/install/buffalo_robot/share/ament_index/resource_index/packages\n'}
[5.120465] (buffalo_robot) StdoutLine: {'line': b'copying package.xml -> /home/jsagx-6/itc01_ws/install/buffalo_robot/share/buffalo_robot\n'}
[5.120920] (buffalo_robot) StdoutLine: {'line': b'running install_egg_info\n'}
[5.121933] (mr2_realsense) StdoutLine: {'line': b"reading manifest file '../../../build/mr2_realsense/mr2_realsense.egg-info/SOURCES.txt'\n"}
[5.127305] (mr2_realsense) StdoutLine: {'line': b"writing manifest file '../../../build/mr2_realsense/mr2_realsense.egg-info/SOURCES.txt'\n"}
[5.128043] (mr2_realsense) StdoutLine: {'line': b'running build\n'}
[5.128380] (mr2_realsense) StdoutLine: {'line': b'running build_py\n'}
[5.129954] (mr2_realsense) StdoutLine: {'line': b'copying mr2_realsense/test_opencv_8_pub.py -> /home/jsagx-6/itc01_ws/build/mr2_realsense/build/lib/mr2_realsense\n'}
[5.131275] (mr2_realsense) StdoutLine: {'line': b'copying mr2_realsense/yolov8_webcam.py -> /home/jsagx-6/itc01_ws/build/mr2_realsense/build/lib/mr2_realsense\n'}
[5.132214] (mr2_realsense) StdoutLine: {'line': b'copying mr2_realsense/realsense_pub_image.py -> /home/jsagx-6/itc01_ws/build/mr2_realsense/build/lib/mr2_realsense\n'}
[5.133019] (mr2_realsense) StdoutLine: {'line': b'copying mr2_realsense/__init__.py -> /home/jsagx-6/itc01_ws/build/mr2_realsense/build/lib/mr2_realsense\n'}
[5.133590] (mr2_realsense) StdoutLine: {'line': b'copying mr2_realsense/yolov8_rs03.py -> /home/jsagx-6/itc01_ws/build/mr2_realsense/build/lib/mr2_realsense\n'}
[5.134325] (mr2_realsense) StdoutLine: {'line': b'copying mr2_realsense/yolo_ball_pub02.py -> /home/jsagx-6/itc01_ws/build/mr2_realsense/build/lib/mr2_realsense\n'}
[5.135214] (mr2_realsense) StdoutLine: {'line': b'copying mr2_realsense/yolo_ball_pub.py -> /home/jsagx-6/itc01_ws/build/mr2_realsense/build/lib/mr2_realsense\n'}
[5.136460] (mr2_realsense) StdoutLine: {'line': b'copying mr2_realsense/yolov8_rs.py -> /home/jsagx-6/itc01_ws/build/mr2_realsense/build/lib/mr2_realsense\n'}
[5.139015] (mr2_realsense) StdoutLine: {'line': b'running install\n'}
[5.155956] (-) TimerEvent: {}
[5.157229] (mr2_realsense) StdoutLine: {'line': b'running install_lib\n'}
[5.175895] (buffalo_robot) StdoutLine: {'line': b"removing '/home/jsagx-6/itc01_ws/install/buffalo_robot/lib/python3.8/site-packages/buffalo_robot-0.0.0-py3.8.egg-info' (and everything under it)\n"}
[5.177569] (buffalo_robot) StdoutLine: {'line': b'Copying ../../../build/buffalo_robot/buffalo_robot.egg-info to /home/jsagx-6/itc01_ws/install/buffalo_robot/lib/python3.8/site-packages/buffalo_robot-0.0.0-py3.8.egg-info\n'}
[5.182111] (buffalo_robot) StdoutLine: {'line': b'running install_scripts\n'}
[5.221544] (mr2_realsense) StdoutLine: {'line': b'running install_data\n'}
[5.222233] (mr2_realsense) StdoutLine: {'line': b'copying resource/mr2_realsense -> /home/jsagx-6/itc01_ws/install/mr2_realsense/share/ament_index/resource_index/packages\n'}
[5.222839] (mr2_realsense) StdoutLine: {'line': b'copying package.xml -> /home/jsagx-6/itc01_ws/install/mr2_realsense/share/mr2_realsense\n'}
[5.223511] (mr2_realsense) StdoutLine: {'line': b'running install_egg_info\n'}
[5.256118] (-) TimerEvent: {}
[5.284985] (mr2_realsense) StdoutLine: {'line': b"removing '/home/jsagx-6/itc01_ws/install/mr2_realsense/lib/python3.8/site-packages/mr2_realsense-0.0.0-py3.8.egg-info' (and everything under it)\n"}
[5.286416] (mr2_realsense) StdoutLine: {'line': b'Copying ../../../build/mr2_realsense/mr2_realsense.egg-info to /home/jsagx-6/itc01_ws/install/mr2_realsense/lib/python3.8/site-packages/mr2_realsense-0.0.0-py3.8.egg-info\n'}
[5.290957] (mr2_realsense) StdoutLine: {'line': b'running install_scripts\n'}
[5.309798] (buffalo_robot) StdoutLine: {'line': b'Installing Omni_PidSim script to /home/jsagx-6/itc01_ws/install/buffalo_robot/lib/buffalo_robot\n'}
[5.310709] (buffalo_robot) StdoutLine: {'line': b'Installing Omni_model script to /home/jsagx-6/itc01_ws/install/buffalo_robot/lib/buffalo_robot\n'}
[5.311352] (buffalo_robot) StdoutLine: {'line': b'Installing buffalo_sim script to /home/jsagx-6/itc01_ws/install/buffalo_robot/lib/buffalo_robot\n'}
[5.311914] (buffalo_robot) StdoutLine: {'line': b'Installing buffalov1 script to /home/jsagx-6/itc01_ws/install/buffalo_robot/lib/buffalo_robot\n'}
[5.312387] (buffalo_robot) StdoutLine: {'line': b'Installing buffalov2 script to /home/jsagx-6/itc01_ws/install/buffalo_robot/lib/buffalo_robot\n'}
[5.313015] (buffalo_robot) StdoutLine: {'line': b'Installing can_buffalo script to /home/jsagx-6/itc01_ws/install/buffalo_robot/lib/buffalo_robot\n'}
[5.313542] (buffalo_robot) StdoutLine: {'line': b'Installing can_buffaloV2 script to /home/jsagx-6/itc01_ws/install/buffalo_robot/lib/buffalo_robot\n'}
[5.314076] (buffalo_robot) StdoutLine: {'line': b'Installing can_motor script to /home/jsagx-6/itc01_ws/install/buffalo_robot/lib/buffalo_robot\n'}
[5.314546] (buffalo_robot) StdoutLine: {'line': b'Installing can_rotary script to /home/jsagx-6/itc01_ws/install/buffalo_robot/lib/buffalo_robot\n'}
[5.315165] (buffalo_robot) StdoutLine: {'line': b'Installing imu script to /home/jsagx-6/itc01_ws/install/buffalo_robot/lib/buffalo_robot\n'}
[5.315685] (buffalo_robot) StdoutLine: {'line': b'Installing imu_ha9 script to /home/jsagx-6/itc01_ws/install/buffalo_robot/lib/buffalo_robot\n'}
[5.316192] (buffalo_robot) StdoutLine: {'line': b'Installing mec_teleop script to /home/jsagx-6/itc01_ws/install/buffalo_robot/lib/buffalo_robot\n'}
[5.316726] (buffalo_robot) StdoutLine: {'line': b'Installing omni_mpcsim script to /home/jsagx-6/itc01_ws/install/buffalo_robot/lib/buffalo_robot\n'}
[5.317285] (buffalo_robot) StdoutLine: {'line': b'Installing omni_mpcv1 script to /home/jsagx-6/itc01_ws/install/buffalo_robot/lib/buffalo_robot\n'}
[5.317817] (buffalo_robot) StdoutLine: {'line': b'Installing omni_mpcv2 script to /home/jsagx-6/itc01_ws/install/buffalo_robot/lib/buffalo_robot\n'}
[5.318343] (buffalo_robot) StdoutLine: {'line': b'Installing omni_pidv1 script to /home/jsagx-6/itc01_ws/install/buffalo_robot/lib/buffalo_robot\n'}
[5.319078] (buffalo_robot) StdoutLine: {'line': b'Installing omni_pidv2 script to /home/jsagx-6/itc01_ws/install/buffalo_robot/lib/buffalo_robot\n'}
[5.319604] (buffalo_robot) StdoutLine: {'line': b'Installing ps4 script to /home/jsagx-6/itc01_ws/install/buffalo_robot/lib/buffalo_robot\n'}
[5.320130] (buffalo_robot) StdoutLine: {'line': b'Installing ps4v2 script to /home/jsagx-6/itc01_ws/install/buffalo_robot/lib/buffalo_robot\n'}
[5.322782] (buffalo_robot) StdoutLine: {'line': b"writing list of installed files to '/home/jsagx-6/itc01_ws/build/buffalo_robot/install.log'\n"}
[5.356331] (-) TimerEvent: {}
[5.404638] (buffalo_robot) CommandEnded: {'returncode': 0}
[5.429769] (buffalo_robot) JobEnded: {'identifier': 'buffalo_robot', 'rc': 0}
[5.441020] (mr2_realsense) StdoutLine: {'line': b'Installing realsense_depth script to /home/jsagx-6/itc01_ws/install/mr2_realsense/lib/mr2_realsense\n'}
[5.442051] (mr2_realsense) StdoutLine: {'line': b'Installing realsense_pub script to /home/jsagx-6/itc01_ws/install/mr2_realsense/lib/mr2_realsense\n'}
[5.442888] (mr2_realsense) StdoutLine: {'line': b'Installing realsense_pub02 script to /home/jsagx-6/itc01_ws/install/mr2_realsense/lib/mr2_realsense\n'}
[5.443476] (mr2_realsense) StdoutLine: {'line': b'Installing webcam_pub script to /home/jsagx-6/itc01_ws/install/mr2_realsense/lib/mr2_realsense\n'}
[5.444116] (mr2_realsense) StdoutLine: {'line': b'Installing yolo_ball_pub script to /home/jsagx-6/itc01_ws/install/mr2_realsense/lib/mr2_realsense\n'}
[5.444688] (mr2_realsense) StdoutLine: {'line': b'Installing yolo_ball_pub02 script to /home/jsagx-6/itc01_ws/install/mr2_realsense/lib/mr2_realsense\n'}
[5.445263] (mr2_realsense) StdoutLine: {'line': b'Installing yolo_pub_8 script to /home/jsagx-6/itc01_ws/install/mr2_realsense/lib/mr2_realsense\n'}
[5.445883] (mr2_realsense) StdoutLine: {'line': b'Installing yolov8_rs script to /home/jsagx-6/itc01_ws/install/mr2_realsense/lib/mr2_realsense\n'}
[5.446552] (mr2_realsense) StdoutLine: {'line': b'Installing yolov8_rs03 script to /home/jsagx-6/itc01_ws/install/mr2_realsense/lib/mr2_realsense\n'}
[5.447385] (mr2_realsense) StdoutLine: {'line': b'Installing yolov8_webcam script to /home/jsagx-6/itc01_ws/install/mr2_realsense/lib/mr2_realsense\n'}
[5.449517] (mr2_realsense) StdoutLine: {'line': b"writing list of installed files to '/home/jsagx-6/itc01_ws/build/mr2_realsense/install.log'\n"}
[5.456425] (-) TimerEvent: {}
[5.530926] (mr2_realsense) CommandEnded: {'returncode': 0}
[5.551129] (mr2_realsense) JobEnded: {'identifier': 'mr2_realsense', 'rc': 0}
[5.554240] (-) EventReactorShutdown: {}
