[3.062s] Invoking command in '/home/jsagx-6/itc01_ws/src/itc01_mr2/mr2_realsense': PYTHONPATH=/home/jsagx-6/itc01_ws/build/mr2_realsense/prefix_override:/home/jsagx-6/itc01_ws/install/mr2_realsense/lib/python3.8/site-packages:${PYTHONPATH} /usr/bin/python3 -W ignore:setup.py install is deprecated setup.py egg_info --egg-base ../../../build/mr2_realsense build --build-base /home/jsagx-6/itc01_ws/build/mr2_realsense/build install --record /home/jsagx-6/itc01_ws/build/mr2_realsense/install.log --install-scripts $base/lib/mr2_realsense --single-version-externally-managed install_data
[3.503s] /home/jsagx-6/.local/lib/python3.8/site-packages/setuptools/dist.py:476: SetuptoolsDeprecationWarning: Invalid dash-separated options
[3.503s] !!
[3.503s] 
[3.504s]         ********************************************************************************
[3.504s]         Usage of dash-separated 'script-dir' will not be supported in future
[3.504s]         versions. Please use the underscore name 'script_dir' instead.
[3.504s] 
[3.504s]         By 2024-Sep-26, you need to update your project and remove deprecated calls
[3.505s]         or your builds will no longer be supported.
[3.505s] 
[3.505s]         See https://setuptools.pypa.io/en/latest/userguide/declarative_config.html for details.
[3.505s]         ********************************************************************************
[3.506s] 
[3.506s] !!
[3.506s]   opt = self.warn_dash_deprecation(opt, section)
[3.901s] running egg_info
[3.955s] writing ../../../build/mr2_realsense/mr2_realsense.egg-info/PKG-INFO
[3.957s] writing dependency_links to ../../../build/mr2_realsense/mr2_realsense.egg-info/dependency_links.txt
[3.958s] writing entry points to ../../../build/mr2_realsense/mr2_realsense.egg-info/entry_points.txt
[3.958s] writing requirements to ../../../build/mr2_realsense/mr2_realsense.egg-info/requires.txt
[3.959s] writing top-level names to ../../../build/mr2_realsense/mr2_realsense.egg-info/top_level.txt
[4.424s] reading manifest file '../../../build/mr2_realsense/mr2_realsense.egg-info/SOURCES.txt'
[4.428s] writing manifest file '../../../build/mr2_realsense/mr2_realsense.egg-info/SOURCES.txt'
[4.429s] running build
[4.429s] running build_py
[4.430s] copying mr2_realsense/test_opencv_8_pub.py -> /home/jsagx-6/itc01_ws/build/mr2_realsense/build/lib/mr2_realsense
[4.431s] copying mr2_realsense/realsense_pub_image.py -> /home/jsagx-6/itc01_ws/build/mr2_realsense/build/lib/mr2_realsense
[4.432s] copying mr2_realsense/__init__.py -> /home/jsagx-6/itc01_ws/build/mr2_realsense/build/lib/mr2_realsense
[4.432s] copying mr2_realsense/yolo_ball_pub02.py -> /home/jsagx-6/itc01_ws/build/mr2_realsense/build/lib/mr2_realsense
[4.433s] copying mr2_realsense/yolo_ball_pub.py -> /home/jsagx-6/itc01_ws/build/mr2_realsense/build/lib/mr2_realsense
[4.435s] running install
[4.453s] running install_lib
[4.514s] running install_data
[4.515s] copying resource/mr2_realsense -> /home/jsagx-6/itc01_ws/install/mr2_realsense/share/ament_index/resource_index/packages
[4.515s] copying package.xml -> /home/jsagx-6/itc01_ws/install/mr2_realsense/share/mr2_realsense
[4.516s] running install_egg_info
[4.575s] removing '/home/jsagx-6/itc01_ws/install/mr2_realsense/lib/python3.8/site-packages/mr2_realsense-0.0.0-py3.8.egg-info' (and everything under it)
[4.576s] Copying ../../../build/mr2_realsense/mr2_realsense.egg-info to /home/jsagx-6/itc01_ws/install/mr2_realsense/lib/python3.8/site-packages/mr2_realsense-0.0.0-py3.8.egg-info
[4.580s] running install_scripts
[4.717s] Installing realsense_depth script to /home/jsagx-6/itc01_ws/install/mr2_realsense/lib/mr2_realsense
[4.718s] Installing realsense_pub script to /home/jsagx-6/itc01_ws/install/mr2_realsense/lib/mr2_realsense
[4.718s] Installing realsense_pub02 script to /home/jsagx-6/itc01_ws/install/mr2_realsense/lib/mr2_realsense
[4.719s] Installing webcam_pub script to /home/jsagx-6/itc01_ws/install/mr2_realsense/lib/mr2_realsense
[4.719s] Installing yolo_ball_pub script to /home/jsagx-6/itc01_ws/install/mr2_realsense/lib/mr2_realsense
[4.720s] Installing yolo_ball_pub02 script to /home/jsagx-6/itc01_ws/install/mr2_realsense/lib/mr2_realsense
[4.720s] Installing yolo_pub_8 script to /home/jsagx-6/itc01_ws/install/mr2_realsense/lib/mr2_realsense
[4.722s] writing list of installed files to '/home/jsagx-6/itc01_ws/build/mr2_realsense/install.log'
[4.802s] Invoked command in '/home/jsagx-6/itc01_ws/src/itc01_mr2/mr2_realsense' returned '0': PYTHONPATH=/home/jsagx-6/itc01_ws/build/mr2_realsense/prefix_override:/home/jsagx-6/itc01_ws/install/mr2_realsense/lib/python3.8/site-packages:${PYTHONPATH} /usr/bin/python3 -W ignore:setup.py install is deprecated setup.py egg_info --egg-base ../../../build/mr2_realsense build --build-base /home/jsagx-6/itc01_ws/build/mr2_realsense/build install --record /home/jsagx-6/itc01_ws/build/mr2_realsense/install.log --install-scripts $base/lib/mr2_realsense --single-version-externally-managed install_data
