[2.902s] Invoking command in '/home/jsagx-6/itc01_ws/src/itc01_mr2/buffalo_robot': PYTHONPATH=/home/jsagx-6/itc01_ws/build/buffalo_robot/prefix_override:/home/jsagx-6/itc01_ws/install/buffalo_robot/lib/python3.8/site-packages:${PYTHONPATH} /usr/bin/python3 -W ignore:setup.py install is deprecated setup.py egg_info --egg-base ../../../build/buffalo_robot build --build-base /home/jsagx-6/itc01_ws/build/buffalo_robot/build install --record /home/jsagx-6/itc01_ws/build/buffalo_robot/install.log --install-scripts $base/lib/buffalo_robot --single-version-externally-managed install_data
[3.419s] /home/jsagx-6/.local/lib/python3.8/site-packages/setuptools/dist.py:476: SetuptoolsDeprecationWarning: Invalid dash-separated options
[3.420s] !!
[3.420s] 
[3.421s]         ********************************************************************************
[3.421s]         Usage of dash-separated 'script-dir' will not be supported in future
[3.422s]         versions. Please use the underscore name 'script_dir' instead.
[3.422s] 
[3.422s]         By 2024-Sep-26, you need to update your project and remove deprecated calls
[3.423s]         or your builds will no longer be supported.
[3.423s] 
[3.423s]         See https://setuptools.pypa.io/en/latest/userguide/declarative_config.html for details.
[3.424s]         ********************************************************************************
[3.424s] 
[3.424s] !!
[3.425s]   opt = self.warn_dash_deprecation(opt, section)
[3.841s] running egg_info
[3.897s] writing ../../../build/buffalo_robot/buffalo_robot.egg-info/PKG-INFO
[3.899s] writing dependency_links to ../../../build/buffalo_robot/buffalo_robot.egg-info/dependency_links.txt
[3.900s] writing entry points to ../../../build/buffalo_robot/buffalo_robot.egg-info/entry_points.txt
[3.901s] writing requirements to ../../../build/buffalo_robot/buffalo_robot.egg-info/requires.txt
[3.902s] writing top-level names to ../../../build/buffalo_robot/buffalo_robot.egg-info/top_level.txt
[4.364s] reading manifest file '../../../build/buffalo_robot/buffalo_robot.egg-info/SOURCES.txt'
[4.370s] writing manifest file '../../../build/buffalo_robot/buffalo_robot.egg-info/SOURCES.txt'
[4.370s] running build
[4.371s] running build_py
[4.372s] copying buffalo_robot/omni_buffalo.py -> /home/jsagx-6/itc01_ws/build/buffalo_robot/build/lib/buffalo_robot
[4.373s] copying buffalo_robot/mecanum_pidV1.py -> /home/jsagx-6/itc01_ws/build/buffalo_robot/build/lib/buffalo_robot
[4.374s] copying buffalo_robot/pid_simulation.py -> /home/jsagx-6/itc01_ws/build/buffalo_robot/build/lib/buffalo_robot
[4.375s] copying buffalo_robot/imu.py -> /home/jsagx-6/itc01_ws/build/buffalo_robot/build/lib/buffalo_robot
[4.375s] copying buffalo_robot/can_buffaloV1.py -> /home/jsagx-6/itc01_ws/build/buffalo_robot/build/lib/buffalo_robot
[4.376s] copying buffalo_robot/mpc_omni.py -> /home/jsagx-6/itc01_ws/build/buffalo_robot/build/lib/buffalo_robot
[4.378s] copying buffalo_robot/omni_pidV1.py -> /home/jsagx-6/itc01_ws/build/buffalo_robot/build/lib/buffalo_robot
[4.378s] copying buffalo_robot/__init__.py -> /home/jsagx-6/itc01_ws/build/buffalo_robot/build/lib/buffalo_robot
[4.379s] copying buffalo_robot/EKF.py -> /home/jsagx-6/itc01_ws/build/buffalo_robot/build/lib/buffalo_robot
[4.380s] copying buffalo_robot/ps4_control.py -> /home/jsagx-6/itc01_ws/build/buffalo_robot/build/lib/buffalo_robot
[4.381s] copying buffalo_robot/can_control_Motor.py -> /home/jsagx-6/itc01_ws/build/buffalo_robot/build/lib/buffalo_robot
[4.382s] copying buffalo_robot/omni_mpcV2.py -> /home/jsagx-6/itc01_ws/build/buffalo_robot/build/lib/buffalo_robot
[4.382s] copying buffalo_robot/omni_mpcSimV1.py -> /home/jsagx-6/itc01_ws/build/buffalo_robot/build/lib/buffalo_robot
[4.383s] copying buffalo_robot/Omni_PidSim.py -> /home/jsagx-6/itc01_ws/build/buffalo_robot/build/lib/buffalo_robot
[4.384s] copying buffalo_robot/can_buffaloV2.py -> /home/jsagx-6/itc01_ws/build/buffalo_robot/build/lib/buffalo_robot
[4.385s] copying buffalo_robot/omni_mpcV1.py -> /home/jsagx-6/itc01_ws/build/buffalo_robot/build/lib/buffalo_robot
[4.386s] copying buffalo_robot/bezier_path.py -> /home/jsagx-6/itc01_ws/build/buffalo_robot/build/lib/buffalo_robot
[4.387s] copying buffalo_robot/omni_pidV2.py -> /home/jsagx-6/itc01_ws/build/buffalo_robot/build/lib/buffalo_robot
[4.388s] copying buffalo_robot/mecanum_pidV2.py -> /home/jsagx-6/itc01_ws/build/buffalo_robot/build/lib/buffalo_robot
[4.388s] copying buffalo_robot/imu_HFI_a9.py -> /home/jsagx-6/itc01_ws/build/buffalo_robot/build/lib/buffalo_robot
[4.391s] running install
[4.410s] running install_lib
[4.476s] copying /home/jsagx-6/itc01_ws/build/buffalo_robot/build/lib/buffalo_robot/can_buffaloV2.py -> /home/jsagx-6/itc01_ws/install/buffalo_robot/lib/python3.8/site-packages/buffalo_robot
[4.477s] copying /home/jsagx-6/itc01_ws/build/buffalo_robot/build/lib/buffalo_robot/omni_pidV2.py -> /home/jsagx-6/itc01_ws/install/buffalo_robot/lib/python3.8/site-packages/buffalo_robot
[4.482s] byte-compiling /home/jsagx-6/itc01_ws/install/buffalo_robot/lib/python3.8/site-packages/buffalo_robot/can_buffaloV2.py to can_buffaloV2.cpython-38.pyc
[4.491s] byte-compiling /home/jsagx-6/itc01_ws/install/buffalo_robot/lib/python3.8/site-packages/buffalo_robot/omni_pidV2.py to omni_pidV2.cpython-38.pyc
[4.498s] running install_data
[4.499s] copying resource/buffalo_robot -> /home/jsagx-6/itc01_ws/install/buffalo_robot/share/ament_index/resource_index/packages
[4.499s] copying package.xml -> /home/jsagx-6/itc01_ws/install/buffalo_robot/share/buffalo_robot
[4.500s] copying launch/omni_pid.launch.py -> /home/jsagx-6/itc01_ws/install/buffalo_robot/share/buffalo_robot/launch
[4.501s] copying launch/omni_mpc.launch.py -> /home/jsagx-6/itc01_ws/install/buffalo_robot/share/buffalo_robot/launch
[4.501s] running install_egg_info
[4.565s] removing '/home/jsagx-6/itc01_ws/install/buffalo_robot/lib/python3.8/site-packages/buffalo_robot-0.0.0-py3.8.egg-info' (and everything under it)
[4.567s] Copying ../../../build/buffalo_robot/buffalo_robot.egg-info to /home/jsagx-6/itc01_ws/install/buffalo_robot/lib/python3.8/site-packages/buffalo_robot-0.0.0-py3.8.egg-info
[4.571s] running install_scripts
[4.718s] Installing Omni_PidSim script to /home/jsagx-6/itc01_ws/install/buffalo_robot/lib/buffalo_robot
[4.719s] Installing Omni_model script to /home/jsagx-6/itc01_ws/install/buffalo_robot/lib/buffalo_robot
[4.720s] Installing buffalo_sim script to /home/jsagx-6/itc01_ws/install/buffalo_robot/lib/buffalo_robot
[4.720s] Installing buffalov1 script to /home/jsagx-6/itc01_ws/install/buffalo_robot/lib/buffalo_robot
[4.721s] Installing buffalov2 script to /home/jsagx-6/itc01_ws/install/buffalo_robot/lib/buffalo_robot
[4.722s] Installing can_buffalo script to /home/jsagx-6/itc01_ws/install/buffalo_robot/lib/buffalo_robot
[4.722s] Installing can_buffaloV2 script to /home/jsagx-6/itc01_ws/install/buffalo_robot/lib/buffalo_robot
[4.723s] Installing can_motor script to /home/jsagx-6/itc01_ws/install/buffalo_robot/lib/buffalo_robot
[4.724s] Installing can_rotary script to /home/jsagx-6/itc01_ws/install/buffalo_robot/lib/buffalo_robot
[4.724s] Installing imu script to /home/jsagx-6/itc01_ws/install/buffalo_robot/lib/buffalo_robot
[4.725s] Installing imu_ha9 script to /home/jsagx-6/itc01_ws/install/buffalo_robot/lib/buffalo_robot
[4.725s] Installing mec_teleop script to /home/jsagx-6/itc01_ws/install/buffalo_robot/lib/buffalo_robot
[4.726s] Installing omni_mpcsim script to /home/jsagx-6/itc01_ws/install/buffalo_robot/lib/buffalo_robot
[4.727s] Installing omni_mpcv1 script to /home/jsagx-6/itc01_ws/install/buffalo_robot/lib/buffalo_robot
[4.727s] Installing omni_mpcv2 script to /home/jsagx-6/itc01_ws/install/buffalo_robot/lib/buffalo_robot
[4.728s] Installing omni_pidv1 script to /home/jsagx-6/itc01_ws/install/buffalo_robot/lib/buffalo_robot
[4.728s] Installing omni_pidv2 script to /home/jsagx-6/itc01_ws/install/buffalo_robot/lib/buffalo_robot
[4.729s] Installing ps4 script to /home/jsagx-6/itc01_ws/install/buffalo_robot/lib/buffalo_robot
[4.730s] Installing ps4v2 script to /home/jsagx-6/itc01_ws/install/buffalo_robot/lib/buffalo_robot
[4.733s] writing list of installed files to '/home/jsagx-6/itc01_ws/build/buffalo_robot/install.log'
[4.828s] Invoked command in '/home/jsagx-6/itc01_ws/src/itc01_mr2/buffalo_robot' returned '0': PYTHONPATH=/home/jsagx-6/itc01_ws/build/buffalo_robot/prefix_override:/home/jsagx-6/itc01_ws/install/buffalo_robot/lib/python3.8/site-packages:${PYTHONPATH} /usr/bin/python3 -W ignore:setup.py install is deprecated setup.py egg_info --egg-base ../../../build/buffalo_robot build --build-base /home/jsagx-6/itc01_ws/build/buffalo_robot/build install --record /home/jsagx-6/itc01_ws/build/buffalo_robot/install.log --install-scripts $base/lib/buffalo_robot --single-version-externally-managed install_data
